targetFitness = 1536 
params : Main.GeneticAlgorithms.Types.GAParams(136, 1000000, 40, 150, 0.7, 0.01, true, IOStream(<file ../Results/logadd.log>), 0.0, 1536.0, 0, 0) 
** Tour n. 1 at 2019-09-02T12:25:35.87 
** Tour n. 2 at 2019-09-02T12:25:39.444 
** Tour n. 3 at 2019-09-02T12:25:40.702 
** Tour n. 4 at 2019-09-02T12:25:41.952 
    2019-09-02T12:25:43.135 , Tour : 5, BEST: 1527 , bonus = 0.0 
** Tour n. 5 at 2019-09-02T12:25:43.135 
** Tour n. 6 at 2019-09-02T12:25:44.366 
** Tour n. 7 at 2019-09-02T12:25:45.697 
    2019-09-02T12:25:47.43 , Iteration : 5, BEST: 1528 , bonus = 0.0 
** Tour n. 8 at 2019-09-02T12:25:47.792 
** Tour n. 9 at 2019-09-02T12:25:48.775 
    2019-09-02T12:25:49.766 , Tour : 10, BEST: 1528 , bonus = 0.0 
** Tour n. 10 at 2019-09-02T12:25:49.766 
** Tour n. 11 at 2019-09-02T12:25:50.827 
** Tour n. 12 at 2019-09-02T12:25:51.849 
** Tour n. 13 at 2019-09-02T12:25:52.839 
** Tour n. 14 at 2019-09-02T12:25:53.882 
    2019-09-02T12:25:55.035 , Tour : 15, BEST: 1528 , bonus = 0.0 
** Tour n. 15 at 2019-09-02T12:25:55.034 
** Tour n. 16 at 2019-09-02T12:25:56.17 
** Tour n. 17 at 2019-09-02T12:25:57.124 
** Tour n. 18 at 2019-09-02T12:25:58.099 
** Tour n. 19 at 2019-09-02T12:25:59.103 
    2019-09-02T12:26:00.122 , Tour : 20, BEST: 1528 , bonus = 0.0 
** Tour n. 20 at 2019-09-02T12:26:00.122 
** Tour n. 21 at 2019-09-02T12:26:01.14 
** Tour n. 22 at 2019-09-02T12:26:02.092 
** Tour n. 23 at 2019-09-02T12:26:03.063 
** Tour n. 24 at 2019-09-02T12:26:04.08 
    2019-09-02T12:26:05.027 , Tour : 25, BEST: 1528 , bonus = 0.0 
** Tour n. 25 at 2019-09-02T12:26:05.027 
** Tour n. 26 at 2019-09-02T12:26:05.972 
** Tour n. 27 at 2019-09-02T12:26:06.949 
** Tour n. 28 at 2019-09-02T12:26:07.979 
** Tour n. 29 at 2019-09-02T12:26:08.891 
    2019-09-02T12:26:09.815 , Tour : 30, BEST: 1528 , bonus = 0.0 
** Tour n. 30 at 2019-09-02T12:26:09.815 
** Tour n. 31 at 2019-09-02T12:26:10.787 
** Tour n. 32 at 2019-09-02T12:26:11.766 
** Tour n. 33 at 2019-09-02T12:26:12.795 
** Tour n. 34 at 2019-09-02T12:26:13.871 
    2019-09-02T12:26:14.792 , Tour : 35, BEST: 1528 , bonus = 0.0 
** Tour n. 35 at 2019-09-02T12:26:14.792 
** Tour n. 36 at 2019-09-02T12:26:15.738 
** Tour n. 37 at 2019-09-02T12:26:16.826 
** Tour n. 38 at 2019-09-02T12:26:17.898 
** Tour n. 39 at 2019-09-02T12:26:19.062 
    2019-09-02T12:26:20.187 , Tour : 40, BEST: 1528 , bonus = 0.0 
fitness : 1528 
 code : ,,+++.>,,--[>,[.]<<+>][...>>,+,<.++<<>,> 
 7 + 13 ->  16 
 11 + 0 ->  3 
 5 + 13 ->  16 
** Tour n. 40 at 2019-09-02T12:26:20.187 
** Tour n. 41 at 2019-09-02T12:26:21.291 
** Tour n. 42 at 2019-09-02T12:26:22.22 
** Tour n. 43 at 2019-09-02T12:26:23.132 
** Tour n. 44 at 2019-09-02T12:26:24.106 
    2019-09-02T12:26:25.018 , Tour : 45, BEST: 1528 , bonus = 0.0 
** Tour n. 45 at 2019-09-02T12:26:25.018 
** Tour n. 46 at 2019-09-02T12:26:26.092 
** Tour n. 47 at 2019-09-02T12:26:27.024 
** Tour n. 48 at 2019-09-02T12:26:28.01 
** Tour n. 49 at 2019-09-02T12:26:29.033 
    2019-09-02T12:26:29.962 , Tour : 50, BEST: 1528 , bonus = 0.0 
** Tour n. 50 at 2019-09-02T12:26:29.962 
** Tour n. 51 at 2019-09-02T12:26:30.896 
** Tour n. 52 at 2019-09-02T12:26:31.926 
** Tour n. 53 at 2019-09-02T12:26:32.939 
** Tour n. 54 at 2019-09-02T12:26:33.851 
    2019-09-02T12:26:35.067 , Tour : 55, BEST: 1528 , bonus = 0.0 
** Tour n. 55 at 2019-09-02T12:26:35.067 
** Tour n. 56 at 2019-09-02T12:26:36.155 
** Tour n. 57 at 2019-09-02T12:26:37.055 
** Tour n. 58 at 2019-09-02T12:26:38.036 
** Tour n. 59 at 2019-09-02T12:26:39.028 
    2019-09-02T12:26:40.169 , Tour : 60, BEST: 1528 , bonus = 0.0 
** Tour n. 60 at 2019-09-02T12:26:40.169 
** Tour n. 61 at 2019-09-02T12:26:41.221 
** Tour n. 62 at 2019-09-02T12:26:42.284 
** Tour n. 63 at 2019-09-02T12:26:43.182 
** Tour n. 64 at 2019-09-02T12:26:44.105 
    2019-09-02T12:26:45.073 , Tour : 65, BEST: 1528 , bonus = 0.0 
** Tour n. 65 at 2019-09-02T12:26:45.073 
** Tour n. 66 at 2019-09-02T12:26:46.017 
** Tour n. 67 at 2019-09-02T12:26:47.034 
** Tour n. 68 at 2019-09-02T12:26:48.029 
** Tour n. 69 at 2019-09-02T12:26:48.955 
    2019-09-02T12:26:49.872 , Tour : 70, BEST: 1528 , bonus = 0.0 
** Tour n. 70 at 2019-09-02T12:26:49.872 
** Tour n. 71 at 2019-09-02T12:26:50.797 
** Tour n. 72 at 2019-09-02T12:26:51.815 
** Tour n. 73 at 2019-09-02T12:26:52.91 
** Tour n. 74 at 2019-09-02T12:26:53.88 
    2019-09-02T12:26:54.821 , Tour : 75, BEST: 1528 , bonus = 0.0 
** Tour n. 75 at 2019-09-02T12:26:54.821 
** Tour n. 76 at 2019-09-02T12:26:55.725 
** Tour n. 77 at 2019-09-02T12:26:56.725 
** Tour n. 78 at 2019-09-02T12:26:57.67 
** Tour n. 79 at 2019-09-02T12:26:58.69 
    2019-09-02T12:26:59.815 , Tour : 80, BEST: 1528 , bonus = 0.0 
fitness : 1528 
 code : ,,+++.>,,--[>,[.]<<+>][...>>,+,<.++<<>,> 
 7 + 7 ->  10 
 0 + 10 ->  13 
 10 + 3 ->  6 
** Tour n. 80 at 2019-09-02T12:26:59.815 
** Tour n. 81 at 2019-09-02T12:27:00.748 
** Tour n. 82 at 2019-09-02T12:27:01.825 
** Tour n. 83 at 2019-09-02T12:27:02.851 
** Tour n. 84 at 2019-09-02T12:27:03.832 
    2019-09-02T12:27:04.707 , Tour : 85, BEST: 1528 , bonus = 0.0 
** Tour n. 85 at 2019-09-02T12:27:04.707 
** Tour n. 86 at 2019-09-02T12:27:05.712 
** Tour n. 87 at 2019-09-02T12:27:06.691 
** Tour n. 88 at 2019-09-02T12:27:07.679 
** Tour n. 89 at 2019-09-02T12:27:08.926 
    2019-09-02T12:27:09.912 , Tour : 90, BEST: 1528 , bonus = 0.0 
** Tour n. 90 at 2019-09-02T12:27:09.912 
** Tour n. 91 at 2019-09-02T12:27:10.901 
** Tour n. 92 at 2019-09-02T12:27:11.789 
** Tour n. 93 at 2019-09-02T12:27:12.764 
** Tour n. 94 at 2019-09-02T12:27:13.917 
    2019-09-02T12:27:14.979 , Tour : 95, BEST: 1528 , bonus = 0.0 
** Tour n. 95 at 2019-09-02T12:27:14.979 
** Tour n. 96 at 2019-09-02T12:27:16.071 
** Tour n. 97 at 2019-09-02T12:27:16.965 
** Tour n. 98 at 2019-09-02T12:27:18.101 
** Tour n. 99 at 2019-09-02T12:27:19.278 
    2019-09-02T12:27:20.274 , Tour : 100, BEST: 1528 , bonus = 0.0 
** Tour n. 100 at 2019-09-02T12:27:20.274 
** Tour n. 101 at 2019-09-02T12:27:21.37 
** Tour n. 102 at 2019-09-02T12:27:22.506 
** Tour n. 103 at 2019-09-02T12:27:23.465 
** Tour n. 104 at 2019-09-02T12:27:24.399 
    2019-09-02T12:27:25.36 , Tour : 105, BEST: 1528 , bonus = 0.0 
** Tour n. 105 at 2019-09-02T12:27:25.36 
** Tour n. 106 at 2019-09-02T12:27:26.458 
** Tour n. 107 at 2019-09-02T12:27:27.494 
** Tour n. 108 at 2019-09-02T12:27:28.461 
** Tour n. 109 at 2019-09-02T12:27:29.496 
    2019-09-02T12:27:30.569 , Tour : 110, BEST: 1528 , bonus = 0.0 
** Tour n. 110 at 2019-09-02T12:27:30.569 
** Tour n. 111 at 2019-09-02T12:27:31.471 
** Tour n. 112 at 2019-09-02T12:27:32.448 
** Tour n. 113 at 2019-09-02T12:27:33.525 
** Tour n. 114 at 2019-09-02T12:27:34.544 
    2019-09-02T12:27:35.472 , Tour : 115, BEST: 1528 , bonus = 0.0 
** Tour n. 115 at 2019-09-02T12:27:35.472 
** Tour n. 116 at 2019-09-02T12:27:36.441 
** Tour n. 117 at 2019-09-02T12:27:37.437 
** Tour n. 118 at 2019-09-02T12:27:38.424 
** Tour n. 119 at 2019-09-02T12:27:39.478 
    2019-09-02T12:27:40.58 , Tour : 120, BEST: 1528 , bonus = 0.0 
fitness : 1528 
 code : ,,+++.>,,--[>,[.]<<+>][...>>,+,<.++<<>,> 
 9 + 4 ->  7 
 3 + 12 ->  15 
 1 + 3 ->  6 
** Tour n. 120 at 2019-09-02T12:27:40.58 
** Tour n. 121 at 2019-09-02T12:27:41.56 
** Tour n. 122 at 2019-09-02T12:27:42.61 
** Tour n. 123 at 2019-09-02T12:27:43.496 
** Tour n. 124 at 2019-09-02T12:27:44.73 
    2019-09-02T12:27:45.718 , Tour : 125, BEST: 1528 , bonus = 0.0 
** Tour n. 125 at 2019-09-02T12:27:45.718 
** Tour n. 126 at 2019-09-02T12:27:46.61 
** Tour n. 127 at 2019-09-02T12:27:47.567 
** Tour n. 128 at 2019-09-02T12:27:48.625 
** Tour n. 129 at 2019-09-02T12:27:49.85 
    2019-09-02T12:27:50.792 , Tour : 130, BEST: 1528 , bonus = 0.0 
** Tour n. 130 at 2019-09-02T12:27:50.792 
** Tour n. 131 at 2019-09-02T12:27:51.667 
** Tour n. 132 at 2019-09-02T12:27:52.814 
** Tour n. 133 at 2019-09-02T12:27:53.827 
** Tour n. 134 at 2019-09-02T12:27:54.731 
    2019-09-02T12:27:55.809 , Tour : 135, BEST: 1528 , bonus = 0.0 
** Tour n. 135 at 2019-09-02T12:27:55.809 
** Tour n. 136 at 2019-09-02T12:27:56.724 
** Tour n. 137 at 2019-09-02T12:27:57.659 
** Tour n. 138 at 2019-09-02T12:27:58.623 
** Tour n. 139 at 2019-09-02T12:27:59.697 
    2019-09-02T12:28:00.584 , Tour : 140, BEST: 1528 , bonus = 0.0 
** Tour n. 140 at 2019-09-02T12:28:00.584 
** Tour n. 141 at 2019-09-02T12:28:01.685 
** Tour n. 142 at 2019-09-02T12:28:02.644 
** Tour n. 143 at 2019-09-02T12:28:03.539 
** Tour n. 144 at 2019-09-02T12:28:04.575 
    2019-09-02T12:28:05.695 , Tour : 145, BEST: 1528 , bonus = 0.0 
** Tour n. 145 at 2019-09-02T12:28:05.695 
** Tour n. 146 at 2019-09-02T12:28:06.676 
** Tour n. 147 at 2019-09-02T12:28:07.614 
** Tour n. 148 at 2019-09-02T12:28:08.6 
** Tour n. 149 at 2019-09-02T12:28:09.568 
    2019-09-02T12:28:10.515 , Tour : 150, BEST: 1528 , bonus = 0.0 
** Tour n. 150 at 2019-09-02T12:28:10.515 
** Tour n. 151 at 2019-09-02T12:28:11.504 
** Tour n. 152 at 2019-09-02T12:28:12.556 
** Tour n. 153 at 2019-09-02T12:28:13.449 
** Tour n. 154 at 2019-09-02T12:28:14.399 
    2019-09-02T12:28:15.363 , Tour : 155, BEST: 1528 , bonus = 0.0 
** Tour n. 155 at 2019-09-02T12:28:15.363 
** Tour n. 156 at 2019-09-02T12:28:16.342 
** Tour n. 157 at 2019-09-02T12:28:17.242 
** Tour n. 158 at 2019-09-02T12:28:18.226 
** Tour n. 159 at 2019-09-02T12:28:19.192 
    2019-09-02T12:28:20.126 , Tour : 160, BEST: 1528 , bonus = 0.0 
fitness : 1528 
 code : ,,+++.>,,--[>,[.]<<+>][...>>,+,<.++<<>,> 
 9 + 13 ->  16 
 13 + 10 ->  13 
 11 + 5 ->  8 
** Tour n. 160 at 2019-09-02T12:28:20.126 
** Tour n. 161 at 2019-09-02T12:28:20.968 
** Tour n. 162 at 2019-09-02T12:28:21.899 
** Tour n. 163 at 2019-09-02T12:28:22.888 
** Tour n. 164 at 2019-09-02T12:28:23.881 
    2019-09-02T12:28:24.776 , Tour : 165, BEST: 1528 , bonus = 0.0 
** Tour n. 165 at 2019-09-02T12:28:24.776 
** Tour n. 166 at 2019-09-02T12:28:25.697 
** Tour n. 167 at 2019-09-02T12:28:26.645 
** Tour n. 168 at 2019-09-02T12:28:27.601 
** Tour n. 169 at 2019-09-02T12:28:28.597 
    2019-09-02T12:28:29.513 , Tour : 170, BEST: 1528 , bonus = 0.0 
** Tour n. 170 at 2019-09-02T12:28:29.513 
** Tour n. 171 at 2019-09-02T12:28:30.503 
** Tour n. 172 at 2019-09-02T12:28:31.487 
** Tour n. 173 at 2019-09-02T12:28:32.537 
** Tour n. 174 at 2019-09-02T12:28:33.57 
    2019-09-02T12:28:34.444 , Tour : 175, BEST: 1528 , bonus = 0.0 
** Tour n. 175 at 2019-09-02T12:28:34.444 
** Tour n. 176 at 2019-09-02T12:28:35.567 
** Tour n. 177 at 2019-09-02T12:28:36.521 
** Tour n. 178 at 2019-09-02T12:28:37.541 
** Tour n. 179 at 2019-09-02T12:28:38.668 
    2019-09-02T12:28:39.717 , Tour : 180, BEST: 1528 , bonus = 0.0 
** Tour n. 180 at 2019-09-02T12:28:39.717 
** Tour n. 181 at 2019-09-02T12:28:40.786 
** Tour n. 182 at 2019-09-02T12:28:41.985 
** Tour n. 183 at 2019-09-02T12:28:42.927 
** Tour n. 184 at 2019-09-02T12:28:44.061 
    2019-09-02T12:28:45.129 , Tour : 185, BEST: 1528 , bonus = 0.0 
** Tour n. 185 at 2019-09-02T12:28:45.129 
** Tour n. 186 at 2019-09-02T12:28:46.148 
** Tour n. 187 at 2019-09-02T12:28:47.135 
** Tour n. 188 at 2019-09-02T12:28:48.028 
** Tour n. 189 at 2019-09-02T12:28:49.03 
    2019-09-02T12:28:50.159 , Tour : 190, BEST: 1528 , bonus = 0.0 
** Tour n. 190 at 2019-09-02T12:28:50.159 
** Tour n. 191 at 2019-09-02T12:28:51.075 
** Tour n. 192 at 2019-09-02T12:28:52.07 
** Tour n. 193 at 2019-09-02T12:28:53.25 
** Tour n. 194 at 2019-09-02T12:28:54.408 
    2019-09-02T12:28:55.306 , Tour : 195, BEST: 1528 , bonus = 0.0 
** Tour n. 195 at 2019-09-02T12:28:55.306 
** Tour n. 196 at 2019-09-02T12:28:56.387 
** Tour n. 197 at 2019-09-02T12:28:57.266 
** Tour n. 198 at 2019-09-02T12:28:58.161 
** Tour n. 199 at 2019-09-02T12:28:59.135 
    2019-09-02T12:29:00.192 , Tour : 200, BEST: 1528 , bonus = 0.0 
fitness : 1528 
 code : ,,+++.>,,--[>,[.]<<+>][...>>,+,<.++<<>,> 
 12 + 5 ->  8 
 14 + 3 ->  6 
 8 + 11 ->  14 
** Tour n. 200 at 2019-09-02T12:29:00.192 
** Tour n. 201 at 2019-09-02T12:29:01.382 
** Tour n. 202 at 2019-09-02T12:29:02.452 
** Tour n. 203 at 2019-09-02T12:29:03.29 
** Tour n. 204 at 2019-09-02T12:29:04.303 
    2019-09-02T12:29:05.346 , Tour : 205, BEST: 1528 , bonus = 0.0 
** Tour n. 205 at 2019-09-02T12:29:05.346 
** Tour n. 206 at 2019-09-02T12:29:06.378 
** Tour n. 207 at 2019-09-02T12:29:07.369 
** Tour n. 208 at 2019-09-02T12:29:08.519 
** Tour n. 209 at 2019-09-02T12:29:09.585 
    2019-09-02T12:29:10.647 , Tour : 210, BEST: 1528 , bonus = 0.0 
** Tour n. 210 at 2019-09-02T12:29:10.647 
** Tour n. 211 at 2019-09-02T12:29:11.661 
** Tour n. 212 at 2019-09-02T12:29:12.728 
** Tour n. 213 at 2019-09-02T12:29:13.755 
** Tour n. 214 at 2019-09-02T12:29:14.708 
    2019-09-02T12:29:15.66 , Tour : 215, BEST: 1528 , bonus = 0.0 
** Tour n. 215 at 2019-09-02T12:29:15.66 
** Tour n. 216 at 2019-09-02T12:29:16.595 
** Tour n. 217 at 2019-09-02T12:29:17.647 
** Tour n. 218 at 2019-09-02T12:29:18.561 
** Tour n. 219 at 2019-09-02T12:29:19.47 
    2019-09-02T12:29:20.82 , Tour : 220, BEST: 1528 , bonus = 0.0 
** Tour n. 220 at 2019-09-02T12:29:20.82 
** Tour n. 221 at 2019-09-02T12:29:21.873 
** Tour n. 222 at 2019-09-02T12:29:22.834 
** Tour n. 223 at 2019-09-02T12:29:23.924 
** Tour n. 224 at 2019-09-02T12:29:24.895 
    2019-09-02T12:29:25.772 , Tour : 225, BEST: 1528 , bonus = 0.0 
** Tour n. 225 at 2019-09-02T12:29:25.772 
** Tour n. 226 at 2019-09-02T12:29:26.802 
** Tour n. 227 at 2019-09-02T12:29:27.942 
** Tour n. 228 at 2019-09-02T12:29:28.88 
** Tour n. 229 at 2019-09-02T12:29:29.837 
    2019-09-02T12:29:30.891 , Tour : 230, BEST: 1528 , bonus = 0.0 
** Tour n. 230 at 2019-09-02T12:29:30.891 
** Tour n. 231 at 2019-09-02T12:29:31.832 
** Tour n. 232 at 2019-09-02T12:29:32.962 
** Tour n. 233 at 2019-09-02T12:29:33.843 
** Tour n. 234 at 2019-09-02T12:29:34.93 
    2019-09-02T12:29:35.877 , Tour : 235, BEST: 1528 , bonus = 0.0 
** Tour n. 235 at 2019-09-02T12:29:35.877 
** Tour n. 236 at 2019-09-02T12:29:36.965 
** Tour n. 237 at 2019-09-02T12:29:37.915 
** Tour n. 238 at 2019-09-02T12:29:38.876 
** Tour n. 239 at 2019-09-02T12:29:39.884 
    2019-09-02T12:29:40.813 , Tour : 240, BEST: 1528 , bonus = 0.0 
fitness : 1528 
 code : ,,+++.>,,--[>,[.]<<+>][...>>,+,<.++<<>,> 
 12 + 11 ->  14 
 15 + 3 ->  6 
 4 + 5 ->  8 
** Tour n. 240 at 2019-09-02T12:29:40.813 
** Tour n. 241 at 2019-09-02T12:29:41.733 
** Tour n. 242 at 2019-09-02T12:29:42.702 
** Tour n. 243 at 2019-09-02T12:29:43.725 
** Tour n. 244 at 2019-09-02T12:29:44.958 
    2019-09-02T12:29:46 , Tour : 245, BEST: 1528 , bonus = 0.0 
** Tour n. 245 at 2019-09-02T12:29:46 
** Tour n. 246 at 2019-09-02T12:29:47.067 
** Tour n. 247 at 2019-09-02T12:29:47.986 
** Tour n. 248 at 2019-09-02T12:29:48.954 
** Tour n. 249 at 2019-09-02T12:29:50.031 
    2019-09-02T12:29:51.199 , Tour : 250, BEST: 1528 , bonus = 0.0 
** Tour n. 250 at 2019-09-02T12:29:51.199 
** Tour n. 251 at 2019-09-02T12:29:52.182 
** Tour n. 252 at 2019-09-02T12:29:53.093 
** Tour n. 253 at 2019-09-02T12:29:54.145 
** Tour n. 254 at 2019-09-02T12:29:55.17 
    2019-09-02T12:29:56.176 , Tour : 255, BEST: 1528 , bonus = 0.0 
** Tour n. 255 at 2019-09-02T12:29:56.176 
** Tour n. 256 at 2019-09-02T12:29:57.087 
** Tour n. 257 at 2019-09-02T12:29:58.134 
** Tour n. 258 at 2019-09-02T12:29:59.044 
** Tour n. 259 at 2019-09-02T12:30:00.08 
    2019-09-02T12:30:01.09 , Tour : 260, BEST: 1528 , bonus = 0.0 
** Tour n. 260 at 2019-09-02T12:30:01.09 
** Tour n. 261 at 2019-09-02T12:30:02.191 
** Tour n. 262 at 2019-09-02T12:30:03.109 
** Tour n. 263 at 2019-09-02T12:30:04.177 
** Tour n. 264 at 2019-09-02T12:30:05.167 
    2019-09-02T12:30:06.163 , Tour : 265, BEST: 1528 , bonus = 0.0 
** Tour n. 265 at 2019-09-02T12:30:06.163 
** Tour n. 266 at 2019-09-02T12:30:07.029 
** Tour n. 267 at 2019-09-02T12:30:08.051 
** Tour n. 268 at 2019-09-02T12:30:09.359 
** Tour n. 269 at 2019-09-02T12:30:10.394 
    2019-09-02T12:30:11.307 , Tour : 270, BEST: 1528 , bonus = 0.0 
** Tour n. 270 at 2019-09-02T12:30:11.307 
** Tour n. 271 at 2019-09-02T12:30:12.385 
** Tour n. 272 at 2019-09-02T12:30:13.495 
** Tour n. 273 at 2019-09-02T12:30:14.443 
** Tour n. 274 at 2019-09-02T12:30:15.465 
    2019-09-02T12:30:16.457 , Tour : 275, BEST: 1528 , bonus = 0.0 
** Tour n. 275 at 2019-09-02T12:30:16.457 
** Tour n. 276 at 2019-09-02T12:30:17.481 
** Tour n. 277 at 2019-09-02T12:30:18.473 
** Tour n. 278 at 2019-09-02T12:30:19.464 
** Tour n. 279 at 2019-09-02T12:30:20.448 
    2019-09-02T12:30:21.379 , Tour : 280, BEST: 1528 , bonus = 0.0 
fitness : 1528 
 code : ,,+++.>,,--[>,[.]<<+>][...>>,+,<.++<<>,> 
 13 + 2 ->  5 
 0 + 2 ->  5 
 0 + 14 ->  17 
** Tour n. 280 at 2019-09-02T12:30:21.379 
** Tour n. 281 at 2019-09-02T12:30:22.514 
** Tour n. 282 at 2019-09-02T12:30:23.387 
** Tour n. 283 at 2019-09-02T12:30:24.461 
** Tour n. 284 at 2019-09-02T12:30:25.418 
    2019-09-02T12:30:26.351 , Tour : 285, BEST: 1528 , bonus = 0.0 
** Tour n. 285 at 2019-09-02T12:30:26.351 
** Tour n. 286 at 2019-09-02T12:30:27.264 
** Tour n. 287 at 2019-09-02T12:30:28.179 
** Tour n. 288 at 2019-09-02T12:30:29.225 
** Tour n. 289 at 2019-09-02T12:30:30.135 
    2019-09-02T12:30:31.209 , Tour : 290, BEST: 1528 , bonus = 0.0 
** Tour n. 290 at 2019-09-02T12:30:31.209 
** Tour n. 291 at 2019-09-02T12:30:32.044 
** Tour n. 292 at 2019-09-02T12:30:32.938 
** Tour n. 293 at 2019-09-02T12:30:33.934 
** Tour n. 294 at 2019-09-02T12:30:35.007 
    2019-09-02T12:30:36.018 , Tour : 295, BEST: 1528 , bonus = 0.0 
** Tour n. 295 at 2019-09-02T12:30:36.018 
** Tour n. 296 at 2019-09-02T12:30:36.926 
** Tour n. 297 at 2019-09-02T12:30:38.002 
** Tour n. 298 at 2019-09-02T12:30:39.08 
** Tour n. 299 at 2019-09-02T12:30:40.221 
    2019-09-02T12:30:41.282 , Tour : 300, BEST: 1528 , bonus = 0.0 
** Tour n. 300 at 2019-09-02T12:30:41.282 
** Tour n. 301 at 2019-09-02T12:30:42.439 
** Tour n. 302 at 2019-09-02T12:30:43.377 
** Tour n. 303 at 2019-09-02T12:30:44.364 
** Tour n. 304 at 2019-09-02T12:30:45.264 
    2019-09-02T12:30:46.185 , Tour : 305, BEST: 1528 , bonus = 0.0 
** Tour n. 305 at 2019-09-02T12:30:46.185 
** Tour n. 306 at 2019-09-02T12:30:47.108 
** Tour n. 307 at 2019-09-02T12:30:48.156 
** Tour n. 308 at 2019-09-02T12:30:49.018 
** Tour n. 309 at 2019-09-02T12:30:49.916 
    2019-09-02T12:30:50.935 , Tour : 310, BEST: 1528 , bonus = 0.0 
** Tour n. 310 at 2019-09-02T12:30:50.935 
** Tour n. 311 at 2019-09-02T12:30:51.956 
** Tour n. 312 at 2019-09-02T12:30:52.929 
** Tour n. 313 at 2019-09-02T12:30:53.915 
** Tour n. 314 at 2019-09-02T12:30:55.022 
    2019-09-02T12:30:56.146 , Tour : 315, BEST: 1528 , bonus = 0.0 
** Tour n. 315 at 2019-09-02T12:30:56.146 
** Tour n. 316 at 2019-09-02T12:30:57.112 
** Tour n. 317 at 2019-09-02T12:30:58.124 
** Tour n. 318 at 2019-09-02T12:30:59.04 
** Tour n. 319 at 2019-09-02T12:30:59.977 
    2019-09-02T12:31:01.074 , Tour : 320, BEST: 1528 , bonus = 0.0 
fitness : 1528 
 code : ,,+++.>,,--[>,[.]<<+>][...>>,+,<.++<<>,> 
 12 + 8 ->  11 
 4 + 5 ->  8 
 0 + 11 ->  14 
** Tour n. 320 at 2019-09-02T12:31:01.074 
** Tour n. 321 at 2019-09-02T12:31:01.984 
** Tour n. 322 at 2019-09-02T12:31:02.979 
** Tour n. 323 at 2019-09-02T12:31:03.983 
** Tour n. 324 at 2019-09-02T12:31:05.055 
    2019-09-02T12:31:05.941 , Tour : 325, BEST: 1528 , bonus = 0.0 
** Tour n. 325 at 2019-09-02T12:31:05.941 
** Tour n. 326 at 2019-09-02T12:31:07.102 
** Tour n. 327 at 2019-09-02T12:31:08.144 
** Tour n. 328 at 2019-09-02T12:31:09.242 
** Tour n. 329 at 2019-09-02T12:31:10.216 
    2019-09-02T12:31:11.161 , Tour : 330, BEST: 1528 , bonus = 0.0 
** Tour n. 330 at 2019-09-02T12:31:11.161 
** Tour n. 331 at 2019-09-02T12:31:12.267 
** Tour n. 332 at 2019-09-02T12:31:13.195 
** Tour n. 333 at 2019-09-02T12:31:14.282 
** Tour n. 334 at 2019-09-02T12:31:15.389 
    2019-09-02T12:31:16.412 , Tour : 335, BEST: 1528 , bonus = 0.0 
** Tour n. 335 at 2019-09-02T12:31:16.412 
** Tour n. 336 at 2019-09-02T12:31:17.308 
** Tour n. 337 at 2019-09-02T12:31:18.384 
** Tour n. 338 at 2019-09-02T12:31:19.287 
** Tour n. 339 at 2019-09-02T12:31:20.282 
    2019-09-02T12:31:21.298 , Tour : 340, BEST: 1528 , bonus = 0.0 
** Tour n. 340 at 2019-09-02T12:31:21.298 
** Tour n. 341 at 2019-09-02T12:31:22.338 
** Tour n. 342 at 2019-09-02T12:31:23.262 
** Tour n. 343 at 2019-09-02T12:31:24.259 
** Tour n. 344 at 2019-09-02T12:31:25.258 
    2019-09-02T12:31:26.212 , Tour : 345, BEST: 1528 , bonus = 0.0 
** Tour n. 345 at 2019-09-02T12:31:26.212 
** Tour n. 346 at 2019-09-02T12:31:27.203 
** Tour n. 347 at 2019-09-02T12:31:28.411 
** Tour n. 348 at 2019-09-02T12:31:29.442 
** Tour n. 349 at 2019-09-02T12:31:30.513 
    2019-09-02T12:31:31.522 , Tour : 350, BEST: 1528 , bonus = 0.0 
** Tour n. 350 at 2019-09-02T12:31:31.522 
** Tour n. 351 at 2019-09-02T12:31:32.691 
** Tour n. 352 at 2019-09-02T12:31:33.734 
** Tour n. 353 at 2019-09-02T12:31:34.692 
** Tour n. 354 at 2019-09-02T12:31:36.096 
    2019-09-02T12:31:37.186 , Tour : 355, BEST: 1528 , bonus = 0.0 
** Tour n. 355 at 2019-09-02T12:31:37.186 
** Tour n. 356 at 2019-09-02T12:31:38.139 
** Tour n. 357 at 2019-09-02T12:31:39.357 
** Tour n. 358 at 2019-09-02T12:31:40.263 
** Tour n. 359 at 2019-09-02T12:31:41.309 
    2019-09-02T12:31:42.347 , Tour : 360, BEST: 1528 , bonus = 0.0 
fitness : 1528 
 code : ,,+++.>,,--[>,[.]<<+>][...>>,+,<.++<<>,> 
 13 + 6 ->  9 
 2 + 8 ->  11 
 15 + 13 ->  16 
** Tour n. 360 at 2019-09-02T12:31:42.347 
** Tour n. 361 at 2019-09-02T12:31:43.27 
** Tour n. 362 at 2019-09-02T12:31:44.321 
** Tour n. 363 at 2019-09-02T12:31:45.324 
** Tour n. 364 at 2019-09-02T12:31:46.363 
    2019-09-02T12:31:47.265 , Tour : 365, BEST: 1528 , bonus = 0.0 
** Tour n. 365 at 2019-09-02T12:31:47.265 
** Tour n. 366 at 2019-09-02T12:31:48.451 
** Tour n. 367 at 2019-09-02T12:31:49.448 
** Tour n. 368 at 2019-09-02T12:31:50.487 
** Tour n. 369 at 2019-09-02T12:31:51.558 
    2019-09-02T12:31:52.665 , Tour : 370, BEST: 1528 , bonus = 0.0 
** Tour n. 370 at 2019-09-02T12:31:52.665 
** Tour n. 371 at 2019-09-02T12:31:53.666 
** Tour n. 372 at 2019-09-02T12:31:54.625 
** Tour n. 373 at 2019-09-02T12:31:55.557 
** Tour n. 374 at 2019-09-02T12:31:56.588 
    2019-09-02T12:31:57.664 , Tour : 375, BEST: 1528 , bonus = 0.0 
** Tour n. 375 at 2019-09-02T12:31:57.664 
** Tour n. 376 at 2019-09-02T12:31:58.595 
** Tour n. 377 at 2019-09-02T12:31:59.67 
** Tour n. 378 at 2019-09-02T12:32:00.578 
** Tour n. 379 at 2019-09-02T12:32:01.704 
    2019-09-02T12:32:02.745 , Tour : 380, BEST: 1528 , bonus = 0.0 
** Tour n. 380 at 2019-09-02T12:32:02.745 
** Tour n. 381 at 2019-09-02T12:32:03.771 
** Tour n. 382 at 2019-09-02T12:32:04.9 
** Tour n. 383 at 2019-09-02T12:32:06.009 
** Tour n. 384 at 2019-09-02T12:32:06.931 
    2019-09-02T12:32:07.878 , Tour : 385, BEST: 1528 , bonus = 0.0 
** Tour n. 385 at 2019-09-02T12:32:07.878 
** Tour n. 386 at 2019-09-02T12:32:08.91 
** Tour n. 387 at 2019-09-02T12:32:09.86 
** Tour n. 388 at 2019-09-02T12:32:10.798 
** Tour n. 389 at 2019-09-02T12:32:11.84 
    2019-09-02T12:32:12.901 , Tour : 390, BEST: 1528 , bonus = 0.0 
** Tour n. 390 at 2019-09-02T12:32:12.901 
** Tour n. 391 at 2019-09-02T12:32:13.833 
** Tour n. 392 at 2019-09-02T12:32:14.748 
** Tour n. 393 at 2019-09-02T12:32:15.739 
** Tour n. 394 at 2019-09-02T12:32:16.937 
    2019-09-02T12:32:17.991 , Tour : 395, BEST: 1528 , bonus = 0.0 
** Tour n. 395 at 2019-09-02T12:32:17.991 
** Tour n. 396 at 2019-09-02T12:32:19.007 
** Tour n. 397 at 2019-09-02T12:32:20.041 
** Tour n. 398 at 2019-09-02T12:32:21.099 
** Tour n. 399 at 2019-09-02T12:32:22.042 
    2019-09-02T12:32:22.988 , Tour : 400, BEST: 1528 , bonus = 0.0 
fitness : 1528 
 code : ,,+++.>,,--[>,[.]<<+>][...>>,+,<.++<<>,> 
 9 + 6 ->  9 
 8 + 4 ->  7 
 5 + 3 ->  6 
** Tour n. 400 at 2019-09-02T12:32:22.988 
** Tour n. 401 at 2019-09-02T12:32:24.297 
** Tour n. 402 at 2019-09-02T12:32:25.333 
** Tour n. 403 at 2019-09-02T12:32:26.435 
** Tour n. 404 at 2019-09-02T12:32:27.569 
    2019-09-02T12:32:28.67 , Tour : 405, BEST: 1528 , bonus = 0.0 
** Tour n. 405 at 2019-09-02T12:32:28.67 
** Tour n. 406 at 2019-09-02T12:32:29.654 
** Tour n. 407 at 2019-09-02T12:32:30.798 
** Tour n. 408 at 2019-09-02T12:32:31.808 
** Tour n. 409 at 2019-09-02T12:32:33.135 
    2019-09-02T12:32:34.206 , Tour : 410, BEST: 1528 , bonus = 0.0 
** Tour n. 410 at 2019-09-02T12:32:34.206 
** Tour n. 411 at 2019-09-02T12:32:35.396 
** Tour n. 412 at 2019-09-02T12:32:36.628 
** Tour n. 413 at 2019-09-02T12:32:37.851 
** Tour n. 414 at 2019-09-02T12:32:39.034 
    2019-09-02T12:32:40.196 , Tour : 415, BEST: 1528 , bonus = 0.0 
** Tour n. 415 at 2019-09-02T12:32:40.196 
** Tour n. 416 at 2019-09-02T12:32:41.26 
** Tour n. 417 at 2019-09-02T12:32:42.425 
** Tour n. 418 at 2019-09-02T12:32:43.515 
** Tour n. 419 at 2019-09-02T12:32:44.639 
    2019-09-02T12:32:45.851 , Tour : 420, BEST: 1528 , bonus = 0.0 
** Tour n. 420 at 2019-09-02T12:32:45.851 
** Tour n. 421 at 2019-09-02T12:32:46.94 
** Tour n. 422 at 2019-09-02T12:32:48.017 
** Tour n. 423 at 2019-09-02T12:32:49.136 
** Tour n. 424 at 2019-09-02T12:32:50.339 
    2019-09-02T12:32:51.36 , Tour : 425, BEST: 1528 , bonus = 0.0 
** Tour n. 425 at 2019-09-02T12:32:51.36 
** Tour n. 426 at 2019-09-02T12:32:52.401 
** Tour n. 427 at 2019-09-02T12:32:53.562 
** Tour n. 428 at 2019-09-02T12:32:54.732 
** Tour n. 429 at 2019-09-02T12:32:56.09 
    2019-09-02T12:32:57.102 , Tour : 430, BEST: 1528 , bonus = 0.0 
** Tour n. 430 at 2019-09-02T12:32:57.102 
** Tour n. 431 at 2019-09-02T12:32:58.05 
** Tour n. 432 at 2019-09-02T12:32:59.231 
** Tour n. 433 at 2019-09-02T12:33:00.44 
** Tour n. 434 at 2019-09-02T12:33:01.872 
    2019-09-02T12:33:02.912 , Tour : 435, BEST: 1528 , bonus = 0.0 
** Tour n. 435 at 2019-09-02T12:33:02.912 
** Tour n. 436 at 2019-09-02T12:33:03.867 
** Tour n. 437 at 2019-09-02T12:33:04.825 
** Tour n. 438 at 2019-09-02T12:33:06.202 
** Tour n. 439 at 2019-09-02T12:33:07.328 
    2019-09-02T12:33:08.43 , Tour : 440, BEST: 1528 , bonus = 0.0 
fitness : 1528 
 code : ,,+++.>,,--[>,[.]<<+>][...>>,+,<.++<<>,>[],[]. 
 5 + 12 ->  15 
 7 + 10 ->  13 
 5 + 11 ->  14 
** Tour n. 440 at 2019-09-02T12:33:08.43 
** Tour n. 441 at 2019-09-02T12:33:09.524 
** Tour n. 442 at 2019-09-02T12:33:10.687 
** Tour n. 443 at 2019-09-02T12:33:11.988 
** Tour n. 444 at 2019-09-02T12:33:13.033 
    2019-09-02T12:33:14.379 , Tour : 445, BEST: 1528 , bonus = 0.0 
** Tour n. 445 at 2019-09-02T12:33:14.379 
** Tour n. 446 at 2019-09-02T12:33:15.427 
** Tour n. 447 at 2019-09-02T12:33:16.578 
** Tour n. 448 at 2019-09-02T12:33:17.673 
** Tour n. 449 at 2019-09-02T12:33:18.863 
    2019-09-02T12:33:20.452 , Tour : 450, BEST: 1528 , bonus = 0.0 
** Tour n. 450 at 2019-09-02T12:33:20.452 
** Tour n. 451 at 2019-09-02T12:33:21.66 
** Tour n. 452 at 2019-09-02T12:33:22.868 
** Tour n. 453 at 2019-09-02T12:33:23.964 
** Tour n. 454 at 2019-09-02T12:33:25.024 
    2019-09-02T12:33:26.396 , Tour : 455, BEST: 1528 , bonus = 0.0 
** Tour n. 455 at 2019-09-02T12:33:26.396 
** Tour n. 456 at 2019-09-02T12:33:27.839 
** Tour n. 457 at 2019-09-02T12:33:29.056 
** Tour n. 458 at 2019-09-02T12:33:30.178 
** Tour n. 459 at 2019-09-02T12:33:31.289 
    2019-09-02T12:33:32.515 , Tour : 460, BEST: 1528 , bonus = 0.0 
** Tour n. 460 at 2019-09-02T12:33:32.515 
** Tour n. 461 at 2019-09-02T12:33:33.633 
** Tour n. 462 at 2019-09-02T12:33:35.012 
** Tour n. 463 at 2019-09-02T12:33:36.106 
** Tour n. 464 at 2019-09-02T12:33:37.168 
    2019-09-02T12:33:38.243 , Tour : 465, BEST: 1528 , bonus = 0.0 
** Tour n. 465 at 2019-09-02T12:33:38.243 
** Tour n. 466 at 2019-09-02T12:33:39.343 
** Tour n. 467 at 2019-09-02T12:33:40.463 
** Tour n. 468 at 2019-09-02T12:33:41.562 
** Tour n. 469 at 2019-09-02T12:33:42.93 
    2019-09-02T12:33:44.272 , Tour : 470, BEST: 1528 , bonus = 0.0 
** Tour n. 470 at 2019-09-02T12:33:44.272 
** Tour n. 471 at 2019-09-02T12:33:45.307 
** Tour n. 472 at 2019-09-02T12:33:46.411 
** Tour n. 473 at 2019-09-02T12:33:47.523 
** Tour n. 474 at 2019-09-02T12:33:48.528 
    2019-09-02T12:33:49.776 , Tour : 475, BEST: 1528 , bonus = 0.0 
** Tour n. 475 at 2019-09-02T12:33:49.776 
** Tour n. 476 at 2019-09-02T12:33:50.786 
** Tour n. 477 at 2019-09-02T12:33:51.892 
** Tour n. 478 at 2019-09-02T12:33:53.149 
** Tour n. 479 at 2019-09-02T12:33:54.133 
    2019-09-02T12:33:55.31 , Tour : 480, BEST: 1528 , bonus = 0.0 
fitness : 1528 
 code : ,,+++.>,,--[>,[.]<<+>][...>>,+,<.++<<>,>[],[]. 
 4 + 3 ->  6 
 0 + 0 ->  3 
 5 + 8 ->  11 
** Tour n. 480 at 2019-09-02T12:33:55.31 
** Tour n. 481 at 2019-09-02T12:33:56.671 
** Tour n. 482 at 2019-09-02T12:33:57.738 
** Tour n. 483 at 2019-09-02T12:33:59.016 
** Tour n. 484 at 2019-09-02T12:34:00.131 
    2019-09-02T12:34:01.27 , Tour : 485, BEST: 1528 , bonus = 0.0 
** Tour n. 485 at 2019-09-02T12:34:01.27 
** Tour n. 486 at 2019-09-02T12:34:02.447 
** Tour n. 487 at 2019-09-02T12:34:03.547 
** Tour n. 488 at 2019-09-02T12:34:04.732 
** Tour n. 489 at 2019-09-02T12:34:05.903 
    2019-09-02T12:34:07.075 , Tour : 490, BEST: 1528 , bonus = 0.0 
** Tour n. 490 at 2019-09-02T12:34:07.075 
** Tour n. 491 at 2019-09-02T12:34:08.157 
** Tour n. 492 at 2019-09-02T12:34:09.223 
** Tour n. 493 at 2019-09-02T12:34:10.28 
** Tour n. 494 at 2019-09-02T12:34:11.357 
    2019-09-02T12:34:12.582 , Tour : 495, BEST: 1528 , bonus = 0.0 
** Tour n. 495 at 2019-09-02T12:34:12.582 
** Tour n. 496 at 2019-09-02T12:34:14.025 
** Tour n. 497 at 2019-09-02T12:34:15.446 
** Tour n. 498 at 2019-09-02T12:34:16.476 
** Tour n. 499 at 2019-09-02T12:34:17.746 
    2019-09-02T12:34:18.792 , Tour : 500, BEST: 1528 , bonus = 0.0 
** Tour n. 500 at 2019-09-02T12:34:18.792 
** Tour n. 501 at 2019-09-02T12:34:19.846 
** Tour n. 502 at 2019-09-02T12:34:21.084 
** Tour n. 503 at 2019-09-02T12:34:22.313 
** Tour n. 504 at 2019-09-02T12:34:23.368 
    2019-09-02T12:34:24.416 , Tour : 505, BEST: 1528 , bonus = 0.0 
** Tour n. 505 at 2019-09-02T12:34:24.416 
** Tour n. 506 at 2019-09-02T12:34:25.569 
** Tour n. 507 at 2019-09-02T12:34:26.863 
** Tour n. 508 at 2019-09-02T12:34:28.026 
** Tour n. 509 at 2019-09-02T12:34:29.081 
    2019-09-02T12:34:30.116 , Tour : 510, BEST: 1528 , bonus = 0.0 
** Tour n. 510 at 2019-09-02T12:34:30.116 
** Tour n. 511 at 2019-09-02T12:34:31.161 
** Tour n. 512 at 2019-09-02T12:34:32.145 
** Tour n. 513 at 2019-09-02T12:34:33.361 
** Tour n. 514 at 2019-09-02T12:34:34.505 
    2019-09-02T12:34:35.692 , Tour : 515, BEST: 1528 , bonus = 0.0 
** Tour n. 515 at 2019-09-02T12:34:35.692 
** Tour n. 516 at 2019-09-02T12:34:36.937 
** Tour n. 517 at 2019-09-02T12:34:38.234 
** Tour n. 518 at 2019-09-02T12:34:39.393 
** Tour n. 519 at 2019-09-02T12:34:40.621 
    2019-09-02T12:34:41.854 , Tour : 520, BEST: 1528 , bonus = 0.0 
fitness : 1528 
 code : ,,+++.>,,--[>,[.]<<+>][...>>,+,<.++<<>,>[],[]. 
 8 + 5 ->  8 
 8 + 6 ->  9 
 7 + 14 ->  17 
** Tour n. 520 at 2019-09-02T12:34:41.854 
** Tour n. 521 at 2019-09-02T12:34:42.954 
** Tour n. 522 at 2019-09-02T12:34:44.089 
** Tour n. 523 at 2019-09-02T12:34:45.098 
** Tour n. 524 at 2019-09-02T12:34:46.24 
    2019-09-02T12:34:47.317 , Tour : 525, BEST: 1528 , bonus = 0.0 
** Tour n. 525 at 2019-09-02T12:34:47.317 
** Tour n. 526 at 2019-09-02T12:34:48.433 
** Tour n. 527 at 2019-09-02T12:34:49.79 
** Tour n. 528 at 2019-09-02T12:34:51.078 
** Tour n. 529 at 2019-09-02T12:34:52.287 
    2019-09-02T12:34:53.365 , Tour : 530, BEST: 1528 , bonus = 0.0 
** Tour n. 530 at 2019-09-02T12:34:53.365 
** Tour n. 531 at 2019-09-02T12:34:54.577 
** Tour n. 532 at 2019-09-02T12:34:55.657 
** Tour n. 533 at 2019-09-02T12:34:56.854 
** Tour n. 534 at 2019-09-02T12:34:58.192 
    2019-09-02T12:34:59.206 , Tour : 535, BEST: 1528 , bonus = 0.0 
** Tour n. 535 at 2019-09-02T12:34:59.206 
** Tour n. 536 at 2019-09-02T12:35:00.286 
** Tour n. 537 at 2019-09-02T12:35:01.446 
** Tour n. 538 at 2019-09-02T12:35:02.485 
** Tour n. 539 at 2019-09-02T12:35:03.583 
    2019-09-02T12:35:04.621 , Tour : 540, BEST: 1528 , bonus = 0.0 
** Tour n. 540 at 2019-09-02T12:35:04.621 
** Tour n. 541 at 2019-09-02T12:35:05.84 
** Tour n. 542 at 2019-09-02T12:35:06.945 
** Tour n. 543 at 2019-09-02T12:35:08.329 
** Tour n. 544 at 2019-09-02T12:35:09.477 
    2019-09-02T12:35:10.781 , Tour : 545, BEST: 1528 , bonus = 0.0 
** Tour n. 545 at 2019-09-02T12:35:10.781 
** Tour n. 546 at 2019-09-02T12:35:11.988 
** Tour n. 547 at 2019-09-02T12:35:13.035 
** Tour n. 548 at 2019-09-02T12:35:14.221 
** Tour n. 549 at 2019-09-02T12:35:15.387 
    2019-09-02T12:35:16.431 , Tour : 550, BEST: 1528 , bonus = 0.0 
** Tour n. 550 at 2019-09-02T12:35:16.431 
** Tour n. 551 at 2019-09-02T12:35:17.496 
** Tour n. 552 at 2019-09-02T12:35:18.764 
** Tour n. 553 at 2019-09-02T12:35:19.873 
** Tour n. 554 at 2019-09-02T12:35:21.049 
    2019-09-02T12:35:22.488 , Tour : 555, BEST: 1528 , bonus = 0.0 
** Tour n. 555 at 2019-09-02T12:35:22.488 
** Tour n. 556 at 2019-09-02T12:35:23.463 
** Tour n. 557 at 2019-09-02T12:35:24.89 
** Tour n. 558 at 2019-09-02T12:35:26.122 
** Tour n. 559 at 2019-09-02T12:35:27.203 
    2019-09-02T12:35:28.26 , Tour : 560, BEST: 1528 , bonus = 0.0 
fitness : 1528 
 code : ,,+++.>,,--[>,[.]<<+>][...>>,+,<.++<<>,>[],[]. 
 7 + 2 ->  5 
 8 + 2 ->  5 
 8 + 1 ->  4 
** Tour n. 560 at 2019-09-02T12:35:28.26 
** Tour n. 561 at 2019-09-02T12:35:29.598 
** Tour n. 562 at 2019-09-02T12:35:30.682 
** Tour n. 563 at 2019-09-02T12:35:31.816 
** Tour n. 564 at 2019-09-02T12:35:32.94 
    2019-09-02T12:35:34.107 , Tour : 565, BEST: 1528 , bonus = 0.0 
** Tour n. 565 at 2019-09-02T12:35:34.107 
** Tour n. 566 at 2019-09-02T12:35:35.108 
** Tour n. 567 at 2019-09-02T12:35:36.328 
** Tour n. 568 at 2019-09-02T12:35:37.499 
** Tour n. 569 at 2019-09-02T12:35:38.522 
    2019-09-02T12:35:39.727 , Tour : 570, BEST: 1528 , bonus = 0.0 
** Tour n. 570 at 2019-09-02T12:35:39.727 
** Tour n. 571 at 2019-09-02T12:35:40.825 
** Tour n. 572 at 2019-09-02T12:35:42.1 
** Tour n. 573 at 2019-09-02T12:35:43.342 
** Tour n. 574 at 2019-09-02T12:35:44.491 
    2019-09-02T12:35:45.697 , Tour : 575, BEST: 1528 , bonus = 0.0 
** Tour n. 575 at 2019-09-02T12:35:45.697 
** Tour n. 576 at 2019-09-02T12:35:46.78 
** Tour n. 577 at 2019-09-02T12:35:47.882 
** Tour n. 578 at 2019-09-02T12:35:49.102 
** Tour n. 579 at 2019-09-02T12:35:50.303 
    2019-09-02T12:35:51.528 , Tour : 580, BEST: 1528 , bonus = 0.0 
** Tour n. 580 at 2019-09-02T12:35:51.528 
** Tour n. 581 at 2019-09-02T12:35:52.761 
** Tour n. 582 at 2019-09-02T12:35:54.12 
** Tour n. 583 at 2019-09-02T12:35:55.19 
** Tour n. 584 at 2019-09-02T12:35:56.466 
    2019-09-02T12:35:57.512 , Tour : 585, BEST: 1528 , bonus = 0.0 
** Tour n. 585 at 2019-09-02T12:35:57.512 
** Tour n. 586 at 2019-09-02T12:35:58.614 
** Tour n. 587 at 2019-09-02T12:35:59.709 
** Tour n. 588 at 2019-09-02T12:36:00.888 
** Tour n. 589 at 2019-09-02T12:36:01.909 
    2019-09-02T12:36:03.116 , Tour : 590, BEST: 1528 , bonus = 0.0 
** Tour n. 590 at 2019-09-02T12:36:03.116 
** Tour n. 591 at 2019-09-02T12:36:04.301 
** Tour n. 592 at 2019-09-02T12:36:05.462 
** Tour n. 593 at 2019-09-02T12:36:06.589 
** Tour n. 594 at 2019-09-02T12:36:07.842 
    2019-09-02T12:36:08.942 , Tour : 595, BEST: 1528 , bonus = 0.0 
** Tour n. 595 at 2019-09-02T12:36:08.942 
** Tour n. 596 at 2019-09-02T12:36:10.246 
** Tour n. 597 at 2019-09-02T12:36:11.363 
** Tour n. 598 at 2019-09-02T12:36:12.617 
** Tour n. 599 at 2019-09-02T12:36:13.983 
    2019-09-02T12:36:15.077 , Tour : 600, BEST: 1528 , bonus = 0.0 
fitness : 1528 
 code : ,,+++.>,,--[>,[.]<<+>][...>>,+,<.++<<>,>[],[]. 
 3 + 0 ->  3 
 11 + 6 ->  9 
 11 + 2 ->  5 
** Tour n. 600 at 2019-09-02T12:36:15.077 
** Tour n. 601 at 2019-09-02T12:36:16.179 
** Tour n. 602 at 2019-09-02T12:36:17.369 
** Tour n. 603 at 2019-09-02T12:36:18.455 
** Tour n. 604 at 2019-09-02T12:36:19.754 
    2019-09-02T12:36:20.861 , Tour : 605, BEST: 1528 , bonus = 0.0 
** Tour n. 605 at 2019-09-02T12:36:20.861 
** Tour n. 606 at 2019-09-02T12:36:21.995 
** Tour n. 607 at 2019-09-02T12:36:23.02 
** Tour n. 608 at 2019-09-02T12:36:24.168 
** Tour n. 609 at 2019-09-02T12:36:25.406 
    2019-09-02T12:36:26.417 , Tour : 610, BEST: 1528 , bonus = 0.0 
** Tour n. 610 at 2019-09-02T12:36:26.417 
** Tour n. 611 at 2019-09-02T12:36:27.667 
** Tour n. 612 at 2019-09-02T12:36:28.938 
** Tour n. 613 at 2019-09-02T12:36:30.022 
** Tour n. 614 at 2019-09-02T12:36:31.071 
    2019-09-02T12:36:32.335 , Tour : 615, BEST: 1528 , bonus = 0.0 
** Tour n. 615 at 2019-09-02T12:36:32.335 
** Tour n. 616 at 2019-09-02T12:36:33.413 
** Tour n. 617 at 2019-09-02T12:36:34.599 
** Tour n. 618 at 2019-09-02T12:36:35.729 
** Tour n. 619 at 2019-09-02T12:36:36.811 
    2019-09-02T12:36:37.911 , Tour : 620, BEST: 1528 , bonus = 0.0 
** Tour n. 620 at 2019-09-02T12:36:37.911 
** Tour n. 621 at 2019-09-02T12:36:39.047 
** Tour n. 622 at 2019-09-02T12:36:40.112 
** Tour n. 623 at 2019-09-02T12:36:41.366 
** Tour n. 624 at 2019-09-02T12:36:42.452 
    2019-09-02T12:36:43.562 , Tour : 625, BEST: 1528 , bonus = 0.0 
** Tour n. 625 at 2019-09-02T12:36:43.562 
** Tour n. 626 at 2019-09-02T12:36:44.56 
** Tour n. 627 at 2019-09-02T12:36:45.748 
** Tour n. 628 at 2019-09-02T12:36:46.757 
** Tour n. 629 at 2019-09-02T12:36:47.895 
    2019-09-02T12:36:48.945 , Tour : 630, BEST: 1528 , bonus = 0.0 
** Tour n. 630 at 2019-09-02T12:36:48.945 
** Tour n. 631 at 2019-09-02T12:36:50.214 
** Tour n. 632 at 2019-09-02T12:36:51.359 
** Tour n. 633 at 2019-09-02T12:36:52.448 
** Tour n. 634 at 2019-09-02T12:36:53.635 
    2019-09-02T12:36:54.746 , Tour : 635, BEST: 1528 , bonus = 0.0 
** Tour n. 635 at 2019-09-02T12:36:54.746 
** Tour n. 636 at 2019-09-02T12:36:55.901 
** Tour n. 637 at 2019-09-02T12:36:57.1 
** Tour n. 638 at 2019-09-02T12:36:58.469 
** Tour n. 639 at 2019-09-02T12:36:59.975 
    2019-09-02T12:37:01.123 , Tour : 640, BEST: 1528 , bonus = 0.0 
fitness : 1528 
 code : ,,+++.>,,--[>,[.]<<+>][...>>,+,<.++<<>,>[],[]. 
 15 + 6 ->  9 
 1 + 8 ->  11 
 13 + 13 ->  16 
** Tour n. 640 at 2019-09-02T12:37:01.123 
** Tour n. 641 at 2019-09-02T12:37:02.231 
** Tour n. 642 at 2019-09-02T12:37:03.558 
** Tour n. 643 at 2019-09-02T12:37:04.641 
** Tour n. 644 at 2019-09-02T12:37:05.9 
    2019-09-02T12:37:07.07 , Tour : 645, BEST: 1528 , bonus = 0.0 
** Tour n. 645 at 2019-09-02T12:37:07.07 
** Tour n. 646 at 2019-09-02T12:37:08.163 
** Tour n. 647 at 2019-09-02T12:37:09.247 
** Tour n. 648 at 2019-09-02T12:37:10.404 
** Tour n. 649 at 2019-09-02T12:37:11.605 
    2019-09-02T12:37:12.869 , Tour : 650, BEST: 1528 , bonus = 0.0 
** Tour n. 650 at 2019-09-02T12:37:12.869 
** Tour n. 651 at 2019-09-02T12:37:13.916 
** Tour n. 652 at 2019-09-02T12:37:15.001 
** Tour n. 653 at 2019-09-02T12:37:16.162 
** Tour n. 654 at 2019-09-02T12:37:17.449 
    2019-09-02T12:37:18.562 , Tour : 655, BEST: 1528 , bonus = 0.0 
** Tour n. 655 at 2019-09-02T12:37:18.562 
** Tour n. 656 at 2019-09-02T12:37:19.691 
** Tour n. 657 at 2019-09-02T12:37:20.846 
** Tour n. 658 at 2019-09-02T12:37:22.002 
** Tour n. 659 at 2019-09-02T12:37:23.035 
    2019-09-02T12:37:24.274 , Tour : 660, BEST: 1528 , bonus = 0.0 
** Tour n. 660 at 2019-09-02T12:37:24.274 
** Tour n. 661 at 2019-09-02T12:37:25.619 
** Tour n. 662 at 2019-09-02T12:37:26.669 
** Tour n. 663 at 2019-09-02T12:37:27.77 
** Tour n. 664 at 2019-09-02T12:37:28.961 
    2019-09-02T12:37:30.025 , Tour : 665, BEST: 1528 , bonus = 0.0 
** Tour n. 665 at 2019-09-02T12:37:30.025 
** Tour n. 666 at 2019-09-02T12:37:31.068 
** Tour n. 667 at 2019-09-02T12:37:32.206 
** Tour n. 668 at 2019-09-02T12:37:33.253 
** Tour n. 669 at 2019-09-02T12:37:34.346 
    2019-09-02T12:37:35.493 , Tour : 670, BEST: 1528 , bonus = 0.0 
** Tour n. 670 at 2019-09-02T12:37:35.493 
** Tour n. 671 at 2019-09-02T12:37:36.572 
** Tour n. 672 at 2019-09-02T12:37:37.793 
** Tour n. 673 at 2019-09-02T12:37:38.956 
** Tour n. 674 at 2019-09-02T12:37:39.951 
    2019-09-02T12:37:41.227 , Tour : 675, BEST: 1528 , bonus = 0.0 
** Tour n. 675 at 2019-09-02T12:37:41.227 
** Tour n. 676 at 2019-09-02T12:37:42.231 
** Tour n. 677 at 2019-09-02T12:37:43.55 
** Tour n. 678 at 2019-09-02T12:37:44.641 
** Tour n. 679 at 2019-09-02T12:37:45.864 
    2019-09-02T12:37:46.952 , Tour : 680, BEST: 1528 , bonus = 0.0 
fitness : 1528 
 code : ,,+++.>,,--[>,[.]<<+>][...>>,+,<.++<<>,>[],[]. 
 9 + 5 ->  8 
 15 + 1 ->  4 
 4 + 2 ->  5 
** Tour n. 680 at 2019-09-02T12:37:46.952 
** Tour n. 681 at 2019-09-02T12:37:48.137 
** Tour n. 682 at 2019-09-02T12:37:49.399 
** Tour n. 683 at 2019-09-02T12:37:50.414 
** Tour n. 684 at 2019-09-02T12:37:51.537 
