targetFitness = 2048 
params : Main.GeneticAlgorithms.Types.GAParams(136, 1000000, 70, 150, 0.7, 0.01, true, IOStream(<file ../Results/logFibonacci.log>), 0.0, 2048.0, 0, 0) 
** Tour n. 1 at 2019-08-31T21:04:08.148 
    2019-08-31T21:04:16.282 , Iteration : 5, BEST: 2013 , bonus = 0.0 
** Tour n. 2 at 2019-08-31T21:04:17.974 
** Tour n. 3 at 2019-08-31T21:04:19.995 
** Tour n. 4 at 2019-08-31T21:04:22.985 
    2019-08-31T21:04:25.873 , Tour : 5, BEST: 2013 , bonus = 0.0 
** Tour n. 5 at 2019-08-31T21:04:25.873 
** Tour n. 6 at 2019-08-31T21:04:28.773 
** Tour n. 7 at 2019-08-31T21:04:31.605 
** Tour n. 8 at 2019-08-31T21:04:34.266 
** Tour n. 9 at 2019-08-31T21:04:36.478 
    2019-08-31T21:04:39.411 , Tour : 10, BEST: 2013 , bonus = 0.0 
fitness : 2013 
 code : *,>$,+.>*<--+++++-[+.,]*[!]>++,!*>-[[[+]*]+.,.,!,[!.!]<$>-]+$![+!]$+-$ 
 UInt8[0x01, 0x02] -> [3, 6] 
** Tour n. 10 at 2019-08-31T21:04:39.411 
** Tour n. 11 at 2019-08-31T21:04:43.398 
    2019-08-31T21:04:48.031 , Iteration : 5, BEST: 2033 , bonus = 0.0 
** Tour n. 12 at 2019-08-31T21:04:51.795 
** Tour n. 13 at 2019-08-31T21:04:55.674 
** Tour n. 14 at 2019-08-31T21:04:58.252 
    2019-08-31T21:05:01.026 , Tour : 15, BEST: 2041 , bonus = 0.0 
** Tour n. 15 at 2019-08-31T21:05:01.026 
** Tour n. 16 at 2019-08-31T21:05:03.908 
** Tour n. 17 at 2019-08-31T21:05:06.372 
** Tour n. 18 at 2019-08-31T21:05:08.825 
** Tour n. 19 at 2019-08-31T21:05:11.639 
    2019-08-31T21:05:14.309 , Tour : 20, BEST: 2041 , bonus = 0.0 
fitness : 2041 
 code : ,+>++$$+[<*.->><,+]**[*-,]*[!][*][[>>-[[[+]*]+.,.,!,[..*]-<.]-]+[$].>] 
 UInt8[0x00, 0x01] -> [2, 2] 
** Tour n. 20 at 2019-08-31T21:05:14.309 
** Tour n. 21 at 2019-08-31T21:05:17.481 
