targetFitness = 1024 
params : Main.GeneticAlgorithms.Types.GAParams(136, 1000000, 50, 150, 0.7, 0.01, true, IOStream(<file ../Results/logLogicalAnd.log>), 0.0, 1024.0, 0, 0) 
** Tour n. 1 at 2019-09-04T13:49:39.364 
** Tour n. 2 at 2019-09-04T13:49:41.358 
** Tour n. 3 at 2019-09-04T13:49:42.775 
** Tour n. 4 at 2019-09-04T13:49:44.165 
    2019-09-04T13:49:45.593 , Tour : 5, BEST: 1023 , bonus = 0.0 
** Tour n. 5 at 2019-09-04T13:49:45.593 
** Tour n. 6 at 2019-09-04T13:49:46.897 
** Tour n. 7 at 2019-09-04T13:49:48.503 
** Tour n. 8 at 2019-09-04T13:49:49.75 
** Tour n. 9 at 2019-09-04T13:49:51.042 
fitness : 1024 
 code : -<>>>,[,.>>,-,-<,>+[-+[-]>-<<-+-,.]<<..>].-]-,<>+< 
 UInt8[0x00, 0x00] -> 0 
 UInt8[0x01, 0x00] -> 0 
 UInt8[0x00, 0x01] -> 0 
 UInt8[0x01, 0x01] -> 1 
fitness 1024 
dna : [0.471465, 0.0287188, 0.222273, 0.194113, 0.134875, 0.688766, 0.835435, 0.733659, 0.507386, 0.144518, 0.170609, 0.726954, 0.387971, 0.706886, 0.44176, 0.00923724, 0.73466, 0.166363, 0.276002, 0.854896, 0.477976, 0.269902, 0.819494, 0.424137, 0.95833, 0.242612, 0.431075, 0.0139867, 0.0855958, 0.378311, 0.351395, 0.424038, 0.725601, 0.535692, 0.904659, 0.0904384, 0.0728494, 0.569804, 0.503711, 0.217217, 0.878733, 0.528542, 0.496601, 0.899917, 0.431473, 0.69913, 0.071814, 0.236899, 0.355261, 0.018466] 
