targetFitness = 1280 
params : Main.GeneticAlgorithms.Types.GAParams(100, 100000, 30, 150, 0.7, 0.01, true, IOStream(<file ../Results/logLengthString.log>), 0.0, 1280.0, 0, 0) 
** Tour n. 1 at 2019-08-31T16:55:37.044 
    2019-08-31T16:55:39.256 , Iteration : 5, BEST: 1212 , bonus = 9935.0 
    2019-08-31T16:55:40.157 , Iteration : 10, BEST: 1226 , bonus = 0.0 
fitness : 1226 
  code : ++++++++[+++[[.---,+,>-+++][+]  
 johnandjanesdfgjnsdkfjgjnrtkhreuitgure --> 11 
    2019-08-31T16:55:41.539 , Iteration : 15, BEST: 1229 , bonus = 0.0 
    2019-08-31T16:55:42.901 , Iteration : 20, BEST: 1231 , bonus = 0.0 
fitness : 1231 
  code : ++++++++++++++++[[.---,,>-+++]  
 johnandjanesdfgjnsdkfjgjnrtkhreuitgure --> 16 
** Tour n. 2 at 2019-08-31T16:55:43.457 
** Tour n. 3 at 2019-08-31T16:55:44.117 
** Tour n. 4 at 2019-08-31T16:55:44.789 
    2019-08-31T16:55:45.482 , Tour : 5, BEST: 1231 , bonus = 0.0 
** Tour n. 5 at 2019-08-31T16:55:45.482 
** Tour n. 6 at 2019-08-31T16:55:46.155 
** Tour n. 7 at 2019-08-31T16:55:46.808 
** Tour n. 8 at 2019-08-31T16:55:47.465 
** Tour n. 9 at 2019-08-31T16:55:48.179 
    2019-08-31T16:55:48.813 , Tour : 10, BEST: 1231 , bonus = 0.0 
fitness : 1231 
  code : ++++++++++++++++[[.---,,>-+++]  
 corio@domain.com --> 16 
** Tour n. 10 at 2019-08-31T16:55:48.813 
** Tour n. 11 at 2019-08-31T16:55:49.516 
** Tour n. 12 at 2019-08-31T16:55:50.193 
** Tour n. 13 at 2019-08-31T16:55:50.922 
** Tour n. 14 at 2019-08-31T16:55:51.586 
    2019-08-31T16:55:52.296 , Tour : 15, BEST: 1231 , bonus = 0.0 
** Tour n. 15 at 2019-08-31T16:55:52.296 
** Tour n. 16 at 2019-08-31T16:55:53.042 
** Tour n. 17 at 2019-08-31T16:55:53.715 
** Tour n. 18 at 2019-08-31T16:55:54.359 
** Tour n. 19 at 2019-08-31T16:55:55.014 
    2019-08-31T16:55:55.608 , Tour : 20, BEST: 1231 , bonus = 0.0 
fitness : 1231 
  code : ++++++++++++++++[[.---,,>-+++]  
 unknown-string-goes-here --> 16 
** Tour n. 20 at 2019-08-31T16:55:55.608 
** Tour n. 21 at 2019-08-31T16:55:56.292 
** Tour n. 22 at 2019-08-31T16:55:57.059 
** Tour n. 23 at 2019-08-31T16:55:57.742 
** Tour n. 24 at 2019-08-31T16:55:58.448 
    2019-08-31T16:55:59.06 , Tour : 25, BEST: 1231 , bonus = 0.0 
** Tour n. 25 at 2019-08-31T16:55:59.06 
** Tour n. 26 at 2019-08-31T16:55:59.719 
** Tour n. 27 at 2019-08-31T16:56:00.458 
** Tour n. 28 at 2019-08-31T16:56:01.183 
** Tour n. 29 at 2019-08-31T16:56:01.84 
    2019-08-31T16:56:02.525 , Tour : 30, BEST: 1231 , bonus = 0.0 
fitness : 1231 
  code : ++++++++++++++++[[.---,,>-+++]  
 mt@po.box --> 16 
** Tour n. 30 at 2019-08-31T16:56:02.525 
** Tour n. 31 at 2019-08-31T16:56:03.186 
** Tour n. 32 at 2019-08-31T16:56:03.858 
** Tour n. 33 at 2019-08-31T16:56:04.474 
** Tour n. 34 at 2019-08-31T16:56:05.179 
    2019-08-31T16:56:05.848 , Tour : 35, BEST: 1231 , bonus = 0.0 
** Tour n. 35 at 2019-08-31T16:56:05.848 
** Tour n. 36 at 2019-08-31T16:56:06.504 
** Tour n. 37 at 2019-08-31T16:56:07.146 
** Tour n. 38 at 2019-08-31T16:56:07.85 
** Tour n. 39 at 2019-08-31T16:56:08.521 
    2019-08-31T16:56:09.182 , Tour : 40, BEST: 1231 , bonus = 0.0 
fitness : 1231 
  code : ++++++++++++++++[[.---,,>-+++]  
 corio@domain.com --> 16 
** Tour n. 40 at 2019-08-31T16:56:09.182 
** Tour n. 41 at 2019-08-31T16:56:09.89 
** Tour n. 42 at 2019-08-31T16:56:10.659 
** Tour n. 43 at 2019-08-31T16:56:11.311 
** Tour n. 44 at 2019-08-31T16:56:12.068 
    2019-08-31T16:56:12.675 , Tour : 45, BEST: 1231 , bonus = 0.0 
** Tour n. 45 at 2019-08-31T16:56:12.675 
** Tour n. 46 at 2019-08-31T16:56:13.362 
** Tour n. 47 at 2019-08-31T16:56:14.021 
** Tour n. 48 at 2019-08-31T16:56:14.729 
** Tour n. 49 at 2019-08-31T16:56:15.489 
    2019-08-31T16:56:16.165 , Tour : 50, BEST: 1231 , bonus = 0.0 
fitness : 1231 
  code : ++++++++++++++++[[.---,,>-+++]  
 mt@po.box --> 16 
** Tour n. 50 at 2019-08-31T16:56:16.165 
** Tour n. 51 at 2019-08-31T16:56:16.881 
** Tour n. 52 at 2019-08-31T16:56:17.749 
** Tour n. 53 at 2019-08-31T16:56:18.563 
** Tour n. 54 at 2019-08-31T16:56:19.273 
    2019-08-31T16:56:19.962 , Tour : 55, BEST: 1231 , bonus = 0.0 
** Tour n. 55 at 2019-08-31T16:56:19.962 
** Tour n. 56 at 2019-08-31T16:56:20.624 
** Tour n. 57 at 2019-08-31T16:56:21.26 
** Tour n. 58 at 2019-08-31T16:56:21.966 
** Tour n. 59 at 2019-08-31T16:56:22.769 
    2019-08-31T16:56:23.513 , Tour : 60, BEST: 1231 , bonus = 0.0 
fitness : 1231 
  code : ++++++++++++++++[[.---,,>-+++]  
 mt@po.box --> 16 
** Tour n. 60 at 2019-08-31T16:56:23.513 
** Tour n. 61 at 2019-08-31T16:56:24.121 
** Tour n. 62 at 2019-08-31T16:56:24.762 
** Tour n. 63 at 2019-08-31T16:56:25.45 
** Tour n. 64 at 2019-08-31T16:56:26.096 
    2019-08-31T16:56:26.782 , Tour : 65, BEST: 1231 , bonus = 0.0 
** Tour n. 65 at 2019-08-31T16:56:26.782 
** Tour n. 66 at 2019-08-31T16:56:27.521 
** Tour n. 67 at 2019-08-31T16:56:28.164 
** Tour n. 68 at 2019-08-31T16:56:28.85 
** Tour n. 69 at 2019-08-31T16:56:29.599 
    2019-08-31T16:56:30.211 , Tour : 70, BEST: 1231 , bonus = 0.0 
fitness : 1231 
  code : ++++++++++++++++[[.---,,>-+++]  
 mt@po.box --> 16 
** Tour n. 70 at 2019-08-31T16:56:30.211 
** Tour n. 71 at 2019-08-31T16:56:30.797 
** Tour n. 72 at 2019-08-31T16:56:31.472 
** Tour n. 73 at 2019-08-31T16:56:32.252 
** Tour n. 74 at 2019-08-31T16:56:32.901 
    2019-08-31T16:56:33.532 , Tour : 75, BEST: 1231 , bonus = 0.0 
** Tour n. 75 at 2019-08-31T16:56:33.532 
** Tour n. 76 at 2019-08-31T16:56:34.202 
** Tour n. 77 at 2019-08-31T16:56:34.895 
** Tour n. 78 at 2019-08-31T16:56:35.684 
** Tour n. 79 at 2019-08-31T16:56:36.319 
    2019-08-31T16:56:36.978 , Tour : 80, BEST: 1231 , bonus = 0.0 
fitness : 1231 
  code : ++++++++++++++++[[.---,,>-+++]  
 johnandjanesdfgjnsdkfjgjnrtkhreuitgure --> 16 
** Tour n. 80 at 2019-08-31T16:56:36.978 
** Tour n. 81 at 2019-08-31T16:56:37.58 
** Tour n. 82 at 2019-08-31T16:56:38.297 
** Tour n. 83 at 2019-08-31T16:56:38.94 
** Tour n. 84 at 2019-08-31T16:56:39.695 
    2019-08-31T16:56:40.35 , Tour : 85, BEST: 1231 , bonus = 0.0 
** Tour n. 85 at 2019-08-31T16:56:40.35 
** Tour n. 86 at 2019-08-31T16:56:41.006 
** Tour n. 87 at 2019-08-31T16:56:41.785 
** Tour n. 88 at 2019-08-31T16:56:42.443 
** Tour n. 89 at 2019-08-31T16:56:43.083 
    2019-08-31T16:56:43.81 , Tour : 90, BEST: 1231 , bonus = 0.0 
fitness : 1231 
  code : ++++++++++++++++[[.---,,>-+++]  
 johnandjanesdfgjnsdkfjgjnrtkhreuitgure --> 16 
** Tour n. 90 at 2019-08-31T16:56:43.81 
** Tour n. 91 at 2019-08-31T16:56:44.454 
** Tour n. 92 at 2019-08-31T16:56:45.072 
** Tour n. 93 at 2019-08-31T16:56:45.797 
** Tour n. 94 at 2019-08-31T16:56:46.492 
    2019-08-31T16:56:47.241 , Tour : 95, BEST: 1231 , bonus = 0.0 
** Tour n. 95 at 2019-08-31T16:56:47.241 
** Tour n. 96 at 2019-08-31T16:56:47.93 
** Tour n. 97 at 2019-08-31T16:56:48.551 
** Tour n. 98 at 2019-08-31T16:56:49.21 
** Tour n. 99 at 2019-08-31T16:56:49.932 
    2019-08-31T16:56:50.561 , Tour : 100, BEST: 1231 , bonus = 0.0 
fitness : 1231 
  code : ++++++++++++++++[[.---,,>-+++]  
 unknown-string-goes-here --> 16 
** Tour n. 100 at 2019-08-31T16:56:50.561 
** Tour n. 101 at 2019-08-31T16:56:51.291 
** Tour n. 102 at 2019-08-31T16:56:51.998 
** Tour n. 103 at 2019-08-31T16:56:52.631 
** Tour n. 104 at 2019-08-31T16:56:53.363 
    2019-08-31T16:56:53.998 , Tour : 105, BEST: 1231 , bonus = 0.0 
** Tour n. 105 at 2019-08-31T16:56:53.998 
** Tour n. 106 at 2019-08-31T16:56:54.667 
** Tour n. 107 at 2019-08-31T16:56:55.342 
** Tour n. 108 at 2019-08-31T16:56:56.001 
** Tour n. 109 at 2019-08-31T16:56:56.654 
    2019-08-31T16:56:57.358 , Tour : 110, BEST: 1231 , bonus = 0.0 
fitness : 1231 
  code : ++++++++++++++++[[.---,,>-+++]  
 mt@po.box --> 16 
** Tour n. 110 at 2019-08-31T16:56:57.358 
** Tour n. 111 at 2019-08-31T16:56:57.995 
** Tour n. 112 at 2019-08-31T16:56:58.818 
** Tour n. 113 at 2019-08-31T16:56:59.5 
** Tour n. 114 at 2019-08-31T16:57:00.16 
    2019-08-31T16:57:00.821 , Tour : 115, BEST: 1231 , bonus = 0.0 
** Tour n. 115 at 2019-08-31T16:57:00.82 
** Tour n. 116 at 2019-08-31T16:57:01.465 
** Tour n. 117 at 2019-08-31T16:57:02.163 
** Tour n. 118 at 2019-08-31T16:57:02.911 
** Tour n. 119 at 2019-08-31T16:57:03.579 
    2019-08-31T16:57:04.2 , Tour : 120, BEST: 1231 , bonus = 0.0 
fitness : 1231 
  code : ++++++++++++++++[[.---,,>-+++]  
 mt@po.box --> 16 
** Tour n. 120 at 2019-08-31T16:57:04.2 
** Tour n. 121 at 2019-08-31T16:57:05.006 
** Tour n. 122 at 2019-08-31T16:57:05.741 
** Tour n. 123 at 2019-08-31T16:57:06.417 
** Tour n. 124 at 2019-08-31T16:57:07.084 
    2019-08-31T16:57:07.752 , Tour : 125, BEST: 1231 , bonus = 0.0 
** Tour n. 125 at 2019-08-31T16:57:07.752 
** Tour n. 126 at 2019-08-31T16:57:08.425 
** Tour n. 127 at 2019-08-31T16:57:09.077 
** Tour n. 128 at 2019-08-31T16:57:09.843 
** Tour n. 129 at 2019-08-31T16:57:10.509 
    2019-08-31T16:57:11.156 , Tour : 130, BEST: 1231 , bonus = 0.0 
fitness : 1231 
  code : ++++++++++++++++[[.---,,>-+++]  
 mt@po.box --> 16 
** Tour n. 130 at 2019-08-31T16:57:11.156 
** Tour n. 131 at 2019-08-31T16:57:11.91 
** Tour n. 132 at 2019-08-31T16:57:12.568 
** Tour n. 133 at 2019-08-31T16:57:13.227 
** Tour n. 134 at 2019-08-31T16:57:13.847 
    2019-08-31T16:57:14.562 , Tour : 135, BEST: 1231 , bonus = 0.0 
** Tour n. 135 at 2019-08-31T16:57:14.562 
** Tour n. 136 at 2019-08-31T16:57:15.25 
** Tour n. 137 at 2019-08-31T16:57:16.011 
** Tour n. 138 at 2019-08-31T16:57:16.656 
** Tour n. 139 at 2019-08-31T16:57:17.321 
    2019-08-31T16:57:17.959 , Tour : 140, BEST: 1231 , bonus = 0.0 
fitness : 1231 
  code : ++++++++++++++++[[.---,,>-+++]  
 johnandjanesdfgjnsdkfjgjnrtkhreuitgure --> 16 
** Tour n. 140 at 2019-08-31T16:57:17.959 
** Tour n. 141 at 2019-08-31T16:57:18.707 
** Tour n. 142 at 2019-08-31T16:57:19.444 
** Tour n. 143 at 2019-08-31T16:57:20.103 
** Tour n. 144 at 2019-08-31T16:57:20.708 
    2019-08-31T16:57:21.42 , Tour : 145, BEST: 1231 , bonus = 0.0 
** Tour n. 145 at 2019-08-31T16:57:21.42 
** Tour n. 146 at 2019-08-31T16:57:22.116 
** Tour n. 147 at 2019-08-31T16:57:22.919 
** Tour n. 148 at 2019-08-31T16:57:23.59 
** Tour n. 149 at 2019-08-31T16:57:24.364 
    2019-08-31T16:57:25.045 , Tour : 150, BEST: 1231 , bonus = 0.0 
fitness : 1231 
  code : ++++++++++++++++[[.---,,>-+++]  
 mt@po.box --> 16 
** Tour n. 150 at 2019-08-31T16:57:25.045 
** Tour n. 151 at 2019-08-31T16:57:25.788 
** Tour n. 152 at 2019-08-31T16:57:26.486 
** Tour n. 153 at 2019-08-31T16:57:27.168 
** Tour n. 154 at 2019-08-31T16:57:27.861 
    2019-08-31T16:57:28.502 , Tour : 155, BEST: 1231 , bonus = 0.0 
** Tour n. 155 at 2019-08-31T16:57:28.502 
** Tour n. 156 at 2019-08-31T16:57:29.1 
** Tour n. 157 at 2019-08-31T16:57:29.789 
** Tour n. 158 at 2019-08-31T16:57:30.53 
** Tour n. 159 at 2019-08-31T16:57:31.253 
    2019-08-31T16:57:31.902 , Tour : 160, BEST: 1231 , bonus = 0.0 
fitness : 1231 
  code : ++++++++++++++++[[.---,,>-+++]  
 johnandjanesdfgjnsdkfjgjnrtkhreuitgure --> 16 
** Tour n. 160 at 2019-08-31T16:57:31.902 
** Tour n. 161 at 2019-08-31T16:57:32.661 
** Tour n. 162 at 2019-08-31T16:57:33.425 
** Tour n. 163 at 2019-08-31T16:57:34.102 
** Tour n. 164 at 2019-08-31T16:57:34.697 
    2019-08-31T16:57:35.487 , Tour : 165, BEST: 1231 , bonus = 0.0 
** Tour n. 165 at 2019-08-31T16:57:35.487 
** Tour n. 166 at 2019-08-31T16:57:36.194 
** Tour n. 167 at 2019-08-31T16:57:36.933 
** Tour n. 168 at 2019-08-31T16:57:37.68 
** Tour n. 169 at 2019-08-31T16:57:38.382 
    2019-08-31T16:57:38.994 , Tour : 170, BEST: 1231 , bonus = 0.0 
fitness : 1231 
  code : ++++++++++++++++[[.---,,>-+++]  
 test --> 16 
** Tour n. 170 at 2019-08-31T16:57:38.994 
** Tour n. 171 at 2019-08-31T16:57:39.731 
** Tour n. 172 at 2019-08-31T16:57:40.382 
** Tour n. 173 at 2019-08-31T16:57:40.998 
** Tour n. 174 at 2019-08-31T16:57:41.671 
    2019-08-31T16:57:42.423 , Tour : 175, BEST: 1231 , bonus = 0.0 
** Tour n. 175 at 2019-08-31T16:57:42.423 
** Tour n. 176 at 2019-08-31T16:57:43.204 
** Tour n. 177 at 2019-08-31T16:57:43.94 
** Tour n. 178 at 2019-08-31T16:57:44.596 
** Tour n. 179 at 2019-08-31T16:57:45.307 
    2019-08-31T16:57:45.957 , Tour : 180, BEST: 1231 , bonus = 0.0 
fitness : 1231 
  code : ++++++++++++++++[[.---,,>-+++]  
 test --> 16 
** Tour n. 180 at 2019-08-31T16:57:45.957 
** Tour n. 181 at 2019-08-31T16:57:46.7 
** Tour n. 182 at 2019-08-31T16:57:47.336 
** Tour n. 183 at 2019-08-31T16:57:48.041 
** Tour n. 184 at 2019-08-31T16:57:48.891 
    2019-08-31T16:57:49.622 , Tour : 185, BEST: 1231 , bonus = 0.0 
** Tour n. 185 at 2019-08-31T16:57:49.621 
** Tour n. 186 at 2019-08-31T16:57:50.241 
** Tour n. 187 at 2019-08-31T16:57:50.902 
** Tour n. 188 at 2019-08-31T16:57:51.562 
** Tour n. 189 at 2019-08-31T16:57:52.23 
    2019-08-31T16:57:52.997 , Tour : 190, BEST: 1231 , bonus = 0.0 
fitness : 1231 
  code : ++++++++++++++++[[.---,,>-+++]  
 test --> 16 
** Tour n. 190 at 2019-08-31T16:57:52.997 
** Tour n. 191 at 2019-08-31T16:57:53.664 
** Tour n. 192 at 2019-08-31T16:57:54.355 
** Tour n. 193 at 2019-08-31T16:57:55.055 
** Tour n. 194 at 2019-08-31T16:57:55.672 
    2019-08-31T16:57:56.325 , Tour : 195, BEST: 1231 , bonus = 0.0 
** Tour n. 195 at 2019-08-31T16:57:56.325 
** Tour n. 196 at 2019-08-31T16:57:56.989 
** Tour n. 197 at 2019-08-31T16:57:57.622 
** Tour n. 198 at 2019-08-31T16:57:58.199 
fitness : 1280 
  code : ,[[++,>+<]+->.].<,,[,<][-.]<,,  
 unknown-string-goes-here --> 24 
fitness 1280 
dna : [0.745839, 0.776505, 0.774861, 0.372253, 0.309357, 0.633617, 0.146405, 0.275114, 0.117126, 0.934117, 0.294509, 0.486443, 0.20289, 0.510846, 0.909347, 0.606538, 0.0534259, 0.641871, 0.627003, 0.824907, 0.723882, 0.0393657, 0.942615, 0.815956, 0.477015, 0.601579, 0.935703, 0.0297665, 0.734582, 0.701707] 
