targetFitness = 1024 
params : Main.GeneticAlgorithms.Types.GAParams(136, 1000000, 50, 150, 0.7, 0.01, true, IOStream(<file ../Results/logLogicalXor.log>), 0.0, 1024.0, 0, 0) 
** Tour n. 1 at 2019-08-31T15:37:47.223 
** Tour n. 2 at 2019-08-31T15:37:48.945 
** Tour n. 3 at 2019-08-31T15:37:49.77 
** Tour n. 4 at 2019-08-31T15:37:50.473 
    2019-08-31T15:37:51.174 , Tour : 5, BEST: 1022 , bonus = 0.0 
** Tour n. 5 at 2019-08-31T15:37:51.174 
** Tour n. 6 at 2019-08-31T15:37:51.949 
** Tour n. 7 at 2019-08-31T15:37:52.673 
** Tour n. 8 at 2019-08-31T15:37:53.425 
** Tour n. 9 at 2019-08-31T15:37:54.165 
    2019-08-31T15:37:54.946 , Tour : 10, BEST: 1022 , bonus = 0.0 
fitness : 1022 
 code : ,-[,.].>,+,-.-[><.]>>,<+>+-,+<>+,++,-[---[>>-+]>,- 
 UInt8[0x00, 0x00] -> 0 
 UInt8[0x01, 0x00] -> 0 
 UInt8[0x00, 0x01] -> 1 
 UInt8[0x01, 0x01] -> 0 
** Tour n. 10 at 2019-08-31T15:37:54.946 
** Tour n. 11 at 2019-08-31T15:37:55.867 
** Tour n. 12 at 2019-08-31T15:37:56.774 
** Tour n. 13 at 2019-08-31T15:37:57.615 
** Tour n. 14 at 2019-08-31T15:37:58.345 
    2019-08-31T15:37:59.232 , Tour : 15, BEST: 1022 , bonus = 0.0 
** Tour n. 15 at 2019-08-31T15:37:59.232 
** Tour n. 16 at 2019-08-31T15:38:00.095 
** Tour n. 17 at 2019-08-31T15:38:00.957 
** Tour n. 18 at 2019-08-31T15:38:01.885 
** Tour n. 19 at 2019-08-31T15:38:02.69 
    2019-08-31T15:38:03.395 , Tour : 20, BEST: 1022 , bonus = 0.0 
fitness : 1022 
 code : ,-[,.].>,+,-.-[><.]>>,<+>+-,+<>+,++,-[---[>>-+]>,- 
 UInt8[0x00, 0x00] -> 0 
 UInt8[0x01, 0x00] -> 0 
 UInt8[0x00, 0x01] -> 1 
 UInt8[0x01, 0x01] -> 0 
** Tour n. 20 at 2019-08-31T15:38:03.395 
** Tour n. 21 at 2019-08-31T15:38:04.131 
** Tour n. 22 at 2019-08-31T15:38:04.846 
** Tour n. 23 at 2019-08-31T15:38:05.563 
** Tour n. 24 at 2019-08-31T15:38:06.338 
    2019-08-31T15:38:07.003 , Tour : 25, BEST: 1022 , bonus = 0.0 
** Tour n. 25 at 2019-08-31T15:38:07.003 
** Tour n. 26 at 2019-08-31T15:38:07.826 
** Tour n. 27 at 2019-08-31T15:38:08.554 
** Tour n. 28 at 2019-08-31T15:38:09.535 
** Tour n. 29 at 2019-08-31T15:38:10.409 
    2019-08-31T15:38:11.204 , Tour : 30, BEST: 1022 , bonus = 0.0 
fitness : 1022 
 code : ,-[,.].>,+,-.-[><.]>>,<+>+-,+<>+,++,-[---[>>-+]>,- 
 UInt8[0x00, 0x00] -> 0 
 UInt8[0x01, 0x00] -> 0 
 UInt8[0x00, 0x01] -> 1 
 UInt8[0x01, 0x01] -> 0 
** Tour n. 30 at 2019-08-31T15:38:11.204 
** Tour n. 31 at 2019-08-31T15:38:12.071 
** Tour n. 32 at 2019-08-31T15:38:12.827 
** Tour n. 33 at 2019-08-31T15:38:13.625 
** Tour n. 34 at 2019-08-31T15:38:14.321 
    2019-08-31T15:38:15.16 , Tour : 35, BEST: 1022 , bonus = 0.0 
** Tour n. 35 at 2019-08-31T15:38:15.16 
** Tour n. 36 at 2019-08-31T15:38:15.999 
** Tour n. 37 at 2019-08-31T15:38:16.783 
** Tour n. 38 at 2019-08-31T15:38:17.638 
** Tour n. 39 at 2019-08-31T15:38:18.422 
    2019-08-31T15:38:19.249 , Tour : 40, BEST: 1022 , bonus = 0.0 
fitness : 1022 
 code : ,-[,.].>,+,-.-[><.]>>,<+>+-,+<>+,++,-[---[>>-+]>,- 
 UInt8[0x00, 0x00] -> 0 
 UInt8[0x01, 0x00] -> 0 
 UInt8[0x00, 0x01] -> 1 
 UInt8[0x01, 0x01] -> 0 
** Tour n. 40 at 2019-08-31T15:38:19.249 
** Tour n. 41 at 2019-08-31T15:38:20.065 
** Tour n. 42 at 2019-08-31T15:38:20.927 
** Tour n. 43 at 2019-08-31T15:38:21.774 
** Tour n. 44 at 2019-08-31T15:38:22.562 
    2019-08-31T15:38:23.363 , Tour : 45, BEST: 1022 , bonus = 0.0 
** Tour n. 45 at 2019-08-31T15:38:23.363 
** Tour n. 46 at 2019-08-31T15:38:24.199 
** Tour n. 47 at 2019-08-31T15:38:25.018 
** Tour n. 48 at 2019-08-31T15:38:25.743 
** Tour n. 49 at 2019-08-31T15:38:26.426 
    2019-08-31T15:38:27.107 , Tour : 50, BEST: 1022 , bonus = 0.0 
fitness : 1022 
 code : ,-[,.].>,+,-.-[><.]>>,<+>+-,+<>+,++,-[---[>>-+]>,- 
 UInt8[0x00, 0x00] -> 0 
 UInt8[0x01, 0x00] -> 0 
 UInt8[0x00, 0x01] -> 1 
 UInt8[0x01, 0x01] -> 0 
** Tour n. 50 at 2019-08-31T15:38:27.107 
** Tour n. 51 at 2019-08-31T15:38:27.816 
** Tour n. 52 at 2019-08-31T15:38:28.679 
** Tour n. 53 at 2019-08-31T15:38:29.555 
** Tour n. 54 at 2019-08-31T15:38:30.418 
    2019-08-31T15:38:31.091 , Tour : 55, BEST: 1022 , bonus = 0.0 
** Tour n. 55 at 2019-08-31T15:38:31.091 
** Tour n. 56 at 2019-08-31T15:38:31.925 
** Tour n. 57 at 2019-08-31T15:38:32.743 
** Tour n. 58 at 2019-08-31T15:38:33.573 
fitness : 1024 
 code : ,-[,.],[,.++.-[><.>.<.+.>+-,+<.,><-,.],.]>-+-,+.,[ 
 UInt8[0x00, 0x00] -> 0 
 UInt8[0x01, 0x00] -> 1 
 UInt8[0x00, 0x01] -> 1 
 UInt8[0x01, 0x01] -> 0 
fitness 1024 
dna : [0.712027, 0.49192, 0.80168, 0.705145, 0.566814, 0.993772, 0.740682, 0.835514, 0.628608, 0.509939, 0.325126, 0.34846, 0.538475, 0.481271, 0.788346, 0.188717, 0.112318, 0.55648, 0.146878, 0.549888, 0.119018, 0.562607, 0.275583, 0.519139, 0.24066, 0.322096, 0.479268, 0.661314, 0.331032, 0.0580984, 0.605257, 0.675838, 0.204815, 0.0588088, 0.49014, 0.639809, 0.512112, 0.946822, 0.681009, 0.503424, 0.973028, 0.155501, 0.390401, 0.356161, 0.448555, 0.729409, 0.354435, 0.506593, 0.740339, 0.870071] 
