targetFitness = 1024
params : Main.GeneticAlgorithms.Types.GAParams(136, 1000000, 150, 150, 0.7, 0.01, true, IOStream(<file ../Results/logLogicalXor.log>), 0.0, 1024.0, 0, 0)
** Tour n. 1 at 2019-08-21T14:30:52.489
    2019-08-21T14:31:01.305 , Gen : 1 , BEST: 1023 ,
    2019-08-21T14:31:06.641 , Gen : 1 , BEST: 1023 ,
    2019-08-21T14:31:12.539 , Gen : 1 , BEST: 1023 ,
    2019-08-21T14:31:17.751 , Gen : 1 , BEST: 1023 ,
    2019-08-21T14:31:22.17 , Gen : 1 , BEST: 1023 ,
fitness : 1023
 code : >>,[.]+[+,.+><][],<+],[]+]++]][.],[,[,[+>,<]+-.]-[<.,-[<.,>-.[.<]><],,,],>,]<+--[>>..-]>,]>+--,[]>,-<[+[.-<.<-<]>.++<,+[><+-.<<>>.><-]<+]>+-+><[,[++,[
 UInt8[0x00, 0x00] -> 0 
 UInt8[0x01, 0x00] -> 1
 UInt8[0x00, 0x01] -> 1
 UInt8[0x01, 0x01] -> 1
    2019-08-21T14:31:27.079 , Gen : 1 , BEST: 1023 ,
    2019-08-21T14:31:30.006 , Gen : 1 , BEST: 1023 ,
    2019-08-21T14:31:32.498 , Gen : 1 , BEST: 1023 ,
    2019-08-21T14:31:35.788 , Gen : 1 , BEST: 1023 ,
    2019-08-21T14:31:38.561 , Gen : 1 , BEST: 1023 ,
fitness : 1023
 code : -[[,]+[>>,.[,]-[>--]<-[-<,-+.>.<>[.+>,<<>-,-,--<-[[>,]->.-<>,<<+,<-,[>+<[-[+<[---+>[><.,,[-<[-+->][>][+-+.<[->-,+>,,[+.[,<.<..>,>]<-<>>+->.--,>.+,,-[]
 UInt8[0x00, 0x00] -> 0
 UInt8[0x01, 0x00] -> 0
 UInt8[0x00, 0x01] -> 1
 UInt8[0x01, 0x01] -> 0
    2019-08-21T14:31:40.89 , Gen : 1 , BEST: 1023 ,
** Tour n. 2 at 2019-08-21T14:31:41.725
    2019-08-21T14:31:46.054 , Gen : 1 , BEST: 1023 ,
    2019-08-21T14:31:49.13 , Gen : 1 , BEST: 1023 ,
    2019-08-21T14:31:52.812 , Gen : 1 , BEST: 1023 ,
    2019-08-21T14:31:56.139 , Gen : 1 , BEST: 1023 ,
    2019-08-21T14:31:58.896 , Gen : 1 , BEST: 1023 ,
fitness : 1023
 code : -[[,]+[>>,.[,]-[>--]<-[-<,-+.>.<>[.+>,<<>-,-,--<-[[>,]->.-<>,<<+,<-,[>+<[-[+<[---+>[><.,,[-<[-+->][>][+-+.<[->-,+>,,[+.[,<.<..>,>]<-<>>+->.--,>.+,,-[]
 UInt8[0x00, 0x00] -> 0
 UInt8[0x01, 0x00] -> 0
 UInt8[0x00, 0x01] -> 1
 UInt8[0x01, 0x01] -> 0
** Tour n. 3 at 2019-08-21T14:32:01.034
    2019-08-21T14:32:07.787 , Gen : 1 , BEST: 1023 ,
    2019-08-21T14:32:13.421 , Gen : 1 , BEST: 1023 ,
    2019-08-21T14:32:19.802 , Gen : 1 , BEST: 1023 ,
    2019-08-21T14:32:25.391 , Gen : 1 , BEST: 1023 ,
    2019-08-21T14:32:29.981 , Gen : 1 , BEST: 1023 ,
fitness : 1023
 code : ,[[.]+.]+,..>+>[<]-[][-]+[],>+<].[.,-..>,,.+>[]+-.]-[<,>]],]+,+><-,-<,><-],,..-[]<[---[>.+[[.><<]].[,]<[<][[[+,<,],,+[<[].++[]-+...,[>.+]--<.+]+->++[[
 UInt8[0x00, 0x00] -> 0
 UInt8[0x01, 0x00] -> 1
 UInt8[0x00, 0x01] -> 1
 UInt8[0x01, 0x01] -> 1
    2019-08-21T14:32:35.269 , Gen : 1 , BEST: 1023 ,
    2019-08-21T14:32:39.71 , Gen : 1 , BEST: 1023 ,
    2019-08-21T14:32:43.593 , Gen : 1 , BEST: 1023 ,
** Tour n. 4 at 2019-08-21T14:32:45.617
    2019-08-21T14:32:50.856 , Gen : 1 , BEST: 1023 ,
    2019-08-21T14:32:54.637 , Gen : 1 , BEST: 1023 ,
    2019-08-21T14:32:59.263 , Gen : 1 , BEST: 1023 ,
    2019-08-21T14:33:03.582 , Gen : 1 , BEST: 1023 ,
    2019-08-21T14:33:07.36 , Gen : 1 , BEST: 1023 ,
fitness : 1023
 code : ,[[.]+.]+,..>+>[<]-[][-]+[],>+<].[.,-..>,,.+>[]+-.]-[<,>]],]+,+><-,-<,><-],,..-[]<[---[>.+[[.><<]].[,]<[<][[[+,<,],,+[<[].++[]-+...,[>.+]--<.+]+->++[[
 UInt8[0x00, 0x00] -> 0
 UInt8[0x01, 0x00] -> 1
 UInt8[0x00, 0x01] -> 1
 UInt8[0x01, 0x01] -> 1
** Tour n. 5 at 2019-08-21T14:33:10.101
    2019-08-21T14:33:16 , Gen : 1 , BEST: 1023 ,
    2019-08-21T14:33:20.296 , Gen : 1 , BEST: 1023 ,
    2019-08-21T14:33:25.089 , Gen : 1 , BEST: 1023 ,
    2019-08-21T14:33:29.595 , Gen : 1 , BEST: 1023 ,
    2019-08-21T14:33:33.775 , Gen : 1 , BEST: 1023 ,
fitness : 1023
 code : +[[,]+>>,.[,]-[[.]-]+-<,]+.>.>>[,+,<<,<.,,.-<+<<,,],-,-+-,-<,-,<>>.<]++<[>+.>>><,<,<<<[-[-]<<]],,+-+.<[,--,+[+,<[]<.],+.<<,<>--<.><<->->>>.+,,.---[[[.
 UInt8[0x00, 0x00] -> 0
 UInt8[0x01, 0x00] -> 0
 UInt8[0x00, 0x01] -> 1
 UInt8[0x01, 0x01] -> 0
** Tour n. 6 at 2019-08-21T14:33:36.996
    2019-08-21T14:33:44.768 , Gen : 1 , BEST: 1023 ,
    2019-08-21T14:33:50.396 , Gen : 1 , BEST: 1023 ,
    2019-08-21T14:33:56.96 , Gen : 1 , BEST: 1023 ,
    2019-08-21T14:34:02.904 , Gen : 1 , BEST: 1023 ,
    2019-08-21T14:34:07.467 , Gen : 1 , BEST: 1023 ,
fitness : 1023
 code : ---[[,]+>>>,.[,]-[>--]]+[-,<,+.>><>>++<,<>-,--<+--[[]-]->.,->,<<<,<.<[++<[-[+<>--->>>[-.-]<[<[->+-+.[][+<[.<,-[><+>+,[,].<.-..>]<-->->-+.>.->,+.<[,[][
 UInt8[0x00, 0x00] -> 0
 UInt8[0x01, 0x00] -> 0
 UInt8[0x00, 0x01] -> 1
 UInt8[0x01, 0x01] -> 0
** Tour n. 7 at 2019-08-21T14:34:10.689
    2019-08-21T14:34:17.015 , Gen : 1 , BEST: 1023 ,
    2019-08-21T14:34:21.633 , Gen : 1 , BEST: 1023 ,
    2019-08-21T14:34:27.018 , Gen : 1 , BEST: 1024 ,
    2019-08-21T14:34:32.724 , Gen : 1 , BEST: 1024 ,
    2019-08-21T14:34:37.706 , Gen : 1 , BEST: 1024 ,
fitness : 1024
 code : ,[,[>.]+.],...++>[]-[]]]]+[,]++]]....->.,.,>[][]+-.+-[<,>]],[+,-><<>><,><,].+..-[+<----[>[>[[<>].[]],,]<[[][[,[+,],,[,[[<[]]-+[]-+>..>+-+,-,>.+]+-++[[
 UInt8[0x00, 0x00] -> 0
 UInt8[0x01, 0x00] -> 1
 UInt8[0x00, 0x01] -> 1
 UInt8[0x01, 0x01] -> 0
    2019-08-21T14:34:43.57 , Gen : 1 , BEST: 1024 ,
    2019-08-21T14:34:49.192 , Gen : 1 , BEST: 1024 ,
fitness : 1024
 code : ,[,[>.]+.],...++>[]-[]]]]+[,]++]]....->.,.,>[][]+-.+-[<,>]],[+,-><<>><,><,].+..-[+<----[>[>[[<>].[]],,]<[[][[,[+,],,[,[[<[]]-+[]-+>..>+-+,-,>.+]+-++[[
 UInt8[0x00, 0x00] -> 0
 UInt8[0x01, 0x00] -> 1
 UInt8[0x00, 0x01] -> 1
 UInt8[0x01, 0x01] -> 0
fitness 1024
dna : [0.679011, 0.834563, 0.673407, 0.846699, 0.14844, 0.552134, 0.979682, 0.293371, 0.565829, 0.908697, 0.729608, 0.59932, 0.622429, 0.622429, 0.319467, 0.319467, 0.198863, 0.861123, 0.928221, 0.430135, 0.825347, 0.900318, 0.906535, 0.967127, 0.906535, 0.365995, 0.766294, 0.726125, 0.911162, 0.322622, 0.322622, 0.972076, 0.972076, 0.598257, 0.598257, 0.598257, 0.525936, 0.499556, 0.237652, 0.5137, 0.673179, 0.587842, 0.673179, 0.213626, 0.779611, 0.918777, 0.779611, 0.918777, 0.26203, 0.463877, 0.515295, 0.341002, 0.463877, 0.836334, 0.000668726, 0.629573, 0.184386, 0.938048, 0.91798, 0.714983, 0.827836, 0.341196, 0.732554, 0.41984, 0.149065, 0.0740017, 0.0740017, 0.145629, 0.145629, 0.0740017, 0.742534, 0.145629, 0.0819669, 0.748329, 0.926218, 0.529391, 0.283836, 0.572969, 0.529391, 0.405069, 0.854025, 0.269688, 0.120961, 0.408503, 0.427917, 0.498566, 0.408503, 0.750657, 0.236446, 0.758625, 0.148503, 0.755265, 0.785331, 0.0269201, 0.221745, 0.973581, 0.590394, 0.868936, 0.973581, 0.999959, 0.627096, 0.702906, 0.999959, 0.0557923, 0.796657, 0.861614, 0.946384, 0.796657, 0.861614, 0.647115, 0.85735, 0.337862, 0.732701, 0.899528, 0.630625, 0.639305, 0.831089, 0.649993, 0.790451, 0.831089, 0.0492492, 0.790451, 0.920475, 0.905784, 0.497161, 0.283841, 0.806832, 0.905784, 0.413908, 0.297629, 0.231188, 0.607774, 0.575979, 0.211279, 0.26142, 0.384539, 0.304396, 0.720409, 0.384539, 0.649302, 0.171651, 0.599747, 0.252516, 0.913966, 0.362923, 0.437781, 0.267438, 0.260717, 0.834563, 0.863364]
