targetFitness = 1280 
params : Main.GeneticAlgorithms.Types.GAParams(100, 100000, 30, 150, 0.7, 0.01, true, IOStream(<file ../Results/logLengthString.log>), 0.0, 1280.0, 0, 0) 
** Tour n. 1 at 2019-08-31T15:46:24.547 
    2019-08-31T15:46:27.082 , Iteration : 5, BEST: 1221 , bonus = 0.0 
    2019-08-31T15:46:28.665 , Iteration : 10, BEST: 1226 , bonus = 0.0 
fitness : 1226 
  code : +++++++++++.--+,[><],,,..[.><,  
 johnandjanesdfgjnsdkfjgjnrtkhreuitgure --> 11 
    2019-08-31T15:46:29.903 , Iteration : 15, BEST: 1228 , bonus = 0.0 
** Tour n. 2 at 2019-08-31T15:46:30.695 
** Tour n. 3 at 2019-08-31T15:46:31.659 
** Tour n. 4 at 2019-08-31T15:46:32.71 
    2019-08-31T15:46:33.415 , Tour : 5, BEST: 1231 , bonus = 0.0 
** Tour n. 5 at 2019-08-31T15:46:33.415 
** Tour n. 6 at 2019-08-31T15:46:34.2 
** Tour n. 7 at 2019-08-31T15:46:34.857 
** Tour n. 8 at 2019-08-31T15:46:35.557 
** Tour n. 9 at 2019-08-31T15:46:36.389 
    2019-08-31T15:46:37.154 , Tour : 10, BEST: 1231 , bonus = 0.0 
fitness : 1231 
  code : ++++++++++++++++.-,[><],,<,<[-  
 test --> 16 
** Tour n. 10 at 2019-08-31T15:46:37.154 
** Tour n. 11 at 2019-08-31T15:46:37.921 
** Tour n. 12 at 2019-08-31T15:46:38.693 
** Tour n. 13 at 2019-08-31T15:46:39.386 
** Tour n. 14 at 2019-08-31T15:46:40.107 
    2019-08-31T15:46:40.814 , Tour : 15, BEST: 1231 , bonus = 0.0 
** Tour n. 15 at 2019-08-31T15:46:40.814 
** Tour n. 16 at 2019-08-31T15:46:41.544 
** Tour n. 17 at 2019-08-31T15:46:42.315 
** Tour n. 18 at 2019-08-31T15:46:43.003 
** Tour n. 19 at 2019-08-31T15:46:43.701 
    2019-08-31T15:46:44.452 , Tour : 20, BEST: 1231 , bonus = 0.0 
fitness : 1231 
  code : ++++++++++++++++.-,[><],,<,<[-  
 test --> 16 
** Tour n. 20 at 2019-08-31T15:46:44.452 
** Tour n. 21 at 2019-08-31T15:46:45.168 
** Tour n. 22 at 2019-08-31T15:46:45.985 
** Tour n. 23 at 2019-08-31T15:46:46.686 
** Tour n. 24 at 2019-08-31T15:46:47.347 
    2019-08-31T15:46:48.039 , Tour : 25, BEST: 1231 , bonus = 0.0 
** Tour n. 25 at 2019-08-31T15:46:48.039 
** Tour n. 26 at 2019-08-31T15:46:48.856 
** Tour n. 27 at 2019-08-31T15:46:49.696 
** Tour n. 28 at 2019-08-31T15:46:50.404 
** Tour n. 29 at 2019-08-31T15:46:51.138 
    2019-08-31T15:46:51.805 , Tour : 30, BEST: 1231 , bonus = 0.0 
fitness : 1231 
  code : ++++++++++++++++.-,[><],,<,<[-  
 unknown-string-goes-here --> 16 
** Tour n. 30 at 2019-08-31T15:46:51.805 
** Tour n. 31 at 2019-08-31T15:46:52.584 
** Tour n. 32 at 2019-08-31T15:46:53.265 
** Tour n. 33 at 2019-08-31T15:46:54.019 
** Tour n. 34 at 2019-08-31T15:46:54.689 
    2019-08-31T15:46:55.453 , Tour : 35, BEST: 1231 , bonus = 0.0 
** Tour n. 35 at 2019-08-31T15:46:55.453 
** Tour n. 36 at 2019-08-31T15:46:56.118 
** Tour n. 37 at 2019-08-31T15:46:56.82 
** Tour n. 38 at 2019-08-31T15:46:57.51 
** Tour n. 39 at 2019-08-31T15:46:58.324 
    2019-08-31T15:46:59.062 , Tour : 40, BEST: 1231 , bonus = 0.0 
fitness : 1231 
  code : ++++++++++++++++.-,[><],,<,<[-  
 johnandjanesdfgjnsdkfjgjnrtkhreuitgure --> 16 
** Tour n. 40 at 2019-08-31T15:46:59.062 
** Tour n. 41 at 2019-08-31T15:46:59.789 
** Tour n. 42 at 2019-08-31T15:47:00.507 
** Tour n. 43 at 2019-08-31T15:47:01.253 
** Tour n. 44 at 2019-08-31T15:47:01.921 
    2019-08-31T15:47:02.67 , Tour : 45, BEST: 1231 , bonus = 0.0 
** Tour n. 45 at 2019-08-31T15:47:02.67 
** Tour n. 46 at 2019-08-31T15:47:03.441 
** Tour n. 47 at 2019-08-31T15:47:04.286 
** Tour n. 48 at 2019-08-31T15:47:05.068 
** Tour n. 49 at 2019-08-31T15:47:05.816 
    2019-08-31T15:47:06.558 , Tour : 50, BEST: 1231 , bonus = 0.0 
fitness : 1231 
  code : ++++++++++++++++.-,[><],,<,<[-  
 unknown-string-goes-here --> 16 
** Tour n. 50 at 2019-08-31T15:47:06.558 
** Tour n. 51 at 2019-08-31T15:47:07.243 
** Tour n. 52 at 2019-08-31T15:47:07.928 
** Tour n. 53 at 2019-08-31T15:47:08.699 
** Tour n. 54 at 2019-08-31T15:47:09.416 
    2019-08-31T15:47:10.161 , Tour : 55, BEST: 1231 , bonus = 0.0 
** Tour n. 55 at 2019-08-31T15:47:10.161 
** Tour n. 56 at 2019-08-31T15:47:10.887 
** Tour n. 57 at 2019-08-31T15:47:11.554 
** Tour n. 58 at 2019-08-31T15:47:12.237 
** Tour n. 59 at 2019-08-31T15:47:12.95 
    2019-08-31T15:47:13.716 , Tour : 60, BEST: 1231 , bonus = 0.0 
fitness : 1231 
  code : ++++++++++++++++.-,[><],,<,<[-  
 corio@domain.com --> 16 
** Tour n. 60 at 2019-08-31T15:47:13.716 
** Tour n. 61 at 2019-08-31T15:47:14.431 
** Tour n. 62 at 2019-08-31T15:47:15.102 
** Tour n. 63 at 2019-08-31T15:47:15.812 
** Tour n. 64 at 2019-08-31T15:47:16.614 
    2019-08-31T15:47:17.27 , Tour : 65, BEST: 1231 , bonus = 0.0 
** Tour n. 65 at 2019-08-31T15:47:17.27 
** Tour n. 66 at 2019-08-31T15:47:18.088 
** Tour n. 67 at 2019-08-31T15:47:18.855 
** Tour n. 68 at 2019-08-31T15:47:19.629 
** Tour n. 69 at 2019-08-31T15:47:20.388 
    2019-08-31T15:47:21.145 , Tour : 70, BEST: 1231 , bonus = 0.0 
fitness : 1231 
  code : ++++++++++++++++.-,[><],,<,<[-  
 test --> 16 
** Tour n. 70 at 2019-08-31T15:47:21.145 
** Tour n. 71 at 2019-08-31T15:47:21.891 
** Tour n. 72 at 2019-08-31T15:47:22.566 
** Tour n. 73 at 2019-08-31T15:47:23.244 
** Tour n. 74 at 2019-08-31T15:47:23.92 
    2019-08-31T15:47:24.728 , Tour : 75, BEST: 1231 , bonus = 0.0 
** Tour n. 75 at 2019-08-31T15:47:24.728 
** Tour n. 76 at 2019-08-31T15:47:25.429 
** Tour n. 77 at 2019-08-31T15:47:26.312 
** Tour n. 78 at 2019-08-31T15:47:27.005 
** Tour n. 79 at 2019-08-31T15:47:27.655 
    2019-08-31T15:47:28.333 , Tour : 80, BEST: 1231 , bonus = 0.0 
fitness : 1231 
  code : ++++++++++++++++.-,[><],,<,<[-  
 test --> 16 
** Tour n. 80 at 2019-08-31T15:47:28.333 
** Tour n. 81 at 2019-08-31T15:47:29.059 
** Tour n. 82 at 2019-08-31T15:47:29.864 
** Tour n. 83 at 2019-08-31T15:47:30.633 
** Tour n. 84 at 2019-08-31T15:47:31.327 
    2019-08-31T15:47:32.096 , Tour : 85, BEST: 1231 , bonus = 0.0 
** Tour n. 85 at 2019-08-31T15:47:32.096 
** Tour n. 86 at 2019-08-31T15:47:32.835 
** Tour n. 87 at 2019-08-31T15:47:33.532 
** Tour n. 88 at 2019-08-31T15:47:34.248 
** Tour n. 89 at 2019-08-31T15:47:35.038 
    2019-08-31T15:47:35.793 , Tour : 90, BEST: 1231 , bonus = 0.0 
fitness : 1231 
  code : ++++++++++++++++.-,[><],,<,<[-  
 johnandjanesdfgjnsdkfjgjnrtkhreuitgure --> 16 
** Tour n. 90 at 2019-08-31T15:47:35.793 
** Tour n. 91 at 2019-08-31T15:47:36.509 
** Tour n. 92 at 2019-08-31T15:47:37.226 
** Tour n. 93 at 2019-08-31T15:47:38.063 
** Tour n. 94 at 2019-08-31T15:47:38.874 
    2019-08-31T15:47:39.647 , Tour : 95, BEST: 1231 , bonus = 0.0 
** Tour n. 95 at 2019-08-31T15:47:39.647 
** Tour n. 96 at 2019-08-31T15:47:40.365 
** Tour n. 97 at 2019-08-31T15:47:41.101 
** Tour n. 98 at 2019-08-31T15:47:41.792 
** Tour n. 99 at 2019-08-31T15:47:42.57 
    2019-08-31T15:47:43.257 , Tour : 100, BEST: 1231 , bonus = 0.0 
fitness : 1231 
  code : ++++++++++++++++.-,[><],,<,<[-  
 mt@po.box --> 16 
** Tour n. 100 at 2019-08-31T15:47:43.257 
** Tour n. 101 at 2019-08-31T15:47:44 
** Tour n. 102 at 2019-08-31T15:47:44.757 
** Tour n. 103 at 2019-08-31T15:47:45.467 
** Tour n. 104 at 2019-08-31T15:47:46.164 
    2019-08-31T15:47:46.861 , Tour : 105, BEST: 1231 , bonus = 0.0 
** Tour n. 105 at 2019-08-31T15:47:46.861 
** Tour n. 106 at 2019-08-31T15:47:47.534 
** Tour n. 107 at 2019-08-31T15:47:48.294 
** Tour n. 108 at 2019-08-31T15:47:48.982 
** Tour n. 109 at 2019-08-31T15:47:49.716 
    2019-08-31T15:47:50.489 , Tour : 110, BEST: 1231 , bonus = 0.0 
fitness : 1231 
  code : ++++++++++++++++.-,[><],,<,<[-  
 johnandjanesdfgjnsdkfjgjnrtkhreuitgure --> 16 
** Tour n. 110 at 2019-08-31T15:47:50.489 
** Tour n. 111 at 2019-08-31T15:47:51.332 
** Tour n. 112 at 2019-08-31T15:47:52.026 
** Tour n. 113 at 2019-08-31T15:47:52.767 
** Tour n. 114 at 2019-08-31T15:47:53.523 
    2019-08-31T15:47:54.203 , Tour : 115, BEST: 1231 , bonus = 0.0 
** Tour n. 115 at 2019-08-31T15:47:54.203 
** Tour n. 116 at 2019-08-31T15:47:54.895 
** Tour n. 117 at 2019-08-31T15:47:55.618 
** Tour n. 118 at 2019-08-31T15:47:56.301 
** Tour n. 119 at 2019-08-31T15:47:57.048 
    2019-08-31T15:47:57.686 , Tour : 120, BEST: 1231 , bonus = 0.0 
fitness : 1231 
  code : ++++++++++++++++.-,[><],,<,<[-  
 test --> 16 
** Tour n. 120 at 2019-08-31T15:47:57.686 
** Tour n. 121 at 2019-08-31T15:47:58.342 
** Tour n. 122 at 2019-08-31T15:47:59.066 
** Tour n. 123 at 2019-08-31T15:47:59.858 
** Tour n. 124 at 2019-08-31T15:48:00.591 
    2019-08-31T15:48:01.36 , Tour : 125, BEST: 1231 , bonus = 0.0 
** Tour n. 125 at 2019-08-31T15:48:01.36 
** Tour n. 126 at 2019-08-31T15:48:02.055 
** Tour n. 127 at 2019-08-31T15:48:02.823 
** Tour n. 128 at 2019-08-31T15:48:03.525 
** Tour n. 129 at 2019-08-31T15:48:04.199 
    2019-08-31T15:48:04.897 , Tour : 130, BEST: 1231 , bonus = 0.0 
fitness : 1231 
  code : ++++++++++++++++.-,[><],,<,<[-  
 mt@po.box --> 16 
** Tour n. 130 at 2019-08-31T15:48:04.897 
** Tour n. 131 at 2019-08-31T15:48:05.708 
** Tour n. 132 at 2019-08-31T15:48:06.45 
** Tour n. 133 at 2019-08-31T15:48:07.154 
** Tour n. 134 at 2019-08-31T15:48:07.906 
    2019-08-31T15:48:08.772 , Tour : 135, BEST: 1279 , bonus = 9527.0 
** Tour n. 135 at 2019-08-31T15:48:08.772 
** Tour n. 136 at 2019-08-31T15:48:09.401 
** Tour n. 137 at 2019-08-31T15:48:10.061 
** Tour n. 138 at 2019-08-31T15:48:10.666 
fitness : 1280 
  code : +,-+++[>+<,]>.-->>+<++[[<[.<,>  
 corio@domain.com --> 16 
fitness 1280 
dna : [0.263743, 0.643487, 0.482512, 0.345699, 0.329322, 0.366855, 0.869189, 0.228493, 0.332403, 0.0538881, 0.6792, 0.890372, 0.241696, 0.55563, 0.380504, 0.38987, 0.172686, 0.162559, 0.286493, 0.0109474, 0.28307, 0.255866, 0.83933, 0.827225, 0.06349, 0.756565, 0.505187, 0.0576969, 0.625934, 0.240626] 
