targetFitness = 1280 
params : Main.GeneticAlgorithms.Types.GAParams(100, 100000, 30, 150, 0.7, 0.01, true, IOStream(<file ../Results/logLengthString.log>), 0.0, 1280.0, 0, 0) 
** Tour n. 1 at 2019-08-28T16:24:01.454 
    2019-08-28T16:24:06.163 , Gen : 1 , BEST: 1215 , bonus = 0.0 
    2019-08-28T16:24:08.764 , Gen : 1 , BEST: 1224 , bonus = 0.0 
    2019-08-28T16:24:10.531 , Gen : 1 , BEST: 1225 , bonus = 0.0 
    2019-08-28T16:24:12.341 , Gen : 1 , BEST: 1227 , bonus = 0.0 
    2019-08-28T16:24:14.19 , Gen : 1 , BEST: 1227 , bonus = 0.0 
fitness : 1227 
  code : ++++++++++++.>,,[<.+.[>+].>+]-  
 johnandjanesdfgjnsdkfjgjnrtkhreuitgure --> 12 
    2019-08-28T16:24:14.903 , Gen : 1 , BEST: 1227 , bonus = 0.0 
fitness : 1227 
  code : ++++++++++++.>,,[<.+.[>+].>+]-  
 unknown-string-goes-here --> 12 
** Tour n. 2 at 2019-08-28T16:24:15.017 
    2019-08-28T16:24:17.301 , Gen : 1 , BEST: 1228 , bonus = 0.0 
    2019-08-28T16:24:19.044 , Gen : 1 , BEST: 1229 , bonus = 0.0 
    2019-08-28T16:24:20.942 , Gen : 1 , BEST: 1231 , bonus = 0.0 
    2019-08-28T16:24:22.745 , Gen : 1 , BEST: 1231 , bonus = 0.0 
    2019-08-28T16:24:23.125 , Gen : 1 , BEST: 1231 , bonus = 0.0 
fitness : 1231 
  code : ++++++++++++++>,,[<++.[>+<]>[,  
 corio@domain.com --> 16 
** Tour n. 3 at 2019-08-28T16:24:23.199 
    2019-08-28T16:24:25.374 , Gen : 1 , BEST: 1231 , bonus = 0.0 
    2019-08-28T16:24:25.441 , Gen : 1 , BEST: 1231 , bonus = 0.0 
fitness : 1231 
  code : ++++++++++++++>,,[<++.[>+<]>[,  
 mt@po.box --> 16 
** Tour n. 4 at 2019-08-28T16:24:25.524 
    2019-08-28T16:24:27.457 , Gen : 1 , BEST: 1231 , bonus = 0.0 
    2019-08-28T16:24:27.58 , Gen : 1 , BEST: 1231 , bonus = 0.0 
fitness : 1231 
  code : ++++++++++++++>,,[<++.[>+<]>[,  
 unknown-string-goes-here --> 16 
** Tour n. 5 at 2019-08-28T16:24:27.716 
    2019-08-28T16:24:29.755 , Gen : 1 , BEST: 1231 , bonus = 0.0 
    2019-08-28T16:24:29.852 , Gen : 1 , BEST: 1231 , bonus = 0.0 
fitness : 1231 
  code : ++++++++++++++>,,[<++.[>+<]>[,  
 unknown-string-goes-here --> 16 
** Tour n. 6 at 2019-08-28T16:24:29.919 
    2019-08-28T16:24:32.056 , Gen : 1 , BEST: 1231 , bonus = 0.0 
    2019-08-28T16:24:32.144 , Gen : 1 , BEST: 1231 , bonus = 0.0 
fitness : 1231 
  code : ++++++++++++++>,,[<++.[>+<]>[,  
 corio@domain.com --> 16 
** Tour n. 7 at 2019-08-28T16:24:32.214 
    2019-08-28T16:24:34.374 , Gen : 1 , BEST: 1231 , bonus = 0.0 
    2019-08-28T16:24:34.503 , Gen : 1 , BEST: 1231 , bonus = 0.0 
fitness : 1231 
  code : ++++++++++++++>,,[<++.[>+<]>[,  
 test --> 16 
** Tour n. 8 at 2019-08-28T16:24:34.599 
    2019-08-28T16:24:37.098 , Gen : 1 , BEST: 1231 , bonus = 0.0 
    2019-08-28T16:24:37.227 , Gen : 1 , BEST: 1231 , bonus = 0.0 
fitness : 1231 
  code : ++++++++++++++>,,[<++.[>+<]>[,  
 mt@po.box --> 16 
** Tour n. 9 at 2019-08-28T16:24:37.319 
    2019-08-28T16:24:39.76 , Gen : 1 , BEST: 1231 , bonus = 0.0 
    2019-08-28T16:24:39.887 , Gen : 1 , BEST: 1231 , bonus = 0.0 
fitness : 1231 
  code : ++++++++++++++>,,[<++.[>+<]>[,  
 test --> 16 
** Tour n. 10 at 2019-08-28T16:24:39.983 
    2019-08-28T16:24:42.225 , Gen : 1 , BEST: 1231 , bonus = 0.0 
    2019-08-28T16:24:42.356 , Gen : 1 , BEST: 1231 , bonus = 0.0 
fitness : 1231 
  code : ++++++++++++++>,,[<++.[>+<]>[,  
 mt@po.box --> 16 
** Tour n. 11 at 2019-08-28T16:24:42.446 
    2019-08-28T16:24:45.065 , Gen : 1 , BEST: 1231 , bonus = 0.0 
    2019-08-28T16:24:45.187 , Gen : 1 , BEST: 1231 , bonus = 0.0 
fitness : 1231 
  code : ++++++++++++++>,,[<++.[>+<]>[,  
 johnandjanesdfgjnsdkfjgjnrtkhreuitgure --> 16 
** Tour n. 12 at 2019-08-28T16:24:45.29 
    2019-08-28T16:24:47.687 , Gen : 1 , BEST: 1231 , bonus = 0.0 
    2019-08-28T16:24:47.825 , Gen : 1 , BEST: 1231 , bonus = 0.0 
fitness : 1231 
  code : ++++++++++++++>,,[<++.[>+<]>[,  
 johnandjanesdfgjnsdkfjgjnrtkhreuitgure --> 16 
** Tour n. 13 at 2019-08-28T16:24:47.914 
    2019-08-28T16:24:50.784 , Gen : 1 , BEST: 1231 , bonus = 0.0 
    2019-08-28T16:24:50.924 , Gen : 1 , BEST: 1231 , bonus = 0.0 
fitness : 1231 
  code : ++++++++++++++>,,[<++.[>+<]>[,  
 mt@po.box --> 16 
** Tour n. 14 at 2019-08-28T16:24:51.038 
    2019-08-28T16:24:53.98 , Gen : 1 , BEST: 1231 , bonus = 0.0 
    2019-08-28T16:24:54.124 , Gen : 1 , BEST: 1231 , bonus = 0.0 
fitness : 1231 
  code : ++++++++++++++>,,[<++.[>+<]>[,  
 test --> 16 
** Tour n. 15 at 2019-08-28T16:24:54.223 
    2019-08-28T16:24:56.569 , Gen : 1 , BEST: 1231 , bonus = 0.0 
    2019-08-28T16:24:56.706 , Gen : 1 , BEST: 1231 , bonus = 0.0 
fitness : 1231 
  code : ++++++++++++++>,,[<++.[>+<]>[,  
 mt@po.box --> 16 
** Tour n. 16 at 2019-08-28T16:24:56.819 
    2019-08-28T16:24:59.398 , Gen : 1 , BEST: 1231 , bonus = 0.0 
    2019-08-28T16:24:59.533 , Gen : 1 , BEST: 1231 , bonus = 0.0 
fitness : 1231 
  code : ++++++++++++++>,,[<++.[>+<]>[,  
 johnandjanesdfgjnsdkfjgjnrtkhreuitgure --> 16 
** Tour n. 17 at 2019-08-28T16:24:59.623 
    2019-08-28T16:25:02.009 , Gen : 1 , BEST: 1231 , bonus = 0.0 
    2019-08-28T16:25:02.155 , Gen : 1 , BEST: 1231 , bonus = 0.0 
fitness : 1231 
  code : ++++++++++++++>,,[<++.[>+<]>[,  
 mt@po.box --> 16 
** Tour n. 18 at 2019-08-28T16:25:02.237 
    2019-08-28T16:25:04.868 , Gen : 1 , BEST: 1231 , bonus = 0.0 
    2019-08-28T16:25:05.228 , Gen : 1 , BEST: 1231 , bonus = 0.0 
fitness : 1231 
  code : ++++++++++++++>,,[<++.[>+<]>[,  
 mt@po.box --> 16 
** Tour n. 19 at 2019-08-28T16:25:05.318 
    2019-08-28T16:25:08.248 , Gen : 1 , BEST: 1231 , bonus = 0.0 
    2019-08-28T16:25:08.372 , Gen : 1 , BEST: 1231 , bonus = 0.0 
fitness : 1231 
  code : ++++++++++++++>,,[<++.[>+<]>[,  
 mt@po.box --> 16 
** Tour n. 20 at 2019-08-28T16:25:08.492 
    2019-08-28T16:25:10.992 , Gen : 1 , BEST: 1231 , bonus = 0.0 
    2019-08-28T16:25:11.146 , Gen : 1 , BEST: 1231 , bonus = 0.0 
fitness : 1231 
  code : ++++++++++++++>,,[<++.[>+<]>[,  
 johnandjanesdfgjnsdkfjgjnrtkhreuitgure --> 16 
** Tour n. 21 at 2019-08-28T16:25:11.278 
    2019-08-28T16:25:13.911 , Gen : 1 , BEST: 1231 , bonus = 0.0 
    2019-08-28T16:25:14.031 , Gen : 1 , BEST: 1231 , bonus = 0.0 
fitness : 1231 
  code : ++++++++++++++>,,[<++.[>+<]>[,  
 mt@po.box --> 16 
** Tour n. 22 at 2019-08-28T16:25:14.143 
    2019-08-28T16:25:16.677 , Gen : 1 , BEST: 1231 , bonus = 0.0 
    2019-08-28T16:25:16.834 , Gen : 1 , BEST: 1231 , bonus = 0.0 
fitness : 1231 
  code : ++++++++++++++>,,[<++.[>+<]>[,  
 unknown-string-goes-here --> 16 
** Tour n. 23 at 2019-08-28T16:25:16.935 
    2019-08-28T16:25:19.395 , Gen : 1 , BEST: 1231 , bonus = 0.0 
    2019-08-28T16:25:19.512 , Gen : 1 , BEST: 1231 , bonus = 0.0 
fitness : 1231 
  code : ++++++++++++++>,,[<++.[>+<]>[,  
 test --> 16 
** Tour n. 24 at 2019-08-28T16:25:19.622 
    2019-08-28T16:25:21.897 , Gen : 1 , BEST: 1231 , bonus = 0.0 
    2019-08-28T16:25:22.03 , Gen : 1 , BEST: 1231 , bonus = 0.0 
fitness : 1231 
  code : ++++++++++++++>,,[<++.[>+<]>[,  
 test --> 16 
** Tour n. 25 at 2019-08-28T16:25:22.141 
    2019-08-28T16:25:25.142 , Gen : 1 , BEST: 1231 , bonus = 0.0 
    2019-08-28T16:25:25.281 , Gen : 1 , BEST: 1231 , bonus = 0.0 
fitness : 1231 
  code : ++++++++++++++>,,[<++.[>+<]>[,  
 mt@po.box --> 16 
** Tour n. 26 at 2019-08-28T16:25:25.395 
    2019-08-28T16:25:28.491 , Gen : 1 , BEST: 1231 , bonus = 0.0 
    2019-08-28T16:25:28.666 , Gen : 1 , BEST: 1231 , bonus = 0.0 
fitness : 1231 
  code : ++++++++++++++>,,[<++.[>+<]>[,  
 johnandjanesdfgjnsdkfjgjnrtkhreuitgure --> 16 
** Tour n. 27 at 2019-08-28T16:25:28.856 
    2019-08-28T16:25:31.912 , Gen : 1 , BEST: 1231 , bonus = 0.0 
    2019-08-28T16:25:32.047 , Gen : 1 , BEST: 1231 , bonus = 0.0 
fitness : 1231 
  code : ++++++++++++++>,,[<++.[>+<]>[,  
 unknown-string-goes-here --> 16 
** Tour n. 28 at 2019-08-28T16:25:32.16 
    2019-08-28T16:25:34.524 , Gen : 1 , BEST: 1231 , bonus = 0.0 
    2019-08-28T16:25:34.703 , Gen : 1 , BEST: 1231 , bonus = 0.0 
fitness : 1231 
  code : ++++++++++++++>,,[<++.[>+<]>[,  
 mt@po.box --> 16 
** Tour n. 29 at 2019-08-28T16:25:34.814 
    2019-08-28T16:25:37.193 , Gen : 1 , BEST: 1231 , bonus = 0.0 
    2019-08-28T16:25:37.274 , Gen : 1 , BEST: 1231 , bonus = 0.0 
fitness : 1231 
  code : ++++++++++++++>,,[<++.[>+<]>[,  
 johnandjanesdfgjnsdkfjgjnrtkhreuitgure --> 16 
** Tour n. 30 at 2019-08-28T16:25:37.37 
    2019-08-28T16:25:40.453 , Gen : 1 , BEST: 1231 , bonus = 0.0 
    2019-08-28T16:25:40.594 , Gen : 1 , BEST: 1231 , bonus = 0.0 
fitness : 1231 
  code : ++++++++++++++>,,[<++.[>+<]>[,  
 mt@po.box --> 16 
** Tour n. 31 at 2019-08-28T16:25:40.692 
    2019-08-28T16:25:43.162 , Gen : 1 , BEST: 1231 , bonus = 0.0 
    2019-08-28T16:25:43.291 , Gen : 1 , BEST: 1231 , bonus = 0.0 
fitness : 1231 
  code : ++++++++++++++>,,[<++.[>+<]>[,  
 test --> 16 
** Tour n. 32 at 2019-08-28T16:25:43.364 
    2019-08-28T16:25:45.692 , Gen : 1 , BEST: 1231 , bonus = 0.0 
    2019-08-28T16:25:45.823 , Gen : 1 , BEST: 1231 , bonus = 0.0 
fitness : 1231 
  code : ++++++++++++++>,,[<++.[>+<]>[,  
 mt@po.box --> 16 
** Tour n. 33 at 2019-08-28T16:25:45.937 
    2019-08-28T16:25:48.733 , Gen : 1 , BEST: 1231 , bonus = 0.0 
    2019-08-28T16:25:48.862 , Gen : 1 , BEST: 1231 , bonus = 0.0 
fitness : 1231 
  code : ++++++++++++++>,,[<++.[>+<]>[,  
 unknown-string-goes-here --> 16 
** Tour n. 34 at 2019-08-28T16:25:48.97 
    2019-08-28T16:25:51.476 , Gen : 1 , BEST: 1231 , bonus = 0.0 
    2019-08-28T16:25:51.631 , Gen : 1 , BEST: 1231 , bonus = 0.0 
fitness : 1231 
  code : ++++++++++++++>,,[<++.[>+<]>[,  
 unknown-string-goes-here --> 16 
** Tour n. 35 at 2019-08-28T16:25:51.768 
    2019-08-28T16:25:54.55 , Gen : 1 , BEST: 1231 , bonus = 0.0 
    2019-08-28T16:25:54.708 , Gen : 1 , BEST: 1231 , bonus = 0.0 
fitness : 1231 
  code : ++++++++++++++>,,[<++.[>+<]>[,  
 test --> 16 
** Tour n. 36 at 2019-08-28T16:25:54.833 
    2019-08-28T16:25:57.452 , Gen : 1 , BEST: 1231 , bonus = 0.0 
    2019-08-28T16:25:57.581 , Gen : 1 , BEST: 1231 , bonus = 0.0 
fitness : 1231 
  code : ++++++++++++++>,,[<++.[>+<]>[,  
 test --> 16 
** Tour n. 37 at 2019-08-28T16:25:57.669 
    2019-08-28T16:26:00.171 , Gen : 1 , BEST: 1231 , bonus = 0.0 
    2019-08-28T16:26:00.301 , Gen : 1 , BEST: 1231 , bonus = 0.0 
fitness : 1231 
  code : ++++++++++++++>,,[<++.[>+<]>[,  
 johnandjanesdfgjnsdkfjgjnrtkhreuitgure --> 16 
** Tour n. 38 at 2019-08-28T16:26:00.41 
    2019-08-28T16:26:02.962 , Gen : 1 , BEST: 1231 , bonus = 0.0 
    2019-08-28T16:26:03.109 , Gen : 1 , BEST: 1231 , bonus = 0.0 
fitness : 1231 
  code : ++++++++++++++>,,[<++.[>+<]>[,  
 mt@po.box --> 16 
** Tour n. 39 at 2019-08-28T16:26:03.235 
    2019-08-28T16:26:06.186 , Gen : 1 , BEST: 1231 , bonus = 0.0 
    2019-08-28T16:26:06.329 , Gen : 1 , BEST: 1231 , bonus = 0.0 
fitness : 1231 
  code : ++++++++++++++>,,[<++.[>+<]>[,  
 unknown-string-goes-here --> 16 
** Tour n. 40 at 2019-08-28T16:26:06.458 
    2019-08-28T16:26:08.544 , Gen : 1 , BEST: 1231 , bonus = 0.0 
    2019-08-28T16:26:08.713 , Gen : 1 , BEST: 1231 , bonus = 0.0 
fitness : 1231 
  code : ++++++++++++++>,,[<++.[>+<]>[,  
 corio@domain.com --> 16 
** Tour n. 41 at 2019-08-28T16:26:08.832 
    2019-08-28T16:26:12.032 , Gen : 1 , BEST: 1231 , bonus = 0.0 
    2019-08-28T16:26:12.172 , Gen : 1 , BEST: 1231 , bonus = 0.0 
fitness : 1231 
  code : ++++++++++++++>,,[<++.[>+<]>[,  
 unknown-string-goes-here --> 16 
** Tour n. 42 at 2019-08-28T16:26:12.258 
    2019-08-28T16:26:14.921 , Gen : 1 , BEST: 1231 , bonus = 0.0 
    2019-08-28T16:26:15.062 , Gen : 1 , BEST: 1231 , bonus = 0.0 
fitness : 1231 
  code : ++++++++++++++>,,[<++.[>+<]>[,  
 mt@po.box --> 16 
** Tour n. 43 at 2019-08-28T16:26:15.169 
    2019-08-28T16:26:17.881 , Gen : 1 , BEST: 1231 , bonus = 0.0 
    2019-08-28T16:26:18.021 , Gen : 1 , BEST: 1231 , bonus = 0.0 
fitness : 1231 
  code : ++++++++++++++>,,[<++.[>+<]>[,  
 corio@domain.com --> 16 
** Tour n. 44 at 2019-08-28T16:26:18.127 
    2019-08-28T16:26:20.585 , Gen : 1 , BEST: 1231 , bonus = 0.0 
    2019-08-28T16:26:20.718 , Gen : 1 , BEST: 1231 , bonus = 0.0 
fitness : 1231 
  code : ++++++++++++++>,,[<++.[>+<]>[,  
 corio@domain.com --> 16 
** Tour n. 45 at 2019-08-28T16:26:20.866 
    2019-08-28T16:26:23.927 , Gen : 1 , BEST: 1231 , bonus = 0.0 
    2019-08-28T16:26:24.065 , Gen : 1 , BEST: 1231 , bonus = 0.0 
fitness : 1231 
  code : ++++++++++++++>,,[<++.[>+<]>[,  
 test --> 16 
** Tour n. 46 at 2019-08-28T16:26:24.151 
    2019-08-28T16:26:26.791 , Gen : 1 , BEST: 1231 , bonus = 0.0 
    2019-08-28T16:26:26.934 , Gen : 1 , BEST: 1231 , bonus = 0.0 
fitness : 1231 
  code : ++++++++++++++>,,[<++.[>+<]>[,  
 johnandjanesdfgjnsdkfjgjnrtkhreuitgure --> 16 
** Tour n. 47 at 2019-08-28T16:26:27.064 
    2019-08-28T16:26:29.543 , Gen : 1 , BEST: 1231 , bonus = 0.0 
    2019-08-28T16:26:29.672 , Gen : 1 , BEST: 1231 , bonus = 0.0 
fitness : 1231 
  code : ++++++++++++++>,,[<++.[>+<]>[,  
 johnandjanesdfgjnsdkfjgjnrtkhreuitgure --> 16 
** Tour n. 48 at 2019-08-28T16:26:29.771 
    2019-08-28T16:26:31.989 , Gen : 1 , BEST: 1231 , bonus = 0.0 
    2019-08-28T16:26:32.123 , Gen : 1 , BEST: 1231 , bonus = 0.0 
fitness : 1231 
  code : ++++++++++++++>,,[<++.[>+<]>[,  
 johnandjanesdfgjnsdkfjgjnrtkhreuitgure --> 16 
** Tour n. 49 at 2019-08-28T16:26:32.25 
    2019-08-28T16:26:34.615 , Gen : 1 , BEST: 1231 , bonus = 0.0 
    2019-08-28T16:26:34.744 , Gen : 1 , BEST: 1231 , bonus = 0.0 
fitness : 1231 
  code : ++++++++++++++>,,[<++.[>+<]>[,  
 mt@po.box --> 16 
** Tour n. 50 at 2019-08-28T16:26:34.853 
    2019-08-28T16:26:37.402 , Gen : 1 , BEST: 1231 , bonus = 0.0 
    2019-08-28T16:26:37.543 , Gen : 1 , BEST: 1231 , bonus = 0.0 
fitness : 1231 
  code : ++++++++++++++>,,[<++.[>+<]>[,  
 unknown-string-goes-here --> 16 
** Tour n. 51 at 2019-08-28T16:26:37.642 
    2019-08-28T16:26:40.03 , Gen : 1 , BEST: 1231 , bonus = 0.0 
    2019-08-28T16:26:40.153 , Gen : 1 , BEST: 1231 , bonus = 0.0 
fitness : 1231 
  code : ++++++++++++++>,,[<++.[>+<]>[,  
 test --> 16 
** Tour n. 52 at 2019-08-28T16:26:40.235 
    2019-08-28T16:26:42.79 , Gen : 1 , BEST: 1231 , bonus = 0.0 
    2019-08-28T16:26:42.938 , Gen : 1 , BEST: 1231 , bonus = 0.0 
fitness : 1231 
  code : ++++++++++++++>,,[<++.[>+<]>[,  
 test --> 16 
** Tour n. 53 at 2019-08-28T16:26:43.035 
    2019-08-28T16:26:45.263 , Gen : 1 , BEST: 1231 , bonus = 0.0 
    2019-08-28T16:26:45.392 , Gen : 1 , BEST: 1231 , bonus = 0.0 
fitness : 1231 
  code : ++++++++++++++>,,[<++.[>+<]>[,  
 corio@domain.com --> 16 
** Tour n. 54 at 2019-08-28T16:26:45.471 
    2019-08-28T16:26:47.746 , Gen : 1 , BEST: 1231 , bonus = 0.0 
    2019-08-28T16:26:47.872 , Gen : 1 , BEST: 1231 , bonus = 0.0 
fitness : 1231 
  code : ++++++++++++++>,,[<++.[>+<]>[,  
 mt@po.box --> 16 
** Tour n. 55 at 2019-08-28T16:26:47.957 
    2019-08-28T16:26:50.4 , Gen : 1 , BEST: 1231 , bonus = 0.0 
    2019-08-28T16:26:50.524 , Gen : 1 , BEST: 1231 , bonus = 0.0 
fitness : 1231 
  code : ++++++++++++++>,,[<++.[>+<]>[,  
 corio@domain.com --> 16 
** Tour n. 56 at 2019-08-28T16:26:50.602 
    2019-08-28T16:26:52.971 , Gen : 1 , BEST: 1231 , bonus = 0.0 
    2019-08-28T16:26:53.087 , Gen : 1 , BEST: 1231 , bonus = 0.0 
fitness : 1231 
  code : ++++++++++++++>,,[<++.[>+<]>[,  
 johnandjanesdfgjnsdkfjgjnrtkhreuitgure --> 16 
** Tour n. 57 at 2019-08-28T16:26:53.175 
    2019-08-28T16:26:55.517 , Gen : 1 , BEST: 1231 , bonus = 0.0 
    2019-08-28T16:26:55.761 , Gen : 1 , BEST: 1231 , bonus = 0.0 
fitness : 1231 
  code : ++++++++++++++>,,[<++.[>+<]>[,  
 corio@domain.com --> 16 
** Tour n. 58 at 2019-08-28T16:26:55.846 
    2019-08-28T16:26:58.189 , Gen : 1 , BEST: 1231 , bonus = 0.0 
    2019-08-28T16:26:58.322 , Gen : 1 , BEST: 1231 , bonus = 0.0 
fitness : 1231 
  code : ++++++++++++++>,,[<++.[>+<]>[,  
 test --> 16 
** Tour n. 59 at 2019-08-28T16:26:58.418 
    2019-08-28T16:27:00.89 , Gen : 1 , BEST: 1231 , bonus = 0.0 
    2019-08-28T16:27:01.032 , Gen : 1 , BEST: 1231 , bonus = 0.0 
fitness : 1231 
  code : ++++++++++++++>,,[<++.[>+<]>[,  
 test --> 16 
** Tour n. 60 at 2019-08-28T16:27:01.148 
    2019-08-28T16:27:03.519 , Gen : 1 , BEST: 1231 , bonus = 0.0 
    2019-08-28T16:27:03.63 , Gen : 1 , BEST: 1231 , bonus = 0.0 
fitness : 1231 
  code : ++++++++++++++>,,[<++.[>+<]>[,  
 corio@domain.com --> 16 
** Tour n. 61 at 2019-08-28T16:27:03.731 
    2019-08-28T16:27:06.112 , Gen : 1 , BEST: 1231 , bonus = 0.0 
    2019-08-28T16:27:06.274 , Gen : 1 , BEST: 1231 , bonus = 0.0 
fitness : 1231 
  code : ++++++++++++++>,,[<++.[>+<]>[,  
 unknown-string-goes-here --> 16 
** Tour n. 62 at 2019-08-28T16:27:06.39 
    2019-08-28T16:27:08.88 , Gen : 1 , BEST: 1231 , bonus = 0.0 
    2019-08-28T16:27:09.013 , Gen : 1 , BEST: 1231 , bonus = 0.0 
fitness : 1231 
  code : ++++++++++++++>,,[<++.[>+<]>[,  
 johnandjanesdfgjnsdkfjgjnrtkhreuitgure --> 16 
** Tour n. 63 at 2019-08-28T16:27:09.158 
    2019-08-28T16:27:11.815 , Gen : 1 , BEST: 1231 , bonus = 0.0 
    2019-08-28T16:27:11.952 , Gen : 1 , BEST: 1231 , bonus = 0.0 
fitness : 1231 
  code : ++++++++++++++>,,[<++.[>+<]>[,  
 corio@domain.com --> 16 
** Tour n. 64 at 2019-08-28T16:27:12.068 
    2019-08-28T16:27:14.574 , Gen : 1 , BEST: 1231 , bonus = 0.0 
    2019-08-28T16:27:14.705 , Gen : 1 , BEST: 1231 , bonus = 0.0 
fitness : 1231 
  code : ++++++++++++++>,,[<++.[>+<]>[,  
 mt@po.box --> 16 
** Tour n. 65 at 2019-08-28T16:27:14.796 
    2019-08-28T16:27:17.509 , Gen : 1 , BEST: 1231 , bonus = 0.0 
    2019-08-28T16:27:17.592 , Gen : 1 , BEST: 1231 , bonus = 0.0 
fitness : 1231 
  code : ++++++++++++++>,,[<++.[>+<]>[,  
 johnandjanesdfgjnsdkfjgjnrtkhreuitgure --> 16 
** Tour n. 66 at 2019-08-28T16:27:17.693 
    2019-08-28T16:27:20.212 , Gen : 1 , BEST: 1231 , bonus = 0.0 
    2019-08-28T16:27:20.36 , Gen : 1 , BEST: 1231 , bonus = 0.0 
fitness : 1231 
  code : ++++++++++++++>,,[<++.[>+<]>[,  
 johnandjanesdfgjnsdkfjgjnrtkhreuitgure --> 16 
** Tour n. 67 at 2019-08-28T16:27:20.497 
    2019-08-28T16:27:22.951 , Gen : 1 , BEST: 1231 , bonus = 0.0 
    2019-08-28T16:27:23.088 , Gen : 1 , BEST: 1231 , bonus = 0.0 
fitness : 1231 
  code : ++++++++++++++>,,[<++.[>+<]>[,  
 unknown-string-goes-here --> 16 
** Tour n. 68 at 2019-08-28T16:27:23.202 
    2019-08-28T16:27:26.049 , Gen : 1 , BEST: 1231 , bonus = 0.0 
    2019-08-28T16:27:26.193 , Gen : 1 , BEST: 1231 , bonus = 0.0 
fitness : 1231 
  code : ++++++++++++++>,,[<++.[>+<]>[,  
 johnandjanesdfgjnsdkfjgjnrtkhreuitgure --> 16 
** Tour n. 69 at 2019-08-28T16:27:26.334 
    2019-08-28T16:27:29.199 , Gen : 1 , BEST: 1231 , bonus = 0.0 
    2019-08-28T16:27:29.338 , Gen : 1 , BEST: 1231 , bonus = 0.0 
fitness : 1231 
  code : ++++++++++++++>,,[<++.[>+<]>[,  
 unknown-string-goes-here --> 16 
** Tour n. 70 at 2019-08-28T16:27:29.463 
    2019-08-28T16:27:32.183 , Gen : 1 , BEST: 1231 , bonus = 0.0 
    2019-08-28T16:27:32.315 , Gen : 1 , BEST: 1231 , bonus = 0.0 
fitness : 1231 
  code : ++++++++++++++>,,[<++.[>+<]>[,  
 unknown-string-goes-here --> 16 
** Tour n. 71 at 2019-08-28T16:27:32.399 
    2019-08-28T16:27:34.626 , Gen : 1 , BEST: 1231 , bonus = 0.0 
    2019-08-28T16:27:34.759 , Gen : 1 , BEST: 1231 , bonus = 0.0 
fitness : 1231 
  code : ++++++++++++++>,,[<++.[>+<]>[,  
 test --> 16 
** Tour n. 72 at 2019-08-28T16:27:34.864 
    2019-08-28T16:27:37.253 , Gen : 1 , BEST: 1231 , bonus = 0.0 
    2019-08-28T16:27:37.396 , Gen : 1 , BEST: 1231 , bonus = 0.0 
fitness : 1231 
  code : ++++++++++++++>,,[<++.[>+<]>[,  
 corio@domain.com --> 16 
** Tour n. 73 at 2019-08-28T16:27:37.53 
    2019-08-28T16:27:39.973 , Gen : 1 , BEST: 1231 , bonus = 0.0 
    2019-08-28T16:27:40.103 , Gen : 1 , BEST: 1231 , bonus = 0.0 
fitness : 1231 
  code : ++++++++++++++>,,[<++.[>+<]>[,  
 test --> 16 
** Tour n. 74 at 2019-08-28T16:27:40.208 
    2019-08-28T16:27:42.669 , Gen : 1 , BEST: 1231 , bonus = 0.0 
    2019-08-28T16:27:42.803 , Gen : 1 , BEST: 1231 , bonus = 0.0 
fitness : 1231 
  code : ++++++++++++++>,,[<++.[>+<]>[,  
 test --> 16 
** Tour n. 75 at 2019-08-28T16:27:42.906 
    2019-08-28T16:27:45.299 , Gen : 1 , BEST: 1231 , bonus = 0.0 
    2019-08-28T16:27:45.445 , Gen : 1 , BEST: 1231 , bonus = 0.0 
fitness : 1231 
  code : ++++++++++++++>,,[<++.[>+<]>[,  
 test --> 16 
** Tour n. 76 at 2019-08-28T16:27:45.585 
    2019-08-28T16:27:48.268 , Gen : 1 , BEST: 1231 , bonus = 0.0 
    2019-08-28T16:27:48.384 , Gen : 1 , BEST: 1231 , bonus = 0.0 
fitness : 1231 
  code : ++++++++++++++>,,[<++.[>+<]>[,  
 test --> 16 
** Tour n. 77 at 2019-08-28T16:27:48.496 
    2019-08-28T16:27:50.938 , Gen : 1 , BEST: 1231 , bonus = 0.0 
    2019-08-28T16:27:51.066 , Gen : 1 , BEST: 1231 , bonus = 0.0 
fitness : 1231 
  code : ++++++++++++++>,,[<++.[>+<]>[,  
 unknown-string-goes-here --> 16 
** Tour n. 78 at 2019-08-28T16:27:51.188 
    2019-08-28T16:27:53.281 , Gen : 1 , BEST: 1231 , bonus = 0.0 
    2019-08-28T16:27:53.361 , Gen : 1 , BEST: 1231 , bonus = 0.0 
fitness : 1231 
  code : ++++++++++++++>,,[<++.[>+<]>[,  
 corio@domain.com --> 16 
** Tour n. 79 at 2019-08-28T16:27:53.429 
    2019-08-28T16:27:55.246 , Gen : 1 , BEST: 1231 , bonus = 0.0 
    2019-08-28T16:27:55.347 , Gen : 1 , BEST: 1231 , bonus = 0.0 
fitness : 1231 
  code : ++++++++++++++>,,[<++.[>+<]>[,  
 mt@po.box --> 16 
** Tour n. 80 at 2019-08-28T16:27:55.424 
    2019-08-28T16:27:57.361 , Gen : 1 , BEST: 1231 , bonus = 0.0 
    2019-08-28T16:27:57.441 , Gen : 1 , BEST: 1231 , bonus = 0.0 
fitness : 1231 
  code : ++++++++++++++>,,[<++.[>+<]>[,  
 johnandjanesdfgjnsdkfjgjnrtkhreuitgure --> 16 
** Tour n. 81 at 2019-08-28T16:27:57.537 
    2019-08-28T16:27:59.517 , Gen : 1 , BEST: 1231 , bonus = 0.0 
    2019-08-28T16:27:59.627 , Gen : 1 , BEST: 1231 , bonus = 0.0 
fitness : 1231 
  code : ++++++++++++++>,,[<++.[>+<]>[,  
 corio@domain.com --> 16 
** Tour n. 82 at 2019-08-28T16:27:59.706 
    2019-08-28T16:28:01.731 , Gen : 1 , BEST: 1231 , bonus = 0.0 
    2019-08-28T16:28:01.829 , Gen : 1 , BEST: 1231 , bonus = 0.0 
fitness : 1231 
  code : ++++++++++++++>,,[<++.[>+<]>[,  
 mt@po.box --> 16 
** Tour n. 83 at 2019-08-28T16:28:01.908 
    2019-08-28T16:28:03.872 , Gen : 1 , BEST: 1231 , bonus = 0.0 
    2019-08-28T16:28:03.978 , Gen : 1 , BEST: 1231 , bonus = 0.0 
fitness : 1231 
  code : ++++++++++++++>,,[<++.[>+<]>[,  
 mt@po.box --> 16 
** Tour n. 84 at 2019-08-28T16:28:04.063 
    2019-08-28T16:28:05.771 , Gen : 1 , BEST: 1231 , bonus = 0.0 
    2019-08-28T16:28:05.864 , Gen : 1 , BEST: 1231 , bonus = 0.0 
fitness : 1231 
  code : ++++++++++++++>,,[<++.[>+<]>[,  
 mt@po.box --> 16 
** Tour n. 85 at 2019-08-28T16:28:05.951 
    2019-08-28T16:28:07.952 , Gen : 1 , BEST: 1231 , bonus = 0.0 
    2019-08-28T16:28:08.054 , Gen : 1 , BEST: 1231 , bonus = 0.0 
fitness : 1231 
  code : ++++++++++++++>,,[<++.[>+<]>[,  
 corio@domain.com --> 16 
** Tour n. 86 at 2019-08-28T16:28:08.133 
    2019-08-28T16:28:10.522 , Gen : 1 , BEST: 1231 , bonus = 0.0 
    2019-08-28T16:28:10.636 , Gen : 1 , BEST: 1231 , bonus = 0.0 
fitness : 1231 
  code : ++++++++++++++>,,[<++.[>+<]>[,  
 johnandjanesdfgjnsdkfjgjnrtkhreuitgure --> 16 
** Tour n. 87 at 2019-08-28T16:28:10.733 
    2019-08-28T16:28:13.008 , Gen : 1 , BEST: 1231 , bonus = 0.0 
    2019-08-28T16:28:13.118 , Gen : 1 , BEST: 1231 , bonus = 0.0 
fitness : 1231 
  code : ++++++++++++++>,,[<++.[>+<]>[,  
 mt@po.box --> 16 
** Tour n. 88 at 2019-08-28T16:28:13.209 
    2019-08-28T16:28:15.209 , Gen : 1 , BEST: 1231 , bonus = 0.0 
    2019-08-28T16:28:15.307 , Gen : 1 , BEST: 1231 , bonus = 0.0 
fitness : 1231 
  code : ++++++++++++++>,,[<++.[>+<]>[,  
 johnandjanesdfgjnsdkfjgjnrtkhreuitgure --> 16 
** Tour n. 89 at 2019-08-28T16:28:15.392 
    2019-08-28T16:28:17.35 , Gen : 1 , BEST: 1231 , bonus = 0.0 
    2019-08-28T16:28:17.491 , Gen : 1 , BEST: 1231 , bonus = 0.0 
fitness : 1231 
  code : ++++++++++++++>,,[<++.[>+<]>[,  
 corio@domain.com --> 16 
** Tour n. 90 at 2019-08-28T16:28:17.541 
    2019-08-28T16:28:19.402 , Gen : 1 , BEST: 1231 , bonus = 0.0 
    2019-08-28T16:28:19.516 , Gen : 1 , BEST: 1231 , bonus = 0.0 
fitness : 1231 
  code : ++++++++++++++>,,[<++.[>+<]>[,  
 johnandjanesdfgjnsdkfjgjnrtkhreuitgure --> 16 
** Tour n. 91 at 2019-08-28T16:28:19.587 
    2019-08-28T16:28:21.261 , Gen : 1 , BEST: 1231 , bonus = 0.0 
    2019-08-28T16:28:21.328 , Gen : 1 , BEST: 1231 , bonus = 0.0 
fitness : 1231 
  code : ++++++++++++++>,,[<++.[>+<]>[,  
 test --> 16 
** Tour n. 92 at 2019-08-28T16:28:21.421 
    2019-08-28T16:28:23.607 , Gen : 1 , BEST: 1231 , bonus = 0.0 
    2019-08-28T16:28:23.748 , Gen : 1 , BEST: 1231 , bonus = 0.0 
fitness : 1231 
  code : ++++++++++++++>,,[<++.[>+<]>[,  
 test --> 16 
** Tour n. 93 at 2019-08-28T16:28:23.846 
    2019-08-28T16:28:26.304 , Gen : 1 , BEST: 1231 , bonus = 0.0 
    2019-08-28T16:28:26.418 , Gen : 1 , BEST: 1231 , bonus = 0.0 
fitness : 1231 
  code : ++++++++++++++>,,[<++.[>+<]>[,  
 corio@domain.com --> 16 
** Tour n. 94 at 2019-08-28T16:28:26.536 
    2019-08-28T16:28:29.392 , Gen : 1 , BEST: 1231 , bonus = 0.0 
    2019-08-28T16:28:29.538 , Gen : 1 , BEST: 1231 , bonus = 0.0 
fitness : 1231 
  code : ++++++++++++++>,,[<++.[>+<]>[,  
 test --> 16 
** Tour n. 95 at 2019-08-28T16:28:29.649 
    2019-08-28T16:28:31.891 , Gen : 1 , BEST: 1231 , bonus = 0.0 
    2019-08-28T16:28:32.033 , Gen : 1 , BEST: 1231 , bonus = 0.0 
fitness : 1231 
  code : ++++++++++++++>,,[<++.[>+<]>[,  
 corio@domain.com --> 16 
** Tour n. 96 at 2019-08-28T16:28:32.194 
    2019-08-28T16:28:34.847 , Gen : 1 , BEST: 1231 , bonus = 0.0 
    2019-08-28T16:28:35.005 , Gen : 1 , BEST: 1231 , bonus = 0.0 
fitness : 1231 
  code : ++++++++++++++>,,[<++.[>+<]>[,  
 johnandjanesdfgjnsdkfjgjnrtkhreuitgure --> 16 
** Tour n. 97 at 2019-08-28T16:28:35.095 
    2019-08-28T16:28:37.53 , Gen : 1 , BEST: 1231 , bonus = 0.0 
    2019-08-28T16:28:37.676 , Gen : 1 , BEST: 1231 , bonus = 0.0 
fitness : 1231 
  code : ++++++++++++++>,,[<++.[>+<]>[,  
 unknown-string-goes-here --> 16 
** Tour n. 98 at 2019-08-28T16:28:37.783 
    2019-08-28T16:28:40.295 , Gen : 1 , BEST: 1231 , bonus = 0.0 
    2019-08-28T16:28:40.728 , Gen : 1 , BEST: 1231 , bonus = 0.0 
fitness : 1231 
  code : ++++++++++++++>,,[<++.[>+<]>[,  
 mt@po.box --> 16 
** Tour n. 99 at 2019-08-28T16:28:40.858 
    2019-08-28T16:28:43.664 , Gen : 1 , BEST: 1231 , bonus = 0.0 
    2019-08-28T16:28:43.791 , Gen : 1 , BEST: 1231 , bonus = 0.0 
fitness : 1231 
  code : ++++++++++++++>,,[<++.[>+<]>[,  
 mt@po.box --> 16 
** Tour n. 100 at 2019-08-28T16:28:43.889 
    2019-08-28T16:28:46.77 , Gen : 1 , BEST: 1231 , bonus = 0.0 
    2019-08-28T16:28:46.914 , Gen : 1 , BEST: 1231 , bonus = 0.0 
fitness : 1231 
  code : ++++++++++++++>,,[<++.[>+<]>[,  
 johnandjanesdfgjnsdkfjgjnrtkhreuitgure --> 16 
** Tour n. 101 at 2019-08-28T16:28:47.067 
    2019-08-28T16:28:49.411 , Gen : 1 , BEST: 1231 , bonus = 0.0 
    2019-08-28T16:28:49.559 , Gen : 1 , BEST: 1231 , bonus = 0.0 
fitness : 1231 
  code : ++++++++++++++>,,[<++.[>+<]>[,  
 corio@domain.com --> 16 
** Tour n. 102 at 2019-08-28T16:28:49.69 
    2019-08-28T16:28:52.008 , Gen : 1 , BEST: 1231 , bonus = 0.0 
    2019-08-28T16:28:52.147 , Gen : 1 , BEST: 1231 , bonus = 0.0 
fitness : 1231 
  code : ++++++++++++++>,,[<++.[>+<]>[,  
 test --> 16 
** Tour n. 103 at 2019-08-28T16:28:52.233 
    2019-08-28T16:28:54.614 , Gen : 1 , BEST: 1231 , bonus = 0.0 
    2019-08-28T16:28:54.746 , Gen : 1 , BEST: 1231 , bonus = 0.0 
fitness : 1231 
  code : ++++++++++++++>,,[<++.[>+<]>[,  
 mt@po.box --> 16 
** Tour n. 104 at 2019-08-28T16:28:54.863 
    2019-08-28T16:28:57.215 , Gen : 1 , BEST: 1231 , bonus = 0.0 
    2019-08-28T16:28:57.356 , Gen : 1 , BEST: 1231 , bonus = 0.0 
fitness : 1231 
  code : ++++++++++++++>,,[<++.[>+<]>[,  
 test --> 16 
** Tour n. 105 at 2019-08-28T16:28:57.474 
    2019-08-28T16:28:59.726 , Gen : 1 , BEST: 1231 , bonus = 0.0 
    2019-08-28T16:28:59.861 , Gen : 1 , BEST: 1231 , bonus = 0.0 
fitness : 1231 
  code : ++++++++++++++>,,[<++.[>+<]>[,  
 test --> 16 
** Tour n. 106 at 2019-08-28T16:28:59.974 
    2019-08-28T16:29:02.632 , Gen : 1 , BEST: 1231 , bonus = 0.0 
    2019-08-28T16:29:02.775 , Gen : 1 , BEST: 1231 , bonus = 0.0 
fitness : 1231 
  code : ++++++++++++++>,,[<++.[>+<]>[,  
 corio@domain.com --> 16 
** Tour n. 107 at 2019-08-28T16:29:02.891 
    2019-08-28T16:29:05.026 , Gen : 1 , BEST: 1231 , bonus = 0.0 
    2019-08-28T16:29:05.157 , Gen : 1 , BEST: 1231 , bonus = 0.0 
fitness : 1231 
  code : ++++++++++++++>,,[<++.[>+<]>[,  
 johnandjanesdfgjnsdkfjgjnrtkhreuitgure --> 16 
** Tour n. 108 at 2019-08-28T16:29:05.253 
    2019-08-28T16:29:08.063 , Gen : 1 , BEST: 1231 , bonus = 0.0 
    2019-08-28T16:29:08.215 , Gen : 1 , BEST: 1231 , bonus = 0.0 
fitness : 1231 
  code : ++++++++++++++>,,[<++.[>+<]>[,  
 corio@domain.com --> 16 
** Tour n. 109 at 2019-08-28T16:29:08.347 
    2019-08-28T16:29:10.828 , Gen : 1 , BEST: 1231 , bonus = 0.0 
    2019-08-28T16:29:10.979 , Gen : 1 , BEST: 1231 , bonus = 0.0 
fitness : 1231 
  code : ++++++++++++++>,,[<++.[>+<]>[,  
 test --> 16 
** Tour n. 110 at 2019-08-28T16:29:11.092 
    2019-08-28T16:29:13.725 , Gen : 1 , BEST: 1231 , bonus = 0.0 
    2019-08-28T16:29:13.856 , Gen : 1 , BEST: 1231 , bonus = 0.0 
fitness : 1231 
  code : ++++++++++++++>,,[<++.[>+<]>[,  
 unknown-string-goes-here --> 16 
** Tour n. 111 at 2019-08-28T16:29:13.959 
    2019-08-28T16:29:16.165 , Gen : 1 , BEST: 1231 , bonus = 0.0 
    2019-08-28T16:29:16.296 , Gen : 1 , BEST: 1231 , bonus = 0.0 
fitness : 1231 
  code : ++++++++++++++>,,[<++.[>+<]>[,  
 johnandjanesdfgjnsdkfjgjnrtkhreuitgure --> 16 
** Tour n. 112 at 2019-08-28T16:29:16.451 
    2019-08-28T16:29:18.997 , Gen : 1 , BEST: 1231 , bonus = 0.0 
    2019-08-28T16:29:19.136 , Gen : 1 , BEST: 1231 , bonus = 0.0 
fitness : 1231 
  code : ++++++++++++++>,,[<++.[>+<]>[,  
 corio@domain.com --> 16 
** Tour n. 113 at 2019-08-28T16:29:19.272 
    2019-08-28T16:29:22.53 , Gen : 1 , BEST: 1231 , bonus = 0.0 
    2019-08-28T16:29:22.668 , Gen : 1 , BEST: 1231 , bonus = 0.0 
fitness : 1231 
  code : ++++++++++++++>,,[<++.[>+<]>[,  
 johnandjanesdfgjnsdkfjgjnrtkhreuitgure --> 16 
** Tour n. 114 at 2019-08-28T16:29:22.768 
    2019-08-28T16:29:25.132 , Gen : 1 , BEST: 1231 , bonus = 0.0 
    2019-08-28T16:29:25.278 , Gen : 1 , BEST: 1231 , bonus = 0.0 
fitness : 1231 
  code : ++++++++++++++>,,[<++.[>+<]>[,  
 unknown-string-goes-here --> 16 
** Tour n. 115 at 2019-08-28T16:29:25.397 
    2019-08-28T16:29:28.044 , Gen : 1 , BEST: 1231 , bonus = 0.0 
    2019-08-28T16:29:28.18 , Gen : 1 , BEST: 1231 , bonus = 0.0 
fitness : 1231 
  code : ++++++++++++++>,,[<++.[>+<]>[,  
 test --> 16 
** Tour n. 116 at 2019-08-28T16:29:28.28 
    2019-08-28T16:29:30.599 , Gen : 1 , BEST: 1231 , bonus = 0.0 
    2019-08-28T16:29:30.725 , Gen : 1 , BEST: 1231 , bonus = 0.0 
fitness : 1231 
  code : ++++++++++++++>,,[<++.[>+<]>[,  
 johnandjanesdfgjnsdkfjgjnrtkhreuitgure --> 16 
** Tour n. 117 at 2019-08-28T16:29:30.841 
    2019-08-28T16:29:33.788 , Gen : 1 , BEST: 1231 , bonus = 0.0 
    2019-08-28T16:29:33.926 , Gen : 1 , BEST: 1231 , bonus = 0.0 
fitness : 1231 
  code : ++++++++++++++>,,[<++.[>+<]>[,  
 mt@po.box --> 16 
** Tour n. 118 at 2019-08-28T16:29:34.035 
    2019-08-28T16:29:36.595 , Gen : 1 , BEST: 1231 , bonus = 0.0 
    2019-08-28T16:29:36.744 , Gen : 1 , BEST: 1231 , bonus = 0.0 
fitness : 1231 
  code : ++++++++++++++>,,[<++.[>+<]>[,  
 johnandjanesdfgjnsdkfjgjnrtkhreuitgure --> 16 
** Tour n. 119 at 2019-08-28T16:29:36.832 
    2019-08-28T16:29:39.425 , Gen : 1 , BEST: 1231 , bonus = 0.0 
    2019-08-28T16:29:39.558 , Gen : 1 , BEST: 1231 , bonus = 0.0 
fitness : 1231 
  code : ++++++++++++++>,,[<++.[>+<]>[,  
 mt@po.box --> 16 
** Tour n. 120 at 2019-08-28T16:29:39.661 
    2019-08-28T16:29:42.003 , Gen : 1 , BEST: 1231 , bonus = 0.0 
    2019-08-28T16:29:42.145 , Gen : 1 , BEST: 1231 , bonus = 0.0 
fitness : 1231 
  code : ++++++++++++++>,,[<++.[>+<]>[,  
 test --> 16 
** Tour n. 121 at 2019-08-28T16:29:42.271 
    2019-08-28T16:29:45.199 , Gen : 1 , BEST: 1231 , bonus = 0.0 
    2019-08-28T16:29:45.34 , Gen : 1 , BEST: 1231 , bonus = 0.0 
fitness : 1231 
  code : ++++++++++++++>,,[<++.[>+<]>[,  
 johnandjanesdfgjnsdkfjgjnrtkhreuitgure --> 16 
** Tour n. 122 at 2019-08-28T16:29:45.441 
    2019-08-28T16:29:47.753 , Gen : 1 , BEST: 1231 , bonus = 0.0 
    2019-08-28T16:29:47.883 , Gen : 1 , BEST: 1231 , bonus = 0.0 
fitness : 1231 
  code : ++++++++++++++>,,[<++.[>+<]>[,  
 mt@po.box --> 16 
** Tour n. 123 at 2019-08-28T16:29:47.998 
    2019-08-28T16:29:50.507 , Gen : 1 , BEST: 1231 , bonus = 0.0 
    2019-08-28T16:29:50.661 , Gen : 1 , BEST: 1231 , bonus = 0.0 
fitness : 1231 
  code : ++++++++++++++>,,[<++.[>+<]>[,  
 johnandjanesdfgjnsdkfjgjnrtkhreuitgure --> 16 
** Tour n. 124 at 2019-08-28T16:29:50.748 
    2019-08-28T16:29:53.297 , Gen : 1 , BEST: 1231 , bonus = 0.0 
    2019-08-28T16:29:53.438 , Gen : 1 , BEST: 1231 , bonus = 0.0 
fitness : 1231 
  code : ++++++++++++++>,,[<++.[>+<]>[,  
 mt@po.box --> 16 
** Tour n. 125 at 2019-08-28T16:29:53.566 
    2019-08-28T16:29:56.091 , Gen : 1 , BEST: 1231 , bonus = 0.0 
    2019-08-28T16:29:56.216 , Gen : 1 , BEST: 1231 , bonus = 0.0 
fitness : 1231 
  code : ++++++++++++++>,,[<++.[>+<]>[,  
 unknown-string-goes-here --> 16 
** Tour n. 126 at 2019-08-28T16:29:56.314 
    2019-08-28T16:29:58.788 , Gen : 1 , BEST: 1231 , bonus = 0.0 
    2019-08-28T16:29:58.925 , Gen : 1 , BEST: 1231 , bonus = 0.0 
fitness : 1231 
  code : ++++++++++++++>,,[<++.[>+<]>[,  
 corio@domain.com --> 16 
** Tour n. 127 at 2019-08-28T16:29:59.002 
    2019-08-28T16:30:01.555 , Gen : 1 , BEST: 1231 , bonus = 0.0 
    2019-08-28T16:30:01.7 , Gen : 1 , BEST: 1231 , bonus = 0.0 
fitness : 1231 
  code : ++++++++++++++>,,[<++.[>+<]>[,  
 test --> 16 
** Tour n. 128 at 2019-08-28T16:30:01.788 
    2019-08-28T16:30:04.8 , Gen : 1 , BEST: 1231 , bonus = 0.0 
    2019-08-28T16:30:04.928 , Gen : 1 , BEST: 1231 , bonus = 0.0 
fitness : 1231 
  code : ++++++++++++++>,,[<++.[>+<]>[,  
 corio@domain.com --> 16 
** Tour n. 129 at 2019-08-28T16:30:05.012 
    2019-08-28T16:30:07.507 , Gen : 1 , BEST: 1231 , bonus = 0.0 
    2019-08-28T16:30:07.602 , Gen : 1 , BEST: 1231 , bonus = 0.0 
fitness : 1231 
  code : ++++++++++++++>,,[<++.[>+<]>[,  
 mt@po.box --> 16 
** Tour n. 130 at 2019-08-28T16:30:07.689 
    2019-08-28T16:30:10.6 , Gen : 1 , BEST: 1231 , bonus = 0.0 
    2019-08-28T16:30:10.726 , Gen : 1 , BEST: 1231 , bonus = 0.0 
fitness : 1231 
  code : ++++++++++++++>,,[<++.[>+<]>[,  
 mt@po.box --> 16 
** Tour n. 131 at 2019-08-28T16:30:10.815 
    2019-08-28T16:30:13.218 , Gen : 1 , BEST: 1231 , bonus = 0.0 
    2019-08-28T16:30:13.357 , Gen : 1 , BEST: 1231 , bonus = 0.0 
fitness : 1231 
  code : ++++++++++++++>,,[<++.[>+<]>[,  
 test --> 16 
** Tour n. 132 at 2019-08-28T16:30:13.451 
    2019-08-28T16:30:16.114 , Gen : 1 , BEST: 1231 , bonus = 0.0 
    2019-08-28T16:30:16.251 , Gen : 1 , BEST: 1231 , bonus = 0.0 
fitness : 1231 
  code : ++++++++++++++>,,[<++.[>+<]>[,  
 mt@po.box --> 16 
** Tour n. 133 at 2019-08-28T16:30:16.337 
    2019-08-28T16:30:18.695 , Gen : 1 , BEST: 1231 , bonus = 0.0 
    2019-08-28T16:30:18.77 , Gen : 1 , BEST: 1231 , bonus = 0.0 
fitness : 1231 
  code : ++++++++++++++>,,[<++.[>+<]>[,  
 test --> 16 
** Tour n. 134 at 2019-08-28T16:30:18.854 
    2019-08-28T16:30:21.102 , Gen : 1 , BEST: 1231 , bonus = 0.0 
    2019-08-28T16:30:21.227 , Gen : 1 , BEST: 1231 , bonus = 0.0 
fitness : 1231 
  code : ++++++++++++++>,,[<++.[>+<]>[,  
 mt@po.box --> 16 
** Tour n. 135 at 2019-08-28T16:30:21.344 
    2019-08-28T16:30:23.665 , Gen : 1 , BEST: 1231 , bonus = 0.0 
    2019-08-28T16:30:23.802 , Gen : 1 , BEST: 1231 , bonus = 0.0 
fitness : 1231 
  code : ++++++++++++++>,,[<++.[>+<]>[,  
 mt@po.box --> 16 
** Tour n. 136 at 2019-08-28T16:30:23.885 
    2019-08-28T16:30:26.353 , Gen : 1 , BEST: 1231 , bonus = 0.0 
    2019-08-28T16:30:26.496 , Gen : 1 , BEST: 1231 , bonus = 0.0 
fitness : 1231 
  code : ++++++++++++++>,,[<++.[>+<]>[,  
 unknown-string-goes-here --> 16 
** Tour n. 137 at 2019-08-28T16:30:26.605 
    2019-08-28T16:30:29.023 , Gen : 1 , BEST: 1231 , bonus = 0.0 
    2019-08-28T16:30:29.187 , Gen : 1 , BEST: 1231 , bonus = 0.0 
fitness : 1231 
  code : ++++++++++++++>,,[<++.[>+<]>[,  
 mt@po.box --> 16 
** Tour n. 138 at 2019-08-28T16:30:29.318 
    2019-08-28T16:30:31.748 , Gen : 1 , BEST: 1231 , bonus = 0.0 
    2019-08-28T16:30:31.892 , Gen : 1 , BEST: 1231 , bonus = 0.0 
fitness : 1231 
  code : ++++++++++++++>,,[<++.[>+<]>[,  
 test --> 16 
** Tour n. 139 at 2019-08-28T16:30:31.993 
    2019-08-28T16:30:34.696 , Gen : 1 , BEST: 1231 , bonus = 0.0 
    2019-08-28T16:30:34.838 , Gen : 1 , BEST: 1231 , bonus = 0.0 
fitness : 1231 
  code : ++++++++++++++>,,[<++.[>+<]>[,  
 test --> 16 
** Tour n. 140 at 2019-08-28T16:30:34.942 
    2019-08-28T16:30:37.22 , Gen : 1 , BEST: 1231 , bonus = 0.0 
    2019-08-28T16:30:37.364 , Gen : 1 , BEST: 1231 , bonus = 0.0 
fitness : 1231 
  code : ++++++++++++++>,,[<++.[>+<]>[,  
 johnandjanesdfgjnsdkfjgjnrtkhreuitgure --> 16 
** Tour n. 141 at 2019-08-28T16:30:37.472 
    2019-08-28T16:30:38.996 , Gen : 1 , BEST: 1280 , bonus = 9040.0 
fitness : 1280 
  code : -<>[,[<>,->+<+]>.<<<[,>><[.><.  
 test --> 4 
fitness : 1280 
  code : -<>[,[<>,->+<+]>.<<<[,>><[.><.  
 mt@po.box --> 9 
fitness 1280 
dna : [0.49595, 0.108812, 0.174884, 0.777399, 0.672036, 0.844412, 0.118299, 0.146645, 0.680781, 0.39793, 0.144187, 0.265428, 0.0794522, 0.279584, 0.952177, 0.19117, 0.582295, 0.0664253, 0.0977181, 0.115263, 0.750197, 0.633243, 0.182317, 0.128214, 0.00157046, 0.861994, 0.522144, 0.158883, 0.118389, 0.518533] 
