targetFitness = 1024 
params : Main.GeneticAlgorithms.Types.GAParams(136, 1000000, 150, 150, 0.7, 0.01, true, IOStream(<file ../Results/logLogicalXor.log>), 0.0, 1024.0, 0, 0) 
** Tour n. 1 at 2019-08-21T14:32:53.118 
    2019-08-21T14:32:55.179 , Gen : 1 , BEST: 1023 , 
    2019-08-21T14:32:56.176 , Gen : 1 , BEST: 1023 , 
    2019-08-21T14:32:57.359 , Gen : 1 , BEST: 1023 , 
    2019-08-21T14:32:58.516 , Gen : 1 , BEST: 1023 , 
    2019-08-21T14:32:59.511 , Gen : 1 , BEST: 1023 , 
fitness : 1023 
 code : +-+>,><><[+>.,,<<<[],,<>-++[,,-]>,.,-.-[<.<++[]>]---[[]++,],,[[>]+[],]]>>[,>+>>-[,]++<,]-<,[.+-+.+],><.[,,[.+[.,>>,,+.<+]<+[>+<]]->.+>-]..].<-[-<,+->< 
 UInt8[0x00, 0x00] -> 0 
 UInt8[0x01, 0x00] -> 0 
 UInt8[0x00, 0x01] -> 1 
 UInt8[0x01, 0x01] -> 0 
    2019-08-21T14:33:00.88 , Gen : 1 , BEST: 1023 , 
    2019-08-21T14:33:02.176 , Gen : 1 , BEST: 1023 , 
    2019-08-21T14:33:03.328 , Gen : 1 , BEST: 1023 , 
    2019-08-21T14:33:04.551 , Gen : 1 , BEST: 1023 , 
    2019-08-21T14:33:05.31 , Gen : 1 , BEST: 1023 , 
fitness : 1023 
 code : >++[,],.+.[]>[]<[+-.[[+--.[>--]><-,+.-<>>..,]+.][.->+[,],,],,][.><][,-[->[>-,[++-[,--<,[[,-<]+][,]]<<]+,,,<-+-...>,<+<<+<.+<.[,[]-----<,]-]+,-><.<[[.[ 
 UInt8[0x00, 0x00] -> 0 
 UInt8[0x01, 0x00] -> 0 
 UInt8[0x00, 0x01] -> 1 
 UInt8[0x01, 0x01] -> 0 
    2019-08-21T14:33:05.917 , Gen : 1 , BEST: 1023 , 
    2019-08-21T14:33:06.94 , Gen : 1 , BEST: 1023 , 
    2019-08-21T14:33:07.668 , Gen : 1 , BEST: 1023 , 
    2019-08-21T14:33:08.229 , Gen : 1 , BEST: 1023 , 
** Tour n. 2 at 2019-08-21T14:33:08.37 
    2019-08-21T14:33:09.608 , Gen : 1 , BEST: 1023 , 
    2019-08-21T14:33:10.391 , Gen : 1 , BEST: 1023 , 
    2019-08-21T14:33:11.391 , Gen : 1 , BEST: 1023 , 
    2019-08-21T14:33:12.346 , Gen : 1 , BEST: 1023 , 
    2019-08-21T14:33:13.097 , Gen : 1 , BEST: 1023 , 
fitness : 1023 
 code : >+[[,],.+]-]><+>]]-.[,-]>[>>-].[.-<[+<<+><,,],.]-.->.[+]+,-[]],.+[>[>[.[,.,+,+<.---<,[[<,.-[+,]]+++,,+]+->.[+<-],>+-<+-+[..]]],[]]-.,->.,.[..,.-.,[>.- 
 UInt8[0x00, 0x00] -> 0 
 UInt8[0x01, 0x00] -> 0 
 UInt8[0x00, 0x01] -> 1 
 UInt8[0x01, 0x01] -> 0 
** Tour n. 3 at 2019-08-21T14:33:13.638 
    2019-08-21T14:33:15.142 , Gen : 1 , BEST: 1023 , 
    2019-08-21T14:33:16.161 , Gen : 1 , BEST: 1023 , 
    2019-08-21T14:33:17.381 , Gen : 1 , BEST: 1023 , 
    2019-08-21T14:33:18.539 , Gen : 1 , BEST: 1023 , 
    2019-08-21T14:33:19.535 , Gen : 1 , BEST: 1023 , 
fitness : 1023 
 code : -[,]-,.+>,+[].+]>..[,,[->.],+.-.[>,<>>+,<+<-].[-.>+--[-.++]<,+.<,[[-+]<.-,<,.[-<[,[[,-][[[,,<-++--,,+-<.,+,<-+>+,<>]<-,+>+<<<.<>-->]-+[][,,+]<<>><,.[+ 
 UInt8[0x00, 0x00] -> 0 
 UInt8[0x01, 0x00] -> 0 
 UInt8[0x00, 0x01] -> 1 
 UInt8[0x01, 0x01] -> 0 
** Tour n. 4 at 2019-08-21T14:33:20.261 
    2019-08-21T14:33:22.115 , Gen : 1 , BEST: 1023 , 
    2019-08-21T14:33:23.38 , Gen : 1 , BEST: 1023 , 
    2019-08-21T14:33:24.915 , Gen : 1 , BEST: 1023 , 
    2019-08-21T14:33:26.372 , Gen : 1 , BEST: 1023 , 
    2019-08-21T14:33:27.625 , Gen : 1 , BEST: 1023 , 
fitness : 1023 
 code : >+,[.],.--[,<,+[++.[,-+>>[]-].+---<,--+[<>][+..]-,>.>+>,]]+][[>.++-[<--.,,,[+--+[-->[[[>+.<>+-]+]-,++,,,>[<-<[.,>,<+[+[+-]]<][,]---.<]]..]+,.<>,[>.,-, 
 UInt8[0x00, 0x00] -> 0 
 UInt8[0x01, 0x00] -> 1 
 UInt8[0x00, 0x01] -> 1 
 UInt8[0x01, 0x01] -> 1 
** Tour n. 5 at 2019-08-21T14:33:28.522 
    2019-08-21T14:33:30.935 , Gen : 1 , BEST: 1023 , 
    2019-08-21T14:33:32.728 , Gen : 1 , BEST: 1023 , 
    2019-08-21T14:33:34.837 , Gen : 1 , BEST: 1023 , 
    2019-08-21T14:33:36.904 , Gen : 1 , BEST: 1023 , 
    2019-08-21T14:33:38.719 , Gen : 1 , BEST: 1023 , 
fitness : 1023 
 code : ,[,],.+.[]<[]<+>-.[[+--[[>--]-<-,+--+>>..[]..][.>.>[,,,,]],][.><-[,-[->[>-,[-+-[,>-<,[[.<>++][,]-<++,,,><--+-..>,,+[<[<-..[[,]---.-]<.-]+,-><.<[[.+.>+ 
 UInt8[0x00, 0x00] -> 0 
 UInt8[0x01, 0x00] -> 0 
 UInt8[0x00, 0x01] -> 1 
 UInt8[0x01, 0x01] -> 0 
** Tour n. 6 at 2019-08-21T14:33:39.988 
    2019-08-21T14:33:42.269 , Gen : 1 , BEST: 1023 , 
    2019-08-21T14:33:43.975 , Gen : 1 , BEST: 1023 , 
    2019-08-21T14:33:45.931 , Gen : 1 , BEST: 1023 , 
    2019-08-21T14:33:47.787 , Gen : 1 , BEST: 1023 , 
    2019-08-21T14:33:49.446 , Gen : 1 , BEST: 1023 , 
fitness : 1023 
 code : ,[,]-,..--[[].+[++.[,,+>>.]-+.--[-,,->+,<+<-]..-.>>--[>.]++<[+..,[[[<-,<.,,,[+--+[-->[[]<+.<><-++]-,++-<,>+<-<[.+,,<+[<,+-+]<<[,]---]<][.[,,,+.<>,><,< 
 UInt8[0x00, 0x00] -> 0 
 UInt8[0x01, 0x00] -> 0 
 UInt8[0x00, 0x01] -> 1 
 UInt8[0x01, 0x01] -> 0 
** Tour n. 7 at 2019-08-21T14:33:50.688 
    2019-08-21T14:33:53.127 , Gen : 1 , BEST: 1023 , 
    2019-08-21T14:33:54.967 , Gen : 1 , BEST: 1023 , 
    2019-08-21T14:33:57.043 , Gen : 1 , BEST: 1024 , 
    2019-08-21T14:33:59.151 , Gen : 1 , BEST: 1024 , 
    2019-08-21T14:34:00.943 , Gen : 1 , BEST: 1024 , 
fitness : 1024 
 code : [,],[,[,,.-+-.,-.[,][>-,<[>>-]>]<,[>-,->[,<+>.].>>]]+.>[.,>,-],-++->-+.-+-<+],.[---+[>,-><[.>,<>]-,]]<,-.[]>++---[.,,-<++[+<++][<-]]---+-[,],-+>.><,>- 
 UInt8[0x00, 0x00] -> 0 
 UInt8[0x01, 0x00] -> 1 
 UInt8[0x00, 0x01] -> 1 
 UInt8[0x01, 0x01] -> 0 
    2019-08-21T14:34:03.102 , Gen : 1 , BEST: 1024 , 
    2019-08-21T14:34:05.115 , Gen : 1 , BEST: 1024 , 
fitness : 1024 
 code : [,],[,[,,.-+-.,-.[,][>-,<[>>-]>]<,[>-,->[,<+>.].>>]]+.>[.,>,-],-++->-+.-+-<+],.[---+[>,-><[.>,<>]-,]]<,-.[]>++---[.,,-<++[+<++][<-]]---+-[,],-+>.><,>- 
 UInt8[0x00, 0x00] -> 0 
 UInt8[0x01, 0x00] -> 1 
 UInt8[0x00, 0x01] -> 1 
 UInt8[0x01, 0x01] -> 0 
fitness 1024 
dna : [0.856858, 0.710887, 0.904105, 0.712891, 0.759559, 0.697409, 0.770413, 0.651664, 0.666646, 0.556824, 0.434477, 0.258492, 0.486156, 0.507567, 0.737352, 0.467689, 0.573147, 0.857802, 0.701752, 0.891826, 0.762779, 0.165471, 0.497637, 0.709993, 0.101392, 0.865707, 0.156322, 0.131945, 0.488236, 0.915565, 0.193619, 0.875679, 0.0437714, 0.742571, 0.86679, 0.229889, 0.452183, 0.651661, 0.452183, 0.211988, 0.853709, 0.670813, 0.101344, 0.36514, 0.226172, 0.580685, 0.901847, 0.515713, 0.147227, 0.152492, 0.894056, 0.979531, 0.290242, 0.517316, 0.223113, 0.866917, 0.62134, 0.630458, 0.130037, 0.729994, 0.406853, 0.904062, 0.663374, 0.458982, 0.307636, 0.324569, 0.409252, 0.141626, 0.491227, 0.266054, 0.598673, 0.468052, 0.329424, 0.415571, 0.00378332, 0.257397, 0.907059, 0.733695, 0.56818, 0.871636, 0.437034, 0.496599, 0.474781, 0.275515, 0.801332, 0.158368, 0.741053, 0.486652, 0.231747, 0.00729556, 0.750925, 0.594958, 0.220376, 0.705505, 0.0401635, 0.204076, 0.999249, 0.457653, 0.636063, 0.892148, 0.999249, 0.0380701, 0.737581, 0.397079, 0.536094, 0.791295, 0.917275, 0.180489, 0.252839, 0.269832, 0.454491, 0.454491, 0.422926, 0.852446, 0.616859, 0.739744, 0.729063, 0.441805, 0.0717303, 0.286173, 0.345049, 0.795424, 0.336679, 0.0717303, 0.2596, 0.319714, 0.938984, 0.772176, 0.0968286, 0.429047, 0.975384, 0.975384, 0.469942, 0.405685, 0.417381, 0.262877, 0.485585, 0.785023, 0.711701, 0.931534, 0.629188, 0.475347, 0.285068, 0.178225, 0.582176, 0.191994, 0.0644881, 0.748785, 0.249582, 0.447017] 
