targetFitness = 1024 
params : Main.GeneticAlgorithms.Types.GAParams(136, 1000000, 150, 150, 0.7, 0.01, true, IOStream(<file ../Results/logLogicalXor.log>), 0.0, 1024.0, 0, 0) 
** Tour n. 1 at 2019-08-19T15:59:25.02 
    2019-08-19T15:59:34.006 , Gen : 1 , BEST: 1022 , 
    2019-08-19T15:59:38.134 , Gen : 1 , BEST: 1022 , 
    2019-08-19T15:59:43.538 , Gen : 1 , BEST: 1023 , 
    2019-08-19T15:59:48.888 , Gen : 1 , BEST: 1023 , 
    2019-08-19T15:59:53.305 , Gen : 1 , BEST: 1023 , 
fitness : 1023 
 code : -,[>><-<>>[]>+.<,[<,[]>.-++++-,-]<>.<,-],.]-,>>.,+,+.]<,,,],+[]><]]-,,[],<[+.->--<-+].><[+,<-.+,]++-],<[<,[,+,[+>[<[[-]-+,<>,[..[],[.->],,.,.>][-,][<. 
 UInt8[0x00, 0x00] -> 0 
 UInt8[0x01, 0x00] -> 1 
 UInt8[0x00, 0x01] -> 1 
 UInt8[0x01, 0x01] -> 1 
    2019-08-19T15:59:58.842 , Gen : 1 , BEST: 1023 , 
    2019-08-19T16:00:02.825 , Gen : 1 , BEST: 1023 , 
    2019-08-19T16:00:06.161 , Gen : 1 , BEST: 1023 , 
    2019-08-19T16:00:10.872 , Gen : 1 , BEST: 1023 , 
    2019-08-19T16:00:14.646 , Gen : 1 , BEST: 1023 , 
fitness : 1023 
 code : -[-,[>><-<>>[]>+.<,[<,[]>.-++++-,-]<>.<,-],.-,>>.,+,+..]<,,,],+[]><>]-,,[],<[+.->--<-+].<[+,<-.+,][]+>.+.[+]<]+-[],>,]+<[-<<-[]-<>.<]>].+].[]>>]],+>.+ 
 UInt8[0x00, 0x00] -> 0 
 UInt8[0x01, 0x00] -> 1 
 UInt8[0x00, 0x01] -> 1 
 UInt8[0x01, 0x01] -> 1 
    2019-08-19T16:00:18.313 , Gen : 1 , BEST: 1023 , 
** Tour n. 2 at 2019-08-19T16:00:19.324 
    2019-08-19T16:00:24.282 , Gen : 1 , BEST: 1023 , 
    2019-08-19T16:00:27.688 , Gen : 1 , BEST: 1023 , 
    2019-08-19T16:00:31.964 , Gen : 1 , BEST: 1023 , 
    2019-08-19T16:00:36.258 , Gen : 1 , BEST: 1023 , 
    2019-08-19T16:00:39.576 , Gen : 1 , BEST: 1023 , 
fitness : 1023 
 code : -[-,[>><-<>>[]>+.<,[<,[]>.-++++-,-]<>.<,-],.-,>>.,+,+..]<,,,],+[]><>]-,,[],<[+.->--<-+].<[+,<-.+,][]+>.+.[+]<]+-[],>,]+<[-<<-[]-<>.<]>].+].[]>>]],+>.+ 
 UInt8[0x00, 0x00] -> 0 
 UInt8[0x01, 0x00] -> 1 
 UInt8[0x00, 0x01] -> 1 
 UInt8[0x01, 0x01] -> 1 
** Tour n. 3 at 2019-08-19T16:00:41.729 
    2019-08-19T16:00:47.985 , Gen : 1 , BEST: 1023 , 
    2019-08-19T16:00:51.897 , Gen : 1 , BEST: 1023 , 
    2019-08-19T16:00:56.602 , Gen : 1 , BEST: 1023 , 
    2019-08-19T16:01:01.27 , Gen : 1 , BEST: 1023 , 
    2019-08-19T16:01:05.035 , Gen : 1 , BEST: 1023 , 
fitness : 1023 
 code : -[-,[>><<>>[]>+.<,[<,[]>.-++++-,-]<>.<,-],.-,>>.,+,+..]<,,,],+[]><>]-,,[],<[+.->--<-+>].>[+,<-.+,][]+>.+.[+]<]+-[],>,]+<[-<<-[]-<>.[]<,-+->-><[+<-,,<- 
 UInt8[0x00, 0x00] -> 0 
 UInt8[0x01, 0x00] -> 1 
 UInt8[0x00, 0x01] -> 1 
 UInt8[0x01, 0x01] -> 1 
** Tour n. 4 at 2019-08-19T16:01:07.451 
    2019-08-19T16:01:13.632 , Gen : 1 , BEST: 1023 , 
    2019-08-19T16:01:17.709 , Gen : 1 , BEST: 1023 , 
    2019-08-19T16:01:22.71 , Gen : 1 , BEST: 1023 , 
    2019-08-19T16:01:27.471 , Gen : 1 , BEST: 1023 , 
    2019-08-19T16:01:31.418 , Gen : 1 , BEST: 1023 , 
fitness : 1023 
 code : >-[-,[>><<>>[]>+.<,[<,[]>-.++++-,-]<>.-,-],.-,>>.,+,+..]<,,>+-+->]><[>,<-,]-,<>.]+]++>,-.[->[.><],,+-],.+,,<+--<<]+,+.<+].[+-[[,...>[<<,..>-,.>--+.]>, 
 UInt8[0x00, 0x00] -> 0 
 UInt8[0x01, 0x00] -> 1 
 UInt8[0x00, 0x01] -> 1 
 UInt8[0x01, 0x01] -> 1 
** Tour n. 5 at 2019-08-19T16:01:34.138 
    2019-08-19T16:01:40.584 , Gen : 1 , BEST: 1023 , 
    2019-08-19T16:01:44.999 , Gen : 1 , BEST: 1023 , 
    2019-08-19T16:01:50.117 , Gen : 1 , BEST: 1023 , 
    2019-08-19T16:01:54.89 , Gen : 1 , BEST: 1023 , 
    2019-08-19T16:01:58.984 , Gen : 1 , BEST: 1023 , 
fitness : 1023 
 code : -[-,[>><<>>[]>+.<,[<,[]>-.++++-,-]<>.-,-],.-,>>.,+,+..]<,,>+-+->]><[>,<-,]-,<>.]+]++>,-.[->[.<>.<],,+-],.+,,<+--<]+,+.<+].[+-[[,...>[<<,..>-,.>-.,--[- 
 UInt8[0x00, 0x00] -> 0 
 UInt8[0x01, 0x00] -> 1 
 UInt8[0x00, 0x01] -> 1 
 UInt8[0x01, 0x01] -> 1 
** Tour n. 6 at 2019-08-19T16:02:01.932 
    2019-08-19T16:02:09.101 , Gen : 1 , BEST: 1024 , 
    2019-08-19T16:02:13.898 , Gen : 1 , BEST: 1024 , 
    2019-08-19T16:02:18.841 , Gen : 1 , BEST: 1024 , 
    2019-08-19T16:02:21.051 , Gen : 1 , BEST: 1024 , 
    2019-08-19T16:02:22.863 , Gen : 1 , BEST: 1024 , 
fitness : 1024 
 code : ,[-,[>><<>>.]>+.<,[<,[]>+.+++-,-]<>.<,.-],.-,>>,,+,+[.]<,,,],+[]><>]-,,[],<[+.->--<-+].>[+,<-.+,][]+>.+.[+]<]+-[+,>,]++<[-<<-[]-<>,.]<,-+->->.>--+.]>, 
 UInt8[0x00, 0x00] -> 0 
 UInt8[0x01, 0x00] -> 1 
 UInt8[0x00, 0x01] -> 1 
 UInt8[0x01, 0x01] -> 0 
fitness : 1024 
 code : ,[-,[>><<>>.]>+.<,[<,[]>+.+++-,-]<>.<,.-],.-,>>,,+,+[.]<,,,],+[]><>]-,,[],<[+.->--<-+].>[+,<-.+,][]+>.+.[+]<]+-[+,>,]++<[-<<-[]-<>,.]<,-+->->.>--+.]>, 
 UInt8[0x00, 0x00] -> 0 
 UInt8[0x01, 0x00] -> 1 
 UInt8[0x00, 0x01] -> 1 
 UInt8[0x01, 0x01] -> 0 fitness 1024 
dna : [0.635233, 0.841907, 0.469633, 0.7394, 0.753881, 0.149367, 0.189196, 0.101906, 0.10225, 0.174976, 0.20377, 0.538676, 0.994109, 0.145136, 0.34795, 0.560922, 0.113893, 0.692863, 0.796139, 0.120021, 0.674622, 0.768199, 0.960566, 0.147266, 0.309462, 0.553105, 0.342248, 0.28039, 0.253601, 0.451397, 0.679542, 0.465955, 0.957047, 0.0475916, 0.232455, 0.535732, 0.0585216, 0.668794, 0.54692, 0.394237, 0.950617, 0.642512, 0.512014, 0.408795, 0.684774, 0.220486, 0.147381, 0.706847, 0.638754, 0.349718, 0.703502, 0.322915, 0.815445, 0.527624, 0.927132, 0.0790872, 0.667484, 0.7489, 0.73037, 0.897427, 0.707129, 0.282633, 0.771698, 0.984778, 0.203759, 0.00156727, 0.224358, 0.985653, 0.452747, 0.668187, 0.713117, 0.847618, 0.889532, 0.661352, 0.0493001, 0.864941, 0.255134, 0.552505, 0.436309, 0.185168, 0.451059, 0.487462, 0.111679, 0.449188, 0.275206, 0.968134, 0.616497, 0.175863, 0.792544, 0.250286, 0.729135, 0.00183747, 0.463809, 0.611821, 0.35718, 0.639482, 0.963475, 0.81395, 0.955864, 0.345315, 0.159101, 0.508719, 0.290867, 0.602418, 0.859256, 0.362444, 0.892213, 0.0289752, 0.962476, 0.368678, 0.375074, 0.770895, 0.372778, 0.723135, 0.146992, 0.639654, 0.936449, 0.355595, 0.29667, 0.00556349, 0.779111, 0.424878, 0.0414297, 0.0892238, 0.39055, 0.814787, 0.880282, 0.404075, 0.0914978, 0.128229, 0.668556, 0.609795, 0.938409, 0.0719599, 0.644222, 0.464124, 0.254234, 0.38248, 0.189724, 0.479233, 0.183088, 0.572936, 0.130324, 0.48686, 0.376735, 0.338248, 0.506729, 0.905304, 0.157574, 0.716699] 
