targetFitness = 1024 
params : Main.GeneticAlgorithms.Types.GAParams(136, 100000, 150, 150, 0.7, 0.01, true, IOStream(<file ../Results/logLogicalOr.log>), 0.0, 1024.0, 0, 0) 
** Tour n. 1 at 2019-08-19T15:58:19.04 
    2019-08-19T15:58:22.963 , Gen : 1 , BEST: 1024 , 
    2019-08-19T15:58:24.43 , Gen : 1 , BEST: 1024 , 
    2019-08-19T15:58:27.034 , Gen : 1 , BEST: 1024 , 
    2019-08-19T15:58:31.146 , Gen : 1 , BEST: 1024 , 
    2019-08-19T15:58:34.654 , Gen : 1 , BEST: 1024 , 
fitness : 1024 
 code : >+>,[.++]-,.-<>[-]..[++>[>>[>>+>,[<<+<>->+<.]+]]],-[]..<[]>.,,-.>],,+>-]+]>++,>>>[<-[>,.+,-<--<,-.,,[<>++[]<[<>[>>>-<<<.-]>-><>>+<<<-..+[,>+<][-][<.][ 
 UInt8[0x00, 0x00] -> 0 
 UInt8[0x01, 0x00] -> 1 
 UInt8[0x00, 0x01] -> 1 
 UInt8[0x01, 0x01] -> 1 
fitness : 1024 
 code : >+>,[.++]-,.-<>[-]..[++>[>>[>>+>,[<<+<>->+<.]+]]],-[]..<[]>.,,-.>],,+>-]+]>++,>>>[<-[>,.+,-<--<,-.,,[<>++[]<[<>[>>>-<<<.-]>-><>>+<<<-..+[,>+<][-][<.][ 
 UInt8[0x00, 0x00] -> 0 
 UInt8[0x01, 0x00] -> 1 
 UInt8[0x00, 0x01] -> 1 
 UInt8[0x01, 0x01] -> 1 fitness 1024 
dna : [0.195631, 0.368138, 0.13643, 0.672278, 0.823313, 0.523295, 0.371397, 0.261731, 0.939838, 0.495565, 0.708595, 0.609255, 0.39332, 0.0507844, 0.208763, 0.778805, 0.416089, 0.904163, 0.605146, 0.529797, 0.806903, 0.266335, 0.27811, 0.174691, 0.848143, 0.16858, 0.174084, 0.830431, 0.140531, 0.23457, 0.270235, 0.239143, 0.660025, 0.85808, 0.09747, 0.0290131, 0.283995, 0.0754923, 0.150759, 0.49327, 0.13418, 0.298731, 0.0128094, 0.614782, 0.996189, 0.296272, 0.961399, 0.967976, 0.910197, 0.699645, 0.422407, 0.827206, 0.896715, 0.603773, 0.551855, 0.114778, 0.78179, 0.890343, 0.166059, 0.588798, 0.689648, 0.745394, 0.472961, 0.614711, 0.134058, 0.880302, 0.702979, 0.643357, 0.356884, 0.158825, 0.43468, 0.946972, 0.345662, 0.918776, 0.168835, 0.347075, 0.371482, 0.678979, 0.186713, 0.216763, 0.218272, 0.763543, 0.09563, 0.433651, 0.869329, 0.221746, 0.725446, 0.574533, 0.263178, 0.68661, 0.469407, 0.070219, 0.419679, 0.419679, 0.0615881, 0.663865, 0.422696, 0.560732, 0.647148, 0.727835, 0.842008, 0.107468, 0.178685, 0.327989, 0.310141, 0.832846, 0.96522, 0.0236045, 0.786864, 0.0588849, 0.182396, 0.827041, 0.197519, 0.209672, 0.170493, 0.395166, 0.0331875, 0.0940511, 0.0997911, 0.596923, 0.450306, 0.945685, 0.129503, 0.477421, 0.132629, 0.0102299, 0.239081, 0.158516, 0.290012, 0.11718, 0.0839149, 0.10567, 0.379694, 0.555676, 0.508896, 0.340294, 0.872713, 0.719322, 0.220196, 0.330335, 0.0303374, 0.990507, 0.826231, 0.401523, 0.963599, 0.854471, 0.10175, 0.594162, 0.894617, 0.827326] 
