targetFitness = 1024 
params : Main.GeneticAlgorithms.Types.GAParams(136, 1000000, 50, 150, 0.7, 0.01, true, IOStream(<file ../Results/logLogicalXor.log>), 0.0, 1024.0, 0, 0) 
** Tour n. 1 at 2019-08-28T03:36:26.362 
    2019-08-28T03:36:33.709 , Gen : 1 , BEST: 1022 , bonus = 0.0 
    2019-08-28T03:36:34.032 , Gen : 1 , BEST: 1022 , bonus = 0.0 
fitness : 1022 
 code : +[[.]<]<[->->>[.,--[[-.]<>+,-]-[]]><<-.[+--,[+>>]+ 
 UInt8[0x00, 0x00] -> 1 
 UInt8[0x01, 0x00] -> 1 
 UInt8[0x00, 0x01] -> 1 
 UInt8[0x01, 0x01] -> 1 
** Tour n. 2 at 2019-08-28T03:36:34.575 
    2019-08-28T03:36:38.709 , Gen : 1 , BEST: 1022 , bonus = 0.0 
    2019-08-28T03:36:39.092 , Gen : 1 , BEST: 1022 , bonus = 0.0 
fitness : 1022 
 code : +[[.]<]<[->->>[.,--[[-.]<>+,-]-[]]><<-.[+--,[+>>]+ 
 UInt8[0x00, 0x00] -> 1 
 UInt8[0x01, 0x00] -> 1 
 UInt8[0x00, 0x01] -> 1 
 UInt8[0x01, 0x01] -> 1 
** Tour n. 3 at 2019-08-28T03:36:39.196 
    2019-08-28T03:36:43.923 , Gen : 1 , BEST: 1022 , bonus = 0.0 
    2019-08-28T03:36:44.233 , Gen : 1 , BEST: 1022 , bonus = 0.0 
fitness : 1022 
 code : +[[.]<]<[->->>[.,--[[-.]<>+,-]-[]]><<-.[+--,[+>>]+ 
 UInt8[0x00, 0x00] -> 1 
 UInt8[0x01, 0x00] -> 1 
 UInt8[0x00, 0x01] -> 1 
 UInt8[0x01, 0x01] -> 1 
** Tour n. 4 at 2019-08-28T03:36:44.335 
    2019-08-28T03:36:49.206 , Gen : 1 , BEST: 1022 , bonus = 0.0 
    2019-08-28T03:36:49.516 , Gen : 1 , BEST: 1022 , bonus = 0.0 
fitness : 1022 
 code : +[[.]<]<[->->>[.,--[[-.]<>+,-]-[]]><<-.[+--,[+>>]+ 
 UInt8[0x00, 0x00] -> 1 
 UInt8[0x01, 0x00] -> 1 
 UInt8[0x00, 0x01] -> 1 
 UInt8[0x01, 0x01] -> 1 
** Tour n. 5 at 2019-08-28T03:36:49.621 
    2019-08-28T03:36:54.487 , Gen : 1 , BEST: 1022 , bonus = 0.0 
    2019-08-28T03:36:54.856 , Gen : 1 , BEST: 1022 , bonus = 0.0 
fitness : 1022 
 code : +[[.]<]<[->->>[.,--[[-.]<>+,-]-[]]><<-.[+--,[+>>]+ 
 UInt8[0x00, 0x00] -> 1 
 UInt8[0x01, 0x00] -> 1 
 UInt8[0x00, 0x01] -> 1 
 UInt8[0x01, 0x01] -> 1 
** Tour n. 6 at 2019-08-28T03:36:54.951 
    2019-08-28T03:36:59.424 , Gen : 1 , BEST: 1022 , bonus = 0.0 
    2019-08-28T03:36:59.56 , Gen : 1 , BEST: 1022 , bonus = 0.0 
fitness : 1022 
 code : +[[.]<]<[->->>[.,--[[-.]<>+,-]-[]]><<-.[+--,[+>>]+ 
 UInt8[0x00, 0x00] -> 1 
 UInt8[0x01, 0x00] -> 1 
 UInt8[0x00, 0x01] -> 1 
 UInt8[0x01, 0x01] -> 1 
** Tour n. 7 at 2019-08-28T03:36:59.665 
    2019-08-28T03:37:03.988 , Gen : 1 , BEST: 1022 , bonus = 0.0 
    2019-08-28T03:37:04.149 , Gen : 1 , BEST: 1022 , bonus = 0.0 
fitness : 1022 
 code : +[[.]<]<[->->>[.,--[[-.]<>+,-]-[]]><<-.[+--,[+>>]+ 
 UInt8[0x00, 0x00] -> 1 
 UInt8[0x01, 0x00] -> 1 
 UInt8[0x00, 0x01] -> 1 
 UInt8[0x01, 0x01] -> 1 
** Tour n. 8 at 2019-08-28T03:37:04.253 
    2019-08-28T03:37:09.346 , Gen : 1 , BEST: 1022 , bonus = 0.0 
    2019-08-28T03:37:09.558 , Gen : 1 , BEST: 1022 , bonus = 0.0 
fitness : 1022 
 code : +[[.]<]<[->->>[.,--[[-.]<>+,-]-[]]><<-.[+--,[+>>]+ 
 UInt8[0x00, 0x00] -> 1 
 UInt8[0x01, 0x00] -> 1 
 UInt8[0x00, 0x01] -> 1 
 UInt8[0x01, 0x01] -> 1 
** Tour n. 9 at 2019-08-28T03:37:09.646 
    2019-08-28T03:37:13.541 , Gen : 1 , BEST: 1022 , bonus = 0.0 
    2019-08-28T03:37:13.844 , Gen : 1 , BEST: 1022 , bonus = 0.0 
fitness : 1022 
 code : +[[.]<]<[->->>[.,--[[-.]<>+,-]-[]]><<-.[+--,[+>>]+ 
 UInt8[0x00, 0x00] -> 1 
 UInt8[0x01, 0x00] -> 1 
 UInt8[0x00, 0x01] -> 1 
 UInt8[0x01, 0x01] -> 1 
** Tour n. 10 at 2019-08-28T03:37:13.939 
    2019-08-28T03:37:18.433 , Gen : 1 , BEST: 1023 , bonus = 7780.0 
    2019-08-28T03:37:19.042 , Gen : 1 , BEST: 1023 , bonus = 0.0 
    2019-08-28T03:37:20.566 , Gen : 1 , BEST: 1023 , bonus = 0.0 
    2019-08-28T03:37:22.086 , Gen : 1 , BEST: 1023 , bonus = 0.0 
fitness : 1023 
 code : [<<<-,<<.-]+--[+,]+,>-,+-+<.--[>.><<-.[+--].>.[+-] 
 UInt8[0x00, 0x00] -> 0 
 UInt8[0x01, 0x00] -> 0 
 UInt8[0x00, 0x01] -> 1 
 UInt8[0x01, 0x01] -> 0 
** Tour n. 11 at 2019-08-28T03:37:22.23 
    2019-08-28T03:37:24.639 , Gen : 1 , BEST: 1023 , bonus = 0.0 
    2019-08-28T03:37:24.735 , Gen : 1 , BEST: 1023 , bonus = 0.0 
fitness : 1023 
 code : [<<<-,<<.-]+--[+,]+,>-,+-+<.--[>.><<-.[+--].>.[+-] 
 UInt8[0x00, 0x00] -> 0 
 UInt8[0x01, 0x00] -> 0 
 UInt8[0x00, 0x01] -> 1 
 UInt8[0x01, 0x01] -> 0 
** Tour n. 12 at 2019-08-28T03:37:24.849 
    2019-08-28T03:37:27.119 , Gen : 1 , BEST: 1023 , bonus = 0.0 
    2019-08-28T03:37:27.232 , Gen : 1 , BEST: 1023 , bonus = 0.0 
fitness : 1023 
 code : [<<<-,<<.-]+--[+,]+,>-,+-+<.--[>.><<-.[+--].>.[+-] 
 UInt8[0x00, 0x00] -> 0 
 UInt8[0x01, 0x00] -> 0 
 UInt8[0x00, 0x01] -> 1 
 UInt8[0x01, 0x01] -> 0 
** Tour n. 13 at 2019-08-28T03:37:27.321 
    2019-08-28T03:37:29.769 , Gen : 1 , BEST: 1023 , bonus = 0.0 
    2019-08-28T03:37:29.877 , Gen : 1 , BEST: 1023 , bonus = 0.0 
fitness : 1023 
 code : [<<<-,<<.-]+--[+,]+,>-,+-+<.--[>.><<-.[+--].>.[+-] 
 UInt8[0x00, 0x00] -> 0 
 UInt8[0x01, 0x00] -> 0 
 UInt8[0x00, 0x01] -> 1 
 UInt8[0x01, 0x01] -> 0 
** Tour n. 14 at 2019-08-28T03:37:29.986 
    2019-08-28T03:37:32.227 , Gen : 1 , BEST: 1023 , bonus = 0.0 
    2019-08-28T03:37:32.318 , Gen : 1 , BEST: 1023 , bonus = 0.0 
fitness : 1023 
 code : [<<<-,<<.-]+--[+,]+,>-,+-+<.--[>.><<-.[+--].>.[+-] 
 UInt8[0x00, 0x00] -> 0 
 UInt8[0x01, 0x00] -> 0 
 UInt8[0x00, 0x01] -> 1 
 UInt8[0x01, 0x01] -> 0 
** Tour n. 15 at 2019-08-28T03:37:32.431 
    2019-08-28T03:37:34.399 , Gen : 1 , BEST: 1023 , bonus = 0.0 
    2019-08-28T03:37:34.506 , Gen : 1 , BEST: 1023 , bonus = 0.0 
fitness : 1023 
 code : [<<<-,<<.-]+--[+,]+,>-,+-+<.--[>.><<-.[+--].>.[+-] 
 UInt8[0x00, 0x00] -> 0 
 UInt8[0x01, 0x00] -> 0 
 UInt8[0x00, 0x01] -> 1 
 UInt8[0x01, 0x01] -> 0 
** Tour n. 16 at 2019-08-28T03:37:34.619 
    2019-08-28T03:37:36.724 , Gen : 1 , BEST: 1023 , bonus = 0.0 
    2019-08-28T03:37:36.822 , Gen : 1 , BEST: 1023 , bonus = 0.0 
fitness : 1023 
 code : [<<<-,<<.-]+--[+,]+,>-,+-+<.--[>.><<-.[+--].>.[+-] 
 UInt8[0x00, 0x00] -> 0 
 UInt8[0x01, 0x00] -> 0 
 UInt8[0x00, 0x01] -> 1 
 UInt8[0x01, 0x01] -> 0 
** Tour n. 17 at 2019-08-28T03:37:36.938 
    2019-08-28T03:37:38.999 , Gen : 1 , BEST: 1023 , bonus = 0.0 
    2019-08-28T03:37:39.08 , Gen : 1 , BEST: 1023 , bonus = 0.0 
fitness : 1023 
 code : [<<<-,<<.-]+--[+,]+,>-,+-+<.--[>.><<-.[+--].>.[+-] 
 UInt8[0x00, 0x00] -> 0 
 UInt8[0x01, 0x00] -> 0 
 UInt8[0x00, 0x01] -> 1 
 UInt8[0x01, 0x01] -> 0 
** Tour n. 18 at 2019-08-28T03:37:39.192 
    2019-08-28T03:37:41.255 , Gen : 1 , BEST: 1023 , bonus = 0.0 
    2019-08-28T03:37:41.337 , Gen : 1 , BEST: 1023 , bonus = 0.0 
fitness : 1023 
 code : [<<<-,<<.-]+--[+,]+,>-,+-+<.--[>.><<-.[+--].>.[+-] 
 UInt8[0x00, 0x00] -> 0 
 UInt8[0x01, 0x00] -> 0 
 UInt8[0x00, 0x01] -> 1 
 UInt8[0x01, 0x01] -> 0 
** Tour n. 19 at 2019-08-28T03:37:41.441 
    2019-08-28T03:37:43.935 , Gen : 1 , BEST: 1023 , bonus = 0.0 
    2019-08-28T03:37:44.037 , Gen : 1 , BEST: 1023 , bonus = 0.0 
fitness : 1023 
 code : [<<<-,<<.-]+--[+,]+,>-,+-+<.--[>.><<-.[+--].>.[+-] 
 UInt8[0x00, 0x00] -> 0 
 UInt8[0x01, 0x00] -> 0 
 UInt8[0x00, 0x01] -> 1 
 UInt8[0x01, 0x01] -> 0 
** Tour n. 20 at 2019-08-28T03:37:44.139 
    2019-08-28T03:37:46.195 , Gen : 1 , BEST: 1023 , bonus = 0.0 
    2019-08-28T03:37:46.283 , Gen : 1 , BEST: 1023 , bonus = 0.0 
fitness : 1023 
 code : [<<<-,<<.-]+--[+,]+,>-,+-+<.--[>.><<-.[+--].>.[+-] 
 UInt8[0x00, 0x00] -> 0 
 UInt8[0x01, 0x00] -> 0 
 UInt8[0x00, 0x01] -> 1 
 UInt8[0x01, 0x01] -> 0 
** Tour n. 21 at 2019-08-28T03:37:46.425 
    2019-08-28T03:37:48.824 , Gen : 1 , BEST: 1023 , bonus = 0.0 
    2019-08-28T03:37:48.902 , Gen : 1 , BEST: 1023 , bonus = 0.0 
fitness : 1023 
 code : [<<<-,<<.-]+--[+,]+,>-,+-+<.--[>.><<-.[+--].>.[+-] 
 UInt8[0x00, 0x00] -> 0 
 UInt8[0x01, 0x00] -> 0 
 UInt8[0x00, 0x01] -> 1 
 UInt8[0x01, 0x01] -> 0 
** Tour n. 22 at 2019-08-28T03:37:49 
    2019-08-28T03:37:51.059 , Gen : 1 , BEST: 1023 , bonus = 0.0 
    2019-08-28T03:37:51.209 , Gen : 1 , BEST: 1023 , bonus = 0.0 
fitness : 1023 
 code : [<<<-,<<.-]+--[+,]+,>-,+-+<.--[>.><<-.[+--].>.[+-] 
 UInt8[0x00, 0x00] -> 0 
 UInt8[0x01, 0x00] -> 0 
 UInt8[0x00, 0x01] -> 1 
 UInt8[0x01, 0x01] -> 0 
** Tour n. 23 at 2019-08-28T03:37:51.309 
    2019-08-28T03:37:53.345 , Gen : 1 , BEST: 1023 , bonus = 0.0 
    2019-08-28T03:37:53.431 , Gen : 1 , BEST: 1023 , bonus = 0.0 
fitness : 1023 
 code : [<<<-,<<.-]+--[+,]+,>-,+-+<.--[>.><<-.[+--].>.[+-] 
 UInt8[0x00, 0x00] -> 0 
 UInt8[0x01, 0x00] -> 0 
 UInt8[0x00, 0x01] -> 1 
 UInt8[0x01, 0x01] -> 0 
** Tour n. 24 at 2019-08-28T03:37:53.528 
    2019-08-28T03:37:55.68 , Gen : 1 , BEST: 1023 , bonus = 0.0 
    2019-08-28T03:37:55.777 , Gen : 1 , BEST: 1023 , bonus = 0.0 
fitness : 1023 
 code : [<<<-,<<.-]+--[+,]+,>-,+-+<.--[>.><<-.[+--].>.[+-] 
 UInt8[0x00, 0x00] -> 0 
 UInt8[0x01, 0x00] -> 0 
 UInt8[0x00, 0x01] -> 1 
 UInt8[0x01, 0x01] -> 0 
** Tour n. 25 at 2019-08-28T03:37:55.879 
    2019-08-28T03:37:58.194 , Gen : 1 , BEST: 1023 , bonus = 0.0 
    2019-08-28T03:37:58.29 , Gen : 1 , BEST: 1023 , bonus = 0.0 
fitness : 1023 
 code : [<<<-,<<.-]+--[+,]+,>-,+-+<.--[>.><<-.[+--].>.[+-] 
 UInt8[0x00, 0x00] -> 0 
 UInt8[0x01, 0x00] -> 0 
 UInt8[0x00, 0x01] -> 1 
 UInt8[0x01, 0x01] -> 0 
** Tour n. 26 at 2019-08-28T03:37:58.41 
    2019-08-28T03:38:00.495 , Gen : 1 , BEST: 1023 , bonus = 0.0 
    2019-08-28T03:38:00.6 , Gen : 1 , BEST: 1023 , bonus = 0.0 
fitness : 1023 
 code : [<<<-,<<.-]+--[+,]+,>-,+-+<.--[>.><<-.[+--].>.[+-] 
 UInt8[0x00, 0x00] -> 0 
 UInt8[0x01, 0x00] -> 0 
 UInt8[0x00, 0x01] -> 1 
 UInt8[0x01, 0x01] -> 0 
** Tour n. 27 at 2019-08-28T03:38:00.705 
    2019-08-28T03:38:02.762 , Gen : 1 , BEST: 1023 , bonus = 0.0 
    2019-08-28T03:38:02.86 , Gen : 1 , BEST: 1023 , bonus = 0.0 
fitness : 1023 
 code : [<<<-,<<.-]+--[+,]+,>-,+-+<.--[>.><<-.[+--].>.[+-] 
 UInt8[0x00, 0x00] -> 0 
 UInt8[0x01, 0x00] -> 0 
 UInt8[0x00, 0x01] -> 1 
 UInt8[0x01, 0x01] -> 0 
** Tour n. 28 at 2019-08-28T03:38:03.003 
    2019-08-28T03:38:05.686 , Gen : 1 , BEST: 1023 , bonus = 0.0 
    2019-08-28T03:38:05.866 , Gen : 1 , BEST: 1023 , bonus = 0.0 
fitness : 1023 
 code : [<<<-,<<.-]+--[+,]+,>-,+-+<.--[>.><<-.[+--].>.[+-] 
 UInt8[0x00, 0x00] -> 0 
 UInt8[0x01, 0x00] -> 0 
 UInt8[0x00, 0x01] -> 1 
 UInt8[0x01, 0x01] -> 0 
** Tour n. 29 at 2019-08-28T03:38:05.973 
    2019-08-28T03:38:07.906 , Gen : 1 , BEST: 1023 , bonus = 0.0 
    2019-08-28T03:38:08.011 , Gen : 1 , BEST: 1023 , bonus = 0.0 
fitness : 1023 
 code : [<<<-,<<.-]+--[+,]+,>-,+-+<.--[>.><<-.[+--].>.[+-] 
 UInt8[0x00, 0x00] -> 0 
 UInt8[0x01, 0x00] -> 0 
 UInt8[0x00, 0x01] -> 1 
 UInt8[0x01, 0x01] -> 0 
** Tour n. 30 at 2019-08-28T03:38:08.1 
    2019-08-28T03:38:10.128 , Gen : 1 , BEST: 1023 , bonus = 0.0 
    2019-08-28T03:38:10.234 , Gen : 1 , BEST: 1023 , bonus = 0.0 
fitness : 1023 
 code : [<<<-,<<.-]+--[+,]+,>-,+-+<.--[>.><<-.[+--].>.[+-] 
 UInt8[0x00, 0x00] -> 0 
 UInt8[0x01, 0x00] -> 0 
 UInt8[0x00, 0x01] -> 1 
 UInt8[0x01, 0x01] -> 0 
** Tour n. 31 at 2019-08-28T03:38:10.349 
    2019-08-28T03:38:12.4 , Gen : 1 , BEST: 1023 , bonus = 0.0 
    2019-08-28T03:38:12.499 , Gen : 1 , BEST: 1023 , bonus = 0.0 
fitness : 1023 
 code : [<<<-,<<.-]+--[+,]+,>-,+-+<.--[>.><<-.[+--].>.[+-] 
 UInt8[0x00, 0x00] -> 0 
 UInt8[0x01, 0x00] -> 0 
 UInt8[0x00, 0x01] -> 1 
 UInt8[0x01, 0x01] -> 0 
** Tour n. 32 at 2019-08-28T03:38:12.594 
    2019-08-28T03:38:14.864 , Gen : 1 , BEST: 1023 , bonus = 0.0 
    2019-08-28T03:38:14.966 , Gen : 1 , BEST: 1023 , bonus = 0.0 
fitness : 1023 
 code : [<<<-,<<.-]+--[+,]+,>-,+-+<.--[>.><<-.[+--].>.[+-] 
 UInt8[0x00, 0x00] -> 0 
 UInt8[0x01, 0x00] -> 0 
 UInt8[0x00, 0x01] -> 1 
 UInt8[0x01, 0x01] -> 0 
** Tour n. 33 at 2019-08-28T03:38:15.067 
    2019-08-28T03:38:17.37 , Gen : 1 , BEST: 1023 , bonus = 0.0 
    2019-08-28T03:38:17.458 , Gen : 1 , BEST: 1023 , bonus = 0.0 
fitness : 1023 
 code : [<<<-,<<.-]+--[+,]+,>-,+-+<.--[>.><<-.[+--].>.[+-] 
 UInt8[0x00, 0x00] -> 0 
 UInt8[0x01, 0x00] -> 0 
 UInt8[0x00, 0x01] -> 1 
 UInt8[0x01, 0x01] -> 0 
** Tour n. 34 at 2019-08-28T03:38:17.583 
    2019-08-28T03:38:19.545 , Gen : 1 , BEST: 1023 , bonus = 0.0 
    2019-08-28T03:38:19.651 , Gen : 1 , BEST: 1023 , bonus = 0.0 
fitness : 1023 
 code : [<<<-,<<.-]+--[+,]+,>-,+-+<.--[>.><<-.[+--].>.[+-] 
 UInt8[0x00, 0x00] -> 0 
 UInt8[0x01, 0x00] -> 0 
 UInt8[0x00, 0x01] -> 1 
 UInt8[0x01, 0x01] -> 0 
** Tour n. 35 at 2019-08-28T03:38:19.753 
    2019-08-28T03:38:21.804 , Gen : 1 , BEST: 1023 , bonus = 0.0 
    2019-08-28T03:38:21.933 , Gen : 1 , BEST: 1023 , bonus = 0.0 
fitness : 1023 
 code : [<<<-,<<.-]+--[+,]+,>-,+-+<.--[>.><<-.[+--].>.[+-] 
 UInt8[0x00, 0x00] -> 0 
 UInt8[0x01, 0x00] -> 0 
 UInt8[0x00, 0x01] -> 1 
 UInt8[0x01, 0x01] -> 0 
** Tour n. 36 at 2019-08-28T03:38:22.021 
    2019-08-28T03:38:24.444 , Gen : 1 , BEST: 1023 , bonus = 0.0 
    2019-08-28T03:38:24.537 , Gen : 1 , BEST: 1023 , bonus = 0.0 
fitness : 1023 
 code : [<<<-,<<.-]+--[+,]+,>-,+-+<.--[>.><<-.[+--].>.[+-] 
 UInt8[0x00, 0x00] -> 0 
 UInt8[0x01, 0x00] -> 0 
 UInt8[0x00, 0x01] -> 1 
 UInt8[0x01, 0x01] -> 0 
** Tour n. 37 at 2019-08-28T03:38:24.661 
    2019-08-28T03:38:27.032 , Gen : 1 , BEST: 1023 , bonus = 0.0 
    2019-08-28T03:38:27.127 , Gen : 1 , BEST: 1023 , bonus = 0.0 
fitness : 1023 
 code : [<<<-,<<.-]+--[+,]+,>-,+-+<.--[>.><<-.[+--].>.[+-] 
 UInt8[0x00, 0x00] -> 0 
 UInt8[0x01, 0x00] -> 0 
 UInt8[0x00, 0x01] -> 1 
 UInt8[0x01, 0x01] -> 0 
** Tour n. 38 at 2019-08-28T03:38:27.235 
    2019-08-28T03:38:29.191 , Gen : 1 , BEST: 1023 , bonus = 0.0 
    2019-08-28T03:38:29.271 , Gen : 1 , BEST: 1023 , bonus = 0.0 
fitness : 1023 
 code : [<<<-,<<.-]+--[+,]+,>-,+-+<.--[>.><<-.[+--].>.[+-] 
 UInt8[0x00, 0x00] -> 0 
 UInt8[0x01, 0x00] -> 0 
 UInt8[0x00, 0x01] -> 1 
 UInt8[0x01, 0x01] -> 0 
** Tour n. 39 at 2019-08-28T03:38:29.393 
    2019-08-28T03:38:31.262 , Gen : 1 , BEST: 1023 , bonus = 0.0 
    2019-08-28T03:38:31.358 , Gen : 1 , BEST: 1023 , bonus = 0.0 
fitness : 1023 
 code : [<<<-,<<.-]+--[+,]+,>-,+-+<.--[>.><<-.[+--].>.[+-] 
 UInt8[0x00, 0x00] -> 0 
 UInt8[0x01, 0x00] -> 0 
 UInt8[0x00, 0x01] -> 1 
 UInt8[0x01, 0x01] -> 0 
** Tour n. 40 at 2019-08-28T03:38:31.478 
    2019-08-28T03:38:33.683 , Gen : 1 , BEST: 1023 , bonus = 0.0 
    2019-08-28T03:38:33.766 , Gen : 1 , BEST: 1023 , bonus = 0.0 
fitness : 1023 
 code : [<<<-,<<.-]+--[+,]+,>-,+-+<.--[>.><<-.[+--].>.[+-] 
 UInt8[0x00, 0x00] -> 0 
 UInt8[0x01, 0x00] -> 0 
 UInt8[0x00, 0x01] -> 1 
 UInt8[0x01, 0x01] -> 0 
** Tour n. 41 at 2019-08-28T03:38:33.87 
    2019-08-28T03:38:35.97 , Gen : 1 , BEST: 1023 , bonus = 0.0 
    2019-08-28T03:38:36.055 , Gen : 1 , BEST: 1023 , bonus = 0.0 
fitness : 1023 
 code : [<<<-,<<.-]+--[+,]+,>-,+-+<.--[>.><<-.[+--].>.[+-] 
 UInt8[0x00, 0x00] -> 0 
 UInt8[0x01, 0x00] -> 0 
 UInt8[0x00, 0x01] -> 1 
 UInt8[0x01, 0x01] -> 0 
** Tour n. 42 at 2019-08-28T03:38:36.16 
    2019-08-28T03:38:38.385 , Gen : 1 , BEST: 1023 , bonus = 0.0 
    2019-08-28T03:38:38.545 , Gen : 1 , BEST: 1023 , bonus = 0.0 
fitness : 1023 
 code : [<<<-,<<.-]+--[+,]+,>-,+-+<.--[>.><<-.[+--].>.[+-] 
 UInt8[0x00, 0x00] -> 0 
 UInt8[0x01, 0x00] -> 0 
 UInt8[0x00, 0x01] -> 1 
 UInt8[0x01, 0x01] -> 0 
** Tour n. 43 at 2019-08-28T03:38:38.643 
    2019-08-28T03:38:40.935 , Gen : 1 , BEST: 1023 , bonus = 0.0 
    2019-08-28T03:38:41.039 , Gen : 1 , BEST: 1023 , bonus = 0.0 
fitness : 1023 
 code : [<<<-,<<.-]+--[+,]+,>-,+-+<.--[>.><<-.[+--].>.[+-] 
 UInt8[0x00, 0x00] -> 0 
 UInt8[0x01, 0x00] -> 0 
 UInt8[0x00, 0x01] -> 1 
 UInt8[0x01, 0x01] -> 0 
** Tour n. 44 at 2019-08-28T03:38:41.141 
    2019-08-28T03:38:43.478 , Gen : 1 , BEST: 1023 , bonus = 0.0 
    2019-08-28T03:38:43.578 , Gen : 1 , BEST: 1023 , bonus = 0.0 
fitness : 1023 
 code : [<<<-,<<.-]+--[+,]+,>-,+-+<.--[>.><<-.[+--].>.[+-] 
 UInt8[0x00, 0x00] -> 0 
 UInt8[0x01, 0x00] -> 0 
 UInt8[0x00, 0x01] -> 1 
 UInt8[0x01, 0x01] -> 0 
** Tour n. 45 at 2019-08-28T03:38:43.679 
    2019-08-28T03:38:45.657 , Gen : 1 , BEST: 1023 , bonus = 0.0 
    2019-08-28T03:38:45.761 , Gen : 1 , BEST: 1023 , bonus = 0.0 
fitness : 1023 
 code : [<<<-,<<.-]+--[+,]+,>-,+-+<.--[>.><<-.[+--].>.[+-] 
 UInt8[0x00, 0x00] -> 0 
 UInt8[0x01, 0x00] -> 0 
 UInt8[0x00, 0x01] -> 1 
 UInt8[0x01, 0x01] -> 0 
** Tour n. 46 at 2019-08-28T03:38:45.869 
    2019-08-28T03:38:47.854 , Gen : 1 , BEST: 1023 , bonus = 0.0 
    2019-08-28T03:38:47.942 , Gen : 1 , BEST: 1023 , bonus = 0.0 
fitness : 1023 
 code : [<<<-,<<.-]+--[+,]+,>-,+-+<.--[>.><<-.[+--].>.[+-] 
 UInt8[0x00, 0x00] -> 0 
 UInt8[0x01, 0x00] -> 0 
 UInt8[0x00, 0x01] -> 1 
 UInt8[0x01, 0x01] -> 0 
** Tour n. 47 at 2019-08-28T03:38:48.041 
    2019-08-28T03:38:50.083 , Gen : 1 , BEST: 1023 , bonus = 0.0 
    2019-08-28T03:38:50.204 , Gen : 1 , BEST: 1023 , bonus = 0.0 
fitness : 1023 
 code : [<<<-,<<.-]+--[+,]+,>-,+-+<.--[>.><<-.[+--].>.[+-] 
 UInt8[0x00, 0x00] -> 0 
 UInt8[0x01, 0x00] -> 0 
 UInt8[0x00, 0x01] -> 1 
 UInt8[0x01, 0x01] -> 0 
** Tour n. 48 at 2019-08-28T03:38:50.339 
    2019-08-28T03:38:53.033 , Gen : 1 , BEST: 1023 , bonus = 0.0 
    2019-08-28T03:38:53.133 , Gen : 1 , BEST: 1023 , bonus = 0.0 
fitness : 1023 
 code : [<<<-,<<.-]+--[+,]+,>-,+-+<.--[>.><<-.[+--].>.[+-] 
 UInt8[0x00, 0x00] -> 0 
 UInt8[0x01, 0x00] -> 0 
 UInt8[0x00, 0x01] -> 1 
 UInt8[0x01, 0x01] -> 0 
** Tour n. 49 at 2019-08-28T03:38:53.248 
    2019-08-28T03:38:55.691 , Gen : 1 , BEST: 1023 , bonus = 0.0 
    2019-08-28T03:38:55.848 , Gen : 1 , BEST: 1023 , bonus = 0.0 
fitness : 1023 
 code : [<<<-,<<.-]+--[+,]+,>-,+-+<.--[>.><<-.[+--].>.[+-] 
 UInt8[0x00, 0x00] -> 0 
 UInt8[0x01, 0x00] -> 0 
 UInt8[0x00, 0x01] -> 1 
 UInt8[0x01, 0x01] -> 0 
** Tour n. 50 at 2019-08-28T03:38:55.956 
    2019-08-28T03:38:58.257 , Gen : 1 , BEST: 1023 , bonus = 0.0 
    2019-08-28T03:38:58.347 , Gen : 1 , BEST: 1023 , bonus = 0.0 
fitness : 1023 
 code : [<<<-,<<.-]+--[+,]+,>-,+-+<.--[>.><<-.[+--].>.[+-] 
 UInt8[0x00, 0x00] -> 0 
 UInt8[0x01, 0x00] -> 0 
 UInt8[0x00, 0x01] -> 1 
 UInt8[0x01, 0x01] -> 0 
** Tour n. 51 at 2019-08-28T03:38:58.466 
    2019-08-28T03:39:00.745 , Gen : 1 , BEST: 1023 , bonus = 0.0 
    2019-08-28T03:39:00.856 , Gen : 1 , BEST: 1023 , bonus = 0.0 
fitness : 1023 
 code : [<<<-,<<.-]+--[+,]+,>-,+-+<.--[>.><<-.[+--].>.[+-] 
 UInt8[0x00, 0x00] -> 0 
 UInt8[0x01, 0x00] -> 0 
 UInt8[0x00, 0x01] -> 1 
 UInt8[0x01, 0x01] -> 0 
** Tour n. 52 at 2019-08-28T03:39:00.961 
    2019-08-28T03:39:03.225 , Gen : 1 , BEST: 1023 , bonus = 0.0 
    2019-08-28T03:39:03.305 , Gen : 1 , BEST: 1023 , bonus = 0.0 
fitness : 1023 
 code : [<<<-,<<.-]+--[+,]+,>-,+-+<.--[>.><<-.[+--].>.[+-] 
 UInt8[0x00, 0x00] -> 0 
 UInt8[0x01, 0x00] -> 0 
 UInt8[0x00, 0x01] -> 1 
 UInt8[0x01, 0x01] -> 0 
** Tour n. 53 at 2019-08-28T03:39:03.389 
    2019-08-28T03:39:05.627 , Gen : 1 , BEST: 1023 , bonus = 0.0 
    2019-08-28T03:39:05.753 , Gen : 1 , BEST: 1023 , bonus = 0.0 
fitness : 1023 
 code : [<<<-,<<.-]+--[+,]+,>-,+-+<.--[>.><<-.[+--].>.[+-] 
 UInt8[0x00, 0x00] -> 0 
 UInt8[0x01, 0x00] -> 0 
 UInt8[0x00, 0x01] -> 1 
 UInt8[0x01, 0x01] -> 0 
** Tour n. 54 at 2019-08-28T03:39:05.852 
    2019-08-28T03:39:07.927 , Gen : 1 , BEST: 1023 , bonus = 0.0 
    2019-08-28T03:39:08.002 , Gen : 1 , BEST: 1023 , bonus = 0.0 
fitness : 1023 
 code : [<<<-,<<.-]+--[+,]+,>-,+-+<.--[>.><<-.[+--].>.[+-] 
 UInt8[0x00, 0x00] -> 0 
 UInt8[0x01, 0x00] -> 0 
 UInt8[0x00, 0x01] -> 1 
 UInt8[0x01, 0x01] -> 0 
** Tour n. 55 at 2019-08-28T03:39:08.109 
    2019-08-28T03:39:10.755 , Gen : 1 , BEST: 1023 , bonus = 0.0 
    2019-08-28T03:39:10.836 , Gen : 1 , BEST: 1023 , bonus = 0.0 
fitness : 1023 
 code : [<<<-,<<.-]+--[+,]+,>-,+-+<.--[>.><<-.[+--].>.[+-] 
 UInt8[0x00, 0x00] -> 0 
 UInt8[0x01, 0x00] -> 0 
 UInt8[0x00, 0x01] -> 1 
 UInt8[0x01, 0x01] -> 0 
** Tour n. 56 at 2019-08-28T03:39:10.95 
    2019-08-28T03:39:12.808 , Gen : 1 , BEST: 1023 , bonus = 0.0 
    2019-08-28T03:39:12.954 , Gen : 1 , BEST: 1023 , bonus = 0.0 
fitness : 1023 
 code : [<<<-,<<.-]+--[+,]+,>-,+-+<.--[>.><<-.[+--].>.[+-] 
 UInt8[0x00, 0x00] -> 0 
 UInt8[0x01, 0x00] -> 0 
 UInt8[0x00, 0x01] -> 1 
 UInt8[0x01, 0x01] -> 0 
** Tour n. 57 at 2019-08-28T03:39:13.061 
    2019-08-28T03:39:15.323 , Gen : 1 , BEST: 1023 , bonus = 0.0 
    2019-08-28T03:39:15.408 , Gen : 1 , BEST: 1023 , bonus = 0.0 
fitness : 1023 
 code : [<<<-,<<.-]+--[+,]+,>-,+-+<.--[>.><<-.[+--].>.[+-] 
 UInt8[0x00, 0x00] -> 0 
 UInt8[0x01, 0x00] -> 0 
 UInt8[0x00, 0x01] -> 1 
 UInt8[0x01, 0x01] -> 0 
** Tour n. 58 at 2019-08-28T03:39:15.514 
    2019-08-28T03:39:17.655 , Gen : 1 , BEST: 1023 , bonus = 0.0 
    2019-08-28T03:39:17.741 , Gen : 1 , BEST: 1023 , bonus = 0.0 
fitness : 1023 
 code : [<<<-,<<.-]+--[+,]+,>-,+-+<.--[>.><<-.[+--].>.[+-] 
 UInt8[0x00, 0x00] -> 0 
 UInt8[0x01, 0x00] -> 0 
 UInt8[0x00, 0x01] -> 1 
 UInt8[0x01, 0x01] -> 0 
** Tour n. 59 at 2019-08-28T03:39:17.836 
    2019-08-28T03:39:19.921 , Gen : 1 , BEST: 1023 , bonus = 0.0 
    2019-08-28T03:39:20.025 , Gen : 1 , BEST: 1023 , bonus = 0.0 
fitness : 1023 
 code : [<<<-,<<.-]+--[+,]+,>-,+-+<.--[>.><<-.[+--].>.[+-] 
 UInt8[0x00, 0x00] -> 0 
 UInt8[0x01, 0x00] -> 0 
 UInt8[0x00, 0x01] -> 1 
 UInt8[0x01, 0x01] -> 0 
** Tour n. 60 at 2019-08-28T03:39:20.13 
    2019-08-28T03:39:22.416 , Gen : 1 , BEST: 1023 , bonus = 0.0 
    2019-08-28T03:39:22.485 , Gen : 1 , BEST: 1023 , bonus = 0.0 
fitness : 1023 
 code : [<<<-,<<.-]+--[+,]+,>-,+-+<.--[>.><<-.[+--].>.[+-] 
 UInt8[0x00, 0x00] -> 0 
 UInt8[0x01, 0x00] -> 0 
 UInt8[0x00, 0x01] -> 1 
 UInt8[0x01, 0x01] -> 0 
** Tour n. 61 at 2019-08-28T03:39:22.597 
    2019-08-28T03:39:24.86 , Gen : 1 , BEST: 1023 , bonus = 0.0 
    2019-08-28T03:39:24.954 , Gen : 1 , BEST: 1023 , bonus = 0.0 
fitness : 1023 
 code : [<<<-,<<.-]+--[+,]+,>-,+-+<.--[>.><<-.[+--].>.[+-] 
 UInt8[0x00, 0x00] -> 0 
 UInt8[0x01, 0x00] -> 0 
 UInt8[0x00, 0x01] -> 1 
 UInt8[0x01, 0x01] -> 0 
** Tour n. 62 at 2019-08-28T03:39:25.052 
    2019-08-28T03:39:27.251 , Gen : 1 , BEST: 1023 , bonus = 0.0 
    2019-08-28T03:39:27.344 , Gen : 1 , BEST: 1023 , bonus = 0.0 
fitness : 1023 
 code : [<<<-,<<.-]+--[+,]+,>-,+-+<.--[>.><<-.[+--].>.[+-] 
 UInt8[0x00, 0x00] -> 0 
 UInt8[0x01, 0x00] -> 0 
 UInt8[0x00, 0x01] -> 1 
 UInt8[0x01, 0x01] -> 0 
** Tour n. 63 at 2019-08-28T03:39:27.438 
    2019-08-28T03:39:29.481 , Gen : 1 , BEST: 1023 , bonus = 0.0 
    2019-08-28T03:39:29.564 , Gen : 1 , BEST: 1023 , bonus = 0.0 
fitness : 1023 
 code : [<<<-,<<.-]+--[+,]+,>-,+-+<.--[>.><<-.[+--].>.[+-] 
 UInt8[0x00, 0x00] -> 0 
 UInt8[0x01, 0x00] -> 0 
 UInt8[0x00, 0x01] -> 1 
 UInt8[0x01, 0x01] -> 0 
** Tour n. 64 at 2019-08-28T03:39:29.682 
    2019-08-28T03:39:32.032 , Gen : 1 , BEST: 1023 , bonus = 0.0 
    2019-08-28T03:39:32.159 , Gen : 1 , BEST: 1023 , bonus = 0.0 
fitness : 1023 
 code : [<<<-,<<.-]+--[+,]+,>-,+-+<.--[>.><<-.[+--].>.[+-] 
 UInt8[0x00, 0x00] -> 0 
 UInt8[0x01, 0x00] -> 0 
 UInt8[0x00, 0x01] -> 1 
 UInt8[0x01, 0x01] -> 0 
** Tour n. 65 at 2019-08-28T03:39:32.276 
    2019-08-28T03:39:34.182 , Gen : 1 , BEST: 1023 , bonus = 0.0 
    2019-08-28T03:39:34.289 , Gen : 1 , BEST: 1023 , bonus = 0.0 
fitness : 1023 
 code : [<<<-,<<.-]+--[+,]+,>-,+-+<.--[>.><<-.[+--].>.[+-] 
 UInt8[0x00, 0x00] -> 0 
 UInt8[0x01, 0x00] -> 0 
 UInt8[0x00, 0x01] -> 1 
 UInt8[0x01, 0x01] -> 0 
** Tour n. 66 at 2019-08-28T03:39:34.384 
    2019-08-28T03:39:36.499 , Gen : 1 , BEST: 1023 , bonus = 0.0 
    2019-08-28T03:39:36.57 , Gen : 1 , BEST: 1023 , bonus = 0.0 
fitness : 1023 
 code : [<<<-,<<.-]+--[+,]+,>-,+-+<.--[>.><<-.[+--].>.[+-] 
 UInt8[0x00, 0x00] -> 0 
 UInt8[0x01, 0x00] -> 0 
 UInt8[0x00, 0x01] -> 1 
 UInt8[0x01, 0x01] -> 0 
** Tour n. 67 at 2019-08-28T03:39:36.659 
    2019-08-28T03:39:38.888 , Gen : 1 , BEST: 1023 , bonus = 0.0 
    2019-08-28T03:39:38.983 , Gen : 1 , BEST: 1023 , bonus = 0.0 
fitness : 1023 
 code : [<<<-,<<.-]+--[+,]+,>-,+-+<.--[>.><<-.[+--].>.[+-] 
 UInt8[0x00, 0x00] -> 0 
 UInt8[0x01, 0x00] -> 0 
 UInt8[0x00, 0x01] -> 1 
 UInt8[0x01, 0x01] -> 0 
** Tour n. 68 at 2019-08-28T03:39:39.104 
    2019-08-28T03:39:41.304 , Gen : 1 , BEST: 1023 , bonus = 0.0 
    2019-08-28T03:39:41.393 , Gen : 1 , BEST: 1023 , bonus = 0.0 
fitness : 1023 
 code : [<<<-,<<.-]+--[+,]+,>-,+-+<.--[>.><<-.[+--].>.[+-] 
 UInt8[0x00, 0x00] -> 0 
 UInt8[0x01, 0x00] -> 0 
 UInt8[0x00, 0x01] -> 1 
 UInt8[0x01, 0x01] -> 0 
** Tour n. 69 at 2019-08-28T03:39:41.521 
    2019-08-28T03:39:43.672 , Gen : 1 , BEST: 1023 , bonus = 0.0 
    2019-08-28T03:39:43.759 , Gen : 1 , BEST: 1023 , bonus = 0.0 
fitness : 1023 
 code : [<<<-,<<.-]+--[+,]+,>-,+-+<.--[>.><<-.[+--].>.[+-] 
 UInt8[0x00, 0x00] -> 0 
 UInt8[0x01, 0x00] -> 0 
 UInt8[0x00, 0x01] -> 1 
 UInt8[0x01, 0x01] -> 0 
** Tour n. 70 at 2019-08-28T03:39:43.88 
    2019-08-28T03:39:46.12 , Gen : 1 , BEST: 1023 , bonus = 0.0 
    2019-08-28T03:39:46.218 , Gen : 1 , BEST: 1023 , bonus = 0.0 
fitness : 1023 
 code : [<<<-,<<.-]+--[+,]+,>-,+-+<.--[>.><<-.[+--].>.[+-] 
 UInt8[0x00, 0x00] -> 0 
 UInt8[0x01, 0x00] -> 0 
 UInt8[0x00, 0x01] -> 1 
 UInt8[0x01, 0x01] -> 0 
** Tour n. 71 at 2019-08-28T03:39:46.357 
    2019-08-28T03:39:48.46 , Gen : 1 , BEST: 1023 , bonus = 0.0 
    2019-08-28T03:39:48.64 , Gen : 1 , BEST: 1023 , bonus = 0.0 
fitness : 1023 
 code : [<<<-,<<.-]+--[+,]+,>-,+-+<.--[>.><<-.[+--].>.[+-] 
 UInt8[0x00, 0x00] -> 0 
 UInt8[0x01, 0x00] -> 0 
 UInt8[0x00, 0x01] -> 1 
 UInt8[0x01, 0x01] -> 0 
** Tour n. 72 at 2019-08-28T03:39:48.732 
    2019-08-28T03:39:50.955 , Gen : 1 , BEST: 1023 , bonus = 0.0 
    2019-08-28T03:39:51.046 , Gen : 1 , BEST: 1023 , bonus = 0.0 
fitness : 1023 
 code : [<<<-,<<.-]+--[+,]+,>-,+-+<.--[>.><<-.[+--].>.[+-] 
 UInt8[0x00, 0x00] -> 0 
 UInt8[0x01, 0x00] -> 0 
 UInt8[0x00, 0x01] -> 1 
 UInt8[0x01, 0x01] -> 0 
** Tour n. 73 at 2019-08-28T03:39:51.205 
    2019-08-28T03:39:53.453 , Gen : 1 , BEST: 1023 , bonus = 0.0 
    2019-08-28T03:39:53.541 , Gen : 1 , BEST: 1023 , bonus = 0.0 
fitness : 1023 
 code : [<<<-,<<.-]+--[+,]+,>-,+-+<.--[>.><<-.[+--].>.[+-] 
 UInt8[0x00, 0x00] -> 0 
 UInt8[0x01, 0x00] -> 0 
 UInt8[0x00, 0x01] -> 1 
 UInt8[0x01, 0x01] -> 0 
** Tour n. 74 at 2019-08-28T03:39:53.669 
    2019-08-28T03:39:55.634 , Gen : 1 , BEST: 1023 , bonus = 0.0 
    2019-08-28T03:39:55.733 , Gen : 1 , BEST: 1023 , bonus = 0.0 
fitness : 1023 
 code : [<<<-,<<.-]+--[+,]+,>-,+-+<.--[>.><<-.[+--].>.[+-] 
 UInt8[0x00, 0x00] -> 0 
 UInt8[0x01, 0x00] -> 0 
 UInt8[0x00, 0x01] -> 1 
 UInt8[0x01, 0x01] -> 0 
** Tour n. 75 at 2019-08-28T03:39:55.843 
    2019-08-28T03:39:58.642 , Gen : 1 , BEST: 1023 , bonus = 0.0 
    2019-08-28T03:39:58.75 , Gen : 1 , BEST: 1023 , bonus = 0.0 
fitness : 1023 
 code : [<<<-,<<.-]+--[+,]+,>-,+-+<.--[>.><<-.[+--].>.[+-] 
 UInt8[0x00, 0x00] -> 0 
 UInt8[0x01, 0x00] -> 0 
 UInt8[0x00, 0x01] -> 1 
 UInt8[0x01, 0x01] -> 0 
** Tour n. 76 at 2019-08-28T03:39:58.88 
    2019-08-28T03:40:01.35 , Gen : 1 , BEST: 1023 , bonus = 0.0 
    2019-08-28T03:40:01.5 , Gen : 1 , BEST: 1023 , bonus = 0.0 
fitness : 1023 
 code : [<<<-,<<.-]+--[+,]+,>-,+-+<.--[>.><<-.[+--].>.[+-] 
 UInt8[0x00, 0x00] -> 0 
 UInt8[0x01, 0x00] -> 0 
 UInt8[0x00, 0x01] -> 1 
 UInt8[0x01, 0x01] -> 0 
** Tour n. 77 at 2019-08-28T03:40:01.615 
    2019-08-28T03:40:03.742 , Gen : 1 , BEST: 1023 , bonus = 0.0 
    2019-08-28T03:40:03.825 , Gen : 1 , BEST: 1023 , bonus = 0.0 
fitness : 1023 
 code : [<<<-,<<.-]+--[+,]+,>-,+-+<.--[>.><<-.[+--].>.[+-] 
 UInt8[0x00, 0x00] -> 0 
 UInt8[0x01, 0x00] -> 0 
 UInt8[0x00, 0x01] -> 1 
 UInt8[0x01, 0x01] -> 0 
** Tour n. 78 at 2019-08-28T03:40:03.926 
    2019-08-28T03:40:06.485 , Gen : 1 , BEST: 1023 , bonus = 0.0 
    2019-08-28T03:40:06.601 , Gen : 1 , BEST: 1023 , bonus = 0.0 
fitness : 1023 
 code : [<<<-,<<.-]+--[+,]+,>-,+-+<.--[>.><<-.[+--].>.[+-] 
 UInt8[0x00, 0x00] -> 0 
 UInt8[0x01, 0x00] -> 0 
 UInt8[0x00, 0x01] -> 1 
 UInt8[0x01, 0x01] -> 0 
** Tour n. 79 at 2019-08-28T03:40:06.72 
    2019-08-28T03:40:09.682 , Gen : 1 , BEST: 1023 , bonus = 0.0 
    2019-08-28T03:40:09.765 , Gen : 1 , BEST: 1023 , bonus = 0.0 
fitness : 1023 
 code : [<<<-,<<.-]+--[+,]+,>-,+-+<.--[>.><<-.[+--].>.[+-] 
 UInt8[0x00, 0x00] -> 0 
 UInt8[0x01, 0x00] -> 0 
 UInt8[0x00, 0x01] -> 1 
 UInt8[0x01, 0x01] -> 0 
** Tour n. 80 at 2019-08-28T03:40:09.852 
    2019-08-28T03:40:11.774 , Gen : 1 , BEST: 1023 , bonus = 0.0 
    2019-08-28T03:40:11.871 , Gen : 1 , BEST: 1023 , bonus = 0.0 
fitness : 1023 
 code : [<<<-,<<.-]+--[+,]+,>-,+-+<.--[>.><<-.[+--].>.[+-] 
 UInt8[0x00, 0x00] -> 0 
 UInt8[0x01, 0x00] -> 0 
 UInt8[0x00, 0x01] -> 1 
 UInt8[0x01, 0x01] -> 0 
** Tour n. 81 at 2019-08-28T03:40:11.969 
    2019-08-28T03:40:14.092 , Gen : 1 , BEST: 1023 , bonus = 0.0 
    2019-08-28T03:40:14.167 , Gen : 1 , BEST: 1023 , bonus = 0.0 
fitness : 1023 
 code : [<<<-,<<.-]+--[+,]+,>-,+-+<.--[>.><<-.[+--].>.[+-] 
 UInt8[0x00, 0x00] -> 0 
 UInt8[0x01, 0x00] -> 0 
 UInt8[0x00, 0x01] -> 1 
 UInt8[0x01, 0x01] -> 0 
** Tour n. 82 at 2019-08-28T03:40:14.282 
    2019-08-28T03:40:16.513 , Gen : 1 , BEST: 1023 , bonus = 0.0 
    2019-08-28T03:40:16.578 , Gen : 1 , BEST: 1023 , bonus = 0.0 
fitness : 1023 
 code : [<<<-,<<.-]+--[+,]+,>-,+-+<.--[>.><<-.[+--].>.[+-] 
 UInt8[0x00, 0x00] -> 0 
 UInt8[0x01, 0x00] -> 0 
 UInt8[0x00, 0x01] -> 1 
 UInt8[0x01, 0x01] -> 0 
** Tour n. 83 at 2019-08-28T03:40:16.684 
    2019-08-28T03:40:18.785 , Gen : 1 , BEST: 1023 , bonus = 0.0 
    2019-08-28T03:40:18.874 , Gen : 1 , BEST: 1023 , bonus = 0.0 
fitness : 1023 
 code : [<<<-,<<.-]+--[+,]+,>-,+-+<.--[>.><<-.[+--].>.[+-] 
 UInt8[0x00, 0x00] -> 0 
 UInt8[0x01, 0x00] -> 0 
 UInt8[0x00, 0x01] -> 1 
 UInt8[0x01, 0x01] -> 0 
** Tour n. 84 at 2019-08-28T03:40:18.963 
    2019-08-28T03:40:21.259 , Gen : 1 , BEST: 1023 , bonus = 0.0 
    2019-08-28T03:40:21.341 , Gen : 1 , BEST: 1023 , bonus = 0.0 
fitness : 1023 
 code : [<<<-,<<.-]+--[+,]+,>-,+-+<.--[>.><<-.[+--].>.[+-] 
 UInt8[0x00, 0x00] -> 0 
 UInt8[0x01, 0x00] -> 0 
 UInt8[0x00, 0x01] -> 1 
 UInt8[0x01, 0x01] -> 0 
** Tour n. 85 at 2019-08-28T03:40:21.455 
    2019-08-28T03:40:23.751 , Gen : 1 , BEST: 1023 , bonus = 0.0 
    2019-08-28T03:40:23.831 , Gen : 1 , BEST: 1023 , bonus = 0.0 
fitness : 1023 
 code : [<<<-,<<.-]+--[+,]+,>-,+-+<.--[>.><<-.[+--].>.[+-] 
 UInt8[0x00, 0x00] -> 0 
 UInt8[0x01, 0x00] -> 0 
 UInt8[0x00, 0x01] -> 1 
 UInt8[0x01, 0x01] -> 0 
** Tour n. 86 at 2019-08-28T03:40:23.975 
    2019-08-28T03:40:26.071 , Gen : 1 , BEST: 1023 , bonus = 0.0 
    2019-08-28T03:40:26.169 , Gen : 1 , BEST: 1023 , bonus = 0.0 
fitness : 1023 
 code : [<<<-,<<.-]+--[+,]+,>-,+-+<.--[>.><<-.[+--].>.[+-] 
 UInt8[0x00, 0x00] -> 0 
 UInt8[0x01, 0x00] -> 0 
 UInt8[0x00, 0x01] -> 1 
 UInt8[0x01, 0x01] -> 0 
** Tour n. 87 at 2019-08-28T03:40:26.283 
    2019-08-28T03:40:28.896 , Gen : 1 , BEST: 1023 , bonus = 0.0 
    2019-08-28T03:40:28.991 , Gen : 1 , BEST: 1023 , bonus = 0.0 
fitness : 1023 
 code : [<<<-,<<.-]+--[+,]+,>-,+-+<.--[>.><<-.[+--].>.[+-] 
 UInt8[0x00, 0x00] -> 0 
 UInt8[0x01, 0x00] -> 0 
 UInt8[0x00, 0x01] -> 1 
 UInt8[0x01, 0x01] -> 0 
** Tour n. 88 at 2019-08-28T03:40:29.106 
    2019-08-28T03:40:31.388 , Gen : 1 , BEST: 1023 , bonus = 0.0 
    2019-08-28T03:40:31.488 , Gen : 1 , BEST: 1023 , bonus = 0.0 
fitness : 1023 
 code : [<<<-,<<.-]+--[+,]+,>-,+-+<.--[>.><<-.[+--].>.[+-] 
 UInt8[0x00, 0x00] -> 0 
 UInt8[0x01, 0x00] -> 0 
 UInt8[0x00, 0x01] -> 1 
 UInt8[0x01, 0x01] -> 0 
** Tour n. 89 at 2019-08-28T03:40:31.602 
    2019-08-28T03:40:33.696 , Gen : 1 , BEST: 1023 , bonus = 0.0 
    2019-08-28T03:40:33.794 , Gen : 1 , BEST: 1023 , bonus = 0.0 
fitness : 1023 
 code : [<<<-,<<.-]+--[+,]+,>-,+-+<.--[>.><<-.[+--].>.[+-] 
 UInt8[0x00, 0x00] -> 0 
 UInt8[0x01, 0x00] -> 0 
 UInt8[0x00, 0x01] -> 1 
 UInt8[0x01, 0x01] -> 0 
** Tour n. 90 at 2019-08-28T03:40:33.897 
    2019-08-28T03:40:35.993 , Gen : 1 , BEST: 1023 , bonus = 0.0 
    2019-08-28T03:40:36.105 , Gen : 1 , BEST: 1023 , bonus = 0.0 
fitness : 1023 
 code : [<<<-,<<.-]+--[+,]+,>-,+-+<.--[>.><<-.[+--].>.[+-] 
 UInt8[0x00, 0x00] -> 0 
 UInt8[0x01, 0x00] -> 0 
 UInt8[0x00, 0x01] -> 1 
 UInt8[0x01, 0x01] -> 0 
** Tour n. 91 at 2019-08-28T03:40:36.222 
    2019-08-28T03:40:38.245 , Gen : 1 , BEST: 1023 , bonus = 0.0 
    2019-08-28T03:40:38.338 , Gen : 1 , BEST: 1023 , bonus = 0.0 
fitness : 1023 
 code : [<<<-,<<.-]+--[+,]+,>-,+-+<.--[>.><<-.[+--].>.[+-] 
 UInt8[0x00, 0x00] -> 0 
 UInt8[0x01, 0x00] -> 0 
 UInt8[0x00, 0x01] -> 1 
 UInt8[0x01, 0x01] -> 0 
** Tour n. 92 at 2019-08-28T03:40:38.459 
    2019-08-28T03:40:40.476 , Gen : 1 , BEST: 1023 , bonus = 0.0 
    2019-08-28T03:40:40.572 , Gen : 1 , BEST: 1023 , bonus = 0.0 
fitness : 1023 
 code : [<<<-,<<.-]+--[+,]+,>-,+-+<.--[>.><<-.[+--].>.[+-] 
 UInt8[0x00, 0x00] -> 0 
 UInt8[0x01, 0x00] -> 0 
 UInt8[0x00, 0x01] -> 1 
 UInt8[0x01, 0x01] -> 0 
** Tour n. 93 at 2019-08-28T03:40:40.681 
    2019-08-28T03:40:42.563 , Gen : 1 , BEST: 1023 , bonus = 0.0 
    2019-08-28T03:40:42.698 , Gen : 1 , BEST: 1023 , bonus = 0.0 
fitness : 1023 
 code : [<<<-,<<.-]+--[+,]+,>-,+-+<.--[>.><<-.[+--].>.[+-] 
 UInt8[0x00, 0x00] -> 0 
 UInt8[0x01, 0x00] -> 0 
 UInt8[0x00, 0x01] -> 1 
 UInt8[0x01, 0x01] -> 0 
** Tour n. 94 at 2019-08-28T03:40:42.797 
    2019-08-28T03:40:44.593 , Gen : 1 , BEST: 1023 , bonus = 0.0 
    2019-08-28T03:40:44.678 , Gen : 1 , BEST: 1023 , bonus = 0.0 
fitness : 1023 
 code : [<<<-,<<.-]+--[+,]+,>-,+-+<.--[>.><<-.[+--].>.[+-] 
 UInt8[0x00, 0x00] -> 0 
 UInt8[0x01, 0x00] -> 0 
 UInt8[0x00, 0x01] -> 1 
 UInt8[0x01, 0x01] -> 0 
** Tour n. 95 at 2019-08-28T03:40:44.799 
    2019-08-28T03:40:46.844 , Gen : 1 , BEST: 1023 , bonus = 0.0 
    2019-08-28T03:40:46.913 , Gen : 1 , BEST: 1023 , bonus = 0.0 
fitness : 1023 
 code : [<<<-,<<.-]+--[+,]+,>-,+-+<.--[>.><<-.[+--].>.[+-] 
 UInt8[0x00, 0x00] -> 0 
 UInt8[0x01, 0x00] -> 0 
 UInt8[0x00, 0x01] -> 1 
 UInt8[0x01, 0x01] -> 0 
** Tour n. 96 at 2019-08-28T03:40:47.007 
    2019-08-28T03:40:49.068 , Gen : 1 , BEST: 1023 , bonus = 0.0 
    2019-08-28T03:40:49.167 , Gen : 1 , BEST: 1023 , bonus = 0.0 
fitness : 1023 
 code : [<<<-,<<.-]+--[+,]+,>-,+-+<.--[>.><<-.[+--].>.[+-] 
 UInt8[0x00, 0x00] -> 0 
 UInt8[0x01, 0x00] -> 0 
 UInt8[0x00, 0x01] -> 1 
 UInt8[0x01, 0x01] -> 0 
** Tour n. 97 at 2019-08-28T03:40:49.262 
    2019-08-28T03:40:51.2 , Gen : 1 , BEST: 1023 , bonus = 0.0 
    2019-08-28T03:40:51.291 , Gen : 1 , BEST: 1023 , bonus = 0.0 
fitness : 1023 
 code : [<<<-,<<.-]+--[+,]+,>-,+-+<.--[>.><<-.[+--].>.[+-] 
 UInt8[0x00, 0x00] -> 0 
 UInt8[0x01, 0x00] -> 0 
 UInt8[0x00, 0x01] -> 1 
 UInt8[0x01, 0x01] -> 0 
** Tour n. 98 at 2019-08-28T03:40:51.415 
    2019-08-28T03:40:53.57 , Gen : 1 , BEST: 1023 , bonus = 0.0 
    2019-08-28T03:40:53.661 , Gen : 1 , BEST: 1023 , bonus = 0.0 
fitness : 1023 
 code : [<<<-,<<.-]+--[+,]+,>-,+-+<.--[>.><<-.[+--].>.[+-] 
 UInt8[0x00, 0x00] -> 0 
 UInt8[0x01, 0x00] -> 0 
 UInt8[0x00, 0x01] -> 1 
 UInt8[0x01, 0x01] -> 0 
** Tour n. 99 at 2019-08-28T03:40:53.75 
    2019-08-28T03:40:55.731 , Gen : 1 , BEST: 1023 , bonus = 0.0 
    2019-08-28T03:40:55.802 , Gen : 1 , BEST: 1023 , bonus = 0.0 
fitness : 1023 
 code : [<<<-,<<.-]+--[+,]+,>-,+-+<.--[>.><<-.[+--].>.[+-] 
 UInt8[0x00, 0x00] -> 0 
 UInt8[0x01, 0x00] -> 0 
 UInt8[0x00, 0x01] -> 1 
 UInt8[0x01, 0x01] -> 0 
** Tour n. 100 at 2019-08-28T03:40:55.905 
    2019-08-28T03:40:58.177 , Gen : 1 , BEST: 1023 , bonus = 0.0 
    2019-08-28T03:40:58.292 , Gen : 1 , BEST: 1023 , bonus = 0.0 
fitness : 1023 
 code : [<<<-,<<.-]+--[+,]+,>-,+-+<.--[>.><<-.[+--].>.[+-] 
 UInt8[0x00, 0x00] -> 0 
 UInt8[0x01, 0x00] -> 0 
 UInt8[0x00, 0x01] -> 1 
 UInt8[0x01, 0x01] -> 0 
** Tour n. 101 at 2019-08-28T03:40:58.381 
    2019-08-28T03:41:00.621 , Gen : 1 , BEST: 1023 , bonus = 0.0 
    2019-08-28T03:41:00.713 , Gen : 1 , BEST: 1023 , bonus = 0.0 
fitness : 1023 
 code : [<<<-,<<.-]+--[+,]+,>-,+-+<.--[>.><<-.[+--].>.[+-] 
 UInt8[0x00, 0x00] -> 0 
 UInt8[0x01, 0x00] -> 0 
 UInt8[0x00, 0x01] -> 1 
 UInt8[0x01, 0x01] -> 0 
** Tour n. 102 at 2019-08-28T03:41:00.812 
    2019-08-28T03:41:02.742 , Gen : 1 , BEST: 1023 , bonus = 0.0 
    2019-08-28T03:41:02.836 , Gen : 1 , BEST: 1023 , bonus = 0.0 
fitness : 1023 
 code : [<<<-,<<.-]+--[+,]+,>-,+-+<.--[>.><<-.[+--].>.[+-] 
 UInt8[0x00, 0x00] -> 0 
 UInt8[0x01, 0x00] -> 0 
 UInt8[0x00, 0x01] -> 1 
 UInt8[0x01, 0x01] -> 0 
** Tour n. 103 at 2019-08-28T03:41:02.936 
    2019-08-28T03:41:04.949 , Gen : 1 , BEST: 1023 , bonus = 0.0 
    2019-08-28T03:41:05.085 , Gen : 1 , BEST: 1023 , bonus = 0.0 
fitness : 1023 
 code : [<<<-,<<.-]+--[+,]+,>-,+-+<.--[>.><<-.[+--].>.[+-] 
 UInt8[0x00, 0x00] -> 0 
 UInt8[0x01, 0x00] -> 0 
 UInt8[0x00, 0x01] -> 1 
 UInt8[0x01, 0x01] -> 0 
** Tour n. 104 at 2019-08-28T03:41:05.202 
    2019-08-28T03:41:07.502 , Gen : 1 , BEST: 1023 , bonus = 0.0 
    2019-08-28T03:41:07.619 , Gen : 1 , BEST: 1023 , bonus = 0.0 
fitness : 1023 
 code : [<<<-,<<.-]+--[+,]+,>-,+-+<.--[>.><<-.[+--].>.[+-] 
 UInt8[0x00, 0x00] -> 0 
 UInt8[0x01, 0x00] -> 0 
 UInt8[0x00, 0x01] -> 1 
 UInt8[0x01, 0x01] -> 0 
** Tour n. 105 at 2019-08-28T03:41:07.712 
    2019-08-28T03:41:09.766 , Gen : 1 , BEST: 1023 , bonus = 0.0 
    2019-08-28T03:41:09.871 , Gen : 1 , BEST: 1023 , bonus = 0.0 
fitness : 1023 
 code : [<<<-,<<.-]+--[+,]+,>-,+-+<.--[>.><<-.[+--].>.[+-] 
 UInt8[0x00, 0x00] -> 0 
 UInt8[0x01, 0x00] -> 0 
 UInt8[0x00, 0x01] -> 1 
 UInt8[0x01, 0x01] -> 0 
** Tour n. 106 at 2019-08-28T03:41:09.998 
    2019-08-28T03:41:12.096 , Gen : 1 , BEST: 1023 , bonus = 0.0 
    2019-08-28T03:41:12.198 , Gen : 1 , BEST: 1023 , bonus = 0.0 
fitness : 1023 
 code : [<<<-,<<.-]+--[+,]+,>-,+-+<.--[>.><<-.[+--].>.[+-] 
 UInt8[0x00, 0x00] -> 0 
 UInt8[0x01, 0x00] -> 0 
 UInt8[0x00, 0x01] -> 1 
 UInt8[0x01, 0x01] -> 0 
** Tour n. 107 at 2019-08-28T03:41:12.313 
    2019-08-28T03:41:14.298 , Gen : 1 , BEST: 1023 , bonus = 0.0 
    2019-08-28T03:41:14.389 , Gen : 1 , BEST: 1023 , bonus = 0.0 
fitness : 1023 
 code : [<<<-,<<.-]+--[+,]+,>-,+-+<.--[>.><<-.[+--].>.[+-] 
 UInt8[0x00, 0x00] -> 0 
 UInt8[0x01, 0x00] -> 0 
 UInt8[0x00, 0x01] -> 1 
 UInt8[0x01, 0x01] -> 0 
** Tour n. 108 at 2019-08-28T03:41:14.506 
    2019-08-28T03:41:16.64 , Gen : 1 , BEST: 1023 , bonus = 0.0 
    2019-08-28T03:41:16.722 , Gen : 1 , BEST: 1023 , bonus = 0.0 
fitness : 1023 
 code : [<<<-,<<.-]+--[+,]+,>-,+-+<.--[>.><<-.[+--].>.[+-] 
 UInt8[0x00, 0x00] -> 0 
 UInt8[0x01, 0x00] -> 0 
 UInt8[0x00, 0x01] -> 1 
 UInt8[0x01, 0x01] -> 0 
** Tour n. 109 at 2019-08-28T03:41:16.817 
    2019-08-28T03:41:19.059 , Gen : 1 , BEST: 1023 , bonus = 0.0 
    2019-08-28T03:41:19.148 , Gen : 1 , BEST: 1023 , bonus = 0.0 
fitness : 1023 
 code : [<<<-,<<.-]+--[+,]+,>-,+-+<.--[>.><<-.[+--].>.[+-] 
 UInt8[0x00, 0x00] -> 0 
 UInt8[0x01, 0x00] -> 0 
 UInt8[0x00, 0x01] -> 1 
 UInt8[0x01, 0x01] -> 0 
** Tour n. 110 at 2019-08-28T03:41:19.271 
    2019-08-28T03:41:21.831 , Gen : 1 , BEST: 1023 , bonus = 0.0 
    2019-08-28T03:41:21.925 , Gen : 1 , BEST: 1023 , bonus = 0.0 
fitness : 1023 
 code : [<<<-,<<.-]+--[+,]+,>-,+-+<.--[>.><<-.[+--].>.[+-] 
 UInt8[0x00, 0x00] -> 0 
 UInt8[0x01, 0x00] -> 0 
 UInt8[0x00, 0x01] -> 1 
 UInt8[0x01, 0x01] -> 0 
** Tour n. 111 at 2019-08-28T03:41:22.02 
    2019-08-28T03:41:24.538 , Gen : 1 , BEST: 1023 , bonus = 0.0 
    2019-08-28T03:41:24.681 , Gen : 1 , BEST: 1023 , bonus = 0.0 
fitness : 1023 
 code : [<<<-,<<.-]+--[+,]+,>-,+-+<.--[>.><<-.[+--].>.[+-] 
 UInt8[0x00, 0x00] -> 0 
 UInt8[0x01, 0x00] -> 0 
 UInt8[0x00, 0x01] -> 1 
 UInt8[0x01, 0x01] -> 0 
** Tour n. 112 at 2019-08-28T03:41:24.843 
    2019-08-28T03:41:27.646 , Gen : 1 , BEST: 1023 , bonus = 0.0 
    2019-08-28T03:41:27.734 , Gen : 1 , BEST: 1023 , bonus = 0.0 
fitness : 1023 
 code : [<<<-,<<.-]+--[+,]+,>-,+-+<.--[>.><<-.[+--].>.[+-] 
 UInt8[0x00, 0x00] -> 0 
 UInt8[0x01, 0x00] -> 0 
 UInt8[0x00, 0x01] -> 1 
 UInt8[0x01, 0x01] -> 0 
** Tour n. 113 at 2019-08-28T03:41:27.851 
    2019-08-28T03:41:30.332 , Gen : 1 , BEST: 1023 , bonus = 0.0 
    2019-08-28T03:41:30.44 , Gen : 1 , BEST: 1023 , bonus = 0.0 
fitness : 1023 
 code : [<<<-,<<.-]+--[+,]+,>-,+-+<.--[>.><<-.[+--].>.[+-] 
 UInt8[0x00, 0x00] -> 0 
 UInt8[0x01, 0x00] -> 0 
 UInt8[0x00, 0x01] -> 1 
 UInt8[0x01, 0x01] -> 0 
** Tour n. 114 at 2019-08-28T03:41:30.573 
    2019-08-28T03:41:32.438 , Gen : 1 , BEST: 1023 , bonus = 0.0 
    2019-08-28T03:41:32.535 , Gen : 1 , BEST: 1023 , bonus = 0.0 
fitness : 1023 
 code : [<<<-,<<.-]+--[+,]+,>-,+-+<.--[>.><<-.[+--].>.[+-] 
 UInt8[0x00, 0x00] -> 0 
 UInt8[0x01, 0x00] -> 0 
 UInt8[0x00, 0x01] -> 1 
 UInt8[0x01, 0x01] -> 0 
** Tour n. 115 at 2019-08-28T03:41:32.634 
    2019-08-28T03:41:34.55 , Gen : 1 , BEST: 1023 , bonus = 0.0 
    2019-08-28T03:41:34.621 , Gen : 1 , BEST: 1023 , bonus = 0.0 
fitness : 1023 
 code : [<<<-,<<.-]+--[+,]+,>-,+-+<.--[>.><<-.[+--].>.[+-] 
 UInt8[0x00, 0x00] -> 0 
 UInt8[0x01, 0x00] -> 0 
 UInt8[0x00, 0x01] -> 1 
 UInt8[0x01, 0x01] -> 0 
** Tour n. 116 at 2019-08-28T03:41:34.721 
    2019-08-28T03:41:36.861 , Gen : 1 , BEST: 1023 , bonus = 0.0 
    2019-08-28T03:41:36.978 , Gen : 1 , BEST: 1023 , bonus = 0.0 
fitness : 1023 
 code : [<<<-,<<.-]+--[+,]+,>-,+-+<.--[>.><<-.[+--].>.[+-] 
 UInt8[0x00, 0x00] -> 0 
 UInt8[0x01, 0x00] -> 0 
 UInt8[0x00, 0x01] -> 1 
 UInt8[0x01, 0x01] -> 0 
** Tour n. 117 at 2019-08-28T03:41:37.096 
    2019-08-28T03:41:39.009 , Gen : 1 , BEST: 1023 , bonus = 0.0 
    2019-08-28T03:41:39.079 , Gen : 1 , BEST: 1023 , bonus = 0.0 
fitness : 1023 
 code : [<<<-,<<.-]+--[+,]+,>-,+-+<.--[>.><<-.[+--].>.[+-] 
 UInt8[0x00, 0x00] -> 0 
 UInt8[0x01, 0x00] -> 0 
 UInt8[0x00, 0x01] -> 1 
 UInt8[0x01, 0x01] -> 0 
** Tour n. 118 at 2019-08-28T03:41:39.165 
    2019-08-28T03:41:41.32 , Gen : 1 , BEST: 1023 , bonus = 0.0 
    2019-08-28T03:41:41.397 , Gen : 1 , BEST: 1023 , bonus = 0.0 
fitness : 1023 
 code : [<<<-,<<.-]+--[+,]+,>-,+-+<.--[>.><<-.[+--].>.[+-] 
 UInt8[0x00, 0x00] -> 0 
 UInt8[0x01, 0x00] -> 0 
 UInt8[0x00, 0x01] -> 1 
 UInt8[0x01, 0x01] -> 0 
** Tour n. 119 at 2019-08-28T03:41:41.496 
    2019-08-28T03:41:43.806 , Gen : 1 , BEST: 1023 , bonus = 0.0 
    2019-08-28T03:41:43.893 , Gen : 1 , BEST: 1023 , bonus = 0.0 
fitness : 1023 
 code : [<<<-,<<.-]+--[+,]+,>-,+-+<.--[>.><<-.[+--].>.[+-] 
 UInt8[0x00, 0x00] -> 0 
 UInt8[0x01, 0x00] -> 0 
 UInt8[0x00, 0x01] -> 1 
 UInt8[0x01, 0x01] -> 0 
** Tour n. 120 at 2019-08-28T03:41:44.003 
    2019-08-28T03:41:46.355 , Gen : 1 , BEST: 1023 , bonus = 0.0 
    2019-08-28T03:41:46.444 , Gen : 1 , BEST: 1023 , bonus = 0.0 
fitness : 1023 
 code : [<<<-,<<.-]+--[+,]+,>-,+-+<.--[>.><<-.[+--].>.[+-] 
 UInt8[0x00, 0x00] -> 0 
 UInt8[0x01, 0x00] -> 0 
 UInt8[0x00, 0x01] -> 1 
 UInt8[0x01, 0x01] -> 0 
** Tour n. 121 at 2019-08-28T03:41:46.534 
    2019-08-28T03:41:48.659 , Gen : 1 , BEST: 1023 , bonus = 0.0 
    2019-08-28T03:41:48.737 , Gen : 1 , BEST: 1023 , bonus = 0.0 
fitness : 1023 
 code : [<<<-,<<.-]+--[+,]+,>-,+-+<.--[>.><<-.[+--].>.[+-] 
 UInt8[0x00, 0x00] -> 0 
 UInt8[0x01, 0x00] -> 0 
 UInt8[0x00, 0x01] -> 1 
 UInt8[0x01, 0x01] -> 0 
** Tour n. 122 at 2019-08-28T03:41:48.836 
    2019-08-28T03:41:50.867 , Gen : 1 , BEST: 1023 , bonus = 0.0 
    2019-08-28T03:41:50.963 , Gen : 1 , BEST: 1023 , bonus = 0.0 
fitness : 1023 
 code : [<<<-,<<.-]+--[+,]+,>-,+-+<.--[>.><<-.[+--].>.[+-] 
 UInt8[0x00, 0x00] -> 0 
 UInt8[0x01, 0x00] -> 0 
 UInt8[0x00, 0x01] -> 1 
 UInt8[0x01, 0x01] -> 0 
** Tour n. 123 at 2019-08-28T03:41:51.082 
    2019-08-28T03:41:53.246 , Gen : 1 , BEST: 1023 , bonus = 0.0 
    2019-08-28T03:41:53.387 , Gen : 1 , BEST: 1023 , bonus = 0.0 
fitness : 1023 
 code : [<<<-,<<.-]+--[+,]+,>-,+-+<.--[>.><<-.[+--].>.[+-] 
 UInt8[0x00, 0x00] -> 0 
 UInt8[0x01, 0x00] -> 0 
 UInt8[0x00, 0x01] -> 1 
 UInt8[0x01, 0x01] -> 0 
** Tour n. 124 at 2019-08-28T03:41:53.49 
    2019-08-28T03:41:55.576 , Gen : 1 , BEST: 1023 , bonus = 0.0 
    2019-08-28T03:41:55.656 , Gen : 1 , BEST: 1023 , bonus = 0.0 
fitness : 1023 
 code : [<<<-,<<.-]+--[+,]+,>-,+-+<.--[>.><<-.[+--].>.[+-] 
 UInt8[0x00, 0x00] -> 0 
 UInt8[0x01, 0x00] -> 0 
 UInt8[0x00, 0x01] -> 1 
 UInt8[0x01, 0x01] -> 0 
** Tour n. 125 at 2019-08-28T03:41:55.725 
    2019-08-28T03:41:58.011 , Gen : 1 , BEST: 1023 , bonus = 0.0 
    2019-08-28T03:41:58.1 , Gen : 1 , BEST: 1023 , bonus = 0.0 
fitness : 1023 
 code : [<<<-,<<.-]+--[+,]+,>-,+-+<.--[>.><<-.[+--].>.[+-] 
 UInt8[0x00, 0x00] -> 0 
 UInt8[0x01, 0x00] -> 0 
 UInt8[0x00, 0x01] -> 1 
 UInt8[0x01, 0x01] -> 0 
** Tour n. 126 at 2019-08-28T03:41:58.178 
    2019-08-28T03:42:00.139 , Gen : 1 , BEST: 1023 , bonus = 0.0 
    2019-08-28T03:42:00.214 , Gen : 1 , BEST: 1023 , bonus = 0.0 
fitness : 1023 
 code : [<<<-,<<.-]+--[+,]+,>-,+-+<.--[>.><<-.[+--].>.[+-] 
 UInt8[0x00, 0x00] -> 0 
 UInt8[0x01, 0x00] -> 0 
 UInt8[0x00, 0x01] -> 1 
 UInt8[0x01, 0x01] -> 0 
** Tour n. 127 at 2019-08-28T03:42:00.299 
    2019-08-28T03:42:02.285 , Gen : 1 , BEST: 1023 , bonus = 0.0 
    2019-08-28T03:42:02.326 , Gen : 1 , BEST: 1023 , bonus = 0.0 
fitness : 1023 
 code : [<<<-,<<.-]+--[+,]+,>-,+-+<.--[>.><<-.[+--].>.[+-] 
 UInt8[0x00, 0x00] -> 0 
 UInt8[0x01, 0x00] -> 0 
 UInt8[0x00, 0x01] -> 1 
 UInt8[0x01, 0x01] -> 0 
** Tour n. 128 at 2019-08-28T03:42:02.401 
    2019-08-28T03:42:04.234 , Gen : 1 , BEST: 1023 , bonus = 0.0 
    2019-08-28T03:42:04.304 , Gen : 1 , BEST: 1023 , bonus = 0.0 
fitness : 1023 
 code : [<<<-,<<.-]+--[+,]+,>-,+-+<.--[>.><<-.[+--].>.[+-] 
 UInt8[0x00, 0x00] -> 0 
 UInt8[0x01, 0x00] -> 0 
 UInt8[0x00, 0x01] -> 1 
 UInt8[0x01, 0x01] -> 0 
** Tour n. 129 at 2019-08-28T03:42:04.388 
    2019-08-28T03:42:06.212 , Gen : 1 , BEST: 1023 , bonus = 0.0 
    2019-08-28T03:42:06.29 , Gen : 1 , BEST: 1023 , bonus = 0.0 
fitness : 1023 
 code : [<<<-,<<.-]+--[+,]+,>-,+-+<.--[>.><<-.[+--].>.[+-] 
 UInt8[0x00, 0x00] -> 0 
 UInt8[0x01, 0x00] -> 0 
 UInt8[0x00, 0x01] -> 1 
 UInt8[0x01, 0x01] -> 0 
** Tour n. 130 at 2019-08-28T03:42:06.388 
    2019-08-28T03:42:08.349 , Gen : 1 , BEST: 1023 , bonus = 0.0 
    2019-08-28T03:42:08.439 , Gen : 1 , BEST: 1023 , bonus = 0.0 
fitness : 1023 
 code : [<<<-,<<.-]+--[+,]+,>-,+-+<.--[>.><<-.[+--].>.[+-] 
 UInt8[0x00, 0x00] -> 0 
 UInt8[0x01, 0x00] -> 0 
 UInt8[0x00, 0x01] -> 1 
 UInt8[0x01, 0x01] -> 0 
** Tour n. 131 at 2019-08-28T03:42:08.536 
    2019-08-28T03:42:10.624 , Gen : 1 , BEST: 1023 , bonus = 0.0 
    2019-08-28T03:42:10.736 , Gen : 1 , BEST: 1023 , bonus = 0.0 
fitness : 1023 
 code : [<<<-,<<.-]+--[+,]+,>-,+-+<.--[>.><<-.[+--].>.[+-] 
 UInt8[0x00, 0x00] -> 0 
 UInt8[0x01, 0x00] -> 0 
 UInt8[0x00, 0x01] -> 1 
 UInt8[0x01, 0x01] -> 0 
** Tour n. 132 at 2019-08-28T03:42:10.841 
    2019-08-28T03:42:12.928 , Gen : 1 , BEST: 1023 , bonus = 0.0 
    2019-08-28T03:42:13.001 , Gen : 1 , BEST: 1023 , bonus = 0.0 
fitness : 1023 
 code : [<<<-,<<.-]+--[+,]+,>-,+-+<.--[>.><<-.[+--].>.[+-] 
 UInt8[0x00, 0x00] -> 0 
 UInt8[0x01, 0x00] -> 0 
 UInt8[0x00, 0x01] -> 1 
 UInt8[0x01, 0x01] -> 0 
** Tour n. 133 at 2019-08-28T03:42:13.101 
    2019-08-28T03:42:15.38 , Gen : 1 , BEST: 1023 , bonus = 0.0 
    2019-08-28T03:42:15.509 , Gen : 1 , BEST: 1023 , bonus = 0.0 
fitness : 1023 
 code : [<<<-,<<.-]+--[+,]+,>-,+-+<.--[>.><<-.[+--].>.[+-] 
 UInt8[0x00, 0x00] -> 0 
 UInt8[0x01, 0x00] -> 0 
 UInt8[0x00, 0x01] -> 1 
 UInt8[0x01, 0x01] -> 0 
** Tour n. 134 at 2019-08-28T03:42:15.601 
    2019-08-28T03:42:17.683 , Gen : 1 , BEST: 1023 , bonus = 0.0 
    2019-08-28T03:42:17.811 , Gen : 1 , BEST: 1023 , bonus = 0.0 
fitness : 1023 
 code : [<<<-,<<.-]+--[+,]+,>-,+-+<.--[>.><<-.[+--].>.[+-] 
 UInt8[0x00, 0x00] -> 0 
 UInt8[0x01, 0x00] -> 0 
 UInt8[0x00, 0x01] -> 1 
 UInt8[0x01, 0x01] -> 0 
** Tour n. 135 at 2019-08-28T03:42:17.897 
    2019-08-28T03:42:20.145 , Gen : 1 , BEST: 1023 , bonus = 0.0 
    2019-08-28T03:42:20.23 , Gen : 1 , BEST: 1023 , bonus = 0.0 
fitness : 1023 
 code : [<<<-,<<.-]+--[+,]+,>-,+-+<.--[>.><<-.[+--].>.[+-] 
 UInt8[0x00, 0x00] -> 0 
 UInt8[0x01, 0x00] -> 0 
 UInt8[0x00, 0x01] -> 1 
 UInt8[0x01, 0x01] -> 0 
** Tour n. 136 at 2019-08-28T03:42:20.316 
    2019-08-28T03:42:22.383 , Gen : 1 , BEST: 1023 , bonus = 0.0 
    2019-08-28T03:42:22.466 , Gen : 1 , BEST: 1023 , bonus = 0.0 
fitness : 1023 
 code : [<<<-,<<.-]+--[+,]+,>-,+-+<.--[>.><<-.[+--].>.[+-] 
 UInt8[0x00, 0x00] -> 0 
 UInt8[0x01, 0x00] -> 0 
 UInt8[0x00, 0x01] -> 1 
 UInt8[0x01, 0x01] -> 0 
** Tour n. 137 at 2019-08-28T03:42:22.559 
    2019-08-28T03:42:24.428 , Gen : 1 , BEST: 1023 , bonus = 0.0 
    2019-08-28T03:42:24.523 , Gen : 1 , BEST: 1023 , bonus = 0.0 
fitness : 1023 
 code : [<<<-,<<.-]+--[+,]+,>-,+-+<.--[>.><<-.[+--].>.[+-] 
 UInt8[0x00, 0x00] -> 0 
 UInt8[0x01, 0x00] -> 0 
 UInt8[0x00, 0x01] -> 1 
 UInt8[0x01, 0x01] -> 0 
** Tour n. 138 at 2019-08-28T03:42:24.62 
    2019-08-28T03:42:26.639 , Gen : 1 , BEST: 1023 , bonus = 0.0 
    2019-08-28T03:42:26.73 , Gen : 1 , BEST: 1023 , bonus = 0.0 
fitness : 1023 
 code : [<<<-,<<.-]+--[+,]+,>-,+-+<.--[>.><<-.[+--].>.[+-] 
 UInt8[0x00, 0x00] -> 0 
 UInt8[0x01, 0x00] -> 0 
 UInt8[0x00, 0x01] -> 1 
 UInt8[0x01, 0x01] -> 0 
** Tour n. 139 at 2019-08-28T03:42:26.834 
    2019-08-28T03:42:28.765 , Gen : 1 , BEST: 1023 , bonus = 0.0 
    2019-08-28T03:42:28.866 , Gen : 1 , BEST: 1023 , bonus = 0.0 
fitness : 1023 
 code : [<<<-,<<.-]+--[+,]+,>-,+-+<.--[>.><<-.[+--].>.[+-] 
 UInt8[0x00, 0x00] -> 0 
 UInt8[0x01, 0x00] -> 0 
 UInt8[0x00, 0x01] -> 1 
 UInt8[0x01, 0x01] -> 0 
** Tour n. 140 at 2019-08-28T03:42:28.954 
    2019-08-28T03:42:31.05 , Gen : 1 , BEST: 1023 , bonus = 0.0 
    2019-08-28T03:42:31.136 , Gen : 1 , BEST: 1023 , bonus = 0.0 
fitness : 1023 
 code : [<<<-,<<.-]+--[+,]+,>-,+-+<.--[>.><<-.[+--].>.[+-] 
 UInt8[0x00, 0x00] -> 0 
 UInt8[0x01, 0x00] -> 0 
 UInt8[0x00, 0x01] -> 1 
 UInt8[0x01, 0x01] -> 0 
** Tour n. 141 at 2019-08-28T03:42:31.262 
    2019-08-28T03:42:33.32 , Gen : 1 , BEST: 1023 , bonus = 0.0 
    2019-08-28T03:42:33.405 , Gen : 1 , BEST: 1023 , bonus = 0.0 
fitness : 1023 
 code : [<<<-,<<.-]+--[+,]+,>-,+-+<.--[>.><<-.[+--].>.[+-] 
 UInt8[0x00, 0x00] -> 0 
 UInt8[0x01, 0x00] -> 0 
 UInt8[0x00, 0x01] -> 1 
 UInt8[0x01, 0x01] -> 0 
** Tour n. 142 at 2019-08-28T03:42:33.527 
    2019-08-28T03:42:35.716 , Gen : 1 , BEST: 1023 , bonus = 0.0 
    2019-08-28T03:42:35.863 , Gen : 1 , BEST: 1023 , bonus = 0.0 
fitness : 1023 
 code : [<<<-,<<.-]+--[+,]+,>-,+-+<.--[>.><<-.[+--].>.[+-] 
 UInt8[0x00, 0x00] -> 0 
 UInt8[0x01, 0x00] -> 0 
 UInt8[0x00, 0x01] -> 1 
 UInt8[0x01, 0x01] -> 0 
** Tour n. 143 at 2019-08-28T03:42:35.959 
    2019-08-28T03:42:38.328 , Gen : 1 , BEST: 1023 , bonus = 0.0 
    2019-08-28T03:42:38.425 , Gen : 1 , BEST: 1023 , bonus = 0.0 
fitness : 1023 
 code : [<<<-,<<.-]+--[+,]+,>-,+-+<.--[>.><<-.[+--].>.[+-] 
 UInt8[0x00, 0x00] -> 0 
 UInt8[0x01, 0x00] -> 0 
 UInt8[0x00, 0x01] -> 1 
 UInt8[0x01, 0x01] -> 0 
** Tour n. 144 at 2019-08-28T03:42:38.561 
    2019-08-28T03:42:40.656 , Gen : 1 , BEST: 1023 , bonus = 0.0 
    2019-08-28T03:42:40.724 , Gen : 1 , BEST: 1023 , bonus = 0.0 
fitness : 1023 
 code : [<<<-,<<.-]+--[+,]+,>-,+-+<.--[>.><<-.[+--].>.[+-] 
 UInt8[0x00, 0x00] -> 0 
 UInt8[0x01, 0x00] -> 0 
 UInt8[0x00, 0x01] -> 1 
 UInt8[0x01, 0x01] -> 0 
** Tour n. 145 at 2019-08-28T03:42:40.843 
    2019-08-28T03:42:43.097 , Gen : 1 , BEST: 1023 , bonus = 0.0 
    2019-08-28T03:42:43.191 , Gen : 1 , BEST: 1023 , bonus = 0.0 
fitness : 1023 
 code : [<<<-,<<.-]+--[+,]+,>-,+-+<.--[>.><<-.[+--].>.[+-] 
 UInt8[0x00, 0x00] -> 0 
 UInt8[0x01, 0x00] -> 0 
 UInt8[0x00, 0x01] -> 1 
 UInt8[0x01, 0x01] -> 0 
** Tour n. 146 at 2019-08-28T03:42:43.294 
    2019-08-28T03:42:45.646 , Gen : 1 , BEST: 1023 , bonus = 0.0 
    2019-08-28T03:42:45.79 , Gen : 1 , BEST: 1023 , bonus = 0.0 
fitness : 1023 
 code : [<<<-,<<.-]+--[+,]+,>-,+-+<.--[>.><<-.[+--].>.[+-] 
 UInt8[0x00, 0x00] -> 0 
 UInt8[0x01, 0x00] -> 0 
 UInt8[0x00, 0x01] -> 1 
 UInt8[0x01, 0x01] -> 0 
** Tour n. 147 at 2019-08-28T03:42:45.907 
    2019-08-28T03:42:48.241 , Gen : 1 , BEST: 1023 , bonus = 0.0 
    2019-08-28T03:42:48.329 , Gen : 1 , BEST: 1023 , bonus = 0.0 
fitness : 1023 
 code : [<<<-,<<.-]+--[+,]+,>-,+-+<.--[>.><<-.[+--].>.[+-] 
 UInt8[0x00, 0x00] -> 0 
 UInt8[0x01, 0x00] -> 0 
 UInt8[0x00, 0x01] -> 1 
 UInt8[0x01, 0x01] -> 0 
** Tour n. 148 at 2019-08-28T03:42:48.428 
    2019-08-28T03:42:50.709 , Gen : 1 , BEST: 1023 , bonus = 0.0 
    2019-08-28T03:42:50.786 , Gen : 1 , BEST: 1023 , bonus = 0.0 
fitness : 1023 
 code : [<<<-,<<.-]+--[+,]+,>-,+-+<.--[>.><<-.[+--].>.[+-] 
 UInt8[0x00, 0x00] -> 0 
 UInt8[0x01, 0x00] -> 0 
 UInt8[0x00, 0x01] -> 1 
 UInt8[0x01, 0x01] -> 0 
** Tour n. 149 at 2019-08-28T03:42:50.914 
    2019-08-28T03:42:53.189 , Gen : 1 , BEST: 1023 , bonus = 0.0 
    2019-08-28T03:42:53.298 , Gen : 1 , BEST: 1023 , bonus = 0.0 
fitness : 1023 
 code : [<<<-,<<.-]+--[+,]+,>-,+-+<.--[>.><<-.[+--].>.[+-] 
 UInt8[0x00, 0x00] -> 0 
 UInt8[0x01, 0x00] -> 0 
 UInt8[0x00, 0x01] -> 1 
 UInt8[0x01, 0x01] -> 0 
** Tour n. 150 at 2019-08-28T03:42:53.41 
    2019-08-28T03:42:55.644 , Gen : 1 , BEST: 1023 , bonus = 0.0 
    2019-08-28T03:42:55.76 , Gen : 1 , BEST: 1023 , bonus = 0.0 
fitness : 1023 
 code : [<<<-,<<.-]+--[+,]+,>-,+-+<.--[>.><<-.[+--].>.[+-] 
 UInt8[0x00, 0x00] -> 0 
 UInt8[0x01, 0x00] -> 0 
 UInt8[0x00, 0x01] -> 1 
 UInt8[0x01, 0x01] -> 0 
** Tour n. 151 at 2019-08-28T03:42:55.873 
    2019-08-28T03:42:57.826 , Gen : 1 , BEST: 1023 , bonus = 0.0 
    2019-08-28T03:42:57.917 , Gen : 1 , BEST: 1023 , bonus = 0.0 
fitness : 1023 
 code : [<<<-,<<.-]+--[+,]+,>-,+-+<.--[>.><<-.[+--].>.[+-] 
 UInt8[0x00, 0x00] -> 0 
 UInt8[0x01, 0x00] -> 0 
 UInt8[0x00, 0x01] -> 1 
 UInt8[0x01, 0x01] -> 0 
** Tour n. 152 at 2019-08-28T03:42:58.007 
    2019-08-28T03:43:00.096 , Gen : 1 , BEST: 1023 , bonus = 0.0 
    2019-08-28T03:43:00.177 , Gen : 1 , BEST: 1023 , bonus = 0.0 
fitness : 1023 
 code : [<<<-,<<.-]+--[+,]+,>-,+-+<.--[>.><<-.[+--].>.[+-] 
 UInt8[0x00, 0x00] -> 0 
 UInt8[0x01, 0x00] -> 0 
 UInt8[0x00, 0x01] -> 1 
 UInt8[0x01, 0x01] -> 0 
** Tour n. 153 at 2019-08-28T03:43:00.25 
    2019-08-28T03:43:02.328 , Gen : 1 , BEST: 1023 , bonus = 0.0 
    2019-08-28T03:43:02.433 , Gen : 1 , BEST: 1023 , bonus = 0.0 
fitness : 1023 
 code : [<<<-,<<.-]+--[+,]+,>-,+-+<.--[>.><<-.[+--].>.[+-] 
 UInt8[0x00, 0x00] -> 0 
 UInt8[0x01, 0x00] -> 0 
 UInt8[0x00, 0x01] -> 1 
 UInt8[0x01, 0x01] -> 0 
** Tour n. 154 at 2019-08-28T03:43:02.545 
    2019-08-28T03:43:04.931 , Gen : 1 , BEST: 1023 , bonus = 0.0 
    2019-08-28T03:43:05.002 , Gen : 1 , BEST: 1023 , bonus = 0.0 
fitness : 1023 
 code : [<<<-,<<.-]+--[+,]+,>-,+-+<.--[>.><<-.[+--].>.[+-] 
 UInt8[0x00, 0x00] -> 0 
 UInt8[0x01, 0x00] -> 0 
 UInt8[0x00, 0x01] -> 1 
 UInt8[0x01, 0x01] -> 0 
** Tour n. 155 at 2019-08-28T03:43:05.108 
    2019-08-28T03:43:07.437 , Gen : 1 , BEST: 1023 , bonus = 0.0 
    2019-08-28T03:43:07.557 , Gen : 1 , BEST: 1023 , bonus = 0.0 
fitness : 1023 
 code : [<<<-,<<.-]+--[+,]+,>-,+-+<.--[>.><<-.[+--].>.[+-] 
 UInt8[0x00, 0x00] -> 0 
 UInt8[0x01, 0x00] -> 0 
 UInt8[0x00, 0x01] -> 1 
 UInt8[0x01, 0x01] -> 0 
** Tour n. 156 at 2019-08-28T03:43:07.682 
    2019-08-28T03:43:09.728 , Gen : 1 , BEST: 1023 , bonus = 0.0 
    2019-08-28T03:43:09.807 , Gen : 1 , BEST: 1023 , bonus = 0.0 
fitness : 1023 
 code : [<<<-,<<.-]+--[+,]+,>-,+-+<.--[>.><<-.[+--].>.[+-] 
 UInt8[0x00, 0x00] -> 0 
 UInt8[0x01, 0x00] -> 0 
 UInt8[0x00, 0x01] -> 1 
 UInt8[0x01, 0x01] -> 0 
** Tour n. 157 at 2019-08-28T03:43:09.903 
    2019-08-28T03:43:11.883 , Gen : 1 , BEST: 1023 , bonus = 0.0 
    2019-08-28T03:43:11.983 , Gen : 1 , BEST: 1023 , bonus = 0.0 
fitness : 1023 
 code : [<<<-,<<.-]+--[+,]+,>-,+-+<.--[>.><<-.[+--].>.[+-] 
 UInt8[0x00, 0x00] -> 0 
 UInt8[0x01, 0x00] -> 0 
 UInt8[0x00, 0x01] -> 1 
 UInt8[0x01, 0x01] -> 0 
** Tour n. 158 at 2019-08-28T03:43:12.084 
    2019-08-28T03:43:14.23 , Gen : 1 , BEST: 1023 , bonus = 0.0 
    2019-08-28T03:43:14.335 , Gen : 1 , BEST: 1023 , bonus = 0.0 
fitness : 1023 
 code : [<<<-,<<.-]+--[+,]+,>-,+-+<.--[>.><<-.[+--].>.[+-] 
 UInt8[0x00, 0x00] -> 0 
 UInt8[0x01, 0x00] -> 0 
 UInt8[0x00, 0x01] -> 1 
 UInt8[0x01, 0x01] -> 0 
** Tour n. 159 at 2019-08-28T03:43:14.425 
    2019-08-28T03:43:16.459 , Gen : 1 , BEST: 1023 , bonus = 0.0 
    2019-08-28T03:43:16.537 , Gen : 1 , BEST: 1023 , bonus = 0.0 
fitness : 1023 
 code : [<<<-,<<.-]+--[+,]+,>-,+-+<.--[>.><<-.[+--].>.[+-] 
 UInt8[0x00, 0x00] -> 0 
 UInt8[0x01, 0x00] -> 0 
 UInt8[0x00, 0x01] -> 1 
 UInt8[0x01, 0x01] -> 0 
** Tour n. 160 at 2019-08-28T03:43:16.64 
    2019-08-28T03:43:18.62 , Gen : 1 , BEST: 1023 , bonus = 0.0 
    2019-08-28T03:43:18.694 , Gen : 1 , BEST: 1023 , bonus = 0.0 
fitness : 1023 
 code : [<<<-,<<.-]+--[+,]+,>-,+-+<.--[>.><<-.[+--].>.[+-] 
 UInt8[0x00, 0x00] -> 0 
 UInt8[0x01, 0x00] -> 0 
 UInt8[0x00, 0x01] -> 1 
 UInt8[0x01, 0x01] -> 0 
** Tour n. 161 at 2019-08-28T03:43:18.79 
    2019-08-28T03:43:20.684 , Gen : 1 , BEST: 1023 , bonus = 0.0 
    2019-08-28T03:43:20.77 , Gen : 1 , BEST: 1023 , bonus = 0.0 
fitness : 1023 
 code : [<<<-,<<.-]+--[+,]+,>-,+-+<.--[>.><<-.[+--].>.[+-] 
 UInt8[0x00, 0x00] -> 0 
 UInt8[0x01, 0x00] -> 0 
 UInt8[0x00, 0x01] -> 1 
 UInt8[0x01, 0x01] -> 0 
** Tour n. 162 at 2019-08-28T03:43:20.866 
    2019-08-28T03:43:22.834 , Gen : 1 , BEST: 1023 , bonus = 0.0 
    2019-08-28T03:43:22.906 , Gen : 1 , BEST: 1023 , bonus = 0.0 
fitness : 1023 
 code : [<<<-,<<.-]+--[+,]+,>-,+-+<.--[>.><<-.[+--].>.[+-] 
 UInt8[0x00, 0x00] -> 0 
 UInt8[0x01, 0x00] -> 0 
 UInt8[0x00, 0x01] -> 1 
 UInt8[0x01, 0x01] -> 0 
** Tour n. 163 at 2019-08-28T03:43:22.995 
    2019-08-28T03:43:25.128 , Gen : 1 , BEST: 1023 , bonus = 0.0 
    2019-08-28T03:43:25.256 , Gen : 1 , BEST: 1023 , bonus = 0.0 
fitness : 1023 
 code : [<<<-,<<.-]+--[+,]+,>-,+-+<.--[>.><<-.[+--].>.[+-] 
 UInt8[0x00, 0x00] -> 0 
 UInt8[0x01, 0x00] -> 0 
 UInt8[0x00, 0x01] -> 1 
 UInt8[0x01, 0x01] -> 0 
** Tour n. 164 at 2019-08-28T03:43:25.363 
    2019-08-28T03:43:27.204 , Gen : 1 , BEST: 1023 , bonus = 0.0 
    2019-08-28T03:43:27.305 , Gen : 1 , BEST: 1023 , bonus = 0.0 
fitness : 1023 
 code : [<<<-,<<.-]+--[+,]+,>-,+-+<.--[>.><<-.[+--].>.[+-] 
 UInt8[0x00, 0x00] -> 0 
 UInt8[0x01, 0x00] -> 0 
 UInt8[0x00, 0x01] -> 1 
 UInt8[0x01, 0x01] -> 0 
** Tour n. 165 at 2019-08-28T03:43:27.425 
    2019-08-28T03:43:29.578 , Gen : 1 , BEST: 1023 , bonus = 0.0 
    2019-08-28T03:43:29.663 , Gen : 1 , BEST: 1023 , bonus = 0.0 
fitness : 1023 
 code : [<<<-,<<.-]+--[+,]+,>-,+-+<.--[>.><<-.[+--].>.[+-] 
 UInt8[0x00, 0x00] -> 0 
 UInt8[0x01, 0x00] -> 0 
 UInt8[0x00, 0x01] -> 1 
 UInt8[0x01, 0x01] -> 0 
** Tour n. 166 at 2019-08-28T03:43:29.764 
    2019-08-28T03:43:32.074 , Gen : 1 , BEST: 1023 , bonus = 0.0 
    2019-08-28T03:43:32.14 , Gen : 1 , BEST: 1023 , bonus = 0.0 
fitness : 1023 
 code : [<<<-,<<.-]+--[+,]+,>-,+-+<.--[>.><<-.[+--].>.[+-] 
 UInt8[0x00, 0x00] -> 0 
 UInt8[0x01, 0x00] -> 0 
 UInt8[0x00, 0x01] -> 1 
 UInt8[0x01, 0x01] -> 0 
** Tour n. 167 at 2019-08-28T03:43:32.264 
    2019-08-28T03:43:34.559 , Gen : 1 , BEST: 1023 , bonus = 0.0 
    2019-08-28T03:43:34.64 , Gen : 1 , BEST: 1023 , bonus = 0.0 
fitness : 1023 
 code : [<<<-,<<.-]+--[+,]+,>-,+-+<.--[>.><<-.[+--].>.[+-] 
 UInt8[0x00, 0x00] -> 0 
 UInt8[0x01, 0x00] -> 0 
 UInt8[0x00, 0x01] -> 1 
 UInt8[0x01, 0x01] -> 0 
** Tour n. 168 at 2019-08-28T03:43:34.745 
    2019-08-28T03:43:37.004 , Gen : 1 , BEST: 1023 , bonus = 0.0 
    2019-08-28T03:43:37.092 , Gen : 1 , BEST: 1023 , bonus = 0.0 
fitness : 1023 
 code : [<<<-,<<.-]+--[+,]+,>-,+-+<.--[>.><<-.[+--].>.[+-] 
 UInt8[0x00, 0x00] -> 0 
 UInt8[0x01, 0x00] -> 0 
 UInt8[0x00, 0x01] -> 1 
 UInt8[0x01, 0x01] -> 0 
** Tour n. 169 at 2019-08-28T03:43:37.2 
    2019-08-28T03:43:39.482 , Gen : 1 , BEST: 1023 , bonus = 0.0 
    2019-08-28T03:43:39.571 , Gen : 1 , BEST: 1023 , bonus = 0.0 
fitness : 1023 
 code : [<<<-,<<.-]+--[+,]+,>-,+-+<.--[>.><<-.[+--].>.[+-] 
 UInt8[0x00, 0x00] -> 0 
 UInt8[0x01, 0x00] -> 0 
 UInt8[0x00, 0x01] -> 1 
 UInt8[0x01, 0x01] -> 0 
** Tour n. 170 at 2019-08-28T03:43:39.67 
    2019-08-28T03:43:42.148 , Gen : 1 , BEST: 1023 , bonus = 0.0 
    2019-08-28T03:43:42.254 , Gen : 1 , BEST: 1023 , bonus = 0.0 
fitness : 1023 
 code : [<<<-,<<.-]+--[+,]+,>-,+-+<.--[>.><<-.[+--].>.[+-] 
 UInt8[0x00, 0x00] -> 0 
 UInt8[0x01, 0x00] -> 0 
 UInt8[0x00, 0x01] -> 1 
 UInt8[0x01, 0x01] -> 0 
** Tour n. 171 at 2019-08-28T03:43:42.336 
    2019-08-28T03:43:44.415 , Gen : 1 , BEST: 1023 , bonus = 0.0 
    2019-08-28T03:43:44.507 , Gen : 1 , BEST: 1023 , bonus = 0.0 
fitness : 1023 
 code : [<<<-,<<.-]+--[+,]+,>-,+-+<.--[>.><<-.[+--].>.[+-] 
 UInt8[0x00, 0x00] -> 0 
 UInt8[0x01, 0x00] -> 0 
 UInt8[0x00, 0x01] -> 1 
 UInt8[0x01, 0x01] -> 0 
** Tour n. 172 at 2019-08-28T03:43:44.595 
    2019-08-28T03:43:46.771 , Gen : 1 , BEST: 1023 , bonus = 0.0 
    2019-08-28T03:43:46.859 , Gen : 1 , BEST: 1023 , bonus = 0.0 
fitness : 1023 
 code : [<<<-,<<.-]+--[+,]+,>-,+-+<.--[>.><<-.[+--].>.[+-] 
 UInt8[0x00, 0x00] -> 0 
 UInt8[0x01, 0x00] -> 0 
 UInt8[0x00, 0x01] -> 1 
 UInt8[0x01, 0x01] -> 0 
** Tour n. 173 at 2019-08-28T03:43:46.95 
    2019-08-28T03:43:49.052 , Gen : 1 , BEST: 1023 , bonus = 0.0 
    2019-08-28T03:43:49.171 , Gen : 1 , BEST: 1023 , bonus = 0.0 
fitness : 1023 
 code : [<<<-,<<.-]+--[+,]+,>-,+-+<.--[>.><<-.[+--].>.[+-] 
 UInt8[0x00, 0x00] -> 0 
 UInt8[0x01, 0x00] -> 0 
 UInt8[0x00, 0x01] -> 1 
 UInt8[0x01, 0x01] -> 0 
** Tour n. 174 at 2019-08-28T03:43:49.268 
    2019-08-28T03:43:51.489 , Gen : 1 , BEST: 1023 , bonus = 0.0 
    2019-08-28T03:43:51.565 , Gen : 1 , BEST: 1023 , bonus = 0.0 
fitness : 1023 
 code : [<<<-,<<.-]+--[+,]+,>-,+-+<.--[>.><<-.[+--].>.[+-] 
 UInt8[0x00, 0x00] -> 0 
 UInt8[0x01, 0x00] -> 0 
 UInt8[0x00, 0x01] -> 1 
 UInt8[0x01, 0x01] -> 0 
** Tour n. 175 at 2019-08-28T03:43:51.674 
    2019-08-28T03:43:53.682 , Gen : 1 , BEST: 1023 , bonus = 0.0 
    2019-08-28T03:43:53.799 , Gen : 1 , BEST: 1023 , bonus = 0.0 
fitness : 1023 
 code : [<<<-,<<.-]+--[+,]+,>-,+-+<.--[>.><<-.[+--].>.[+-] 
 UInt8[0x00, 0x00] -> 0 
 UInt8[0x01, 0x00] -> 0 
 UInt8[0x00, 0x01] -> 1 
 UInt8[0x01, 0x01] -> 0 
** Tour n. 176 at 2019-08-28T03:43:53.886 
    2019-08-28T03:43:56.105 , Gen : 1 , BEST: 1023 , bonus = 0.0 
    2019-08-28T03:43:56.194 , Gen : 1 , BEST: 1023 , bonus = 0.0 
fitness : 1023 
 code : [<<<-,<<.-]+--[+,]+,>-,+-+<.--[>.><<-.[+--].>.[+-] 
 UInt8[0x00, 0x00] -> 0 
 UInt8[0x01, 0x00] -> 0 
 UInt8[0x00, 0x01] -> 1 
 UInt8[0x01, 0x01] -> 0 
** Tour n. 177 at 2019-08-28T03:43:56.284 
    2019-08-28T03:43:58.477 , Gen : 1 , BEST: 1023 , bonus = 0.0 
    2019-08-28T03:43:58.612 , Gen : 1 , BEST: 1023 , bonus = 0.0 
fitness : 1023 
 code : [<<<-,<<.-]+--[+,]+,>-,+-+<.--[>.><<-.[+--].>.[+-] 
 UInt8[0x00, 0x00] -> 0 
 UInt8[0x01, 0x00] -> 0 
 UInt8[0x00, 0x01] -> 1 
 UInt8[0x01, 0x01] -> 0 
** Tour n. 178 at 2019-08-28T03:43:58.723 
    2019-08-28T03:44:00.608 , Gen : 1 , BEST: 1023 , bonus = 0.0 
    2019-08-28T03:44:00.735 , Gen : 1 , BEST: 1023 , bonus = 0.0 
fitness : 1023 
 code : [<<<-,<<.-]+--[+,]+,>-,+-+<.--[>.><<-.[+--].>.[+-] 
 UInt8[0x00, 0x00] -> 0 
 UInt8[0x01, 0x00] -> 0 
 UInt8[0x00, 0x01] -> 1 
 UInt8[0x01, 0x01] -> 0 
** Tour n. 179 at 2019-08-28T03:44:00.819 
    2019-08-28T03:44:03.154 , Gen : 1 , BEST: 1023 , bonus = 0.0 
    2019-08-28T03:44:03.272 , Gen : 1 , BEST: 1023 , bonus = 0.0 
fitness : 1023 
 code : [<<<-,<<.-]+--[+,]+,>-,+-+<.--[>.><<-.[+--].>.[+-] 
 UInt8[0x00, 0x00] -> 0 
 UInt8[0x01, 0x00] -> 0 
 UInt8[0x00, 0x01] -> 1 
 UInt8[0x01, 0x01] -> 0 
** Tour n. 180 at 2019-08-28T03:44:03.361 
    2019-08-28T03:44:05.617 , Gen : 1 , BEST: 1023 , bonus = 0.0 
    2019-08-28T03:44:05.7 , Gen : 1 , BEST: 1023 , bonus = 0.0 
fitness : 1023 
 code : [<<<-,<<.-]+--[+,]+,>-,+-+<.--[>.><<-.[+--].>.[+-] 
 UInt8[0x00, 0x00] -> 0 
 UInt8[0x01, 0x00] -> 0 
 UInt8[0x00, 0x01] -> 1 
 UInt8[0x01, 0x01] -> 0 
** Tour n. 181 at 2019-08-28T03:44:05.786 
    2019-08-28T03:44:07.863 , Gen : 1 , BEST: 1023 , bonus = 0.0 
    2019-08-28T03:44:07.949 , Gen : 1 , BEST: 1023 , bonus = 0.0 
fitness : 1023 
 code : [<<<-,<<.-]+--[+,]+,>-,+-+<.--[>.><<-.[+--].>.[+-] 
 UInt8[0x00, 0x00] -> 0 
 UInt8[0x01, 0x00] -> 0 
 UInt8[0x00, 0x01] -> 1 
 UInt8[0x01, 0x01] -> 0 
** Tour n. 182 at 2019-08-28T03:44:08.058 
    2019-08-28T03:44:09.972 , Gen : 1 , BEST: 1023 , bonus = 0.0 
    2019-08-28T03:44:10.062 , Gen : 1 , BEST: 1023 , bonus = 0.0 
fitness : 1023 
 code : [<<<-,<<.-]+--[+,]+,>-,+-+<.--[>.><<-.[+--].>.[+-] 
 UInt8[0x00, 0x00] -> 0 
 UInt8[0x01, 0x00] -> 0 
 UInt8[0x00, 0x01] -> 1 
 UInt8[0x01, 0x01] -> 0 
** Tour n. 183 at 2019-08-28T03:44:10.159 
    2019-08-28T03:44:12.099 , Gen : 1 , BEST: 1023 , bonus = 0.0 
    2019-08-28T03:44:12.173 , Gen : 1 , BEST: 1023 , bonus = 0.0 
fitness : 1023 
 code : [<<<-,<<.-]+--[+,]+,>-,+-+<.--[>.><<-.[+--].>.[+-] 
 UInt8[0x00, 0x00] -> 0 
 UInt8[0x01, 0x00] -> 0 
 UInt8[0x00, 0x01] -> 1 
 UInt8[0x01, 0x01] -> 0 
** Tour n. 184 at 2019-08-28T03:44:12.277 
    2019-08-28T03:44:14.514 , Gen : 1 , BEST: 1023 , bonus = 0.0 
    2019-08-28T03:44:14.597 , Gen : 1 , BEST: 1023 , bonus = 0.0 
fitness : 1023 
 code : [<<<-,<<.-]+--[+,]+,>-,+-+<.--[>.><<-.[+--].>.[+-] 
 UInt8[0x00, 0x00] -> 0 
 UInt8[0x01, 0x00] -> 0 
 UInt8[0x00, 0x01] -> 1 
 UInt8[0x01, 0x01] -> 0 
** Tour n. 185 at 2019-08-28T03:44:14.676 
    2019-08-28T03:44:16.843 , Gen : 1 , BEST: 1023 , bonus = 0.0 
    2019-08-28T03:44:16.931 , Gen : 1 , BEST: 1023 , bonus = 0.0 
fitness : 1023 
 code : [<<<-,<<.-]+--[+,]+,>-,+-+<.--[>.><<-.[+--].>.[+-] 
 UInt8[0x00, 0x00] -> 0 
 UInt8[0x01, 0x00] -> 0 
 UInt8[0x00, 0x01] -> 1 
 UInt8[0x01, 0x01] -> 0 
** Tour n. 186 at 2019-08-28T03:44:17.02 
    2019-08-28T03:44:19.346 , Gen : 1 , BEST: 1023 , bonus = 0.0 
    2019-08-28T03:44:19.429 , Gen : 1 , BEST: 1023 , bonus = 0.0 
fitness : 1023 
 code : [<<<-,<<.-]+--[+,]+,>-,+-+<.--[>.><<-.[+--].>.[+-] 
 UInt8[0x00, 0x00] -> 0 
 UInt8[0x01, 0x00] -> 0 
 UInt8[0x00, 0x01] -> 1 
 UInt8[0x01, 0x01] -> 0 
** Tour n. 187 at 2019-08-28T03:44:19.538 
    2019-08-28T03:44:21.497 , Gen : 1 , BEST: 1023 , bonus = 0.0 
    2019-08-28T03:44:21.574 , Gen : 1 , BEST: 1023 , bonus = 0.0 
fitness : 1023 
 code : [<<<-,<<.-]+--[+,]+,>-,+-+<.--[>.><<-.[+--].>.[+-] 
 UInt8[0x00, 0x00] -> 0 
 UInt8[0x01, 0x00] -> 0 
 UInt8[0x00, 0x01] -> 1 
 UInt8[0x01, 0x01] -> 0 
** Tour n. 188 at 2019-08-28T03:44:21.683 
    2019-08-28T03:44:23.793 , Gen : 1 , BEST: 1023 , bonus = 0.0 
    2019-08-28T03:44:23.907 , Gen : 1 , BEST: 1023 , bonus = 0.0 
fitness : 1023 
 code : [<<<-,<<.-]+--[+,]+,>-,+-+<.--[>.><<-.[+--].>.[+-] 
 UInt8[0x00, 0x00] -> 0 
 UInt8[0x01, 0x00] -> 0 
 UInt8[0x00, 0x01] -> 1 
 UInt8[0x01, 0x01] -> 0 
** Tour n. 189 at 2019-08-28T03:44:23.99 
    2019-08-28T03:44:26.144 , Gen : 1 , BEST: 1023 , bonus = 0.0 
    2019-08-28T03:44:26.299 , Gen : 1 , BEST: 1023 , bonus = 0.0 
fitness : 1023 
 code : [<<<-,<<.-]+--[+,]+,>-,+-+<.--[>.><<-.[+--].>.[+-] 
 UInt8[0x00, 0x00] -> 0 
 UInt8[0x01, 0x00] -> 0 
 UInt8[0x00, 0x01] -> 1 
 UInt8[0x01, 0x01] -> 0 
** Tour n. 190 at 2019-08-28T03:44:26.403 
    2019-08-28T03:44:28.305 , Gen : 1 , BEST: 1023 , bonus = 0.0 
    2019-08-28T03:44:28.379 , Gen : 1 , BEST: 1023 , bonus = 0.0 
fitness : 1023 
 code : [<<<-,<<.-]+--[+,]+,>-,+-+<.--[>.><<-.[+--].>.[+-] 
 UInt8[0x00, 0x00] -> 0 
 UInt8[0x01, 0x00] -> 0 
 UInt8[0x00, 0x01] -> 1 
 UInt8[0x01, 0x01] -> 0 
** Tour n. 191 at 2019-08-28T03:44:28.471 
    2019-08-28T03:44:30.645 , Gen : 1 , BEST: 1023 , bonus = 0.0 
    2019-08-28T03:44:30.72 , Gen : 1 , BEST: 1023 , bonus = 0.0 
fitness : 1023 
 code : [<<<-,<<.-]+--[+,]+,>-,+-+<.--[>.><<-.[+--].>.[+-] 
 UInt8[0x00, 0x00] -> 0 
 UInt8[0x01, 0x00] -> 0 
 UInt8[0x00, 0x01] -> 1 
 UInt8[0x01, 0x01] -> 0 
** Tour n. 192 at 2019-08-28T03:44:30.795 
    2019-08-28T03:44:32.69 , Gen : 1 , BEST: 1023 , bonus = 0.0 
    2019-08-28T03:44:32.772 , Gen : 1 , BEST: 1023 , bonus = 0.0 
fitness : 1023 
 code : [<<<-,<<.-]+--[+,]+,>-,+-+<.--[>.><<-.[+--].>.[+-] 
 UInt8[0x00, 0x00] -> 0 
 UInt8[0x01, 0x00] -> 0 
 UInt8[0x00, 0x01] -> 1 
 UInt8[0x01, 0x01] -> 0 
** Tour n. 193 at 2019-08-28T03:44:32.891 
    2019-08-28T03:44:35.111 , Gen : 1 , BEST: 1023 , bonus = 0.0 
    2019-08-28T03:44:35.165 , Gen : 1 , BEST: 1023 , bonus = 0.0 
fitness : 1023 
 code : [<<<-,<<.-]+--[+,]+,>-,+-+<.--[>.><<-.[+--].>.[+-] 
 UInt8[0x00, 0x00] -> 0 
 UInt8[0x01, 0x00] -> 0 
 UInt8[0x00, 0x01] -> 1 
 UInt8[0x01, 0x01] -> 0 
** Tour n. 194 at 2019-08-28T03:44:35.275 
    2019-08-28T03:44:37.961 , Gen : 1 , BEST: 1023 , bonus = 0.0 
    2019-08-28T03:44:38.043 , Gen : 1 , BEST: 1023 , bonus = 0.0 
fitness : 1023 
 code : [<<<-,<<.-]+--[+,]+,>-,+-+<.--[>.><<-.[+--].>.[+-] 
 UInt8[0x00, 0x00] -> 0 
 UInt8[0x01, 0x00] -> 0 
 UInt8[0x00, 0x01] -> 1 
 UInt8[0x01, 0x01] -> 0 
** Tour n. 195 at 2019-08-28T03:44:38.16 
    2019-08-28T03:44:40.334 , Gen : 1 , BEST: 1023 , bonus = 0.0 
    2019-08-28T03:44:40.436 , Gen : 1 , BEST: 1023 , bonus = 0.0 
fitness : 1023 
 code : [<<<-,<<.-]+--[+,]+,>-,+-+<.--[>.><<-.[+--].>.[+-] 
 UInt8[0x00, 0x00] -> 0 
 UInt8[0x01, 0x00] -> 0 
 UInt8[0x00, 0x01] -> 1 
 UInt8[0x01, 0x01] -> 0 
** Tour n. 196 at 2019-08-28T03:44:40.531 
    2019-08-28T03:44:42.66 , Gen : 1 , BEST: 1023 , bonus = 0.0 
    2019-08-28T03:44:42.783 , Gen : 1 , BEST: 1023 , bonus = 0.0 
fitness : 1023 
 code : [<<<-,<<.-]+--[+,]+,>-,+-+<.--[>.><<-.[+--].>.[+-] 
 UInt8[0x00, 0x00] -> 0 
 UInt8[0x01, 0x00] -> 0 
 UInt8[0x00, 0x01] -> 1 
 UInt8[0x01, 0x01] -> 0 
** Tour n. 197 at 2019-08-28T03:44:42.89 
    2019-08-28T03:44:45.019 , Gen : 1 , BEST: 1023 , bonus = 0.0 
    2019-08-28T03:44:45.139 , Gen : 1 , BEST: 1023 , bonus = 0.0 
fitness : 1023 
 code : [<<<-,<<.-]+--[+,]+,>-,+-+<.--[>.><<-.[+--].>.[+-] 
 UInt8[0x00, 0x00] -> 0 
 UInt8[0x01, 0x00] -> 0 
 UInt8[0x00, 0x01] -> 1 
 UInt8[0x01, 0x01] -> 0 
** Tour n. 198 at 2019-08-28T03:44:45.253 
    2019-08-28T03:44:47.416 , Gen : 1 , BEST: 1023 , bonus = 0.0 
    2019-08-28T03:44:47.513 , Gen : 1 , BEST: 1023 , bonus = 0.0 
fitness : 1023 
 code : [<<<-,<<.-]+--[+,]+,>-,+-+<.--[>.><<-.[+--].>.[+-] 
 UInt8[0x00, 0x00] -> 0 
 UInt8[0x01, 0x00] -> 0 
 UInt8[0x00, 0x01] -> 1 
 UInt8[0x01, 0x01] -> 0 
** Tour n. 199 at 2019-08-28T03:44:47.634 
    2019-08-28T03:44:49.604 , Gen : 1 , BEST: 1023 , bonus = 0.0 
    2019-08-28T03:44:49.704 , Gen : 1 , BEST: 1023 , bonus = 0.0 
fitness : 1023 
 code : [<<<-,<<.-]+--[+,]+,>-,+-+<.--[>.><<-.[+--].>.[+-] 
 UInt8[0x00, 0x00] -> 0 
 UInt8[0x01, 0x00] -> 0 
 UInt8[0x00, 0x01] -> 1 
 UInt8[0x01, 0x01] -> 0 
** Tour n. 200 at 2019-08-28T03:44:49.822 
    2019-08-28T03:44:52.373 , Gen : 1 , BEST: 1023 , bonus = 0.0 
    2019-08-28T03:44:52.479 , Gen : 1 , BEST: 1023 , bonus = 0.0 
fitness : 1023 
 code : [<<<-,<<.-]+--[+,]+,>-,+-+<.--[>.><<-.[+--].>.[+-] 
 UInt8[0x00, 0x00] -> 0 
 UInt8[0x01, 0x00] -> 0 
 UInt8[0x00, 0x01] -> 1 
 UInt8[0x01, 0x01] -> 0 
** Tour n. 201 at 2019-08-28T03:44:52.59 
    2019-08-28T03:44:54.776 , Gen : 1 , BEST: 1023 , bonus = 0.0 
    2019-08-28T03:44:54.863 , Gen : 1 , BEST: 1023 , bonus = 0.0 
fitness : 1023 
 code : [<<<-,<<.-]+--[+,]+,>-,+-+<.--[>.><<-.[+--].>.[+-] 
 UInt8[0x00, 0x00] -> 0 
 UInt8[0x01, 0x00] -> 0 
 UInt8[0x00, 0x01] -> 1 
 UInt8[0x01, 0x01] -> 0 
** Tour n. 202 at 2019-08-28T03:44:54.946 
    2019-08-28T03:44:57.255 , Gen : 1 , BEST: 1023 , bonus = 0.0 
    2019-08-28T03:44:57.358 , Gen : 1 , BEST: 1023 , bonus = 0.0 
fitness : 1023 
 code : [<<<-,<<.-]+--[+,]+,>-,+-+<.--[>.><<-.[+--].>.[+-] 
 UInt8[0x00, 0x00] -> 0 
 UInt8[0x01, 0x00] -> 0 
 UInt8[0x00, 0x01] -> 1 
 UInt8[0x01, 0x01] -> 0 
** Tour n. 203 at 2019-08-28T03:44:57.448 
    2019-08-28T03:44:59.433 , Gen : 1 , BEST: 1023 , bonus = 0.0 
    2019-08-28T03:44:59.529 , Gen : 1 , BEST: 1023 , bonus = 0.0 
fitness : 1023 
 code : [<<<-,<<.-]+--[+,]+,>-,+-+<.--[>.><<-.[+--].>.[+-] 
 UInt8[0x00, 0x00] -> 0 
 UInt8[0x01, 0x00] -> 0 
 UInt8[0x00, 0x01] -> 1 
 UInt8[0x01, 0x01] -> 0 
** Tour n. 204 at 2019-08-28T03:44:59.636 
    2019-08-28T03:45:01.932 , Gen : 1 , BEST: 1023 , bonus = 0.0 
    2019-08-28T03:45:02.039 , Gen : 1 , BEST: 1023 , bonus = 0.0 
fitness : 1023 
 code : [<<<-,<<.-]+--[+,]+,>-,+-+<.--[>.><<-.[+--].>.[+-] 
 UInt8[0x00, 0x00] -> 0 
 UInt8[0x01, 0x00] -> 0 
 UInt8[0x00, 0x01] -> 1 
 UInt8[0x01, 0x01] -> 0 
** Tour n. 205 at 2019-08-28T03:45:02.132 
    2019-08-28T03:45:04.357 , Gen : 1 , BEST: 1023 , bonus = 0.0 
    2019-08-28T03:45:04.426 , Gen : 1 , BEST: 1023 , bonus = 0.0 
fitness : 1023 
 code : [<<<-,<<.-]+--[+,]+,>-,+-+<.--[>.><<-.[+--].>.[+-] 
 UInt8[0x00, 0x00] -> 0 
 UInt8[0x01, 0x00] -> 0 
 UInt8[0x00, 0x01] -> 1 
 UInt8[0x01, 0x01] -> 0 
** Tour n. 206 at 2019-08-28T03:45:04.514 
    2019-08-28T03:45:06.671 , Gen : 1 , BEST: 1023 , bonus = 0.0 
    2019-08-28T03:45:06.747 , Gen : 1 , BEST: 1023 , bonus = 0.0 
fitness : 1023 
 code : [<<<-,<<.-]+--[+,]+,>-,+-+<.--[>.><<-.[+--].>.[+-] 
 UInt8[0x00, 0x00] -> 0 
 UInt8[0x01, 0x00] -> 0 
 UInt8[0x00, 0x01] -> 1 
 UInt8[0x01, 0x01] -> 0 
** Tour n. 207 at 2019-08-28T03:45:06.867 
    2019-08-28T03:45:09.312 , Gen : 1 , BEST: 1023 , bonus = 0.0 
    2019-08-28T03:45:09.403 , Gen : 1 , BEST: 1023 , bonus = 0.0 
fitness : 1023 
 code : [<<<-,<<.-]+--[+,]+,>-,+-+<.--[>.><<-.[+--].>.[+-] 
 UInt8[0x00, 0x00] -> 0 
 UInt8[0x01, 0x00] -> 0 
 UInt8[0x00, 0x01] -> 1 
 UInt8[0x01, 0x01] -> 0 
** Tour n. 208 at 2019-08-28T03:45:09.487 
    2019-08-28T03:45:11.531 , Gen : 1 , BEST: 1023 , bonus = 0.0 
    2019-08-28T03:45:11.603 , Gen : 1 , BEST: 1023 , bonus = 0.0 
fitness : 1023 
 code : [<<<-,<<.-]+--[+,]+,>-,+-+<.--[>.><<-.[+--].>.[+-] 
 UInt8[0x00, 0x00] -> 0 
 UInt8[0x01, 0x00] -> 0 
 UInt8[0x00, 0x01] -> 1 
 UInt8[0x01, 0x01] -> 0 
** Tour n. 209 at 2019-08-28T03:45:11.697 
    2019-08-28T03:45:13.538 , Gen : 1 , BEST: 1023 , bonus = 0.0 
    2019-08-28T03:45:13.675 , Gen : 1 , BEST: 1023 , bonus = 0.0 
fitness : 1023 
 code : [<<<-,<<.-]+--[+,]+,>-,+-+<.--[>.><<-.[+--].>.[+-] 
 UInt8[0x00, 0x00] -> 0 
 UInt8[0x01, 0x00] -> 0 
 UInt8[0x00, 0x01] -> 1 
 UInt8[0x01, 0x01] -> 0 
** Tour n. 210 at 2019-08-28T03:45:13.78 
    2019-08-28T03:45:14.719 , Gen : 1 , BEST: 1024 , bonus = 3907.0 
fitness : 1024 
 code : ,[++>+><+[>,[<>,,>[>],.<]+[-+.+]-]]>-[-<,.[<]--+<, 
 UInt8[0x00, 0x00] -> 0 
 UInt8[0x01, 0x00] -> 1 
 UInt8[0x00, 0x01] -> 1 
 UInt8[0x01, 0x01] -> 0 
fitness : 1024 
 code : ,[++>+><+[>,[<>,,>[>],.<]+[-+.+]-]]>-[-<,.[<]--+<, 
 UInt8[0x00, 0x00] -> 0 
 UInt8[0x01, 0x00] -> 1 
 UInt8[0x00, 0x01] -> 1 
 UInt8[0x01, 0x01] -> 0 
fitness 1024 
dna : [0.739544, 0.802893, 0.352399, 0.265179, 0.197146, 0.288486, 0.162247, 0.0316159, 0.311667, 0.795517, 0.217994, 0.69052, 0.870657, 0.0072099, 0.181441, 0.672178, 0.690951, 0.146525, 0.860978, 0.192756, 0.94361, 0.719309, 0.507553, 0.0295093, 0.952536, 0.274012, 0.784973, 0.487828, 0.372178, 0.513646, 0.370037, 0.997503, 0.478157, 0.907981, 0.925566, 0.208314, 0.389347, 0.802476, 0.401246, 0.0516735, 0.672203, 0.606514, 0.8082, 0.103368, 0.928932, 0.397669, 0.421955, 0.323542, 0.0306853, 0.637952] 
