targetFitness = 1024 
params : Main.GeneticAlgorithms.Types.GAParams(136, 1000000, 50, 150, 0.7, 0.01, true, IOStream(<file ../Results/logLogicalXor.log>), 0.0, 1024.0, 0, 0) 
** Tour n. 1 at 2019-08-28T04:17:26.55 
    2019-08-28T04:17:33.855 , Gen : 1 , BEST: 1022 , bonus = 0.0 
    2019-08-28T04:17:34.105 , Gen : 1 , BEST: 1022 , bonus = 0.0 
fitness : 1022 
 code : .--[><>>++-<,-<-.[+,>>[,.-+.>,,-<.].].>]<--++,-<., 
 UInt8[0x00, 0x00] -> 0 
 UInt8[0x01, 0x00] -> 0 
 UInt8[0x00, 0x01] -> 0 
 UInt8[0x01, 0x01] -> 0 
** Tour n. 2 at 2019-08-28T04:17:34.597 
    2019-08-28T04:17:38.295 , Gen : 1 , BEST: 1022 , bonus = 0.0 
    2019-08-28T04:17:38.709 , Gen : 1 , BEST: 1022 , bonus = 0.0 
fitness : 1022 
 code : .--[><>>++-<,-<-.[+,>>[,.-+.>,,-<.].].>]<--++,-<., 
 UInt8[0x00, 0x00] -> 0 
 UInt8[0x01, 0x00] -> 0 
 UInt8[0x00, 0x01] -> 0 
 UInt8[0x01, 0x01] -> 0 
** Tour n. 3 at 2019-08-28T04:17:38.813 
    2019-08-28T04:17:42.744 , Gen : 1 , BEST: 1023 , bonus = 3902.0 
    2019-08-28T04:17:43.713 , Gen : 1 , BEST: 1023 , bonus = 0.0 
    2019-08-28T04:17:44.786 , Gen : 1 , BEST: 1023 , bonus = 0.0 
fitness : 1023 
 code : >,>-<[<[[[-<.].->>]<>--.]>,[+]]><>,.<>+<>+><++[.]- 
 UInt8[0x00, 0x00] -> 0 
 UInt8[0x01, 0x00] -> 0 
 UInt8[0x00, 0x01] -> 1 
 UInt8[0x01, 0x01] -> 0 
** Tour n. 4 at 2019-08-28T04:17:44.899 
    2019-08-28T04:17:46.979 , Gen : 1 , BEST: 1023 , bonus = 0.0 
    2019-08-28T04:17:47.057 , Gen : 1 , BEST: 1023 , bonus = 0.0 
fitness : 1023 
 code : >,>-<[<[[[-<.].->>]<>--.]>,[+]]><>,.<>+<>+><++[.]- 
 UInt8[0x00, 0x00] -> 0 
 UInt8[0x01, 0x00] -> 0 
 UInt8[0x00, 0x01] -> 1 
 UInt8[0x01, 0x01] -> 0 
** Tour n. 5 at 2019-08-28T04:17:47.137 
    2019-08-28T04:17:49.114 , Gen : 1 , BEST: 1023 , bonus = 0.0 
    2019-08-28T04:17:49.216 , Gen : 1 , BEST: 1023 , bonus = 0.0 
fitness : 1023 
 code : >,>-<[<[[[-<.].->>]<>--.]>,[+]]><>,.<>+<>+><++[.]- 
 UInt8[0x00, 0x00] -> 0 
 UInt8[0x01, 0x00] -> 0 
 UInt8[0x00, 0x01] -> 1 
 UInt8[0x01, 0x01] -> 0 
** Tour n. 6 at 2019-08-28T04:17:49.305 
    2019-08-28T04:17:51.41 , Gen : 1 , BEST: 1023 , bonus = 0.0 
    2019-08-28T04:17:51.527 , Gen : 1 , BEST: 1023 , bonus = 0.0 
fitness : 1023 
 code : >,>-<[<[[[-<.].->>]<>--.]>,[+]]><>,.<>+<>+><++[.]- 
 UInt8[0x00, 0x00] -> 0 
 UInt8[0x01, 0x00] -> 0 
 UInt8[0x00, 0x01] -> 1 
 UInt8[0x01, 0x01] -> 0 
** Tour n. 7 at 2019-08-28T04:17:51.608 
    2019-08-28T04:17:53.302 , Gen : 1 , BEST: 1023 , bonus = 0.0 
    2019-08-28T04:17:53.382 , Gen : 1 , BEST: 1023 , bonus = 0.0 
fitness : 1023 
 code : >,>-<[<[[[-<.].->>]<>--.]>,[+]]><>,.<>+<>+><++[.]- 
 UInt8[0x00, 0x00] -> 0 
 UInt8[0x01, 0x00] -> 0 
 UInt8[0x00, 0x01] -> 1 
 UInt8[0x01, 0x01] -> 0 
** Tour n. 8 at 2019-08-28T04:17:53.453 
    2019-08-28T04:17:55.3 , Gen : 1 , BEST: 1023 , bonus = 0.0 
    2019-08-28T04:17:55.402 , Gen : 1 , BEST: 1023 , bonus = 0.0 
fitness : 1023 
 code : >,>-<[<[[[-<.].->>]<>--.]>,[+]]><>,.<>+<>+><++[.]- 
 UInt8[0x00, 0x00] -> 0 
 UInt8[0x01, 0x00] -> 0 
 UInt8[0x00, 0x01] -> 1 
 UInt8[0x01, 0x01] -> 0 
** Tour n. 9 at 2019-08-28T04:17:55.463 
    2019-08-28T04:17:57.049 , Gen : 1 , BEST: 1023 , bonus = 0.0 
    2019-08-28T04:17:57.123 , Gen : 1 , BEST: 1023 , bonus = 0.0 
fitness : 1023 
 code : >,>-<[<[[[-<.].->>]<>--.]>,[+]]><>,.<>+<>+><++[.]- 
 UInt8[0x00, 0x00] -> 0 
 UInt8[0x01, 0x00] -> 0 
 UInt8[0x00, 0x01] -> 1 
 UInt8[0x01, 0x01] -> 0 
** Tour n. 10 at 2019-08-28T04:17:57.209 
    2019-08-28T04:17:59.271 , Gen : 1 , BEST: 1023 , bonus = 0.0 
    2019-08-28T04:17:59.385 , Gen : 1 , BEST: 1023 , bonus = 0.0 
fitness : 1023 
 code : >,>-<[<[[[-<.].->>]<>--.]>,[+]]><>,.<>+<>+><++[.]- 
 UInt8[0x00, 0x00] -> 0 
 UInt8[0x01, 0x00] -> 0 
 UInt8[0x00, 0x01] -> 1 
 UInt8[0x01, 0x01] -> 0 
** Tour n. 11 at 2019-08-28T04:17:59.496 
    2019-08-28T04:18:02.886 , Gen : 1 , BEST: 1023 , bonus = 0.0 
    2019-08-28T04:18:03.074 , Gen : 1 , BEST: 1023 , bonus = 0.0 
fitness : 1023 
 code : >,>-<[<[[[-<.].->>]<>--.]>,[+]]><>,.<>+<>+><++[.]- 
 UInt8[0x00, 0x00] -> 0 
 UInt8[0x01, 0x00] -> 0 
 UInt8[0x00, 0x01] -> 1 
 UInt8[0x01, 0x01] -> 0 
** Tour n. 12 at 2019-08-28T04:18:03.177 
    2019-08-28T04:18:05.417 , Gen : 1 , BEST: 1023 , bonus = 0.0 
    2019-08-28T04:18:05.537 , Gen : 1 , BEST: 1023 , bonus = 0.0 
fitness : 1023 
 code : >,>-<[<[[[-<.].->>]<>--.]>,[+]]><>,.<>+<>+><++[.]- 
 UInt8[0x00, 0x00] -> 0 
 UInt8[0x01, 0x00] -> 0 
 UInt8[0x00, 0x01] -> 1 
 UInt8[0x01, 0x01] -> 0 
** Tour n. 13 at 2019-08-28T04:18:05.646 
    2019-08-28T04:18:07.723 , Gen : 1 , BEST: 1023 , bonus = 0.0 
    2019-08-28T04:18:07.816 , Gen : 1 , BEST: 1023 , bonus = 0.0 
fitness : 1023 
 code : >,>-<[<[[[-<.].->>]<>--.]>,[+]]><>,.<>+<>+><++[.]- 
 UInt8[0x00, 0x00] -> 0 
 UInt8[0x01, 0x00] -> 0 
 UInt8[0x00, 0x01] -> 1 
 UInt8[0x01, 0x01] -> 0 
** Tour n. 14 at 2019-08-28T04:18:07.925 
    2019-08-28T04:18:10.988 , Gen : 1 , BEST: 1023 , bonus = 0.0 
    2019-08-28T04:18:11.093 , Gen : 1 , BEST: 1023 , bonus = 0.0 
fitness : 1023 
 code : >,>-<[<[[[-<.].->>]<>--.]>,[+]]><>,.<>+<>+><++[.]- 
 UInt8[0x00, 0x00] -> 0 
 UInt8[0x01, 0x00] -> 0 
 UInt8[0x00, 0x01] -> 1 
 UInt8[0x01, 0x01] -> 0 
** Tour n. 15 at 2019-08-28T04:18:11.191 
    2019-08-28T04:18:13.701 , Gen : 1 , BEST: 1023 , bonus = 0.0 
    2019-08-28T04:18:13.827 , Gen : 1 , BEST: 1023 , bonus = 0.0 
fitness : 1023 
 code : >,>-<[<[[[-<.].->>]<>--.]>,[+]]><>,.<>+<>+><++[.]- 
 UInt8[0x00, 0x00] -> 0 
 UInt8[0x01, 0x00] -> 0 
 UInt8[0x00, 0x01] -> 1 
 UInt8[0x01, 0x01] -> 0 
** Tour n. 16 at 2019-08-28T04:18:13.968 
    2019-08-28T04:18:17.205 , Gen : 1 , BEST: 1023 , bonus = 0.0 
    2019-08-28T04:18:17.391 , Gen : 1 , BEST: 1023 , bonus = 0.0 
fitness : 1023 
 code : >,>-<[<[[[-<.].->>]<>--.]>,[+]]><>,.<>+<>+><++[.]- 
 UInt8[0x00, 0x00] -> 0 
 UInt8[0x01, 0x00] -> 0 
 UInt8[0x00, 0x01] -> 1 
 UInt8[0x01, 0x01] -> 0 
** Tour n. 17 at 2019-08-28T04:18:17.498 
    2019-08-28T04:18:20.038 , Gen : 1 , BEST: 1023 , bonus = 0.0 
    2019-08-28T04:18:20.132 , Gen : 1 , BEST: 1023 , bonus = 0.0 
fitness : 1023 
 code : >,>-<[<[[[-<.].->>]<>--.]>,[+]]><>,.<>+<>+><++[.]- 
 UInt8[0x00, 0x00] -> 0 
 UInt8[0x01, 0x00] -> 0 
 UInt8[0x00, 0x01] -> 1 
 UInt8[0x01, 0x01] -> 0 
** Tour n. 18 at 2019-08-28T04:18:20.231 
    2019-08-28T04:18:22.738 , Gen : 1 , BEST: 1023 , bonus = 0.0 
    2019-08-28T04:18:22.843 , Gen : 1 , BEST: 1023 , bonus = 0.0 
fitness : 1023 
 code : >,>-<[<[[[-<.].->>]<>--.]>,[+]]><>,.<>+<>+><++[.]- 
 UInt8[0x00, 0x00] -> 0 
 UInt8[0x01, 0x00] -> 0 
 UInt8[0x00, 0x01] -> 1 
 UInt8[0x01, 0x01] -> 0 
** Tour n. 19 at 2019-08-28T04:18:22.967 
    2019-08-28T04:18:25.389 , Gen : 1 , BEST: 1023 , bonus = 0.0 
    2019-08-28T04:18:25.491 , Gen : 1 , BEST: 1023 , bonus = 0.0 
fitness : 1023 
 code : >,>-<[<[[[-<.].->>]<>--.]>,[+]]><>,.<>+<>+><++[.]- 
 UInt8[0x00, 0x00] -> 0 
 UInt8[0x01, 0x00] -> 0 
 UInt8[0x00, 0x01] -> 1 
 UInt8[0x01, 0x01] -> 0 
** Tour n. 20 at 2019-08-28T04:18:25.629 
    2019-08-28T04:18:27.781 , Gen : 1 , BEST: 1023 , bonus = 0.0 
    2019-08-28T04:18:27.888 , Gen : 1 , BEST: 1023 , bonus = 0.0 
fitness : 1023 
 code : >,>-<[<[[[-<.].->>]<>--.]>,[+]]><>,.<>+<>+><++[.]- 
 UInt8[0x00, 0x00] -> 0 
 UInt8[0x01, 0x00] -> 0 
 UInt8[0x00, 0x01] -> 1 
 UInt8[0x01, 0x01] -> 0 
** Tour n. 21 at 2019-08-28T04:18:28.002 
    2019-08-28T04:18:30.1 , Gen : 1 , BEST: 1023 , bonus = 0.0 
    2019-08-28T04:18:30.233 , Gen : 1 , BEST: 1023 , bonus = 0.0 
fitness : 1023 
 code : >,>-<[<[[[-<.].->>]<>--.]>,[+]]><>,.<>+<>+><++[.]- 
 UInt8[0x00, 0x00] -> 0 
 UInt8[0x01, 0x00] -> 0 
 UInt8[0x00, 0x01] -> 1 
 UInt8[0x01, 0x01] -> 0 
** Tour n. 22 at 2019-08-28T04:18:30.373 
    2019-08-28T04:18:32.671 , Gen : 1 , BEST: 1023 , bonus = 0.0 
    2019-08-28T04:18:32.789 , Gen : 1 , BEST: 1023 , bonus = 0.0 
fitness : 1023 
 code : >,>-<[<[[[-<.].->>]<>--.]>,[+]]><>,.<>+<>+><++[.]- 
 UInt8[0x00, 0x00] -> 0 
 UInt8[0x01, 0x00] -> 0 
 UInt8[0x00, 0x01] -> 1 
 UInt8[0x01, 0x01] -> 0 
** Tour n. 23 at 2019-08-28T04:18:32.891 
    2019-08-28T04:18:35.68 , Gen : 1 , BEST: 1023 , bonus = 0.0 
    2019-08-28T04:18:35.821 , Gen : 1 , BEST: 1023 , bonus = 0.0 
fitness : 1023 
 code : >,>-<[<[[[-<.].->>]<>--.]>,[+]]><>,.<>+<>+><++[.]- 
 UInt8[0x00, 0x00] -> 0 
 UInt8[0x01, 0x00] -> 0 
 UInt8[0x00, 0x01] -> 1 
 UInt8[0x01, 0x01] -> 0 
** Tour n. 24 at 2019-08-28T04:18:35.919 
    2019-08-28T04:18:38.488 , Gen : 1 , BEST: 1023 , bonus = 0.0 
    2019-08-28T04:18:38.59 , Gen : 1 , BEST: 1023 , bonus = 0.0 
fitness : 1023 
 code : >,>-<[<[[[-<.].->>]<>--.]>,[+]]><>,.<>+<>+><++[.]- 
 UInt8[0x00, 0x00] -> 0 
 UInt8[0x01, 0x00] -> 0 
 UInt8[0x00, 0x01] -> 1 
 UInt8[0x01, 0x01] -> 0 
** Tour n. 25 at 2019-08-28T04:18:38.697 
    2019-08-28T04:18:41.083 , Gen : 1 , BEST: 1023 , bonus = 0.0 
    2019-08-28T04:18:41.237 , Gen : 1 , BEST: 1023 , bonus = 0.0 
fitness : 1023 
 code : >,>-<[<[[[-<.].->>]<>--.]>,[+]]><>,.<>+<>+><++[.]- 
 UInt8[0x00, 0x00] -> 0 
 UInt8[0x01, 0x00] -> 0 
 UInt8[0x00, 0x01] -> 1 
 UInt8[0x01, 0x01] -> 0 
** Tour n. 26 at 2019-08-28T04:18:41.36 
    2019-08-28T04:18:43.797 , Gen : 1 , BEST: 1023 , bonus = 0.0 
    2019-08-28T04:18:43.891 , Gen : 1 , BEST: 1023 , bonus = 0.0 
fitness : 1023 
 code : >,>-<[<[[[-<.].->>]<>--.]>,[+]]><>,.<>+<>+><++[.]- 
 UInt8[0x00, 0x00] -> 0 
 UInt8[0x01, 0x00] -> 0 
 UInt8[0x00, 0x01] -> 1 
 UInt8[0x01, 0x01] -> 0 
** Tour n. 27 at 2019-08-28T04:18:43.998 
    2019-08-28T04:18:46.459 , Gen : 1 , BEST: 1023 , bonus = 0.0 
    2019-08-28T04:18:46.547 , Gen : 1 , BEST: 1023 , bonus = 0.0 
fitness : 1023 
 code : >,>-<[<[[[-<.].->>]<>--.]>,[+]]><>,.<>+<>+><++[.]- 
 UInt8[0x00, 0x00] -> 0 
 UInt8[0x01, 0x00] -> 0 
 UInt8[0x00, 0x01] -> 1 
 UInt8[0x01, 0x01] -> 0 
** Tour n. 28 at 2019-08-28T04:18:46.656 
    2019-08-28T04:18:48.789 , Gen : 1 , BEST: 1023 , bonus = 0.0 
    2019-08-28T04:18:48.897 , Gen : 1 , BEST: 1023 , bonus = 0.0 
fitness : 1023 
 code : >,>-<[<[[[-<.].->>]<>--.]>,[+]]><>,.<>+<>+><++[.]- 
 UInt8[0x00, 0x00] -> 0 
 UInt8[0x01, 0x00] -> 0 
 UInt8[0x00, 0x01] -> 1 
 UInt8[0x01, 0x01] -> 0 
** Tour n. 29 at 2019-08-28T04:18:48.992 
    2019-08-28T04:18:51.198 , Gen : 1 , BEST: 1023 , bonus = 0.0 
    2019-08-28T04:18:51.31 , Gen : 1 , BEST: 1023 , bonus = 0.0 
fitness : 1023 
 code : >,>-<[<[[[-<.].->>]<>--.]>,[+]]><>,.<>+<>+><++[.]- 
 UInt8[0x00, 0x00] -> 0 
 UInt8[0x01, 0x00] -> 0 
 UInt8[0x00, 0x01] -> 1 
 UInt8[0x01, 0x01] -> 0 
** Tour n. 30 at 2019-08-28T04:18:51.424 
    2019-08-28T04:18:54.172 , Gen : 1 , BEST: 1023 , bonus = 0.0 
    2019-08-28T04:18:54.271 , Gen : 1 , BEST: 1023 , bonus = 0.0 
fitness : 1023 
 code : >,>-<[<[[[-<.].->>]<>--.]>,[+]]><>,.<>+<>+><++[.]- 
 UInt8[0x00, 0x00] -> 0 
 UInt8[0x01, 0x00] -> 0 
 UInt8[0x00, 0x01] -> 1 
 UInt8[0x01, 0x01] -> 0 
** Tour n. 31 at 2019-08-28T04:18:54.372 
    2019-08-28T04:18:56.557 , Gen : 1 , BEST: 1023 , bonus = 0.0 
    2019-08-28T04:18:56.656 , Gen : 1 , BEST: 1023 , bonus = 0.0 
fitness : 1023 
 code : >,>-<[<[[[-<.].->>]<>--.]>,[+]]><>,.<>+<>+><++[.]- 
 UInt8[0x00, 0x00] -> 0 
 UInt8[0x01, 0x00] -> 0 
 UInt8[0x00, 0x01] -> 1 
 UInt8[0x01, 0x01] -> 0 
** Tour n. 32 at 2019-08-28T04:18:56.77 
    2019-08-28T04:18:59.938 , Gen : 1 , BEST: 1023 , bonus = 0.0 
    2019-08-28T04:19:00.096 , Gen : 1 , BEST: 1023 , bonus = 0.0 
fitness : 1023 
 code : >,>-<[<[[[-<.].->>]<>--.]>,[+]]><>,.<>+<>+><++[.]- 
 UInt8[0x00, 0x00] -> 0 
 UInt8[0x01, 0x00] -> 0 
 UInt8[0x00, 0x01] -> 1 
 UInt8[0x01, 0x01] -> 0 
** Tour n. 33 at 2019-08-28T04:19:00.192 
    2019-08-28T04:19:02.648 , Gen : 1 , BEST: 1023 , bonus = 0.0 
    2019-08-28T04:19:02.776 , Gen : 1 , BEST: 1023 , bonus = 0.0 
fitness : 1023 
 code : >,>-<[<[[[-<.].->>]<>--.]>,[+]]><>,.<>+<>+><++[.]- 
 UInt8[0x00, 0x00] -> 0 
 UInt8[0x01, 0x00] -> 0 
 UInt8[0x00, 0x01] -> 1 
 UInt8[0x01, 0x01] -> 0 
** Tour n. 34 at 2019-08-28T04:19:02.885 
    2019-08-28T04:19:05.557 , Gen : 1 , BEST: 1023 , bonus = 0.0 
    2019-08-28T04:19:05.662 , Gen : 1 , BEST: 1023 , bonus = 0.0 
fitness : 1023 
 code : >,>-<[<[[[-<.].->>]<>--.]>,[+]]><>,.<>+<>+><++[.]- 
 UInt8[0x00, 0x00] -> 0 
 UInt8[0x01, 0x00] -> 0 
 UInt8[0x00, 0x01] -> 1 
 UInt8[0x01, 0x01] -> 0 
** Tour n. 35 at 2019-08-28T04:19:05.776 
    2019-08-28T04:19:08.18 , Gen : 1 , BEST: 1023 , bonus = 0.0 
    2019-08-28T04:19:08.275 , Gen : 1 , BEST: 1023 , bonus = 0.0 
fitness : 1023 
 code : >,>-<[<[[[-<.].->>]<>--.]>,[+]]><>,.<>+<>+><++[.]- 
 UInt8[0x00, 0x00] -> 0 
 UInt8[0x01, 0x00] -> 0 
 UInt8[0x00, 0x01] -> 1 
 UInt8[0x01, 0x01] -> 0 
** Tour n. 36 at 2019-08-28T04:19:08.395 
    2019-08-28T04:19:11.093 , Gen : 1 , BEST: 1023 , bonus = 0.0 
    2019-08-28T04:19:11.202 , Gen : 1 , BEST: 1023 , bonus = 0.0 
fitness : 1023 
 code : >,>-<[<[[[-<.].->>]<>--.]>,[+]]><>,.<>+<>+><++[.]- 
 UInt8[0x00, 0x00] -> 0 
 UInt8[0x01, 0x00] -> 0 
 UInt8[0x00, 0x01] -> 1 
 UInt8[0x01, 0x01] -> 0 
** Tour n. 37 at 2019-08-28T04:19:11.307 
    2019-08-28T04:19:13.56 , Gen : 1 , BEST: 1023 , bonus = 0.0 
    2019-08-28T04:19:13.659 , Gen : 1 , BEST: 1023 , bonus = 0.0 
fitness : 1023 
 code : >,>-<[<[[[-<.].->>]<>--.]>,[+]]><>,.<>+<>+><++[.]- 
 UInt8[0x00, 0x00] -> 0 
 UInt8[0x01, 0x00] -> 0 
 UInt8[0x00, 0x01] -> 1 
 UInt8[0x01, 0x01] -> 0 
** Tour n. 38 at 2019-08-28T04:19:13.776 
    2019-08-28T04:19:15.988 , Gen : 1 , BEST: 1023 , bonus = 0.0 
    2019-08-28T04:19:16.108 , Gen : 1 , BEST: 1023 , bonus = 0.0 
fitness : 1023 
 code : >,>-<[<[[[-<.].->>]<>--.]>,[+]]><>,.<>+<>+><++[.]- 
 UInt8[0x00, 0x00] -> 0 
 UInt8[0x01, 0x00] -> 0 
 UInt8[0x00, 0x01] -> 1 
 UInt8[0x01, 0x01] -> 0 
** Tour n. 39 at 2019-08-28T04:19:16.221 
    2019-08-28T04:19:18.317 , Gen : 1 , BEST: 1023 , bonus = 0.0 
    2019-08-28T04:19:18.429 , Gen : 1 , BEST: 1023 , bonus = 0.0 
fitness : 1023 
 code : >,>-<[<[[[-<.].->>]<>--.]>,[+]]><>,.<>+<>+><++[.]- 
 UInt8[0x00, 0x00] -> 0 
 UInt8[0x01, 0x00] -> 0 
 UInt8[0x00, 0x01] -> 1 
 UInt8[0x01, 0x01] -> 0 
** Tour n. 40 at 2019-08-28T04:19:18.52 
    2019-08-28T04:19:20.618 , Gen : 1 , BEST: 1024 , bonus = 5846.0 
    2019-08-28T04:19:20.928 , Gen : 1 , BEST: 1024 , bonus = 1944.0 
fitness : 1024 
 code : >,>-<[,[[[-<.].->>]<>--.]>,[+]+.]+,.<>+<>+><+.[.]- 
 UInt8[0x00, 0x00] -> 0 
 UInt8[0x01, 0x00] -> 1 
 UInt8[0x00, 0x01] -> 1 
 UInt8[0x01, 0x01] -> 0 
fitness : 1024 
 code : >,>-<[,[[[-<.].->>]<>--.]>,[+]+.]+,.<>+<>+><+.[.]- 
 UInt8[0x00, 0x00] -> 0 
 UInt8[0x01, 0x00] -> 1 
 UInt8[0x00, 0x01] -> 1 
 UInt8[0x01, 0x01] -> 0 
fitness 1024 
dna : [0.218833, 0.721138, 0.138685, 0.442701, 0.0751576, 0.826254, 0.717134, 0.832683, 0.827629, 0.752721, 0.497027, 0.0870985, 0.50258, 0.909286, 0.593571, 0.43991, 0.207746, 0.204962, 0.929085, 0.0184703, 0.18279, 0.391752, 0.377384, 0.584625, 0.937778, 0.14053, 0.72096, 0.776172, 0.343367, 0.947489, 0.371949, 0.6129, 0.933202, 0.309502, 0.663166, 0.610537, 0.0771166, 0.212923, 0.280568, 0.0565243, 0.170026, 0.312379, 0.232518, 0.0917027, 0.347005, 0.531494, 0.774107, 0.62477, 0.991951, 0.441992] 
