targetFitness = 1280 
params : Main.GeneticAlgorithms.Types.GAParams(100, 100000, 100, 150, 0.7, 0.01, true, IOStream(<file ../Results/logLengthString.log>), 0.0, 1280.0, 0, 0) 
** Tour n. 1 at 2019-08-28T01:25:49.176 
    2019-08-28T01:26:00.086 , Gen : 1 , BEST: 1199 , bonus = 0.0 
    2019-08-28T01:26:10.069 , Gen : 1 , BEST: 1209 , bonus = 0.0 
    2019-08-28T01:26:16.368 , Gen : 1 , BEST: 1215 , bonus = 0.0 
    2019-08-28T01:26:23.156 , Gen : 1 , BEST: 1218 , bonus = 0.0 
    2019-08-28T01:26:30.003 , Gen : 1 , BEST: 1224 , bonus = 0.0 
fitness : 1224 
  code : +++++++<>++[.]>>>----,,>->>-[.,[[+,<.>,,<+-]-.[,>.-<]]<.-[.,-<[+>,-<<.++<<[,-+,>],,>.[>+,>[,]]-,,>>.  
 mt@po.box --> 9 
    2019-08-28T01:26:38.379 , Gen : 1 , BEST: 1226 , bonus = 0.0 
    2019-08-28T01:26:43.801 , Gen : 1 , BEST: 1227 , bonus = 0.0 
    2019-08-28T01:26:46.55 , Gen : 1 , BEST: 1229 , bonus = 9128.0 
    2019-08-28T01:26:48.894 , Gen : 1 , BEST: 1229 , bonus = 0.0 
    2019-08-28T01:26:51.42 , Gen : 1 , BEST: 1230 , bonus = 0.0 
fitness : 1230 
  code : +++++++++++<>++++[.>>>--[<,,>>->>-.]<[[++,.>,<<-]-..[<-<<],><.--<[+>,,,>><.+,+-+>.+[+,[[>-,-+,>>>..<  
 test --> 15 
    2019-08-28T01:26:57.124 , Gen : 1 , BEST: 1231 , bonus = 0.0 
    2019-08-28T01:26:59.733 , Gen : 1 , BEST: 1231 , bonus = 0.0 
fitness : 1231 
  code : ++++++++++++<>++++[.>>--[<,>>->-.,]<]<[[+,.,<+-<--.[<-<<],><.--<[+>,,,>><<.+,+-+>>.[+,[[>-,-+,>>>..<  
 corio@domain.com --> 16 
** Tour n. 2 at 2019-08-28T01:26:59.879 
    2019-08-28T01:27:05.591 , Gen : 1 , BEST: 1231 , bonus = 0.0 
    2019-08-28T01:27:05.824 , Gen : 1 , BEST: 1231 , bonus = 0.0 
fitness : 1231 
  code : ++++++++++++<>++++[.>>--[<,>>->-.,]<]<[[+,.,<+-<--.[<-<<],><.--<[+>,,,>><<.+,+-+>>.[+,[[>-,-+,>>>..<  
 mt@po.box --> 16 
** Tour n. 3 at 2019-08-28T01:27:05.952 
    2019-08-28T01:27:11.563 , Gen : 1 , BEST: 1231 , bonus = 0.0 
    2019-08-28T01:27:11.785 , Gen : 1 , BEST: 1231 , bonus = 0.0 
fitness : 1231 
  code : ++++++++++++<>++++[.>>--[<,>>->-.,]<]<[[+,.,<+-<--.[<-<<],><.--<[+>,,,>><<.+,+-+>>.[+,[[>-,-+,>>>..<  
 johnandjanesdfgjnsdkfjgjnrtkhreuitgure --> 16 
** Tour n. 4 at 2019-08-28T01:27:11.918 
    2019-08-28T01:27:18.139 , Gen : 1 , BEST: 1231 , bonus = 0.0 
    2019-08-28T01:27:18.409 , Gen : 1 , BEST: 1231 , bonus = 0.0 
fitness : 1231 
  code : ++++++++++++<>++++[.>>--[<,>>->-.,]<]<[[+,.,<+-<--.[<-<<],><.--<[+>,,,>><<.+,+-+>>.[+,[[>-,-+,>>>..<  
 corio@domain.com --> 16 
** Tour n. 5 at 2019-08-28T01:27:18.551 
    2019-08-28T01:27:24.208 , Gen : 1 , BEST: 1231 , bonus = 0.0 
    2019-08-28T01:27:24.368 , Gen : 1 , BEST: 1231 , bonus = 0.0 
fitness : 1231 
  code : ++++++++++++<>++++[.>>--[<,>>->-.,]<]<[[+,.,<+-<--.[<-<<],><.--<[+>,,,>><<.+,+-+>>.[+,[[>-,-+,>>>..<  
 unknown-string-goes-here --> 16 
** Tour n. 6 at 2019-08-28T01:27:24.483 
    2019-08-28T01:27:29.486 , Gen : 1 , BEST: 1231 , bonus = 0.0 
    2019-08-28T01:27:29.592 , Gen : 1 , BEST: 1231 , bonus = 0.0 
fitness : 1231 
  code : ++++++++++++<>++++[.>>--[<,>>->-.,]<]<[[+,.,<+-<--.[<-<<],><.--<[+>,,,>><<.+,+-+>>.[+,[[>-,-+,>>>..<  
 unknown-string-goes-here --> 16 
** Tour n. 7 at 2019-08-28T01:27:29.73 
    2019-08-28T01:27:34.864 , Gen : 1 , BEST: 1231 , bonus = 0.0 
    2019-08-28T01:27:35.173 , Gen : 1 , BEST: 1231 , bonus = 0.0 
fitness : 1231 
  code : ++++++++++++<>++++[.>>--[<,>>->-.,]<]<[[+,.,<+-<--.[<-<<],><.--<[+>,,,>><<.+,+-+>>.[+,[[>-,-+,>>>..<  
 test --> 16 
** Tour n. 8 at 2019-08-28T01:27:35.289 
    2019-08-28T01:27:40.347 , Gen : 1 , BEST: 1231 , bonus = 0.0 
    2019-08-28T01:27:40.51 , Gen : 1 , BEST: 1231 , bonus = 0.0 
fitness : 1231 
  code : ++++++++++++<>++++[.>>--[<,>>->-.,]<]<[[+,.,<+-<--.[<-<<],><.--<[+>,,,>><<.+,+-+>>.[+,[[>-,-+,>>>..<  
 test --> 16 
** Tour n. 9 at 2019-08-28T01:27:40.598 
    2019-08-28T01:27:45.144 , Gen : 1 , BEST: 1231 , bonus = 0.0 
    2019-08-28T01:27:45.291 , Gen : 1 , BEST: 1231 , bonus = 0.0 
fitness : 1231 
  code : ++++++++++++<>++++[.>>--[<,>>->-.,]<]<[[+,.,<+-<--.[<-<<],><.--<[+>,,,>><<.+,+-+>>.[+,[[>-,-+,>>>..<  
 test --> 16 
** Tour n. 10 at 2019-08-28T01:27:45.402 
    2019-08-28T01:27:49.549 , Gen : 1 , BEST: 1231 , bonus = 0.0 
    2019-08-28T01:27:49.707 , Gen : 1 , BEST: 1231 , bonus = 0.0 
fitness : 1231 
  code : ++++++++++++<>++++[.>>--[<,>>->-.,]<]<[[+,.,<+-<--.[<-<<],><.--<[+>,,,>><<.+,+-+>>.[+,[[>-,-+,>>>..<  
 johnandjanesdfgjnsdkfjgjnrtkhreuitgure --> 16 
** Tour n. 11 at 2019-08-28T01:27:49.853 
    2019-08-28T01:27:56.611 , Gen : 1 , BEST: 1231 , bonus = 0.0 
    2019-08-28T01:27:56.815 , Gen : 1 , BEST: 1231 , bonus = 0.0 
fitness : 1231 
  code : ++++++++++++<>++++[.>>--[<,>>->-.,]<]<[[+,.,<+-<--.[<-<<],><.--<[+>,,,>><<.+,+-+>>.[+,[[>-,-+,>>>..<  
 test --> 16 
** Tour n. 12 at 2019-08-28T01:27:56.966 
    2019-08-28T01:28:01.973 , Gen : 1 , BEST: 1231 , bonus = 0.0 
    2019-08-28T01:28:02.236 , Gen : 1 , BEST: 1231 , bonus = 0.0 
fitness : 1231 
  code : ++++++++++++<>++++[.>>--[<,>>->-.,]<]<[[+,.,<+-<--.[<-<<],><.--<[+>,,,>><<.+,+-+>>.[+,[[>-,-+,>>>..<  
 unknown-string-goes-here --> 16 
** Tour n. 13 at 2019-08-28T01:28:02.358 
    2019-08-28T01:28:07.933 , Gen : 1 , BEST: 1231 , bonus = 0.0 
    2019-08-28T01:28:08.196 , Gen : 1 , BEST: 1231 , bonus = 0.0 
fitness : 1231 
  code : ++++++++++++<>++++[.>>--[<,>>->-.,]<]<[[+,.,<+-<--.[<-<<],><.--<[+>,,,>><<.+,+-+>>.[+,[[>-,-+,>>>..<  
 johnandjanesdfgjnsdkfjgjnrtkhreuitgure --> 16 
** Tour n. 14 at 2019-08-28T01:28:08.346 
    2019-08-28T01:28:14.225 , Gen : 1 , BEST: 1231 , bonus = 0.0 
    2019-08-28T01:28:14.45 , Gen : 1 , BEST: 1231 , bonus = 0.0 
fitness : 1231 
  code : ++++++++++++<>++++[.>>--[<,>>->-.,]<]<[[+,.,<+-<--.[<-<<],><.--<[+>,,,>><<.+,+-+>>.[+,[[>-,-+,>>>..<  
 johnandjanesdfgjnsdkfjgjnrtkhreuitgure --> 16 
** Tour n. 15 at 2019-08-28T01:28:14.564 
    2019-08-28T01:28:19.337 , Gen : 1 , BEST: 1231 , bonus = 0.0 
    2019-08-28T01:28:19.491 , Gen : 1 , BEST: 1231 , bonus = 0.0 
fitness : 1231 
  code : ++++++++++++<>++++[.>>--[<,>>->-.,]<]<[[+,.,<+-<--.[<-<<],><.--<[+>,,,>><<.+,+-+>>.[+,[[>-,-+,>>>..<  
 unknown-string-goes-here --> 16 
** Tour n. 16 at 2019-08-28T01:28:19.585 
    2019-08-28T01:28:24.735 , Gen : 1 , BEST: 1231 , bonus = 0.0 
    2019-08-28T01:28:25.066 , Gen : 1 , BEST: 1231 , bonus = 0.0 
fitness : 1231 
  code : ++++++++++++<>++++[.>>--[<,>>->-.,]<]<[[+,.,<+-<--.[<-<<],><.--<[+>,,,>><<.+,+-+>>.[+,[[>-,-+,>>>..<  
 johnandjanesdfgjnsdkfjgjnrtkhreuitgure --> 16 
** Tour n. 17 at 2019-08-28T01:28:25.21 
    2019-08-28T01:28:30.627 , Gen : 1 , BEST: 1231 , bonus = 0.0 
    2019-08-28T01:28:30.856 , Gen : 1 , BEST: 1231 , bonus = 0.0 
fitness : 1231 
  code : ++++++++++++<>++++[.>>--[<,>>->-.,]<]<[[+,.,<+-<--.[<-<<],><.--<[+>,,,>><<.+,+-+>>.[+,[[>-,-+,>>>..<  
 test --> 16 
** Tour n. 18 at 2019-08-28T01:28:31 
    2019-08-28T01:28:37.216 , Gen : 1 , BEST: 1231 , bonus = 0.0 
    2019-08-28T01:28:37.398 , Gen : 1 , BEST: 1231 , bonus = 0.0 
fitness : 1231 
  code : ++++++++++++<>++++[.>>--[<,>>->-.,]<]<[[+,.,<+-<--.[<-<<],><.--<[+>,,,>><<.+,+-+>>.[+,[[>-,-+,>>>..<  
 johnandjanesdfgjnsdkfjgjnrtkhreuitgure --> 16 
** Tour n. 19 at 2019-08-28T01:28:37.512 
    2019-08-28T01:28:42.272 , Gen : 1 , BEST: 1231 , bonus = 0.0 
    2019-08-28T01:28:42.521 , Gen : 1 , BEST: 1231 , bonus = 0.0 
fitness : 1231 
  code : ++++++++++++<>++++[.>>--[<,>>->-.,]<]<[[+,.,<+-<--.[<-<<],><.--<[+>,,,>><<.+,+-+>>.[+,[[>-,-+,>>>..<  
 mt@po.box --> 16 
** Tour n. 20 at 2019-08-28T01:28:42.632 
    2019-08-28T01:28:48.253 , Gen : 1 , BEST: 1231 , bonus = 0.0 
    2019-08-28T01:28:48.607 , Gen : 1 , BEST: 1231 , bonus = 0.0 
fitness : 1231 
  code : ++++++++++++<>++++[.>>--[<,>>->-.,]<]<[[+,.,<+-<--.[<-<<],><.--<[+>,,,>><<.+,+-+>>.[+,[[>-,-+,>>>..<  
 corio@domain.com --> 16 
** Tour n. 21 at 2019-08-28T01:28:48.719 
    2019-08-28T01:28:53.934 , Gen : 1 , BEST: 1231 , bonus = 0.0 
    2019-08-28T01:28:54.112 , Gen : 1 , BEST: 1231 , bonus = 0.0 
fitness : 1231 
  code : ++++++++++++<>++++[.>>--[<,>>->-.,]<]<[[+,.,<+-<--.[<-<<],><.--<[+>,,,>><<.+,+-+>>.[+,[[>-,-+,>>>..<  
 unknown-string-goes-here --> 16 
** Tour n. 22 at 2019-08-28T01:28:54.21 
    2019-08-28T01:28:59.49 , Gen : 1 , BEST: 1231 , bonus = 0.0 
    2019-08-28T01:28:59.784 , Gen : 1 , BEST: 1231 , bonus = 0.0 
fitness : 1231 
  code : ++++++++++++<>++++[.>>--[<,>>->-.,]<]<[[+,.,<+-<--.[<-<<],><.--<[+>,,,>><<.+,+-+>>.[+,[[>-,-+,>>>..<  
 johnandjanesdfgjnsdkfjgjnrtkhreuitgure --> 16 
** Tour n. 23 at 2019-08-28T01:28:59.914 
    2019-08-28T01:29:04.821 , Gen : 1 , BEST: 1231 , bonus = 0.0 
    2019-08-28T01:29:04.94 , Gen : 1 , BEST: 1231 , bonus = 0.0 
fitness : 1231 
  code : ++++++++++++<>++++[.>>--[<,>>->-.,]<]<[[+,.,<+-<--.[<-<<],><.--<[+>,,,>><<.+,+-+>>.[+,[[>-,-+,>>>..<  
 unknown-string-goes-here --> 16 
** Tour n. 24 at 2019-08-28T01:29:05.063 
    2019-08-28T01:29:09.81 , Gen : 1 , BEST: 1231 , bonus = 0.0 
    2019-08-28T01:29:10.05 , Gen : 1 , BEST: 1231 , bonus = 0.0 
fitness : 1231 
  code : ++++++++++++<>++++[.>>--[<,>>->-.,]<]<[[+,.,<+-<--.[<-<<],><.--<[+>,,,>><<.+,+-+>>.[+,[[>-,-+,>>>..<  
 johnandjanesdfgjnsdkfjgjnrtkhreuitgure --> 16 
** Tour n. 25 at 2019-08-28T01:29:10.153 
    2019-08-28T01:29:15.633 , Gen : 1 , BEST: 1231 , bonus = 0.0 
    2019-08-28T01:29:15.771 , Gen : 1 , BEST: 1231 , bonus = 0.0 
fitness : 1231 
  code : ++++++++++++<>++++[.>>--[<,>>->-.,]<]<[[+,.,<+-<--.[<-<<],><.--<[+>,,,>><<.+,+-+>>.[+,[[>-,-+,>>>..<  
 johnandjanesdfgjnsdkfjgjnrtkhreuitgure --> 16 
** Tour n. 26 at 2019-08-28T01:29:15.906 
    2019-08-28T01:29:21.346 , Gen : 1 , BEST: 1231 , bonus = 0.0 
    2019-08-28T01:29:21.523 , Gen : 1 , BEST: 1231 , bonus = 0.0 
fitness : 1231 
  code : ++++++++++++<>++++[.>>--[<,>>->-.,]<]<[[+,.,<+-<--.[<-<<],><.--<[+>,,,>><<.+,+-+>>.[+,[[>-,-+,>>>..<  
 unknown-string-goes-here --> 16 
** Tour n. 27 at 2019-08-28T01:29:21.643 
    2019-08-28T01:29:26.553 , Gen : 1 , BEST: 1231 , bonus = 0.0 
    2019-08-28T01:29:26.759 , Gen : 1 , BEST: 1231 , bonus = 0.0 
fitness : 1231 
  code : ++++++++++++<>++++[.>>--[<,>>->-.,]<]<[[+,.,<+-<--.[<-<<],><.--<[+>,,,>><<.+,+-+>>.[+,[[>-,-+,>>>..<  
 test --> 16 
** Tour n. 28 at 2019-08-28T01:29:26.904 
    2019-08-28T01:29:33.27 , Gen : 1 , BEST: 1231 , bonus = 0.0 
    2019-08-28T01:29:33.509 , Gen : 1 , BEST: 1231 , bonus = 0.0 
fitness : 1231 
  code : ++++++++++++<>++++[.>>--[<,>>->-.,]<]<[[+,.,<+-<--.[<-<<],><.--<[+>,,,>><<.+,+-+>>.[+,[[>-,-+,>>>..<  
 test --> 16 
** Tour n. 29 at 2019-08-28T01:29:33.611 
    2019-08-28T01:29:38.467 , Gen : 1 , BEST: 1231 , bonus = 0.0 
    2019-08-28T01:29:38.8 , Gen : 1 , BEST: 1231 , bonus = 0.0 
fitness : 1231 
  code : ++++++++++++<>++++[.>>--[<,>>->-.,]<]<[[+,.,<+-<--.[<-<<],><.--<[+>,,,>><<.+,+-+>>.[+,[[>-,-+,>>>..<  
 corio@domain.com --> 16 
** Tour n. 30 at 2019-08-28T01:29:38.939 
    2019-08-28T01:29:44.57 , Gen : 1 , BEST: 1231 , bonus = 0.0 
    2019-08-28T01:29:44.896 , Gen : 1 , BEST: 1231 , bonus = 0.0 
fitness : 1231 
  code : ++++++++++++<>++++[.>>--[<,>>->-.,]<]<[[+,.,<+-<--.[<-<<],><.--<[+>,,,>><<.+,+-+>>.[+,[[>-,-+,>>>..<  
 mt@po.box --> 16 
** Tour n. 31 at 2019-08-28T01:29:45.035 
    2019-08-28T01:29:49.974 , Gen : 1 , BEST: 1231 , bonus = 0.0 
    2019-08-28T01:29:50.101 , Gen : 1 , BEST: 1231 , bonus = 0.0 
fitness : 1231 
  code : ++++++++++++<>++++[.>>--[<,>>->-.,]<]<[[+,.,<+-<--.[<-<<],><.--<[+>,,,>><<.+,+-+>>.[+,[[>-,-+,>>>..<  
 mt@po.box --> 16 
** Tour n. 32 at 2019-08-28T01:29:50.225 
    2019-08-28T01:29:55.287 , Gen : 1 , BEST: 1231 , bonus = 0.0 
    2019-08-28T01:29:55.504 , Gen : 1 , BEST: 1231 , bonus = 0.0 
fitness : 1231 
  code : ++++++++++++<>++++[.>>--[<,>>->-.,]<]<[[+,.,<+-<--.[<-<<],><.--<[+>,,,>><<.+,+-+>>.[+,[[>-,-+,>>>..<  
 unknown-string-goes-here --> 16 
** Tour n. 33 at 2019-08-28T01:29:55.615 
    2019-08-28T01:30:01.838 , Gen : 1 , BEST: 1231 , bonus = 0.0 
    2019-08-28T01:30:02.047 , Gen : 1 , BEST: 1231 , bonus = 0.0 
fitness : 1231 
  code : ++++++++++++<>++++[.>>--[<,>>->-.,]<]<[[+,.,<+-<--.[<-<<],><.--<[+>,,,>><<.+,+-+>>.[+,[[>-,-+,>>>..<  
 corio@domain.com --> 16 
** Tour n. 34 at 2019-08-28T01:30:02.165 
    2019-08-28T01:30:08.525 , Gen : 1 , BEST: 1231 , bonus = 0.0 
    2019-08-28T01:30:08.835 , Gen : 1 , BEST: 1231 , bonus = 0.0 
fitness : 1231 
  code : ++++++++++++<>++++[.>>--[<,>>->-.,]<]<[[+,.,<+-<--.[<-<<],><.--<[+>,,,>><<.+,+-+>>.[+,[[>-,-+,>>>..<  
 test --> 16 
** Tour n. 35 at 2019-08-28T01:30:08.945 
    2019-08-28T01:30:13.09 , Gen : 1 , BEST: 1231 , bonus = 0.0 
    2019-08-28T01:30:13.244 , Gen : 1 , BEST: 1231 , bonus = 0.0 
fitness : 1231 
  code : ++++++++++++<>++++[.>>--[<,>>->-.,]<]<[[+,.,<+-<--.[<-<<],><.--<[+>,,,>><<.+,+-+>>.[+,[[>-,-+,>>>..<  
 mt@po.box --> 16 
** Tour n. 36 at 2019-08-28T01:30:13.358 
    2019-08-28T01:30:19.238 , Gen : 1 , BEST: 1231 , bonus = 0.0 
    2019-08-28T01:30:19.491 , Gen : 1 , BEST: 1231 , bonus = 0.0 
fitness : 1231 
  code : ++++++++++++<>++++[.>>--[<,>>->-.,]<]<[[+,.,<+-<--.[<-<<],><.--<[+>,,,>><<.+,+-+>>.[+,[[>-,-+,>>>..<  
 test --> 16 
** Tour n. 37 at 2019-08-28T01:30:19.615 
    2019-08-28T01:30:25.368 , Gen : 1 , BEST: 1231 , bonus = 0.0 
    2019-08-28T01:30:25.745 , Gen : 1 , BEST: 1231 , bonus = 0.0 
fitness : 1231 
  code : ++++++++++++<>++++[.>>--[<,>>->-.,]<]<[[+,.,<+-<--.[<-<<],><.--<[+>,,,>><<.+,+-+>>.[+,[[>-,-+,>>>..<  
 test --> 16 
** Tour n. 38 at 2019-08-28T01:30:25.868 
    2019-08-28T01:30:32.242 , Gen : 1 , BEST: 1231 , bonus = 0.0 
    2019-08-28T01:30:32.41 , Gen : 1 , BEST: 1231 , bonus = 0.0 
fitness : 1231 
  code : ++++++++++++<>++++[.>>--[<,>>->-.,]<]<[[+,.,<+-<--.[<-<<],><.--<[+>,,,>><<.+,+-+>>.[+,[[>-,-+,>>>..<  
 unknown-string-goes-here --> 16 
** Tour n. 39 at 2019-08-28T01:30:32.551 
    2019-08-28T01:30:38.184 , Gen : 1 , BEST: 1231 , bonus = 0.0 
    2019-08-28T01:30:38.342 , Gen : 1 , BEST: 1231 , bonus = 0.0 
fitness : 1231 
  code : ++++++++++++<>++++[.>>--[<,>>->-.,]<]<[[+,.,<+-<--.[<-<<],><.--<[+>,,,>><<.+,+-+>>.[+,[[>-,-+,>>>..<  
 corio@domain.com --> 16 
** Tour n. 40 at 2019-08-28T01:30:38.46 
    2019-08-28T01:30:43.745 , Gen : 1 , BEST: 1231 , bonus = 0.0 
    2019-08-28T01:30:43.888 , Gen : 1 , BEST: 1231 , bonus = 0.0 
fitness : 1231 
  code : ++++++++++++<>++++[.>>--[<,>>->-.,]<]<[[+,.,<+-<--.[<-<<],><.--<[+>,,,>><<.+,+-+>>.[+,[[>-,-+,>>>..<  
 johnandjanesdfgjnsdkfjgjnrtkhreuitgure --> 16 
** Tour n. 41 at 2019-08-28T01:30:43.997 
    2019-08-28T01:30:49.338 , Gen : 1 , BEST: 1231 , bonus = 0.0 
    2019-08-28T01:30:49.522 , Gen : 1 , BEST: 1231 , bonus = 0.0 
fitness : 1231 
  code : ++++++++++++<>++++[.>>--[<,>>->-.,]<]<[[+,.,<+-<--.[<-<<],><.--<[+>,,,>><<.+,+-+>>.[+,[[>-,-+,>>>..<  
 corio@domain.com --> 16 
** Tour n. 42 at 2019-08-28T01:30:49.628 
    2019-08-28T01:30:55 , Gen : 1 , BEST: 1231 , bonus = 0.0 
    2019-08-28T01:30:55.31 , Gen : 1 , BEST: 1231 , bonus = 0.0 
fitness : 1231 
  code : ++++++++++++<>++++[.>>--[<,>>->-.,]<]<[[+,.,<+-<--.[<-<<],><.--<[+>,,,>><<.+,+-+>>.[+,[[>-,-+,>>>..<  
 test --> 16 
** Tour n. 43 at 2019-08-28T01:30:55.41 
    2019-08-28T01:31:01.087 , Gen : 1 , BEST: 1231 , bonus = 0.0 
    2019-08-28T01:31:01.429 , Gen : 1 , BEST: 1231 , bonus = 0.0 
fitness : 1231 
  code : ++++++++++++<>++++[.>>--[<,>>->-.,]<]<[[+,.,<+-<--.[<-<<],><.--<[+>,,,>><<.+,+-+>>.[+,[[>-,-+,>>>..<  
 test --> 16 
** Tour n. 44 at 2019-08-28T01:31:01.534 
    2019-08-28T01:31:06.5 , Gen : 1 , BEST: 1231 , bonus = 0.0 
    2019-08-28T01:31:06.721 , Gen : 1 , BEST: 1231 , bonus = 0.0 
fitness : 1231 
  code : ++++++++++++<>++++[.>>--[<,>>->-.,]<]<[[+,.,<+-<--.[<-<<],><.--<[+>,,,>><<.+,+-+>>.[+,[[>-,-+,>>>..<  
 mt@po.box --> 16 
** Tour n. 45 at 2019-08-28T01:31:06.83 
    2019-08-28T01:31:12.913 , Gen : 1 , BEST: 1231 , bonus = 0.0 
    2019-08-28T01:31:13.168 , Gen : 1 , BEST: 1231 , bonus = 0.0 
fitness : 1231 
  code : ++++++++++++<>++++[.>>--[<,>>->-.,]<]<[[+,.,<+-<--.[<-<<],><.--<[+>,,,>><<.+,+-+>>.[+,[[>-,-+,>>>..<  
 johnandjanesdfgjnsdkfjgjnrtkhreuitgure --> 16 
** Tour n. 46 at 2019-08-28T01:31:13.27 
    2019-08-28T01:31:18.311 , Gen : 1 , BEST: 1231 , bonus = 0.0 
    2019-08-28T01:31:18.662 , Gen : 1 , BEST: 1231 , bonus = 0.0 
fitness : 1231 
  code : ++++++++++++<>++++[.>>--[<,>>->-.,]<]<[[+,.,<+-<--.[<-<<],><.--<[+>,,,>><<.+,+-+>>.[+,[[>-,-+,>>>..<  
 unknown-string-goes-here --> 16 
** Tour n. 47 at 2019-08-28T01:31:18.761 
    2019-08-28T01:31:24.247 , Gen : 1 , BEST: 1231 , bonus = 0.0 
    2019-08-28T01:31:24.501 , Gen : 1 , BEST: 1231 , bonus = 0.0 
fitness : 1231 
  code : ++++++++++++<>++++[.>>--[<,>>->-.,]<]<[[+,.,<+-<--.[<-<<],><.--<[+>,,,>><<.+,+-+>>.[+,[[>-,-+,>>>..<  
 corio@domain.com --> 16 
** Tour n. 48 at 2019-08-28T01:31:24.602 
    2019-08-28T01:31:29.755 , Gen : 1 , BEST: 1231 , bonus = 0.0 
    2019-08-28T01:31:29.874 , Gen : 1 , BEST: 1231 , bonus = 0.0 
fitness : 1231 
  code : ++++++++++++<>++++[.>>--[<,>>->-.,]<]<[[+,.,<+-<--.[<-<<],><.--<[+>,,,>><<.+,+-+>>.[+,[[>-,-+,>>>..<  
 corio@domain.com --> 16 
** Tour n. 49 at 2019-08-28T01:31:29.985 
    2019-08-28T01:31:36.465 , Gen : 1 , BEST: 1231 , bonus = 0.0 
    2019-08-28T01:31:36.744 , Gen : 1 , BEST: 1231 , bonus = 0.0 
fitness : 1231 
  code : ++++++++++++<>++++[.>>--[<,>>->-.,]<]<[[+,.,<+-<--.[<-<<],><.--<[+>,,,>><<.+,+-+>>.[+,[[>-,-+,>>>..<  
 unknown-string-goes-here --> 16 
** Tour n. 50 at 2019-08-28T01:31:36.851 
    2019-08-28T01:31:42.961 , Gen : 1 , BEST: 1231 , bonus = 0.0 
    2019-08-28T01:31:43.228 , Gen : 1 , BEST: 1231 , bonus = 0.0 
fitness : 1231 
  code : ++++++++++++<>++++[.>>--[<,>>->-.,]<]<[[+,.,<+-<--.[<-<<],><.--<[+>,,,>><<.+,+-+>>.[+,[[>-,-+,>>>..<  
 test --> 16 
** Tour n. 51 at 2019-08-28T01:31:43.4 
    2019-08-28T01:31:49.849 , Gen : 1 , BEST: 1231 , bonus = 0.0 
    2019-08-28T01:31:50.125 , Gen : 1 , BEST: 1231 , bonus = 0.0 
fitness : 1231 
  code : ++++++++++++<>++++[.>>--[<,>>->-.,]<]<[[+,.,<+-<--.[<-<<],><.--<[+>,,,>><<.+,+-+>>.[+,[[>-,-+,>>>..<  
 corio@domain.com --> 16 
** Tour n. 52 at 2019-08-28T01:31:50.265 
    2019-08-28T01:31:57.927 , Gen : 1 , BEST: 1231 , bonus = 0.0 
    2019-08-28T01:31:58.273 , Gen : 1 , BEST: 1231 , bonus = 0.0 
fitness : 1231 
  code : ++++++++++++<>++++[.>>--[<,>>->-.,]<]<[[+,.,<+-<--.[<-<<],><.--<[+>,,,>><<.+,+-+>>.[+,[[>-,-+,>>>..<  
 mt@po.box --> 16 
** Tour n. 53 at 2019-08-28T01:31:58.411 
    2019-08-28T01:32:03.57 , Gen : 1 , BEST: 1231 , bonus = 0.0 
    2019-08-28T01:32:04.048 , Gen : 1 , BEST: 1231 , bonus = 0.0 
fitness : 1231 
  code : ++++++++++++<>++++[.>>--[<,>>->-.,]<]<[[+,.,<+-<--.[<-<<],><.--<[+>,,,>><<.+,+-+>>.[+,[[>-,-+,>>>..<  
 test --> 16 
** Tour n. 54 at 2019-08-28T01:32:04.172 
    2019-08-28T01:32:10.592 , Gen : 1 , BEST: 1231 , bonus = 0.0 
    2019-08-28T01:32:10.908 , Gen : 1 , BEST: 1231 , bonus = 0.0 
fitness : 1231 
  code : ++++++++++++<>++++[.>>--[<,>>->-.,]<]<[[+,.,<+-<--.[<-<<],><.--<[+>,,,>><<.+,+-+>>.[+,[[>-,-+,>>>..<  
 mt@po.box --> 16 
** Tour n. 55 at 2019-08-28T01:32:10.996 
    2019-08-28T01:32:16.174 , Gen : 1 , BEST: 1231 , bonus = 0.0 
    2019-08-28T01:32:16.469 , Gen : 1 , BEST: 1231 , bonus = 0.0 
fitness : 1231 
  code : ++++++++++++<>++++[.>>--[<,>>->-.,]<]<[[+,.,<+-<--.[<-<<],><.--<[+>,,,>><<.+,+-+>>.[+,[[>-,-+,>>>..<  
 corio@domain.com --> 16 
** Tour n. 56 at 2019-08-28T01:32:16.596 
    2019-08-28T01:32:22.323 , Gen : 1 , BEST: 1231 , bonus = 0.0 
    2019-08-28T01:32:22.522 , Gen : 1 , BEST: 1231 , bonus = 0.0 
fitness : 1231 
  code : ++++++++++++<>++++[.>>--[<,>>->-.,]<]<[[+,.,<+-<--.[<-<<],><.--<[+>,,,>><<.+,+-+>>.[+,[[>-,-+,>>>..<  
 corio@domain.com --> 16 
** Tour n. 57 at 2019-08-28T01:32:22.627 
    2019-08-28T01:32:28.856 , Gen : 1 , BEST: 1231 , bonus = 0.0 
    2019-08-28T01:32:29.206 , Gen : 1 , BEST: 1231 , bonus = 0.0 
fitness : 1231 
  code : ++++++++++++<>++++[.>>--[<,>>->-.,]<]<[[+,.,<+-<--.[<-<<],><.--<[+>,,,>><<.+,+-+>>.[+,[[>-,-+,>>>..<  
 corio@domain.com --> 16 
** Tour n. 58 at 2019-08-28T01:32:29.358 
    2019-08-28T01:32:35.113 , Gen : 1 , BEST: 1231 , bonus = 0.0 
    2019-08-28T01:32:35.386 , Gen : 1 , BEST: 1231 , bonus = 0.0 
fitness : 1231 
  code : ++++++++++++<>++++[.>>--[<,>>->-.,]<]<[[+,.,<+-<--.[<-<<],><.--<[+>,,,>><<.+,+-+>>.[+,[[>-,-+,>>>..<  
 unknown-string-goes-here --> 16 
** Tour n. 59 at 2019-08-28T01:32:35.521 
    2019-08-28T01:32:39.878 , Gen : 1 , BEST: 1231 , bonus = 0.0 
    2019-08-28T01:32:40.285 , Gen : 1 , BEST: 1231 , bonus = 0.0 
fitness : 1231 
  code : ++++++++++++<>++++[.>>--[<,>>->-.,]<]<[[+,.,<+-<--.[<-<<],><.--<[+>,,,>><<.+,+-+>>.[+,[[>-,-+,>>>..<  
 test --> 16 
** Tour n. 60 at 2019-08-28T01:32:40.384 
    2019-08-28T01:32:45.501 , Gen : 1 , BEST: 1231 , bonus = 0.0 
    2019-08-28T01:32:45.716 , Gen : 1 , BEST: 1231 , bonus = 0.0 
fitness : 1231 
  code : ++++++++++++<>++++[.>>--[<,>>->-.,]<]<[[+,.,<+-<--.[<-<<],><.--<[+>,,,>><<.+,+-+>>.[+,[[>-,-+,>>>..<  
 mt@po.box --> 16 
** Tour n. 61 at 2019-08-28T01:32:45.83 
    2019-08-28T01:32:50.804 , Gen : 1 , BEST: 1231 , bonus = 0.0 
    2019-08-28T01:32:51.019 , Gen : 1 , BEST: 1231 , bonus = 0.0 
fitness : 1231 
  code : ++++++++++++<>++++[.>>--[<,>>->-.,]<]<[[+,.,<+-<--.[<-<<],><.--<[+>,,,>><<.+,+-+>>.[+,[[>-,-+,>>>..<  
 corio@domain.com --> 16 
** Tour n. 62 at 2019-08-28T01:32:51.117 
    2019-08-28T01:32:56.73 , Gen : 1 , BEST: 1231 , bonus = 0.0 
    2019-08-28T01:32:57.147 , Gen : 1 , BEST: 1231 , bonus = 0.0 
fitness : 1231 
  code : ++++++++++++<>++++[.>>--[<,>>->-.,]<]<[[+,.,<+-<--.[<-<<],><.--<[+>,,,>><<.+,+-+>>.[+,[[>-,-+,>>>..<  
 johnandjanesdfgjnsdkfjgjnrtkhreuitgure --> 16 
** Tour n. 63 at 2019-08-28T01:32:57.285 
    2019-08-28T01:33:02.407 , Gen : 1 , BEST: 1231 , bonus = 0.0 
    2019-08-28T01:33:02.534 , Gen : 1 , BEST: 1231 , bonus = 0.0 
fitness : 1231 
  code : ++++++++++++<>++++[.>>--[<,>>->-.,]<]<[[+,.,<+-<--.[<-<<],><.--<[+>,,,>><<.+,+-+>>.[+,[[>-,-+,>>>..<  
 unknown-string-goes-here --> 16 
** Tour n. 64 at 2019-08-28T01:33:02.616 
    2019-08-28T01:33:08.392 , Gen : 1 , BEST: 1231 , bonus = 0.0 
    2019-08-28T01:33:08.521 , Gen : 1 , BEST: 1231 , bonus = 0.0 
fitness : 1231 
  code : ++++++++++++<>++++[.>>--[<,>>->-.,]<]<[[+,.,<+-<--.[<-<<],><.--<[+>,,,>><<.+,+-+>>.[+,[[>-,-+,>>>..<  
 johnandjanesdfgjnsdkfjgjnrtkhreuitgure --> 16 
** Tour n. 65 at 2019-08-28T01:33:08.635 
    2019-08-28T01:33:13.32 , Gen : 1 , BEST: 1231 , bonus = 0.0 
    2019-08-28T01:33:13.457 , Gen : 1 , BEST: 1231 , bonus = 0.0 
fitness : 1231 
  code : ++++++++++++<>++++[.>>--[<,>>->-.,]<]<[[+,.,<+-<--.[<-<<],><.--<[+>,,,>><<.+,+-+>>.[+,[[>-,-+,>>>..<  
 test --> 16 
** Tour n. 66 at 2019-08-28T01:33:13.614 
    2019-08-28T01:33:18.99 , Gen : 1 , BEST: 1231 , bonus = 0.0 
    2019-08-28T01:33:19.124 , Gen : 1 , BEST: 1231 , bonus = 0.0 
fitness : 1231 
  code : ++++++++++++<>++++[.>>--[<,>>->-.,]<]<[[+,.,<+-<--.[<-<<],><.--<[+>,,,>><<.+,+-+>>.[+,[[>-,-+,>>>..<  
 corio@domain.com --> 16 
** Tour n. 67 at 2019-08-28T01:33:19.248 
    2019-08-28T01:33:25.39 , Gen : 1 , BEST: 1231 , bonus = 0.0 
    2019-08-28T01:33:25.867 , Gen : 1 , BEST: 1231 , bonus = 0.0 
fitness : 1231 
  code : ++++++++++++<>++++[.>>--[<,>>->-.,]<]<[[+,.,<+-<--.[<-<<],><.--<[+>,,,>><<.+,+-+>>.[+,[[>-,-+,>>>..<  
 mt@po.box --> 16 
** Tour n. 68 at 2019-08-28T01:33:25.981 
    2019-08-28T01:33:31.491 , Gen : 1 , BEST: 1231 , bonus = 0.0 
    2019-08-28T01:33:31.592 , Gen : 1 , BEST: 1231 , bonus = 0.0 
fitness : 1231 
  code : ++++++++++++<>++++[.>>--[<,>>->-.,]<]<[[+,.,<+-<--.[<-<<],><.--<[+>,,,>><<.+,+-+>>.[+,[[>-,-+,>>>..<  
 mt@po.box --> 16 
** Tour n. 69 at 2019-08-28T01:33:31.69 
    2019-08-28T01:33:37.429 , Gen : 1 , BEST: 1231 , bonus = 0.0 
    2019-08-28T01:33:37.652 , Gen : 1 , BEST: 1231 , bonus = 0.0 
fitness : 1231 
  code : ++++++++++++<>++++[.>>--[<,>>->-.,]<]<[[+,.,<+-<--.[<-<<],><.--<[+>,,,>><<.+,+-+>>.[+,[[>-,-+,>>>..<  
 corio@domain.com --> 16 
** Tour n. 70 at 2019-08-28T01:33:37.771 
    2019-08-28T01:33:43.238 , Gen : 1 , BEST: 1231 , bonus = 0.0 
    2019-08-28T01:33:43.435 , Gen : 1 , BEST: 1231 , bonus = 0.0 
fitness : 1231 
  code : ++++++++++++<>++++[.>>--[<,>>->-.,]<]<[[+,.,<+-<--.[<-<<],><.--<[+>,,,>><<.+,+-+>>.[+,[[>-,-+,>>>..<  
 mt@po.box --> 16 
** Tour n. 71 at 2019-08-28T01:33:43.568 
    2019-08-28T01:33:48.64 , Gen : 1 , BEST: 1231 , bonus = 0.0 
    2019-08-28T01:33:48.917 , Gen : 1 , BEST: 1231 , bonus = 0.0 
fitness : 1231 
  code : ++++++++++++<>++++[.>>--[<,>>->-.,]<]<[[+,.,<+-<--.[<-<<],><.--<[+>,,,>><<.+,+-+>>.[+,[[>-,-+,>>>..<  
 unknown-string-goes-here --> 16 
** Tour n. 72 at 2019-08-28T01:33:49.038 
    2019-08-28T01:33:55.611 , Gen : 1 , BEST: 1231 , bonus = 0.0 
    2019-08-28T01:33:55.823 , Gen : 1 , BEST: 1231 , bonus = 0.0 
fitness : 1231 
  code : ++++++++++++<>++++[.>>--[<,>>->-.,]<]<[[+,.,<+-<--.[<-<<],><.--<[+>,,,>><<.+,+-+>>.[+,[[>-,-+,>>>..<  
 johnandjanesdfgjnsdkfjgjnrtkhreuitgure --> 16 
** Tour n. 73 at 2019-08-28T01:33:55.951 
    2019-08-28T01:34:01.522 , Gen : 1 , BEST: 1231 , bonus = 0.0 
    2019-08-28T01:34:01.684 , Gen : 1 , BEST: 1231 , bonus = 0.0 
fitness : 1231 
  code : ++++++++++++<>++++[.>>--[<,>>->-.,]<]<[[+,.,<+-<--.[<-<<],><.--<[+>,,,>><<.+,+-+>>.[+,[[>-,-+,>>>..<  
 test --> 16 
** Tour n. 74 at 2019-08-28T01:34:01.836 
    2019-08-28T01:34:06.517 , Gen : 1 , BEST: 1231 , bonus = 0.0 
    2019-08-28T01:34:06.688 , Gen : 1 , BEST: 1231 , bonus = 0.0 
fitness : 1231 
  code : ++++++++++++<>++++[.>>--[<,>>->-.,]<]<[[+,.,<+-<--.[<-<<],><.--<[+>,,,>><<.+,+-+>>.[+,[[>-,-+,>>>..<  
 johnandjanesdfgjnsdkfjgjnrtkhreuitgure --> 16 
** Tour n. 75 at 2019-08-28T01:34:06.838 
    2019-08-28T01:34:12.021 , Gen : 1 , BEST: 1231 , bonus = 0.0 
    2019-08-28T01:34:12.354 , Gen : 1 , BEST: 1231 , bonus = 0.0 
fitness : 1231 
  code : ++++++++++++<>++++[.>>--[<,>>->-.,]<]<[[+,.,<+-<--.[<-<<],><.--<[+>,,,>><<.+,+-+>>.[+,[[>-,-+,>>>..<  
 mt@po.box --> 16 
** Tour n. 76 at 2019-08-28T01:34:12.463 
    2019-08-28T01:34:16.966 , Gen : 1 , BEST: 1231 , bonus = 0.0 
    2019-08-28T01:34:17.089 , Gen : 1 , BEST: 1231 , bonus = 0.0 
fitness : 1231 
  code : ++++++++++++<>++++[.>>--[<,>>->-.,]<]<[[+,.,<+-<--.[<-<<],><.--<[+>,,,>><<.+,+-+>>.[+,[[>-,-+,>>>..<  
 mt@po.box --> 16 
** Tour n. 77 at 2019-08-28T01:34:17.202 
    2019-08-28T01:34:23.278 , Gen : 1 , BEST: 1231 , bonus = 0.0 
    2019-08-28T01:34:23.535 , Gen : 1 , BEST: 1231 , bonus = 0.0 
fitness : 1231 
  code : ++++++++++++<>++++[.>>--[<,>>->-.,]<]<[[+,.,<+-<--.[<-<<],><.--<[+>,,,>><<.+,+-+>>.[+,[[>-,-+,>>>..<  
 johnandjanesdfgjnsdkfjgjnrtkhreuitgure --> 16 
** Tour n. 78 at 2019-08-28T01:34:23.654 
    2019-08-28T01:34:29.475 , Gen : 1 , BEST: 1231 , bonus = 0.0 
    2019-08-28T01:34:29.719 , Gen : 1 , BEST: 1231 , bonus = 0.0 
fitness : 1231 
  code : ++++++++++++<>++++[.>>--[<,>>->-.,]<]<[[+,.,<+-<--.[<-<<],><.--<[+>,,,>><<.+,+-+>>.[+,[[>-,-+,>>>..<  
 test --> 16 
** Tour n. 79 at 2019-08-28T01:34:29.865 
    2019-08-28T01:34:36.128 , Gen : 1 , BEST: 1231 , bonus = 0.0 
    2019-08-28T01:34:36.34 , Gen : 1 , BEST: 1231 , bonus = 0.0 
fitness : 1231 
  code : ++++++++++++<>++++[.>>--[<,>>->-.,]<]<[[+,.,<+-<--.[<-<<],><.--<[+>,,,>><<.+,+-+>>.[+,[[>-,-+,>>>..<  
 unknown-string-goes-here --> 16 
** Tour n. 80 at 2019-08-28T01:34:36.465 
    2019-08-28T01:34:41.128 , Gen : 1 , BEST: 1231 , bonus = 0.0 
    2019-08-28T01:34:41.3 , Gen : 1 , BEST: 1231 , bonus = 0.0 
fitness : 1231 
  code : ++++++++++++<>++++[.>>--[<,>>->-.,]<]<[[+,.,<+-<--.[<-<<],><.--<[+>,,,>><<.+,+-+>>.[+,[[>-,-+,>>>..<  
 unknown-string-goes-here --> 16 
** Tour n. 81 at 2019-08-28T01:34:41.418 
    2019-08-28T01:34:46.886 , Gen : 1 , BEST: 1231 , bonus = 0.0 
    2019-08-28T01:34:47.046 , Gen : 1 , BEST: 1231 , bonus = 0.0 
fitness : 1231 
  code : ++++++++++++<>++++[.>>--[<,>>->-.,]<]<[[+,.,<+-<--.[<-<<],><.--<[+>,,,>><<.+,+-+>>.[+,[[>-,-+,>>>..<  
 unknown-string-goes-here --> 16 
** Tour n. 82 at 2019-08-28T01:34:47.176 
    2019-08-28T01:34:52.427 , Gen : 1 , BEST: 1231 , bonus = 0.0 
    2019-08-28T01:34:52.651 , Gen : 1 , BEST: 1231 , bonus = 0.0 
fitness : 1231 
  code : ++++++++++++<>++++[.>>--[<,>>->-.,]<]<[[+,.,<+-<--.[<-<<],><.--<[+>,,,>><<.+,+-+>>.[+,[[>-,-+,>>>..<  
 mt@po.box --> 16 
** Tour n. 83 at 2019-08-28T01:34:52.732 
    2019-08-28T01:34:58.532 , Gen : 1 , BEST: 1231 , bonus = 0.0 
    2019-08-28T01:34:58.768 , Gen : 1 , BEST: 1231 , bonus = 0.0 
fitness : 1231 
  code : ++++++++++++<>++++[.>>--[<,>>->-.,]<]<[[+,.,<+-<--.[<-<<],><.--<[+>,,,>><<.+,+-+>>.[+,[[>-,-+,>>>..<  
 johnandjanesdfgjnsdkfjgjnrtkhreuitgure --> 16 
** Tour n. 84 at 2019-08-28T01:34:58.906 
    2019-08-28T01:35:04.335 , Gen : 1 , BEST: 1231 , bonus = 0.0 
    2019-08-28T01:35:04.445 , Gen : 1 , BEST: 1231 , bonus = 0.0 
fitness : 1231 
  code : ++++++++++++<>++++[.>>--[<,>>->-.,]<]<[[+,.,<+-<--.[<-<<],><.--<[+>,,,>><<.+,+-+>>.[+,[[>-,-+,>>>..<  
 mt@po.box --> 16 
** Tour n. 85 at 2019-08-28T01:35:04.586 
    2019-08-28T01:35:10.309 , Gen : 1 , BEST: 1231 , bonus = 0.0 
    2019-08-28T01:35:10.701 , Gen : 1 , BEST: 1231 , bonus = 0.0 
fitness : 1231 
  code : ++++++++++++<>++++[.>>--[<,>>->-.,]<]<[[+,.,<+-<--.[<-<<],><.--<[+>,,,>><<.+,+-+>>.[+,[[>-,-+,>>>..<  
 unknown-string-goes-here --> 16 
** Tour n. 86 at 2019-08-28T01:35:10.816 
    2019-08-28T01:35:15.636 , Gen : 1 , BEST: 1231 , bonus = 0.0 
    2019-08-28T01:35:15.763 , Gen : 1 , BEST: 1231 , bonus = 0.0 
fitness : 1231 
  code : ++++++++++++<>++++[.>>--[<,>>->-.,]<]<[[+,.,<+-<--.[<-<<],><.--<[+>,,,>><<.+,+-+>>.[+,[[>-,-+,>>>..<  
 corio@domain.com --> 16 
** Tour n. 87 at 2019-08-28T01:35:15.905 
    2019-08-28T01:35:21.916 , Gen : 1 , BEST: 1231 , bonus = 0.0 
    2019-08-28T01:35:22.095 , Gen : 1 , BEST: 1231 , bonus = 0.0 
fitness : 1231 
  code : ++++++++++++<>++++[.>>--[<,>>->-.,]<]<[[+,.,<+-<--.[<-<<],><.--<[+>,,,>><<.+,+-+>>.[+,[[>-,-+,>>>..<  
 johnandjanesdfgjnsdkfjgjnrtkhreuitgure --> 16 
** Tour n. 88 at 2019-08-28T01:35:22.2 
    2019-08-28T01:35:27.075 , Gen : 1 , BEST: 1231 , bonus = 0.0 
    2019-08-28T01:35:27.363 , Gen : 1 , BEST: 1231 , bonus = 0.0 
fitness : 1231 
  code : ++++++++++++<>++++[.>>--[<,>>->-.,]<]<[[+,.,<+-<--.[<-<<],><.--<[+>,,,>><<.+,+-+>>.[+,[[>-,-+,>>>..<  
 unknown-string-goes-here --> 16 
** Tour n. 89 at 2019-08-28T01:35:27.489 
    2019-08-28T01:35:32.645 , Gen : 1 , BEST: 1231 , bonus = 0.0 
    2019-08-28T01:35:32.818 , Gen : 1 , BEST: 1231 , bonus = 0.0 
fitness : 1231 
  code : ++++++++++++<>++++[.>>--[<,>>->-.,]<]<[[+,.,<+-<--.[<-<<],><.--<[+>,,,>><<.+,+-+>>.[+,[[>-,-+,>>>..<  
 mt@po.box --> 16 
** Tour n. 90 at 2019-08-28T01:35:32.919 
    2019-08-28T01:35:38.96 , Gen : 1 , BEST: 1231 , bonus = 0.0 
    2019-08-28T01:35:39.329 , Gen : 1 , BEST: 1231 , bonus = 0.0 
fitness : 1231 
  code : ++++++++++++<>++++[.>>--[<,>>->-.,]<]<[[+,.,<+-<--.[<-<<],><.--<[+>,,,>><<.+,+-+>>.[+,[[>-,-+,>>>..<  
 corio@domain.com --> 16 
** Tour n. 91 at 2019-08-28T01:35:39.463 
    2019-08-28T01:35:46.702 , Gen : 1 , BEST: 1231 , bonus = 0.0 
    2019-08-28T01:35:47.131 , Gen : 1 , BEST: 1231 , bonus = 0.0 
fitness : 1231 
  code : ++++++++++++<>++++[.>>--[<,>>->-.,]<]<[[+,.,<+-<--.[<-<<],><.--<[+>,,,>><<.+,+-+>>.[+,[[>-,-+,>>>..<  
 johnandjanesdfgjnsdkfjgjnrtkhreuitgure --> 16 
** Tour n. 92 at 2019-08-28T01:35:47.263 
    2019-08-28T01:35:52.414 , Gen : 1 , BEST: 1231 , bonus = 0.0 
    2019-08-28T01:35:52.707 , Gen : 1 , BEST: 1231 , bonus = 0.0 
fitness : 1231 
  code : ++++++++++++<>++++[.>>--[<,>>->-.,]<]<[[+,.,<+-<--.[<-<<],><.--<[+>,,,>><<.+,+-+>>.[+,[[>-,-+,>>>..<  
 test --> 16 
** Tour n. 93 at 2019-08-28T01:35:52.843 
    2019-08-28T01:35:59.148 , Gen : 1 , BEST: 1231 , bonus = 0.0 
    2019-08-28T01:35:59.547 , Gen : 1 , BEST: 1231 , bonus = 0.0 
fitness : 1231 
  code : ++++++++++++<>++++[.>>--[<,>>->-.,]<]<[[+,.,<+-<--.[<-<<],><.--<[+>,,,>><<.+,+-+>>.[+,[[>-,-+,>>>..<  
 unknown-string-goes-here --> 16 
** Tour n. 94 at 2019-08-28T01:35:59.686 
    2019-08-28T01:36:05.545 , Gen : 1 , BEST: 1231 , bonus = 0.0 
    2019-08-28T01:36:05.754 , Gen : 1 , BEST: 1231 , bonus = 0.0 
fitness : 1231 
  code : ++++++++++++<>++++[.>>--[<,>>->-.,]<]<[[+,.,<+-<--.[<-<<],><.--<[+>,,,>><<.+,+-+>>.[+,[[>-,-+,>>>..<  
 test --> 16 
** Tour n. 95 at 2019-08-28T01:36:05.885 
    2019-08-28T01:36:11.038 , Gen : 1 , BEST: 1231 , bonus = 0.0 
    2019-08-28T01:36:11.181 , Gen : 1 , BEST: 1231 , bonus = 0.0 
fitness : 1231 
  code : ++++++++++++<>++++[.>>--[<,>>->-.,]<]<[[+,.,<+-<--.[<-<<],><.--<[+>,,,>><<.+,+-+>>.[+,[[>-,-+,>>>..<  
 johnandjanesdfgjnsdkfjgjnrtkhreuitgure --> 16 
** Tour n. 96 at 2019-08-28T01:36:11.31 
    2019-08-28T01:36:16.509 , Gen : 1 , BEST: 1231 , bonus = 0.0 
    2019-08-28T01:36:16.699 , Gen : 1 , BEST: 1231 , bonus = 0.0 
fitness : 1231 
  code : ++++++++++++<>++++[.>>--[<,>>->-.,]<]<[[+,.,<+-<--.[<-<<],><.--<[+>,,,>><<.+,+-+>>.[+,[[>-,-+,>>>..<  
 test --> 16 
** Tour n. 97 at 2019-08-28T01:36:16.817 
    2019-08-28T01:36:22.474 , Gen : 1 , BEST: 1231 , bonus = 0.0 
    2019-08-28T01:36:22.628 , Gen : 1 , BEST: 1231 , bonus = 0.0 
fitness : 1231 
  code : ++++++++++++<>++++[.>>--[<,>>->-.,]<]<[[+,.,<+-<--.[<-<<],><.--<[+>,,,>><<.+,+-+>>.[+,[[>-,-+,>>>..<  
 corio@domain.com --> 16 
** Tour n. 98 at 2019-08-28T01:36:22.746 
    2019-08-28T01:36:28.363 , Gen : 1 , BEST: 1231 , bonus = 0.0 
    2019-08-28T01:36:28.577 , Gen : 1 , BEST: 1231 , bonus = 0.0 
fitness : 1231 
  code : ++++++++++++<>++++[.>>--[<,>>->-.,]<]<[[+,.,<+-<--.[<-<<],><.--<[+>,,,>><<.+,+-+>>.[+,[[>-,-+,>>>..<  
 mt@po.box --> 16 
** Tour n. 99 at 2019-08-28T01:36:28.728 
    2019-08-28T01:36:34.704 , Gen : 1 , BEST: 1231 , bonus = 0.0 
    2019-08-28T01:36:34.955 , Gen : 1 , BEST: 1231 , bonus = 0.0 
fitness : 1231 
  code : ++++++++++++<>++++[.>>--[<,>>->-.,]<]<[[+,.,<+-<--.[<-<<],><.--<[+>,,,>><<.+,+-+>>.[+,[[>-,-+,>>>..<  
 corio@domain.com --> 16 
** Tour n. 100 at 2019-08-28T01:36:35.066 
    2019-08-28T01:36:41.843 , Gen : 1 , BEST: 1231 , bonus = 0.0 
    2019-08-28T01:36:42 , Gen : 1 , BEST: 1231 , bonus = 0.0 
fitness : 1231 
  code : ++++++++++++<>++++[.>>--[<,>>->-.,]<]<[[+,.,<+-<--.[<-<<],><.--<[+>,,,>><<.+,+-+>>.[+,[[>-,-+,>>>..<  
 johnandjanesdfgjnsdkfjgjnrtkhreuitgure --> 16 
** Tour n. 101 at 2019-08-28T01:36:42.133 
    2019-08-28T01:36:47.739 , Gen : 1 , BEST: 1280 , bonus = 8984.0 
fitness : 1280 
  code : ,[,>+<],-<>+,[,>,-,<>[.]-.>.<,]-->.<><[[>>]]>><<.><,.<>,+[>-[-<,>[,>>]<.[,<],-.-<.+,.]+[<,<<>]]<.,[+  
 unknown-string-goes-here --> 24 
fitness : 1280 
  code : ,[,>+<],-<>+,[,>,-,<>[.]-.>.<,]-->.<><[[>>]]>><<.><,.<>,+[>-[-<,>[,>>]<.[,<],-.-<.+,.]+[<,<<>]]<.,[+  
 unknown-string-goes-here --> 24 
fitness 1280 
dna : [0.696134, 0.796793, 0.721032, 0.162291, 0.326145, 0.0265834, 0.889289, 0.689564, 0.489802, 0.0156396, 0.136829, 0.303102, 0.730765, 0.772961, 0.700695, 0.238315, 0.66368, 0.38029, 0.71923, 0.101011, 0.137817, 0.813664, 0.525367, 0.959584, 0.472712, 0.519657, 0.217183, 0.500718, 0.00332157, 0.747694, 0.953296, 0.437416, 0.463871, 0.239192, 0.594931, 0.0227883, 0.17657, 0.0227883, 0.760105, 0.75783, 0.211168, 0.158594, 0.946502, 0.906309, 0.206031, 0.194762, 0.00798099, 0.111757, 0.53573, 0.211635, 0.121299, 0.743784, 0.525007, 0.0049738, 0.206104, 0.654075, 0.304663, 0.798067, 0.173193, 0.441465, 0.770451, 0.3868, 0.0614365, 0.638249, 0.235685, 0.836861, 0.713101, 0.215994, 0.185188, 0.936825, 0.0197654, 0.539075, 0.7608, 0.706754, 0.0639459, 0.902541, 0.682522, 0.428778, 0.608479, 0.476615, 0.0942216, 0.567357, 0.325389, 0.728483, 0.567477, 0.884134, 0.326866, 0.785332, 0.0471483, 0.677273, 0.00948101, 0.0243366, 0.230605, 0.924456, 0.920509, 0.0771028, 0.567919, 0.707226, 0.836761, 0.287107] 
