targetFitness = 1280 
params : Main.GeneticAlgorithms.Types.GAParams(100, 100000, 30, 150, 0.7, 0.01, true, IOStream(<file ../Results/logLengthString.log>), 0.0, 1280.0, 0, 0) 
** Tour n. 1 at 2019-08-31T15:53:02.946 
    2019-08-31T15:53:05.744 , Iteration : 5, BEST: 1215 , bonus = 9840.0 
    2019-08-31T15:53:08.188 , Iteration : 10, BEST: 1229 , bonus = 0.0 
fitness : 1229 
  code : +++++[++++[+++++[.>-]<+-<>]>,+  
 corio@domain.com --> 14 
** Tour n. 2 at 2019-08-31T15:53:09.449 
** Tour n. 3 at 2019-08-31T15:53:10.419 
** Tour n. 4 at 2019-08-31T15:53:11.321 
    2019-08-31T15:53:12.18 , Tour : 5, BEST: 1231 , bonus = 0.0 
** Tour n. 5 at 2019-08-31T15:53:12.18 
** Tour n. 6 at 2019-08-31T15:53:13.164 
** Tour n. 7 at 2019-08-31T15:53:14.199 
** Tour n. 8 at 2019-08-31T15:53:15.105 
** Tour n. 9 at 2019-08-31T15:53:16.194 
    2019-08-31T15:53:17.154 , Tour : 10, BEST: 1231 , bonus = 0.0 
fitness : 1231 
  code : ++++++++++[++++++[.>-]<+->]>,+  
 test --> 16 
** Tour n. 10 at 2019-08-31T15:53:17.154 
fitness : 1280 
  code : +++++++++[++,>+<],>-[.[,][><>-  
 johnandjanesdfgjnsdkfjgjnrtkhreuitgure --> 38 
fitness 1280 
dna : [0.346761, 0.324619, 0.324036, 0.353615, 0.27385, 0.31993, 0.370406, 0.370406, 0.335976, 0.843332, 0.352413, 0.352413, 0.649341, 0.205501, 0.364484, 0.0990959, 0.922514, 0.645407, 0.180525, 0.439762, 0.799245, 0.551027, 0.872864, 0.720881, 0.945217, 0.777396, 0.132432, 0.0457548, 0.159648, 0.441963] 
