targetFitness = 1024 
params : Main.GeneticAlgorithms.Types.GAParams(136, 1000000, 40, 150, 0.7, 0.01, true, IOStream(<file ../Results/logLogicalXor.log>), 0.0, 1024.0, 0, 0) 
** Tour n. 1 at 2019-08-27T16:58:49.911 
    2019-08-27T16:58:54.695 , Gen : 1 , BEST: 1023 , bonus = 0.0 
    2019-08-27T16:58:55.657 , Gen : 1 , BEST: 1023 , bonus = 0.0 
    2019-08-27T16:58:56.434 , Gen : 1 , BEST: 1023 , bonus = 0.0 
fitness : 1023 
 code : ,[>[,]+[.+->>]>]-,.,>>.<,+->>,+>-[,++-], 
 UInt8[0x00, 0x00] -> 0 
 UInt8[0x01, 0x00] -> 1 
 UInt8[0x00, 0x01] -> 1 
 UInt8[0x01, 0x01] -> 1 
** Tour n. 2 at 2019-08-27T16:58:56.802 
    2019-08-27T16:58:58.528 , Gen : 1 , BEST: 1023 , bonus = 0.0 
    2019-08-27T16:58:58.606 , Gen : 1 , BEST: 1023 , bonus = 0.0 
fitness : 1023 
 code : ,[>[,]+[.+->>]>]-,.,>>.<,+->>,+>-[,++-], 
 UInt8[0x00, 0x00] -> 0 
 UInt8[0x01, 0x00] -> 1 
 UInt8[0x00, 0x01] -> 1 
 UInt8[0x01, 0x01] -> 1 
** Tour n. 3 at 2019-08-27T16:58:58.714 
    2019-08-27T16:59:00.826 , Gen : 1 , BEST: 1023 , bonus = 0.0 
    2019-08-27T16:59:00.9 , Gen : 1 , BEST: 1023 , bonus = 0.0 
fitness : 1023 
 code : ,[>[,]+[.+->>]>]-,.,>>.<,+->>,+>-[,++-], 
 UInt8[0x00, 0x00] -> 0 
 UInt8[0x01, 0x00] -> 1 
 UInt8[0x00, 0x01] -> 1 
 UInt8[0x01, 0x01] -> 1 
** Tour n. 4 at 2019-08-27T16:59:00.962 
    2019-08-27T16:59:02.649 , Gen : 1 , BEST: 1023 , bonus = 0.0 
    2019-08-27T16:59:02.723 , Gen : 1 , BEST: 1023 , bonus = 0.0 
fitness : 1023 
 code : ,[>[,]+[.+->>]>]-,.,>>.<,+->>,+>-[,++-], 
 UInt8[0x00, 0x00] -> 0 
 UInt8[0x01, 0x00] -> 1 
 UInt8[0x00, 0x01] -> 1 
 UInt8[0x01, 0x01] -> 1 
** Tour n. 5 at 2019-08-27T16:59:02.792 
    2019-08-27T16:59:04.306 , Gen : 1 , BEST: 1023 , bonus = 0.0 
    2019-08-27T16:59:04.376 , Gen : 1 , BEST: 1023 , bonus = 0.0 
fitness : 1023 
 code : ,[>[,]+[.+->>]>]-,.,>>.<,+->>,+>-[,++-], 
 UInt8[0x00, 0x00] -> 0 
 UInt8[0x01, 0x00] -> 1 
 UInt8[0x00, 0x01] -> 1 
 UInt8[0x01, 0x01] -> 1 
** Tour n. 6 at 2019-08-27T16:59:04.451 
    2019-08-27T16:59:06.227 , Gen : 1 , BEST: 1023 , bonus = 0.0 
    2019-08-27T16:59:06.299 , Gen : 1 , BEST: 1023 , bonus = 0.0 
fitness : 1023 
 code : ,[>[,]+[.+->>]>]-,.,>>.<,+->>,+>-[,++-], 
 UInt8[0x00, 0x00] -> 0 
 UInt8[0x01, 0x00] -> 1 
 UInt8[0x00, 0x01] -> 1 
 UInt8[0x01, 0x01] -> 1 
** Tour n. 7 at 2019-08-27T16:59:06.379 
    2019-08-27T16:59:08.073 , Gen : 1 , BEST: 1023 , bonus = 0.0 
    2019-08-27T16:59:08.146 , Gen : 1 , BEST: 1023 , bonus = 0.0 
fitness : 1023 
 code : ,[>[,]+[.+->>]>]-,.,>>.<,+->>,+>-[,++-], 
 UInt8[0x00, 0x00] -> 0 
 UInt8[0x01, 0x00] -> 1 
 UInt8[0x00, 0x01] -> 1 
 UInt8[0x01, 0x01] -> 1 
** Tour n. 8 at 2019-08-27T16:59:08.241 
    2019-08-27T16:59:09.957 , Gen : 1 , BEST: 1023 , bonus = 0.0 
    2019-08-27T16:59:10.25 , Gen : 1 , BEST: 1023 , bonus = 0.0 
fitness : 1023 
 code : ,[>[,]+[.+->>]>]-,.,>>.<,+->>,+>-[,++-], 
 UInt8[0x00, 0x00] -> 0 
 UInt8[0x01, 0x00] -> 1 
 UInt8[0x00, 0x01] -> 1 
 UInt8[0x01, 0x01] -> 1 
** Tour n. 9 at 2019-08-27T16:59:10.324 
    2019-08-27T16:59:11.966 , Gen : 1 , BEST: 1023 , bonus = 0.0 
    2019-08-27T16:59:12.043 , Gen : 1 , BEST: 1023 , bonus = 0.0 
fitness : 1023 
 code : ,[>[,]+[.+->>]>]-,.,>>.<,+->>,+>-[,++-], 
 UInt8[0x00, 0x00] -> 0 
 UInt8[0x01, 0x00] -> 1 
 UInt8[0x00, 0x01] -> 1 
 UInt8[0x01, 0x01] -> 1 
** Tour n. 10 at 2019-08-27T16:59:12.125 
    2019-08-27T16:59:13.865 , Gen : 1 , BEST: 1023 , bonus = 0.0 
    2019-08-27T16:59:13.933 , Gen : 1 , BEST: 1023 , bonus = 0.0 
fitness : 1023 
 code : ,[>[,]+[.+->>]>]-,.,>>.<,+->>,+>-[,++-], 
 UInt8[0x00, 0x00] -> 0 
 UInt8[0x01, 0x00] -> 1 
 UInt8[0x00, 0x01] -> 1 
 UInt8[0x01, 0x01] -> 1 
** Tour n. 11 at 2019-08-27T16:59:14.009 
    2019-08-27T16:59:15.744 , Gen : 1 , BEST: 1023 , bonus = 0.0 
    2019-08-27T16:59:15.819 , Gen : 1 , BEST: 1023 , bonus = 0.0 
fitness : 1023 
 code : ,[>[,]+[.+->>]>]-,.,>>.<,+->>,+>-[,++-], 
 UInt8[0x00, 0x00] -> 0 
 UInt8[0x01, 0x00] -> 1 
 UInt8[0x00, 0x01] -> 1 
 UInt8[0x01, 0x01] -> 1 
** Tour n. 12 at 2019-08-27T16:59:15.895 
    2019-08-27T16:59:17.732 , Gen : 1 , BEST: 1023 , bonus = 0.0 
    2019-08-27T16:59:17.802 , Gen : 1 , BEST: 1023 , bonus = 0.0 
fitness : 1023 
 code : ,[>[,]+[.+->>]>]-,.,>>.<,+->>,+>-[,++-], 
 UInt8[0x00, 0x00] -> 0 
 UInt8[0x01, 0x00] -> 1 
 UInt8[0x00, 0x01] -> 1 
 UInt8[0x01, 0x01] -> 1 
** Tour n. 13 at 2019-08-27T16:59:17.875 
    2019-08-27T16:59:19.527 , Gen : 1 , BEST: 1023 , bonus = 0.0 
    2019-08-27T16:59:19.608 , Gen : 1 , BEST: 1023 , bonus = 0.0 
fitness : 1023 
 code : ,[>[,]+[.+->>]>]-,.,>>.<,+->>,+>-[,++-], 
 UInt8[0x00, 0x00] -> 0 
 UInt8[0x01, 0x00] -> 1 
 UInt8[0x00, 0x01] -> 1 
 UInt8[0x01, 0x01] -> 1 
** Tour n. 14 at 2019-08-27T16:59:19.688 
    2019-08-27T16:59:21.67 , Gen : 1 , BEST: 1023 , bonus = 0.0 
    2019-08-27T16:59:21.765 , Gen : 1 , BEST: 1023 , bonus = 0.0 
fitness : 1023 
 code : ,[>[,]+[.+->>]>]-,.,>>.<,+->>,+>-[,++-], 
 UInt8[0x00, 0x00] -> 0 
 UInt8[0x01, 0x00] -> 1 
 UInt8[0x00, 0x01] -> 1 
 UInt8[0x01, 0x01] -> 1 
** Tour n. 15 at 2019-08-27T16:59:21.839 
    2019-08-27T16:59:23.585 , Gen : 1 , BEST: 1023 , bonus = 0.0 
    2019-08-27T16:59:23.656 , Gen : 1 , BEST: 1023 , bonus = 0.0 
fitness : 1023 
 code : ,[>[,]+[.+->>]>]-,.,>>.<,+->>,+>-[,++-], 
 UInt8[0x00, 0x00] -> 0 
 UInt8[0x01, 0x00] -> 1 
 UInt8[0x00, 0x01] -> 1 
 UInt8[0x01, 0x01] -> 1 
** Tour n. 16 at 2019-08-27T16:59:23.718 
    2019-08-27T16:59:25.307 , Gen : 1 , BEST: 1023 , bonus = 0.0 
    2019-08-27T16:59:25.574 , Gen : 1 , BEST: 1023 , bonus = 0.0 
fitness : 1023 
 code : ,[>[,]+[.+->>]>]-,.,>>.<,+->>,+>-[,++-], 
 UInt8[0x00, 0x00] -> 0 
 UInt8[0x01, 0x00] -> 1 
 UInt8[0x00, 0x01] -> 1 
 UInt8[0x01, 0x01] -> 1 
** Tour n. 17 at 2019-08-27T16:59:25.645 
    2019-08-27T16:59:27.216 , Gen : 1 , BEST: 1023 , bonus = 0.0 
    2019-08-27T16:59:27.281 , Gen : 1 , BEST: 1023 , bonus = 0.0 
fitness : 1023 
 code : ,[>[,]+[.+->>]>]-,.,>>.<,+->>,+>-[,++-], 
 UInt8[0x00, 0x00] -> 0 
 UInt8[0x01, 0x00] -> 1 
 UInt8[0x00, 0x01] -> 1 
 UInt8[0x01, 0x01] -> 1 
** Tour n. 18 at 2019-08-27T16:59:27.365 
    2019-08-27T16:59:29.135 , Gen : 1 , BEST: 1023 , bonus = 0.0 
    2019-08-27T16:59:29.206 , Gen : 1 , BEST: 1023 , bonus = 0.0 
fitness : 1023 
 code : ,[>[,]+[.+->>]>]-,.,>>.<,+->>,+>-[,++-], 
 UInt8[0x00, 0x00] -> 0 
 UInt8[0x01, 0x00] -> 1 
 UInt8[0x00, 0x01] -> 1 
 UInt8[0x01, 0x01] -> 1 
** Tour n. 19 at 2019-08-27T16:59:29.285 
    2019-08-27T16:59:31.435 , Gen : 1 , BEST: 1023 , bonus = 0.0 
    2019-08-27T16:59:31.539 , Gen : 1 , BEST: 1023 , bonus = 0.0 
fitness : 1023 
 code : ,[>[,]+[.+->>]>]-,.,>>.<,+->>,+>-[,++-], 
 UInt8[0x00, 0x00] -> 0 
 UInt8[0x01, 0x00] -> 1 
 UInt8[0x00, 0x01] -> 1 
 UInt8[0x01, 0x01] -> 1 
** Tour n. 20 at 2019-08-27T16:59:31.606 
    2019-08-27T16:59:33.432 , Gen : 1 , BEST: 1023 , bonus = 0.0 
    2019-08-27T16:59:33.495 , Gen : 1 , BEST: 1023 , bonus = 0.0 
fitness : 1023 
 code : ,[>[,]+[.+->>]>]-,.,>>.<,+->>,+>-[,++-], 
 UInt8[0x00, 0x00] -> 0 
 UInt8[0x01, 0x00] -> 1 
 UInt8[0x00, 0x01] -> 1 
 UInt8[0x01, 0x01] -> 1 
** Tour n. 21 at 2019-08-27T16:59:33.573 
    2019-08-27T16:59:35.576 , Gen : 1 , BEST: 1023 , bonus = 0.0 
    2019-08-27T16:59:35.654 , Gen : 1 , BEST: 1023 , bonus = 0.0 
fitness : 1023 
 code : ,[>[,]+[.+->>]>]-,.,>>.<,+->>,+>-[,++-], 
 UInt8[0x00, 0x00] -> 0 
 UInt8[0x01, 0x00] -> 1 
 UInt8[0x00, 0x01] -> 1 
 UInt8[0x01, 0x01] -> 1 
** Tour n. 22 at 2019-08-27T16:59:35.745 
    2019-08-27T16:59:37.568 , Gen : 1 , BEST: 1023 , bonus = 0.0 
    2019-08-27T16:59:37.644 , Gen : 1 , BEST: 1023 , bonus = 0.0 
fitness : 1023 
 code : ,[>[,]+[.+->>]>]-,.,>>.<,+->>,+>-[,++-], 
 UInt8[0x00, 0x00] -> 0 
 UInt8[0x01, 0x00] -> 1 
 UInt8[0x00, 0x01] -> 1 
 UInt8[0x01, 0x01] -> 1 
** Tour n. 23 at 2019-08-27T16:59:37.741 
    2019-08-27T16:59:39.397 , Gen : 1 , BEST: 1023 , bonus = 0.0 
    2019-08-27T16:59:39.632 , Gen : 1 , BEST: 1023 , bonus = 0.0 
fitness : 1023 
 code : ,[>[,]+[.+->>]>]-,.,>>.<,+->>,+>-[,++-], 
 UInt8[0x00, 0x00] -> 0 
 UInt8[0x01, 0x00] -> 1 
 UInt8[0x00, 0x01] -> 1 
 UInt8[0x01, 0x01] -> 1 
** Tour n. 24 at 2019-08-27T16:59:39.72 
    2019-08-27T16:59:41.443 , Gen : 1 , BEST: 1023 , bonus = 0.0 
    2019-08-27T16:59:41.516 , Gen : 1 , BEST: 1023 , bonus = 0.0 
fitness : 1023 
 code : ,[>[,]+[.+->>]>]-,.,>>.<,+->>,+>-[,++-], 
 UInt8[0x00, 0x00] -> 0 
 UInt8[0x01, 0x00] -> 1 
 UInt8[0x00, 0x01] -> 1 
 UInt8[0x01, 0x01] -> 1 
** Tour n. 25 at 2019-08-27T16:59:41.6 
    2019-08-27T16:59:43.282 , Gen : 1 , BEST: 1023 , bonus = 0.0 
    2019-08-27T16:59:43.353 , Gen : 1 , BEST: 1023 , bonus = 0.0 
fitness : 1023 
 code : ,[>[,]+[.+->>]>]-,.,>>.<,+->>,+>-[,++-], 
 UInt8[0x00, 0x00] -> 0 
 UInt8[0x01, 0x00] -> 1 
 UInt8[0x00, 0x01] -> 1 
 UInt8[0x01, 0x01] -> 1 
** Tour n. 26 at 2019-08-27T16:59:43.422 
    2019-08-27T16:59:45.601 , Gen : 1 , BEST: 1023 , bonus = 0.0 
    2019-08-27T16:59:45.719 , Gen : 1 , BEST: 1023 , bonus = 0.0 
fitness : 1023 
 code : ,[>[,]+[.+->>]>]-,.,>>.<,+->>,+>-[,++-], 
 UInt8[0x00, 0x00] -> 0 
 UInt8[0x01, 0x00] -> 1 
 UInt8[0x00, 0x01] -> 1 
 UInt8[0x01, 0x01] -> 1 
** Tour n. 27 at 2019-08-27T16:59:45.806 
    2019-08-27T16:59:47.475 , Gen : 1 , BEST: 1023 , bonus = 0.0 
    2019-08-27T16:59:47.549 , Gen : 1 , BEST: 1023 , bonus = 0.0 
fitness : 1023 
 code : ,[>[,]+[.+->>]>]-,.,>>.<,+->>,+>-[,++-], 
 UInt8[0x00, 0x00] -> 0 
 UInt8[0x01, 0x00] -> 1 
 UInt8[0x00, 0x01] -> 1 
 UInt8[0x01, 0x01] -> 1 
** Tour n. 28 at 2019-08-27T16:59:47.641 
    2019-08-27T16:59:49.558 , Gen : 1 , BEST: 1023 , bonus = 0.0 
    2019-08-27T16:59:49.924 , Gen : 1 , BEST: 1023 , bonus = 0.0 
fitness : 1023 
 code : ,[>[,]+[.+->>]>]-,.,>>.<,+->>,+>-[,++-], 
 UInt8[0x00, 0x00] -> 0 
 UInt8[0x01, 0x00] -> 1 
 UInt8[0x00, 0x01] -> 1 
 UInt8[0x01, 0x01] -> 1 
** Tour n. 29 at 2019-08-27T16:59:49.983 
    2019-08-27T16:59:51.652 , Gen : 1 , BEST: 1023 , bonus = 0.0 
    2019-08-27T16:59:51.722 , Gen : 1 , BEST: 1023 , bonus = 0.0 
fitness : 1023 
 code : ,[>[,]+[.+->>]>]-,.,>>.<,+->>,+>-[,++-], 
 UInt8[0x00, 0x00] -> 0 
 UInt8[0x01, 0x00] -> 1 
 UInt8[0x00, 0x01] -> 1 
 UInt8[0x01, 0x01] -> 1 
** Tour n. 30 at 2019-08-27T16:59:51.783 
    2019-08-27T16:59:53.63 , Gen : 1 , BEST: 1023 , bonus = 0.0 
    2019-08-27T16:59:53.698 , Gen : 1 , BEST: 1023 , bonus = 0.0 
fitness : 1023 
 code : ,[>[,]+[.+->>]>]-,.,>>.<,+->>,+>-[,++-], 
 UInt8[0x00, 0x00] -> 0 
 UInt8[0x01, 0x00] -> 1 
 UInt8[0x00, 0x01] -> 1 
 UInt8[0x01, 0x01] -> 1 
** Tour n. 31 at 2019-08-27T16:59:53.774 
    2019-08-27T16:59:55.711 , Gen : 1 , BEST: 1023 , bonus = 0.0 
    2019-08-27T16:59:55.781 , Gen : 1 , BEST: 1023 , bonus = 0.0 
fitness : 1023 
 code : ,[>[,]+[.+->>]>]-,.,>>.<,+->>,+>-[,++-], 
 UInt8[0x00, 0x00] -> 0 
 UInt8[0x01, 0x00] -> 1 
 UInt8[0x00, 0x01] -> 1 
 UInt8[0x01, 0x01] -> 1 
** Tour n. 32 at 2019-08-27T16:59:55.858 
    2019-08-27T16:59:57.655 , Gen : 1 , BEST: 1023 , bonus = 0.0 
    2019-08-27T16:59:57.724 , Gen : 1 , BEST: 1023 , bonus = 0.0 
fitness : 1023 
 code : ,[>[,]+[.+->>]>]-,.,>>.<,+->>,+>-[,++-], 
 UInt8[0x00, 0x00] -> 0 
 UInt8[0x01, 0x00] -> 1 
 UInt8[0x00, 0x01] -> 1 
 UInt8[0x01, 0x01] -> 1 
** Tour n. 33 at 2019-08-27T16:59:57.805 
    2019-08-27T16:59:59.436 , Gen : 1 , BEST: 1023 , bonus = 0.0 
    2019-08-27T16:59:59.508 , Gen : 1 , BEST: 1023 , bonus = 0.0 
fitness : 1023 
 code : ,[>[,]+[.+->>]>]-,.,>>.<,+->>,+>-[,++-], 
 UInt8[0x00, 0x00] -> 0 
 UInt8[0x01, 0x00] -> 1 
 UInt8[0x00, 0x01] -> 1 
 UInt8[0x01, 0x01] -> 1 
** Tour n. 34 at 2019-08-27T16:59:59.589 
    2019-08-27T17:00:01.253 , Gen : 1 , BEST: 1023 , bonus = 0.0 
    2019-08-27T17:00:01.325 , Gen : 1 , BEST: 1023 , bonus = 0.0 
fitness : 1023 
 code : ,[>[,]+[.+->>]>]-,.,>>.<,+->>,+>-[,++-], 
 UInt8[0x00, 0x00] -> 0 
 UInt8[0x01, 0x00] -> 1 
 UInt8[0x00, 0x01] -> 1 
 UInt8[0x01, 0x01] -> 1 
** Tour n. 35 at 2019-08-27T17:00:01.404 
    2019-08-27T17:00:03.124 , Gen : 1 , BEST: 1023 , bonus = 0.0 
    2019-08-27T17:00:03.203 , Gen : 1 , BEST: 1023 , bonus = 0.0 
fitness : 1023 
 code : ,[>[,]+[.+->>]>]-,.,>>.<,+->>,+>-[,++-], 
 UInt8[0x00, 0x00] -> 0 
 UInt8[0x01, 0x00] -> 1 
 UInt8[0x00, 0x01] -> 1 
 UInt8[0x01, 0x01] -> 1 
** Tour n. 36 at 2019-08-27T17:00:03.287 
    2019-08-27T17:00:04.859 , Gen : 1 , BEST: 1023 , bonus = 0.0 
    2019-08-27T17:00:04.927 , Gen : 1 , BEST: 1023 , bonus = 0.0 
fitness : 1023 
 code : ,[>[,]+[.+->>]>]-,.,>>.<,+->>,+>-[,++-], 
 UInt8[0x00, 0x00] -> 0 
 UInt8[0x01, 0x00] -> 1 
 UInt8[0x00, 0x01] -> 1 
 UInt8[0x01, 0x01] -> 1 
** Tour n. 37 at 2019-08-27T17:00:05.008 
    2019-08-27T17:00:07.065 , Gen : 1 , BEST: 1023 , bonus = 0.0 
    2019-08-27T17:00:07.129 , Gen : 1 , BEST: 1023 , bonus = 0.0 
fitness : 1023 
 code : ,[>[,]+[.+->>]>]-,.,>>.<,+->>,+>-[,++-], 
 UInt8[0x00, 0x00] -> 0 
 UInt8[0x01, 0x00] -> 1 
 UInt8[0x00, 0x01] -> 1 
 UInt8[0x01, 0x01] -> 1 
** Tour n. 38 at 2019-08-27T17:00:07.207 
    2019-08-27T17:00:09.181 , Gen : 1 , BEST: 1023 , bonus = 0.0 
    2019-08-27T17:00:09.263 , Gen : 1 , BEST: 1023 , bonus = 0.0 
fitness : 1023 
 code : ,[>[,]+[.+->>]>]-,.,>>.<,+->>,+>-[,++-], 
 UInt8[0x00, 0x00] -> 0 
 UInt8[0x01, 0x00] -> 1 
 UInt8[0x00, 0x01] -> 1 
 UInt8[0x01, 0x01] -> 1 
** Tour n. 39 at 2019-08-27T17:00:09.34 
    2019-08-27T17:00:11.048 , Gen : 1 , BEST: 1023 , bonus = 0.0 
    2019-08-27T17:00:11.126 , Gen : 1 , BEST: 1023 , bonus = 0.0 
fitness : 1023 
 code : ,[>[,]+[.+->>]>]-,.,>>.<,+->>,+>-[,++-], 
 UInt8[0x00, 0x00] -> 0 
 UInt8[0x01, 0x00] -> 1 
 UInt8[0x00, 0x01] -> 1 
 UInt8[0x01, 0x01] -> 1 
** Tour n. 40 at 2019-08-27T17:00:11.217 
    2019-08-27T17:00:12.971 , Gen : 1 , BEST: 1023 , bonus = 0.0 
    2019-08-27T17:00:13.042 , Gen : 1 , BEST: 1023 , bonus = 0.0 
fitness : 1023 
 code : ,[>[,]+[.+->>]>]-,.,>>.<,+->>,+>-[,++-], 
 UInt8[0x00, 0x00] -> 0 
 UInt8[0x01, 0x00] -> 1 
 UInt8[0x00, 0x01] -> 1 
 UInt8[0x01, 0x01] -> 1 
** Tour n. 41 at 2019-08-27T17:00:13.133 
    2019-08-27T17:00:14.829 , Gen : 1 , BEST: 1023 , bonus = 0.0 
    2019-08-27T17:00:15.163 , Gen : 1 , BEST: 1023 , bonus = 0.0 
fitness : 1023 
 code : ,[>[,]+[.+->>]>]-,.,>>.<,+->>,+>-[,++-], 
 UInt8[0x00, 0x00] -> 0 
 UInt8[0x01, 0x00] -> 1 
 UInt8[0x00, 0x01] -> 1 
 UInt8[0x01, 0x01] -> 1 
** Tour n. 42 at 2019-08-27T17:00:15.249 
    2019-08-27T17:00:16.967 , Gen : 1 , BEST: 1023 , bonus = 0.0 
    2019-08-27T17:00:17.04 , Gen : 1 , BEST: 1023 , bonus = 0.0 
fitness : 1023 
 code : ,[>[,]+[.+->>]>]-,.,>>.<,+->>,+>-[,++-], 
 UInt8[0x00, 0x00] -> 0 
 UInt8[0x01, 0x00] -> 1 
 UInt8[0x00, 0x01] -> 1 
 UInt8[0x01, 0x01] -> 1 
** Tour n. 43 at 2019-08-27T17:00:17.127 
    2019-08-27T17:00:19.067 , Gen : 1 , BEST: 1023 , bonus = 0.0 
    2019-08-27T17:00:19.134 , Gen : 1 , BEST: 1023 , bonus = 0.0 
fitness : 1023 
 code : ,[>[,]+[.+->>]>]-,.,>>.<,+->>,+>-[,++-], 
 UInt8[0x00, 0x00] -> 0 
 UInt8[0x01, 0x00] -> 1 
 UInt8[0x00, 0x01] -> 1 
 UInt8[0x01, 0x01] -> 1 
** Tour n. 44 at 2019-08-27T17:00:19.214 
    2019-08-27T17:00:21.095 , Gen : 1 , BEST: 1023 , bonus = 0.0 
    2019-08-27T17:00:21.185 , Gen : 1 , BEST: 1023 , bonus = 0.0 
fitness : 1023 
 code : ,[>[,]+[.+->>]>]-,.,>>.<,+->>,+>-[,++-], 
 UInt8[0x00, 0x00] -> 0 
 UInt8[0x01, 0x00] -> 1 
 UInt8[0x00, 0x01] -> 1 
 UInt8[0x01, 0x01] -> 1 
** Tour n. 45 at 2019-08-27T17:00:21.266 
    2019-08-27T17:00:23.331 , Gen : 1 , BEST: 1023 , bonus = 0.0 
    2019-08-27T17:00:23.44 , Gen : 1 , BEST: 1023 , bonus = 0.0 
fitness : 1023 
 code : ,[>[,]+[.+->>]>]-,.,>>.<,+->>,+>-[,++-], 
 UInt8[0x00, 0x00] -> 0 
 UInt8[0x01, 0x00] -> 1 
 UInt8[0x00, 0x01] -> 1 
 UInt8[0x01, 0x01] -> 1 
** Tour n. 46 at 2019-08-27T17:00:23.526 
    2019-08-27T17:00:25.15 , Gen : 1 , BEST: 1023 , bonus = 0.0 
    2019-08-27T17:00:25.226 , Gen : 1 , BEST: 1023 , bonus = 0.0 
fitness : 1023 
 code : ,[>[,]+[.+->>]>]-,.,>>.<,+->>,+>-[,++-], 
 UInt8[0x00, 0x00] -> 0 
 UInt8[0x01, 0x00] -> 1 
 UInt8[0x00, 0x01] -> 1 
 UInt8[0x01, 0x01] -> 1 
** Tour n. 47 at 2019-08-27T17:00:25.298 
    2019-08-27T17:00:27.022 , Gen : 1 , BEST: 1023 , bonus = 0.0 
    2019-08-27T17:00:27.091 , Gen : 1 , BEST: 1023 , bonus = 0.0 
fitness : 1023 
 code : ,[>[,]+[.+->>]>]-,.,>>.<,+->>,+>-[,++-], 
 UInt8[0x00, 0x00] -> 0 
 UInt8[0x01, 0x00] -> 1 
 UInt8[0x00, 0x01] -> 1 
 UInt8[0x01, 0x01] -> 1 
** Tour n. 48 at 2019-08-27T17:00:27.158 
    2019-08-27T17:00:28.843 , Gen : 1 , BEST: 1023 , bonus = 0.0 
    2019-08-27T17:00:28.911 , Gen : 1 , BEST: 1023 , bonus = 0.0 
fitness : 1023 
 code : ,[>[,]+[.+->>]>]-,.,>>.<,+->>,+>-[,++-], 
 UInt8[0x00, 0x00] -> 0 
 UInt8[0x01, 0x00] -> 1 
 UInt8[0x00, 0x01] -> 1 
 UInt8[0x01, 0x01] -> 1 
** Tour n. 49 at 2019-08-27T17:00:28.998 
    2019-08-27T17:00:30.802 , Gen : 1 , BEST: 1023 , bonus = 0.0 
    2019-08-27T17:00:30.869 , Gen : 1 , BEST: 1023 , bonus = 0.0 
fitness : 1023 
 code : ,[>[,]+[.+->>]>]-,.,>>.<,+->>,+>-[,++-], 
 UInt8[0x00, 0x00] -> 0 
 UInt8[0x01, 0x00] -> 1 
 UInt8[0x00, 0x01] -> 1 
 UInt8[0x01, 0x01] -> 1 
** Tour n. 50 at 2019-08-27T17:00:30.945 
    2019-08-27T17:00:32.81 , Gen : 1 , BEST: 1023 , bonus = 0.0 
    2019-08-27T17:00:32.908 , Gen : 1 , BEST: 1023 , bonus = 0.0 
fitness : 1023 
 code : ,[>[,]+[.+->>]>]-,.,>>.<,+->>,+>-[,++-], 
 UInt8[0x00, 0x00] -> 0 
 UInt8[0x01, 0x00] -> 1 
 UInt8[0x00, 0x01] -> 1 
 UInt8[0x01, 0x01] -> 1 
** Tour n. 51 at 2019-08-27T17:00:32.987 
    2019-08-27T17:00:34.858 , Gen : 1 , BEST: 1023 , bonus = 0.0 
    2019-08-27T17:00:34.954 , Gen : 1 , BEST: 1023 , bonus = 0.0 
fitness : 1023 
 code : ,[>[,]+[.+->>]>]-,.,>>.<,+->>,+>-[,++-], 
 UInt8[0x00, 0x00] -> 0 
 UInt8[0x01, 0x00] -> 1 
 UInt8[0x00, 0x01] -> 1 
 UInt8[0x01, 0x01] -> 1 
** Tour n. 52 at 2019-08-27T17:00:35.053 
    2019-08-27T17:00:37.092 , Gen : 1 , BEST: 1023 , bonus = 0.0 
    2019-08-27T17:00:37.181 , Gen : 1 , BEST: 1023 , bonus = 0.0 
fitness : 1023 
 code : ,[>[,]+[.+->>]>]-,.,>>.<,+->>,+>-[,++-], 
 UInt8[0x00, 0x00] -> 0 
 UInt8[0x01, 0x00] -> 1 
 UInt8[0x00, 0x01] -> 1 
 UInt8[0x01, 0x01] -> 1 
** Tour n. 53 at 2019-08-27T17:00:37.245 
    2019-08-27T17:00:38.969 , Gen : 1 , BEST: 1023 , bonus = 0.0 
    2019-08-27T17:00:39.047 , Gen : 1 , BEST: 1023 , bonus = 0.0 
fitness : 1023 
 code : ,[>[,]+[.+->>]>]-,.,>>.<,+->>,+>-[,++-], 
 UInt8[0x00, 0x00] -> 0 
 UInt8[0x01, 0x00] -> 1 
 UInt8[0x00, 0x01] -> 1 
 UInt8[0x01, 0x01] -> 1 
** Tour n. 54 at 2019-08-27T17:00:39.132 
    2019-08-27T17:00:40.795 , Gen : 1 , BEST: 1023 , bonus = 0.0 
    2019-08-27T17:00:40.867 , Gen : 1 , BEST: 1023 , bonus = 0.0 
fitness : 1023 
 code : ,[>[,]+[.+->>]>]-,.,>>.<,+->>,+>-[,++-], 
 UInt8[0x00, 0x00] -> 0 
 UInt8[0x01, 0x00] -> 1 
 UInt8[0x00, 0x01] -> 1 
 UInt8[0x01, 0x01] -> 1 
** Tour n. 55 at 2019-08-27T17:00:40.951 
    2019-08-27T17:00:42.688 , Gen : 1 , BEST: 1023 , bonus = 0.0 
    2019-08-27T17:00:42.786 , Gen : 1 , BEST: 1023 , bonus = 0.0 
fitness : 1023 
 code : ,[>[,]+[.+->>]>]-,.,>>.<,+->>,+>-[,++-], 
 UInt8[0x00, 0x00] -> 0 
 UInt8[0x01, 0x00] -> 1 
 UInt8[0x00, 0x01] -> 1 
 UInt8[0x01, 0x01] -> 1 
** Tour n. 56 at 2019-08-27T17:00:42.857 
    2019-08-27T17:00:44.609 , Gen : 1 , BEST: 1023 , bonus = 0.0 
    2019-08-27T17:00:44.672 , Gen : 1 , BEST: 1023 , bonus = 0.0 
fitness : 1023 
 code : ,[>[,]+[.+->>]>]-,.,>>.<,+->>,+>-[,++-], 
 UInt8[0x00, 0x00] -> 0 
 UInt8[0x01, 0x00] -> 1 
 UInt8[0x00, 0x01] -> 1 
 UInt8[0x01, 0x01] -> 1 
** Tour n. 57 at 2019-08-27T17:00:44.75 
    2019-08-27T17:00:46.619 , Gen : 1 , BEST: 1023 , bonus = 0.0 
    2019-08-27T17:00:46.698 , Gen : 1 , BEST: 1023 , bonus = 0.0 
fitness : 1023 
 code : ,[>[,]+[.+->>]>]-,.,>>.<,+->>,+>-[,++-], 
 UInt8[0x00, 0x00] -> 0 
 UInt8[0x01, 0x00] -> 1 
 UInt8[0x00, 0x01] -> 1 
 UInt8[0x01, 0x01] -> 1 
** Tour n. 58 at 2019-08-27T17:00:46.773 
    2019-08-27T17:00:48.569 , Gen : 1 , BEST: 1023 , bonus = 0.0 
    2019-08-27T17:00:48.657 , Gen : 1 , BEST: 1023 , bonus = 0.0 
fitness : 1023 
 code : ,[>[,]+[.+->>]>]-,.,>>.<,+->>,+>-[,++-], 
 UInt8[0x00, 0x00] -> 0 
 UInt8[0x01, 0x00] -> 1 
 UInt8[0x00, 0x01] -> 1 
 UInt8[0x01, 0x01] -> 1 
** Tour n. 59 at 2019-08-27T17:00:48.731 
    2019-08-27T17:00:50.824 , Gen : 1 , BEST: 1023 , bonus = 0.0 
    2019-08-27T17:00:50.931 , Gen : 1 , BEST: 1023 , bonus = 0.0 
fitness : 1023 
 code : ,[>[,]+[.+->>]>]-,.,>>.<,+->>,+>-[,++-], 
 UInt8[0x00, 0x00] -> 0 
 UInt8[0x01, 0x00] -> 1 
 UInt8[0x00, 0x01] -> 1 
 UInt8[0x01, 0x01] -> 1 
** Tour n. 60 at 2019-08-27T17:00:51.018 
    2019-08-27T17:00:53.376 , Gen : 1 , BEST: 1023 , bonus = 0.0 
    2019-08-27T17:00:53.533 , Gen : 1 , BEST: 1023 , bonus = 0.0 
fitness : 1023 
 code : ,[>[,]+[.+->>]>]-,.,>>.<,+->>,+>-[,++-], 
 UInt8[0x00, 0x00] -> 0 
 UInt8[0x01, 0x00] -> 1 
 UInt8[0x00, 0x01] -> 1 
 UInt8[0x01, 0x01] -> 1 
** Tour n. 61 at 2019-08-27T17:00:53.595 
    2019-08-27T17:00:55.635 , Gen : 1 , BEST: 1023 , bonus = 0.0 
    2019-08-27T17:00:55.714 , Gen : 1 , BEST: 1023 , bonus = 0.0 
fitness : 1023 
 code : ,[>[,]+[.+->>]>]-,.,>>.<,+->>,+>-[,++-], 
 UInt8[0x00, 0x00] -> 0 
 UInt8[0x01, 0x00] -> 1 
 UInt8[0x00, 0x01] -> 1 
 UInt8[0x01, 0x01] -> 1 
** Tour n. 62 at 2019-08-27T17:00:55.785 
    2019-08-27T17:00:57.367 , Gen : 1 , BEST: 1023 , bonus = 0.0 
    2019-08-27T17:00:57.433 , Gen : 1 , BEST: 1023 , bonus = 0.0 
fitness : 1023 
 code : ,[>[,]+[.+->>]>]-,.,>>.<,+->>,+>-[,++-], 
 UInt8[0x00, 0x00] -> 0 
 UInt8[0x01, 0x00] -> 1 
 UInt8[0x00, 0x01] -> 1 
 UInt8[0x01, 0x01] -> 1 
** Tour n. 63 at 2019-08-27T17:00:57.512 
    2019-08-27T17:00:59.079 , Gen : 1 , BEST: 1023 , bonus = 0.0 
    2019-08-27T17:00:59.166 , Gen : 1 , BEST: 1023 , bonus = 0.0 
fitness : 1023 
 code : ,[>[,]+[.+->>]>]-,.,>>.<,+->>,+>-[,++-], 
 UInt8[0x00, 0x00] -> 0 
 UInt8[0x01, 0x00] -> 1 
 UInt8[0x00, 0x01] -> 1 
 UInt8[0x01, 0x01] -> 1 
** Tour n. 64 at 2019-08-27T17:00:59.247 
    2019-08-27T17:01:01.074 , Gen : 1 , BEST: 1023 , bonus = 0.0 
    2019-08-27T17:01:01.159 , Gen : 1 , BEST: 1023 , bonus = 0.0 
fitness : 1023 
 code : ,[>[,]+[.+->>]>]-,.,>>.<,+->>,+>-[,++-], 
 UInt8[0x00, 0x00] -> 0 
 UInt8[0x01, 0x00] -> 1 
 UInt8[0x00, 0x01] -> 1 
 UInt8[0x01, 0x01] -> 1 
** Tour n. 65 at 2019-08-27T17:01:01.229 
    2019-08-27T17:01:03.001 , Gen : 1 , BEST: 1023 , bonus = 0.0 
    2019-08-27T17:01:03.074 , Gen : 1 , BEST: 1023 , bonus = 0.0 
fitness : 1023 
 code : ,[>[,]+[.+->>]>]-,.,>>.<,+->>,+>-[,++-], 
 UInt8[0x00, 0x00] -> 0 
 UInt8[0x01, 0x00] -> 1 
 UInt8[0x00, 0x01] -> 1 
 UInt8[0x01, 0x01] -> 1 
** Tour n. 66 at 2019-08-27T17:01:03.158 
    2019-08-27T17:01:05.024 , Gen : 1 , BEST: 1023 , bonus = 0.0 
    2019-08-27T17:01:05.089 , Gen : 1 , BEST: 1023 , bonus = 0.0 
fitness : 1023 
 code : ,[>[,]+[.+->>]>]-,.,>>.<,+->>,+>-[,++-], 
 UInt8[0x00, 0x00] -> 0 
 UInt8[0x01, 0x00] -> 1 
 UInt8[0x00, 0x01] -> 1 
 UInt8[0x01, 0x01] -> 1 
** Tour n. 67 at 2019-08-27T17:01:05.18 
    2019-08-27T17:01:06.832 , Gen : 1 , BEST: 1023 , bonus = 0.0 
    2019-08-27T17:01:06.9 , Gen : 1 , BEST: 1023 , bonus = 0.0 
fitness : 1023 
 code : ,[>[,]+[.+->>]>]-,.,>>.<,+->>,+>-[,++-], 
 UInt8[0x00, 0x00] -> 0 
 UInt8[0x01, 0x00] -> 1 
 UInt8[0x00, 0x01] -> 1 
 UInt8[0x01, 0x01] -> 1 
** Tour n. 68 at 2019-08-27T17:01:06.974 
    2019-08-27T17:01:08.595 , Gen : 1 , BEST: 1023 , bonus = 0.0 
    2019-08-27T17:01:08.67 , Gen : 1 , BEST: 1023 , bonus = 0.0 
fitness : 1023 
 code : ,[>[,]+[.+->>]>]-,.,>>.<,+->>,+>-[,++-], 
 UInt8[0x00, 0x00] -> 0 
 UInt8[0x01, 0x00] -> 1 
 UInt8[0x00, 0x01] -> 1 
 UInt8[0x01, 0x01] -> 1 
** Tour n. 69 at 2019-08-27T17:01:08.734 
    2019-08-27T17:01:10.352 , Gen : 1 , BEST: 1023 , bonus = 0.0 
    2019-08-27T17:01:10.628 , Gen : 1 , BEST: 1023 , bonus = 0.0 
fitness : 1023 
 code : ,[>[,]+[.+->>]>]-,.,>>.<,+->>,+>-[,++-], 
 UInt8[0x00, 0x00] -> 0 
 UInt8[0x01, 0x00] -> 1 
 UInt8[0x00, 0x01] -> 1 
 UInt8[0x01, 0x01] -> 1 
** Tour n. 70 at 2019-08-27T17:01:10.707 
    2019-08-27T17:01:12.355 , Gen : 1 , BEST: 1023 , bonus = 0.0 
    2019-08-27T17:01:12.419 , Gen : 1 , BEST: 1023 , bonus = 0.0 
fitness : 1023 
 code : ,[>[,]+[.+->>]>]-,.,>>.<,+->>,+>-[,++-], 
 UInt8[0x00, 0x00] -> 0 
 UInt8[0x01, 0x00] -> 1 
 UInt8[0x00, 0x01] -> 1 
 UInt8[0x01, 0x01] -> 1 
** Tour n. 71 at 2019-08-27T17:01:12.497 
    2019-08-27T17:01:14.428 , Gen : 1 , BEST: 1023 , bonus = 0.0 
    2019-08-27T17:01:14.496 , Gen : 1 , BEST: 1023 , bonus = 0.0 
fitness : 1023 
 code : ,[>[,]+[.+->>]>]-,.,>>.<,+->>,+>-[,++-], 
 UInt8[0x00, 0x00] -> 0 
 UInt8[0x01, 0x00] -> 1 
 UInt8[0x00, 0x01] -> 1 
 UInt8[0x01, 0x01] -> 1 
** Tour n. 72 at 2019-08-27T17:01:14.582 
    2019-08-27T17:01:16.264 , Gen : 1 , BEST: 1023 , bonus = 0.0 
    2019-08-27T17:01:16.339 , Gen : 1 , BEST: 1023 , bonus = 0.0 
fitness : 1023 
 code : ,[>[,]+[.+->>]>]-,.,>>.<,+->>,+>-[,++-], 
 UInt8[0x00, 0x00] -> 0 
 UInt8[0x01, 0x00] -> 1 
 UInt8[0x00, 0x01] -> 1 
 UInt8[0x01, 0x01] -> 1 
** Tour n. 73 at 2019-08-27T17:01:16.426 
    2019-08-27T17:01:18.363 , Gen : 1 , BEST: 1023 , bonus = 0.0 
    2019-08-27T17:01:18.443 , Gen : 1 , BEST: 1023 , bonus = 0.0 
fitness : 1023 
 code : ,[>[,]+[.+->>]>]-,.,>>.<,+->>,+>-[,++-], 
 UInt8[0x00, 0x00] -> 0 
 UInt8[0x01, 0x00] -> 1 
 UInt8[0x00, 0x01] -> 1 
 UInt8[0x01, 0x01] -> 1 
** Tour n. 74 at 2019-08-27T17:01:18.519 
    2019-08-27T17:01:20.342 , Gen : 1 , BEST: 1023 , bonus = 0.0 
    2019-08-27T17:01:20.674 , Gen : 1 , BEST: 1023 , bonus = 0.0 
fitness : 1023 
 code : ,[>[,]+[.+->>]>]-,.,>>.<,+->>,+>-[,++-], 
 UInt8[0x00, 0x00] -> 0 
 UInt8[0x01, 0x00] -> 1 
 UInt8[0x00, 0x01] -> 1 
 UInt8[0x01, 0x01] -> 1 
** Tour n. 75 at 2019-08-27T17:01:20.77 
    2019-08-27T17:01:22.451 , Gen : 1 , BEST: 1023 , bonus = 0.0 
    2019-08-27T17:01:22.529 , Gen : 1 , BEST: 1023 , bonus = 0.0 
fitness : 1023 
 code : ,[>[,]+[.+->>]>]-,.,>>.<,+->>,+>-[,++-], 
 UInt8[0x00, 0x00] -> 0 
 UInt8[0x01, 0x00] -> 1 
 UInt8[0x00, 0x01] -> 1 
 UInt8[0x01, 0x01] -> 1 
** Tour n. 76 at 2019-08-27T17:01:22.598 
    2019-08-27T17:01:24.276 , Gen : 1 , BEST: 1023 , bonus = 0.0 
    2019-08-27T17:01:24.352 , Gen : 1 , BEST: 1023 , bonus = 0.0 
fitness : 1023 
 code : ,[>[,]+[.+->>]>]-,.,>>.<,+->>,+>-[,++-], 
 UInt8[0x00, 0x00] -> 0 
 UInt8[0x01, 0x00] -> 1 
 UInt8[0x00, 0x01] -> 1 
 UInt8[0x01, 0x01] -> 1 
** Tour n. 77 at 2019-08-27T17:01:24.434 
    2019-08-27T17:01:26.392 , Gen : 1 , BEST: 1023 , bonus = 0.0 
    2019-08-27T17:01:26.492 , Gen : 1 , BEST: 1023 , bonus = 0.0 
fitness : 1023 
 code : ,[>[,]+[.+->>]>]-,.,>>.<,+->>,+>-[,++-], 
 UInt8[0x00, 0x00] -> 0 
 UInt8[0x01, 0x00] -> 1 
 UInt8[0x00, 0x01] -> 1 
 UInt8[0x01, 0x01] -> 1 
** Tour n. 78 at 2019-08-27T17:01:26.566 
    2019-08-27T17:01:28.541 , Gen : 1 , BEST: 1023 , bonus = 0.0 
    2019-08-27T17:01:28.609 , Gen : 1 , BEST: 1023 , bonus = 0.0 
fitness : 1023 
 code : ,[>[,]+[.+->>]>]-,.,>>.<,+->>,+>-[,++-], 
 UInt8[0x00, 0x00] -> 0 
 UInt8[0x01, 0x00] -> 1 
 UInt8[0x00, 0x01] -> 1 
 UInt8[0x01, 0x01] -> 1 
** Tour n. 79 at 2019-08-27T17:01:28.668 
    2019-08-27T17:01:30.734 , Gen : 1 , BEST: 1023 , bonus = 0.0 
    2019-08-27T17:01:31.053 , Gen : 1 , BEST: 1023 , bonus = 0.0 
fitness : 1023 
 code : ,[>[,]+[.+->>]>]-,.,>>.<,+->>,+>-[,++-], 
 UInt8[0x00, 0x00] -> 0 
 UInt8[0x01, 0x00] -> 1 
 UInt8[0x00, 0x01] -> 1 
 UInt8[0x01, 0x01] -> 1 
** Tour n. 80 at 2019-08-27T17:01:31.133 
    2019-08-27T17:01:32.935 , Gen : 1 , BEST: 1023 , bonus = 0.0 
    2019-08-27T17:01:33 , Gen : 1 , BEST: 1023 , bonus = 0.0 
fitness : 1023 
 code : ,[>[,]+[.+->>]>]-,.,>>.<,+->>,+>-[,++-], 
 UInt8[0x00, 0x00] -> 0 
 UInt8[0x01, 0x00] -> 1 
 UInt8[0x00, 0x01] -> 1 
 UInt8[0x01, 0x01] -> 1 
** Tour n. 81 at 2019-08-27T17:01:33.07 
    2019-08-27T17:01:34.805 , Gen : 1 , BEST: 1023 , bonus = 0.0 
    2019-08-27T17:01:34.842 , Gen : 1 , BEST: 1023 , bonus = 0.0 
fitness : 1023 
 code : ,[>[,]+[.+->>]>]-,.,>>.<,+->>,+>-[,++-], 
 UInt8[0x00, 0x00] -> 0 
 UInt8[0x01, 0x00] -> 1 
 UInt8[0x00, 0x01] -> 1 
 UInt8[0x01, 0x01] -> 1 
** Tour n. 82 at 2019-08-27T17:01:34.916 
    2019-08-27T17:01:36.525 , Gen : 1 , BEST: 1023 , bonus = 0.0 
    2019-08-27T17:01:36.599 , Gen : 1 , BEST: 1023 , bonus = 0.0 
fitness : 1023 
 code : ,[>[,]+[.+->>]>]-,.,>>.<,+->>,+>-[,++-], 
 UInt8[0x00, 0x00] -> 0 
 UInt8[0x01, 0x00] -> 1 
 UInt8[0x00, 0x01] -> 1 
 UInt8[0x01, 0x01] -> 1 
** Tour n. 83 at 2019-08-27T17:01:36.696 
    2019-08-27T17:01:38.675 , Gen : 1 , BEST: 1023 , bonus = 0.0 
    2019-08-27T17:01:38.746 , Gen : 1 , BEST: 1023 , bonus = 0.0 
fitness : 1023 
 code : ,[>[,]+[.+->>]>]-,.,>>.<,+->>,+>-[,++-], 
 UInt8[0x00, 0x00] -> 0 
 UInt8[0x01, 0x00] -> 1 
 UInt8[0x00, 0x01] -> 1 
 UInt8[0x01, 0x01] -> 1 
** Tour n. 84 at 2019-08-27T17:01:38.812 
    2019-08-27T17:01:40.699 , Gen : 1 , BEST: 1023 , bonus = 0.0 
    2019-08-27T17:01:40.762 , Gen : 1 , BEST: 1023 , bonus = 0.0 
fitness : 1023 
 code : ,[>[,]+[.+->>]>]-,.,>>.<,+->>,+>-[,++-], 
 UInt8[0x00, 0x00] -> 0 
 UInt8[0x01, 0x00] -> 1 
 UInt8[0x00, 0x01] -> 1 
 UInt8[0x01, 0x01] -> 1 
** Tour n. 85 at 2019-08-27T17:01:40.837 
    2019-08-27T17:01:42.487 , Gen : 1 , BEST: 1023 , bonus = 0.0 
    2019-08-27T17:01:42.567 , Gen : 1 , BEST: 1023 , bonus = 0.0 
fitness : 1023 
 code : ,[>[,]+[.+->>]>]-,.,>>.<,+->>,+>-[,++-], 
 UInt8[0x00, 0x00] -> 0 
 UInt8[0x01, 0x00] -> 1 
 UInt8[0x00, 0x01] -> 1 
 UInt8[0x01, 0x01] -> 1 
** Tour n. 86 at 2019-08-27T17:01:42.645 
    2019-08-27T17:01:45.003 , Gen : 1 , BEST: 1023 , bonus = 0.0 
    2019-08-27T17:01:45.114 , Gen : 1 , BEST: 1023 , bonus = 0.0 
fitness : 1023 
 code : ,[>[,]+[.+->>]>]-,.,>>.<,+->>,+>-[,++-], 
 UInt8[0x00, 0x00] -> 0 
 UInt8[0x01, 0x00] -> 1 
 UInt8[0x00, 0x01] -> 1 
 UInt8[0x01, 0x01] -> 1 
** Tour n. 87 at 2019-08-27T17:01:45.197 
    2019-08-27T17:01:46.907 , Gen : 1 , BEST: 1023 , bonus = 0.0 
    2019-08-27T17:01:46.983 , Gen : 1 , BEST: 1023 , bonus = 0.0 
fitness : 1023 
 code : ,[>[,]+[.+->>]>]-,.,>>.<,+->>,+>-[,++-], 
 UInt8[0x00, 0x00] -> 0 
 UInt8[0x01, 0x00] -> 1 
 UInt8[0x00, 0x01] -> 1 
 UInt8[0x01, 0x01] -> 1 
** Tour n. 88 at 2019-08-27T17:01:47.071 
    2019-08-27T17:01:48.726 , Gen : 1 , BEST: 1023 , bonus = 0.0 
    2019-08-27T17:01:48.793 , Gen : 1 , BEST: 1023 , bonus = 0.0 
fitness : 1023 
 code : ,[>[,]+[.+->>]>]-,.,>>.<,+->>,+>-[,++-], 
 UInt8[0x00, 0x00] -> 0 
 UInt8[0x01, 0x00] -> 1 
 UInt8[0x00, 0x01] -> 1 
 UInt8[0x01, 0x01] -> 1 
** Tour n. 89 at 2019-08-27T17:01:48.874 
    2019-08-27T17:01:50.816 , Gen : 1 , BEST: 1023 , bonus = 0.0 
    2019-08-27T17:01:51.053 , Gen : 1 , BEST: 1023 , bonus = 0.0 
fitness : 1023 
 code : ,[>[,]+[.+->>]>]-,.,>>.<,+->>,+>-[,++-], 
 UInt8[0x00, 0x00] -> 0 
 UInt8[0x01, 0x00] -> 1 
 UInt8[0x00, 0x01] -> 1 
 UInt8[0x01, 0x01] -> 1 
** Tour n. 90 at 2019-08-27T17:01:51.141 
    2019-08-27T17:01:52.684 , Gen : 1 , BEST: 1023 , bonus = 0.0 
    2019-08-27T17:01:52.744 , Gen : 1 , BEST: 1023 , bonus = 0.0 
fitness : 1023 
 code : ,[>[,]+[.+->>]>]-,.,>>.<,+->>,+>-[,++-], 
 UInt8[0x00, 0x00] -> 0 
 UInt8[0x01, 0x00] -> 1 
 UInt8[0x00, 0x01] -> 1 
 UInt8[0x01, 0x01] -> 1 
** Tour n. 91 at 2019-08-27T17:01:52.825 
    2019-08-27T17:01:54.508 , Gen : 1 , BEST: 1023 , bonus = 0.0 
    2019-08-27T17:01:54.599 , Gen : 1 , BEST: 1023 , bonus = 0.0 
fitness : 1023 
 code : ,[>[,]+[.+->>]>]-,.,>>.<,+->>,+>-[,++-], 
 UInt8[0x00, 0x00] -> 0 
 UInt8[0x01, 0x00] -> 1 
 UInt8[0x00, 0x01] -> 1 
 UInt8[0x01, 0x01] -> 1 
** Tour n. 92 at 2019-08-27T17:01:54.674 
    2019-08-27T17:01:56.449 , Gen : 1 , BEST: 1023 , bonus = 0.0 
    2019-08-27T17:01:56.687 , Gen : 1 , BEST: 1023 , bonus = 0.0 
fitness : 1023 
 code : ,[>[,]+[.+->>]>]-,.,>>.<,+->>,+>-[,++-], 
 UInt8[0x00, 0x00] -> 0 
 UInt8[0x01, 0x00] -> 1 
 UInt8[0x00, 0x01] -> 1 
 UInt8[0x01, 0x01] -> 1 
** Tour n. 93 at 2019-08-27T17:01:56.766 
    2019-08-27T17:01:58.483 , Gen : 1 , BEST: 1023 , bonus = 0.0 
    2019-08-27T17:01:58.555 , Gen : 1 , BEST: 1023 , bonus = 0.0 
fitness : 1023 
 code : ,[>[,]+[.+->>]>]-,.,>>.<,+->>,+>-[,++-], 
 UInt8[0x00, 0x00] -> 0 
 UInt8[0x01, 0x00] -> 1 
 UInt8[0x00, 0x01] -> 1 
 UInt8[0x01, 0x01] -> 1 
** Tour n. 94 at 2019-08-27T17:01:58.618 
    2019-08-27T17:02:00.214 , Gen : 1 , BEST: 1023 , bonus = 0.0 
    2019-08-27T17:02:00.293 , Gen : 1 , BEST: 1023 , bonus = 0.0 
fitness : 1023 
 code : ,[>[,]+[.+->>]>]-,.,>>.<,+->>,+>-[,++-], 
 UInt8[0x00, 0x00] -> 0 
 UInt8[0x01, 0x00] -> 1 
 UInt8[0x00, 0x01] -> 1 
 UInt8[0x01, 0x01] -> 1 
** Tour n. 95 at 2019-08-27T17:02:00.366 
    2019-08-27T17:02:02.055 , Gen : 1 , BEST: 1023 , bonus = 0.0 
    2019-08-27T17:02:02.13 , Gen : 1 , BEST: 1023 , bonus = 0.0 
fitness : 1023 
 code : ,[>[,]+[.+->>]>]-,.,>>.<,+->>,+>-[,++-], 
 UInt8[0x00, 0x00] -> 0 
 UInt8[0x01, 0x00] -> 1 
 UInt8[0x00, 0x01] -> 1 
 UInt8[0x01, 0x01] -> 1 
** Tour n. 96 at 2019-08-27T17:02:02.203 
    2019-08-27T17:02:04.048 , Gen : 1 , BEST: 1023 , bonus = 0.0 
    2019-08-27T17:02:04.118 , Gen : 1 , BEST: 1023 , bonus = 0.0 
fitness : 1023 
 code : ,[>[,]+[.+->>]>]-,.,>>.<,+->>,+>-[,++-], 
 UInt8[0x00, 0x00] -> 0 
 UInt8[0x01, 0x00] -> 1 
 UInt8[0x00, 0x01] -> 1 
 UInt8[0x01, 0x01] -> 1 
** Tour n. 97 at 2019-08-27T17:02:04.205 
    2019-08-27T17:02:06.198 , Gen : 1 , BEST: 1023 , bonus = 0.0 
    2019-08-27T17:02:06.286 , Gen : 1 , BEST: 1023 , bonus = 0.0 
fitness : 1023 
 code : ,[>[,]+[.+->>]>]-,.,>>.<,+->>,+>-[,++-], 
 UInt8[0x00, 0x00] -> 0 
 UInt8[0x01, 0x00] -> 1 
 UInt8[0x00, 0x01] -> 1 
 UInt8[0x01, 0x01] -> 1 
** Tour n. 98 at 2019-08-27T17:02:06.363 
    2019-08-27T17:02:08.079 , Gen : 1 , BEST: 1023 , bonus = 0.0 
    2019-08-27T17:02:08.152 , Gen : 1 , BEST: 1023 , bonus = 0.0 
fitness : 1023 
 code : ,[>[,]+[.+->>]>]-,.,>>.<,+->>,+>-[,++-], 
 UInt8[0x00, 0x00] -> 0 
 UInt8[0x01, 0x00] -> 1 
 UInt8[0x00, 0x01] -> 1 
 UInt8[0x01, 0x01] -> 1 
** Tour n. 99 at 2019-08-27T17:02:08.236 
    2019-08-27T17:02:09.788 , Gen : 1 , BEST: 1023 , bonus = 0.0 
    2019-08-27T17:02:09.869 , Gen : 1 , BEST: 1023 , bonus = 0.0 
fitness : 1023 
 code : ,[>[,]+[.+->>]>]-,.,>>.<,+->>,+>-[,++-], 
 UInt8[0x00, 0x00] -> 0 
 UInt8[0x01, 0x00] -> 1 
 UInt8[0x00, 0x01] -> 1 
 UInt8[0x01, 0x01] -> 1 
** Tour n. 100 at 2019-08-27T17:02:09.936 
    2019-08-27T17:02:12.354 , Gen : 1 , BEST: 1023 , bonus = 0.0 
    2019-08-27T17:02:12.461 , Gen : 1 , BEST: 1023 , bonus = 0.0 
fitness : 1023 
 code : ,[>[,]+[.+->>]>]-,.,>>.<,+->>,+>-[,++-], 
 UInt8[0x00, 0x00] -> 0 
 UInt8[0x01, 0x00] -> 1 
 UInt8[0x00, 0x01] -> 1 
 UInt8[0x01, 0x01] -> 1 
** Tour n. 101 at 2019-08-27T17:02:12.543 
    2019-08-27T17:02:14.244 , Gen : 1 , BEST: 1023 , bonus = 0.0 
    2019-08-27T17:02:14.699 , Gen : 1 , BEST: 1023 , bonus = 0.0 
fitness : 1023 
 code : ,[>[,]+[.+->>]>]-,.,>>.<,+->>,+>-[,++-], 
 UInt8[0x00, 0x00] -> 0 
 UInt8[0x01, 0x00] -> 1 
 UInt8[0x00, 0x01] -> 1 
 UInt8[0x01, 0x01] -> 1 
** Tour n. 102 at 2019-08-27T17:02:14.78 
    2019-08-27T17:02:16.626 , Gen : 1 , BEST: 1023 , bonus = 0.0 
    2019-08-27T17:02:16.698 , Gen : 1 , BEST: 1023 , bonus = 0.0 
fitness : 1023 
 code : ,[>[,]+[.+->>]>]-,.,>>.<,+->>,+>-[,++-], 
 UInt8[0x00, 0x00] -> 0 
 UInt8[0x01, 0x00] -> 1 
 UInt8[0x00, 0x01] -> 1 
 UInt8[0x01, 0x01] -> 1 
** Tour n. 103 at 2019-08-27T17:02:16.772 
    2019-08-27T17:02:18.548 , Gen : 1 , BEST: 1023 , bonus = 0.0 
    2019-08-27T17:02:18.634 , Gen : 1 , BEST: 1023 , bonus = 0.0 
fitness : 1023 
 code : ,[>[,]+[.+->>]>]-,.,>>.<,+->>,+>-[,++-], 
 UInt8[0x00, 0x00] -> 0 
 UInt8[0x01, 0x00] -> 1 
 UInt8[0x00, 0x01] -> 1 
 UInt8[0x01, 0x01] -> 1 
** Tour n. 104 at 2019-08-27T17:02:18.73 
    2019-08-27T17:02:20.399 , Gen : 1 , BEST: 1023 , bonus = 0.0 
    2019-08-27T17:02:20.47 , Gen : 1 , BEST: 1023 , bonus = 0.0 
fitness : 1023 
 code : ,[>[,]+[.+->>]>]-,.,>>.<,+->>,+>-[,++-], 
 UInt8[0x00, 0x00] -> 0 
 UInt8[0x01, 0x00] -> 1 
 UInt8[0x00, 0x01] -> 1 
 UInt8[0x01, 0x01] -> 1 
** Tour n. 105 at 2019-08-27T17:02:20.543 
    2019-08-27T17:02:22.409 , Gen : 1 , BEST: 1023 , bonus = 0.0 
    2019-08-27T17:02:22.486 , Gen : 1 , BEST: 1023 , bonus = 0.0 
fitness : 1023 
 code : ,[>[,]+[.+->>]>]-,.,>>.<,+->>,+>-[,++-], 
 UInt8[0x00, 0x00] -> 0 
 UInt8[0x01, 0x00] -> 1 
 UInt8[0x00, 0x01] -> 1 
 UInt8[0x01, 0x01] -> 1 
** Tour n. 106 at 2019-08-27T17:02:22.573 
    2019-08-27T17:02:24.326 , Gen : 1 , BEST: 1023 , bonus = 0.0 
    2019-08-27T17:02:24.408 , Gen : 1 , BEST: 1023 , bonus = 0.0 
fitness : 1023 
 code : ,[>[,]+[.+->>]>]-,.,>>.<,+->>,+>-[,++-], 
 UInt8[0x00, 0x00] -> 0 
 UInt8[0x01, 0x00] -> 1 
 UInt8[0x00, 0x01] -> 1 
 UInt8[0x01, 0x01] -> 1 
** Tour n. 107 at 2019-08-27T17:02:24.482 
    2019-08-27T17:02:26.129 , Gen : 1 , BEST: 1023 , bonus = 0.0 
    2019-08-27T17:02:26.197 , Gen : 1 , BEST: 1023 , bonus = 0.0 
fitness : 1023 
 code : ,[>[,]+[.+->>]>]-,.,>>.<,+->>,+>-[,++-], 
 UInt8[0x00, 0x00] -> 0 
 UInt8[0x01, 0x00] -> 1 
 UInt8[0x00, 0x01] -> 1 
 UInt8[0x01, 0x01] -> 1 
** Tour n. 108 at 2019-08-27T17:02:26.282 
    2019-08-27T17:02:28.113 , Gen : 1 , BEST: 1023 , bonus = 0.0 
    2019-08-27T17:02:28.443 , Gen : 1 , BEST: 1023 , bonus = 0.0 
fitness : 1023 
 code : ,[>[,]+[.+->>]>]-,.,>>.<,+->>,+>-[,++-], 
 UInt8[0x00, 0x00] -> 0 
 UInt8[0x01, 0x00] -> 1 
 UInt8[0x00, 0x01] -> 1 
 UInt8[0x01, 0x01] -> 1 
** Tour n. 109 at 2019-08-27T17:02:28.511 
    2019-08-27T17:02:30.222 , Gen : 1 , BEST: 1023 , bonus = 0.0 
    2019-08-27T17:02:30.301 , Gen : 1 , BEST: 1023 , bonus = 0.0 
fitness : 1023 
 code : ,[>[,]+[.+->>]>]-,.,>>.<,+->>,+>-[,++-], 
 UInt8[0x00, 0x00] -> 0 
 UInt8[0x01, 0x00] -> 1 
 UInt8[0x00, 0x01] -> 1 
 UInt8[0x01, 0x01] -> 1 
** Tour n. 110 at 2019-08-27T17:02:30.381 
    2019-08-27T17:02:32.151 , Gen : 1 , BEST: 1023 , bonus = 0.0 
    2019-08-27T17:02:32.486 , Gen : 1 , BEST: 1023 , bonus = 0.0 
fitness : 1023 
 code : ,[>[,]+[.+->>]>]-,.,>>.<,+->>,+>-[,++-], 
 UInt8[0x00, 0x00] -> 0 
 UInt8[0x01, 0x00] -> 1 
 UInt8[0x00, 0x01] -> 1 
 UInt8[0x01, 0x01] -> 1 
** Tour n. 111 at 2019-08-27T17:02:32.571 
    2019-08-27T17:02:34.592 , Gen : 1 , BEST: 1023 , bonus = 0.0 
    2019-08-27T17:02:34.844 , Gen : 1 , BEST: 1023 , bonus = 0.0 
fitness : 1023 
 code : ,[>[,]+[.+->>]>]-,.,>>.<,+->>,+>-[,++-], 
 UInt8[0x00, 0x00] -> 0 
 UInt8[0x01, 0x00] -> 1 
 UInt8[0x00, 0x01] -> 1 
 UInt8[0x01, 0x01] -> 1 
** Tour n. 112 at 2019-08-27T17:02:34.923 
    2019-08-27T17:02:36.545 , Gen : 1 , BEST: 1023 , bonus = 0.0 
    2019-08-27T17:02:36.622 , Gen : 1 , BEST: 1023 , bonus = 0.0 
fitness : 1023 
 code : ,[>[,]+[.+->>]>]-,.,>>.<,+->>,+>-[,++-], 
 UInt8[0x00, 0x00] -> 0 
 UInt8[0x01, 0x00] -> 1 
 UInt8[0x00, 0x01] -> 1 
 UInt8[0x01, 0x01] -> 1 
** Tour n. 113 at 2019-08-27T17:02:36.693 
    2019-08-27T17:02:38.459 , Gen : 1 , BEST: 1023 , bonus = 0.0 
    2019-08-27T17:02:38.53 , Gen : 1 , BEST: 1023 , bonus = 0.0 
fitness : 1023 
 code : ,[>[,]+[.+->>]>]-,.,>>.<,+->>,+>-[,++-], 
 UInt8[0x00, 0x00] -> 0 
 UInt8[0x01, 0x00] -> 1 
 UInt8[0x00, 0x01] -> 1 
 UInt8[0x01, 0x01] -> 1 
** Tour n. 114 at 2019-08-27T17:02:38.587 
    2019-08-27T17:02:40.737 , Gen : 1 , BEST: 1023 , bonus = 0.0 
    2019-08-27T17:02:40.797 , Gen : 1 , BEST: 1023 , bonus = 0.0 
fitness : 1023 
 code : ,[>[,]+[.+->>]>]-,.,>>.<,+->>,+>-[,++-], 
 UInt8[0x00, 0x00] -> 0 
 UInt8[0x01, 0x00] -> 1 
 UInt8[0x00, 0x01] -> 1 
 UInt8[0x01, 0x01] -> 1 
** Tour n. 115 at 2019-08-27T17:02:40.876 
    2019-08-27T17:02:42.677 , Gen : 1 , BEST: 1023 , bonus = 0.0 
    2019-08-27T17:02:42.926 , Gen : 1 , BEST: 1023 , bonus = 0.0 
fitness : 1023 
 code : ,[>[,]+[.+->>]>]-,.,>>.<,+->>,+>-[,++-], 
 UInt8[0x00, 0x00] -> 0 
 UInt8[0x01, 0x00] -> 1 
 UInt8[0x00, 0x01] -> 1 
 UInt8[0x01, 0x01] -> 1 
** Tour n. 116 at 2019-08-27T17:02:43 
    2019-08-27T17:02:44.778 , Gen : 1 , BEST: 1023 , bonus = 0.0 
    2019-08-27T17:02:44.998 , Gen : 1 , BEST: 1023 , bonus = 0.0 
fitness : 1023 
 code : ,[>[,]+[.+->>]>]-,.,>>.<,+->>,+>-[,++-], 
 UInt8[0x00, 0x00] -> 0 
 UInt8[0x01, 0x00] -> 1 
 UInt8[0x00, 0x01] -> 1 
 UInt8[0x01, 0x01] -> 1 
** Tour n. 117 at 2019-08-27T17:02:45.065 
    2019-08-27T17:02:46.78 , Gen : 1 , BEST: 1023 , bonus = 0.0 
    2019-08-27T17:02:46.834 , Gen : 1 , BEST: 1023 , bonus = 0.0 
fitness : 1023 
 code : ,[>[,]+[.+->>]>]-,.,>>.<,+->>,+>-[,++-], 
 UInt8[0x00, 0x00] -> 0 
 UInt8[0x01, 0x00] -> 1 
 UInt8[0x00, 0x01] -> 1 
 UInt8[0x01, 0x01] -> 1 
** Tour n. 118 at 2019-08-27T17:02:46.912 
    2019-08-27T17:02:48.656 , Gen : 1 , BEST: 1023 , bonus = 0.0 
    2019-08-27T17:02:48.724 , Gen : 1 , BEST: 1023 , bonus = 0.0 
fitness : 1023 
 code : ,[>[,]+[.+->>]>]-,.,>>.<,+->>,+>-[,++-], 
 UInt8[0x00, 0x00] -> 0 
 UInt8[0x01, 0x00] -> 1 
 UInt8[0x00, 0x01] -> 1 
 UInt8[0x01, 0x01] -> 1 
** Tour n. 119 at 2019-08-27T17:02:48.797 
    2019-08-27T17:02:50.548 , Gen : 1 , BEST: 1023 , bonus = 0.0 
    2019-08-27T17:02:50.92 , Gen : 1 , BEST: 1023 , bonus = 0.0 
fitness : 1023 
 code : ,[>[,]+[.+->>]>]-,.,>>.<,+->>,+>-[,++-], 
 UInt8[0x00, 0x00] -> 0 
 UInt8[0x01, 0x00] -> 1 
 UInt8[0x00, 0x01] -> 1 
 UInt8[0x01, 0x01] -> 1 
** Tour n. 120 at 2019-08-27T17:02:50.987 
    2019-08-27T17:02:52.76 , Gen : 1 , BEST: 1023 , bonus = 0.0 
    2019-08-27T17:02:52.83 , Gen : 1 , BEST: 1023 , bonus = 0.0 
fitness : 1023 
 code : ,[>[,]+[.+->>]>]-,.,>>.<,+->>,+>-[,++-], 
 UInt8[0x00, 0x00] -> 0 
 UInt8[0x01, 0x00] -> 1 
 UInt8[0x00, 0x01] -> 1 
 UInt8[0x01, 0x01] -> 1 
** Tour n. 121 at 2019-08-27T17:02:52.897 
    2019-08-27T17:02:54.368 , Gen : 1 , BEST: 1023 , bonus = 0.0 
    2019-08-27T17:02:54.446 , Gen : 1 , BEST: 1023 , bonus = 0.0 
fitness : 1023 
 code : ,[>[,]+[.+->>]>]-,.,>>.<,+->>,+>-[,++-], 
 UInt8[0x00, 0x00] -> 0 
 UInt8[0x01, 0x00] -> 1 
 UInt8[0x00, 0x01] -> 1 
 UInt8[0x01, 0x01] -> 1 
** Tour n. 122 at 2019-08-27T17:02:54.507 
    2019-08-27T17:02:56.519 , Gen : 1 , BEST: 1023 , bonus = 0.0 
    2019-08-27T17:02:56.616 , Gen : 1 , BEST: 1023 , bonus = 0.0 
fitness : 1023 
 code : ,[>[,]+[.+->>]>]-,.,>>.<,+->>,+>-[,++-], 
 UInt8[0x00, 0x00] -> 0 
 UInt8[0x01, 0x00] -> 1 
 UInt8[0x00, 0x01] -> 1 
 UInt8[0x01, 0x01] -> 1 
** Tour n. 123 at 2019-08-27T17:02:56.693 
    2019-08-27T17:02:58.451 , Gen : 1 , BEST: 1023 , bonus = 0.0 
    2019-08-27T17:02:58.531 , Gen : 1 , BEST: 1023 , bonus = 0.0 
fitness : 1023 
 code : ,[>[,]+[.+->>]>]-,.,>>.<,+->>,+>-[,++-], 
 UInt8[0x00, 0x00] -> 0 
 UInt8[0x01, 0x00] -> 1 
 UInt8[0x00, 0x01] -> 1 
 UInt8[0x01, 0x01] -> 1 
** Tour n. 124 at 2019-08-27T17:02:58.601 
    2019-08-27T17:03:00.308 , Gen : 1 , BEST: 1023 , bonus = 0.0 
    2019-08-27T17:03:00.644 , Gen : 1 , BEST: 1023 , bonus = 0.0 
fitness : 1023 
 code : ,[>[,]+[.+->>]>]-,.,>>.<,+->>,+>-[,++-], 
 UInt8[0x00, 0x00] -> 0 
 UInt8[0x01, 0x00] -> 1 
 UInt8[0x00, 0x01] -> 1 
 UInt8[0x01, 0x01] -> 1 
** Tour n. 125 at 2019-08-27T17:03:00.729 
    2019-08-27T17:03:02.55 , Gen : 1 , BEST: 1023 , bonus = 0.0 
    2019-08-27T17:03:02.628 , Gen : 1 , BEST: 1023 , bonus = 0.0 
fitness : 1023 
 code : ,[>[,]+[.+->>]>]-,.,>>.<,+->>,+>-[,++-], 
 UInt8[0x00, 0x00] -> 0 
 UInt8[0x01, 0x00] -> 1 
 UInt8[0x00, 0x01] -> 1 
 UInt8[0x01, 0x01] -> 1 
** Tour n. 126 at 2019-08-27T17:03:02.702 
    2019-08-27T17:03:04.37 , Gen : 1 , BEST: 1023 , bonus = 0.0 
    2019-08-27T17:03:04.45 , Gen : 1 , BEST: 1023 , bonus = 0.0 
fitness : 1023 
 code : ,[>[,]+[.+->>]>]-,.,>>.<,+->>,+>-[,++-], 
 UInt8[0x00, 0x00] -> 0 
 UInt8[0x01, 0x00] -> 1 
 UInt8[0x00, 0x01] -> 1 
 UInt8[0x01, 0x01] -> 1 
** Tour n. 127 at 2019-08-27T17:03:04.52 
    2019-08-27T17:03:06.282 , Gen : 1 , BEST: 1023 , bonus = 0.0 
    2019-08-27T17:03:06.363 , Gen : 1 , BEST: 1023 , bonus = 0.0 
fitness : 1023 
 code : ,[>[,]+[.+->>]>]-,.,>>.<,+->>,+>-[,++-], 
 UInt8[0x00, 0x00] -> 0 
 UInt8[0x01, 0x00] -> 1 
 UInt8[0x00, 0x01] -> 1 
 UInt8[0x01, 0x01] -> 1 
** Tour n. 128 at 2019-08-27T17:03:06.442 
    2019-08-27T17:03:08.188 , Gen : 1 , BEST: 1023 , bonus = 0.0 
    2019-08-27T17:03:08.265 , Gen : 1 , BEST: 1023 , bonus = 0.0 
fitness : 1023 
 code : ,[>[,]+[.+->>]>]-,.,>>.<,+->>,+>-[,++-], 
 UInt8[0x00, 0x00] -> 0 
 UInt8[0x01, 0x00] -> 1 
 UInt8[0x00, 0x01] -> 1 
 UInt8[0x01, 0x01] -> 1 
** Tour n. 129 at 2019-08-27T17:03:08.339 
    2019-08-27T17:03:10.063 , Gen : 1 , BEST: 1023 , bonus = 0.0 
    2019-08-27T17:03:10.136 , Gen : 1 , BEST: 1023 , bonus = 0.0 
fitness : 1023 
 code : ,[>[,]+[.+->>]>]-,.,>>.<,+->>,+>-[,++-], 
 UInt8[0x00, 0x00] -> 0 
 UInt8[0x01, 0x00] -> 1 
 UInt8[0x00, 0x01] -> 1 
 UInt8[0x01, 0x01] -> 1 
** Tour n. 130 at 2019-08-27T17:03:10.223 
    2019-08-27T17:03:11.994 , Gen : 1 , BEST: 1023 , bonus = 0.0 
    2019-08-27T17:03:12.067 , Gen : 1 , BEST: 1023 , bonus = 0.0 
fitness : 1023 
 code : ,[>[,]+[.+->>]>]-,.,>>.<,+->>,+>-[,++-], 
 UInt8[0x00, 0x00] -> 0 
 UInt8[0x01, 0x00] -> 1 
 UInt8[0x00, 0x01] -> 1 
 UInt8[0x01, 0x01] -> 1 
** Tour n. 131 at 2019-08-27T17:03:12.158 
    2019-08-27T17:03:13.866 , Gen : 1 , BEST: 1023 , bonus = 0.0 
    2019-08-27T17:03:13.934 , Gen : 1 , BEST: 1023 , bonus = 0.0 
fitness : 1023 
 code : ,[>[,]+[.+->>]>]-,.,>>.<,+->>,+>-[,++-], 
 UInt8[0x00, 0x00] -> 0 
 UInt8[0x01, 0x00] -> 1 
 UInt8[0x00, 0x01] -> 1 
 UInt8[0x01, 0x01] -> 1 
** Tour n. 132 at 2019-08-27T17:03:13.996 
    2019-08-27T17:03:15.696 , Gen : 1 , BEST: 1023 , bonus = 0.0 
    2019-08-27T17:03:15.773 , Gen : 1 , BEST: 1023 , bonus = 0.0 
fitness : 1023 
 code : ,[>[,]+[.+->>]>]-,.,>>.<,+->>,+>-[,++-], 
 UInt8[0x00, 0x00] -> 0 
 UInt8[0x01, 0x00] -> 1 
 UInt8[0x00, 0x01] -> 1 
 UInt8[0x01, 0x01] -> 1 
** Tour n. 133 at 2019-08-27T17:03:15.842 
    2019-08-27T17:03:17.873 , Gen : 1 , BEST: 1023 , bonus = 0.0 
    2019-08-27T17:03:17.965 , Gen : 1 , BEST: 1023 , bonus = 0.0 
fitness : 1023 
 code : ,[>[,]+[.+->>]>]-,.,>>.<,+->>,+>-[,++-], 
 UInt8[0x00, 0x00] -> 0 
 UInt8[0x01, 0x00] -> 1 
 UInt8[0x00, 0x01] -> 1 
 UInt8[0x01, 0x01] -> 1 
** Tour n. 134 at 2019-08-27T17:03:18.06 
    2019-08-27T17:03:20.103 , Gen : 1 , BEST: 1023 , bonus = 0.0 
    2019-08-27T17:03:20.199 , Gen : 1 , BEST: 1023 , bonus = 0.0 
fitness : 1023 
 code : ,[>[,]+[.+->>]>]-,.,>>.<,+->>,+>-[,++-], 
 UInt8[0x00, 0x00] -> 0 
 UInt8[0x01, 0x00] -> 1 
 UInt8[0x00, 0x01] -> 1 
 UInt8[0x01, 0x01] -> 1 
** Tour n. 135 at 2019-08-27T17:03:20.281 
    2019-08-27T17:03:21.886 , Gen : 1 , BEST: 1023 , bonus = 0.0 
    2019-08-27T17:03:22.127 , Gen : 1 , BEST: 1023 , bonus = 0.0 
fitness : 1023 
 code : ,[>[,]+[.+->>]>]-,.,>>.<,+->>,+>-[,++-], 
 UInt8[0x00, 0x00] -> 0 
 UInt8[0x01, 0x00] -> 1 
 UInt8[0x00, 0x01] -> 1 
 UInt8[0x01, 0x01] -> 1 
** Tour n. 136 at 2019-08-27T17:03:22.205 
    2019-08-27T17:03:24.176 , Gen : 1 , BEST: 1023 , bonus = 0.0 
    2019-08-27T17:03:24.335 , Gen : 1 , BEST: 1023 , bonus = 0.0 
fitness : 1023 
 code : ,[>[,]+[.+->>]>]-,.,>>.<,+->>,+>-[,++-], 
 UInt8[0x00, 0x00] -> 0 
 UInt8[0x01, 0x00] -> 1 
 UInt8[0x00, 0x01] -> 1 
 UInt8[0x01, 0x01] -> 1 
** Tour n. 137 at 2019-08-27T17:03:24.414 
    2019-08-27T17:03:26.21 , Gen : 1 , BEST: 1023 , bonus = 0.0 
    2019-08-27T17:03:26.285 , Gen : 1 , BEST: 1023 , bonus = 0.0 
fitness : 1023 
 code : ,[>[,]+[.+->>]>]-,.,>>.<,+->>,+>-[,++-], 
 UInt8[0x00, 0x00] -> 0 
 UInt8[0x01, 0x00] -> 1 
 UInt8[0x00, 0x01] -> 1 
 UInt8[0x01, 0x01] -> 1 
** Tour n. 138 at 2019-08-27T17:03:26.365 
    2019-08-27T17:03:28.104 , Gen : 1 , BEST: 1023 , bonus = 0.0 
    2019-08-27T17:03:28.177 , Gen : 1 , BEST: 1023 , bonus = 0.0 
fitness : 1023 
 code : ,[>[,]+[.+->>]>]-,.,>>.<,+->>,+>-[,++-], 
 UInt8[0x00, 0x00] -> 0 
 UInt8[0x01, 0x00] -> 1 
 UInt8[0x00, 0x01] -> 1 
 UInt8[0x01, 0x01] -> 1 
** Tour n. 139 at 2019-08-27T17:03:28.253 
    2019-08-27T17:03:29.863 , Gen : 1 , BEST: 1023 , bonus = 0.0 
    2019-08-27T17:03:29.931 , Gen : 1 , BEST: 1023 , bonus = 0.0 
fitness : 1023 
 code : ,[>[,]+[.+->>]>]-,.,>>.<,+->>,+>-[,++-], 
 UInt8[0x00, 0x00] -> 0 
 UInt8[0x01, 0x00] -> 1 
 UInt8[0x00, 0x01] -> 1 
 UInt8[0x01, 0x01] -> 1 
** Tour n. 140 at 2019-08-27T17:03:30.002 
    2019-08-27T17:03:31.78 , Gen : 1 , BEST: 1023 , bonus = 0.0 
    2019-08-27T17:03:32.027 , Gen : 1 , BEST: 1023 , bonus = 0.0 
fitness : 1023 
 code : ,[>[,]+[.+->>]>]-,.,>>.<,+->>,+>-[,++-], 
 UInt8[0x00, 0x00] -> 0 
 UInt8[0x01, 0x00] -> 1 
 UInt8[0x00, 0x01] -> 1 
 UInt8[0x01, 0x01] -> 1 
** Tour n. 141 at 2019-08-27T17:03:32.115 
    2019-08-27T17:03:34.198 , Gen : 1 , BEST: 1023 , bonus = 0.0 
    2019-08-27T17:03:34.274 , Gen : 1 , BEST: 1023 , bonus = 0.0 
fitness : 1023 
 code : ,[>[,]+[.+->>]>]-,.,>>.<,+->>,+>-[,++-], 
 UInt8[0x00, 0x00] -> 0 
 UInt8[0x01, 0x00] -> 1 
 UInt8[0x00, 0x01] -> 1 
 UInt8[0x01, 0x01] -> 1 
** Tour n. 142 at 2019-08-27T17:03:34.38 
    2019-08-27T17:03:36.142 , Gen : 1 , BEST: 1023 , bonus = 0.0 
    2019-08-27T17:03:36.225 , Gen : 1 , BEST: 1023 , bonus = 0.0 
fitness : 1023 
 code : ,[>[,]+[.+->>]>]-,.,>>.<,+->>,+>-[,++-], 
 UInt8[0x00, 0x00] -> 0 
 UInt8[0x01, 0x00] -> 1 
 UInt8[0x00, 0x01] -> 1 
 UInt8[0x01, 0x01] -> 1 
** Tour n. 143 at 2019-08-27T17:03:36.326 
    2019-08-27T17:03:38.105 , Gen : 1 , BEST: 1023 , bonus = 0.0 
    2019-08-27T17:03:38.174 , Gen : 1 , BEST: 1023 , bonus = 0.0 
fitness : 1023 
 code : ,[>[,]+[.+->>]>]-,.,>>.<,+->>,+>-[,++-], 
 UInt8[0x00, 0x00] -> 0 
 UInt8[0x01, 0x00] -> 1 
 UInt8[0x00, 0x01] -> 1 
 UInt8[0x01, 0x01] -> 1 
** Tour n. 144 at 2019-08-27T17:03:38.26 
    2019-08-27T17:03:40.246 , Gen : 1 , BEST: 1023 , bonus = 0.0 
    2019-08-27T17:03:40.326 , Gen : 1 , BEST: 1023 , bonus = 0.0 
fitness : 1023 
 code : ,[>[,]+[.+->>]>]-,.,>>.<,+->>,+>-[,++-], 
 UInt8[0x00, 0x00] -> 0 
 UInt8[0x01, 0x00] -> 1 
 UInt8[0x00, 0x01] -> 1 
 UInt8[0x01, 0x01] -> 1 
** Tour n. 145 at 2019-08-27T17:03:40.408 
    2019-08-27T17:03:42.071 , Gen : 1 , BEST: 1023 , bonus = 0.0 
    2019-08-27T17:03:42.132 , Gen : 1 , BEST: 1023 , bonus = 0.0 
fitness : 1023 
 code : ,[>[,]+[.+->>]>]-,.,>>.<,+->>,+>-[,++-], 
 UInt8[0x00, 0x00] -> 0 
 UInt8[0x01, 0x00] -> 1 
 UInt8[0x00, 0x01] -> 1 
 UInt8[0x01, 0x01] -> 1 
** Tour n. 146 at 2019-08-27T17:03:42.209 
    2019-08-27T17:03:43.777 , Gen : 1 , BEST: 1023 , bonus = 0.0 
    2019-08-27T17:03:43.838 , Gen : 1 , BEST: 1023 , bonus = 0.0 
fitness : 1023 
 code : ,[>[,]+[.+->>]>]-,.,>>.<,+->>,+>-[,++-], 
 UInt8[0x00, 0x00] -> 0 
 UInt8[0x01, 0x00] -> 1 
 UInt8[0x00, 0x01] -> 1 
 UInt8[0x01, 0x01] -> 1 
** Tour n. 147 at 2019-08-27T17:03:43.917 
    2019-08-27T17:03:45.741 , Gen : 1 , BEST: 1023 , bonus = 0.0 
    2019-08-27T17:03:45.822 , Gen : 1 , BEST: 1023 , bonus = 0.0 
fitness : 1023 
 code : ,[>[,]+[.+->>]>]-,.,>>.<,+->>,+>-[,++-], 
 UInt8[0x00, 0x00] -> 0 
 UInt8[0x01, 0x00] -> 1 
 UInt8[0x00, 0x01] -> 1 
 UInt8[0x01, 0x01] -> 1 
** Tour n. 148 at 2019-08-27T17:03:45.888 
    2019-08-27T17:03:47.652 , Gen : 1 , BEST: 1023 , bonus = 0.0 
    2019-08-27T17:03:47.727 , Gen : 1 , BEST: 1023 , bonus = 0.0 
fitness : 1023 
 code : ,[>[,]+[.+->>]>]-,.,>>.<,+->>,+>-[,++-], 
 UInt8[0x00, 0x00] -> 0 
 UInt8[0x01, 0x00] -> 1 
 UInt8[0x00, 0x01] -> 1 
 UInt8[0x01, 0x01] -> 1 
** Tour n. 149 at 2019-08-27T17:03:47.793 
    2019-08-27T17:03:49.608 , Gen : 1 , BEST: 1023 , bonus = 0.0 
    2019-08-27T17:03:49.685 , Gen : 1 , BEST: 1023 , bonus = 0.0 
fitness : 1023 
 code : ,[>[,]+[.+->>]>]-,.,>>.<,+->>,+>-[,++-], 
 UInt8[0x00, 0x00] -> 0 
 UInt8[0x01, 0x00] -> 1 
 UInt8[0x00, 0x01] -> 1 
 UInt8[0x01, 0x01] -> 1 
** Tour n. 150 at 2019-08-27T17:03:49.77 
    2019-08-27T17:03:52.064 , Gen : 1 , BEST: 1023 , bonus = 0.0 
    2019-08-27T17:03:52.393 , Gen : 1 , BEST: 1023 , bonus = 0.0 
fitness : 1023 
 code : ,[>[,]+[.+->>]>]-,.,>>.<,+->>,+>-[,++-], 
 UInt8[0x00, 0x00] -> 0 
 UInt8[0x01, 0x00] -> 1 
 UInt8[0x00, 0x01] -> 1 
 UInt8[0x01, 0x01] -> 1 
** Tour n. 151 at 2019-08-27T17:03:52.465 
    2019-08-27T17:03:54.325 , Gen : 1 , BEST: 1023 , bonus = 0.0 
    2019-08-27T17:03:54.396 , Gen : 1 , BEST: 1023 , bonus = 0.0 
fitness : 1023 
 code : ,[>[,]+[.+->>]>]-,.,>>.<,+->>,+>-[,++-], 
 UInt8[0x00, 0x00] -> 0 
 UInt8[0x01, 0x00] -> 1 
 UInt8[0x00, 0x01] -> 1 
 UInt8[0x01, 0x01] -> 1 
** Tour n. 152 at 2019-08-27T17:03:54.499 
    2019-08-27T17:03:56.591 , Gen : 1 , BEST: 1023 , bonus = 0.0 
    2019-08-27T17:03:56.66 , Gen : 1 , BEST: 1023 , bonus = 0.0 
fitness : 1023 
 code : ,[>[,]+[.+->>]>]-,.,>>.<,+->>,+>-[,++-], 
 UInt8[0x00, 0x00] -> 0 
 UInt8[0x01, 0x00] -> 1 
 UInt8[0x00, 0x01] -> 1 
 UInt8[0x01, 0x01] -> 1 
** Tour n. 153 at 2019-08-27T17:03:56.739 
    2019-08-27T17:03:58.493 , Gen : 1 , BEST: 1023 , bonus = 0.0 
    2019-08-27T17:03:58.569 , Gen : 1 , BEST: 1023 , bonus = 0.0 
fitness : 1023 
 code : ,[>[,]+[.+->>]>]-,.,>>.<,+->>,+>-[,++-], 
 UInt8[0x00, 0x00] -> 0 
 UInt8[0x01, 0x00] -> 1 
 UInt8[0x00, 0x01] -> 1 
 UInt8[0x01, 0x01] -> 1 
** Tour n. 154 at 2019-08-27T17:03:58.662 
    2019-08-27T17:04:00.348 , Gen : 1 , BEST: 1023 , bonus = 0.0 
    2019-08-27T17:04:00.427 , Gen : 1 , BEST: 1023 , bonus = 0.0 
fitness : 1023 
 code : ,[>[,]+[.+->>]>]-,.,>>.<,+->>,+>-[,++-], 
 UInt8[0x00, 0x00] -> 0 
 UInt8[0x01, 0x00] -> 1 
 UInt8[0x00, 0x01] -> 1 
 UInt8[0x01, 0x01] -> 1 
** Tour n. 155 at 2019-08-27T17:04:00.505 
    2019-08-27T17:04:02.442 , Gen : 1 , BEST: 1023 , bonus = 0.0 
    2019-08-27T17:04:02.534 , Gen : 1 , BEST: 1023 , bonus = 0.0 
fitness : 1023 
 code : ,[>[,]+[.+->>]>]-,.,>>.<,+->>,+>-[,++-], 
 UInt8[0x00, 0x00] -> 0 
 UInt8[0x01, 0x00] -> 1 
 UInt8[0x00, 0x01] -> 1 
 UInt8[0x01, 0x01] -> 1 
** Tour n. 156 at 2019-08-27T17:04:02.606 
    2019-08-27T17:04:04.401 , Gen : 1 , BEST: 1023 , bonus = 0.0 
    2019-08-27T17:04:04.475 , Gen : 1 , BEST: 1023 , bonus = 0.0 
fitness : 1023 
 code : ,[>[,]+[.+->>]>]-,.,>>.<,+->>,+>-[,++-], 
 UInt8[0x00, 0x00] -> 0 
 UInt8[0x01, 0x00] -> 1 
 UInt8[0x00, 0x01] -> 1 
 UInt8[0x01, 0x01] -> 1 
** Tour n. 157 at 2019-08-27T17:04:04.567 
    2019-08-27T17:04:06.259 , Gen : 1 , BEST: 1023 , bonus = 0.0 
    2019-08-27T17:04:06.342 , Gen : 1 , BEST: 1023 , bonus = 0.0 
fitness : 1023 
 code : ,[>[,]+[.+->>]>]-,.,>>.<,+->>,+>-[,++-], 
 UInt8[0x00, 0x00] -> 0 
 UInt8[0x01, 0x00] -> 1 
 UInt8[0x00, 0x01] -> 1 
 UInt8[0x01, 0x01] -> 1 
** Tour n. 158 at 2019-08-27T17:04:06.43 
    2019-08-27T17:04:08.108 , Gen : 1 , BEST: 1023 , bonus = 0.0 
    2019-08-27T17:04:08.181 , Gen : 1 , BEST: 1023 , bonus = 0.0 
fitness : 1023 
 code : ,[>[,]+[.+->>]>]-,.,>>.<,+->>,+>-[,++-], 
 UInt8[0x00, 0x00] -> 0 
 UInt8[0x01, 0x00] -> 1 
 UInt8[0x00, 0x01] -> 1 
 UInt8[0x01, 0x01] -> 1 
** Tour n. 159 at 2019-08-27T17:04:08.246 
    2019-08-27T17:04:09.905 , Gen : 1 , BEST: 1023 , bonus = 0.0 
    2019-08-27T17:04:10.12 , Gen : 1 , BEST: 1023 , bonus = 0.0 
fitness : 1023 
 code : ,[>[,]+[.+->>]>]-,.,>>.<,+->>,+>-[,++-], 
 UInt8[0x00, 0x00] -> 0 
 UInt8[0x01, 0x00] -> 1 
 UInt8[0x00, 0x01] -> 1 
 UInt8[0x01, 0x01] -> 1 
** Tour n. 160 at 2019-08-27T17:04:10.183 
    2019-08-27T17:04:11.93 , Gen : 1 , BEST: 1023 , bonus = 0.0 
    2019-08-27T17:04:12.007 , Gen : 1 , BEST: 1023 , bonus = 0.0 
fitness : 1023 
 code : ,[>[,]+[.+->>]>]-,.,>>.<,+->>,+>-[,++-], 
 UInt8[0x00, 0x00] -> 0 
 UInt8[0x01, 0x00] -> 1 
 UInt8[0x00, 0x01] -> 1 
 UInt8[0x01, 0x01] -> 1 
** Tour n. 161 at 2019-08-27T17:04:12.091 
    2019-08-27T17:04:13.889 , Gen : 1 , BEST: 1023 , bonus = 0.0 
    2019-08-27T17:04:13.969 , Gen : 1 , BEST: 1023 , bonus = 0.0 
fitness : 1023 
 code : ,[>[,]+[.+->>]>]-,.,>>.<,+->>,+>-[,++-], 
 UInt8[0x00, 0x00] -> 0 
 UInt8[0x01, 0x00] -> 1 
 UInt8[0x00, 0x01] -> 1 
 UInt8[0x01, 0x01] -> 1 
** Tour n. 162 at 2019-08-27T17:04:14.058 
    2019-08-27T17:04:15.888 , Gen : 1 , BEST: 1023 , bonus = 0.0 
    2019-08-27T17:04:15.975 , Gen : 1 , BEST: 1023 , bonus = 0.0 
fitness : 1023 
 code : ,[>[,]+[.+->>]>]-,.,>>.<,+->>,+>-[,++-], 
 UInt8[0x00, 0x00] -> 0 
 UInt8[0x01, 0x00] -> 1 
 UInt8[0x00, 0x01] -> 1 
 UInt8[0x01, 0x01] -> 1 
** Tour n. 163 at 2019-08-27T17:04:16.041 
    2019-08-27T17:04:17.815 , Gen : 1 , BEST: 1023 , bonus = 0.0 
    2019-08-27T17:04:18.033 , Gen : 1 , BEST: 1023 , bonus = 0.0 
fitness : 1023 
 code : ,[>[,]+[.+->>]>]-,.,>>.<,+->>,+>-[,++-], 
 UInt8[0x00, 0x00] -> 0 
 UInt8[0x01, 0x00] -> 1 
 UInt8[0x00, 0x01] -> 1 
 UInt8[0x01, 0x01] -> 1 
** Tour n. 164 at 2019-08-27T17:04:18.122 
    2019-08-27T17:04:19.967 , Gen : 1 , BEST: 1023 , bonus = 0.0 
    2019-08-27T17:04:20.044 , Gen : 1 , BEST: 1023 , bonus = 0.0 
fitness : 1023 
 code : ,[>[,]+[.+->>]>]-,.,>>.<,+->>,+>-[,++-], 
 UInt8[0x00, 0x00] -> 0 
 UInt8[0x01, 0x00] -> 1 
 UInt8[0x00, 0x01] -> 1 
 UInt8[0x01, 0x01] -> 1 
** Tour n. 165 at 2019-08-27T17:04:20.128 
    2019-08-27T17:04:21.848 , Gen : 1 , BEST: 1023 , bonus = 0.0 
    2019-08-27T17:04:21.924 , Gen : 1 , BEST: 1023 , bonus = 0.0 
fitness : 1023 
 code : ,[>[,]+[.+->>]>]-,.,>>.<,+->>,+>-[,++-], 
 UInt8[0x00, 0x00] -> 0 
 UInt8[0x01, 0x00] -> 1 
 UInt8[0x00, 0x01] -> 1 
 UInt8[0x01, 0x01] -> 1 
** Tour n. 166 at 2019-08-27T17:04:21.988 
    2019-08-27T17:04:23.602 , Gen : 1 , BEST: 1023 , bonus = 0.0 
    2019-08-27T17:04:23.671 , Gen : 1 , BEST: 1023 , bonus = 0.0 
fitness : 1023 
 code : ,[>[,]+[.+->>]>]-,.,>>.<,+->>,+>-[,++-], 
 UInt8[0x00, 0x00] -> 0 
 UInt8[0x01, 0x00] -> 1 
 UInt8[0x00, 0x01] -> 1 
 UInt8[0x01, 0x01] -> 1 
** Tour n. 167 at 2019-08-27T17:04:23.749 
    2019-08-27T17:04:25.532 , Gen : 1 , BEST: 1023 , bonus = 0.0 
    2019-08-27T17:04:25.607 , Gen : 1 , BEST: 1023 , bonus = 0.0 
fitness : 1023 
 code : ,[>[,]+[.+->>]>]-,.,>>.<,+->>,+>-[,++-], 
 UInt8[0x00, 0x00] -> 0 
 UInt8[0x01, 0x00] -> 1 
 UInt8[0x00, 0x01] -> 1 
 UInt8[0x01, 0x01] -> 1 
** Tour n. 168 at 2019-08-27T17:04:25.675 
    2019-08-27T17:04:27.111 , Gen : 1 , BEST: 1023 , bonus = 0.0 
    2019-08-27T17:04:27.181 , Gen : 1 , BEST: 1023 , bonus = 0.0 
fitness : 1023 
 code : ,[>[,]+[.+->>]>]-,.,>>.<,+->>,+>-[,++-], 
 UInt8[0x00, 0x00] -> 0 
 UInt8[0x01, 0x00] -> 1 
 UInt8[0x00, 0x01] -> 1 
 UInt8[0x01, 0x01] -> 1 
** Tour n. 169 at 2019-08-27T17:04:27.254 
    2019-08-27T17:04:29.04 , Gen : 1 , BEST: 1023 , bonus = 0.0 
    2019-08-27T17:04:29.112 , Gen : 1 , BEST: 1023 , bonus = 0.0 
fitness : 1023 
 code : ,[>[,]+[.+->>]>]-,.,>>.<,+->>,+>-[,++-], 
 UInt8[0x00, 0x00] -> 0 
 UInt8[0x01, 0x00] -> 1 
 UInt8[0x00, 0x01] -> 1 
 UInt8[0x01, 0x01] -> 1 
** Tour n. 170 at 2019-08-27T17:04:29.176 
    2019-08-27T17:04:30.896 , Gen : 1 , BEST: 1023 , bonus = 0.0 
    2019-08-27T17:04:30.975 , Gen : 1 , BEST: 1023 , bonus = 0.0 
fitness : 1023 
 code : ,[>[,]+[.+->>]>]-,.,>>.<,+->>,+>-[,++-], 
 UInt8[0x00, 0x00] -> 0 
 UInt8[0x01, 0x00] -> 1 
 UInt8[0x00, 0x01] -> 1 
 UInt8[0x01, 0x01] -> 1 
** Tour n. 171 at 2019-08-27T17:04:31.045 
    2019-08-27T17:04:32.934 , Gen : 1 , BEST: 1023 , bonus = 0.0 
    2019-08-27T17:04:33.004 , Gen : 1 , BEST: 1023 , bonus = 0.0 
fitness : 1023 
 code : ,[>[,]+[.+->>]>]-,.,>>.<,+->>,+>-[,++-], 
 UInt8[0x00, 0x00] -> 0 
 UInt8[0x01, 0x00] -> 1 
 UInt8[0x00, 0x01] -> 1 
 UInt8[0x01, 0x01] -> 1 
** Tour n. 172 at 2019-08-27T17:04:33.077 
    2019-08-27T17:04:35.018 , Gen : 1 , BEST: 1023 , bonus = 0.0 
    2019-08-27T17:04:35.084 , Gen : 1 , BEST: 1023 , bonus = 0.0 
fitness : 1023 
 code : ,[>[,]+[.+->>]>]-,.,>>.<,+->>,+>-[,++-], 
 UInt8[0x00, 0x00] -> 0 
 UInt8[0x01, 0x00] -> 1 
 UInt8[0x00, 0x01] -> 1 
 UInt8[0x01, 0x01] -> 1 
** Tour n. 173 at 2019-08-27T17:04:35.163 
    2019-08-27T17:04:36.864 , Gen : 1 , BEST: 1023 , bonus = 0.0 
    2019-08-27T17:04:36.931 , Gen : 1 , BEST: 1023 , bonus = 0.0 
fitness : 1023 
 code : ,[>[,]+[.+->>]>]-,.,>>.<,+->>,+>-[,++-], 
 UInt8[0x00, 0x00] -> 0 
 UInt8[0x01, 0x00] -> 1 
 UInt8[0x00, 0x01] -> 1 
 UInt8[0x01, 0x01] -> 1 
** Tour n. 174 at 2019-08-27T17:04:36.997 
    2019-08-27T17:04:38.802 , Gen : 1 , BEST: 1023 , bonus = 0.0 
    2019-08-27T17:04:38.872 , Gen : 1 , BEST: 1023 , bonus = 0.0 
fitness : 1023 
 code : ,[>[,]+[.+->>]>]-,.,>>.<,+->>,+>-[,++-], 
 UInt8[0x00, 0x00] -> 0 
 UInt8[0x01, 0x00] -> 1 
 UInt8[0x00, 0x01] -> 1 
 UInt8[0x01, 0x01] -> 1 
** Tour n. 175 at 2019-08-27T17:04:38.939 
    2019-08-27T17:04:40.415 , Gen : 1 , BEST: 1023 , bonus = 0.0 
    2019-08-27T17:04:40.491 , Gen : 1 , BEST: 1023 , bonus = 0.0 
fitness : 1023 
 code : ,[>[,]+[.+->>]>]-,.,>>.<,+->>,+>-[,++-], 
 UInt8[0x00, 0x00] -> 0 
 UInt8[0x01, 0x00] -> 1 
 UInt8[0x00, 0x01] -> 1 
 UInt8[0x01, 0x01] -> 1 
** Tour n. 176 at 2019-08-27T17:04:40.564 
    2019-08-27T17:04:42.393 , Gen : 1 , BEST: 1023 , bonus = 0.0 
    2019-08-27T17:04:42.476 , Gen : 1 , BEST: 1023 , bonus = 0.0 
fitness : 1023 
 code : ,[>[,]+[.+->>]>]-,.,>>.<,+->>,+>-[,++-], 
 UInt8[0x00, 0x00] -> 0 
 UInt8[0x01, 0x00] -> 1 
 UInt8[0x00, 0x01] -> 1 
 UInt8[0x01, 0x01] -> 1 
** Tour n. 177 at 2019-08-27T17:04:42.573 
    2019-08-27T17:04:44.309 , Gen : 1 , BEST: 1023 , bonus = 0.0 
    2019-08-27T17:04:44.391 , Gen : 1 , BEST: 1023 , bonus = 0.0 
fitness : 1023 
 code : ,[>[,]+[.+->>]>]-,.,>>.<,+->>,+>-[,++-], 
 UInt8[0x00, 0x00] -> 0 
 UInt8[0x01, 0x00] -> 1 
 UInt8[0x00, 0x01] -> 1 
 UInt8[0x01, 0x01] -> 1 
** Tour n. 178 at 2019-08-27T17:04:44.464 
    2019-08-27T17:04:46.322 , Gen : 1 , BEST: 1023 , bonus = 0.0 
    2019-08-27T17:04:46.384 , Gen : 1 , BEST: 1023 , bonus = 0.0 
fitness : 1023 
 code : ,[>[,]+[.+->>]>]-,.,>>.<,+->>,+>-[,++-], 
 UInt8[0x00, 0x00] -> 0 
 UInt8[0x01, 0x00] -> 1 
 UInt8[0x00, 0x01] -> 1 
 UInt8[0x01, 0x01] -> 1 
** Tour n. 179 at 2019-08-27T17:04:46.453 
    2019-08-27T17:04:48.396 , Gen : 1 , BEST: 1023 , bonus = 0.0 
    2019-08-27T17:04:48.455 , Gen : 1 , BEST: 1023 , bonus = 0.0 
fitness : 1023 
 code : ,[>[,]+[.+->>]>]-,.,>>.<,+->>,+>-[,++-], 
 UInt8[0x00, 0x00] -> 0 
 UInt8[0x01, 0x00] -> 1 
 UInt8[0x00, 0x01] -> 1 
 UInt8[0x01, 0x01] -> 1 
** Tour n. 180 at 2019-08-27T17:04:48.537 
    2019-08-27T17:04:50.132 , Gen : 1 , BEST: 1023 , bonus = 0.0 
    2019-08-27T17:04:50.204 , Gen : 1 , BEST: 1023 , bonus = 0.0 
fitness : 1023 
 code : ,[>[,]+[.+->>]>]-,.,>>.<,+->>,+>-[,++-], 
 UInt8[0x00, 0x00] -> 0 
 UInt8[0x01, 0x00] -> 1 
 UInt8[0x00, 0x01] -> 1 
 UInt8[0x01, 0x01] -> 1 
** Tour n. 181 at 2019-08-27T17:04:50.291 
    2019-08-27T17:04:51.822 , Gen : 1 , BEST: 1023 , bonus = 0.0 
    2019-08-27T17:04:51.896 , Gen : 1 , BEST: 1023 , bonus = 0.0 
fitness : 1023 
 code : ,[>[,]+[.+->>]>]-,.,>>.<,+->>,+>-[,++-], 
 UInt8[0x00, 0x00] -> 0 
 UInt8[0x01, 0x00] -> 1 
 UInt8[0x00, 0x01] -> 1 
 UInt8[0x01, 0x01] -> 1 
** Tour n. 182 at 2019-08-27T17:04:51.956 
    2019-08-27T17:04:53.56 , Gen : 1 , BEST: 1023 , bonus = 0.0 
    2019-08-27T17:04:53.63 , Gen : 1 , BEST: 1023 , bonus = 0.0 
fitness : 1023 
 code : ,[>[,]+[.+->>]>]-,.,>>.<,+->>,+>-[,++-], 
 UInt8[0x00, 0x00] -> 0 
 UInt8[0x01, 0x00] -> 1 
 UInt8[0x00, 0x01] -> 1 
 UInt8[0x01, 0x01] -> 1 
** Tour n. 183 at 2019-08-27T17:04:53.704 
    2019-08-27T17:04:55.443 , Gen : 1 , BEST: 1023 , bonus = 0.0 
    2019-08-27T17:04:55.518 , Gen : 1 , BEST: 1023 , bonus = 0.0 
fitness : 1023 
 code : ,[>[,]+[.+->>]>]-,.,>>.<,+->>,+>-[,++-], 
 UInt8[0x00, 0x00] -> 0 
 UInt8[0x01, 0x00] -> 1 
 UInt8[0x00, 0x01] -> 1 
 UInt8[0x01, 0x01] -> 1 
** Tour n. 184 at 2019-08-27T17:04:55.601 
    2019-08-27T17:04:57.441 , Gen : 1 , BEST: 1023 , bonus = 0.0 
    2019-08-27T17:04:57.517 , Gen : 1 , BEST: 1023 , bonus = 0.0 
fitness : 1023 
 code : ,[>[,]+[.+->>]>]-,.,>>.<,+->>,+>-[,++-], 
 UInt8[0x00, 0x00] -> 0 
 UInt8[0x01, 0x00] -> 1 
 UInt8[0x00, 0x01] -> 1 
 UInt8[0x01, 0x01] -> 1 
** Tour n. 185 at 2019-08-27T17:04:57.587 
    2019-08-27T17:04:59.288 , Gen : 1 , BEST: 1023 , bonus = 0.0 
    2019-08-27T17:04:59.348 , Gen : 1 , BEST: 1023 , bonus = 0.0 
fitness : 1023 
 code : ,[>[,]+[.+->>]>]-,.,>>.<,+->>,+>-[,++-], 
 UInt8[0x00, 0x00] -> 0 
 UInt8[0x01, 0x00] -> 1 
 UInt8[0x00, 0x01] -> 1 
 UInt8[0x01, 0x01] -> 1 
** Tour n. 186 at 2019-08-27T17:04:59.412 
    2019-08-27T17:05:01.142 , Gen : 1 , BEST: 1023 , bonus = 0.0 
    2019-08-27T17:05:01.213 , Gen : 1 , BEST: 1023 , bonus = 0.0 
fitness : 1023 
 code : ,[>[,]+[.+->>]>]-,.,>>.<,+->>,+>-[,++-], 
 UInt8[0x00, 0x00] -> 0 
 UInt8[0x01, 0x00] -> 1 
 UInt8[0x00, 0x01] -> 1 
 UInt8[0x01, 0x01] -> 1 
** Tour n. 187 at 2019-08-27T17:05:01.291 
    2019-08-27T17:05:02.963 , Gen : 1 , BEST: 1023 , bonus = 0.0 
    2019-08-27T17:05:03.042 , Gen : 1 , BEST: 1023 , bonus = 0.0 
fitness : 1023 
 code : ,[>[,]+[.+->>]>]-,.,>>.<,+->>,+>-[,++-], 
 UInt8[0x00, 0x00] -> 0 
 UInt8[0x01, 0x00] -> 1 
 UInt8[0x00, 0x01] -> 1 
 UInt8[0x01, 0x01] -> 1 
** Tour n. 188 at 2019-08-27T17:05:03.12 
    2019-08-27T17:05:04.751 , Gen : 1 , BEST: 1023 , bonus = 0.0 
    2019-08-27T17:05:04.825 , Gen : 1 , BEST: 1023 , bonus = 0.0 
fitness : 1023 
 code : ,[>[,]+[.+->>]>]-,.,>>.<,+->>,+>-[,++-], 
 UInt8[0x00, 0x00] -> 0 
 UInt8[0x01, 0x00] -> 1 
 UInt8[0x00, 0x01] -> 1 
 UInt8[0x01, 0x01] -> 1 
** Tour n. 189 at 2019-08-27T17:05:04.905 
    2019-08-27T17:05:06.446 , Gen : 1 , BEST: 1023 , bonus = 0.0 
    2019-08-27T17:05:06.519 , Gen : 1 , BEST: 1023 , bonus = 0.0 
fitness : 1023 
 code : ,[>[,]+[.+->>]>]-,.,>>.<,+->>,+>-[,++-], 
 UInt8[0x00, 0x00] -> 0 
 UInt8[0x01, 0x00] -> 1 
 UInt8[0x00, 0x01] -> 1 
 UInt8[0x01, 0x01] -> 1 
** Tour n. 190 at 2019-08-27T17:05:06.593 
    2019-08-27T17:05:08.366 , Gen : 1 , BEST: 1023 , bonus = 0.0 
    2019-08-27T17:05:08.44 , Gen : 1 , BEST: 1023 , bonus = 0.0 
fitness : 1023 
 code : ,[>[,]+[.+->>]>]-,.,>>.<,+->>,+>-[,++-], 
 UInt8[0x00, 0x00] -> 0 
 UInt8[0x01, 0x00] -> 1 
 UInt8[0x00, 0x01] -> 1 
 UInt8[0x01, 0x01] -> 1 
** Tour n. 191 at 2019-08-27T17:05:08.52 
    2019-08-27T17:05:10.461 , Gen : 1 , BEST: 1023 , bonus = 0.0 
    2019-08-27T17:05:10.56 , Gen : 1 , BEST: 1023 , bonus = 0.0 
fitness : 1023 
 code : ,[>[,]+[.+->>]>]-,.,>>.<,+->>,+>-[,++-], 
 UInt8[0x00, 0x00] -> 0 
 UInt8[0x01, 0x00] -> 1 
 UInt8[0x00, 0x01] -> 1 
 UInt8[0x01, 0x01] -> 1 
** Tour n. 192 at 2019-08-27T17:05:10.638 
    2019-08-27T17:05:12.412 , Gen : 1 , BEST: 1023 , bonus = 0.0 
    2019-08-27T17:05:12.493 , Gen : 1 , BEST: 1023 , bonus = 0.0 
fitness : 1023 
 code : ,[>[,]+[.+->>]>]-,.,>>.<,+->>,+>-[,++-], 
 UInt8[0x00, 0x00] -> 0 
 UInt8[0x01, 0x00] -> 1 
 UInt8[0x00, 0x01] -> 1 
 UInt8[0x01, 0x01] -> 1 
** Tour n. 193 at 2019-08-27T17:05:12.578 
    2019-08-27T17:05:14.705 , Gen : 1 , BEST: 1023 , bonus = 0.0 
    2019-08-27T17:05:14.988 , Gen : 1 , BEST: 1023 , bonus = 0.0 
fitness : 1023 
 code : ,[>[,]+[.+->>]>]-,.,>>.<,+->>,+>-[,++-], 
 UInt8[0x00, 0x00] -> 0 
 UInt8[0x01, 0x00] -> 1 
 UInt8[0x00, 0x01] -> 1 
 UInt8[0x01, 0x01] -> 1 
** Tour n. 194 at 2019-08-27T17:05:15.04 
    2019-08-27T17:05:16.945 , Gen : 1 , BEST: 1023 , bonus = 0.0 
    2019-08-27T17:05:17.016 , Gen : 1 , BEST: 1023 , bonus = 0.0 
fitness : 1023 
 code : ,[>[,]+[.+->>]>]-,.,>>.<,+->>,+>-[,++-], 
 UInt8[0x00, 0x00] -> 0 
 UInt8[0x01, 0x00] -> 1 
 UInt8[0x00, 0x01] -> 1 
 UInt8[0x01, 0x01] -> 1 
** Tour n. 195 at 2019-08-27T17:05:17.092 
    2019-08-27T17:05:18.785 , Gen : 1 , BEST: 1023 , bonus = 0.0 
    2019-08-27T17:05:18.858 , Gen : 1 , BEST: 1023 , bonus = 0.0 
fitness : 1023 
 code : ,[>[,]+[.+->>]>]-,.,>>.<,+->>,+>-[,++-], 
 UInt8[0x00, 0x00] -> 0 
 UInt8[0x01, 0x00] -> 1 
 UInt8[0x00, 0x01] -> 1 
 UInt8[0x01, 0x01] -> 1 
** Tour n. 196 at 2019-08-27T17:05:18.929 
    2019-08-27T17:05:20.625 , Gen : 1 , BEST: 1023 , bonus = 0.0 
    2019-08-27T17:05:20.696 , Gen : 1 , BEST: 1023 , bonus = 0.0 
fitness : 1023 
 code : ,[>[,]+[.+->>]>]-,.,>>.<,+->>,+>-[,++-], 
 UInt8[0x00, 0x00] -> 0 
 UInt8[0x01, 0x00] -> 1 
 UInt8[0x00, 0x01] -> 1 
 UInt8[0x01, 0x01] -> 1 
** Tour n. 197 at 2019-08-27T17:05:20.777 
    2019-08-27T17:05:22.518 , Gen : 1 , BEST: 1023 , bonus = 0.0 
    2019-08-27T17:05:22.592 , Gen : 1 , BEST: 1023 , bonus = 0.0 
fitness : 1023 
 code : ,[>[,]+[.+->>]>]-,.,>>.<,+->>,+>-[,++-], 
 UInt8[0x00, 0x00] -> 0 
 UInt8[0x01, 0x00] -> 1 
 UInt8[0x00, 0x01] -> 1 
 UInt8[0x01, 0x01] -> 1 
** Tour n. 198 at 2019-08-27T17:05:22.663 
    2019-08-27T17:05:24.359 , Gen : 1 , BEST: 1023 , bonus = 0.0 
    2019-08-27T17:05:24.434 , Gen : 1 , BEST: 1023 , bonus = 0.0 
fitness : 1023 
 code : ,[>[,]+[.+->>]>]-,.,>>.<,+->>,+>-[,++-], 
 UInt8[0x00, 0x00] -> 0 
 UInt8[0x01, 0x00] -> 1 
 UInt8[0x00, 0x01] -> 1 
 UInt8[0x01, 0x01] -> 1 
** Tour n. 199 at 2019-08-27T17:05:24.516 
    2019-08-27T17:05:26.343 , Gen : 1 , BEST: 1023 , bonus = 0.0 
    2019-08-27T17:05:26.412 , Gen : 1 , BEST: 1023 , bonus = 0.0 
fitness : 1023 
 code : ,[>[,]+[.+->>]>]-,.,>>.<,+->>,+>-[,++-], 
 UInt8[0x00, 0x00] -> 0 
 UInt8[0x01, 0x00] -> 1 
 UInt8[0x00, 0x01] -> 1 
 UInt8[0x01, 0x01] -> 1 
** Tour n. 200 at 2019-08-27T17:05:26.482 
    2019-08-27T17:05:28.294 , Gen : 1 , BEST: 1023 , bonus = 0.0 
    2019-08-27T17:05:28.676 , Gen : 1 , BEST: 1023 , bonus = 0.0 
fitness : 1023 
 code : ,[>[,]+[.+->>]>]-,.,>>.<,+->>,+>-[,++-], 
 UInt8[0x00, 0x00] -> 0 
 UInt8[0x01, 0x00] -> 1 
 UInt8[0x00, 0x01] -> 1 
 UInt8[0x01, 0x01] -> 1 
** Tour n. 201 at 2019-08-27T17:05:28.744 
    2019-08-27T17:05:30.423 , Gen : 1 , BEST: 1023 , bonus = 0.0 
    2019-08-27T17:05:30.494 , Gen : 1 , BEST: 1023 , bonus = 0.0 
fitness : 1023 
 code : ,[>[,]+[.+->>]>]-,.,>>.<,+->>,+>-[,++-], 
 UInt8[0x00, 0x00] -> 0 
 UInt8[0x01, 0x00] -> 1 
 UInt8[0x00, 0x01] -> 1 
 UInt8[0x01, 0x01] -> 1 
** Tour n. 202 at 2019-08-27T17:05:30.586 
    2019-08-27T17:05:32.212 , Gen : 1 , BEST: 1023 , bonus = 0.0 
    2019-08-27T17:05:32.286 , Gen : 1 , BEST: 1023 , bonus = 0.0 
fitness : 1023 
 code : ,[>[,]+[.+->>]>]-,.,>>.<,+->>,+>-[,++-], 
 UInt8[0x00, 0x00] -> 0 
 UInt8[0x01, 0x00] -> 1 
 UInt8[0x00, 0x01] -> 1 
 UInt8[0x01, 0x01] -> 1 
** Tour n. 203 at 2019-08-27T17:05:32.353 
    2019-08-27T17:05:34.44 , Gen : 1 , BEST: 1023 , bonus = 0.0 
    2019-08-27T17:05:34.531 , Gen : 1 , BEST: 1023 , bonus = 0.0 
fitness : 1023 
 code : ,[>[,]+[.+->>]>]-,.,>>.<,+->>,+>-[,++-], 
 UInt8[0x00, 0x00] -> 0 
 UInt8[0x01, 0x00] -> 1 
 UInt8[0x00, 0x01] -> 1 
 UInt8[0x01, 0x01] -> 1 
** Tour n. 204 at 2019-08-27T17:05:34.611 
    2019-08-27T17:05:36.611 , Gen : 1 , BEST: 1023 , bonus = 0.0 
    2019-08-27T17:05:36.684 , Gen : 1 , BEST: 1023 , bonus = 0.0 
fitness : 1023 
 code : ,[>[,]+[.+->>]>]-,.,>>.<,+->>,+>-[,++-], 
 UInt8[0x00, 0x00] -> 0 
 UInt8[0x01, 0x00] -> 1 
 UInt8[0x00, 0x01] -> 1 
 UInt8[0x01, 0x01] -> 1 
** Tour n. 205 at 2019-08-27T17:05:36.752 
    2019-08-27T17:05:38.461 , Gen : 1 , BEST: 1023 , bonus = 0.0 
    2019-08-27T17:05:38.524 , Gen : 1 , BEST: 1023 , bonus = 0.0 
fitness : 1023 
 code : ,[>[,]+[.+->>]>]-,.,>>.<,+->>,+>-[,++-], 
 UInt8[0x00, 0x00] -> 0 
 UInt8[0x01, 0x00] -> 1 
 UInt8[0x00, 0x01] -> 1 
 UInt8[0x01, 0x01] -> 1 
** Tour n. 206 at 2019-08-27T17:05:38.599 
    2019-08-27T17:05:40.645 , Gen : 1 , BEST: 1023 , bonus = 0.0 
    2019-08-27T17:05:40.715 , Gen : 1 , BEST: 1023 , bonus = 0.0 
fitness : 1023 
 code : ,[>[,]+[.+->>]>]-,.,>>.<,+->>,+>-[,++-], 
 UInt8[0x00, 0x00] -> 0 
 UInt8[0x01, 0x00] -> 1 
 UInt8[0x00, 0x01] -> 1 
 UInt8[0x01, 0x01] -> 1 
** Tour n. 207 at 2019-08-27T17:05:40.791 
    2019-08-27T17:05:42.465 , Gen : 1 , BEST: 1023 , bonus = 0.0 
    2019-08-27T17:05:42.54 , Gen : 1 , BEST: 1023 , bonus = 0.0 
fitness : 1023 
 code : ,[>[,]+[.+->>]>]-,.,>>.<,+->>,+>-[,++-], 
 UInt8[0x00, 0x00] -> 0 
 UInt8[0x01, 0x00] -> 1 
 UInt8[0x00, 0x01] -> 1 
 UInt8[0x01, 0x01] -> 1 
** Tour n. 208 at 2019-08-27T17:05:42.613 
    2019-08-27T17:05:44.225 , Gen : 1 , BEST: 1023 , bonus = 0.0 
    2019-08-27T17:05:44.301 , Gen : 1 , BEST: 1023 , bonus = 0.0 
fitness : 1023 
 code : ,[>[,]+[.+->>]>]-,.,>>.<,+->>,+>-[,++-], 
 UInt8[0x00, 0x00] -> 0 
 UInt8[0x01, 0x00] -> 1 
 UInt8[0x00, 0x01] -> 1 
 UInt8[0x01, 0x01] -> 1 
** Tour n. 209 at 2019-08-27T17:05:44.373 
    2019-08-27T17:05:45.995 , Gen : 1 , BEST: 1023 , bonus = 0.0 
    2019-08-27T17:05:46.059 , Gen : 1 , BEST: 1023 , bonus = 0.0 
fitness : 1023 
 code : ,[>[,]+[.+->>]>]-,.,>>.<,+->>,+>-[,++-], 
 UInt8[0x00, 0x00] -> 0 
 UInt8[0x01, 0x00] -> 1 
 UInt8[0x00, 0x01] -> 1 
 UInt8[0x01, 0x01] -> 1 
** Tour n. 210 at 2019-08-27T17:05:46.157 
    2019-08-27T17:05:47.802 , Gen : 1 , BEST: 1023 , bonus = 0.0 
    2019-08-27T17:05:47.88 , Gen : 1 , BEST: 1023 , bonus = 0.0 
fitness : 1023 
 code : ,[>[,]+[.+->>]>]-,.,>>.<,+->>,+>-[,++-], 
 UInt8[0x00, 0x00] -> 0 
 UInt8[0x01, 0x00] -> 1 
 UInt8[0x00, 0x01] -> 1 
 UInt8[0x01, 0x01] -> 1 
** Tour n. 211 at 2019-08-27T17:05:47.951 
    2019-08-27T17:05:49.567 , Gen : 1 , BEST: 1023 , bonus = 0.0 
    2019-08-27T17:05:49.633 , Gen : 1 , BEST: 1023 , bonus = 0.0 
fitness : 1023 
 code : ,[>[,]+[.+->>]>]-,.,>>.<,+->>,+>-[,++-], 
 UInt8[0x00, 0x00] -> 0 
 UInt8[0x01, 0x00] -> 1 
 UInt8[0x00, 0x01] -> 1 
 UInt8[0x01, 0x01] -> 1 
** Tour n. 212 at 2019-08-27T17:05:49.723 
    2019-08-27T17:05:51.472 , Gen : 1 , BEST: 1023 , bonus = 0.0 
    2019-08-27T17:05:51.543 , Gen : 1 , BEST: 1023 , bonus = 0.0 
fitness : 1023 
 code : ,[>[,]+[.+->>]>]-,.,>>.<,+->>,+>-[,++-], 
 UInt8[0x00, 0x00] -> 0 
 UInt8[0x01, 0x00] -> 1 
 UInt8[0x00, 0x01] -> 1 
 UInt8[0x01, 0x01] -> 1 
** Tour n. 213 at 2019-08-27T17:05:51.625 
    2019-08-27T17:05:53.43 , Gen : 1 , BEST: 1023 , bonus = 0.0 
    2019-08-27T17:05:53.498 , Gen : 1 , BEST: 1023 , bonus = 0.0 
fitness : 1023 
 code : ,[>[,]+[.+->>]>]-,.,>>.<,+->>,+>-[,++-], 
 UInt8[0x00, 0x00] -> 0 
 UInt8[0x01, 0x00] -> 1 
 UInt8[0x00, 0x01] -> 1 
 UInt8[0x01, 0x01] -> 1 
** Tour n. 214 at 2019-08-27T17:05:53.575 
    2019-08-27T17:05:55.285 , Gen : 1 , BEST: 1023 , bonus = 0.0 
    2019-08-27T17:05:55.366 , Gen : 1 , BEST: 1023 , bonus = 0.0 
fitness : 1023 
 code : ,[>[,]+[.+->>]>]-,.,>>.<,+->>,+>-[,++-], 
 UInt8[0x00, 0x00] -> 0 
 UInt8[0x01, 0x00] -> 1 
 UInt8[0x00, 0x01] -> 1 
 UInt8[0x01, 0x01] -> 1 
** Tour n. 215 at 2019-08-27T17:05:55.431 
    2019-08-27T17:05:57.456 , Gen : 1 , BEST: 1023 , bonus = 0.0 
    2019-08-27T17:05:57.73 , Gen : 1 , BEST: 1023 , bonus = 0.0 
fitness : 1023 
 code : ,[>[,]+[.+->>]>]-,.,>>.<,+->>,+>-[,++-], 
 UInt8[0x00, 0x00] -> 0 
 UInt8[0x01, 0x00] -> 1 
 UInt8[0x00, 0x01] -> 1 
 UInt8[0x01, 0x01] -> 1 
** Tour n. 216 at 2019-08-27T17:05:57.8 
    2019-08-27T17:05:59.417 , Gen : 1 , BEST: 1023 , bonus = 0.0 
    2019-08-27T17:05:59.495 , Gen : 1 , BEST: 1023 , bonus = 0.0 
fitness : 1023 
 code : ,[>[,]+[.+->>]>]-,.,>>.<,+->>,+>-[,++-], 
 UInt8[0x00, 0x00] -> 0 
 UInt8[0x01, 0x00] -> 1 
 UInt8[0x00, 0x01] -> 1 
 UInt8[0x01, 0x01] -> 1 
** Tour n. 217 at 2019-08-27T17:05:59.571 
    2019-08-27T17:06:01.093 , Gen : 1 , BEST: 1023 , bonus = 0.0 
    2019-08-27T17:06:01.17 , Gen : 1 , BEST: 1023 , bonus = 0.0 
fitness : 1023 
 code : ,[>[,]+[.+->>]>]-,.,>>.<,+->>,+>-[,++-], 
 UInt8[0x00, 0x00] -> 0 
 UInt8[0x01, 0x00] -> 1 
 UInt8[0x00, 0x01] -> 1 
 UInt8[0x01, 0x01] -> 1 
** Tour n. 218 at 2019-08-27T17:06:01.25 
    2019-08-27T17:06:02.984 , Gen : 1 , BEST: 1023 , bonus = 0.0 
    2019-08-27T17:06:03.056 , Gen : 1 , BEST: 1023 , bonus = 0.0 
fitness : 1023 
 code : ,[>[,]+[.+->>]>]-,.,>>.<,+->>,+>-[,++-], 
 UInt8[0x00, 0x00] -> 0 
 UInt8[0x01, 0x00] -> 1 
 UInt8[0x00, 0x01] -> 1 
 UInt8[0x01, 0x01] -> 1 
** Tour n. 219 at 2019-08-27T17:06:03.128 
    2019-08-27T17:06:05.133 , Gen : 1 , BEST: 1023 , bonus = 0.0 
    2019-08-27T17:06:05.228 , Gen : 1 , BEST: 1023 , bonus = 0.0 
fitness : 1023 
 code : ,[>[,]+[.+->>]>]-,.,>>.<,+->>,+>-[,++-], 
 UInt8[0x00, 0x00] -> 0 
 UInt8[0x01, 0x00] -> 1 
 UInt8[0x00, 0x01] -> 1 
 UInt8[0x01, 0x01] -> 1 
** Tour n. 220 at 2019-08-27T17:06:05.308 
    2019-08-27T17:06:06.934 , Gen : 1 , BEST: 1023 , bonus = 0.0 
    2019-08-27T17:06:07.151 , Gen : 1 , BEST: 1023 , bonus = 0.0 
fitness : 1023 
 code : ,[>[,]+[.+->>]>]-,.,>>.<,+->>,+>-[,++-], 
 UInt8[0x00, 0x00] -> 0 
 UInt8[0x01, 0x00] -> 1 
 UInt8[0x00, 0x01] -> 1 
 UInt8[0x01, 0x01] -> 1 
** Tour n. 221 at 2019-08-27T17:06:07.255 
    2019-08-27T17:06:08.975 , Gen : 1 , BEST: 1023 , bonus = 0.0 
    2019-08-27T17:06:09.045 , Gen : 1 , BEST: 1023 , bonus = 0.0 
fitness : 1023 
 code : ,[>[,]+[.+->>]>]-,.,>>.<,+->>,+>-[,++-], 
 UInt8[0x00, 0x00] -> 0 
 UInt8[0x01, 0x00] -> 1 
 UInt8[0x00, 0x01] -> 1 
 UInt8[0x01, 0x01] -> 1 
** Tour n. 222 at 2019-08-27T17:06:09.116 
    2019-08-27T17:06:10.926 , Gen : 1 , BEST: 1023 , bonus = 0.0 
    2019-08-27T17:06:10.994 , Gen : 1 , BEST: 1023 , bonus = 0.0 
fitness : 1023 
 code : ,[>[,]+[.+->>]>]-,.,>>.<,+->>,+>-[,++-], 
 UInt8[0x00, 0x00] -> 0 
 UInt8[0x01, 0x00] -> 1 
 UInt8[0x00, 0x01] -> 1 
 UInt8[0x01, 0x01] -> 1 
** Tour n. 223 at 2019-08-27T17:06:11.075 
    2019-08-27T17:06:13.109 , Gen : 1 , BEST: 1023 , bonus = 0.0 
    2019-08-27T17:06:13.215 , Gen : 1 , BEST: 1023 , bonus = 0.0 
fitness : 1023 
 code : ,[>[,]+[.+->>]>]-,.,>>.<,+->>,+>-[,++-], 
 UInt8[0x00, 0x00] -> 0 
 UInt8[0x01, 0x00] -> 1 
 UInt8[0x00, 0x01] -> 1 
 UInt8[0x01, 0x01] -> 1 
** Tour n. 224 at 2019-08-27T17:06:13.303 
    2019-08-27T17:06:15.545 , Gen : 1 , BEST: 1023 , bonus = 0.0 
    2019-08-27T17:06:15.633 , Gen : 1 , BEST: 1023 , bonus = 0.0 
fitness : 1023 
 code : ,[>[,]+[.+->>]>]-,.,>>.<,+->>,+>-[,++-], 
 UInt8[0x00, 0x00] -> 0 
 UInt8[0x01, 0x00] -> 1 
 UInt8[0x00, 0x01] -> 1 
 UInt8[0x01, 0x01] -> 1 
** Tour n. 225 at 2019-08-27T17:06:15.719 
    2019-08-27T17:06:17.67 , Gen : 1 , BEST: 1023 , bonus = 0.0 
    2019-08-27T17:06:17.743 , Gen : 1 , BEST: 1023 , bonus = 0.0 
fitness : 1023 
 code : ,[>[,]+[.+->>]>]-,.,>>.<,+->>,+>-[,++-], 
 UInt8[0x00, 0x00] -> 0 
 UInt8[0x01, 0x00] -> 1 
 UInt8[0x00, 0x01] -> 1 
 UInt8[0x01, 0x01] -> 1 
** Tour n. 226 at 2019-08-27T17:06:17.832 
    2019-08-27T17:06:19.893 , Gen : 1 , BEST: 1023 , bonus = 0.0 
    2019-08-27T17:06:19.982 , Gen : 1 , BEST: 1023 , bonus = 0.0 
fitness : 1023 
 code : ,[>[,]+[.+->>]>]-,.,>>.<,+->>,+>-[,++-], 
 UInt8[0x00, 0x00] -> 0 
 UInt8[0x01, 0x00] -> 1 
 UInt8[0x00, 0x01] -> 1 
 UInt8[0x01, 0x01] -> 1 
** Tour n. 227 at 2019-08-27T17:06:20.056 
    2019-08-27T17:06:22.06 , Gen : 1 , BEST: 1023 , bonus = 0.0 
    2019-08-27T17:06:22.149 , Gen : 1 , BEST: 1023 , bonus = 0.0 
fitness : 1023 
 code : ,[>[,]+[.+->>]>]-,.,>>.<,+->>,+>-[,++-], 
 UInt8[0x00, 0x00] -> 0 
 UInt8[0x01, 0x00] -> 1 
 UInt8[0x00, 0x01] -> 1 
 UInt8[0x01, 0x01] -> 1 
** Tour n. 228 at 2019-08-27T17:06:22.209 
    2019-08-27T17:06:23.872 , Gen : 1 , BEST: 1023 , bonus = 0.0 
    2019-08-27T17:06:24.077 , Gen : 1 , BEST: 1023 , bonus = 0.0 
fitness : 1023 
 code : ,[>[,]+[.+->>]>]-,.,>>.<,+->>,+>-[,++-], 
 UInt8[0x00, 0x00] -> 0 
 UInt8[0x01, 0x00] -> 1 
 UInt8[0x00, 0x01] -> 1 
 UInt8[0x01, 0x01] -> 1 
** Tour n. 229 at 2019-08-27T17:06:24.152 
    2019-08-27T17:06:25.892 , Gen : 1 , BEST: 1023 , bonus = 0.0 
    2019-08-27T17:06:25.951 , Gen : 1 , BEST: 1023 , bonus = 0.0 
fitness : 1023 
 code : ,[>[,]+[.+->>]>]-,.,>>.<,+->>,+>-[,++-], 
 UInt8[0x00, 0x00] -> 0 
 UInt8[0x01, 0x00] -> 1 
 UInt8[0x00, 0x01] -> 1 
 UInt8[0x01, 0x01] -> 1 
** Tour n. 230 at 2019-08-27T17:06:26.02 
    2019-08-27T17:06:27.576 , Gen : 1 , BEST: 1023 , bonus = 0.0 
    2019-08-27T17:06:27.651 , Gen : 1 , BEST: 1023 , bonus = 0.0 
fitness : 1023 
 code : ,[>[,]+[.+->>]>]-,.,>>.<,+->>,+>-[,++-], 
 UInt8[0x00, 0x00] -> 0 
 UInt8[0x01, 0x00] -> 1 
 UInt8[0x00, 0x01] -> 1 
 UInt8[0x01, 0x01] -> 1 
** Tour n. 231 at 2019-08-27T17:06:27.726 
    2019-08-27T17:06:29.673 , Gen : 1 , BEST: 1023 , bonus = 0.0 
    2019-08-27T17:06:29.938 , Gen : 1 , BEST: 1023 , bonus = 0.0 
fitness : 1023 
 code : ,[>[,]+[.+->>]>]-,.,>>.<,+->>,+>-[,++-], 
 UInt8[0x00, 0x00] -> 0 
 UInt8[0x01, 0x00] -> 1 
 UInt8[0x00, 0x01] -> 1 
 UInt8[0x01, 0x01] -> 1 
** Tour n. 232 at 2019-08-27T17:06:30.008 
    2019-08-27T17:06:31.87 , Gen : 1 , BEST: 1023 , bonus = 0.0 
    2019-08-27T17:06:31.949 , Gen : 1 , BEST: 1023 , bonus = 0.0 
fitness : 1023 
 code : ,[>[,]+[.+->>]>]-,.,>>.<,+->>,+>-[,++-], 
 UInt8[0x00, 0x00] -> 0 
 UInt8[0x01, 0x00] -> 1 
 UInt8[0x00, 0x01] -> 1 
 UInt8[0x01, 0x01] -> 1 
** Tour n. 233 at 2019-08-27T17:06:32.009 
    2019-08-27T17:06:34.035 , Gen : 1 , BEST: 1023 , bonus = 0.0 
    2019-08-27T17:06:34.349 , Gen : 1 , BEST: 1023 , bonus = 0.0 
fitness : 1023 
 code : ,[>[,]+[.+->>]>]-,.,>>.<,+->>,+>-[,++-], 
 UInt8[0x00, 0x00] -> 0 
 UInt8[0x01, 0x00] -> 1 
 UInt8[0x00, 0x01] -> 1 
 UInt8[0x01, 0x01] -> 1 
** Tour n. 234 at 2019-08-27T17:06:34.429 
    2019-08-27T17:06:36.179 , Gen : 1 , BEST: 1023 , bonus = 0.0 
    2019-08-27T17:06:36.251 , Gen : 1 , BEST: 1023 , bonus = 0.0 
fitness : 1023 
 code : ,[>[,]+[.+->>]>]-,.,>>.<,+->>,+>-[,++-], 
 UInt8[0x00, 0x00] -> 0 
 UInt8[0x01, 0x00] -> 1 
 UInt8[0x00, 0x01] -> 1 
 UInt8[0x01, 0x01] -> 1 
** Tour n. 235 at 2019-08-27T17:06:36.314 
    2019-08-27T17:06:38.076 , Gen : 1 , BEST: 1023 , bonus = 0.0 
    2019-08-27T17:06:38.15 , Gen : 1 , BEST: 1023 , bonus = 0.0 
fitness : 1023 
 code : ,[>[,]+[.+->>]>]-,.,>>.<,+->>,+>-[,++-], 
 UInt8[0x00, 0x00] -> 0 
 UInt8[0x01, 0x00] -> 1 
 UInt8[0x00, 0x01] -> 1 
 UInt8[0x01, 0x01] -> 1 
** Tour n. 236 at 2019-08-27T17:06:38.236 
    2019-08-27T17:06:39.803 , Gen : 1 , BEST: 1023 , bonus = 0.0 
    2019-08-27T17:06:39.863 , Gen : 1 , BEST: 1023 , bonus = 0.0 
fitness : 1023 
 code : ,[>[,]+[.+->>]>]-,.,>>.<,+->>,+>-[,++-], 
 UInt8[0x00, 0x00] -> 0 
 UInt8[0x01, 0x00] -> 1 
 UInt8[0x00, 0x01] -> 1 
 UInt8[0x01, 0x01] -> 1 
** Tour n. 237 at 2019-08-27T17:06:39.939 
    2019-08-27T17:06:41.484 , Gen : 1 , BEST: 1023 , bonus = 0.0 
    2019-08-27T17:06:41.544 , Gen : 1 , BEST: 1023 , bonus = 0.0 
fitness : 1023 
 code : ,[>[,]+[.+->>]>]-,.,>>.<,+->>,+>-[,++-], 
 UInt8[0x00, 0x00] -> 0 
 UInt8[0x01, 0x00] -> 1 
 UInt8[0x00, 0x01] -> 1 
 UInt8[0x01, 0x01] -> 1 
** Tour n. 238 at 2019-08-27T17:06:41.628 
    2019-08-27T17:06:43.575 , Gen : 1 , BEST: 1023 , bonus = 0.0 
    2019-08-27T17:06:43.647 , Gen : 1 , BEST: 1023 , bonus = 0.0 
fitness : 1023 
 code : ,[>[,]+[.+->>]>]-,.,>>.<,+->>,+>-[,++-], 
 UInt8[0x00, 0x00] -> 0 
 UInt8[0x01, 0x00] -> 1 
 UInt8[0x00, 0x01] -> 1 
 UInt8[0x01, 0x01] -> 1 
** Tour n. 239 at 2019-08-27T17:06:43.717 
    2019-08-27T17:06:45.458 , Gen : 1 , BEST: 1023 , bonus = 0.0 
    2019-08-27T17:06:45.825 , Gen : 1 , BEST: 1023 , bonus = 0.0 
fitness : 1023 
 code : ,[>[,]+[.+->>]>]-,.,>>.<,+->>,+>-[,++-], 
 UInt8[0x00, 0x00] -> 0 
 UInt8[0x01, 0x00] -> 1 
 UInt8[0x00, 0x01] -> 1 
 UInt8[0x01, 0x01] -> 1 
** Tour n. 240 at 2019-08-27T17:06:45.917 
    2019-08-27T17:06:48.361 , Gen : 1 , BEST: 1023 , bonus = 0.0 
    2019-08-27T17:06:48.462 , Gen : 1 , BEST: 1023 , bonus = 0.0 
fitness : 1023 
 code : ,[>[,]+[.+->>]>]-,.,>>.<,+->>,+>-[,++-], 
 UInt8[0x00, 0x00] -> 0 
 UInt8[0x01, 0x00] -> 1 
 UInt8[0x00, 0x01] -> 1 
 UInt8[0x01, 0x01] -> 1 
** Tour n. 241 at 2019-08-27T17:06:48.543 
    2019-08-27T17:06:50.485 , Gen : 1 , BEST: 1023 , bonus = 0.0 
    2019-08-27T17:06:50.559 , Gen : 1 , BEST: 1023 , bonus = 0.0 
fitness : 1023 
 code : ,[>[,]+[.+->>]>]-,.,>>.<,+->>,+>-[,++-], 
 UInt8[0x00, 0x00] -> 0 
 UInt8[0x01, 0x00] -> 1 
 UInt8[0x00, 0x01] -> 1 
 UInt8[0x01, 0x01] -> 1 
** Tour n. 242 at 2019-08-27T17:06:50.63 
    2019-08-27T17:06:52.506 , Gen : 1 , BEST: 1023 , bonus = 0.0 
    2019-08-27T17:06:52.838 , Gen : 1 , BEST: 1023 , bonus = 0.0 
fitness : 1023 
 code : ,[>[,]+[.+->>]>]-,.,>>.<,+->>,+>-[,++-], 
 UInt8[0x00, 0x00] -> 0 
 UInt8[0x01, 0x00] -> 1 
 UInt8[0x00, 0x01] -> 1 
 UInt8[0x01, 0x01] -> 1 
** Tour n. 243 at 2019-08-27T17:06:52.904 
    2019-08-27T17:06:54.635 , Gen : 1 , BEST: 1023 , bonus = 0.0 
    2019-08-27T17:06:54.88 , Gen : 1 , BEST: 1023 , bonus = 0.0 
fitness : 1023 
 code : ,[>[,]+[.+->>]>]-,.,>>.<,+->>,+>-[,++-], 
 UInt8[0x00, 0x00] -> 0 
 UInt8[0x01, 0x00] -> 1 
 UInt8[0x00, 0x01] -> 1 
 UInt8[0x01, 0x01] -> 1 
** Tour n. 244 at 2019-08-27T17:06:54.959 
    2019-08-27T17:06:56.466 , Gen : 1 , BEST: 1023 , bonus = 0.0 
    2019-08-27T17:06:56.541 , Gen : 1 , BEST: 1023 , bonus = 0.0 
fitness : 1023 
 code : ,[>[,]+[.+->>]>]-,.,>>.<,+->>,+>-[,++-], 
 UInt8[0x00, 0x00] -> 0 
 UInt8[0x01, 0x00] -> 1 
 UInt8[0x00, 0x01] -> 1 
 UInt8[0x01, 0x01] -> 1 
** Tour n. 245 at 2019-08-27T17:06:56.6 
    2019-08-27T17:06:58.733 , Gen : 1 , BEST: 1023 , bonus = 0.0 
    2019-08-27T17:06:58.828 , Gen : 1 , BEST: 1023 , bonus = 0.0 
fitness : 1023 
 code : ,[>[,]+[.+->>]>]-,.,>>.<,+->>,+>-[,++-], 
 UInt8[0x00, 0x00] -> 0 
 UInt8[0x01, 0x00] -> 1 
 UInt8[0x00, 0x01] -> 1 
 UInt8[0x01, 0x01] -> 1 
** Tour n. 246 at 2019-08-27T17:06:58.893 
    2019-08-27T17:07:00.652 , Gen : 1 , BEST: 1023 , bonus = 0.0 
    2019-08-27T17:07:00.718 , Gen : 1 , BEST: 1023 , bonus = 0.0 
fitness : 1023 
 code : ,[>[,]+[.+->>]>]-,.,>>.<,+->>,+>-[,++-], 
 UInt8[0x00, 0x00] -> 0 
 UInt8[0x01, 0x00] -> 1 
 UInt8[0x00, 0x01] -> 1 
 UInt8[0x01, 0x01] -> 1 
** Tour n. 247 at 2019-08-27T17:07:00.8 
    2019-08-27T17:07:03.057 , Gen : 1 , BEST: 1023 , bonus = 0.0 
    2019-08-27T17:07:03.131 , Gen : 1 , BEST: 1023 , bonus = 0.0 
fitness : 1023 
 code : ,[>[,]+[.+->>]>]-,.,>>.<,+->>,+>-[,++-], 
 UInt8[0x00, 0x00] -> 0 
 UInt8[0x01, 0x00] -> 1 
 UInt8[0x00, 0x01] -> 1 
 UInt8[0x01, 0x01] -> 1 
** Tour n. 248 at 2019-08-27T17:07:03.204 
    2019-08-27T17:07:05.423 , Gen : 1 , BEST: 1023 , bonus = 0.0 
    2019-08-27T17:07:05.512 , Gen : 1 , BEST: 1023 , bonus = 0.0 
fitness : 1023 
 code : ,[>[,]+[.+->>]>]-,.,>>.<,+->>,+>-[,++-], 
 UInt8[0x00, 0x00] -> 0 
 UInt8[0x01, 0x00] -> 1 
 UInt8[0x00, 0x01] -> 1 
 UInt8[0x01, 0x01] -> 1 
** Tour n. 249 at 2019-08-27T17:07:05.597 
    2019-08-27T17:07:07.499 , Gen : 1 , BEST: 1023 , bonus = 0.0 
    2019-08-27T17:07:07.564 , Gen : 1 , BEST: 1023 , bonus = 0.0 
fitness : 1023 
 code : ,[>[,]+[.+->>]>]-,.,>>.<,+->>,+>-[,++-], 
 UInt8[0x00, 0x00] -> 0 
 UInt8[0x01, 0x00] -> 1 
 UInt8[0x00, 0x01] -> 1 
 UInt8[0x01, 0x01] -> 1 
** Tour n. 250 at 2019-08-27T17:07:07.631 
    2019-08-27T17:07:09.29 , Gen : 1 , BEST: 1023 , bonus = 0.0 
    2019-08-27T17:07:09.361 , Gen : 1 , BEST: 1023 , bonus = 0.0 
fitness : 1023 
 code : ,[>[,]+[.+->>]>]-,.,>>.<,+->>,+>-[,++-], 
 UInt8[0x00, 0x00] -> 0 
 UInt8[0x01, 0x00] -> 1 
 UInt8[0x00, 0x01] -> 1 
 UInt8[0x01, 0x01] -> 1 
** Tour n. 251 at 2019-08-27T17:07:09.441 
    2019-08-27T17:07:11.071 , Gen : 1 , BEST: 1023 , bonus = 0.0 
    2019-08-27T17:07:11.151 , Gen : 1 , BEST: 1023 , bonus = 0.0 
fitness : 1023 
 code : ,[>[,]+[.+->>]>]-,.,>>.<,+->>,+>-[,++-], 
 UInt8[0x00, 0x00] -> 0 
 UInt8[0x01, 0x00] -> 1 
 UInt8[0x00, 0x01] -> 1 
 UInt8[0x01, 0x01] -> 1 
** Tour n. 252 at 2019-08-27T17:07:11.227 
    2019-08-27T17:07:13.508 , Gen : 1 , BEST: 1023 , bonus = 0.0 
    2019-08-27T17:07:13.584 , Gen : 1 , BEST: 1023 , bonus = 0.0 
fitness : 1023 
 code : ,[>[,]+[.+->>]>]-,.,>>.<,+->>,+>-[,++-], 
 UInt8[0x00, 0x00] -> 0 
 UInt8[0x01, 0x00] -> 1 
 UInt8[0x00, 0x01] -> 1 
 UInt8[0x01, 0x01] -> 1 
** Tour n. 253 at 2019-08-27T17:07:13.658 
    2019-08-27T17:07:15.399 , Gen : 1 , BEST: 1023 , bonus = 0.0 
    2019-08-27T17:07:15.481 , Gen : 1 , BEST: 1023 , bonus = 0.0 
fitness : 1023 
 code : ,[>[,]+[.+->>]>]-,.,>>.<,+->>,+>-[,++-], 
 UInt8[0x00, 0x00] -> 0 
 UInt8[0x01, 0x00] -> 1 
 UInt8[0x00, 0x01] -> 1 
 UInt8[0x01, 0x01] -> 1 
** Tour n. 254 at 2019-08-27T17:07:15.564 
    2019-08-27T17:07:17.419 , Gen : 1 , BEST: 1023 , bonus = 0.0 
    2019-08-27T17:07:17.459 , Gen : 1 , BEST: 1023 , bonus = 0.0 
fitness : 1023 
 code : ,[>[,]+[.+->>]>]-,.,>>.<,+->>,+>-[,++-], 
 UInt8[0x00, 0x00] -> 0 
 UInt8[0x01, 0x00] -> 1 
 UInt8[0x00, 0x01] -> 1 
 UInt8[0x01, 0x01] -> 1 
** Tour n. 255 at 2019-08-27T17:07:17.535 
    2019-08-27T17:07:19.318 , Gen : 1 , BEST: 1023 , bonus = 0.0 
    2019-08-27T17:07:19.382 , Gen : 1 , BEST: 1023 , bonus = 0.0 
fitness : 1023 
 code : ,[>[,]+[.+->>]>]-,.,>>.<,+->>,+>-[,++-], 
 UInt8[0x00, 0x00] -> 0 
 UInt8[0x01, 0x00] -> 1 
 UInt8[0x00, 0x01] -> 1 
 UInt8[0x01, 0x01] -> 1 
** Tour n. 256 at 2019-08-27T17:07:19.475 
    2019-08-27T17:07:21.651 , Gen : 1 , BEST: 1023 , bonus = 0.0 
    2019-08-27T17:07:21.726 , Gen : 1 , BEST: 1023 , bonus = 0.0 
fitness : 1023 
 code : ,[>[,]+[.+->>]>]-,.,>>.<,+->>,+>-[,++-], 
 UInt8[0x00, 0x00] -> 0 
 UInt8[0x01, 0x00] -> 1 
 UInt8[0x00, 0x01] -> 1 
 UInt8[0x01, 0x01] -> 1 
** Tour n. 257 at 2019-08-27T17:07:21.799 
    2019-08-27T17:07:23.709 , Gen : 1 , BEST: 1023 , bonus = 0.0 
    2019-08-27T17:07:23.783 , Gen : 1 , BEST: 1023 , bonus = 0.0 
fitness : 1023 
 code : ,[>[,]+[.+->>]>]-,.,>>.<,+->>,+>-[,++-], 
 UInt8[0x00, 0x00] -> 0 
 UInt8[0x01, 0x00] -> 1 
 UInt8[0x00, 0x01] -> 1 
 UInt8[0x01, 0x01] -> 1 
** Tour n. 258 at 2019-08-27T17:07:23.857 
    2019-08-27T17:07:25.494 , Gen : 1 , BEST: 1023 , bonus = 0.0 
    2019-08-27T17:07:25.569 , Gen : 1 , BEST: 1023 , bonus = 0.0 
fitness : 1023 
 code : ,[>[,]+[.+->>]>]-,.,>>.<,+->>,+>-[,++-], 
 UInt8[0x00, 0x00] -> 0 
 UInt8[0x01, 0x00] -> 1 
 UInt8[0x00, 0x01] -> 1 
 UInt8[0x01, 0x01] -> 1 
** Tour n. 259 at 2019-08-27T17:07:25.645 
    2019-08-27T17:07:27.765 , Gen : 1 , BEST: 1023 , bonus = 0.0 
    2019-08-27T17:07:27.955 , Gen : 1 , BEST: 1023 , bonus = 0.0 
fitness : 1023 
 code : ,[>[,]+[.+->>]>]-,.,>>.<,+->>,+>-[,++-], 
 UInt8[0x00, 0x00] -> 0 
 UInt8[0x01, 0x00] -> 1 
 UInt8[0x00, 0x01] -> 1 
 UInt8[0x01, 0x01] -> 1 
** Tour n. 260 at 2019-08-27T17:07:28.033 
    2019-08-27T17:07:29.692 , Gen : 1 , BEST: 1023 , bonus = 0.0 
    2019-08-27T17:07:29.774 , Gen : 1 , BEST: 1023 , bonus = 0.0 
fitness : 1023 
 code : ,[>[,]+[.+->>]>]-,.,>>.<,+->>,+>-[,++-], 
 UInt8[0x00, 0x00] -> 0 
 UInt8[0x01, 0x00] -> 1 
 UInt8[0x00, 0x01] -> 1 
 UInt8[0x01, 0x01] -> 1 
** Tour n. 261 at 2019-08-27T17:07:29.853 
    2019-08-27T17:07:31.687 , Gen : 1 , BEST: 1023 , bonus = 0.0 
    2019-08-27T17:07:31.761 , Gen : 1 , BEST: 1023 , bonus = 0.0 
fitness : 1023 
 code : ,[>[,]+[.+->>]>]-,.,>>.<,+->>,+>-[,++-], 
 UInt8[0x00, 0x00] -> 0 
 UInt8[0x01, 0x00] -> 1 
 UInt8[0x00, 0x01] -> 1 
 UInt8[0x01, 0x01] -> 1 
** Tour n. 262 at 2019-08-27T17:07:31.835 
    2019-08-27T17:07:33.565 , Gen : 1 , BEST: 1023 , bonus = 0.0 
    2019-08-27T17:07:33.793 , Gen : 1 , BEST: 1023 , bonus = 0.0 
fitness : 1023 
 code : ,[>[,]+[.+->>]>]-,.,>>.<,+->>,+>-[,++-], 
 UInt8[0x00, 0x00] -> 0 
 UInt8[0x01, 0x00] -> 1 
 UInt8[0x00, 0x01] -> 1 
 UInt8[0x01, 0x01] -> 1 
** Tour n. 263 at 2019-08-27T17:07:33.901 
    2019-08-27T17:07:35.435 , Gen : 1 , BEST: 1023 , bonus = 0.0 
    2019-08-27T17:07:35.505 , Gen : 1 , BEST: 1023 , bonus = 0.0 
fitness : 1023 
 code : ,[>[,]+[.+->>]>]-,.,>>.<,+->>,+>-[,++-], 
 UInt8[0x00, 0x00] -> 0 
 UInt8[0x01, 0x00] -> 1 
 UInt8[0x00, 0x01] -> 1 
 UInt8[0x01, 0x01] -> 1 
** Tour n. 264 at 2019-08-27T17:07:35.582 
    2019-08-27T17:07:37.221 , Gen : 1 , BEST: 1023 , bonus = 0.0 
    2019-08-27T17:07:37.442 , Gen : 1 , BEST: 1023 , bonus = 0.0 
fitness : 1023 
 code : ,[>[,]+[.+->>]>]-,.,>>.<,+->>,+>-[,++-], 
 UInt8[0x00, 0x00] -> 0 
 UInt8[0x01, 0x00] -> 1 
 UInt8[0x00, 0x01] -> 1 
 UInt8[0x01, 0x01] -> 1 
** Tour n. 265 at 2019-08-27T17:07:37.501 
    2019-08-27T17:07:39.099 , Gen : 1 , BEST: 1023 , bonus = 0.0 
    2019-08-27T17:07:39.17 , Gen : 1 , BEST: 1023 , bonus = 0.0 
fitness : 1023 
 code : ,[>[,]+[.+->>]>]-,.,>>.<,+->>,+>-[,++-], 
 UInt8[0x00, 0x00] -> 0 
 UInt8[0x01, 0x00] -> 1 
 UInt8[0x00, 0x01] -> 1 
 UInt8[0x01, 0x01] -> 1 
** Tour n. 266 at 2019-08-27T17:07:39.26 
    2019-08-27T17:07:41.111 , Gen : 1 , BEST: 1023 , bonus = 0.0 
    2019-08-27T17:07:41.217 , Gen : 1 , BEST: 1023 , bonus = 0.0 
fitness : 1023 
 code : ,[>[,]+[.+->>]>]-,.,>>.<,+->>,+>-[,++-], 
 UInt8[0x00, 0x00] -> 0 
 UInt8[0x01, 0x00] -> 1 
 UInt8[0x00, 0x01] -> 1 
 UInt8[0x01, 0x01] -> 1 
** Tour n. 267 at 2019-08-27T17:07:41.286 
    2019-08-27T17:07:42.896 , Gen : 1 , BEST: 1023 , bonus = 0.0 
    2019-08-27T17:07:42.976 , Gen : 1 , BEST: 1023 , bonus = 0.0 
fitness : 1023 
 code : ,[>[,]+[.+->>]>]-,.,>>.<,+->>,+>-[,++-], 
 UInt8[0x00, 0x00] -> 0 
 UInt8[0x01, 0x00] -> 1 
 UInt8[0x00, 0x01] -> 1 
 UInt8[0x01, 0x01] -> 1 
** Tour n. 268 at 2019-08-27T17:07:43.039 
    2019-08-27T17:07:44.585 , Gen : 1 , BEST: 1023 , bonus = 0.0 
    2019-08-27T17:07:44.653 , Gen : 1 , BEST: 1023 , bonus = 0.0 
fitness : 1023 
 code : ,[>[,]+[.+->>]>]-,.,>>.<,+->>,+>-[,++-], 
 UInt8[0x00, 0x00] -> 0 
 UInt8[0x01, 0x00] -> 1 
 UInt8[0x00, 0x01] -> 1 
 UInt8[0x01, 0x01] -> 1 
** Tour n. 269 at 2019-08-27T17:07:44.72 
    2019-08-27T17:07:46.252 , Gen : 1 , BEST: 1023 , bonus = 0.0 
    2019-08-27T17:07:46.32 , Gen : 1 , BEST: 1023 , bonus = 0.0 
fitness : 1023 
 code : ,[>[,]+[.+->>]>]-,.,>>.<,+->>,+>-[,++-], 
 UInt8[0x00, 0x00] -> 0 
 UInt8[0x01, 0x00] -> 1 
 UInt8[0x00, 0x01] -> 1 
 UInt8[0x01, 0x01] -> 1 
** Tour n. 270 at 2019-08-27T17:07:46.391 
    2019-08-27T17:07:48.099 , Gen : 1 , BEST: 1023 , bonus = 0.0 
    2019-08-27T17:07:48.18 , Gen : 1 , BEST: 1023 , bonus = 0.0 
fitness : 1023 
 code : ,[>[,]+[.+->>]>]-,.,>>.<,+->>,+>-[,++-], 
 UInt8[0x00, 0x00] -> 0 
 UInt8[0x01, 0x00] -> 1 
 UInt8[0x00, 0x01] -> 1 
 UInt8[0x01, 0x01] -> 1 
** Tour n. 271 at 2019-08-27T17:07:48.246 
    2019-08-27T17:07:50.012 , Gen : 1 , BEST: 1023 , bonus = 0.0 
    2019-08-27T17:07:50.09 , Gen : 1 , BEST: 1023 , bonus = 0.0 
fitness : 1023 
 code : ,[>[,]+[.+->>]>]-,.,>>.<,+->>,+>-[,++-], 
 UInt8[0x00, 0x00] -> 0 
 UInt8[0x01, 0x00] -> 1 
 UInt8[0x00, 0x01] -> 1 
 UInt8[0x01, 0x01] -> 1 
** Tour n. 272 at 2019-08-27T17:07:50.186 
    2019-08-27T17:07:52.087 , Gen : 1 , BEST: 1023 , bonus = 0.0 
    2019-08-27T17:07:52.164 , Gen : 1 , BEST: 1023 , bonus = 0.0 
fitness : 1023 
 code : ,[>[,]+[.+->>]>]-,.,>>.<,+->>,+>-[,++-], 
 UInt8[0x00, 0x00] -> 0 
 UInt8[0x01, 0x00] -> 1 
 UInt8[0x00, 0x01] -> 1 
 UInt8[0x01, 0x01] -> 1 
** Tour n. 273 at 2019-08-27T17:07:52.24 
    2019-08-27T17:07:53.936 , Gen : 1 , BEST: 1023 , bonus = 0.0 
    2019-08-27T17:07:54.017 , Gen : 1 , BEST: 1023 , bonus = 0.0 
fitness : 1023 
 code : ,[>[,]+[.+->>]>]-,.,>>.<,+->>,+>-[,++-], 
 UInt8[0x00, 0x00] -> 0 
 UInt8[0x01, 0x00] -> 1 
 UInt8[0x00, 0x01] -> 1 
 UInt8[0x01, 0x01] -> 1 
** Tour n. 274 at 2019-08-27T17:07:54.082 
    2019-08-27T17:07:55.99 , Gen : 1 , BEST: 1023 , bonus = 0.0 
    2019-08-27T17:07:56.046 , Gen : 1 , BEST: 1023 , bonus = 0.0 
fitness : 1023 
 code : ,[>[,]+[.+->>]>]-,.,>>.<,+->>,+>-[,++-], 
 UInt8[0x00, 0x00] -> 0 
 UInt8[0x01, 0x00] -> 1 
 UInt8[0x00, 0x01] -> 1 
 UInt8[0x01, 0x01] -> 1 
** Tour n. 275 at 2019-08-27T17:07:56.129 
    2019-08-27T17:07:57.993 , Gen : 1 , BEST: 1023 , bonus = 0.0 
    2019-08-27T17:07:58.07 , Gen : 1 , BEST: 1023 , bonus = 0.0 
fitness : 1023 
 code : ,[>[,]+[.+->>]>]-,.,>>.<,+->>,+>-[,++-], 
 UInt8[0x00, 0x00] -> 0 
 UInt8[0x01, 0x00] -> 1 
 UInt8[0x00, 0x01] -> 1 
 UInt8[0x01, 0x01] -> 1 
** Tour n. 276 at 2019-08-27T17:07:58.152 
    2019-08-27T17:08:00.044 , Gen : 1 , BEST: 1023 , bonus = 0.0 
    2019-08-27T17:08:00.121 , Gen : 1 , BEST: 1023 , bonus = 0.0 
fitness : 1023 
 code : ,[>[,]+[.+->>]>]-,.,>>.<,+->>,+>-[,++-], 
 UInt8[0x00, 0x00] -> 0 
 UInt8[0x01, 0x00] -> 1 
 UInt8[0x00, 0x01] -> 1 
 UInt8[0x01, 0x01] -> 1 
** Tour n. 277 at 2019-08-27T17:08:00.236 
    2019-08-27T17:08:01.899 , Gen : 1 , BEST: 1023 , bonus = 0.0 
    2019-08-27T17:08:02.253 , Gen : 1 , BEST: 1023 , bonus = 0.0 
fitness : 1023 
 code : ,[>[,]+[.+->>]>]-,.,>>.<,+->>,+>-[,++-], 
 UInt8[0x00, 0x00] -> 0 
 UInt8[0x01, 0x00] -> 1 
 UInt8[0x00, 0x01] -> 1 
 UInt8[0x01, 0x01] -> 1 
** Tour n. 278 at 2019-08-27T17:08:02.335 
    2019-08-27T17:08:04.214 , Gen : 1 , BEST: 1023 , bonus = 0.0 
    2019-08-27T17:08:04.275 , Gen : 1 , BEST: 1023 , bonus = 0.0 
fitness : 1023 
 code : ,[>[,]+[.+->>]>]-,.,>>.<,+->>,+>-[,++-], 
 UInt8[0x00, 0x00] -> 0 
 UInt8[0x01, 0x00] -> 1 
 UInt8[0x00, 0x01] -> 1 
 UInt8[0x01, 0x01] -> 1 
** Tour n. 279 at 2019-08-27T17:08:04.351 
    2019-08-27T17:08:06.115 , Gen : 1 , BEST: 1023 , bonus = 0.0 
    2019-08-27T17:08:06.189 , Gen : 1 , BEST: 1023 , bonus = 0.0 
fitness : 1023 
 code : ,[>[,]+[.+->>]>]-,.,>>.<,+->>,+>-[,++-], 
 UInt8[0x00, 0x00] -> 0 
 UInt8[0x01, 0x00] -> 1 
 UInt8[0x00, 0x01] -> 1 
 UInt8[0x01, 0x01] -> 1 
** Tour n. 280 at 2019-08-27T17:08:06.273 
    2019-08-27T17:08:08.156 , Gen : 1 , BEST: 1023 , bonus = 0.0 
    2019-08-27T17:08:08.237 , Gen : 1 , BEST: 1023 , bonus = 0.0 
fitness : 1023 
 code : ,[>[,]+[.+->>]>]-,.,>>.<,+->>,+>-[,++-], 
 UInt8[0x00, 0x00] -> 0 
 UInt8[0x01, 0x00] -> 1 
 UInt8[0x00, 0x01] -> 1 
 UInt8[0x01, 0x01] -> 1 
** Tour n. 281 at 2019-08-27T17:08:08.322 
    2019-08-27T17:08:10.382 , Gen : 1 , BEST: 1023 , bonus = 0.0 
    2019-08-27T17:08:10.457 , Gen : 1 , BEST: 1023 , bonus = 0.0 
fitness : 1023 
 code : ,[>[,]+[.+->>]>]-,.,>>.<,+->>,+>-[,++-], 
 UInt8[0x00, 0x00] -> 0 
 UInt8[0x01, 0x00] -> 1 
 UInt8[0x00, 0x01] -> 1 
 UInt8[0x01, 0x01] -> 1 
** Tour n. 282 at 2019-08-27T17:08:10.536 
    2019-08-27T17:08:12.497 , Gen : 1 , BEST: 1023 , bonus = 0.0 
    2019-08-27T17:08:12.567 , Gen : 1 , BEST: 1023 , bonus = 0.0 
fitness : 1023 
 code : ,[>[,]+[.+->>]>]-,.,>>.<,+->>,+>-[,++-], 
 UInt8[0x00, 0x00] -> 0 
 UInt8[0x01, 0x00] -> 1 
 UInt8[0x00, 0x01] -> 1 
 UInt8[0x01, 0x01] -> 1 
** Tour n. 283 at 2019-08-27T17:08:12.659 
    2019-08-27T17:08:14.416 , Gen : 1 , BEST: 1023 , bonus = 0.0 
    2019-08-27T17:08:14.49 , Gen : 1 , BEST: 1023 , bonus = 0.0 
fitness : 1023 
 code : ,[>[,]+[.+->>]>]-,.,>>.<,+->>,+>-[,++-], 
 UInt8[0x00, 0x00] -> 0 
 UInt8[0x01, 0x00] -> 1 
 UInt8[0x00, 0x01] -> 1 
 UInt8[0x01, 0x01] -> 1 
** Tour n. 284 at 2019-08-27T17:08:14.572 
    2019-08-27T17:08:16.611 , Gen : 1 , BEST: 1023 , bonus = 0.0 
    2019-08-27T17:08:16.679 , Gen : 1 , BEST: 1023 , bonus = 0.0 
fitness : 1023 
 code : ,[>[,]+[.+->>]>]-,.,>>.<,+->>,+>-[,++-], 
 UInt8[0x00, 0x00] -> 0 
 UInt8[0x01, 0x00] -> 1 
 UInt8[0x00, 0x01] -> 1 
 UInt8[0x01, 0x01] -> 1 
** Tour n. 285 at 2019-08-27T17:08:16.759 
    2019-08-27T17:08:18.555 , Gen : 1 , BEST: 1023 , bonus = 0.0 
    2019-08-27T17:08:18.635 , Gen : 1 , BEST: 1023 , bonus = 0.0 
fitness : 1023 
 code : ,[>[,]+[.+->>]>]-,.,>>.<,+->>,+>-[,++-], 
 UInt8[0x00, 0x00] -> 0 
 UInt8[0x01, 0x00] -> 1 
 UInt8[0x00, 0x01] -> 1 
 UInt8[0x01, 0x01] -> 1 
** Tour n. 286 at 2019-08-27T17:08:18.71 
    2019-08-27T17:08:20.749 , Gen : 1 , BEST: 1023 , bonus = 0.0 
    2019-08-27T17:08:20.825 , Gen : 1 , BEST: 1023 , bonus = 0.0 
fitness : 1023 
 code : ,[>[,]+[.+->>]>]-,.,>>.<,+->>,+>-[,++-], 
 UInt8[0x00, 0x00] -> 0 
 UInt8[0x01, 0x00] -> 1 
 UInt8[0x00, 0x01] -> 1 
 UInt8[0x01, 0x01] -> 1 
** Tour n. 287 at 2019-08-27T17:08:20.893 
    2019-08-27T17:08:22.747 , Gen : 1 , BEST: 1023 , bonus = 0.0 
    2019-08-27T17:08:23.134 , Gen : 1 , BEST: 1023 , bonus = 0.0 
fitness : 1023 
 code : ,[>[,]+[.+->>]>]-,.,>>.<,+->>,+>-[,++-], 
 UInt8[0x00, 0x00] -> 0 
 UInt8[0x01, 0x00] -> 1 
 UInt8[0x00, 0x01] -> 1 
 UInt8[0x01, 0x01] -> 1 
** Tour n. 288 at 2019-08-27T17:08:23.214 
    2019-08-27T17:08:25.359 , Gen : 1 , BEST: 1023 , bonus = 0.0 
    2019-08-27T17:08:25.455 , Gen : 1 , BEST: 1023 , bonus = 0.0 
fitness : 1023 
 code : ,[>[,]+[.+->>]>]-,.,>>.<,+->>,+>-[,++-], 
 UInt8[0x00, 0x00] -> 0 
 UInt8[0x01, 0x00] -> 1 
 UInt8[0x00, 0x01] -> 1 
 UInt8[0x01, 0x01] -> 1 
** Tour n. 289 at 2019-08-27T17:08:25.548 
    2019-08-27T17:08:27.569 , Gen : 1 , BEST: 1023 , bonus = 0.0 
    2019-08-27T17:08:27.642 , Gen : 1 , BEST: 1023 , bonus = 0.0 
fitness : 1023 
 code : ,[>[,]+[.+->>]>]-,.,>>.<,+->>,+>-[,++-], 
 UInt8[0x00, 0x00] -> 0 
 UInt8[0x01, 0x00] -> 1 
 UInt8[0x00, 0x01] -> 1 
 UInt8[0x01, 0x01] -> 1 
** Tour n. 290 at 2019-08-27T17:08:27.74 
    2019-08-27T17:08:29.416 , Gen : 1 , BEST: 1023 , bonus = 0.0 
    2019-08-27T17:08:29.492 , Gen : 1 , BEST: 1023 , bonus = 0.0 
fitness : 1023 
 code : ,[>[,]+[.+->>]>]-,.,>>.<,+->>,+>-[,++-], 
 UInt8[0x00, 0x00] -> 0 
 UInt8[0x01, 0x00] -> 1 
 UInt8[0x00, 0x01] -> 1 
 UInt8[0x01, 0x01] -> 1 
** Tour n. 291 at 2019-08-27T17:08:29.556 
    2019-08-27T17:08:31.921 , Gen : 1 , BEST: 1024 , bonus = 7844.0 
    2019-08-27T17:08:32.099 , Gen : 1 , BEST: 1024 , bonus = 0.0 
fitness : 1024 
 code : ,[>,[,.]+[.+-]>]-,.,>>.<,+->>,+>-[,++-], 
 UInt8[0x00, 0x00] -> 0 
 UInt8[0x01, 0x00] -> 1 
 UInt8[0x00, 0x01] -> 1 
 UInt8[0x01, 0x01] -> 0 
fitness : 1024 
 code : ,[>,[,.]+[.+-]>]-,.,>>.<,+->>,+>-[,++-], 
 UInt8[0x00, 0x00] -> 0 
 UInt8[0x01, 0x00] -> 1 
 UInt8[0x00, 0x01] -> 1 
 UInt8[0x01, 0x01] -> 0 
fitness 1024 
dna : [0.648827, 0.783059, 0.138693, 0.652853, 0.828079, 0.632187, 0.539748, 0.974286, 0.299703, 0.842478, 0.526693, 0.278235, 0.408369, 0.892611, 0.125142, 0.984917, 0.480824, 0.682391, 0.537252, 0.65237, 0.194306, 0.218929, 0.560987, 0.0438286, 0.637465, 0.290529, 0.416862, 0.246818, 0.229087, 0.743975, 0.331749, 0.138002, 0.393954, 0.819472, 0.69373, 0.349004, 0.278171, 0.452934, 0.960688, 0.648827] 
