params : Main.GeneticAlgorithms.Types.GAParams(136, 1000000, 50, 150, 0.7, 0.015, true, IOStream(<file ../Results/logReversingString.log>), 0.0, 3870.0, 0, 0) 
** Tour n. 1 at 2019-08-28T02:56:13.401 
    2019-08-28T02:56:19.853 , Gen : 1 , BEST: 3795 , bonus = 0.0 
    2019-08-28T02:56:22.989 , Gen : 1 , BEST: 3795 , bonus = 0.0 
fitness : 3795 
  code : ,[.]-+>+,<<>,+>,,.,<-,-.-,,->,+>[+,>-<<-,][-.<-+-]  
 try to Reverse me --> ttttttttttttttttt
** Tour n. 2 at 2019-08-28T02:56:23.233 
    2019-08-28T02:56:28.482 , Gen : 1 , BEST: 3795 , bonus = 0.0 
    2019-08-28T02:56:28.73 , Gen : 1 , BEST: 3795 , bonus = 0.0 
fitness : 3795 
  code : ,[.]-+>+,<<>,+>,,.,<-,-.-,,->,+>[+,>-<<-,][-.<-+-]  
 try to Reverse me --> ttttttttttttttttt
** Tour n. 3 at 2019-08-28T02:56:28.898 
    2019-08-28T02:56:35.904 , Gen : 1 , BEST: 3795 , bonus = 0.0 
    2019-08-28T02:56:36.193 , Gen : 1 , BEST: 3795 , bonus = 0.0 
fitness : 3795 
  code : ,[.]-+>+,<<>,+>,,.,<-,-.-,,->,+>[+,>-<<-,][-.<-+-]  
 try to Reverse me --> ttttttttttttttttt
** Tour n. 4 at 2019-08-28T02:56:36.366 
    2019-08-28T02:56:43.751 , Gen : 1 , BEST: 3795 , bonus = 0.0 
    2019-08-28T02:56:44.008 , Gen : 1 , BEST: 3795 , bonus = 0.0 
fitness : 3795 
  code : ,[.]-+>+,<<>,+>,,.,<-,-.-,,->,+>[+,>-<<-,][-.<-+-]  
 try to Reverse me --> ttttttttttttttttt
** Tour n. 5 at 2019-08-28T02:56:44.138 
    2019-08-28T02:56:51.35 , Gen : 1 , BEST: 3795 , bonus = 0.0 
    2019-08-28T02:56:52.142 , Gen : 1 , BEST: 3795 , bonus = 0.0 
fitness : 3795 
  code : ,[.]-+>+,<<>,+>,,.,<-,-.-,,->,+>[+,>-<<-,][-.<-+-]  
 try to Reverse me --> ttttttttttttttttt
** Tour n. 6 at 2019-08-28T02:56:52.293 
    2019-08-28T02:56:59.701 , Gen : 1 , BEST: 3795 , bonus = 0.0 
    2019-08-28T02:57:00.045 , Gen : 1 , BEST: 3795 , bonus = 0.0 
fitness : 3795 
  code : ,[.]-+>+,<<>,+>,,.,<-,-.-,,->,+>[+,>-<<-,][-.<-+-]  
 try to Reverse me --> ttttttttttttttttt
** Tour n. 7 at 2019-08-28T02:57:00.22 
    2019-08-28T02:57:07.862 , Gen : 1 , BEST: 3795 , bonus = 0.0 
    2019-08-28T02:57:08.188 , Gen : 1 , BEST: 3795 , bonus = 0.0 
fitness : 3795 
  code : ,[.]-+>+,<<>,+>,,.,<-,-.-,,->,+>[+,>-<<-,][-.<-+-]  
 try to Reverse me --> ttttttttttttttttt
** Tour n. 8 at 2019-08-28T02:57:08.384 
    2019-08-28T02:57:15.132 , Gen : 1 , BEST: 3795 , bonus = 0.0 
    2019-08-28T02:57:15.949 , Gen : 1 , BEST: 3795 , bonus = 0.0 
fitness : 3795 
  code : ,[.]-+>+,<<>,+>,,.,<-,-.-,,->,+>[+,>-<<-,][-.<-+-]  
 try to Reverse me --> ttttttttttttttttt
** Tour n. 9 at 2019-08-28T02:57:16.056 
    2019-08-28T02:57:23.392 , Gen : 1 , BEST: 3795 , bonus = 0.0 
    2019-08-28T02:57:23.661 , Gen : 1 , BEST: 3795 , bonus = 0.0 
fitness : 3795 
  code : ,[.]-+>+,<<>,+>,,.,<-,-.-,,->,+>[+,>-<<-,][-.<-+-]  
 try to Reverse me --> ttttttttttttttttt
** Tour n. 10 at 2019-08-28T02:57:23.816 
    2019-08-28T02:57:32.62 , Gen : 1 , BEST: 3795 , bonus = 0.0 
    2019-08-28T02:57:33.397 , Gen : 1 , BEST: 3795 , bonus = 0.0 
fitness : 3795 
  code : ,[.]-+>+,<<>,+>,,.,<-,-.-,,->,+>[+,>-<<-,][-.<-+-]  
 try to Reverse me --> ttttttttttttttttt
** Tour n. 11 at 2019-08-28T02:57:33.528 
    2019-08-28T02:57:40.909 , Gen : 1 , BEST: 3795 , bonus = 0.0 
    2019-08-28T02:57:41.438 , Gen : 1 , BEST: 3795 , bonus = 0.0 
fitness : 3795 
  code : ,[.]-+>+,<<>,+>,,.,<-,-.-,,->,+>[+,>-<<-,][-.<-+-]  
 try to Reverse me --> ttttttttttttttttt
** Tour n. 12 at 2019-08-28T02:57:41.576 
    2019-08-28T02:57:48.863 , Gen : 1 , BEST: 3795 , bonus = 0.0 
    2019-08-28T02:57:49.218 , Gen : 1 , BEST: 3795 , bonus = 0.0 
fitness : 3795 
  code : ,[.]-+>+,<<>,+>,,.,<-,-.-,,->,+>[+,>-<<-,][-.<-+-]  
 try to Reverse me --> ttttttttttttttttt
** Tour n. 13 at 2019-08-28T02:57:49.387 
    2019-08-28T02:57:56.255 , Gen : 1 , BEST: 3795 , bonus = 0.0 
    2019-08-28T02:57:56.661 , Gen : 1 , BEST: 3795 , bonus = 0.0 
fitness : 3795 
  code : ,[.]-+>+,<<>,+>,,.,<-,-.-,,->,+>[+,>-<<-,][-.<-+-]  
 try to Reverse me --> ttttttttttttttttt
** Tour n. 14 at 2019-08-28T02:57:56.801 
    2019-08-28T02:58:04.306 , Gen : 1 , BEST: 3795 , bonus = 0.0 
    2019-08-28T02:58:04.798 , Gen : 1 , BEST: 3795 , bonus = 0.0 
fitness : 3795 
  code : ,[.]-+>+,<<>,+>,,.,<-,-.-,,->,+>[+,>-<<-,][-.<-+-]  
 try to Reverse me --> ttttttttttttttttt
** Tour n. 15 at 2019-08-28T02:58:04.946 
    2019-08-28T02:58:12.099 , Gen : 1 , BEST: 3795 , bonus = 0.0 
    2019-08-28T02:58:12.616 , Gen : 1 , BEST: 3795 , bonus = 0.0 
fitness : 3795 
  code : ,[.]-+>+,<<>,+>,,.,<-,-.-,,->,+>[+,>-<<-,][-.<-+-]  
 try to Reverse me --> ttttttttttttttttt
** Tour n. 16 at 2019-08-28T02:58:12.735 
    2019-08-28T02:58:20.313 , Gen : 1 , BEST: 3795 , bonus = 0.0 
    2019-08-28T02:58:20.478 , Gen : 1 , BEST: 3795 , bonus = 0.0 
fitness : 3795 
  code : ,[.]-+>+,<<>,+>,,.,<-,-.-,,->,+>[+,>-<<-,][-.<-+-]  
 try to Reverse me --> ttttttttttttttttt
** Tour n. 17 at 2019-08-28T02:58:20.575 
    2019-08-28T02:58:28.278 , Gen : 1 , BEST: 3795 , bonus = 0.0 
    2019-08-28T02:58:28.695 , Gen : 1 , BEST: 3795 , bonus = 0.0 
fitness : 3795 
  code : ,[.]-+>+,<<>,+>,,.,<-,-.-,,->,+>[+,>-<<-,][-.<-+-]  
 try to Reverse me --> ttttttttttttttttt
** Tour n. 18 at 2019-08-28T02:58:28.832 
    2019-08-28T02:58:36.625 , Gen : 1 , BEST: 3795 , bonus = 0.0 
    2019-08-28T02:58:37.092 , Gen : 1 , BEST: 3795 , bonus = 0.0 
fitness : 3795 
  code : ,[.]-+>+,<<>,+>,,.,<-,-.-,,->,+>[+,>-<<-,][-.<-+-]  
 try to Reverse me --> ttttttttttttttttt
** Tour n. 19 at 2019-08-28T02:58:37.217 
    2019-08-28T02:58:44.964 , Gen : 1 , BEST: 3795 , bonus = 0.0 
    2019-08-28T02:58:45.307 , Gen : 1 , BEST: 3795 , bonus = 0.0 
fitness : 3795 
  code : ,[.]-+>+,<<>,+>,,.,<-,-.-,,->,+>[+,>-<<-,][-.<-+-]  
 try to Reverse me --> ttttttttttttttttt
** Tour n. 20 at 2019-08-28T02:58:45.472 
    2019-08-28T02:58:53.391 , Gen : 1 , BEST: 3795 , bonus = 0.0 
    2019-08-28T02:58:53.937 , Gen : 1 , BEST: 3795 , bonus = 0.0 
fitness : 3795 
  code : ,[.]-+>+,<<>,+>,,.,<-,-.-,,->,+>[+,>-<<-,][-.<-+-]  
 try to Reverse me --> ttttttttttttttttt
** Tour n. 21 at 2019-08-28T02:58:54.082 
    2019-08-28T02:59:00.814 , Gen : 1 , BEST: 3795 , bonus = 0.0 
    2019-08-28T02:59:01.031 , Gen : 1 , BEST: 3795 , bonus = 0.0 
fitness : 3795 
  code : ,[.]-+>+,<<>,+>,,.,<-,-.-,,->,+>[+,>-<<-,][-.<-+-]  
 try to Reverse me --> ttttttttttttttttt
** Tour n. 22 at 2019-08-28T02:59:01.157 
    2019-08-28T02:59:07.11 , Gen : 1 , BEST: 3795 , bonus = 0.0 
    2019-08-28T02:59:07.416 , Gen : 1 , BEST: 3795 , bonus = 0.0 
fitness : 3795 
  code : ,[.]-+>+,<<>,+>,,.,<-,-.-,,->,+>[+,>-<<-,][-.<-+-]  
 try to Reverse me --> ttttttttttttttttt
** Tour n. 23 at 2019-08-28T02:59:07.574 
    2019-08-28T02:59:12.967 , Gen : 1 , BEST: 3795 , bonus = 0.0 
    2019-08-28T02:59:13.345 , Gen : 1 , BEST: 3795 , bonus = 0.0 
fitness : 3795 
  code : ,[.]-+>+,<<>,+>,,.,<-,-.-,,->,+>[+,>-<<-,][-.<-+-]  
 try to Reverse me --> ttttttttttttttttt
** Tour n. 24 at 2019-08-28T02:59:13.452 
    2019-08-28T02:59:18.888 , Gen : 1 , BEST: 3795 , bonus = 0.0 
    2019-08-28T02:59:19.093 , Gen : 1 , BEST: 3795 , bonus = 0.0 
fitness : 3795 
  code : ,[.]-+>+,<<>,+>,,.,<-,-.-,,->,+>[+,>-<<-,][-.<-+-]  
 try to Reverse me --> ttttttttttttttttt
** Tour n. 25 at 2019-08-28T02:59:19.204 
    2019-08-28T02:59:24.626 , Gen : 1 , BEST: 3795 , bonus = 0.0 
    2019-08-28T02:59:24.824 , Gen : 1 , BEST: 3795 , bonus = 0.0 
fitness : 3795 
  code : ,[.]-+>+,<<>,+>,,.,<-,-.-,,->,+>[+,>-<<-,][-.<-+-]  
 try to Reverse me --> ttttttttttttttttt
** Tour n. 26 at 2019-08-28T02:59:24.895 
    2019-08-28T02:59:29.876 , Gen : 1 , BEST: 3795 , bonus = 0.0 
    2019-08-28T02:59:30.186 , Gen : 1 , BEST: 3795 , bonus = 0.0 
fitness : 3795 
  code : ,[.]-+>+,<<>,+>,,.,<-,-.-,,->,+>[+,>-<<-,][-.<-+-]  
 try to Reverse me --> ttttttttttttttttt
** Tour n. 27 at 2019-08-28T02:59:30.311 
    2019-08-28T02:59:35.074 , Gen : 1 , BEST: 3795 , bonus = 0.0 
    2019-08-28T02:59:35.355 , Gen : 1 , BEST: 3795 , bonus = 0.0 
fitness : 3795 
  code : ,[.]-+>+,<<>,+>,,.,<-,-.-,,->,+>[+,>-<<-,][-.<-+-]  
 try to Reverse me --> ttttttttttttttttt
** Tour n. 28 at 2019-08-28T02:59:35.482 
    2019-08-28T02:59:40.351 , Gen : 1 , BEST: 3795 , bonus = 0.0 
    2019-08-28T02:59:40.724 , Gen : 1 , BEST: 3795 , bonus = 0.0 
fitness : 3795 
  code : ,[.]-+>+,<<>,+>,,.,<-,-.-,,->,+>[+,>-<<-,][-.<-+-]  
 try to Reverse me --> ttttttttttttttttt
** Tour n. 29 at 2019-08-28T02:59:40.894 
    2019-08-28T02:59:46.432 , Gen : 1 , BEST: 3795 , bonus = 0.0 
    2019-08-28T02:59:46.97 , Gen : 1 , BEST: 3795 , bonus = 0.0 
fitness : 3795 
  code : ,[.]-+>+,<<>,+>,,.,<-,-.-,,->,+>[+,>-<<-,][-.<-+-]  
 try to Reverse me --> ttttttttttttttttt
** Tour n. 30 at 2019-08-28T02:59:47.057 
    2019-08-28T02:59:51.923 , Gen : 1 , BEST: 3795 , bonus = 0.0 
    2019-08-28T02:59:52.518 , Gen : 1 , BEST: 3795 , bonus = 0.0 
fitness : 3795 
  code : ,[.]-+>+,<<>,+>,,.,<-,-.-,,->,+>[+,>-<<-,][-.<-+-]  
 try to Reverse me --> ttttttttttttttttt
** Tour n. 31 at 2019-08-28T02:59:52.65 
    2019-08-28T02:59:58.072 , Gen : 1 , BEST: 3795 , bonus = 0.0 
    2019-08-28T02:59:58.358 , Gen : 1 , BEST: 3795 , bonus = 0.0 
fitness : 3795 
  code : ,[.]-+>+,<<>,+>,,.,<-,-.-,,->,+>[+,>-<<-,][-.<-+-]  
 try to Reverse me --> ttttttttttttttttt
** Tour n. 32 at 2019-08-28T02:59:58.498 
    2019-08-28T03:00:03.986 , Gen : 1 , BEST: 3795 , bonus = 0.0 
    2019-08-28T03:00:04.278 , Gen : 1 , BEST: 3795 , bonus = 0.0 
fitness : 3795 
  code : ,[.]-+>+,<<>,+>,,.,<-,-.-,,->,+>[+,>-<<-,][-.<-+-]  
 try to Reverse me --> ttttttttttttttttt
** Tour n. 33 at 2019-08-28T03:00:04.404 
    2019-08-28T03:00:09.686 , Gen : 1 , BEST: 3795 , bonus = 0.0 
    2019-08-28T03:00:09.869 , Gen : 1 , BEST: 3795 , bonus = 0.0 
fitness : 3795 
  code : ,[.]-+>+,<<>,+>,,.,<-,-.-,,->,+>[+,>-<<-,][-.<-+-]  
 try to Reverse me --> ttttttttttttttttt
** Tour n. 34 at 2019-08-28T03:00:10.007 
    2019-08-28T03:00:14.543 , Gen : 1 , BEST: 3795 , bonus = 0.0 
    2019-08-28T03:00:14.778 , Gen : 1 , BEST: 3795 , bonus = 0.0 
fitness : 3795 
  code : ,[.]-+>+,<<>,+>,,.,<-,-.-,,->,+>[+,>-<<-,][-.<-+-]  
 try to Reverse me --> ttttttttttttttttt
** Tour n. 35 at 2019-08-28T03:00:14.903 
    2019-08-28T03:00:20.667 , Gen : 1 , BEST: 3795 , bonus = 0.0 
    2019-08-28T03:00:20.955 , Gen : 1 , BEST: 3795 , bonus = 0.0 
fitness : 3795 
  code : ,[.]-+>+,<<>,+>,,.,<-,-.-,,->,+>[+,>-<<-,][-.<-+-]  
 try to Reverse me --> ttttttttttttttttt
** Tour n. 36 at 2019-08-28T03:00:21.091 
    2019-08-28T03:00:27.199 , Gen : 1 , BEST: 3795 , bonus = 0.0 
    2019-08-28T03:00:27.376 , Gen : 1 , BEST: 3795 , bonus = 0.0 
fitness : 3795 
  code : ,[.]-+>+,<<>,+>,,.,<-,-.-,,->,+>[+,>-<<-,][-.<-+-]  
 try to Reverse me --> ttttttttttttttttt
** Tour n. 37 at 2019-08-28T03:00:27.483 
    2019-08-28T03:00:32.585 , Gen : 1 , BEST: 3795 , bonus = 0.0 
    2019-08-28T03:00:32.813 , Gen : 1 , BEST: 3795 , bonus = 0.0 
fitness : 3795 
  code : ,[.]-+>+,<<>,+>,,.,<-,-.-,,->,+>[+,>-<<-,][-.<-+-]  
 try to Reverse me --> ttttttttttttttttt
** Tour n. 38 at 2019-08-28T03:00:32.919 
    2019-08-28T03:00:38.102 , Gen : 1 , BEST: 3795 , bonus = 0.0 
    2019-08-28T03:00:38.414 , Gen : 1 , BEST: 3795 , bonus = 0.0 
fitness : 3795 
  code : ,[.]-+>+,<<>,+>,,.,<-,-.-,,->,+>[+,>-<<-,][-.<-+-]  
 try to Reverse me --> ttttttttttttttttt
** Tour n. 39 at 2019-08-28T03:00:38.495 
    2019-08-28T03:00:44.494 , Gen : 1 , BEST: 3800 , bonus = 3902.0 
    2019-08-28T03:00:46.749 , Gen : 1 , BEST: 3800 , bonus = 0.0 
    2019-08-28T03:00:50.224 , Gen : 1 , BEST: 3800 , bonus = 0.0 
fitness : 3800 
  code : <>>+>++>,[[...>,.<.,-,-.-+-],>,,,]+[--+<>.--<<,[<<  
 try to Reverse me --> tttrttR
** Tour n. 40 at 2019-08-28T03:00:50.36 
    2019-08-28T03:00:55.279 , Gen : 1 , BEST: 3800 , bonus = 0.0 
    2019-08-28T03:00:55.667 , Gen : 1 , BEST: 3800 , bonus = 0.0 
fitness : 3800 
  code : <>>+>++>,[[...>,.<.,-,-.-+-],>,,,]+[--+<>.--<<,[<<  
 try to Reverse me --> tttrttR
** Tour n. 41 at 2019-08-28T03:00:55.84 
    2019-08-28T03:01:00.633 , Gen : 1 , BEST: 3800 , bonus = 0.0 
    2019-08-28T03:01:00.834 , Gen : 1 , BEST: 3800 , bonus = 0.0 
fitness : 3800 
  code : <>>+>++>,[[...>,.<.,-,-.-+-],>,,,]+[--+<>.--<<,[<<  
 try to Reverse me --> tttrttR
** Tour n. 42 at 2019-08-28T03:01:01.016 
    2019-08-28T03:01:05.187 , Gen : 1 , BEST: 3800 , bonus = 0.0 
    2019-08-28T03:01:05.453 , Gen : 1 , BEST: 3800 , bonus = 0.0 
fitness : 3800 
  code : <>>+>++>,[[...>,.<.,-,-.-+-],>,,,]+[--+<>.--<<,[<<  
 try to Reverse me --> tttrttR
** Tour n. 43 at 2019-08-28T03:01:05.624 
    2019-08-28T03:01:10.601 , Gen : 1 , BEST: 3800 , bonus = 0.0 
    2019-08-28T03:01:11.041 , Gen : 1 , BEST: 3800 , bonus = 0.0 
fitness : 3800 
  code : <>>+>++>,[[...>,.<.,-,-.-+-],>,,,]+[--+<>.--<<,[<<  
 try to Reverse me --> tttrttR
** Tour n. 44 at 2019-08-28T03:01:11.193 
    2019-08-28T03:01:17.288 , Gen : 1 , BEST: 3800 , bonus = 0.0 
    2019-08-28T03:01:17.515 , Gen : 1 , BEST: 3800 , bonus = 0.0 
fitness : 3800 
  code : <>>+>++>,[[...>,.<.,-,-.-+-],>,,,]+[--+<>.--<<,[<<  
 try to Reverse me --> tttrttR
** Tour n. 45 at 2019-08-28T03:01:17.69 
    2019-08-28T03:01:22.414 , Gen : 1 , BEST: 3800 , bonus = 0.0 
    2019-08-28T03:01:22.598 , Gen : 1 , BEST: 3800 , bonus = 0.0 
fitness : 3800 
  code : <>>+>++>,[[...>,.<.,-,-.-+-],>,,,]+[--+<>.--<<,[<<  
 try to Reverse me --> tttrttR
** Tour n. 46 at 2019-08-28T03:01:22.748 
    2019-08-28T03:01:27.055 , Gen : 1 , BEST: 3800 , bonus = 0.0 
    2019-08-28T03:01:27.293 , Gen : 1 , BEST: 3800 , bonus = 0.0 
fitness : 3800 
  code : <>>+>++>,[[...>,.<.,-,-.-+-],>,,,]+[--+<>.--<<,[<<  
 try to Reverse me --> tttrttR
** Tour n. 47 at 2019-08-28T03:01:27.418 
    2019-08-28T03:01:33.212 , Gen : 1 , BEST: 3800 , bonus = 0.0 
    2019-08-28T03:01:33.572 , Gen : 1 , BEST: 3800 , bonus = 0.0 
fitness : 3800 
  code : <>>+>++>,[[...>,.<.,-,-.-+-],>,,,]+[--+<>.--<<,[<<  
 try to Reverse me --> tttrttR
** Tour n. 48 at 2019-08-28T03:01:33.724 
    2019-08-28T03:01:39.2 , Gen : 1 , BEST: 3800 , bonus = 0.0 
    2019-08-28T03:01:39.475 , Gen : 1 , BEST: 3800 , bonus = 0.0 
fitness : 3800 
  code : <>>+>++>,[[...>,.<.,-,-.-+-],>,,,]+[--+<>.--<<,[<<  
 try to Reverse me --> tttrttR
** Tour n. 49 at 2019-08-28T03:01:39.625 
    2019-08-28T03:01:44.549 , Gen : 1 , BEST: 3800 , bonus = 0.0 
    2019-08-28T03:01:44.887 , Gen : 1 , BEST: 3800 , bonus = 0.0 
fitness : 3800 
  code : <>>+>++>,[[...>,.<.,-,-.-+-],>,,,]+[--+<>.--<<,[<<  
 try to Reverse me --> tttrttR
** Tour n. 50 at 2019-08-28T03:01:45.04 
    2019-08-28T03:01:49.341 , Gen : 1 , BEST: 3800 , bonus = 0.0 
    2019-08-28T03:01:49.608 , Gen : 1 , BEST: 3800 , bonus = 0.0 
fitness : 3800 
  code : <>>+>++>,[[...>,.<.,-,-.-+-],>,,,]+[--+<>.--<<,[<<  
 try to Reverse me --> tttrttR
** Tour n. 51 at 2019-08-28T03:01:49.751 
    2019-08-28T03:01:54.451 , Gen : 1 , BEST: 3800 , bonus = 0.0 
    2019-08-28T03:01:54.673 , Gen : 1 , BEST: 3800 , bonus = 0.0 
fitness : 3800 
  code : <>>+>++>,[[...>,.<.,-,-.-+-],>,,,]+[--+<>.--<<,[<<  
 try to Reverse me --> tttrttR
** Tour n. 52 at 2019-08-28T03:01:54.84 
    2019-08-28T03:01:59.11 , Gen : 1 , BEST: 3800 , bonus = 0.0 
    2019-08-28T03:01:59.426 , Gen : 1 , BEST: 3800 , bonus = 0.0 
fitness : 3800 
  code : <>>+>++>,[[...>,.<.,-,-.-+-],>,,,]+[--+<>.--<<,[<<  
 try to Reverse me --> tttrttR
** Tour n. 53 at 2019-08-28T03:01:59.594 
    2019-08-28T03:02:04.529 , Gen : 1 , BEST: 3800 , bonus = 0.0 
    2019-08-28T03:02:04.925 , Gen : 1 , BEST: 3800 , bonus = 0.0 
fitness : 3800 
  code : <>>+>++>,[[...>,.<.,-,-.-+-],>,,,]+[--+<>.--<<,[<<  
 try to Reverse me --> tttrttR
** Tour n. 54 at 2019-08-28T03:02:05.103 
    2019-08-28T03:02:10.538 , Gen : 1 , BEST: 3800 , bonus = 0.0 
    2019-08-28T03:02:10.805 , Gen : 1 , BEST: 3800 , bonus = 0.0 
fitness : 3800 
  code : <>>+>++>,[[...>,.<.,-,-.-+-],>,,,]+[--+<>.--<<,[<<  
 try to Reverse me --> tttrttR
** Tour n. 55 at 2019-08-28T03:02:10.971 
    2019-08-28T03:02:16.794 , Gen : 1 , BEST: 3800 , bonus = 0.0 
    2019-08-28T03:02:17.103 , Gen : 1 , BEST: 3800 , bonus = 0.0 
fitness : 3800 
  code : <>>+>++>,[[...>,.<.,-,-.-+-],>,,,]+[--+<>.--<<,[<<  
 try to Reverse me --> tttrttR
** Tour n. 56 at 2019-08-28T03:02:17.264 
    2019-08-28T03:02:22.732 , Gen : 1 , BEST: 3800 , bonus = 0.0 
    2019-08-28T03:02:23.042 , Gen : 1 , BEST: 3800 , bonus = 0.0 
fitness : 3800 
  code : <>>+>++>,[[...>,.<.,-,-.-+-],>,,,]+[--+<>.--<<,[<<  
 try to Reverse me --> tttrttR
** Tour n. 57 at 2019-08-28T03:02:23.265 
    2019-08-28T03:02:28.059 , Gen : 1 , BEST: 3800 , bonus = 0.0 
    2019-08-28T03:02:28.36 , Gen : 1 , BEST: 3800 , bonus = 0.0 
fitness : 3800 
  code : <>>+>++>,[[...>,.<.,-,-.-+-],>,,,]+[--+<>.--<<,[<<  
 try to Reverse me --> tttrttR
** Tour n. 58 at 2019-08-28T03:02:28.491 
    2019-08-28T03:02:33.606 , Gen : 1 , BEST: 3800 , bonus = 0.0 
    2019-08-28T03:02:33.918 , Gen : 1 , BEST: 3800 , bonus = 0.0 
fitness : 3800 
  code : <>>+>++>,[[...>,.<.,-,-.-+-],>,,,]+[--+<>.--<<,[<<  
 try to Reverse me --> tttrttR
** Tour n. 59 at 2019-08-28T03:02:34.066 
    2019-08-28T03:02:39.523 , Gen : 1 , BEST: 3800 , bonus = 0.0 
    2019-08-28T03:02:39.918 , Gen : 1 , BEST: 3800 , bonus = 0.0 
fitness : 3800 
  code : <>>+>++>,[[...>,.<.,-,-.-+-],>,,,]+[--+<>.--<<,[<<  
 try to Reverse me --> tttrttR
** Tour n. 60 at 2019-08-28T03:02:40.053 
    2019-08-28T03:02:45.001 , Gen : 1 , BEST: 3800 , bonus = 0.0 
    2019-08-28T03:02:45.279 , Gen : 1 , BEST: 3800 , bonus = 0.0 
fitness : 3800 
  code : <>>+>++>,[[...>,.<.,-,-.-+-],>,,,]+[--+<>.--<<,[<<  
 try to Reverse me --> tttrttR
** Tour n. 61 at 2019-08-28T03:02:45.399 
    2019-08-28T03:02:51.318 , Gen : 1 , BEST: 3800 , bonus = 0.0 
    2019-08-28T03:02:51.743 , Gen : 1 , BEST: 3800 , bonus = 0.0 
fitness : 3800 
  code : <>>+>++>,[[...>,.<.,-,-.-+-],>,,,]+[--+<>.--<<,[<<  
 try to Reverse me --> tttrttR
** Tour n. 62 at 2019-08-28T03:02:51.881 
    2019-08-28T03:02:57.408 , Gen : 1 , BEST: 3800 , bonus = 0.0 
    2019-08-28T03:02:57.775 , Gen : 1 , BEST: 3800 , bonus = 0.0 
fitness : 3800 
  code : <>>+>++>,[[...>,.<.,-,-.-+-],>,,,]+[--+<>.--<<,[<<  
 try to Reverse me --> tttrttR
** Tour n. 63 at 2019-08-28T03:02:57.906 
    2019-08-28T03:03:02.579 , Gen : 1 , BEST: 3800 , bonus = 0.0 
    2019-08-28T03:03:02.912 , Gen : 1 , BEST: 3800 , bonus = 0.0 
fitness : 3800 
  code : <>>+>++>,[[...>,.<.,-,-.-+-],>,,,]+[--+<>.--<<,[<<  
 try to Reverse me --> tttrttR
** Tour n. 64 at 2019-08-28T03:03:03.04 
    2019-08-28T03:03:08.272 , Gen : 1 , BEST: 3800 , bonus = 0.0 
    2019-08-28T03:03:08.461 , Gen : 1 , BEST: 3800 , bonus = 0.0 
fitness : 3800 
  code : <>>+>++>,[[...>,.<.,-,-.-+-],>,,,]+[--+<>.--<<,[<<  
 try to Reverse me --> tttrttR
** Tour n. 65 at 2019-08-28T03:03:08.613 
    2019-08-28T03:03:13.946 , Gen : 1 , BEST: 3800 , bonus = 0.0 
    2019-08-28T03:03:14.246 , Gen : 1 , BEST: 3800 , bonus = 0.0 
fitness : 3800 
  code : <>>+>++>,[[...>,.<.,-,-.-+-],>,,,]+[--+<>.--<<,[<<  
 try to Reverse me --> tttrttR
** Tour n. 66 at 2019-08-28T03:03:14.386 
    2019-08-28T03:03:20.736 , Gen : 1 , BEST: 3800 , bonus = 0.0 
    2019-08-28T03:03:21.073 , Gen : 1 , BEST: 3800 , bonus = 0.0 
fitness : 3800 
  code : <>>+>++>,[[...>,.<.,-,-.-+-],>,,,]+[--+<>.--<<,[<<  
 try to Reverse me --> tttrttR
** Tour n. 67 at 2019-08-28T03:03:21.246 
    2019-08-28T03:03:26.876 , Gen : 1 , BEST: 3800 , bonus = 0.0 
    2019-08-28T03:03:27.21 , Gen : 1 , BEST: 3800 , bonus = 0.0 
fitness : 3800 
  code : <>>+>++>,[[...>,.<.,-,-.-+-],>,,,]+[--+<>.--<<,[<<  
 try to Reverse me --> tttrttR
** Tour n. 68 at 2019-08-28T03:03:27.361 
    2019-08-28T03:03:32.976 , Gen : 1 , BEST: 3800 , bonus = 0.0 
    2019-08-28T03:03:33.337 , Gen : 1 , BEST: 3800 , bonus = 0.0 
fitness : 3800 
  code : <>>+>++>,[[...>,.<.,-,-.-+-],>,,,]+[--+<>.--<<,[<<  
 try to Reverse me --> tttrttR
** Tour n. 69 at 2019-08-28T03:03:33.556 
    2019-08-28T03:03:39.367 , Gen : 1 , BEST: 3800 , bonus = 0.0 
    2019-08-28T03:03:39.675 , Gen : 1 , BEST: 3800 , bonus = 0.0 
fitness : 3800 
  code : <>>+>++>,[[...>,.<.,-,-.-+-],>,,,]+[--+<>.--<<,[<<  
 try to Reverse me --> tttrttR
** Tour n. 70 at 2019-08-28T03:03:39.826 
    2019-08-28T03:03:45.215 , Gen : 1 , BEST: 3800 , bonus = 0.0 
    2019-08-28T03:03:45.572 , Gen : 1 , BEST: 3800 , bonus = 0.0 
fitness : 3800 
  code : <>>+>++>,[[...>,.<.,-,-.-+-],>,,,]+[--+<>.--<<,[<<  
 try to Reverse me --> tttrttR
** Tour n. 71 at 2019-08-28T03:03:45.745 
    2019-08-28T03:03:51.447 , Gen : 1 , BEST: 3800 , bonus = 0.0 
    2019-08-28T03:03:51.704 , Gen : 1 , BEST: 3800 , bonus = 0.0 
fitness : 3800 
  code : <>>+>++>,[[...>,.<.,-,-.-+-],>,,,]+[--+<>.--<<,[<<  
 try to Reverse me --> tttrttR
** Tour n. 72 at 2019-08-28T03:03:51.859 
    2019-08-28T03:03:55.949 , Gen : 1 , BEST: 3800 , bonus = 0.0 
    2019-08-28T03:03:56.193 , Gen : 1 , BEST: 3800 , bonus = 0.0 
fitness : 3800 
  code : <>>+>++>,[[...>,.<.,-,-.-+-],>,,,]+[--+<>.--<<,[<<  
 try to Reverse me --> tttrttR
** Tour n. 73 at 2019-08-28T03:03:56.346 
    2019-08-28T03:04:00.931 , Gen : 1 , BEST: 3800 , bonus = 0.0 
    2019-08-28T03:04:01.179 , Gen : 1 , BEST: 3800 , bonus = 0.0 
fitness : 3800 
  code : <>>+>++>,[[...>,.<.,-,-.-+-],>,,,]+[--+<>.--<<,[<<  
 try to Reverse me --> tttrttR
** Tour n. 74 at 2019-08-28T03:04:01.345 
    2019-08-28T03:04:06.012 , Gen : 1 , BEST: 3800 , bonus = 0.0 
    2019-08-28T03:04:06.268 , Gen : 1 , BEST: 3800 , bonus = 0.0 
fitness : 3800 
  code : <>>+>++>,[[...>,.<.,-,-.-+-],>,,,]+[--+<>.--<<,[<<  
 try to Reverse me --> tttrttR
** Tour n. 75 at 2019-08-28T03:04:06.422 
    2019-08-28T03:04:11.273 , Gen : 1 , BEST: 3800 , bonus = 0.0 
    2019-08-28T03:04:11.624 , Gen : 1 , BEST: 3800 , bonus = 0.0 
fitness : 3800 
  code : <>>+>++>,[[...>,.<.,-,-.-+-],>,,,]+[--+<>.--<<,[<<  
 try to Reverse me --> tttrttR
** Tour n. 76 at 2019-08-28T03:04:11.74 
    2019-08-28T03:04:16.968 , Gen : 1 , BEST: 3800 , bonus = 0.0 
    2019-08-28T03:04:17.274 , Gen : 1 , BEST: 3800 , bonus = 0.0 
fitness : 3800 
  code : <>>+>++>,[[...>,.<.,-,-.-+-],>,,,]+[--+<>.--<<,[<<  
 try to Reverse me --> tttrttR
** Tour n. 77 at 2019-08-28T03:04:17.445 
    2019-08-28T03:04:22.501 , Gen : 1 , BEST: 3800 , bonus = 0.0 
    2019-08-28T03:04:22.821 , Gen : 1 , BEST: 3800 , bonus = 0.0 
fitness : 3800 
  code : <>>+>++>,[[...>,.<.,-,-.-+-],>,,,]+[--+<>.--<<,[<<  
 try to Reverse me --> tttrttR
** Tour n. 78 at 2019-08-28T03:04:22.993 
    2019-08-28T03:04:28.593 , Gen : 1 , BEST: 3800 , bonus = 0.0 
    2019-08-28T03:04:28.956 , Gen : 1 , BEST: 3800 , bonus = 0.0 
fitness : 3800 
  code : <>>+>++>,[[...>,.<.,-,-.-+-],>,,,]+[--+<>.--<<,[<<  
 try to Reverse me --> tttrttR
** Tour n. 79 at 2019-08-28T03:04:29.111 
    2019-08-28T03:04:33.648 , Gen : 1 , BEST: 3800 , bonus = 0.0 
    2019-08-28T03:04:33.841 , Gen : 1 , BEST: 3800 , bonus = 0.0 
fitness : 3800 
  code : <>>+>++>,[[...>,.<.,-,-.-+-],>,,,]+[--+<>.--<<,[<<  
 try to Reverse me --> tttrttR
** Tour n. 80 at 2019-08-28T03:04:34.013 
    2019-08-28T03:04:39.308 , Gen : 1 , BEST: 3800 , bonus = 0.0 
    2019-08-28T03:04:39.709 , Gen : 1 , BEST: 3800 , bonus = 0.0 
fitness : 3800 
  code : <>>+>++>,[[...>,.<.,-,-.-+-],>,,,]+[--+<>.--<<,[<<  
 try to Reverse me --> tttrttR
** Tour n. 81 at 2019-08-28T03:04:39.857 
    2019-08-28T03:04:44.81 , Gen : 1 , BEST: 3800 , bonus = 0.0 
    2019-08-28T03:04:44.999 , Gen : 1 , BEST: 3800 , bonus = 0.0 
fitness : 3800 
  code : <>>+>++>,[[...>,.<.,-,-.-+-],>,,,]+[--+<>.--<<,[<<  
 try to Reverse me --> tttrttR
** Tour n. 82 at 2019-08-28T03:04:45.137 
    2019-08-28T03:04:49.64 , Gen : 1 , BEST: 3800 , bonus = 0.0 
    2019-08-28T03:04:49.907 , Gen : 1 , BEST: 3800 , bonus = 0.0 
fitness : 3800 
  code : <>>+>++>,[[...>,.<.,-,-.-+-],>,,,]+[--+<>.--<<,[<<  
 try to Reverse me --> tttrttR
** Tour n. 83 at 2019-08-28T03:04:50.049 
    2019-08-28T03:04:55.787 , Gen : 1 , BEST: 3800 , bonus = 0.0 
    2019-08-28T03:04:56.004 , Gen : 1 , BEST: 3800 , bonus = 0.0 
fitness : 3800 
  code : <>>+>++>,[[...>,.<.,-,-.-+-],>,,,]+[--+<>.--<<,[<<  
 try to Reverse me --> tttrttR
** Tour n. 84 at 2019-08-28T03:04:56.149 
    2019-08-28T03:05:00.781 , Gen : 1 , BEST: 3800 , bonus = 0.0 
    2019-08-28T03:05:01.127 , Gen : 1 , BEST: 3800 , bonus = 0.0 
fitness : 3800 
  code : <>>+>++>,[[...>,.<.,-,-.-+-],>,,,]+[--+<>.--<<,[<<  
 try to Reverse me --> tttrttR
** Tour n. 85 at 2019-08-28T03:05:01.267 
    2019-08-28T03:05:06.144 , Gen : 1 , BEST: 3800 , bonus = 0.0 
    2019-08-28T03:05:06.481 , Gen : 1 , BEST: 3800 , bonus = 0.0 
fitness : 3800 
  code : <>>+>++>,[[...>,.<.,-,-.-+-],>,,,]+[--+<>.--<<,[<<  
 try to Reverse me --> tttrttR
** Tour n. 86 at 2019-08-28T03:05:06.635 
    2019-08-28T03:05:11.715 , Gen : 1 , BEST: 3800 , bonus = 0.0 
    2019-08-28T03:05:12.102 , Gen : 1 , BEST: 3800 , bonus = 0.0 
fitness : 3800 
  code : <>>+>++>,[[...>,.<.,-,-.-+-],>,,,]+[--+<>.--<<,[<<  
 try to Reverse me --> tttrttR
** Tour n. 87 at 2019-08-28T03:05:12.221 
    2019-08-28T03:05:16.498 , Gen : 1 , BEST: 3800 , bonus = 0.0 
    2019-08-28T03:05:16.729 , Gen : 1 , BEST: 3800 , bonus = 0.0 
fitness : 3800 
  code : <>>+>++>,[[...>,.<.,-,-.-+-],>,,,]+[--+<>.--<<,[<<  
 try to Reverse me --> tttrttR
** Tour n. 88 at 2019-08-28T03:05:16.89 
    2019-08-28T03:05:22.199 , Gen : 1 , BEST: 3800 , bonus = 0.0 
    2019-08-28T03:05:22.462 , Gen : 1 , BEST: 3800 , bonus = 0.0 
fitness : 3800 
  code : <>>+>++>,[[...>,.<.,-,-.-+-],>,,,]+[--+<>.--<<,[<<  
 try to Reverse me --> tttrttR
** Tour n. 89 at 2019-08-28T03:05:22.637 
    2019-08-28T03:05:27.696 , Gen : 1 , BEST: 3800 , bonus = 0.0 
    2019-08-28T03:05:28.063 , Gen : 1 , BEST: 3800 , bonus = 0.0 
fitness : 3800 
  code : <>>+>++>,[[...>,.<.,-,-.-+-],>,,,]+[--+<>.--<<,[<<  
 try to Reverse me --> tttrttR
** Tour n. 90 at 2019-08-28T03:05:28.201 
    2019-08-28T03:05:32.913 , Gen : 1 , BEST: 3800 , bonus = 0.0 
    2019-08-28T03:05:33.177 , Gen : 1 , BEST: 3800 , bonus = 0.0 
fitness : 3800 
  code : <>>+>++>,[[...>,.<.,-,-.-+-],>,,,]+[--+<>.--<<,[<<  
 try to Reverse me --> tttrttR
** Tour n. 91 at 2019-08-28T03:05:33.327 
    2019-08-28T03:05:37.297 , Gen : 1 , BEST: 3800 , bonus = 0.0 
    2019-08-28T03:05:37.513 , Gen : 1 , BEST: 3800 , bonus = 0.0 
fitness : 3800 
  code : <>>+>++>,[[...>,.<.,-,-.-+-],>,,,]+[--+<>.--<<,[<<  
 try to Reverse me --> tttrttR
** Tour n. 92 at 2019-08-28T03:05:37.707 
    2019-08-28T03:05:42.32 , Gen : 1 , BEST: 3800 , bonus = 0.0 
    2019-08-28T03:05:42.563 , Gen : 1 , BEST: 3800 , bonus = 0.0 
fitness : 3800 
  code : <>>+>++>,[[...>,.<.,-,-.-+-],>,,,]+[--+<>.--<<,[<<  
 try to Reverse me --> tttrttR
** Tour n. 93 at 2019-08-28T03:05:42.704 
    2019-08-28T03:05:47.935 , Gen : 1 , BEST: 3800 , bonus = 0.0 
    2019-08-28T03:05:48.526 , Gen : 1 , BEST: 3800 , bonus = 0.0 
fitness : 3800 
  code : <>>+>++>,[[...>,.<.,-,-.-+-],>,,,]+[--+<>.--<<,[<<  
 try to Reverse me --> tttrttR
** Tour n. 94 at 2019-08-28T03:05:48.669 
    2019-08-28T03:05:53.448 , Gen : 1 , BEST: 3800 , bonus = 0.0 
    2019-08-28T03:05:53.715 , Gen : 1 , BEST: 3800 , bonus = 0.0 
fitness : 3800 
  code : <>>+>++>,[[...>,.<.,-,-.-+-],>,,,]+[--+<>.--<<,[<<  
 try to Reverse me --> tttrttR
** Tour n. 95 at 2019-08-28T03:05:53.852 
    2019-08-28T03:05:58.671 , Gen : 1 , BEST: 3800 , bonus = 0.0 
    2019-08-28T03:05:58.972 , Gen : 1 , BEST: 3800 , bonus = 0.0 
fitness : 3800 
  code : <>>+>++>,[[...>,.<.,-,-.-+-],>,,,]+[--+<>.--<<,[<<  
 try to Reverse me --> tttrttR
** Tour n. 96 at 2019-08-28T03:05:59.113 
    2019-08-28T03:06:03.138 , Gen : 1 , BEST: 3800 , bonus = 0.0 
    2019-08-28T03:06:03.348 , Gen : 1 , BEST: 3800 , bonus = 0.0 
fitness : 3800 
  code : <>>+>++>,[[...>,.<.,-,-.-+-],>,,,]+[--+<>.--<<,[<<  
 try to Reverse me --> tttrttR
** Tour n. 97 at 2019-08-28T03:06:03.504 
    2019-08-28T03:06:08.071 , Gen : 1 , BEST: 3800 , bonus = 0.0 
    2019-08-28T03:06:08.231 , Gen : 1 , BEST: 3800 , bonus = 0.0 
fitness : 3800 
  code : <>>+>++>,[[...>,.<.,-,-.-+-],>,,,]+[--+<>.--<<,[<<  
 try to Reverse me --> tttrttR
** Tour n. 98 at 2019-08-28T03:06:08.363 
    2019-08-28T03:06:13.182 , Gen : 1 , BEST: 3800 , bonus = 0.0 
    2019-08-28T03:06:13.611 , Gen : 1 , BEST: 3800 , bonus = 0.0 
fitness : 3800 
  code : <>>+>++>,[[...>,.<.,-,-.-+-],>,,,]+[--+<>.--<<,[<<  
 try to Reverse me --> tttrttR
** Tour n. 99 at 2019-08-28T03:06:13.736 
    2019-08-28T03:06:18.265 , Gen : 1 , BEST: 3800 , bonus = 0.0 
    2019-08-28T03:06:18.61 , Gen : 1 , BEST: 3800 , bonus = 0.0 
fitness : 3800 
  code : <>>+>++>,[[...>,.<.,-,-.-+-],>,,,]+[--+<>.--<<,[<<  
 try to Reverse me --> tttrttR
** Tour n. 100 at 2019-08-28T03:06:18.772 
    2019-08-28T03:06:23.664 , Gen : 1 , BEST: 3800 , bonus = 0.0 
    2019-08-28T03:06:24.013 , Gen : 1 , BEST: 3800 , bonus = 0.0 
fitness : 3800 
  code : <>>+>++>,[[...>,.<.,-,-.-+-],>,,,]+[--+<>.--<<,[<<  
 try to Reverse me --> tttrttR
** Tour n. 101 at 2019-08-28T03:06:24.163 
    2019-08-28T03:06:29.214 , Gen : 1 , BEST: 3800 , bonus = 0.0 
    2019-08-28T03:06:29.481 , Gen : 1 , BEST: 3800 , bonus = 0.0 
fitness : 3800 
  code : <>>+>++>,[[...>,.<.,-,-.-+-],>,,,]+[--+<>.--<<,[<<  
 try to Reverse me --> tttrttR
** Tour n. 102 at 2019-08-28T03:06:29.615 
    2019-08-28T03:06:34.636 , Gen : 1 , BEST: 3800 , bonus = 0.0 
    2019-08-28T03:06:34.973 , Gen : 1 , BEST: 3800 , bonus = 0.0 
fitness : 3800 
  code : <>>+>++>,[[...>,.<.,-,-.-+-],>,,,]+[--+<>.--<<,[<<  
 try to Reverse me --> tttrttR
** Tour n. 103 at 2019-08-28T03:06:35.111 
    2019-08-28T03:06:40.728 , Gen : 1 , BEST: 3800 , bonus = 0.0 
    2019-08-28T03:06:41.114 , Gen : 1 , BEST: 3800 , bonus = 0.0 
fitness : 3800 
  code : <>>+>++>,[[...>,.<.,-,-.-+-],>,,,]+[--+<>.--<<,[<<  
 try to Reverse me --> tttrttR
** Tour n. 104 at 2019-08-28T03:06:41.264 
    2019-08-28T03:06:45.944 , Gen : 1 , BEST: 3800 , bonus = 0.0 
    2019-08-28T03:06:46.189 , Gen : 1 , BEST: 3800 , bonus = 0.0 
fitness : 3800 
  code : <>>+>++>,[[...>,.<.,-,-.-+-],>,,,]+[--+<>.--<<,[<<  
 try to Reverse me --> tttrttR
** Tour n. 105 at 2019-08-28T03:06:46.347 
    2019-08-28T03:06:51.388 , Gen : 1 , BEST: 3800 , bonus = 0.0 
    2019-08-28T03:06:51.715 , Gen : 1 , BEST: 3800 , bonus = 0.0 
fitness : 3800 
  code : <>>+>++>,[[...>,.<.,-,-.-+-],>,,,]+[--+<>.--<<,[<<  
 try to Reverse me --> tttrttR
** Tour n. 106 at 2019-08-28T03:06:51.855 
    2019-08-28T03:06:57.121 , Gen : 1 , BEST: 3800 , bonus = 0.0 
    2019-08-28T03:06:57.431 , Gen : 1 , BEST: 3800 , bonus = 0.0 
fitness : 3800 
  code : <>>+>++>,[[...>,.<.,-,-.-+-],>,,,]+[--+<>.--<<,[<<  
 try to Reverse me --> tttrttR
** Tour n. 107 at 2019-08-28T03:06:57.599 
    2019-08-28T03:07:02.692 , Gen : 1 , BEST: 3800 , bonus = 0.0 
    2019-08-28T03:07:02.936 , Gen : 1 , BEST: 3800 , bonus = 0.0 
fitness : 3800 
  code : <>>+>++>,[[...>,.<.,-,-.-+-],>,,,]+[--+<>.--<<,[<<  
 try to Reverse me --> tttrttR
** Tour n. 108 at 2019-08-28T03:07:03.08 
    2019-08-28T03:07:07.503 , Gen : 1 , BEST: 3800 , bonus = 0.0 
    2019-08-28T03:07:07.818 , Gen : 1 , BEST: 3800 , bonus = 0.0 
fitness : 3800 
  code : <>>+>++>,[[...>,.<.,-,-.-+-],>,,,]+[--+<>.--<<,[<<  
 try to Reverse me --> tttrttR
** Tour n. 109 at 2019-08-28T03:07:07.987 
    2019-08-28T03:07:12.313 , Gen : 1 , BEST: 3800 , bonus = 0.0 
    2019-08-28T03:07:12.639 , Gen : 1 , BEST: 3800 , bonus = 0.0 
fitness : 3800 
  code : <>>+>++>,[[...>,.<.,-,-.-+-],>,,,]+[--+<>.--<<,[<<  
 try to Reverse me --> tttrttR
** Tour n. 110 at 2019-08-28T03:07:12.771 
    2019-08-28T03:07:17.661 , Gen : 1 , BEST: 3800 , bonus = 0.0 
    2019-08-28T03:07:17.961 , Gen : 1 , BEST: 3800 , bonus = 0.0 
fitness : 3800 
  code : <>>+>++>,[[...>,.<.,-,-.-+-],>,,,]+[--+<>.--<<,[<<  
 try to Reverse me --> tttrttR
** Tour n. 111 at 2019-08-28T03:07:18.108 
    2019-08-28T03:07:23.026 , Gen : 1 , BEST: 3800 , bonus = 0.0 
    2019-08-28T03:07:23.317 , Gen : 1 , BEST: 3800 , bonus = 0.0 
fitness : 3800 
  code : <>>+>++>,[[...>,.<.,-,-.-+-],>,,,]+[--+<>.--<<,[<<  
 try to Reverse me --> tttrttR
** Tour n. 112 at 2019-08-28T03:07:23.469 
    2019-08-28T03:07:27.824 , Gen : 1 , BEST: 3800 , bonus = 0.0 
    2019-08-28T03:07:28.341 , Gen : 1 , BEST: 3800 , bonus = 0.0 
fitness : 3800 
  code : <>>+>++>,[[...>,.<.,-,-.-+-],>,,,]+[--+<>.--<<,[<<  
 try to Reverse me --> tttrttR
** Tour n. 113 at 2019-08-28T03:07:28.503 
    2019-08-28T03:07:33.982 , Gen : 1 , BEST: 3800 , bonus = 0.0 
    2019-08-28T03:07:34.213 , Gen : 1 , BEST: 3800 , bonus = 0.0 
fitness : 3800 
  code : <>>+>++>,[[...>,.<.,-,-.-+-],>,,,]+[--+<>.--<<,[<<  
 try to Reverse me --> tttrttR
** Tour n. 114 at 2019-08-28T03:07:34.367 
    2019-08-28T03:07:39.7 , Gen : 1 , BEST: 3800 , bonus = 0.0 
    2019-08-28T03:07:39.962 , Gen : 1 , BEST: 3800 , bonus = 0.0 
fitness : 3800 
  code : <>>+>++>,[[...>,.<.,-,-.-+-],>,,,]+[--+<>.--<<,[<<  
 try to Reverse me --> tttrttR
** Tour n. 115 at 2019-08-28T03:07:40.088 
    2019-08-28T03:07:44.319 , Gen : 1 , BEST: 3870 , bonus = 9665.0 
fitness : 3870 
  code : ->>++>,[[>,]]<.<.>[,<[[-<.]],>,,,]+.>>>+>.--<<,[<<  
 try to Reverse me --> em esreveR ot yrt
fitness : 3870 
  code : ->>++>,[[>,]]<.<.>[,<[[-<.]],>,,,]+.>>>+>.--<<,[<<  
 try to Reverse me --> em esreveR ot yrt
fitness 3870 
dna : [0.460594, 0.133172, 0.227201, 0.315032, 0.351719, 0.166033, 0.655653, 0.851145, 0.857463, 0.181373, 0.656696, 0.909603, 0.91907, 0.0150076, 0.537058, 0.0526268, 0.512917, 0.149912, 0.852018, 0.677014, 0.0489907, 0.812769, 0.871633, 0.447509, 0.0822129, 0.624857, 0.878847, 0.945905, 0.727162, 0.242207, 0.710567, 0.693636, 0.727132, 0.983679, 0.294898, 0.527675, 0.144531, 0.203065, 0.144468, 0.284176, 0.12853, 0.602348, 0.47582, 0.41646, 0.0731014, 0.118058, 0.716201, 0.873646, 0.118547, 0.0414519] 
