params : Main.GeneticAlgorithms.Types.GAParams(136, 1000000, 120, 150, 0.7, 0.015, true, IOStream(<file ../Results/logReversingString.log>), 0.0, 3870.0, 0, 0) 
** Tour n. 1 at 2019-08-26T14:54:41.505 
    2019-08-26T14:54:54.096 , Gen : 1 , BEST: 3783 , bonus = 9825.0 
    2019-08-26T14:54:58.392 , Gen : 1 , BEST: 3786 , bonus = 9910.0 
    2019-08-26T14:55:03.854 , Gen : 1 , BEST: 3795 , bonus = 9915.0 
    2019-08-26T14:55:06.877 , Gen : 1 , BEST: 3795 , bonus = 9920.0 
    2019-08-26T14:55:08.655 , Gen : 1 , BEST: 3795 , bonus = 9920.0 
fitness : 3795 
  code : ,.>-,.<.>.,.-+<<+<-[,].,+++,<,-<.[,>>-[-+.[.,>>+----,[,+]-->.<[--,<[>]<+,+>.>>+[+-].,-<,++>.,.+,],-[-][>.[-,><+<++,--[[<  
 try to Reverse me --> trtry
    2019-08-26T14:55:10.969 , Gen : 1 , BEST: 3797 , bonus = 9920.0 
    2019-08-26T14:55:12.559 , Gen : 1 , BEST: 3798 , bonus = 9910.0 
    2019-08-26T14:55:14.132 , Gen : 1 , BEST: 3798 , bonus = 9925.0 
    2019-08-26T14:55:15.64 , Gen : 1 , BEST: 3798 , bonus = 9925.0 
    2019-08-26T14:55:17.38 , Gen : 1 , BEST: 3798 , bonus = 9930.0 
fitness : 3798 
  code : ,.>,.<.>.,<.-<+<-[,,,].,+,<,<.[,>>-[-+.[.,>>+----,[,+]-->.<[---,,<[><+,+>..>>++].,,-<,+>.<,.,],-[.--<-,.>>.[<,[<>-].+,,>  
 try to Reverse me --> trtrt
    2019-08-26T14:55:18.883 , Gen : 1 , BEST: 3798 , bonus = 9930.0 
    2019-08-26T14:55:20.34 , Gen : 1 , BEST: 3798 , bonus = 9935.0 
    2019-08-26T14:55:21.914 , Gen : 1 , BEST: 3798 , bonus = 9935.0 
    2019-08-26T14:55:22.825 , Gen : 1 , BEST: 3798 , bonus = 9935.0 
fitness : 3798 
  code : ,.>,.<.>.,<.<+<-[,,,].,+,<,<.[,>>-[-,.[.,>>+----,[,+]-->.<[---,,<[><+,+>..>>++].,,-<,+>.<,.,],-[.--<-,.>>.[<,[<>-].+,,>>  
 try to Reverse me --> trtrt
** Tour n. 2 at 2019-08-26T14:55:22.939 
    2019-08-26T14:55:25.923 , Gen : 1 , BEST: 3798 , bonus = 9935.0 
    2019-08-26T14:55:27.635 , Gen : 1 , BEST: 3798 , bonus = 9940.0 
    2019-08-26T14:55:29.385 , Gen : 1 , BEST: 3798 , bonus = 9940.0 
    2019-08-26T14:55:31.052 , Gen : 1 , BEST: 3798 , bonus = 9940.0 
    2019-08-26T14:55:32.696 , Gen : 1 , BEST: 3798 , bonus = 9940.0 
fitness : 3798 
  code : ,.>,.<.>.,<.]+<-[,,,].,+,<,<.[,>>-[-,.[.,>>+----,[,+]-->.<[--,,<[><+,+>..>>++]..,,-<+>.<,.,],-[.--<-,.>>.[<,[<>-].+,,>>,  
 try to Reverse me --> trtrt
    2019-08-26T14:55:33.397 , Gen : 1 , BEST: 3798 , bonus = 9940.0 
fitness : 3798 
  code : ,.>,.<.>.,<.]+<-[,,,].,+,<,<.[,>>-[-,.[.,>>+----,[,+]-->.<[--,,<[><+,+>..>>++]..,,-<+>.<,.,],-[.--<-,.>>.[<,[<>-].+,,>>,  
 try to Reverse me --> trtrt
** Tour n. 3 at 2019-08-26T14:55:33.581 
    2019-08-26T14:55:38.016 , Gen : 1 , BEST: 3798 , bonus = 9940.0 
    2019-08-26T14:55:39.589 , Gen : 1 , BEST: 3798 , bonus = 9940.0 
fitness : 3798 
  code : ,.>,.<.>.,<.]+<-[,,,].,+,<,<.[,>>-[-,.[.,>>+----,[,+]-->.<[--,,<[><+,+>..>>++]..,,-<+>.<,.,],-[.--<-,.>>.[<,[<>-].+,,>>,  
 try to Reverse me --> trtrt
** Tour n. 4 at 2019-08-26T14:55:39.713 
    2019-08-26T14:55:43.365 , Gen : 1 , BEST: 3798 , bonus = 9940.0 
    2019-08-26T14:55:44.849 , Gen : 1 , BEST: 3798 , bonus = 9940.0 
fitness : 3798 
  code : ,.>,.<.>.,<.]+<-[,,,].,+,<,<.[,>>-[-,.[.,>>+----,[,+]-->.<[--,,<[><+,+>..>>++]..,,-<+>.<,.,],-[.--<-,.>>.[<,[<>-].+,,>>,  
 try to Reverse me --> trtrt
** Tour n. 5 at 2019-08-26T14:55:45.004 
    2019-08-26T14:55:49.622 , Gen : 1 , BEST: 3798 , bonus = 9940.0 
    2019-08-26T14:55:51.537 , Gen : 1 , BEST: 3798 , bonus = 9940.0 
fitness : 3798 
  code : ,.>,.<.>.,<.]+<-[,,,].,+,<,<.[,>>-[-,.[.,>>+----,[,+]-->.<[--,,<[><+,+>..>>++]..,,-<+>.<,.,],-[.--<-,.>>.[<,[<>-].+,,>>,  
 try to Reverse me --> trtrt
** Tour n. 6 at 2019-08-26T14:55:51.709 
    2019-08-26T14:55:55.699 , Gen : 1 , BEST: 3798 , bonus = 9940.0 
    2019-08-26T14:55:57.874 , Gen : 1 , BEST: 3800 , bonus = 9940.0 
    2019-08-26T14:55:59.684 , Gen : 1 , BEST: 3800 , bonus = 9940.0 
    2019-08-26T14:56:01.555 , Gen : 1 , BEST: 3800 , bonus = 9940.0 
    2019-08-26T14:56:03.394 , Gen : 1 , BEST: 3800 , bonus = 9955.0 
fitness : 3800 
  code : ,...>,.<.][.,<.]+<-[,,,].,<,<.[<[,>>>-[<-.[.,>+----,[,>+>.<[-<,>--,,<[><+,+>..>>++]...].,,-,],-[.[.--<-,.>>.[<,[<,[<[<>-  
 try to Reverse me --> tttrt
    2019-08-26T14:56:05.059 , Gen : 1 , BEST: 3800 , bonus = 9955.0 
    2019-08-26T14:56:07.099 , Gen : 1 , BEST: 3800 , bonus = 9955.0 
    2019-08-26T14:56:07.673 , Gen : 1 , BEST: 3800 , bonus = 9955.0 
fitness : 3800 
  code : ,...>,.<.][.,<.]+<-[,,,].,<,<.[<[,>>>-[<-.[.,>+----,[,>+>.<[-<,>--,,<[><+,+>..>>++]...].,,-,],-[.[.--<-,.>>.[<,[<,[<[<>-  
 try to Reverse me --> tttrt
** Tour n. 7 at 2019-08-26T14:56:07.836 
    2019-08-26T14:56:12.181 , Gen : 1 , BEST: 3800 , bonus = 9955.0 
    2019-08-26T14:56:14.169 , Gen : 1 , BEST: 3800 , bonus = 9955.0 
fitness : 3800 
  code : ,...>,.<.][.,<.]+<-[,,,].,<,<.[<[,>>>-[<-.[.,>+----,[,>+>.<[-<,>--,,<[><+,+>..>>++]...].,,-,],-[.[.--<-,.>>.[<,[<,[<[<>-  
 try to Reverse me --> tttrt
** Tour n. 8 at 2019-08-26T14:56:14.317 
    2019-08-26T14:56:18.825 , Gen : 1 , BEST: 3800 , bonus = 9955.0 
    2019-08-26T14:56:20.375 , Gen : 1 , BEST: 3800 , bonus = 9955.0 
fitness : 3800 
  code : ,...>,.<.][.,<.]+<-[,,,].,<,<.[<[,>>>-[<-.[.,>+----,[,>+>.<[-<,>--,,<[><+,+>..>>++]...].,,-,],-[.[.--<-,.>>.[<,[<,[<[<>-  
 try to Reverse me --> tttrt
** Tour n. 9 at 2019-08-26T14:56:20.529 
    2019-08-26T14:56:24.388 , Gen : 1 , BEST: 3800 , bonus = 9955.0 
    2019-08-26T14:56:25.969 , Gen : 1 , BEST: 3800 , bonus = 9955.0 
fitness : 3800 
  code : ,...>,.<.][.,<.]+<-[,,,].,<,<.[<[,>>>-[<-.[.,>+----,[,>+>.<[-<,>--,,<[><+,+>..>>++]...].,,-,],-[.[.--<-,.>>.[<,[<,[<[<>-  
 try to Reverse me --> tttrt
** Tour n. 10 at 2019-08-26T14:56:26.128 
    2019-08-26T14:56:30.132 , Gen : 1 , BEST: 3800 , bonus = 9955.0 
    2019-08-26T14:56:31.739 , Gen : 1 , BEST: 3800 , bonus = 9955.0 
fitness : 3800 
  code : ,...>,.<.][.,<.]+<-[,,,].,<,<.[<[,>>>-[<-.[.,>+----,[,>+>.<[-<,>--,,<[><+,+>..>>++]...].,,-,],-[.[.--<-,.>>.[<,[<,[<[<>-  
 try to Reverse me --> tttrt
** Tour n. 11 at 2019-08-26T14:56:31.866 
    2019-08-26T14:56:35.699 , Gen : 1 , BEST: 3800 , bonus = 9955.0 
    2019-08-26T14:56:37.519 , Gen : 1 , BEST: 3800 , bonus = 9955.0 
fitness : 3800 
  code : ,...>,.<.][.,<.]+<-[,,,].,<,<.[<[,>>>-[<-.[.,>+----,[,>+>.<[-<,>--,,<[><+,+>..>>++]...].,,-,],-[.[.--<-,.>>.[<,[<,[<[<>-  
 try to Reverse me --> tttrt
** Tour n. 12 at 2019-08-26T14:56:37.666 
    2019-08-26T14:56:41.751 , Gen : 1 , BEST: 3800 , bonus = 9955.0 
    2019-08-26T14:56:43.381 , Gen : 1 , BEST: 3800 , bonus = 9955.0 
fitness : 3800 
  code : ,...>,.<.][.,<.]+<-[,,,].,<,<.[<[,>>>-[<-.[.,>+----,[,>+>.<[-<,>--,,<[><+,+>..>>++]...].,,-,],-[.[.--<-,.>>.[<,[<,[<[<>-  
 try to Reverse me --> tttrt
** Tour n. 13 at 2019-08-26T14:56:43.539 
    2019-08-26T14:56:47.091 , Gen : 1 , BEST: 3800 , bonus = 9955.0 
    2019-08-26T14:56:48.432 , Gen : 1 , BEST: 3800 , bonus = 9955.0 
fitness : 3800 
  code : ,...>,.<.][.,<.]+<-[,,,].,<,<.[<[,>>>-[<-.[.,>+----,[,>+>.<[-<,>--,,<[><+,+>..>>++]...].,,-,],-[.[.--<-,.>>.[<,[<,[<[<>-  
 try to Reverse me --> tttrt
** Tour n. 14 at 2019-08-26T14:56:48.564 
    2019-08-26T14:56:52.363 , Gen : 1 , BEST: 3800 , bonus = 9955.0 
    2019-08-26T14:56:54.182 , Gen : 1 , BEST: 3800 , bonus = 9955.0 
fitness : 3800 
  code : ,...>,.<.][.,<.]+<-[,,,].,<,<.[<[,>>>-[<-.[.,>+----,[,>+>.<[-<,>--,,<[><+,+>..>>++]...].,,-,],-[.[.--<-,.>>.[<,[<,[<[<>-  
 try to Reverse me --> tttrt
** Tour n. 15 at 2019-08-26T14:56:54.309 
    2019-08-26T14:56:58.187 , Gen : 1 , BEST: 3800 , bonus = 9955.0 
    2019-08-26T14:56:59.675 , Gen : 1 , BEST: 3800 , bonus = 9955.0 
fitness : 3800 
  code : ,...>,.<.][.,<.]+<-[,,,].,<,<.[<[,>>>-[<-.[.,>+----,[,>+>.<[-<,>--,,<[><+,+>..>>++]...].,,-,],-[.[.--<-,.>>.[<,[<,[<[<>-  
 try to Reverse me --> tttrt
** Tour n. 16 at 2019-08-26T14:56:59.868 
    2019-08-26T14:57:03.603 , Gen : 1 , BEST: 3800 , bonus = 9955.0 
    2019-08-26T14:57:05.323 , Gen : 1 , BEST: 3800 , bonus = 9955.0 
fitness : 3800 
  code : ,...>,.<.][.,<.]+<-[,,,].,<,<.[<[,>>>-[<-.[.,>+----,[,>+>.<[-<,>--,,<[><+,+>..>>++]...].,,-,],-[.[.--<-,.>>.[<,[<,[<[<>-  
 try to Reverse me --> tttrt
** Tour n. 17 at 2019-08-26T14:57:05.511 
    2019-08-26T14:57:10.732 , Gen : 1 , BEST: 3800 , bonus = 9955.0 
    2019-08-26T14:57:12.323 , Gen : 1 , BEST: 3800 , bonus = 9955.0 
fitness : 3800 
  code : ,...>,.<.][.,<.]+<-[,,,].,<,<.[<[,>>>-[<-.[.,>+----,[,>+>.<[-<,>--,,<[><+,+>..>>++]...].,,-,],-[.[.--<-,.>>.[<,[<,[<[<>-  
 try to Reverse me --> tttrt
** Tour n. 18 at 2019-08-26T14:57:12.5 
    2019-08-26T14:57:17.174 , Gen : 1 , BEST: 3800 , bonus = 9955.0 
    2019-08-26T14:57:18.912 , Gen : 1 , BEST: 3800 , bonus = 9955.0 
fitness : 3800 
  code : ,...>,.<.][.,<.]+<-[,,,].,<,<.[<[,>>>-[<-.[.,>+----,[,>+>.<[-<,>--,,<[><+,+>..>>++]...].,,-,],-[.[.--<-,.>>.[<,[<,[<[<>-  
 try to Reverse me --> tttrt
** Tour n. 19 at 2019-08-26T14:57:19.1 
    2019-08-26T14:57:23.592 , Gen : 1 , BEST: 3800 , bonus = 9955.0 
    2019-08-26T14:57:25.433 , Gen : 1 , BEST: 3800 , bonus = 9955.0 
fitness : 3800 
  code : ,...>,.<.][.,<.]+<-[,,,].,<,<.[<[,>>>-[<-.[.,>+----,[,>+>.<[-<,>--,,<[><+,+>..>>++]...].,,-,],-[.[.--<-,.>>.[<,[<,[<[<>-  
 try to Reverse me --> tttrt
** Tour n. 20 at 2019-08-26T14:57:25.598 
    2019-08-26T14:57:30.089 , Gen : 1 , BEST: 3800 , bonus = 9955.0 
    2019-08-26T14:57:31.666 , Gen : 1 , BEST: 3800 , bonus = 9955.0 
fitness : 3800 
  code : ,...>,.<.][.,<.]+<-[,,,].,<,<.[<[,>>>-[<-.[.,>+----,[,>+>.<[-<,>--,,<[><+,+>..>>++]...].,,-,],-[.[.--<-,.>>.[<,[<,[<[<>-  
 try to Reverse me --> tttrt
** Tour n. 21 at 2019-08-26T14:57:31.847 
    2019-08-26T14:57:36.428 , Gen : 1 , BEST: 3800 , bonus = 9955.0 
    2019-08-26T14:57:38.016 , Gen : 1 , BEST: 3800 , bonus = 9955.0 
fitness : 3800 
  code : ,...>,.<.][.,<.]+<-[,,,].,<,<.[<[,>>>-[<-.[.,>+----,[,>+>.<[-<,>--,,<[><+,+>..>>++]...].,,-,],-[.[.--<-,.>>.[<,[<,[<[<>-  
 try to Reverse me --> tttrt
** Tour n. 22 at 2019-08-26T14:57:38.219 
    2019-08-26T14:57:42.496 , Gen : 1 , BEST: 3800 , bonus = 9955.0 
    2019-08-26T14:57:44.155 , Gen : 1 , BEST: 3800 , bonus = 9955.0 
fitness : 3800 
  code : ,...>,.<.][.,<.]+<-[,,,].,<,<.[<[,>>>-[<-.[.,>+----,[,>+>.<[-<,>--,,<[><+,+>..>>++]...].,,-,],-[.[.--<-,.>>.[<,[<,[<[<>-  
 try to Reverse me --> tttrt
** Tour n. 23 at 2019-08-26T14:57:44.338 
    2019-08-26T14:57:50.277 , Gen : 1 , BEST: 3828 , bonus = 9760.0 
    2019-08-26T14:57:53.588 , Gen : 1 , BEST: 3828 , bonus = 9824.0 
    2019-08-26T14:57:56.68 , Gen : 1 , BEST: 3828 , bonus = 9845.0 
    2019-08-26T14:57:59.439 , Gen : 1 , BEST: 3828 , bonus = 9845.0 
    2019-08-26T14:58:02.187 , Gen : 1 , BEST: 3828 , bonus = 9851.0 
fitness : 3828 
  code : ,.[>,]><<>>><<<<.<.[<.][,,<,<.-..[+,<,.>]+-[>]+-[+-.-,-,->+,,->+>>],,<,[--]..[>>[[-.[+,>..,.-.,+.-.,,[,---],-.,]-,<>,<<,  
 try to Reverse me --> tm esreveR ot yrt
    2019-08-26T14:58:04.504 , Gen : 1 , BEST: 3828 , bonus = 9851.0 
    2019-08-26T14:58:05.35 , Gen : 1 , BEST: 3828 , bonus = 9851.0 
fitness : 3828 
  code : ,.[>,]><<>>><<<<.<.[<.][,,<,<.-..[+,<,.>]+-[>]+-[+-.-,-,->+,,->+>>],,<,[--]..[>>[[-.[+,>..,.-.,+.-.,,[,---],-.,]-,<>,<<,  
 try to Reverse me --> tm esreveR ot yrt
** Tour n. 24 at 2019-08-26T14:58:05.482 
    2019-08-26T14:58:11.446 , Gen : 1 , BEST: 3828 , bonus = 9851.0 
    2019-08-26T14:58:13.234 , Gen : 1 , BEST: 3828 , bonus = 9851.0 
fitness : 3828 
  code : ,.[>,]><<>>><<<<.<.[<.][,,<,<.-..[+,<,.>]+-[>]+-[+-.-,-,->+,,->+>>],,<,[--]..[>>[[-.[+,>..,.-.,+.-.,,[,---],-.,]-,<>,<<,  
 try to Reverse me --> tm esreveR ot yrt
** Tour n. 25 at 2019-08-26T14:58:13.381 
    2019-08-26T14:58:19.737 , Gen : 1 , BEST: 3828 , bonus = 9851.0 
    2019-08-26T14:58:21.554 , Gen : 1 , BEST: 3828 , bonus = 9851.0 
fitness : 3828 
  code : ,.[>,]><<>>><<<<.<.[<.][,,<,<.-..[+,<,.>]+-[>]+-[+-.-,-,->+,,->+>>],,<,[--]..[>>[[-.[+,>..,.-.,+.-.,,[,---],-.,]-,<>,<<,  
 try to Reverse me --> tm esreveR ot yrt
** Tour n. 26 at 2019-08-26T14:58:21.703 
    2019-08-26T14:58:27.563 , Gen : 1 , BEST: 3828 , bonus = 9856.0 
    2019-08-26T14:58:30.049 , Gen : 1 , BEST: 3828 , bonus = 9856.0 
    2019-08-26T14:58:32.445 , Gen : 1 , BEST: 3828 , bonus = 9861.0 
    2019-08-26T14:58:35.028 , Gen : 1 , BEST: 3870 , bonus = 9815.0 
    2019-08-26T14:58:35.509 , Gen : 1 , BEST: 3870 , bonus = 9815.0 
fitness : 3870 
  code : -[>,]><<>-<[.<.[<.][,+.<..,<..[+>[<,.>]++-[..,],-<[[>,->+,.-<]+-,,<,++<+<+<<+>+<-++[-.[+>--.]+.-.,.--+,,>-+<+,,+>>[<>->-  
 try to Reverse me --> em esreveR ot yrt
fitness : 3870 
  code : -[>,]><<>-<[.<.[<.][,+.<..,<..[+>[<,.>]++-[..,],-<[[>,->+,.-<]+-,,<,++<+<+<<+>+<-++[-.[+>--.]+.-.,.--+,,>-+<+,,+>>[<>->-  
 try to Reverse me --> em esreveR ot yrt
fitness 3870 
dna : [0.462612, 0.819747, 0.247886, 0.726334, 0.900547, 0.167983, 0.0448542, 0.0700196, 0.158247, 0.407359, 0.0761221, 0.859158, 0.592225, 0.115399, 0.53104, 0.819833, 0.0668078, 0.592225, 0.930079, 0.819833, 0.642212, 0.315689, 0.610917, 0.0224474, 0.555541, 0.584249, 0.650377, 0.0221644, 0.599411, 0.507817, 0.842948, 0.349602, 0.139558, 0.812058, 0.0547598, 0.696506, 0.508159, 0.148036, 0.932196, 0.308535, 0.308535, 0.435765, 0.754468, 0.549144, 0.519905, 0.736721, 0.889636, 0.711204, 0.414382, 0.120714, 0.832499, 0.753826, 0.219971, 0.634432, 0.377364, 0.142427, 0.299502, 0.637505, 0.56205, 0.429999, 0.0567426, 0.959051, 0.35713, 0.375553, 0.742358, 0.711706, 0.071618, 0.656057, 0.270427, 0.279796, 0.0925423, 0.365543, 0.0442777, 0.292926, 0.0162322, 0.0785004, 0.340565, 0.168139, 0.263637, 0.0449745, 0.473771, 0.34775, 0.300419, 0.857124, 0.483796, 0.600917, 0.86051, 0.27873, 0.209737, 0.381074, 0.411152, 0.600217, 0.948812, 0.311188, 0.51072, 0.448207, 0.534247, 0.669147, 0.548411, 0.47782, 0.434209, 0.251861, 0.743968, 0.636834, 0.213905, 0.387233, 0.332717, 0.0796793, 0.334079, 0.711464, 0.715268, 0.348631, 0.203139, 0.172205, 0.840085, 0.0895593, 0.203815, 0.418822, 0.183108, 0.391587] 
