params : Main.GeneticAlgorithms.Types.GAParams(136, 1000000, 40, 150, 0.7, 0.015, true, IOStream(<file ../Results/logReversingString.log>), 0.0, 3870.0, 0, 0) 
** Tour n. 1 at 2019-08-31T16:58:50.636 
    2019-08-31T16:58:53.482 , Iteration : 5, BEST: 3798 , bonus = 0.0 
    2019-08-31T16:58:54.498 , Iteration : 10, BEST: 3799 , bonus = 0.0 
fitness : 3799 
  code : -+,[-+.--++.[.>+,-+>+,<]<.><],<[,>-,[,.+  
 try to Reverse me --> tttr oRvremmmmmmm
** Tour n. 2 at 2019-08-31T16:58:56.119 
** Tour n. 3 at 2019-08-31T16:58:57.007 
    2019-08-31T16:58:58.59 , Iteration : 5, BEST: 3802 , bonus = 0.0 
** Tour n. 4 at 2019-08-31T16:58:59.761 
    2019-08-31T16:59:00.485 , Tour : 5, BEST: 3802 , bonus = 0.0 
** Tour n. 5 at 2019-08-31T16:59:00.485 
** Tour n. 6 at 2019-08-31T16:59:01.193 
** Tour n. 7 at 2019-08-31T16:59:01.992 
** Tour n. 8 at 2019-08-31T16:59:02.727 
** Tour n. 9 at 2019-08-31T16:59:03.379 
    2019-08-31T16:59:04.145 , Tour : 10, BEST: 3802 , bonus = 0.0 
fitness : 3802 
  code : ,[-+.--++.+++[.>+,-+>+,<]<-.><]<[,>-,[,.  
 try to Reverse me --> ttwr oRvremlllonn
** Tour n. 10 at 2019-08-31T16:59:04.145 
** Tour n. 11 at 2019-08-31T16:59:04.896 
** Tour n. 12 at 2019-08-31T16:59:05.771 
** Tour n. 13 at 2019-08-31T16:59:06.517 
** Tour n. 14 at 2019-08-31T16:59:07.387 
    2019-08-31T16:59:08.045 , Tour : 15, BEST: 3802 , bonus = 0.0 
** Tour n. 15 at 2019-08-31T16:59:08.045 
** Tour n. 16 at 2019-08-31T16:59:08.748 
    2019-08-31T16:59:09.49 , Iteration : 5, BEST: 3803 , bonus = 0.0 
** Tour n. 17 at 2019-08-31T16:59:10.176 
** Tour n. 18 at 2019-08-31T16:59:11.056 
** Tour n. 19 at 2019-08-31T16:59:11.711 
    2019-08-31T16:59:12.463 , Tour : 20, BEST: 3803 , bonus = 0.0 
fitness : 3803 
  code : ,[-+.--++.+++[.>+,.,-,>]]<+.><-<[,>-][,.  
 try to Reverse me --> ttwr!
** Tour n. 20 at 2019-08-31T16:59:12.463 
** Tour n. 21 at 2019-08-31T16:59:13.3 
** Tour n. 22 at 2019-08-31T16:59:14.086 
** Tour n. 23 at 2019-08-31T16:59:15.042 
** Tour n. 24 at 2019-08-31T16:59:15.766 
    2019-08-31T16:59:16.537 , Tour : 25, BEST: 3803 , bonus = 0.0 
** Tour n. 25 at 2019-08-31T16:59:16.537 
** Tour n. 26 at 2019-08-31T16:59:17.363 
** Tour n. 27 at 2019-08-31T16:59:18.134 
** Tour n. 28 at 2019-08-31T16:59:19.002 
** Tour n. 29 at 2019-08-31T16:59:19.755 
    2019-08-31T16:59:20.526 , Tour : 30, BEST: 3803 , bonus = 0.0 
fitness : 3803 
  code : ,[-+.--++.+++[.>+,.,-,>]]<+.><-<[,>-][,.  
 try to Reverse me --> ttwr!
** Tour n. 30 at 2019-08-31T16:59:20.526 
** Tour n. 31 at 2019-08-31T16:59:21.283 
** Tour n. 32 at 2019-08-31T16:59:22.014 
** Tour n. 33 at 2019-08-31T16:59:22.789 
** Tour n. 34 at 2019-08-31T16:59:23.563 
    2019-08-31T16:59:24.249 , Tour : 35, BEST: 3803 , bonus = 0.0 
** Tour n. 35 at 2019-08-31T16:59:24.249 
** Tour n. 36 at 2019-08-31T16:59:25.001 
** Tour n. 37 at 2019-08-31T16:59:25.773 
** Tour n. 38 at 2019-08-31T16:59:26.626 
** Tour n. 39 at 2019-08-31T16:59:27.314 
    2019-08-31T16:59:28.146 , Tour : 40, BEST: 3803 , bonus = 0.0 
fitness : 3803 
  code : ,[-+.--++.+++[.>+,.,-,>]]<+.><-<[,>-][,.  
 try to Reverse me --> ttwr!
** Tour n. 40 at 2019-08-31T16:59:28.146 
** Tour n. 41 at 2019-08-31T16:59:28.878 
** Tour n. 42 at 2019-08-31T16:59:29.676 
** Tour n. 43 at 2019-08-31T16:59:30.434 
** Tour n. 44 at 2019-08-31T16:59:31.16 
    2019-08-31T16:59:31.806 , Tour : 45, BEST: 3803 , bonus = 0.0 
** Tour n. 45 at 2019-08-31T16:59:31.806 
** Tour n. 46 at 2019-08-31T16:59:32.597 
** Tour n. 47 at 2019-08-31T16:59:33.449 
** Tour n. 48 at 2019-08-31T16:59:34.174 
** Tour n. 49 at 2019-08-31T16:59:34.921 
    2019-08-31T16:59:35.659 , Tour : 50, BEST: 3803 , bonus = 0.0 
fitness : 3803 
  code : ,[-+.--++.+++[.>+,.,-,>]]<+.><-<[,>-][,.  
 try to Reverse me --> ttwr!
** Tour n. 50 at 2019-08-31T16:59:35.659 
** Tour n. 51 at 2019-08-31T16:59:36.804 
** Tour n. 52 at 2019-08-31T16:59:37.651 
** Tour n. 53 at 2019-08-31T16:59:38.429 
** Tour n. 54 at 2019-08-31T16:59:39.302 
    2019-08-31T16:59:40.046 , Tour : 55, BEST: 3803 , bonus = 0.0 
** Tour n. 55 at 2019-08-31T16:59:40.046 
** Tour n. 56 at 2019-08-31T16:59:40.847 
** Tour n. 57 at 2019-08-31T16:59:41.623 
** Tour n. 58 at 2019-08-31T16:59:42.303 
** Tour n. 59 at 2019-08-31T16:59:43.06 
    2019-08-31T16:59:43.774 , Tour : 60, BEST: 3803 , bonus = 0.0 
fitness : 3803 
  code : ,[-+.--++.+++[.>+,.,-,>]]<+.><-<[,>-][,.  
 try to Reverse me --> ttwr!
** Tour n. 60 at 2019-08-31T16:59:43.774 
** Tour n. 61 at 2019-08-31T16:59:44.495 
** Tour n. 62 at 2019-08-31T16:59:45.211 
** Tour n. 63 at 2019-08-31T16:59:45.884 
** Tour n. 64 at 2019-08-31T16:59:46.604 
    2019-08-31T16:59:47.407 , Tour : 65, BEST: 3803 , bonus = 0.0 
** Tour n. 65 at 2019-08-31T16:59:47.407 
** Tour n. 66 at 2019-08-31T16:59:48.289 
** Tour n. 67 at 2019-08-31T16:59:49.024 
** Tour n. 68 at 2019-08-31T16:59:49.77 
** Tour n. 69 at 2019-08-31T16:59:50.576 
    2019-08-31T16:59:51.415 , Tour : 70, BEST: 3803 , bonus = 0.0 
fitness : 3803 
  code : ,[-+.--++.+++[.>+,.,-,>]]<+.><-<[,>-][,.  
 try to Reverse me --> ttwr!
** Tour n. 70 at 2019-08-31T16:59:51.415 
** Tour n. 71 at 2019-08-31T16:59:52.158 
** Tour n. 72 at 2019-08-31T16:59:52.987 
** Tour n. 73 at 2019-08-31T16:59:53.783 
** Tour n. 74 at 2019-08-31T16:59:54.524 
    2019-08-31T16:59:55.273 , Tour : 75, BEST: 3803 , bonus = 0.0 
** Tour n. 75 at 2019-08-31T16:59:55.273 
** Tour n. 76 at 2019-08-31T16:59:56.065 
** Tour n. 77 at 2019-08-31T16:59:56.88 
** Tour n. 78 at 2019-08-31T16:59:57.629 
** Tour n. 79 at 2019-08-31T16:59:58.582 
    2019-08-31T16:59:59.331 , Tour : 80, BEST: 3803 , bonus = 0.0 
fitness : 3803 
  code : ,[-+.--++.+++[.>+,.,-,>]]<+.><-<[,>-][,.  
 try to Reverse me --> ttwr!
** Tour n. 80 at 2019-08-31T16:59:59.331 
** Tour n. 81 at 2019-08-31T17:00:00.169 
** Tour n. 82 at 2019-08-31T17:00:00.88 
** Tour n. 83 at 2019-08-31T17:00:01.738 
** Tour n. 84 at 2019-08-31T17:00:02.53 
    2019-08-31T17:00:03.35 , Tour : 85, BEST: 3803 , bonus = 0.0 
** Tour n. 85 at 2019-08-31T17:00:03.35 
** Tour n. 86 at 2019-08-31T17:00:04.099 
** Tour n. 87 at 2019-08-31T17:00:05 
** Tour n. 88 at 2019-08-31T17:00:05.843 
** Tour n. 89 at 2019-08-31T17:00:06.588 
    2019-08-31T17:00:07.283 , Tour : 90, BEST: 3803 , bonus = 0.0 
fitness : 3803 
  code : ,[-+.--++.+++[.>+,.,-,>]]<+.><-<[,>-][,.  
 try to Reverse me --> ttwr!
** Tour n. 90 at 2019-08-31T17:00:07.283 
** Tour n. 91 at 2019-08-31T17:00:08.124 
** Tour n. 92 at 2019-08-31T17:00:08.862 
** Tour n. 93 at 2019-08-31T17:00:09.593 
** Tour n. 94 at 2019-08-31T17:00:10.315 
    2019-08-31T17:00:11.063 , Tour : 95, BEST: 3803 , bonus = 0.0 
** Tour n. 95 at 2019-08-31T17:00:11.063 
** Tour n. 96 at 2019-08-31T17:00:11.973 
** Tour n. 97 at 2019-08-31T17:00:12.78 
** Tour n. 98 at 2019-08-31T17:00:13.479 
** Tour n. 99 at 2019-08-31T17:00:14.241 
    2019-08-31T17:00:14.95 , Tour : 100, BEST: 3803 , bonus = 0.0 
fitness : 3803 
  code : ,[-+.--++.+++[.>+,.,-,>]]<+.><-<[,>-][,.  
 try to Reverse me --> ttwr!
** Tour n. 100 at 2019-08-31T17:00:14.95 
** Tour n. 101 at 2019-08-31T17:00:15.733 
** Tour n. 102 at 2019-08-31T17:00:16.488 
** Tour n. 103 at 2019-08-31T17:00:17.394 
** Tour n. 104 at 2019-08-31T17:00:18.263 
    2019-08-31T17:00:19.118 , Tour : 105, BEST: 3803 , bonus = 0.0 
** Tour n. 105 at 2019-08-31T17:00:19.118 
** Tour n. 106 at 2019-08-31T17:00:19.928 
** Tour n. 107 at 2019-08-31T17:00:20.878 
** Tour n. 108 at 2019-08-31T17:00:21.645 
** Tour n. 109 at 2019-08-31T17:00:22.371 
    2019-08-31T17:00:23.1 , Tour : 110, BEST: 3803 , bonus = 0.0 
fitness : 3803 
  code : ,[-+.--++.+++[.>+,.,-,>]]<+.><-<[,>-][,.  
 try to Reverse me --> ttwr!
** Tour n. 110 at 2019-08-31T17:00:23.1 
** Tour n. 111 at 2019-08-31T17:00:23.868 
** Tour n. 112 at 2019-08-31T17:00:24.67 
** Tour n. 113 at 2019-08-31T17:00:25.384 
** Tour n. 114 at 2019-08-31T17:00:26.229 
    2019-08-31T17:00:27.072 , Tour : 115, BEST: 3803 , bonus = 0.0 
** Tour n. 115 at 2019-08-31T17:00:27.072 
** Tour n. 116 at 2019-08-31T17:00:27.824 
** Tour n. 117 at 2019-08-31T17:00:28.644 
** Tour n. 118 at 2019-08-31T17:00:29.302 
** Tour n. 119 at 2019-08-31T17:00:30.118 
    2019-08-31T17:00:30.882 , Tour : 120, BEST: 3803 , bonus = 0.0 
fitness : 3803 
  code : ,[-+.--++.+++[.>+,.,-,>]]<+.><-<[,>-][,.  
 try to Reverse me --> ttwr!
** Tour n. 120 at 2019-08-31T17:00:30.882 
** Tour n. 121 at 2019-08-31T17:00:31.611 
** Tour n. 122 at 2019-08-31T17:00:32.311 
** Tour n. 123 at 2019-08-31T17:00:33.073 
** Tour n. 124 at 2019-08-31T17:00:33.897 
    2019-08-31T17:00:34.682 , Tour : 125, BEST: 3803 , bonus = 0.0 
** Tour n. 125 at 2019-08-31T17:00:34.682 
** Tour n. 126 at 2019-08-31T17:00:35.452 
** Tour n. 127 at 2019-08-31T17:00:36.118 
** Tour n. 128 at 2019-08-31T17:00:36.858 
** Tour n. 129 at 2019-08-31T17:00:37.59 
    2019-08-31T17:00:38.413 , Tour : 130, BEST: 3803 , bonus = 0.0 
fitness : 3803 
  code : ,[-+.--++.+++[.>+,.,-,>]]<+.><-<[,>-][,.  
 try to Reverse me --> ttwr!
** Tour n. 130 at 2019-08-31T17:00:38.413 
** Tour n. 131 at 2019-08-31T17:00:39.246 
** Tour n. 132 at 2019-08-31T17:00:40.109 
** Tour n. 133 at 2019-08-31T17:00:40.886 
** Tour n. 134 at 2019-08-31T17:00:41.613 
    2019-08-31T17:00:42.439 , Tour : 135, BEST: 3803 , bonus = 0.0 
** Tour n. 135 at 2019-08-31T17:00:42.439 
** Tour n. 136 at 2019-08-31T17:00:43.158 
** Tour n. 137 at 2019-08-31T17:00:43.89 
** Tour n. 138 at 2019-08-31T17:00:44.577 
** Tour n. 139 at 2019-08-31T17:00:45.333 
    2019-08-31T17:00:46.153 , Tour : 140, BEST: 3803 , bonus = 0.0 
fitness : 3803 
  code : ,[-+.--++.+++[.>+,.,-,>]]<+.><-<[,>-][,.  
 try to Reverse me --> ttwr!
** Tour n. 140 at 2019-08-31T17:00:46.153 
** Tour n. 141 at 2019-08-31T17:00:46.902 
** Tour n. 142 at 2019-08-31T17:00:47.636 
** Tour n. 143 at 2019-08-31T17:00:48.361 
** Tour n. 144 at 2019-08-31T17:00:49.09 
    2019-08-31T17:00:49.805 , Tour : 145, BEST: 3803 , bonus = 0.0 
** Tour n. 145 at 2019-08-31T17:00:49.805 
** Tour n. 146 at 2019-08-31T17:00:50.502 
** Tour n. 147 at 2019-08-31T17:00:51.276 
** Tour n. 148 at 2019-08-31T17:00:52.054 
** Tour n. 149 at 2019-08-31T17:00:52.765 
    2019-08-31T17:00:53.653 , Tour : 150, BEST: 3803 , bonus = 0.0 
fitness : 3803 
  code : ,[-+.--++.+++[.>+,.,-,>]]<+.><-<[,>-][,.  
 try to Reverse me --> ttwr!
** Tour n. 150 at 2019-08-31T17:00:53.653 
** Tour n. 151 at 2019-08-31T17:00:54.475 
** Tour n. 152 at 2019-08-31T17:00:55.216 
** Tour n. 153 at 2019-08-31T17:00:56.12 
** Tour n. 154 at 2019-08-31T17:00:56.798 
    2019-08-31T17:00:57.518 , Tour : 155, BEST: 3803 , bonus = 0.0 
** Tour n. 155 at 2019-08-31T17:00:57.518 
** Tour n. 156 at 2019-08-31T17:00:58.213 
** Tour n. 157 at 2019-08-31T17:00:58.996 
** Tour n. 158 at 2019-08-31T17:00:59.762 
** Tour n. 159 at 2019-08-31T17:01:00.464 
    2019-08-31T17:01:01.229 , Tour : 160, BEST: 3803 , bonus = 0.0 
fitness : 3803 
  code : ,[-+.--++.+++[.>+,.,-,>]]<+.><-<[,>-][,.  
 try to Reverse me --> ttwr!
** Tour n. 160 at 2019-08-31T17:01:01.229 
** Tour n. 161 at 2019-08-31T17:01:01.914 
** Tour n. 162 at 2019-08-31T17:01:02.711 
** Tour n. 163 at 2019-08-31T17:01:03.521 
** Tour n. 164 at 2019-08-31T17:01:04.332 
    2019-08-31T17:01:05.044 , Tour : 165, BEST: 3803 , bonus = 0.0 
** Tour n. 165 at 2019-08-31T17:01:05.044 
** Tour n. 166 at 2019-08-31T17:01:05.87 
** Tour n. 167 at 2019-08-31T17:01:06.592 
** Tour n. 168 at 2019-08-31T17:01:07.33 
** Tour n. 169 at 2019-08-31T17:01:08.076 
    2019-08-31T17:01:08.86 , Tour : 170, BEST: 3803 , bonus = 0.0 
fitness : 3803 
  code : ,[-+.--++.+++[.>+,.,-,>]]<+.><-<[,>-][,.  
 try to Reverse me --> ttwr!
** Tour n. 170 at 2019-08-31T17:01:08.86 
** Tour n. 171 at 2019-08-31T17:01:09.615 
** Tour n. 172 at 2019-08-31T17:01:10.488 
** Tour n. 173 at 2019-08-31T17:01:11.214 
** Tour n. 174 at 2019-08-31T17:01:11.963 
    2019-08-31T17:01:12.822 , Tour : 175, BEST: 3803 , bonus = 0.0 
** Tour n. 175 at 2019-08-31T17:01:12.822 
** Tour n. 176 at 2019-08-31T17:01:13.589 
** Tour n. 177 at 2019-08-31T17:01:14.743 
** Tour n. 178 at 2019-08-31T17:01:15.669 
** Tour n. 179 at 2019-08-31T17:01:16.44 
    2019-08-31T17:01:17.306 , Tour : 180, BEST: 3803 , bonus = 0.0 
fitness : 3803 
  code : ,[-+.--++.+++[.>+,.,-,>]]<+.><-<[,>-][,.  
 try to Reverse me --> ttwr!
** Tour n. 180 at 2019-08-31T17:01:17.306 
** Tour n. 181 at 2019-08-31T17:01:18.167 
** Tour n. 182 at 2019-08-31T17:01:19.19 
** Tour n. 183 at 2019-08-31T17:01:19.922 
** Tour n. 184 at 2019-08-31T17:01:20.696 
    2019-08-31T17:01:21.57 , Tour : 185, BEST: 3803 , bonus = 0.0 
** Tour n. 185 at 2019-08-31T17:01:21.57 
** Tour n. 186 at 2019-08-31T17:01:22.362 
** Tour n. 187 at 2019-08-31T17:01:23.22 
** Tour n. 188 at 2019-08-31T17:01:23.95 
** Tour n. 189 at 2019-08-31T17:01:24.682 
    2019-08-31T17:01:25.407 , Tour : 190, BEST: 3803 , bonus = 0.0 
fitness : 3803 
  code : ,[-+.--++.+++[.>+,.,-,>]]<+.><-<[,>-][,.  
 try to Reverse me --> ttwr!
** Tour n. 190 at 2019-08-31T17:01:25.407 
** Tour n. 191 at 2019-08-31T17:01:26.154 
** Tour n. 192 at 2019-08-31T17:01:26.998 
** Tour n. 193 at 2019-08-31T17:01:27.814 
** Tour n. 194 at 2019-08-31T17:01:28.534 
    2019-08-31T17:01:29.617 , Tour : 195, BEST: 3803 , bonus = 0.0 
** Tour n. 195 at 2019-08-31T17:01:29.617 
** Tour n. 196 at 2019-08-31T17:01:30.448 
** Tour n. 197 at 2019-08-31T17:01:31.292 
** Tour n. 198 at 2019-08-31T17:01:32.06 
** Tour n. 199 at 2019-08-31T17:01:32.957 
    2019-08-31T17:01:33.682 , Tour : 200, BEST: 3803 , bonus = 0.0 
fitness : 3803 
  code : ,[-+.--++.+++[.>+,.,-,>]]<+.><-<[,>-][,.  
 try to Reverse me --> ttwr!
** Tour n. 200 at 2019-08-31T17:01:33.682 
** Tour n. 201 at 2019-08-31T17:01:34.436 
** Tour n. 202 at 2019-08-31T17:01:35.272 
** Tour n. 203 at 2019-08-31T17:01:35.969 
** Tour n. 204 at 2019-08-31T17:01:36.805 
    2019-08-31T17:01:37.548 , Tour : 205, BEST: 3803 , bonus = 0.0 
** Tour n. 205 at 2019-08-31T17:01:37.548 
** Tour n. 206 at 2019-08-31T17:01:38.253 
** Tour n. 207 at 2019-08-31T17:01:39.004 
** Tour n. 208 at 2019-08-31T17:01:39.77 
** Tour n. 209 at 2019-08-31T17:01:40.53 
    2019-08-31T17:01:41.256 , Tour : 210, BEST: 3803 , bonus = 0.0 
fitness : 3803 
  code : ,[-+.--++.+++[.>+,.,-,>]]<+.><-<[,>-][,.  
 try to Reverse me --> ttwr!
** Tour n. 210 at 2019-08-31T17:01:41.256 
** Tour n. 211 at 2019-08-31T17:01:42.021 
** Tour n. 212 at 2019-08-31T17:01:42.99 
** Tour n. 213 at 2019-08-31T17:01:43.699 
** Tour n. 214 at 2019-08-31T17:01:44.482 
    2019-08-31T17:01:45.311 , Tour : 215, BEST: 3803 , bonus = 0.0 
** Tour n. 215 at 2019-08-31T17:01:45.311 
** Tour n. 216 at 2019-08-31T17:01:46.011 
** Tour n. 217 at 2019-08-31T17:01:46.79 
** Tour n. 218 at 2019-08-31T17:01:47.586 
** Tour n. 219 at 2019-08-31T17:01:48.375 
    2019-08-31T17:01:49.148 , Tour : 220, BEST: 3803 , bonus = 0.0 
fitness : 3803 
  code : ,[-+.--++.+++[.>+,.,-,>]]<+.><-<[,>-][,.  
 try to Reverse me --> ttwr!
** Tour n. 220 at 2019-08-31T17:01:49.148 
** Tour n. 221 at 2019-08-31T17:01:49.984 
** Tour n. 222 at 2019-08-31T17:01:50.798 
    2019-08-31T17:01:51.896 , Iteration : 5, BEST: 3860 , bonus = 9725.0 
fitness : 3870 
  code : -,[-+>,]<.<+-[.+-+-++<][<<-.>[,++<+<-><<  
 try to Reverse me --> em esreveR ot yrt
fitness 3870 
dna : [0.410918, 0.635068, 0.758785, 0.470775, 0.266836, 0.217714, 0.661541, 0.966008, 0.0363921, 0.581958, 0.114772, 0.358347, 0.448553, 0.872032, 0.53897, 0.303339, 0.445453, 0.303339, 0.445453, 0.279415, 0.28855, 0.0216789, 0.883716, 0.759419, 0.000324467, 0.0311518, 0.440432, 0.613241, 0.239605, 0.794084, 0.680123, 0.366926, 0.278078, 0.100097, 0.319397, 0.107237, 0.410918, 0.162257, 0.0407082, 0.0697485] 
