params : Main.GeneticAlgorithms.Types.GAParams(136, 1000000, 120, 150, 0.7, 0.015, true, IOStream(<file ../Results/logReversingString.log>), 0.0, 3870.0, 0, 0) 
** Tour n. 1 at 2019-08-26T09:50:22.803 
    2019-08-26T09:50:32.285 , Gen : 1 , BEST: 3791 , 
    2019-08-26T09:50:35.319 , Gen : 1 , BEST: 3791 , 
    2019-08-26T09:50:37.826 , Gen : 1 , BEST: 3791 , 
    2019-08-26T09:50:41.288 , Gen : 1 , BEST: 3795 , 
    2019-08-26T09:50:46.439 , Gen : 1 , BEST: 3795 , 
fitness : 3795 
  code : [-<..]-++-,-[+.><[[><.][,,+-,,<>+[-.,-<,--<-.-.+[[,,[+<[>,,,>,>>,,<>,+.<-[]].],[--<-]<]]>]<>,<<.<+>,.+.,>[>.][,-,][.]+,.  
 try to Reverse me --> ttttttttttttttttt
    2019-08-26T09:50:50.5 , Gen : 1 , BEST: 3795 , 
    2019-08-26T09:50:54.301 , Gen : 1 , BEST: 3795 , 
    2019-08-26T09:50:57.972 , Gen : 1 , BEST: 3795 , 
    2019-08-26T09:51:02.233 , Gen : 1 , BEST: 3795 , 
    2019-08-26T09:51:05.051 , Gen : 1 , BEST: 3795 , 
fitness : 3795 
  code : [-<..]-++-,-[+.><[[><.][,,+-,,<>+[-.,-<,--<-.-.+[[,,[+<[>,,,>,>>,,<>,+.<-[]].],[--<-]<]]>]<>,<<.<+>,.+.,>[>.][,-,][.]+,.  
 try to Reverse me --> ttttttttttttttttt
    2019-08-26T09:51:07.958 , Gen : 1 , BEST: 3795 , 
    2019-08-26T09:51:10.899 , Gen : 1 , BEST: 3795 , 
    2019-08-26T09:51:13.672 , Gen : 1 , BEST: 3795 , 
** Tour n. 2 at 2019-08-26T09:51:15.822 
    2019-08-26T09:51:17.571 , Gen : 1 , BEST: 3795 , 
    2019-08-26T09:51:22.29 , Gen : 1 , BEST: 3795 , 
    2019-08-26T09:51:25.879 , Gen : 1 , BEST: 3795 , 
    2019-08-26T09:51:29.609 , Gen : 1 , BEST: 3795 , 
    2019-08-26T09:51:32.896 , Gen : 1 , BEST: 3795 , 
fitness : 3795 
  code : [-<..]-++-,-[+.><[[><.][,,+-,,<>+[-.,-<,--<-.-.+[[,,[+<[>,,,>,>>,,<>,+.<-[]].],[--<-]<]]>]<>,<<.<+>,.+.,>[>.][,-,][.]+,.  
 try to Reverse me --> ttttttttttttttttt
    2019-08-26T09:51:35.77 , Gen : 1 , BEST: 3795 , 
    2019-08-26T09:51:38.442 , Gen : 1 , BEST: 3795 , 
    2019-08-26T09:51:40.95 , Gen : 1 , BEST: 3795 , 
    2019-08-26T09:51:44.026 , Gen : 1 , BEST: 3795 , 
** Tour n. 3 at 2019-08-26T09:51:44.745 
    2019-08-26T09:51:46.975 , Gen : 1 , BEST: 3795 , 
    2019-08-26T09:51:54.721 , Gen : 1 , BEST: 3795 , 
    2019-08-26T09:52:00.263 , Gen : 1 , BEST: 3795 , 
    2019-08-26T09:52:04.123 , Gen : 1 , BEST: 3795 , 
    2019-08-26T09:52:07.254 , Gen : 1 , BEST: 3795 , 
fitness : 3795 
  code : [-<..]-++-,-[+.><[[><.][,,+-,,<>+[-.,-<,--<-.-.+[[,,[+<[>,,,>,>>,,<>,+.<-[]].],[--<-]<]]>]<>,<<.<+>,.+.,>[>.][,-,][.]+,.  
 try to Reverse me --> ttttttttttttttttt
    2019-08-26T09:52:09.782 , Gen : 1 , BEST: 3795 , 
    2019-08-26T09:52:12.496 , Gen : 1 , BEST: 3795 , 
    2019-08-26T09:52:14.895 , Gen : 1 , BEST: 3795 , 
    2019-08-26T09:52:17.468 , Gen : 1 , BEST: 3795 , 
** Tour n. 4 at 2019-08-26T09:52:18.124 
    2019-08-26T09:52:19.691 , Gen : 1 , BEST: 3795 , 
    2019-08-26T09:52:26.999 , Gen : 1 , BEST: 3795 , 
    2019-08-26T09:52:30.503 , Gen : 1 , BEST: 3795 , 
    2019-08-26T09:52:33.872 , Gen : 1 , BEST: 3795 , 
    2019-08-26T09:52:37.021 , Gen : 1 , BEST: 3795 , 
fitness : 3795 
  code : [-<..]-++-,-[+.><[[><.][,,+-,,<>+[-.,-<,--<-.-.+[[,,[+<[>,,,>,>>,,<>,+.<-[]].],[--<-]<]]>]<>,<<.<+>,.+.,>[>.][,-,][.]+,.  
 try to Reverse me --> ttttttttttttttttt
    2019-08-26T09:52:39.799 , Gen : 1 , BEST: 3795 , 
    2019-08-26T09:52:42.434 , Gen : 1 , BEST: 3795 , 
    2019-08-26T09:52:45.12 , Gen : 1 , BEST: 3795 , 
    2019-08-26T09:52:47.587 , Gen : 1 , BEST: 3795 , 
** Tour n. 5 at 2019-08-26T09:52:48.322 
    2019-08-26T09:52:49.984 , Gen : 1 , BEST: 3795 , 
    2019-08-26T09:52:55.482 , Gen : 1 , BEST: 3795 , 
    2019-08-26T09:52:59.01 , Gen : 1 , BEST: 3795 , 
    2019-08-26T09:53:02.332 , Gen : 1 , BEST: 3795 , 
    2019-08-26T09:53:05.519 , Gen : 1 , BEST: 3795 , 
fitness : 3795 
  code : [-<..]-++-,-[+.><[[><.][,,+-,,<>+[-.,-<,--<-.-.+[[,,[+<[>,,,>,>>,,<>,+.<-[]].],[--<-]<]]>]<>,<<.<+>,.+.,>[>.][,-,][.]+,.  
 try to Reverse me --> ttttttttttttttttt
    2019-08-26T09:53:08.016 , Gen : 1 , BEST: 3795 , 
    2019-08-26T09:53:10.857 , Gen : 1 , BEST: 3795 , 
    2019-08-26T09:53:13.278 , Gen : 1 , BEST: 3795 , 
    2019-08-26T09:53:15.818 , Gen : 1 , BEST: 3795 , 
** Tour n. 6 at 2019-08-26T09:53:16.344 
    2019-08-26T09:53:17.886 , Gen : 1 , BEST: 3795 , 
    2019-08-26T09:53:24.368 , Gen : 1 , BEST: 3795 , 
    2019-08-26T09:53:27.827 , Gen : 1 , BEST: 3795 , 
    2019-08-26T09:53:31.086 , Gen : 1 , BEST: 3795 , 
    2019-08-26T09:53:34.513 , Gen : 1 , BEST: 3795 , 
fitness : 3795 
  code : [-<..]-++-,-[+.><[[><.][,,+-,,<>+[-.,-<,--<-.-.+[[,,[+<[>,,,>,>>,,<>,+.<-[]].],[--<-]<]]>]<>,<<.<+>,.+.,>[>.][,-,][.]+,.  
 try to Reverse me --> ttttttttttttttttt
    2019-08-26T09:53:37.408 , Gen : 1 , BEST: 3795 , 
    2019-08-26T09:53:40.846 , Gen : 1 , BEST: 3795 , 
    2019-08-26T09:53:43.389 , Gen : 1 , BEST: 3795 , 
    2019-08-26T09:53:46.206 , Gen : 1 , BEST: 3795 , 
** Tour n. 7 at 2019-08-26T09:53:46.796 
    2019-08-26T09:53:48.237 , Gen : 1 , BEST: 3795 , 
    2019-08-26T09:53:54.885 , Gen : 1 , BEST: 3795 , 
    2019-08-26T09:53:58.365 , Gen : 1 , BEST: 3795 , 
    2019-08-26T09:54:02.106 , Gen : 1 , BEST: 3795 , 
    2019-08-26T09:54:05.083 , Gen : 1 , BEST: 3795 , 
fitness : 3795 
  code : [-<..]-++-,-[+.><[[><.][,,+-,,<>+[-.,-<,--<-.-.+[[,,[+<[>,,,>,>>,,<>,+.<-[]].],[--<-]<]]>]<>,<<.<+>,.+.,>[>.][,-,][.]+,.  
 try to Reverse me --> ttttttttttttttttt
    2019-08-26T09:54:07.657 , Gen : 1 , BEST: 3795 , 
    2019-08-26T09:54:10.341 , Gen : 1 , BEST: 3795 , 
    2019-08-26T09:54:13.248 , Gen : 1 , BEST: 3795 , 
    2019-08-26T09:54:15.815 , Gen : 1 , BEST: 3795 , 
** Tour n. 8 at 2019-08-26T09:54:16.509 
    2019-08-26T09:54:17.878 , Gen : 1 , BEST: 3795 , 
    2019-08-26T09:54:22.749 , Gen : 1 , BEST: 3795 , 
    2019-08-26T09:54:26.636 , Gen : 1 , BEST: 3795 , 
    2019-08-26T09:54:29.643 , Gen : 1 , BEST: 3795 , 
    2019-08-26T09:54:32.693 , Gen : 1 , BEST: 3795 , 
fitness : 3795 
  code : [-<..]-++-,-[+.><[[><.][,,+-,,<>+[-.,-<,--<-.-.+[[,,[+<[>,,,>,>>,,<>,+.<-[]].],[--<-]<]]>]<>,<<.<+>,.+.,>[>.][,-,][.]+,.  
 try to Reverse me --> ttttttttttttttttt
    2019-08-26T09:54:35.229 , Gen : 1 , BEST: 3795 , 
    2019-08-26T09:54:37.573 , Gen : 1 , BEST: 3795 , 
    2019-08-26T09:54:39.883 , Gen : 1 , BEST: 3795 , 
    2019-08-26T09:54:42.442 , Gen : 1 , BEST: 3795 , 
** Tour n. 9 at 2019-08-26T09:54:42.901 
    2019-08-26T09:54:44.444 , Gen : 1 , BEST: 3795 , 
    2019-08-26T09:54:49.303 , Gen : 1 , BEST: 3795 , 
    2019-08-26T09:54:52.864 , Gen : 1 , BEST: 3795 , 
    2019-08-26T09:54:55.929 , Gen : 1 , BEST: 3795 , 
    2019-08-26T09:54:59.155 , Gen : 1 , BEST: 3795 , 
fitness : 3795 
  code : [-<..]-++-,-[+.><[[><.][,,+-,,<>+[-.,-<,--<-.-.+[[,,[+<[>,,,>,>>,,<>,+.<-[]].],[--<-]<]]>]<>,<<.<+>,.+.,>[>.][,-,][.]+,.  
 try to Reverse me --> ttttttttttttttttt
    2019-08-26T09:55:01.924 , Gen : 1 , BEST: 3795 , 
    2019-08-26T09:55:04.662 , Gen : 1 , BEST: 3795 , 
    2019-08-26T09:55:07.321 , Gen : 1 , BEST: 3795 , 
    2019-08-26T09:55:09.795 , Gen : 1 , BEST: 3795 , 
** Tour n. 10 at 2019-08-26T09:55:10.311 
    2019-08-26T09:55:11.913 , Gen : 1 , BEST: 3795 , 
    2019-08-26T09:55:18.872 , Gen : 1 , BEST: 3795 , 
    2019-08-26T09:55:22.214 , Gen : 1 , BEST: 3795 , 
    2019-08-26T09:55:25.914 , Gen : 1 , BEST: 3795 , 
    2019-08-26T09:55:29.02 , Gen : 1 , BEST: 3795 , 
fitness : 3795 
  code : [-<..]-++-,-[+.><[[><.][,,+-,,<>+[-.,-<,--<-.-.+[[,,[+<[>,,,>,>>,,<>,+.<-[]].],[--<-]<]]>]<>,<<.<+>,.+.,>[>.][,-,][.]+,.  
 try to Reverse me --> ttttttttttttttttt
    2019-08-26T09:55:31.857 , Gen : 1 , BEST: 3795 , 
    2019-08-26T09:55:34.606 , Gen : 1 , BEST: 3795 , 
    2019-08-26T09:55:37.237 , Gen : 1 , BEST: 3795 , 
    2019-08-26T09:55:39.986 , Gen : 1 , BEST: 3795 , 
** Tour n. 11 at 2019-08-26T09:55:40.509 
    2019-08-26T09:55:42.142 , Gen : 1 , BEST: 3795 , 
    2019-08-26T09:55:46.753 , Gen : 1 , BEST: 3795 , 
    2019-08-26T09:55:49.877 , Gen : 1 , BEST: 3795 , 
    2019-08-26T09:55:53.484 , Gen : 1 , BEST: 3795 , 
    2019-08-26T09:55:56.29 , Gen : 1 , BEST: 3795 , 
fitness : 3795 
  code : [-<..]-++-,-[+.><[[><.][,,+-,,<>+[-.,-<,--<-.-.+[[,,[+<[>,,,>,>>,,<>,+.<-[]].],[--<-]<]]>]<>,<<.<+>,.+.,>[>.][,-,][.]+,.  
 try to Reverse me --> ttttttttttttttttt
    2019-08-26T09:55:58.792 , Gen : 1 , BEST: 3795 , 
    2019-08-26T09:56:01.265 , Gen : 1 , BEST: 3795 , 
    2019-08-26T09:56:03.858 , Gen : 1 , BEST: 3795 , 
    2019-08-26T09:56:06.343 , Gen : 1 , BEST: 3795 , 
** Tour n. 12 at 2019-08-26T09:56:07.058 
    2019-08-26T09:56:08.594 , Gen : 1 , BEST: 3795 , 
    2019-08-26T09:56:13.077 , Gen : 1 , BEST: 3795 , 
    2019-08-26T09:56:16.571 , Gen : 1 , BEST: 3795 , 
    2019-08-26T09:56:20.047 , Gen : 1 , BEST: 3795 , 
    2019-08-26T09:56:23.053 , Gen : 1 , BEST: 3795 , 
fitness : 3795 
  code : [-<..]-++-,-[+.><[[><.][,,+-,,<>+[-.,-<,--<-.-.+[[,,[+<[>,,,>,>>,,<>,+.<-[]].],[--<-]<]]>]<>,<<.<+>,.+.,>[>.][,-,][.]+,.  
 try to Reverse me --> ttttttttttttttttt
    2019-08-26T09:56:25.826 , Gen : 1 , BEST: 3795 , 
    2019-08-26T09:56:28.373 , Gen : 1 , BEST: 3795 , 
    2019-08-26T09:56:31.17 , Gen : 1 , BEST: 3795 , 
    2019-08-26T09:56:33.745 , Gen : 1 , BEST: 3795 , 
** Tour n. 13 at 2019-08-26T09:56:34.324 
    2019-08-26T09:56:36.26 , Gen : 1 , BEST: 3795 , 
    2019-08-26T09:56:44.542 , Gen : 1 , BEST: 3795 , 
    2019-08-26T09:56:48.323 , Gen : 1 , BEST: 3795 , 
    2019-08-26T09:56:51.354 , Gen : 1 , BEST: 3795 , 
    2019-08-26T09:56:54.643 , Gen : 1 , BEST: 3795 , 
fitness : 3795 
  code : [-<..]-++-,-[+.><[[><.][,,+-,,<>+[-.,-<,--<-.-.+[[,,[+<[>,,,>,>>,,<>,+.<-[]].],[--<-]<]]>]<>,<<.<+>,.+.,>[>.][,-,][.]+,.  
 try to Reverse me --> ttttttttttttttttt
    2019-08-26T09:56:57.051 , Gen : 1 , BEST: 3795 , 
    2019-08-26T09:56:59.566 , Gen : 1 , BEST: 3795 , 
    2019-08-26T09:57:02.13 , Gen : 1 , BEST: 3795 , 
    2019-08-26T09:57:04.604 , Gen : 1 , BEST: 3795 , 
** Tour n. 14 at 2019-08-26T09:57:05.257 
    2019-08-26T09:57:07.293 , Gen : 1 , BEST: 3795 , 
    2019-08-26T09:57:14.563 , Gen : 1 , BEST: 3795 , 
    2019-08-26T09:57:18.159 , Gen : 1 , BEST: 3795 , 
    2019-08-26T09:57:21.648 , Gen : 1 , BEST: 3795 , 
    2019-08-26T09:57:24.879 , Gen : 1 , BEST: 3795 , 
fitness : 3795 
  code : [-<..]-++-,-[+.><[[><.][,,+-,,<>+[-.,-<,--<-.-.+[[,,[+<[>,,,>,>>,,<>,+.<-[]].],[--<-]<]]>]<>,<<.<+>,.+.,>[>.][,-,][.]+,.  
 try to Reverse me --> ttttttttttttttttt
    2019-08-26T09:57:27.569 , Gen : 1 , BEST: 3795 , 
    2019-08-26T09:57:30.023 , Gen : 1 , BEST: 3795 , 
    2019-08-26T09:57:32.694 , Gen : 1 , BEST: 3795 , 
    2019-08-26T09:57:35.365 , Gen : 1 , BEST: 3795 , 
** Tour n. 15 at 2019-08-26T09:57:36.133 
    2019-08-26T09:57:37.872 , Gen : 1 , BEST: 3795 , 
    2019-08-26T09:57:44.002 , Gen : 1 , BEST: 3795 , 
    2019-08-26T09:57:48.075 , Gen : 1 , BEST: 3795 , 
    2019-08-26T09:57:51.335 , Gen : 1 , BEST: 3795 , 
    2019-08-26T09:57:54.499 , Gen : 1 , BEST: 3795 , 
fitness : 3795 
  code : [-<..]-++-,-[+.><[[><.][,,+-,,<>+[-.,-<,--<-.-.+[[,,[+<[>,,,>,>>,,<>,+.<-[]].],[--<-]<]]>]<>,<<.<+>,.+.,>[>.][,-,][.]+,.  
 try to Reverse me --> ttttttttttttttttt
    2019-08-26T09:57:57.008 , Gen : 1 , BEST: 3795 , 
    2019-08-26T09:57:59.778 , Gen : 1 , BEST: 3795 , 
    2019-08-26T09:58:02.448 , Gen : 1 , BEST: 3795 , 
    2019-08-26T09:58:05.163 , Gen : 1 , BEST: 3795 , 
** Tour n. 16 at 2019-08-26T09:58:05.848 
    2019-08-26T09:58:07.464 , Gen : 1 , BEST: 3795 , 
    2019-08-26T09:58:11.856 , Gen : 1 , BEST: 3795 , 
    2019-08-26T09:58:15.676 , Gen : 1 , BEST: 3795 , 
    2019-08-26T09:58:18.956 , Gen : 1 , BEST: 3795 , 
    2019-08-26T09:58:22.196 , Gen : 1 , BEST: 3795 , 
fitness : 3795 
  code : [-<..]-++-,-[+.><[[><.][,,+-,,<>+[-.,-<,--<-.-.+[[,,[+<[>,,,>,>>,,<>,+.<-[]].],[--<-]<]]>]<>,<<.<+>,.+.,>[>.][,-,][.]+,.  
 try to Reverse me --> ttttttttttttttttt
    2019-08-26T09:58:25.017 , Gen : 1 , BEST: 3795 , 
    2019-08-26T09:58:28.037 , Gen : 1 , BEST: 3795 , 
    2019-08-26T09:58:30.59 , Gen : 1 , BEST: 3795 , 
    2019-08-26T09:58:33.22 , Gen : 1 , BEST: 3795 , 
** Tour n. 17 at 2019-08-26T09:58:33.915 
    2019-08-26T09:58:35.437 , Gen : 1 , BEST: 3795 , 
    2019-08-26T09:58:39.942 , Gen : 1 , BEST: 3795 , 
    2019-08-26T09:58:43.544 , Gen : 1 , BEST: 3795 , 
    2019-08-26T09:58:47.354 , Gen : 1 , BEST: 3795 , 
    2019-08-26T09:58:50.523 , Gen : 1 , BEST: 3795 , 
fitness : 3795 
  code : [-<..]-++-,-[+.><[[><.][,,+-,,<>+[-.,-<,--<-.-.+[[,,[+<[>,,,>,>>,,<>,+.<-[]].],[--<-]<]]>]<>,<<.<+>,.+.,>[>.][,-,][.]+,.  
 try to Reverse me --> ttttttttttttttttt
    2019-08-26T09:58:53.262 , Gen : 1 , BEST: 3795 , 
    2019-08-26T09:58:55.785 , Gen : 1 , BEST: 3795 , 
    2019-08-26T09:58:58.758 , Gen : 1 , BEST: 3795 , 
    2019-08-26T09:59:01.548 , Gen : 1 , BEST: 3795 , 
** Tour n. 18 at 2019-08-26T09:59:02.198 
    2019-08-26T09:59:03.968 , Gen : 1 , BEST: 3795 , 
    2019-08-26T09:59:08.708 , Gen : 1 , BEST: 3795 , 
    2019-08-26T09:59:12.064 , Gen : 1 , BEST: 3795 , 
    2019-08-26T09:59:15.313 , Gen : 1 , BEST: 3795 , 
    2019-08-26T09:59:18.323 , Gen : 1 , BEST: 3795 , 
fitness : 3795 
  code : [-<..]-++-,-[+.><[[><.][,,+-,,<>+[-.,-<,--<-.-.+[[,,[+<[>,,,>,>>,,<>,+.<-[]].],[--<-]<]]>]<>,<<.<+>,.+.,>[>.][,-,][.]+,.  
 try to Reverse me --> ttttttttttttttttt
    2019-08-26T09:59:21.18 , Gen : 1 , BEST: 3795 , 
    2019-08-26T09:59:23.918 , Gen : 1 , BEST: 3795 , 
    2019-08-26T09:59:26.807 , Gen : 1 , BEST: 3795 , 
    2019-08-26T09:59:30.436 , Gen : 1 , BEST: 3795 , 
** Tour n. 19 at 2019-08-26T09:59:31.107 
    2019-08-26T09:59:32.968 , Gen : 1 , BEST: 3795 , 
    2019-08-26T09:59:38.98 , Gen : 1 , BEST: 3795 , 
    2019-08-26T09:59:43.199 , Gen : 1 , BEST: 3795 , 
    2019-08-26T09:59:47.012 , Gen : 1 , BEST: 3795 , 
    2019-08-26T09:59:50.765 , Gen : 1 , BEST: 3795 , 
fitness : 3795 
  code : [-<..]-++-,-[+.><[[><.][,,+-,,<>+[-.,-<,--<-.-.+[[,,[+<[>,,,>,>>,,<>,+.<-[]].],[--<-]<]]>]<>,<<.<+>,.+.,>[>.][,-,][.]+,.  
 try to Reverse me --> ttttttttttttttttt
    2019-08-26T09:59:53.52 , Gen : 1 , BEST: 3795 , 
    2019-08-26T09:59:56.223 , Gen : 1 , BEST: 3795 , 
    2019-08-26T09:59:58.969 , Gen : 1 , BEST: 3795 , 
    2019-08-26T10:00:01.632 , Gen : 1 , BEST: 3795 , 
** Tour n. 20 at 2019-08-26T10:00:02.211 
    2019-08-26T10:00:03.869 , Gen : 1 , BEST: 3795 , 
    2019-08-26T10:00:09.332 , Gen : 1 , BEST: 3795 , 
    2019-08-26T10:00:13.555 , Gen : 1 , BEST: 3795 , 
    2019-08-26T10:00:17.361 , Gen : 1 , BEST: 3795 , 
    2019-08-26T10:00:20.432 , Gen : 1 , BEST: 3795 , 
fitness : 3795 
  code : [-<..]-++-,-[+.><[[><.][,,+-,,<>+[-.,-<,--<-.-.+[[,,[+<[>,,,>,>>,,<>,+.<-[]].],[--<-]<]]>]<>,<<.<+>,.+.,>[>.][,-,][.]+,.  
 try to Reverse me --> ttttttttttttttttt
    2019-08-26T10:00:23.463 , Gen : 1 , BEST: 3795 , 
    2019-08-26T10:00:26.212 , Gen : 1 , BEST: 3795 , 
    2019-08-26T10:00:29.011 , Gen : 1 , BEST: 3795 , 
    2019-08-26T10:00:31.815 , Gen : 1 , BEST: 3795 , 
** Tour n. 21 at 2019-08-26T10:00:32.569 
    2019-08-26T10:00:34.204 , Gen : 1 , BEST: 3795 , 
    2019-08-26T10:00:39.265 , Gen : 1 , BEST: 3795 , 
    2019-08-26T10:00:43.491 , Gen : 1 , BEST: 3795 , 
    2019-08-26T10:00:47.259 , Gen : 1 , BEST: 3795 , 
    2019-08-26T10:00:50.2 , Gen : 1 , BEST: 3795 , 
fitness : 3795 
  code : [-<..]-++-,-[+.><[[><.][,,+-,,<>+[-.,-<,--<-.-.+[[,,[+<[>,,,>,>>,,<>,+.<-[]].],[--<-]<]]>]<>,<<.<+>,.+.,>[>.][,-,][.]+,.  
 try to Reverse me --> ttttttttttttttttt
    2019-08-26T10:00:52.825 , Gen : 1 , BEST: 3795 , 
    2019-08-26T10:00:55.601 , Gen : 1 , BEST: 3795 , 
    2019-08-26T10:00:58.417 , Gen : 1 , BEST: 3795 , 
    2019-08-26T10:01:01.161 , Gen : 1 , BEST: 3795 , 
** Tour n. 22 at 2019-08-26T10:01:01.875 
    2019-08-26T10:01:03.568 , Gen : 1 , BEST: 3795 , 
    2019-08-26T10:01:09.072 , Gen : 1 , BEST: 3795 , 
    2019-08-26T10:01:13.091 , Gen : 1 , BEST: 3795 , 
    2019-08-26T10:01:17.31 , Gen : 1 , BEST: 3795 , 
    2019-08-26T10:01:21.583 , Gen : 1 , BEST: 3795 , 
fitness : 3795 
  code : [-<..]-++-,-[+.><[[><.][,,+-,,<>+[-.,-<,--<-.-.+[[,,[+<[>,,,>,>>,,<>,+.<-[]].],[--<-]<]]>]<>,<<.<+>,.+.,>[>.][,-,][.]+,.  
 try to Reverse me --> ttttttttttttttttt
    2019-08-26T10:01:24.434 , Gen : 1 , BEST: 3795 , 
    2019-08-26T10:01:27.195 , Gen : 1 , BEST: 3795 , 
    2019-08-26T10:01:29.623 , Gen : 1 , BEST: 3795 , 
    2019-08-26T10:01:32.476 , Gen : 1 , BEST: 3795 , 
** Tour n. 23 at 2019-08-26T10:01:33.067 
    2019-08-26T10:01:34.977 , Gen : 1 , BEST: 3795 , 
    2019-08-26T10:01:44.411 , Gen : 1 , BEST: 3795 , 
    2019-08-26T10:01:47.974 , Gen : 1 , BEST: 3795 , 
    2019-08-26T10:01:51.394 , Gen : 1 , BEST: 3795 , 
    2019-08-26T10:01:54.272 , Gen : 1 , BEST: 3795 , 
fitness : 3795 
  code : [-<..]-++-,-[+.><[[><.][,,+-,,<>+[-.,-<,--<-.-.+[[,,[+<[>,,,>,>>,,<>,+.<-[]].],[--<-]<]]>]<>,<<.<+>,.+.,>[>.][,-,][.]+,.  
 try to Reverse me --> ttttttttttttttttt
    2019-08-26T10:01:57.043 , Gen : 1 , BEST: 3795 , 
    2019-08-26T10:01:59.463 , Gen : 1 , BEST: 3795 , 
    2019-08-26T10:02:02.025 , Gen : 1 , BEST: 3795 , 
    2019-08-26T10:02:04.585 , Gen : 1 , BEST: 3795 , 
** Tour n. 24 at 2019-08-26T10:02:05.144 
    2019-08-26T10:02:06.677 , Gen : 1 , BEST: 3795 , 
    2019-08-26T10:02:11.156 , Gen : 1 , BEST: 3795 , 
    2019-08-26T10:02:14.575 , Gen : 1 , BEST: 3795 , 
    2019-08-26T10:02:18.031 , Gen : 1 , BEST: 3795 , 
    2019-08-26T10:02:21.245 , Gen : 1 , BEST: 3795 , 
fitness : 3795 
  code : [-<..]-++-,-[+.><[[><.][,,+-,,<>+[-.,-<,--<-.-.+[[,,[+<[>,,,>,>>,,<>,+.<-[]].],[--<-]<]]>]<>,<<.<+>,.+.,>[>.][,-,][.]+,.  
 try to Reverse me --> ttttttttttttttttt
    2019-08-26T10:02:23.799 , Gen : 1 , BEST: 3795 , 
    2019-08-26T10:02:26.363 , Gen : 1 , BEST: 3795 , 
    2019-08-26T10:02:29.053 , Gen : 1 , BEST: 3795 , 
    2019-08-26T10:02:31.788 , Gen : 1 , BEST: 3795 , 
** Tour n. 25 at 2019-08-26T10:02:32.385 
    2019-08-26T10:02:34.387 , Gen : 1 , BEST: 3795 , 
    2019-08-26T10:02:41.983 , Gen : 1 , BEST: 3795 , 
    2019-08-26T10:02:46.69 , Gen : 1 , BEST: 3795 , 
    2019-08-26T10:02:50.836 , Gen : 1 , BEST: 3795 , 
    2019-08-26T10:02:54.093 , Gen : 1 , BEST: 3795 , 
fitness : 3795 
  code : [-<..]-++-,-[+.><[[><.][,,+-,,<>+[-.,-<,--<-.-.+[[,,[+<[>,,,>,>>,,<>,+.<-[]].],[--<-]<]]>]<>,<<.<+>,.+.,>[>.][,-,][.]+,.  
 try to Reverse me --> ttttttttttttttttt
    2019-08-26T10:02:56.538 , Gen : 1 , BEST: 3795 , 
    2019-08-26T10:02:59.801 , Gen : 1 , BEST: 3795 , 
    2019-08-26T10:03:02.387 , Gen : 1 , BEST: 3795 , 
    2019-08-26T10:03:05.118 , Gen : 1 , BEST: 3795 , 
** Tour n. 26 at 2019-08-26T10:03:05.789 
    2019-08-26T10:03:07.395 , Gen : 1 , BEST: 3795 , 
    2019-08-26T10:03:13.203 , Gen : 1 , BEST: 3795 , 
    2019-08-26T10:03:16.986 , Gen : 1 , BEST: 3795 , 
    2019-08-26T10:03:20.413 , Gen : 1 , BEST: 3795 , 
    2019-08-26T10:03:23.558 , Gen : 1 , BEST: 3795 , 
fitness : 3795 
  code : [-<..]-++-,-[+.><[[><.][,,+-,,<>+[-.,-<,--<-.-.+[[,,[+<[>,,,>,>>,,<>,+.<-[]].],[--<-]<]]>]<>,<<.<+>,.+.,>[>.][,-,][.]+,.  
 try to Reverse me --> ttttttttttttttttt
    2019-08-26T10:03:26.265 , Gen : 1 , BEST: 3795 , 
    2019-08-26T10:03:28.725 , Gen : 1 , BEST: 3795 , 
    2019-08-26T10:03:31.111 , Gen : 1 , BEST: 3795 , 
    2019-08-26T10:03:33.776 , Gen : 1 , BEST: 3795 , 
** Tour n. 27 at 2019-08-26T10:03:34.454 
    2019-08-26T10:03:36.379 , Gen : 1 , BEST: 3795 , 
    2019-08-26T10:03:41.513 , Gen : 1 , BEST: 3795 , 
    2019-08-26T10:03:45.569 , Gen : 1 , BEST: 3795 , 
    2019-08-26T10:03:49.155 , Gen : 1 , BEST: 3795 , 
    2019-08-26T10:03:52.109 , Gen : 1 , BEST: 3795 , 
fitness : 3795 
  code : [-<..]-++-,-[+.><[[><.][,,+-,,<>+[-.,-<,--<-.-.+[[,,[+<[>,,,>,>>,,<>,+.<-[]].],[--<-]<]]>]<>,<<.<+>,.+.,>[>.][,-,][.]+,.  
 try to Reverse me --> ttttttttttttttttt
    2019-08-26T10:03:54.988 , Gen : 1 , BEST: 3795 , 
    2019-08-26T10:03:57.831 , Gen : 1 , BEST: 3795 , 
    2019-08-26T10:04:00.422 , Gen : 1 , BEST: 3795 , 
    2019-08-26T10:04:03.225 , Gen : 1 , BEST: 3795 , 
** Tour n. 28 at 2019-08-26T10:04:03.81 
    2019-08-26T10:04:05.603 , Gen : 1 , BEST: 3795 , 
    2019-08-26T10:04:10.064 , Gen : 1 , BEST: 3795 , 
    2019-08-26T10:04:13.982 , Gen : 1 , BEST: 3795 , 
    2019-08-26T10:04:17.52 , Gen : 1 , BEST: 3795 , 
    2019-08-26T10:04:20.561 , Gen : 1 , BEST: 3795 , 
fitness : 3795 
  code : [-<..]-++-,-[+.><[[><.][,,+-,,<>+[-.,-<,--<-.-.+[[,,[+<[>,,,>,>>,,<>,+.<-[]].],[--<-]<]]>]<>,<<.<+>,.+.,>[>.][,-,][.]+,.  
 try to Reverse me --> ttttttttttttttttt
    2019-08-26T10:04:23.25 , Gen : 1 , BEST: 3795 , 
    2019-08-26T10:04:25.981 , Gen : 1 , BEST: 3795 , 
    2019-08-26T10:04:28.601 , Gen : 1 , BEST: 3795 , 
    2019-08-26T10:04:31.217 , Gen : 1 , BEST: 3795 , 
** Tour n. 29 at 2019-08-26T10:04:31.788 
    2019-08-26T10:04:33.442 , Gen : 1 , BEST: 3795 , 
    2019-08-26T10:04:40.117 , Gen : 1 , BEST: 3795 , 
    2019-08-26T10:04:43.89 , Gen : 1 , BEST: 3795 , 
    2019-08-26T10:04:47.792 , Gen : 1 , BEST: 3795 , 
    2019-08-26T10:04:50.891 , Gen : 1 , BEST: 3795 , 
fitness : 3795 
  code : [-<..]-++-,-[+.><[[><.][,,+-,,<>+[-.,-<,--<-.-.+[[,,[+<[>,,,>,>>,,<>,+.<-[]].],[--<-]<]]>]<>,<<.<+>,.+.,>[>.][,-,][.]+,.  
 try to Reverse me --> ttttttttttttttttt
    2019-08-26T10:04:53.58 , Gen : 1 , BEST: 3795 , 
    2019-08-26T10:04:56.176 , Gen : 1 , BEST: 3795 , 
    2019-08-26T10:04:58.593 , Gen : 1 , BEST: 3795 , 
    2019-08-26T10:05:01.078 , Gen : 1 , BEST: 3795 , 
** Tour n. 30 at 2019-08-26T10:05:01.762 
    2019-08-26T10:05:03.341 , Gen : 1 , BEST: 3795 , 
    2019-08-26T10:05:08.224 , Gen : 1 , BEST: 3795 , 
    2019-08-26T10:05:11.985 , Gen : 1 , BEST: 3795 , 
    2019-08-26T10:05:16.03 , Gen : 1 , BEST: 3795 , 
    2019-08-26T10:05:19.122 , Gen : 1 , BEST: 3795 , 
fitness : 3795 
  code : [-<..]-++-,-[+.><[[><.][,,+-,,<>+[-.,-<,--<-.-.+[[,,[+<[>,,,>,>>,,<>,+.<-[]].],[--<-]<]]>]<>,<<.<+>,.+.,>[>.][,-,][.]+,.  
 try to Reverse me --> ttttttttttttttttt
    2019-08-26T10:05:21.771 , Gen : 1 , BEST: 3795 , 
    2019-08-26T10:05:24.436 , Gen : 1 , BEST: 3795 , 
    2019-08-26T10:05:26.927 , Gen : 1 , BEST: 3795 , 
    2019-08-26T10:05:29.63 , Gen : 1 , BEST: 3795 , 
** Tour n. 31 at 2019-08-26T10:05:30.357 
    2019-08-26T10:05:32.132 , Gen : 1 , BEST: 3795 , 
    2019-08-26T10:05:38.302 , Gen : 1 , BEST: 3795 , 
    2019-08-26T10:05:41.812 , Gen : 1 , BEST: 3795 , 
    2019-08-26T10:05:44.267 , Gen : 1 , BEST: 3795 , 
    2019-08-26T10:05:46.38 , Gen : 1 , BEST: 3795 , 
fitness : 3795 
  code : [-<..]-++-,-[+.><[[><.][,,+-,,<>+[-.,-<,--<-.-.+[[,,[+<[>,,,>,>>,,<>,+.<-[]].],[--<-]<]]>]<>,<<.<+>,.+.,>[>.][,-,][.]+,.  
 try to Reverse me --> ttttttttttttttttt
    2019-08-26T10:05:48.127 , Gen : 1 , BEST: 3795 , 
    2019-08-26T10:05:49.844 , Gen : 1 , BEST: 3795 , 
    2019-08-26T10:05:51.547 , Gen : 1 , BEST: 3795 , 
    2019-08-26T10:05:53.299 , Gen : 1 , BEST: 3795 , 
** Tour n. 32 at 2019-08-26T10:05:53.69 
    2019-08-26T10:05:54.866 , Gen : 1 , BEST: 3795 , 
    2019-08-26T10:05:58.066 , Gen : 1 , BEST: 3795 , 
    2019-08-26T10:06:00.765 , Gen : 1 , BEST: 3795 , 
    2019-08-26T10:06:03.049 , Gen : 1 , BEST: 3795 , 
    2019-08-26T10:06:05.023 , Gen : 1 , BEST: 3795 , 
fitness : 3795 
  code : [-<..]-++-,-[+.><[[><.][,,+-,,<>+[-.,-<,--<-.-.+[[,,[+<[>,,,>,>>,,<>,+.<-[]].],[--<-]<]]>]<>,<<.<+>,.+.,>[>.][,-,][.]+,.  
 try to Reverse me --> ttttttttttttttttt
    2019-08-26T10:06:06.756 , Gen : 1 , BEST: 3795 , 
    2019-08-26T10:06:08.447 , Gen : 1 , BEST: 3795 , 
    2019-08-26T10:06:10.163 , Gen : 1 , BEST: 3795 , 
    2019-08-26T10:06:11.933 , Gen : 1 , BEST: 3795 , 
** Tour n. 33 at 2019-08-26T10:06:12.329 
    2019-08-26T10:06:13.474 , Gen : 1 , BEST: 3795 , 
    2019-08-26T10:06:17.299 , Gen : 1 , BEST: 3795 , 
    2019-08-26T10:06:19.792 , Gen : 1 , BEST: 3795 , 
    2019-08-26T10:06:22.04 , Gen : 1 , BEST: 3795 , 
    2019-08-26T10:06:24.004 , Gen : 1 , BEST: 3795 , 
fitness : 3795 
  code : [-<..]-++-,-[+.><[[><.][,,+-,,<>+[-.,-<,--<-.-.+[[,,[+<[>,,,>,>>,,<>,+.<-[]].],[--<-]<]]>]<>,<<.<+>,.+.,>[>.][,-,][.]+,.  
 try to Reverse me --> ttttttttttttttttt
    2019-08-26T10:06:25.704 , Gen : 1 , BEST: 3795 , 
    2019-08-26T10:06:27.457 , Gen : 1 , BEST: 3795 , 
    2019-08-26T10:06:29.193 , Gen : 1 , BEST: 3795 , 
    2019-08-26T10:06:30.956 , Gen : 1 , BEST: 3795 , 
** Tour n. 34 at 2019-08-26T10:06:31.386 
    2019-08-26T10:06:32.44 , Gen : 1 , BEST: 3795 , 
    2019-08-26T10:06:36.916 , Gen : 1 , BEST: 3795 , 
    2019-08-26T10:06:39.189 , Gen : 1 , BEST: 3795 , 
    2019-08-26T10:06:41.408 , Gen : 1 , BEST: 3795 , 
    2019-08-26T10:06:43.311 , Gen : 1 , BEST: 3795 , 
fitness : 3795 
  code : [-<..]-++-,-[+.><[[><.][,,+-,,<>+[-.,-<,--<-.-.+[[,,[+<[>,,,>,>>,,<>,+.<-[]].],[--<-]<]]>]<>,<<.<+>,.+.,>[>.][,-,][.]+,.  
 try to Reverse me --> ttttttttttttttttt
-![<,,-<!,.>**!![[,*,<$[>$+[.>*!  
 try to Reverse me --> tttqxsnQdudqrd
    2019-08-26T10:04:05.791 , Gen : 1 , BEST: 3798 , 
    2019-08-26T10:04:08.289 , Gen : 1 , BEST: 3798 , 
    2019-08-26T10:04:10.874 , Gen : 1 , BEST: 3798 , 
    2019-08-26T10:04:13.355 , Gen : 1 , BEST: 3798 , 
** Tour n. 31 at 2019-08-26T10:04:13.877 
    2019-08-26T10:04:15.507 , Gen : 1 , BEST: 3798 , 
    2019-08-26T10:04:20.745 , Gen : 1 , BEST: 3798 , 
    2019-08-26T10:04:23.96 , Gen : 1 , BEST: 3798 , 
    2019-08-26T10:04:26.88 , Gen : 1 , BEST: 3798 , 
    2019-08-26T10:04:29.499 , Gen : 1 , BEST: 3798 , 
fitness : 3798 
  code : [[...*>>+-[!-$[>>,<-]*->$.,*>$*,<,]>*>*!+>$!!+<]!*,>!>]$,$.[.[.*$+$,-]+].$$$<[,.-!<><!,.-![<,,-<!,.>**!![[,*,<$[>$+[.>*!  
 try to Reverse me --> tttqxsnQdudqrd
    2019-08-26T10:04:32.009 , Gen : 1 , BEST: 3798 , 
    2019-08-26T10:04:34.6 , Gen : 1 , BEST: 3798 , 
    2019-08-26T10:04:37.003 , Gen : 1 , BEST: 3798 , 
    2019-08-26T10:04:39.659 , Gen : 1 , BEST: 3798 , 
** Tour n. 32 at 2019-08-26T10:04:40.292 
    2019-08-26T10:04:41.742 , Gen : 1 , BEST: 3798 , 
    2019-08-26T10:04:48.381 , Gen : 1 , BEST: 3798 , 
    2019-08-26T10:04:51.488 , Gen : 1 , BEST: 3798 , 
    2019-08-26T10:04:54.352 , Gen : 1 , BEST: 3798 , 
    2019-08-26T10:04:56.892 , Gen : 1 , BEST: 3798 , 
fitness : 3798 
  code : [[...*>>+-[!-$[>>,<-]*->$.,*>$*,<,]>*>*!+>$!!+<]!*,>!>]$,$.[.[.*$+$,-]+].$$$<[,.-!<><!,.-![<,,-<!,.>**!![[,*,<$[>$+[.>*!  
 try to Reverse me --> tttqxsnQdudqrd
    2019-08-26T10:04:59.351 , Gen : 1 , BEST: 3798 , 
    2019-08-26T10:05:01.755 , Gen : 1 , BEST: 3798 , 
    2019-08-26T10:05:04.101 , Gen : 1 , BEST: 3798 , 
    2019-08-26T10:05:06.591 , Gen : 1 , BEST: 3798 , 
** Tour n. 33 at 2019-08-26T10:05:07.073 
    2019-08-26T10:05:08.552 , Gen : 1 , BEST: 3798 , 
    2019-08-26T10:05:14.444 , Gen : 1 , BEST: 3798 , 
    2019-08-26T10:05:17.452 , Gen : 1 , BEST: 3798 , 
    2019-08-26T10:05:20.68 , Gen : 1 , BEST: 3798 , 
    2019-08-26T10:05:23.376 , Gen : 1 , BEST: 3798 , 
fitness : 3798 
  code : [[...*>>+-[!-$[>>,<-]*->$.,*>$*,<,]>*>*!+>$!!+<]!*,>!>]$,$.[.[.*$+$,-]+].$$$<[,.-!<><!,.-![<,,-<!,.>**!![[,*,<$[>$+[.>*!  
 try to Reverse me --> tttqxsnQdudqrd
    2019-08-26T10:05:25.864 , Gen : 1 , BEST: 3798 , 
    2019-08-26T10:05:28.716 , Gen : 1 , BEST: 3798 , 
    2019-08-26T10:05:31.292 , Gen : 1 , BEST: 3798 , 
    2019-08-26T10:05:33.792 , Gen : 1 , BEST: 3798 , 
** Tour n. 34 at 2019-08-26T10:05:34.39 
    2019-08-26T10:05:35.988 , Gen : 1 , BEST: 3798 , 
