targetFitness = 778 
params : Main.GeneticAlgorithms.Types.GAParams(156, 10000000, 280, 350, 0.8, 0.01, true, IOStream(<file ../Results/logStringHi!.log>), 0.0, 778.0, 0, 0) 
** Tour n. 1 at 2019-09-02T15:09:34.885 
    2019-09-02T15:09:42.519 , Iteration : 5, BEST: 583 , bonus = 1.0 
    2019-09-02T15:09:47.98 , Iteration : 10, BEST: 622 , bonus = 1.0 
    2019-09-02T15:09:50.124 , Iteration : 15, BEST: 639 , bonus = 1.0 
    2019-09-02T15:09:51.899 , Iteration : 20, BEST: 645 , bonus = 42.0 
    2019-09-02T15:09:53.945 , Iteration : 25, BEST: 650 , bonus = 1371.0 
    2019-09-02T15:09:55.323 , Iteration : 30, BEST: 661 , bonus = 3444.0 
    2019-09-02T15:09:56.617 , Iteration : 35, BEST: 671 , bonus = 1722.0 
    2019-09-02T15:09:58.168 , Iteration : 40, BEST: 679 , bonus = 1722.0 
fitness : 679 
  code : >+++++++++++++++++++++++++++++++++++++++++++++.[..->.<>+->>+<,,.-.[.[.[.,[[-<[>[.[.[<,<[,,[<+.-..-,,<<<<<.]][[[,[>],>[+..++>>]]-,++,>++].,+[+[-,-,-],.<<...<<],<+,->+-+.,>>+-+-.[[-+>]>]>][.>]]+<][+<,-.,++,+[>[,.>,,<>+,,>.>++<.-<]><]>.,>],<-.-.]-+[<++[<++---,.-----++>,>,,.>>[.+<[-]  
 goal : Hi! -> ---
    2019-09-02T15:09:59.474 , Iteration : 45, BEST: 685 , bonus = 1722.0 
    2019-09-02T15:10:00.677 , Iteration : 50, BEST: 691 , bonus = 1723.0 
    2019-09-02T15:10:02.013 , Iteration : 55, BEST: 697 , bonus = 1722.0 
    2019-09-02T15:10:02.938 , Iteration : 60, BEST: 702 , bonus = 1.0 
** Tour n. 2 at 2019-09-02T15:10:04.026 
** Tour n. 3 at 2019-09-02T15:10:05.819 
    2019-09-02T15:10:07.915 , Iteration : 5, BEST: 714 , bonus = 1.0 
** Tour n. 4 at 2019-09-02T15:10:08.036 
    2019-09-02T15:10:09.912 , Tour : 5, BEST: 714 , bonus = 1.0 
** Tour n. 5 at 2019-09-02T15:10:09.912 
** Tour n. 6 at 2019-09-02T15:10:12.447 
** Tour n. 7 at 2019-09-02T15:10:14.393 
** Tour n. 8 at 2019-09-02T15:10:17.004 
    2019-09-02T15:10:19.98 , Iteration : 5, BEST: 719 , bonus = 1910.0 
    2019-09-02T15:10:21.398 , Iteration : 10, BEST: 721 , bonus = 1.0 
    2019-09-02T15:10:22.966 , Iteration : 15, BEST: 725 , bonus = 1.0 
** Tour n. 9 at 2019-09-02T15:10:23.09 
    2019-09-02T15:10:24.847 , Tour : 10, BEST: 725 , bonus = 1.0 
** Tour n. 10 at 2019-09-02T15:10:24.847 
** Tour n. 11 at 2019-09-02T15:10:27.085 
** Tour n. 12 at 2019-09-02T15:10:29.225 
    2019-09-02T15:10:31.323 , Iteration : 5, BEST: 730 , bonus = 1.0 
    2019-09-02T15:10:32.127 , Iteration : 10, BEST: 733 , bonus = 1.0 
    2019-09-02T15:10:32.98 , Iteration : 15, BEST: 737 , bonus = 1.0 
** Tour n. 13 at 2019-09-02T15:10:33.557 
    2019-09-02T15:10:35.569 , Iteration : 5, BEST: 740 , bonus = 1.0 
** Tour n. 14 at 2019-09-02T15:10:36.027 
    2019-09-02T15:10:37.94 , Iteration : 5, BEST: 742 , bonus = 1.0 
    2019-09-02T15:10:38.464 , Tour : 15, BEST: 743 , bonus = 1.0 
** Tour n. 15 at 2019-09-02T15:10:38.464 
    2019-09-02T15:10:40.406 , Iteration : 5, BEST: 744 , bonus = 1.0 
    2019-09-02T15:10:41.279 , Iteration : 10, BEST: 749 , bonus = 1.0 
** Tour n. 16 at 2019-09-02T15:10:41.967 
** Tour n. 17 at 2019-09-02T15:10:43.606 
** Tour n. 18 at 2019-09-02T15:10:45.357 
    2019-09-02T15:10:47.327 , Iteration : 5, BEST: 762 , bonus = 1.0 
    2019-09-02T15:10:47.882 , Iteration : 10, BEST: 767 , bonus = 1.0 
** Tour n. 19 at 2019-09-02T15:10:48.404 
    2019-09-02T15:10:50.079 , Tour : 20, BEST: 768 , bonus = 1.0 
** Tour n. 20 at 2019-09-02T15:10:50.079 
    2019-09-02T15:10:51.834 , Iteration : 5, BEST: 769 , bonus = 1.0 
** Tour n. 21 at 2019-09-02T15:10:51.954 
** Tour n. 22 at 2019-09-02T15:10:53.767 
    2019-09-02T15:10:55.786 , Iteration : 5, BEST: 774 , bonus = 2.0 
** Tour n. 23 at 2019-09-02T15:10:56.045 
** Tour n. 24 at 2019-09-02T15:10:57.613 
    2019-09-02T15:10:59.252 , Tour : 25, BEST: 774 , bonus = 1.0 
** Tour n. 25 at 2019-09-02T15:10:59.252 
    2019-09-02T15:11:01.072 , Iteration : 5, BEST: 777 , bonus = 1.0 
** Tour n. 26 at 2019-09-02T15:11:01.39 
** Tour n. 27 at 2019-09-02T15:11:02.968 
** Tour n. 28 at 2019-09-02T15:11:04.675 
fitness : 778 
  code : ++++++++++++++++++++++++++++++++++++++++++++++++++++++++++++++++++++++++[.++++++++++[+++++++++++++++++++++++.->++++++++++]+++++.[>]>]>-<-+[.[<,,++[<.-,<-.<.<-<<,<.<.<+<>,>.[->.---++.>+>.>+>+>-<,->-[,.-,,->,.,[>]-+>>[>[><>.<[[.],[-.<,,>[+[>>.>++][,+]->><[<<>,>-<],].-.]><<.,.-[.,,+  
 goal : Hi! -> Hi!
fitness 778 
dna : [0.350693, 0.261505, 0.261505, 0.261505, 0.261505, 0.261505, 0.261505, 0.309585, 0.331303, 0.309585, 0.331303, 0.331303, 0.334499, 0.268954, 0.326332, 0.293459, 0.356167, 0.356167, 0.286301, 0.356167, 0.356167, 0.286301, 0.269652, 0.269652, 0.269652, 0.269652, 0.269652, 0.269652, 0.356167, 0.286301, 0.286301, 0.286301, 0.269652, 0.369938, 0.372891, 0.372891, 0.2998, 0.372891, 0.2998, 0.364678, 0.300045, 0.300045, 0.300045, 0.359225, 0.364678, 0.364678, 0.364678, 0.364678, 0.341508, 0.300045, 0.300045, 0.364678, 0.341508, 0.326976, 0.364678, 0.300045, 0.361147, 0.300045, 0.300045, 0.300045, 0.300045, 0.362379, 0.30968, 0.362379, 0.30968, 0.362379, 0.30968, 0.300045, 0.300045, 0.30968, 0.300045, 0.30968, 0.857078, 0.565957, 0.303985, 0.366068, 0.303985, 0.366068, 0.366068, 0.260115, 0.366068, 0.366068, 0.260115, 0.366068, 0.758167, 0.287105, 0.366068, 0.279529, 0.257553, 0.279529, 0.279529, 0.279529, 0.279529, 0.279529, 0.279529, 0.279529, 0.279529, 0.279529, 0.279529, 0.279529, 0.324901, 0.279529, 0.279529, 0.250213, 0.279529, 0.279529, 0.279529, 0.279529, 0.565957, 0.395804, 0.220965, 0.322961, 0.322961, 0.322961, 0.322961, 0.322961, 0.322961, 0.322961, 0.322961, 0.322961, 0.322961, 0.916271, 0.322961, 0.333927, 0.284805, 0.284805, 0.284805, 0.578198, 0.825525, 0.142923, 0.881499, 0.18422, 0.90625, 0.132257, 0.382649, 0.0268772, 0.481071, 0.340734, 0.789909, 0.601877, 0.755275, 0.0337168, 0.63863, 0.699636, 0.357152, 0.357152, 0.842598, 0.109913, 0.583209, 0.46013, 0.695486, 0.00911894, 0.407002, 0.601362, 0.111194, 0.601362, 0.111194, 0.446446, 0.031044, 0.107804, 0.73919, 0.0629907, 0.557971, 0.0221222, 0.616966, 0.0210725, 0.318864, 0.112624, 0.163055, 0.729415, 0.190016, 0.503695, 0.785197, 0.411255, 0.138572, 0.623234, 0.390271, 0.392952, 0.413501, 0.317348, 0.288066, 0.614678, 0.228344, 0.288066, 0.228344, 0.614678, 0.228344, 0.288066, 0.228344, 0.288066, 0.228344, 0.493154, 0.0503799, 0.657342, 0.461495, 0.19726, 0.437926, 0.755051, 0.726739, 0.54305, 0.438104, 0.711583, 0.69801, 0.384046, 0.205976, 0.652852, 0.604368, 0.628883, 0.846544, 0.142146, 0.935908, 0.418643, 0.352968, 0.246671, 0.167123, 0.762789, 0.223051, 0.804774, 0.1611, 0.0780111, 0.179611, 0.554035, 0.0750523, 0.787061, 0.816382, 0.557735, 0.8959, 0.636857, 0.840923, 0.417325, 0.594971, 0.0462037, 0.674401, 0.71078, 0.197512, 0.841287, 0.255586, 0.820696, 0.196318, 0.18103, 0.595972, 0.168519, 0.33761, 0.250916, 0.983948, 0.866985, 0.718006, 0.26892, 0.989335, 0.395581, 0.162494, 0.224724, 0.0247967, 0.818654, 0.0323608, 0.03868, 0.183947, 0.711961, 0.18692, 0.392679, 0.0409716, 0.98999, 0.715985, 0.986408, 0.581967, 0.380733, 0.595807, 0.909401, 0.246677, 0.0104857, 0.103819, 0.575589, 0.700148, 0.546623, 0.388108, 0.835134, 0.567054, 0.687512, 0.73822, 0.316463] 
