targetFitness = 1536 
params : Main.GeneticAlgorithms.Types.GAParams(136, 1000000, 50, 150, 0.7, 0.01, true, IOStream(<file ../Results/logSubtract.log>), 0.0, 1536.0, 0, 0) 
** Tour n. 1 at 2019-09-04T11:57:35.664 
** Tour n. 2 at 2019-09-04T11:57:38.845 
** Tour n. 3 at 2019-09-04T11:57:39.982 
** Tour n. 4 at 2019-09-04T11:57:41.325 
    2019-09-04T11:57:42.54 , Tour : 5, BEST: 1526 , bonus = 0.0 
** Tour n. 5 at 2019-09-04T11:57:42.54 
** Tour n. 6 at 2019-09-04T11:57:44.029 
** Tour n. 7 at 2019-09-04T11:57:45.146 
** Tour n. 8 at 2019-09-04T11:57:46.494 
** Tour n. 9 at 2019-09-04T11:57:47.787 
    2019-09-04T11:57:48.95 , Tour : 10, BEST: 1526 , bonus = 0.0 
** Tour n. 10 at 2019-09-04T11:57:48.95 
** Tour n. 11 at 2019-09-04T11:57:50.361 
** Tour n. 12 at 2019-09-04T11:57:52.003 
** Tour n. 13 at 2019-09-04T11:57:53.171 
** Tour n. 14 at 2019-09-04T11:57:54.403 
    2019-09-04T11:57:55.985 , Tour : 15, BEST: 1526 , bonus = 0.0 
** Tour n. 15 at 2019-09-04T11:57:55.985 
** Tour n. 16 at 2019-09-04T11:57:57.254 
** Tour n. 17 at 2019-09-04T11:57:58.392 
** Tour n. 18 at 2019-09-04T11:57:59.645 
** Tour n. 19 at 2019-09-04T11:58:01.226 
    2019-09-04T11:58:02.393 , Tour : 20, BEST: 1526 , bonus = 0.0 
** Tour n. 20 at 2019-09-04T11:58:02.393 
** Tour n. 21 at 2019-09-04T11:58:03.857 
** Tour n. 22 at 2019-09-04T11:58:05.029 
** Tour n. 23 at 2019-09-04T11:58:06.55 
** Tour n. 24 at 2019-09-04T11:58:07.953 
    2019-09-04T11:58:09.307 , Tour : 25, BEST: 1526 , bonus = 0.0 
** Tour n. 25 at 2019-09-04T11:58:09.307 
** Tour n. 26 at 2019-09-04T11:58:10.829 
** Tour n. 27 at 2019-09-04T11:58:12.319 
** Tour n. 28 at 2019-09-04T11:58:13.71 
** Tour n. 29 at 2019-09-04T11:58:14.909 
    2019-09-04T11:58:16.229 , Tour : 30, BEST: 1526 , bonus = 0.0 
** Tour n. 30 at 2019-09-04T11:58:16.229 
** Tour n. 31 at 2019-09-04T11:58:17.496 
** Tour n. 32 at 2019-09-04T11:58:18.666 
** Tour n. 33 at 2019-09-04T11:58:19.893 
** Tour n. 34 at 2019-09-04T11:58:21.379 
    2019-09-04T11:58:22.671 , Tour : 35, BEST: 1526 , bonus = 0.0 
** Tour n. 35 at 2019-09-04T11:58:22.671 
** Tour n. 36 at 2019-09-04T11:58:23.956 
** Tour n. 37 at 2019-09-04T11:58:25.197 
** Tour n. 38 at 2019-09-04T11:58:26.495 
** Tour n. 39 at 2019-09-04T11:58:28.034 
    2019-09-04T11:58:29.243 , Tour : 40, BEST: 1526 , bonus = 0.0 
fitness : 1526 
 code : ,--<>.+.,>-.[+.-.]<>-<+[+[++],,.+.+<[<-<[[+.[>>][, 
 7 - 6 ->  5 
 14 - 6 ->  12 
 15 - 15 ->  13 
** Tour n. 40 at 2019-09-04T11:58:29.243 
** Tour n. 41 at 2019-09-04T11:58:30.592 
** Tour n. 42 at 2019-09-04T11:58:31.761 
** Tour n. 43 at 2019-09-04T11:58:33.033 
** Tour n. 44 at 2019-09-04T11:58:34.255 
    2019-09-04T11:58:35.588 , Tour : 45, BEST: 1526 , bonus = 0.0 
** Tour n. 45 at 2019-09-04T11:58:35.588 
** Tour n. 46 at 2019-09-04T11:58:36.987 
** Tour n. 47 at 2019-09-04T11:58:38.295 
** Tour n. 48 at 2019-09-04T11:58:39.698 
** Tour n. 49 at 2019-09-04T11:58:42.17 
    2019-09-04T11:58:43.693 , Iteration : 5, BEST: 1530 , bonus = 7117.0 
    2019-09-04T11:58:45.397 , Iteration : 10, BEST: 1532 , bonus = 7892.0 
    2019-09-04T11:58:47.089 , Iteration : 15, BEST: 1532 , bonus = 0.0 
    2019-09-04T11:58:48.4 , Tour : 50, BEST: 1532 , bonus = 0.0 
** Tour n. 50 at 2019-09-04T11:58:48.4 
** Tour n. 51 at 2019-09-04T11:58:49.42 
** Tour n. 52 at 2019-09-04T11:58:50.557 
** Tour n. 53 at 2019-09-04T11:58:51.864 
** Tour n. 54 at 2019-09-04T11:58:52.919 
    2019-09-04T11:58:53.979 , Tour : 55, BEST: 1532 , bonus = 0.0 
** Tour n. 55 at 2019-09-04T11:58:53.979 
** Tour n. 56 at 2019-09-04T11:58:55.123 
** Tour n. 57 at 2019-09-04T11:58:56.192 
** Tour n. 58 at 2019-09-04T11:58:57.454 
** Tour n. 59 at 2019-09-04T11:58:58.539 
    2019-09-04T11:58:59.893 , Tour : 60, BEST: 1532 , bonus = 0.0 
** Tour n. 60 at 2019-09-04T11:58:59.893 
** Tour n. 61 at 2019-09-04T11:59:00.939 
** Tour n. 62 at 2019-09-04T11:59:02.009 
** Tour n. 63 at 2019-09-04T11:59:03.116 
** Tour n. 64 at 2019-09-04T11:59:04.589 
    2019-09-04T11:59:05.677 , Tour : 65, BEST: 1532 , bonus = 0.0 
** Tour n. 65 at 2019-09-04T11:59:05.677 
** Tour n. 66 at 2019-09-04T11:59:06.927 
** Tour n. 67 at 2019-09-04T11:59:07.966 
** Tour n. 68 at 2019-09-04T11:59:08.98 
** Tour n. 69 at 2019-09-04T11:59:10.213 
    2019-09-04T11:59:11.511 , Tour : 70, BEST: 1532 , bonus = 0.0 
** Tour n. 70 at 2019-09-04T11:59:11.511 
** Tour n. 71 at 2019-09-04T11:59:12.707 
** Tour n. 72 at 2019-09-04T11:59:13.767 
** Tour n. 73 at 2019-09-04T11:59:14.848 
** Tour n. 74 at 2019-09-04T11:59:16.2 
    2019-09-04T11:59:17.365 , Tour : 75, BEST: 1532 , bonus = 0.0 
** Tour n. 75 at 2019-09-04T11:59:17.365 
** Tour n. 76 at 2019-09-04T11:59:18.585 
** Tour n. 77 at 2019-09-04T11:59:19.688 
** Tour n. 78 at 2019-09-04T11:59:20.843 
** Tour n. 79 at 2019-09-04T11:59:21.951 
    2019-09-04T11:59:23.085 , Tour : 80, BEST: 1532 , bonus = 0.0 
fitness : 1532 
 code : >>+,<>--<,[>]<->++<-[+>],<.,+.,+[[[+]+]+->[+++-<[, 
 13 - 0 ->  12 
 13 - 0 ->  12 
 4 - 0 ->  3 
** Tour n. 80 at 2019-09-04T11:59:23.085 
** Tour n. 81 at 2019-09-04T11:59:24.477 
** Tour n. 82 at 2019-09-04T11:59:25.822 
** Tour n. 83 at 2019-09-04T11:59:26.88 
** Tour n. 84 at 2019-09-04T11:59:28.067 
    2019-09-04T11:59:29.174 , Tour : 85, BEST: 1532 , bonus = 0.0 
** Tour n. 85 at 2019-09-04T11:59:29.174 
** Tour n. 86 at 2019-09-04T11:59:30.348 
** Tour n. 87 at 2019-09-04T11:59:31.516 
** Tour n. 88 at 2019-09-04T11:59:32.726 
** Tour n. 89 at 2019-09-04T11:59:33.81 
    2019-09-04T11:59:35.264 , Tour : 90, BEST: 1532 , bonus = 0.0 
** Tour n. 90 at 2019-09-04T11:59:35.264 
** Tour n. 91 at 2019-09-04T11:59:36.279 
** Tour n. 92 at 2019-09-04T11:59:37.469 
** Tour n. 93 at 2019-09-04T11:59:38.495 
** Tour n. 94 at 2019-09-04T11:59:39.872 
    2019-09-04T11:59:41.053 , Tour : 95, BEST: 1532 , bonus = 0.0 
** Tour n. 95 at 2019-09-04T11:59:41.053 
** Tour n. 96 at 2019-09-04T11:59:42.279 
** Tour n. 97 at 2019-09-04T11:59:43.384 
** Tour n. 98 at 2019-09-04T11:59:44.807 
** Tour n. 99 at 2019-09-04T11:59:45.947 
    2019-09-04T11:59:46.978 , Tour : 100, BEST: 1532 , bonus = 0.0 
** Tour n. 100 at 2019-09-04T11:59:46.978 
** Tour n. 101 at 2019-09-04T11:59:48.133 
** Tour n. 102 at 2019-09-04T11:59:49.455 
** Tour n. 103 at 2019-09-04T11:59:50.759 
** Tour n. 104 at 2019-09-04T11:59:52.108 
    2019-09-04T11:59:53.209 , Tour : 105, BEST: 1532 , bonus = 0.0 
** Tour n. 105 at 2019-09-04T11:59:53.209 
** Tour n. 106 at 2019-09-04T11:59:54.258 
** Tour n. 107 at 2019-09-04T11:59:55.364 
** Tour n. 108 at 2019-09-04T11:59:56.726 
** Tour n. 109 at 2019-09-04T11:59:57.864 
    2019-09-04T11:59:59.035 , Tour : 110, BEST: 1532 , bonus = 0.0 
** Tour n. 110 at 2019-09-04T11:59:59.035 
** Tour n. 111 at 2019-09-04T12:00:00.089 
** Tour n. 112 at 2019-09-04T12:00:01.833 
** Tour n. 113 at 2019-09-04T12:00:03.059 
** Tour n. 114 at 2019-09-04T12:00:04.173 
    2019-09-04T12:00:05.241 , Tour : 115, BEST: 1532 , bonus = 0.0 
** Tour n. 115 at 2019-09-04T12:00:05.241 
** Tour n. 116 at 2019-09-04T12:00:06.356 
** Tour n. 117 at 2019-09-04T12:00:07.474 
** Tour n. 118 at 2019-09-04T12:00:08.512 
** Tour n. 119 at 2019-09-04T12:00:09.643 
    2019-09-04T12:00:10.835 , Tour : 120, BEST: 1532 , bonus = 0.0 
fitness : 1532 
 code : >>+,<>--<,[>]<->++<-[+>],<.,+.,+[[[+]+]+->[+++-<[, 
 13 - 0 ->  12 
 1 - 1 ->  3 
 0 - 0 ->  255 
** Tour n. 120 at 2019-09-04T12:00:10.835 
** Tour n. 121 at 2019-09-04T12:00:11.965 
** Tour n. 122 at 2019-09-04T12:00:13.429 
** Tour n. 123 at 2019-09-04T12:00:14.574 
** Tour n. 124 at 2019-09-04T12:00:15.826 
    2019-09-04T12:00:16.943 , Tour : 125, BEST: 1532 , bonus = 0.0 
** Tour n. 125 at 2019-09-04T12:00:16.943 
** Tour n. 126 at 2019-09-04T12:00:18.19 
** Tour n. 127 at 2019-09-04T12:00:19.41 
** Tour n. 128 at 2019-09-04T12:00:20.423 
** Tour n. 129 at 2019-09-04T12:00:21.683 
    2019-09-04T12:00:22.819 , Tour : 130, BEST: 1532 , bonus = 0.0 
** Tour n. 130 at 2019-09-04T12:00:22.819 
** Tour n. 131 at 2019-09-04T12:00:24.039 
** Tour n. 132 at 2019-09-04T12:00:25.098 
** Tour n. 133 at 2019-09-04T12:00:26.274 
** Tour n. 134 at 2019-09-04T12:00:27.381 
    2019-09-04T12:00:28.496 , Tour : 135, BEST: 1532 , bonus = 0.0 
** Tour n. 135 at 2019-09-04T12:00:28.496 
** Tour n. 136 at 2019-09-04T12:00:29.694 
** Tour n. 137 at 2019-09-04T12:00:30.845 
** Tour n. 138 at 2019-09-04T12:00:31.913 
** Tour n. 139 at 2019-09-04T12:00:32.901 
    2019-09-04T12:00:33.985 , Tour : 140, BEST: 1532 , bonus = 0.0 
** Tour n. 140 at 2019-09-04T12:00:33.984 
** Tour n. 141 at 2019-09-04T12:00:35.297 
** Tour n. 142 at 2019-09-04T12:00:36.355 
** Tour n. 143 at 2019-09-04T12:00:37.559 
** Tour n. 144 at 2019-09-04T12:00:38.67 
    2019-09-04T12:00:40.102 , Tour : 145, BEST: 1532 , bonus = 0.0 
** Tour n. 145 at 2019-09-04T12:00:40.102 
** Tour n. 146 at 2019-09-04T12:00:41.281 
** Tour n. 147 at 2019-09-04T12:00:42.43 
** Tour n. 148 at 2019-09-04T12:00:43.8 
** Tour n. 149 at 2019-09-04T12:00:44.945 
    2019-09-04T12:00:46.105 , Tour : 150, BEST: 1532 , bonus = 0.0 
** Tour n. 150 at 2019-09-04T12:00:46.105 
** Tour n. 151 at 2019-09-04T12:00:47.329 
** Tour n. 152 at 2019-09-04T12:00:48.411 
** Tour n. 153 at 2019-09-04T12:00:49.616 
** Tour n. 154 at 2019-09-04T12:00:50.826 
    2019-09-04T12:00:52.061 , Tour : 155, BEST: 1532 , bonus = 0.0 
** Tour n. 155 at 2019-09-04T12:00:52.061 
** Tour n. 156 at 2019-09-04T12:00:53.101 
** Tour n. 157 at 2019-09-04T12:00:54.241 
** Tour n. 158 at 2019-09-04T12:00:55.299 
** Tour n. 159 at 2019-09-04T12:00:56.372 
    2019-09-04T12:00:57.528 , Tour : 160, BEST: 1532 , bonus = 0.0 
fitness : 1532 
 code : >>+,<>--<,[>]<->++<-[+>],<.,+.,+[[[+]+]+->[+++-<[, 
 1 - 0 ->  0 
 1 - 1 ->  3 
 1 - 1 ->  3 
** Tour n. 160 at 2019-09-04T12:00:57.528 
** Tour n. 161 at 2019-09-04T12:00:58.928 
** Tour n. 162 at 2019-09-04T12:01:00.04 
** Tour n. 163 at 2019-09-04T12:01:01.115 
** Tour n. 164 at 2019-09-04T12:01:02.397 
    2019-09-04T12:01:03.885 , Tour : 165, BEST: 1532 , bonus = 0.0 
** Tour n. 165 at 2019-09-04T12:01:03.885 
** Tour n. 166 at 2019-09-04T12:01:04.955 
** Tour n. 167 at 2019-09-04T12:01:06.329 
** Tour n. 168 at 2019-09-04T12:01:07.389 
** Tour n. 169 at 2019-09-04T12:01:08.67 
    2019-09-04T12:01:09.799 , Tour : 170, BEST: 1532 , bonus = 0.0 
** Tour n. 170 at 2019-09-04T12:01:09.799 
** Tour n. 171 at 2019-09-04T12:01:10.941 
** Tour n. 172 at 2019-09-04T12:01:12.05 
** Tour n. 173 at 2019-09-04T12:01:13.178 
** Tour n. 174 at 2019-09-04T12:01:14.186 
    2019-09-04T12:01:15.284 , Tour : 175, BEST: 1532 , bonus = 0.0 
** Tour n. 175 at 2019-09-04T12:01:15.284 
** Tour n. 176 at 2019-09-04T12:01:16.609 
** Tour n. 177 at 2019-09-04T12:01:17.698 
** Tour n. 178 at 2019-09-04T12:01:18.856 
** Tour n. 179 at 2019-09-04T12:01:20.156 
    2019-09-04T12:01:21.289 , Tour : 180, BEST: 1532 , bonus = 0.0 
** Tour n. 180 at 2019-09-04T12:01:21.289 
** Tour n. 181 at 2019-09-04T12:01:22.722 
** Tour n. 182 at 2019-09-04T12:01:23.883 
** Tour n. 183 at 2019-09-04T12:01:25.209 
** Tour n. 184 at 2019-09-04T12:01:26.282 
    2019-09-04T12:01:27.409 , Tour : 185, BEST: 1532 , bonus = 0.0 
** Tour n. 185 at 2019-09-04T12:01:27.409 
** Tour n. 186 at 2019-09-04T12:01:28.562 
** Tour n. 187 at 2019-09-04T12:01:29.675 
** Tour n. 188 at 2019-09-04T12:01:30.729 
** Tour n. 189 at 2019-09-04T12:01:31.912 
    2019-09-04T12:01:32.988 , Tour : 190, BEST: 1532 , bonus = 0.0 
** Tour n. 190 at 2019-09-04T12:01:32.988 
** Tour n. 191 at 2019-09-04T12:01:34.154 
** Tour n. 192 at 2019-09-04T12:01:35.22 
** Tour n. 193 at 2019-09-04T12:01:36.435 
** Tour n. 194 at 2019-09-04T12:01:37.446 
    2019-09-04T12:01:38.503 , Tour : 195, BEST: 1532 , bonus = 0.0 
** Tour n. 195 at 2019-09-04T12:01:38.503 
** Tour n. 196 at 2019-09-04T12:01:39.735 
** Tour n. 197 at 2019-09-04T12:01:41.067 
** Tour n. 198 at 2019-09-04T12:01:42.161 
** Tour n. 199 at 2019-09-04T12:01:43.23 
    2019-09-04T12:01:44.531 , Tour : 200, BEST: 1532 , bonus = 0.0 
fitness : 1532 
 code : >>+,<>--<,[>]<->++<-[+>],<.,+.,+[[[+]+]+->[+++-<[, 
 0 - 0 ->  255 
 13 - 2 ->  3 
 13 - 8 ->  3 
** Tour n. 200 at 2019-09-04T12:01:44.531 
** Tour n. 201 at 2019-09-04T12:01:46.043 
** Tour n. 202 at 2019-09-04T12:01:47.395 
** Tour n. 203 at 2019-09-04T12:01:48.843 
** Tour n. 204 at 2019-09-04T12:01:50.161 
    2019-09-04T12:01:51.516 , Tour : 205, BEST: 1532 , bonus = 0.0 
** Tour n. 205 at 2019-09-04T12:01:51.516 
** Tour n. 206 at 2019-09-04T12:01:52.794 
** Tour n. 207 at 2019-09-04T12:01:54.17 
** Tour n. 208 at 2019-09-04T12:01:55.571 
** Tour n. 209 at 2019-09-04T12:01:56.798 
    2019-09-04T12:01:58.005 , Tour : 210, BEST: 1532 , bonus = 0.0 
** Tour n. 210 at 2019-09-04T12:01:58.005 
** Tour n. 211 at 2019-09-04T12:01:59.337 
** Tour n. 212 at 2019-09-04T12:02:00.671 
** Tour n. 213 at 2019-09-04T12:02:02.007 
** Tour n. 214 at 2019-09-04T12:02:03.298 
    2019-09-04T12:02:04.554 , Tour : 215, BEST: 1532 , bonus = 0.0 
** Tour n. 215 at 2019-09-04T12:02:04.554 
** Tour n. 216 at 2019-09-04T12:02:06.002 
** Tour n. 217 at 2019-09-04T12:02:07.447 
** Tour n. 218 at 2019-09-04T12:02:08.786 
** Tour n. 219 at 2019-09-04T12:02:10.136 
    2019-09-04T12:02:11.478 , Tour : 220, BEST: 1532 , bonus = 0.0 
** Tour n. 220 at 2019-09-04T12:02:11.478 
** Tour n. 221 at 2019-09-04T12:02:12.732 
** Tour n. 222 at 2019-09-04T12:02:13.9 
** Tour n. 223 at 2019-09-04T12:02:15.27 
** Tour n. 224 at 2019-09-04T12:02:16.477 
    2019-09-04T12:02:17.666 , Tour : 225, BEST: 1532 , bonus = 0.0 
** Tour n. 225 at 2019-09-04T12:02:17.666 
** Tour n. 226 at 2019-09-04T12:02:18.908 
** Tour n. 227 at 2019-09-04T12:02:20.188 
** Tour n. 228 at 2019-09-04T12:02:21.521 
** Tour n. 229 at 2019-09-04T12:02:22.806 
    2019-09-04T12:02:24.205 , Tour : 230, BEST: 1532 , bonus = 0.0 
** Tour n. 230 at 2019-09-04T12:02:24.205 
** Tour n. 231 at 2019-09-04T12:02:25.788 
** Tour n. 232 at 2019-09-04T12:02:27.222 
** Tour n. 233 at 2019-09-04T12:02:28.681 
** Tour n. 234 at 2019-09-04T12:02:29.916 
    2019-09-04T12:02:31.412 , Tour : 235, BEST: 1532 , bonus = 0.0 
** Tour n. 235 at 2019-09-04T12:02:31.412 
** Tour n. 236 at 2019-09-04T12:02:32.809 
** Tour n. 237 at 2019-09-04T12:02:34.26 
** Tour n. 238 at 2019-09-04T12:02:35.45 
** Tour n. 239 at 2019-09-04T12:02:36.615 
    2019-09-04T12:02:38.177 , Tour : 240, BEST: 1532 , bonus = 0.0 
fitness : 1532 
 code : >>+,<>--<,[>]<->++<-[+>],<.,+.,+[[[+]+]+->[+-++-<[+>,<>-[+>- 
 15 - 2 ->  3 
 5 - 1 ->  3 
 12 - 4 ->  3 
** Tour n. 240 at 2019-09-04T12:02:38.177 
** Tour n. 241 at 2019-09-04T12:02:39.602 
** Tour n. 242 at 2019-09-04T12:02:41.001 
** Tour n. 243 at 2019-09-04T12:02:42.179 
** Tour n. 244 at 2019-09-04T12:02:43.379 
    2019-09-04T12:02:44.866 , Tour : 245, BEST: 1532 , bonus = 0.0 
** Tour n. 245 at 2019-09-04T12:02:44.866 
** Tour n. 246 at 2019-09-04T12:02:46.272 
** Tour n. 247 at 2019-09-04T12:02:47.807 
** Tour n. 248 at 2019-09-04T12:02:49.067 
** Tour n. 249 at 2019-09-04T12:02:50.32 
    2019-09-04T12:02:51.438 , Tour : 250, BEST: 1532 , bonus = 0.0 
** Tour n. 250 at 2019-09-04T12:02:51.438 
** Tour n. 251 at 2019-09-04T12:02:52.821 
** Tour n. 252 at 2019-09-04T12:02:54.028 
** Tour n. 253 at 2019-09-04T12:02:55.281 
** Tour n. 254 at 2019-09-04T12:02:56.818 
    2019-09-04T12:02:58.008 , Tour : 255, BEST: 1532 , bonus = 0.0 
** Tour n. 255 at 2019-09-04T12:02:58.008 
** Tour n. 256 at 2019-09-04T12:02:59.352 
** Tour n. 257 at 2019-09-04T12:03:00.616 
** Tour n. 258 at 2019-09-04T12:03:01.892 
** Tour n. 259 at 2019-09-04T12:03:03.183 
    2019-09-04T12:03:04.377 , Tour : 260, BEST: 1532 , bonus = 0.0 
** Tour n. 260 at 2019-09-04T12:03:04.377 
** Tour n. 261 at 2019-09-04T12:03:06.036 
** Tour n. 262 at 2019-09-04T12:03:07.287 
** Tour n. 263 at 2019-09-04T12:03:08.795 
** Tour n. 264 at 2019-09-04T12:03:10.028 
    2019-09-04T12:03:11.309 , Tour : 265, BEST: 1532 , bonus = 0.0 
** Tour n. 265 at 2019-09-04T12:03:11.309 
** Tour n. 266 at 2019-09-04T12:03:12.873 
** Tour n. 267 at 2019-09-04T12:03:14.225 
** Tour n. 268 at 2019-09-04T12:03:15.494 
** Tour n. 269 at 2019-09-04T12:03:17.05 
    2019-09-04T12:03:18.408 , Tour : 270, BEST: 1532 , bonus = 0.0 
** Tour n. 270 at 2019-09-04T12:03:18.408 
** Tour n. 271 at 2019-09-04T12:03:19.746 
** Tour n. 272 at 2019-09-04T12:03:21.031 
** Tour n. 273 at 2019-09-04T12:03:22.59 
** Tour n. 274 at 2019-09-04T12:03:23.871 
    2019-09-04T12:03:25.379 , Tour : 275, BEST: 1532 , bonus = 0.0 
** Tour n. 275 at 2019-09-04T12:03:25.379 
** Tour n. 276 at 2019-09-04T12:03:26.575 
** Tour n. 277 at 2019-09-04T12:03:27.879 
** Tour n. 278 at 2019-09-04T12:03:29.133 
** Tour n. 279 at 2019-09-04T12:03:30.387 
    2019-09-04T12:03:31.671 , Tour : 280, BEST: 1532 , bonus = 0.0 
fitness : 1532 
 code : >>+,<>--<,[>]<->++<-[+>],<.,+.,+[[[+]+]+->[+-++-<[+>,<>-[+>- 
 3 - 2 ->  3 
 5 - 5 ->  3 
 2 - 0 ->  3 
** Tour n. 280 at 2019-09-04T12:03:31.671 
** Tour n. 281 at 2019-09-04T12:03:32.905 
** Tour n. 282 at 2019-09-04T12:03:34.211 
** Tour n. 283 at 2019-09-04T12:03:35.478 
** Tour n. 284 at 2019-09-04T12:03:36.779 
    2019-09-04T12:03:38.027 , Tour : 285, BEST: 1532 , bonus = 0.0 
** Tour n. 285 at 2019-09-04T12:03:38.027 
** Tour n. 286 at 2019-09-04T12:03:39.246 
** Tour n. 287 at 2019-09-04T12:03:40.531 
** Tour n. 288 at 2019-09-04T12:03:41.805 
** Tour n. 289 at 2019-09-04T12:03:43.295 
    2019-09-04T12:03:45.061 , Tour : 290, BEST: 1532 , bonus = 0.0 
** Tour n. 290 at 2019-09-04T12:03:45.061 
** Tour n. 291 at 2019-09-04T12:03:46.833 
** Tour n. 292 at 2019-09-04T12:03:48.003 
** Tour n. 293 at 2019-09-04T12:03:49.181 
** Tour n. 294 at 2019-09-04T12:03:50.572 
    2019-09-04T12:03:51.797 , Tour : 295, BEST: 1532 , bonus = 0.0 
** Tour n. 295 at 2019-09-04T12:03:51.797 
** Tour n. 296 at 2019-09-04T12:03:53.155 
** Tour n. 297 at 2019-09-04T12:03:54.393 
** Tour n. 298 at 2019-09-04T12:03:55.676 
** Tour n. 299 at 2019-09-04T12:03:56.873 
    2019-09-04T12:03:58.182 , Tour : 300, BEST: 1532 , bonus = 0.0 
** Tour n. 300 at 2019-09-04T12:03:58.182 
** Tour n. 301 at 2019-09-04T12:03:59.389 
** Tour n. 302 at 2019-09-04T12:04:00.697 
** Tour n. 303 at 2019-09-04T12:04:01.886 
** Tour n. 304 at 2019-09-04T12:04:03.148 
    2019-09-04T12:04:04.396 , Tour : 305, BEST: 1532 , bonus = 0.0 
** Tour n. 305 at 2019-09-04T12:04:04.396 
** Tour n. 306 at 2019-09-04T12:04:05.642 
** Tour n. 307 at 2019-09-04T12:04:06.996 
** Tour n. 308 at 2019-09-04T12:04:08.456 
** Tour n. 309 at 2019-09-04T12:04:09.732 
    2019-09-04T12:04:11.175 , Tour : 310, BEST: 1532 , bonus = 0.0 
** Tour n. 310 at 2019-09-04T12:04:11.175 
** Tour n. 311 at 2019-09-04T12:04:12.422 
** Tour n. 312 at 2019-09-04T12:04:13.691 
** Tour n. 313 at 2019-09-04T12:04:14.985 
** Tour n. 314 at 2019-09-04T12:04:16.188 
    2019-09-04T12:04:17.469 , Tour : 315, BEST: 1532 , bonus = 0.0 
** Tour n. 315 at 2019-09-04T12:04:17.469 
** Tour n. 316 at 2019-09-04T12:04:18.627 
** Tour n. 317 at 2019-09-04T12:04:20.062 
** Tour n. 318 at 2019-09-04T12:04:21.378 
** Tour n. 319 at 2019-09-04T12:04:22.762 
    2019-09-04T12:04:24.562 , Tour : 320, BEST: 1532 , bonus = 0.0 
fitness : 1532 
 code : >>+,<>--<,[>]<->++<-[+>],<.,+.,+[[[+]+]+->[+-++-<[+>,<>-[+>- 
 12 - 5 ->  3 
 10 - 7 ->  3 
 13 - 11 ->  3 
** Tour n. 320 at 2019-09-04T12:04:24.562 
** Tour n. 321 at 2019-09-04T12:04:25.841 
** Tour n. 322 at 2019-09-04T12:04:27.064 
** Tour n. 323 at 2019-09-04T12:04:28.547 
** Tour n. 324 at 2019-09-04T12:04:29.778 
    2019-09-04T12:04:31.16 , Tour : 325, BEST: 1532 , bonus = 0.0 
** Tour n. 325 at 2019-09-04T12:04:31.16 
** Tour n. 326 at 2019-09-04T12:04:32.855 
** Tour n. 327 at 2019-09-04T12:04:34.109 
** Tour n. 328 at 2019-09-04T12:04:35.674 
** Tour n. 329 at 2019-09-04T12:04:36.832 
    2019-09-04T12:04:38.024 , Tour : 330, BEST: 1532 , bonus = 0.0 
** Tour n. 330 at 2019-09-04T12:04:38.024 
** Tour n. 331 at 2019-09-04T12:04:39.942 
** Tour n. 332 at 2019-09-04T12:04:41.182 
** Tour n. 333 at 2019-09-04T12:04:42.398 
** Tour n. 334 at 2019-09-04T12:04:44.045 
    2019-09-04T12:04:45.497 , Tour : 335, BEST: 1532 , bonus = 0.0 
** Tour n. 335 at 2019-09-04T12:04:45.497 
** Tour n. 336 at 2019-09-04T12:04:46.636 
** Tour n. 337 at 2019-09-04T12:04:47.86 
** Tour n. 338 at 2019-09-04T12:04:49.143 
** Tour n. 339 at 2019-09-04T12:04:50.376 
    2019-09-04T12:04:51.535 , Tour : 340, BEST: 1532 , bonus = 0.0 
** Tour n. 340 at 2019-09-04T12:04:51.535 
** Tour n. 341 at 2019-09-04T12:04:52.95 
** Tour n. 342 at 2019-09-04T12:04:54.132 
** Tour n. 343 at 2019-09-04T12:04:55.561 
** Tour n. 344 at 2019-09-04T12:04:56.909 
    2019-09-04T12:04:58.362 , Tour : 345, BEST: 1532 , bonus = 0.0 
** Tour n. 345 at 2019-09-04T12:04:58.362 
** Tour n. 346 at 2019-09-04T12:05:00.026 
** Tour n. 347 at 2019-09-04T12:05:01.273 
** Tour n. 348 at 2019-09-04T12:05:02.691 
** Tour n. 349 at 2019-09-04T12:05:04.046 
    2019-09-04T12:05:05.358 , Tour : 350, BEST: 1532 , bonus = 0.0 
** Tour n. 350 at 2019-09-04T12:05:05.358 
** Tour n. 351 at 2019-09-04T12:05:06.631 
** Tour n. 352 at 2019-09-04T12:05:08.049 
** Tour n. 353 at 2019-09-04T12:05:09.443 
** Tour n. 354 at 2019-09-04T12:05:10.752 
    2019-09-04T12:05:12.151 , Tour : 355, BEST: 1532 , bonus = 0.0 
** Tour n. 355 at 2019-09-04T12:05:12.151 
** Tour n. 356 at 2019-09-04T12:05:13.491 
** Tour n. 357 at 2019-09-04T12:05:15.047 
** Tour n. 358 at 2019-09-04T12:05:16.285 
** Tour n. 359 at 2019-09-04T12:05:17.584 
    2019-09-04T12:05:18.888 , Tour : 360, BEST: 1532 , bonus = 0.0 
fitness : 1532 
 code : >>+,<>--<,[>]<->++<-[+>],<.,+.,+[[[+]+]+->[+-++-<[+>,<>-[+>- 
 1 - 0 ->  0 
 12 - 3 ->  3 
 0 - 0 ->  255 
** Tour n. 360 at 2019-09-04T12:05:18.888 
** Tour n. 361 at 2019-09-04T12:05:20.308 
** Tour n. 362 at 2019-09-04T12:05:21.663 
** Tour n. 363 at 2019-09-04T12:05:22.977 
** Tour n. 364 at 2019-09-04T12:05:24.354 
    2019-09-04T12:05:25.915 , Tour : 365, BEST: 1532 , bonus = 0.0 
** Tour n. 365 at 2019-09-04T12:05:25.914 
** Tour n. 366 at 2019-09-04T12:05:27.133 
** Tour n. 367 at 2019-09-04T12:05:28.557 
** Tour n. 368 at 2019-09-04T12:05:29.755 
** Tour n. 369 at 2019-09-04T12:05:31.175 
    2019-09-04T12:05:32.619 , Tour : 370, BEST: 1532 , bonus = 0.0 
** Tour n. 370 at 2019-09-04T12:05:32.619 
** Tour n. 371 at 2019-09-04T12:05:34.09 
** Tour n. 372 at 2019-09-04T12:05:35.425 
** Tour n. 373 at 2019-09-04T12:05:36.892 
** Tour n. 374 at 2019-09-04T12:05:38.189 
    2019-09-04T12:05:39.598 , Tour : 375, BEST: 1532 , bonus = 0.0 
** Tour n. 375 at 2019-09-04T12:05:39.598 
** Tour n. 376 at 2019-09-04T12:05:40.795 
** Tour n. 377 at 2019-09-04T12:05:42.284 
** Tour n. 378 at 2019-09-04T12:05:43.471 
** Tour n. 379 at 2019-09-04T12:05:44.81 
    2019-09-04T12:05:46.126 , Tour : 380, BEST: 1532 , bonus = 0.0 
** Tour n. 380 at 2019-09-04T12:05:46.126 
** Tour n. 381 at 2019-09-04T12:05:47.474 
** Tour n. 382 at 2019-09-04T12:05:48.809 
** Tour n. 383 at 2019-09-04T12:05:50.28 
** Tour n. 384 at 2019-09-04T12:05:51.571 
    2019-09-04T12:05:52.921 , Tour : 385, BEST: 1532 , bonus = 0.0 
** Tour n. 385 at 2019-09-04T12:05:52.921 
** Tour n. 386 at 2019-09-04T12:05:54.522 
** Tour n. 387 at 2019-09-04T12:05:55.962 
** Tour n. 388 at 2019-09-04T12:05:57.54 
** Tour n. 389 at 2019-09-04T12:05:58.892 
    2019-09-04T12:06:00.262 , Tour : 390, BEST: 1532 , bonus = 0.0 
** Tour n. 390 at 2019-09-04T12:06:00.262 
** Tour n. 391 at 2019-09-04T12:06:01.671 
** Tour n. 392 at 2019-09-04T12:06:02.889 
** Tour n. 393 at 2019-09-04T12:06:04.15 
** Tour n. 394 at 2019-09-04T12:06:05.438 
    2019-09-04T12:06:06.852 , Tour : 395, BEST: 1532 , bonus = 0.0 
** Tour n. 395 at 2019-09-04T12:06:06.852 
** Tour n. 396 at 2019-09-04T12:06:08.141 
** Tour n. 397 at 2019-09-04T12:06:09.405 
** Tour n. 398 at 2019-09-04T12:06:10.606 
** Tour n. 399 at 2019-09-04T12:06:11.806 
    2019-09-04T12:06:13.086 , Tour : 400, BEST: 1532 , bonus = 0.0 
fitness : 1532 
 code : >>+,<>--<,[>]<->++<-[+>],<.,+.,+[[[+]+]+->[+-++-<[+>,<>-[+>- 
 2 - 0 ->  3 
 15 - 12 ->  3 
 5 - 5 ->  3 
** Tour n. 400 at 2019-09-04T12:06:13.086 
** Tour n. 401 at 2019-09-04T12:06:14.601 
** Tour n. 402 at 2019-09-04T12:06:16.261 
** Tour n. 403 at 2019-09-04T12:06:17.973 
** Tour n. 404 at 2019-09-04T12:06:19.672 
    2019-09-04T12:06:20.875 , Tour : 405, BEST: 1532 , bonus = 0.0 
** Tour n. 405 at 2019-09-04T12:06:20.875 
** Tour n. 406 at 2019-09-04T12:06:22.729 
** Tour n. 407 at 2019-09-04T12:06:24.26 
** Tour n. 408 at 2019-09-04T12:06:25.945 
** Tour n. 409 at 2019-09-04T12:06:27.275 
    2019-09-04T12:06:28.629 , Tour : 410, BEST: 1532 , bonus = 0.0 
** Tour n. 410 at 2019-09-04T12:06:28.629 
** Tour n. 411 at 2019-09-04T12:06:30.241 
** Tour n. 412 at 2019-09-04T12:06:32.096 
** Tour n. 413 at 2019-09-04T12:06:33.735 
** Tour n. 414 at 2019-09-04T12:06:34.986 
    2019-09-04T12:06:36.661 , Tour : 415, BEST: 1532 , bonus = 0.0 
** Tour n. 415 at 2019-09-04T12:06:36.661 
** Tour n. 416 at 2019-09-04T12:06:38.347 
** Tour n. 417 at 2019-09-04T12:06:40.246 
** Tour n. 418 at 2019-09-04T12:06:41.63 
** Tour n. 419 at 2019-09-04T12:06:43.282 
    2019-09-04T12:06:44.812 , Tour : 420, BEST: 1532 , bonus = 0.0 
** Tour n. 420 at 2019-09-04T12:06:44.812 
** Tour n. 421 at 2019-09-04T12:06:46.064 
** Tour n. 422 at 2019-09-04T12:06:47.534 
** Tour n. 423 at 2019-09-04T12:06:49.24 
** Tour n. 424 at 2019-09-04T12:06:51.172 
    2019-09-04T12:06:52.534 , Tour : 425, BEST: 1532 , bonus = 0.0 
** Tour n. 425 at 2019-09-04T12:06:52.534 
** Tour n. 426 at 2019-09-04T12:06:54.509 
** Tour n. 427 at 2019-09-04T12:06:55.987 
** Tour n. 428 at 2019-09-04T12:06:57.611 
** Tour n. 429 at 2019-09-04T12:06:58.897 
    2019-09-04T12:07:00.67 , Tour : 430, BEST: 1532 , bonus = 0.0 
** Tour n. 430 at 2019-09-04T12:07:00.67 
** Tour n. 431 at 2019-09-04T12:07:02.415 
** Tour n. 432 at 2019-09-04T12:07:03.825 
** Tour n. 433 at 2019-09-04T12:07:05.277 
** Tour n. 434 at 2019-09-04T12:07:06.598 
    2019-09-04T12:07:08.146 , Tour : 435, BEST: 1532 , bonus = 0.0 
** Tour n. 435 at 2019-09-04T12:07:08.146 
** Tour n. 436 at 2019-09-04T12:07:10.047 
** Tour n. 437 at 2019-09-04T12:07:11.434 
** Tour n. 438 at 2019-09-04T12:07:12.757 
** Tour n. 439 at 2019-09-04T12:07:14.356 
    2019-09-04T12:07:15.618 , Tour : 440, BEST: 1532 , bonus = 0.0 
fitness : 1532 
 code : >>+,<>--<,[>]<->++<-[+>],<.,+.+,,,+[[[++]+->[-++-<.-].[+..+->]+],,>,-> 
 1 - 1 ->  3 
 14 - 9 ->  3 
 2 - 1 ->  3 
** Tour n. 440 at 2019-09-04T12:07:15.618 
** Tour n. 441 at 2019-09-04T12:07:16.908 
** Tour n. 442 at 2019-09-04T12:07:18.548 
** Tour n. 443 at 2019-09-04T12:07:20.413 
** Tour n. 444 at 2019-09-04T12:07:21.7 
    2019-09-04T12:07:22.996 , Tour : 445, BEST: 1532 , bonus = 0.0 
** Tour n. 445 at 2019-09-04T12:07:22.996 
** Tour n. 446 at 2019-09-04T12:07:24.471 
** Tour n. 447 at 2019-09-04T12:07:25.934 
** Tour n. 448 at 2019-09-04T12:07:27.319 
** Tour n. 449 at 2019-09-04T12:07:28.657 
    2019-09-04T12:07:30.786 , Tour : 450, BEST: 1532 , bonus = 0.0 
** Tour n. 450 at 2019-09-04T12:07:30.786 
** Tour n. 451 at 2019-09-04T12:07:32.48 
** Tour n. 452 at 2019-09-04T12:07:34.334 
** Tour n. 453 at 2019-09-04T12:07:35.993 
** Tour n. 454 at 2019-09-04T12:07:37.386 
    2019-09-04T12:07:39.017 , Tour : 455, BEST: 1532 , bonus = 0.0 
** Tour n. 455 at 2019-09-04T12:07:39.017 
** Tour n. 456 at 2019-09-04T12:07:40.316 
** Tour n. 457 at 2019-09-04T12:07:41.935 
** Tour n. 458 at 2019-09-04T12:07:43.848 
** Tour n. 459 at 2019-09-04T12:07:45.847 
    2019-09-04T12:07:47.231 , Tour : 460, BEST: 1532 , bonus = 0.0 
** Tour n. 460 at 2019-09-04T12:07:47.231 
** Tour n. 461 at 2019-09-04T12:07:49.539 
** Tour n. 462 at 2019-09-04T12:07:50.832 
** Tour n. 463 at 2019-09-04T12:07:52.311 
** Tour n. 464 at 2019-09-04T12:07:54.115 
    2019-09-04T12:07:55.829 , Tour : 465, BEST: 1532 , bonus = 0.0 
** Tour n. 465 at 2019-09-04T12:07:55.829 
** Tour n. 466 at 2019-09-04T12:07:57.624 
** Tour n. 467 at 2019-09-04T12:07:58.924 
** Tour n. 468 at 2019-09-04T12:08:00.71 
** Tour n. 469 at 2019-09-04T12:08:02.548 
    2019-09-04T12:08:03.97 , Tour : 470, BEST: 1532 , bonus = 0.0 
** Tour n. 470 at 2019-09-04T12:08:03.97 
** Tour n. 471 at 2019-09-04T12:08:05.933 
** Tour n. 472 at 2019-09-04T12:08:07.294 
** Tour n. 473 at 2019-09-04T12:08:08.611 
** Tour n. 474 at 2019-09-04T12:08:09.901 
    2019-09-04T12:08:11.726 , Tour : 475, BEST: 1532 , bonus = 0.0 
** Tour n. 475 at 2019-09-04T12:08:11.726 
** Tour n. 476 at 2019-09-04T12:08:13.157 
** Tour n. 477 at 2019-09-04T12:08:14.582 
** Tour n. 478 at 2019-09-04T12:08:15.808 
** Tour n. 479 at 2019-09-04T12:08:17.599 
    2019-09-04T12:08:19.327 , Tour : 480, BEST: 1532 , bonus = 0.0 
fitness : 1532 
 code : >>+,<>--<,[>]<->++<-[+>],<.,+.+,,,+[[[++]+->[-++-<.-].[+..+->]+],,>,-> 
 3 - 0 ->  2 
 8 - 4 ->  3 
 5 - 2 ->  3 
** Tour n. 480 at 2019-09-04T12:08:19.327 
** Tour n. 481 at 2019-09-04T12:08:20.589 
** Tour n. 482 at 2019-09-04T12:08:22.342 
** Tour n. 483 at 2019-09-04T12:08:23.731 
** Tour n. 484 at 2019-09-04T12:08:25.09 
    2019-09-04T12:08:26.613 , Tour : 485, BEST: 1532 , bonus = 0.0 
** Tour n. 485 at 2019-09-04T12:08:26.613 
** Tour n. 486 at 2019-09-04T12:08:28.064 
** Tour n. 487 at 2019-09-04T12:08:29.941 
** Tour n. 488 at 2019-09-04T12:08:31.1 
** Tour n. 489 at 2019-09-04T12:08:32.769 
    2019-09-04T12:08:34.159 , Tour : 490, BEST: 1532 , bonus = 0.0 
** Tour n. 490 at 2019-09-04T12:08:34.159 
** Tour n. 491 at 2019-09-04T12:08:35.481 
** Tour n. 492 at 2019-09-04T12:08:36.654 
** Tour n. 493 at 2019-09-04T12:08:38.099 
** Tour n. 494 at 2019-09-04T12:08:39.524 
    2019-09-04T12:08:40.828 , Tour : 495, BEST: 1532 , bonus = 0.0 
** Tour n. 495 at 2019-09-04T12:08:40.828 
** Tour n. 496 at 2019-09-04T12:08:42.178 
** Tour n. 497 at 2019-09-04T12:08:43.898 
** Tour n. 498 at 2019-09-04T12:08:45.717 
** Tour n. 499 at 2019-09-04T12:08:47.251 
    2019-09-04T12:08:48.635 , Tour : 500, BEST: 1532 , bonus = 0.0 
** Tour n. 500 at 2019-09-04T12:08:48.635 
** Tour n. 501 at 2019-09-04T12:08:50.435 
** Tour n. 502 at 2019-09-04T12:08:52.119 
** Tour n. 503 at 2019-09-04T12:08:53.868 
** Tour n. 504 at 2019-09-04T12:08:55.485 
    2019-09-04T12:08:56.776 , Tour : 505, BEST: 1532 , bonus = 0.0 
** Tour n. 505 at 2019-09-04T12:08:56.776 
** Tour n. 506 at 2019-09-04T12:08:58.506 
** Tour n. 507 at 2019-09-04T12:08:59.859 
** Tour n. 508 at 2019-09-04T12:09:01.427 
** Tour n. 509 at 2019-09-04T12:09:02.917 
    2019-09-04T12:09:04.33 , Tour : 510, BEST: 1532 , bonus = 0.0 
** Tour n. 510 at 2019-09-04T12:09:04.33 
** Tour n. 511 at 2019-09-04T12:09:05.984 
** Tour n. 512 at 2019-09-04T12:09:07.296 
** Tour n. 513 at 2019-09-04T12:09:09.159 
** Tour n. 514 at 2019-09-04T12:09:11.006 
    2019-09-04T12:09:12.36 , Tour : 515, BEST: 1532 , bonus = 0.0 
** Tour n. 515 at 2019-09-04T12:09:12.36 
** Tour n. 516 at 2019-09-04T12:09:14.113 
** Tour n. 517 at 2019-09-04T12:09:15.475 
** Tour n. 518 at 2019-09-04T12:09:16.792 
** Tour n. 519 at 2019-09-04T12:09:18.487 
    2019-09-04T12:09:19.846 , Tour : 520, BEST: 1532 , bonus = 0.0 
fitness : 1532 
 code : >>+,<>--<,[>]<->++<-[+>],<.,+.+,,,+[[[++]+->[-++-<.-].[+..+->]+],,>,-> 
 15 - 2 ->  3 
 0 - 0 ->  255 
 13 - 2 ->  3 
** Tour n. 520 at 2019-09-04T12:09:19.846 
** Tour n. 521 at 2019-09-04T12:09:21.084 
** Tour n. 522 at 2019-09-04T12:09:22.61 
** Tour n. 523 at 2019-09-04T12:09:23.944 
** Tour n. 524 at 2019-09-04T12:09:25.912 
    2019-09-04T12:09:27.323 , Tour : 525, BEST: 1532 , bonus = 0.0 
** Tour n. 525 at 2019-09-04T12:09:27.323 
** Tour n. 526 at 2019-09-04T12:09:28.67 
** Tour n. 527 at 2019-09-04T12:09:30.855 
** Tour n. 528 at 2019-09-04T12:09:32.36 
** Tour n. 529 at 2019-09-04T12:09:34.608 
    2019-09-04T12:09:35.969 , Tour : 530, BEST: 1532 , bonus = 0.0 
** Tour n. 530 at 2019-09-04T12:09:35.969 
** Tour n. 531 at 2019-09-04T12:09:38.094 
** Tour n. 532 at 2019-09-04T12:09:39.496 
** Tour n. 533 at 2019-09-04T12:09:40.879 
** Tour n. 534 at 2019-09-04T12:09:42.782 
    2019-09-04T12:09:44.225 , Tour : 535, BEST: 1532 , bonus = 0.0 
** Tour n. 535 at 2019-09-04T12:09:44.225 
** Tour n. 536 at 2019-09-04T12:09:45.54 
** Tour n. 537 at 2019-09-04T12:09:47.258 
** Tour n. 538 at 2019-09-04T12:09:48.71 
** Tour n. 539 at 2019-09-04T12:09:50.09 
    2019-09-04T12:09:51.436 , Tour : 540, BEST: 1532 , bonus = 0.0 
** Tour n. 540 at 2019-09-04T12:09:51.436 
** Tour n. 541 at 2019-09-04T12:09:52.791 
** Tour n. 542 at 2019-09-04T12:09:54.284 
** Tour n. 543 at 2019-09-04T12:09:55.768 
** Tour n. 544 at 2019-09-04T12:09:57.17 
    2019-09-04T12:09:58.782 , Tour : 545, BEST: 1532 , bonus = 0.0 
** Tour n. 545 at 2019-09-04T12:09:58.782 
** Tour n. 546 at 2019-09-04T12:10:00.165 
** Tour n. 547 at 2019-09-04T12:10:01.622 
** Tour n. 548 at 2019-09-04T12:10:02.913 
** Tour n. 549 at 2019-09-04T12:10:04.58 
    2019-09-04T12:10:06.088 , Tour : 550, BEST: 1532 , bonus = 0.0 
** Tour n. 550 at 2019-09-04T12:10:06.088 
** Tour n. 551 at 2019-09-04T12:10:07.979 
** Tour n. 552 at 2019-09-04T12:10:09.421 
** Tour n. 553 at 2019-09-04T12:10:10.735 
** Tour n. 554 at 2019-09-04T12:10:12.488 
    2019-09-04T12:10:13.938 , Tour : 555, BEST: 1532 , bonus = 0.0 
** Tour n. 555 at 2019-09-04T12:10:13.938 
** Tour n. 556 at 2019-09-04T12:10:15.37 
** Tour n. 557 at 2019-09-04T12:10:16.84 
** Tour n. 558 at 2019-09-04T12:10:18.604 
** Tour n. 559 at 2019-09-04T12:10:20.297 
    2019-09-04T12:10:21.537 , Tour : 560, BEST: 1532 , bonus = 0.0 
fitness : 1532 
 code : >>+,<>--<,[>]<->++<-[+>],<.,+.+,,,+[[[++]+->[-++-<.-].[+..+->]+],,>,-> 
 0 - 0 ->  255 
 4 - 2 ->  2 
 13 - 7 ->  3 
** Tour n. 560 at 2019-09-04T12:10:21.537 
** Tour n. 561 at 2019-09-04T12:10:23.219 
** Tour n. 562 at 2019-09-04T12:10:24.566 
** Tour n. 563 at 2019-09-04T12:10:25.898 
** Tour n. 564 at 2019-09-04T12:10:27.463 
    2019-09-04T12:10:28.944 , Tour : 565, BEST: 1532 , bonus = 0.0 
** Tour n. 565 at 2019-09-04T12:10:28.944 
** Tour n. 566 at 2019-09-04T12:10:30.452 
** Tour n. 567 at 2019-09-04T12:10:32.191 
** Tour n. 568 at 2019-09-04T12:10:33.58 
** Tour n. 569 at 2019-09-04T12:10:35.138 
    2019-09-04T12:10:36.511 , Tour : 570, BEST: 1532 , bonus = 0.0 
** Tour n. 570 at 2019-09-04T12:10:36.511 
** Tour n. 571 at 2019-09-04T12:10:38.251 
** Tour n. 572 at 2019-09-04T12:10:39.931 
** Tour n. 573 at 2019-09-04T12:10:41.509 
** Tour n. 574 at 2019-09-04T12:10:42.885 
    2019-09-04T12:10:44.523 , Tour : 575, BEST: 1532 , bonus = 0.0 
** Tour n. 575 at 2019-09-04T12:10:44.523 
** Tour n. 576 at 2019-09-04T12:10:45.854 
** Tour n. 577 at 2019-09-04T12:10:47.194 
** Tour n. 578 at 2019-09-04T12:10:48.557 
** Tour n. 579 at 2019-09-04T12:10:49.798 
    2019-09-04T12:10:51.12 , Tour : 580, BEST: 1532 , bonus = 0.0 
** Tour n. 580 at 2019-09-04T12:10:51.12 
** Tour n. 581 at 2019-09-04T12:10:52.836 
** Tour n. 582 at 2019-09-04T12:10:54.26 
** Tour n. 583 at 2019-09-04T12:10:55.872 
** Tour n. 584 at 2019-09-04T12:10:57.622 
    2019-09-04T12:10:58.953 , Tour : 585, BEST: 1532 , bonus = 0.0 
** Tour n. 585 at 2019-09-04T12:10:58.953 
** Tour n. 586 at 2019-09-04T12:11:00.255 
** Tour n. 587 at 2019-09-04T12:11:02.403 
** Tour n. 588 at 2019-09-04T12:11:04.366 
** Tour n. 589 at 2019-09-04T12:11:05.86 
    2019-09-04T12:11:07.173 , Tour : 590, BEST: 1532 , bonus = 0.0 
** Tour n. 590 at 2019-09-04T12:11:07.173 
** Tour n. 591 at 2019-09-04T12:11:08.628 
** Tour n. 592 at 2019-09-04T12:11:10.091 
** Tour n. 593 at 2019-09-04T12:11:11.88 
** Tour n. 594 at 2019-09-04T12:11:13.096 
    2019-09-04T12:11:15.089 , Tour : 595, BEST: 1532 , bonus = 0.0 
** Tour n. 595 at 2019-09-04T12:11:15.089 
** Tour n. 596 at 2019-09-04T12:11:16.343 
** Tour n. 597 at 2019-09-04T12:11:17.935 
    2019-09-04T12:11:20.826 , Iteration : 5, BEST: 1533 , bonus = 0.0 
** Tour n. 598 at 2019-09-04T12:11:21.357 
** Tour n. 599 at 2019-09-04T12:11:22.803 
    2019-09-04T12:11:24.689 , Tour : 600, BEST: 1533 , bonus = 0.0 
fitness : 1533 
 code : >>+,<>--<,[>]<->+<-[++>],<.,+.+,,,+[[[++]+->[-++-<.-].<[+..+->]+],,>,] 
 13 - 1 ->  3 
 4 - 3 ->  3 
 1 - 1 ->  3 
** Tour n. 600 at 2019-09-04T12:11:24.689 
** Tour n. 601 at 2019-09-04T12:11:26.754 
** Tour n. 602 at 2019-09-04T12:11:28.517 
** Tour n. 603 at 2019-09-04T12:11:30.303 
** Tour n. 604 at 2019-09-04T12:11:31.781 
    2019-09-04T12:11:33.329 , Tour : 605, BEST: 1533 , bonus = 0.0 
** Tour n. 605 at 2019-09-04T12:11:33.329 
** Tour n. 606 at 2019-09-04T12:11:35.02 
** Tour n. 607 at 2019-09-04T12:11:36.926 
** Tour n. 608 at 2019-09-04T12:11:38.494 
** Tour n. 609 at 2019-09-04T12:11:40.181 
    2019-09-04T12:11:41.711 , Tour : 610, BEST: 1533 , bonus = 0.0 
** Tour n. 610 at 2019-09-04T12:11:41.711 
** Tour n. 611 at 2019-09-04T12:11:43.25 
** Tour n. 612 at 2019-09-04T12:11:45.178 
** Tour n. 613 at 2019-09-04T12:11:47.021 
** Tour n. 614 at 2019-09-04T12:11:48.727 
    2019-09-04T12:11:50.607 , Tour : 615, BEST: 1533 , bonus = 0.0 
** Tour n. 615 at 2019-09-04T12:11:50.607 
** Tour n. 616 at 2019-09-04T12:11:52.356 
** Tour n. 617 at 2019-09-04T12:11:53.876 
** Tour n. 618 at 2019-09-04T12:11:55.843 
** Tour n. 619 at 2019-09-04T12:11:58.069 
    2019-09-04T12:11:59.733 , Tour : 620, BEST: 1533 , bonus = 0.0 
** Tour n. 620 at 2019-09-04T12:11:59.733 
** Tour n. 621 at 2019-09-04T12:12:01.257 
** Tour n. 622 at 2019-09-04T12:12:02.813 
** Tour n. 623 at 2019-09-04T12:12:04.58 
** Tour n. 624 at 2019-09-04T12:12:06.164 
    2019-09-04T12:12:07.964 , Tour : 625, BEST: 1533 , bonus = 0.0 
** Tour n. 625 at 2019-09-04T12:12:07.964 
** Tour n. 626 at 2019-09-04T12:12:09.543 
** Tour n. 627 at 2019-09-04T12:12:11.201 
** Tour n. 628 at 2019-09-04T12:12:13.306 
** Tour n. 629 at 2019-09-04T12:12:14.914 
    2019-09-04T12:12:16.545 , Tour : 630, BEST: 1533 , bonus = 0.0 
** Tour n. 630 at 2019-09-04T12:12:16.545 
** Tour n. 631 at 2019-09-04T12:12:17.996 
** Tour n. 632 at 2019-09-04T12:12:19.766 
** Tour n. 633 at 2019-09-04T12:12:21.427 
** Tour n. 634 at 2019-09-04T12:12:23.019 
    2019-09-04T12:12:24.544 , Tour : 635, BEST: 1533 , bonus = 0.0 
** Tour n. 635 at 2019-09-04T12:12:24.544 
** Tour n. 636 at 2019-09-04T12:12:26.446 
** Tour n. 637 at 2019-09-04T12:12:28.347 
** Tour n. 638 at 2019-09-04T12:12:30.296 
** Tour n. 639 at 2019-09-04T12:12:31.967 
    2019-09-04T12:12:33.375 , Tour : 640, BEST: 1533 , bonus = 0.0 
fitness : 1533 
 code : >>+,<>--<,[>]<->+<-[++>],<.,+.+,,,+[[[++]+->[-++-<.-].<[+..+->]+],,>,]+[]>>->--+ 
 1 - 0 ->  1 
 11 - 6 ->  3 
 3 - 1 ->  3 
** Tour n. 640 at 2019-09-04T12:12:33.375 
** Tour n. 641 at 2019-09-04T12:12:35.5 
** Tour n. 642 at 2019-09-04T12:12:37.137 
** Tour n. 643 at 2019-09-04T12:12:38.967 
** Tour n. 644 at 2019-09-04T12:12:40.607 
    2019-09-04T12:12:42.816 , Tour : 645, BEST: 1533 , bonus = 0.0 
** Tour n. 645 at 2019-09-04T12:12:42.816 
** Tour n. 646 at 2019-09-04T12:12:44.581 
** Tour n. 647 at 2019-09-04T12:12:46.277 
** Tour n. 648 at 2019-09-04T12:12:48.242 
** Tour n. 649 at 2019-09-04T12:12:49.853 
    2019-09-04T12:12:51.657 , Tour : 650, BEST: 1533 , bonus = 0.0 
** Tour n. 650 at 2019-09-04T12:12:51.657 
** Tour n. 651 at 2019-09-04T12:12:53.414 
** Tour n. 652 at 2019-09-04T12:12:55.169 
** Tour n. 653 at 2019-09-04T12:12:57.098 
** Tour n. 654 at 2019-09-04T12:12:58.711 
    2019-09-04T12:13:00.414 , Tour : 655, BEST: 1533 , bonus = 0.0 
** Tour n. 655 at 2019-09-04T12:13:00.414 
** Tour n. 656 at 2019-09-04T12:13:02.009 
** Tour n. 657 at 2019-09-04T12:13:03.466 
** Tour n. 658 at 2019-09-04T12:13:05.047 
** Tour n. 659 at 2019-09-04T12:13:06.603 
    2019-09-04T12:13:08.391 , Tour : 660, BEST: 1533 , bonus = 0.0 
** Tour n. 660 at 2019-09-04T12:13:08.391 
** Tour n. 661 at 2019-09-04T12:13:09.87 
** Tour n. 662 at 2019-09-04T12:13:11.346 
** Tour n. 663 at 2019-09-04T12:13:13.202 
** Tour n. 664 at 2019-09-04T12:13:15.074 
    2019-09-04T12:13:16.543 , Tour : 665, BEST: 1533 , bonus = 0.0 
** Tour n. 665 at 2019-09-04T12:13:16.543 
** Tour n. 666 at 2019-09-04T12:13:18.4 
** Tour n. 667 at 2019-09-04T12:13:20.029 
** Tour n. 668 at 2019-09-04T12:13:21.725 
** Tour n. 669 at 2019-09-04T12:13:23.248 
    2019-09-04T12:13:24.73 , Tour : 670, BEST: 1533 , bonus = 0.0 
** Tour n. 670 at 2019-09-04T12:13:24.73 
** Tour n. 671 at 2019-09-04T12:13:26.392 
** Tour n. 672 at 2019-09-04T12:13:27.974 
** Tour n. 673 at 2019-09-04T12:13:29.507 
** Tour n. 674 at 2019-09-04T12:13:31.006 
    2019-09-04T12:13:32.608 , Tour : 675, BEST: 1533 , bonus = 0.0 
** Tour n. 675 at 2019-09-04T12:13:32.608 
** Tour n. 676 at 2019-09-04T12:13:34.35 
** Tour n. 677 at 2019-09-04T12:13:36.017 
** Tour n. 678 at 2019-09-04T12:13:38.338 
** Tour n. 679 at 2019-09-04T12:13:40.124 
    2019-09-04T12:13:41.697 , Tour : 680, BEST: 1533 , bonus = 0.0 
fitness : 1533 
 code : >>+,<>--<,[>]<->+<-[++>],<.,+.+,,,+[[[++]+->[-++-<.-].<[+..+->]+],,>,]+[]>>->--+ 
 0 - 0 ->  0 
 7 - 4 ->  3 
 6 - 0 ->  6 
** Tour n. 680 at 2019-09-04T12:13:41.697 
** Tour n. 681 at 2019-09-04T12:13:43.436 
** Tour n. 682 at 2019-09-04T12:13:45.179 
** Tour n. 683 at 2019-09-04T12:13:46.817 
** Tour n. 684 at 2019-09-04T12:13:48.799 
    2019-09-04T12:13:50.337 , Tour : 685, BEST: 1533 , bonus = 0.0 
** Tour n. 685 at 2019-09-04T12:13:50.337 
** Tour n. 686 at 2019-09-04T12:13:52.107 
** Tour n. 687 at 2019-09-04T12:13:53.802 
** Tour n. 688 at 2019-09-04T12:13:55.357 
** Tour n. 689 at 2019-09-04T12:13:57.146 
    2019-09-04T12:13:58.78 , Tour : 690, BEST: 1533 , bonus = 0.0 
** Tour n. 690 at 2019-09-04T12:13:58.78 
** Tour n. 691 at 2019-09-04T12:14:00.394 
** Tour n. 692 at 2019-09-04T12:14:02.041 
** Tour n. 693 at 2019-09-04T12:14:03.499 
** Tour n. 694 at 2019-09-04T12:14:05.041 
    2019-09-04T12:14:06.824 , Tour : 695, BEST: 1533 , bonus = 0.0 
** Tour n. 695 at 2019-09-04T12:14:06.824 
** Tour n. 696 at 2019-09-04T12:14:08.552 
** Tour n. 697 at 2019-09-04T12:14:10.048 
** Tour n. 698 at 2019-09-04T12:14:11.657 
** Tour n. 699 at 2019-09-04T12:14:13.516 
    2019-09-04T12:14:15.037 , Tour : 700, BEST: 1533 , bonus = 0.0 
** Tour n. 700 at 2019-09-04T12:14:15.037 
** Tour n. 701 at 2019-09-04T12:14:16.71 
** Tour n. 702 at 2019-09-04T12:14:18.317 
** Tour n. 703 at 2019-09-04T12:14:19.882 
** Tour n. 704 at 2019-09-04T12:14:21.472 
    2019-09-04T12:14:23.088 , Tour : 705, BEST: 1533 , bonus = 0.0 
** Tour n. 705 at 2019-09-04T12:14:23.088 
** Tour n. 706 at 2019-09-04T12:14:25.384 
** Tour n. 707 at 2019-09-04T12:14:26.945 
** Tour n. 708 at 2019-09-04T12:14:28.842 
** Tour n. 709 at 2019-09-04T12:14:31.116 
    2019-09-04T12:14:33.093 , Tour : 710, BEST: 1533 , bonus = 0.0 
** Tour n. 710 at 2019-09-04T12:14:33.093 
** Tour n. 711 at 2019-09-04T12:14:35.064 
** Tour n. 712 at 2019-09-04T12:14:36.69 
** Tour n. 713 at 2019-09-04T12:14:38.522 
** Tour n. 714 at 2019-09-04T12:14:40.333 
    2019-09-04T12:14:41.921 , Tour : 715, BEST: 1533 , bonus = 0.0 
** Tour n. 715 at 2019-09-04T12:14:41.921 
** Tour n. 716 at 2019-09-04T12:14:43.503 
** Tour n. 717 at 2019-09-04T12:14:45.059 
** Tour n. 718 at 2019-09-04T12:14:46.658 
** Tour n. 719 at 2019-09-04T12:14:48.151 
    2019-09-04T12:14:49.667 , Tour : 720, BEST: 1533 , bonus = 0.0 
fitness : 1533 
 code : >>+,<>--<,[>]<->+<-[++>],<.,+.+,,,+[[[++]+->[-++-<.-].<[+..+->]+],,>,]+[]>>->--+ 
 4 - 4 ->  4 
 11 - 5 ->  3 
 1 - 1 ->  3 
** Tour n. 720 at 2019-09-04T12:14:49.667 
** Tour n. 721 at 2019-09-04T12:14:51.484 
** Tour n. 722 at 2019-09-04T12:14:53.39 
** Tour n. 723 at 2019-09-04T12:14:54.85 
** Tour n. 724 at 2019-09-04T12:14:56.272 
    2019-09-04T12:14:58.197 , Tour : 725, BEST: 1533 , bonus = 0.0 
** Tour n. 725 at 2019-09-04T12:14:58.197 
** Tour n. 726 at 2019-09-04T12:14:59.539 
** Tour n. 727 at 2019-09-04T12:15:01.18 
** Tour n. 728 at 2019-09-04T12:15:03.011 
** Tour n. 729 at 2019-09-04T12:15:04.667 
    2019-09-04T12:15:06.334 , Tour : 730, BEST: 1533 , bonus = 0.0 
** Tour n. 730 at 2019-09-04T12:15:06.334 
** Tour n. 731 at 2019-09-04T12:15:08.451 
** Tour n. 732 at 2019-09-04T12:15:10.019 
** Tour n. 733 at 2019-09-04T12:15:11.615 
** Tour n. 734 at 2019-09-04T12:15:13.497 
    2019-09-04T12:15:15.795 , Tour : 735, BEST: 1533 , bonus = 0.0 
** Tour n. 735 at 2019-09-04T12:15:15.795 
** Tour n. 736 at 2019-09-04T12:15:17.617 
** Tour n. 737 at 2019-09-04T12:15:19.113 
** Tour n. 738 at 2019-09-04T12:15:20.773 
** Tour n. 739 at 2019-09-04T12:15:22.33 
    2019-09-04T12:15:23.757 , Tour : 740, BEST: 1533 , bonus = 0.0 
** Tour n. 740 at 2019-09-04T12:15:23.757 
** Tour n. 741 at 2019-09-04T12:15:25.186 
** Tour n. 742 at 2019-09-04T12:15:26.728 
** Tour n. 743 at 2019-09-04T12:15:28.288 
** Tour n. 744 at 2019-09-04T12:15:29.98 
    2019-09-04T12:15:31.623 , Tour : 745, BEST: 1533 , bonus = 0.0 
** Tour n. 745 at 2019-09-04T12:15:31.623 
** Tour n. 746 at 2019-09-04T12:15:33.713 
** Tour n. 747 at 2019-09-04T12:15:35.454 
** Tour n. 748 at 2019-09-04T12:15:36.974 
** Tour n. 749 at 2019-09-04T12:15:38.562 
    2019-09-04T12:15:40.728 , Tour : 750, BEST: 1533 , bonus = 0.0 
** Tour n. 750 at 2019-09-04T12:15:40.728 
** Tour n. 751 at 2019-09-04T12:15:42.179 
** Tour n. 752 at 2019-09-04T12:15:43.808 
** Tour n. 753 at 2019-09-04T12:15:45.645 
** Tour n. 754 at 2019-09-04T12:15:47.327 
    2019-09-04T12:15:48.842 , Tour : 755, BEST: 1533 , bonus = 0.0 
** Tour n. 755 at 2019-09-04T12:15:48.842 
** Tour n. 756 at 2019-09-04T12:15:50.301 
** Tour n. 757 at 2019-09-04T12:15:52.25 
** Tour n. 758 at 2019-09-04T12:15:53.906 
** Tour n. 759 at 2019-09-04T12:15:55.429 
    2019-09-04T12:15:56.969 , Tour : 760, BEST: 1533 , bonus = 0.0 
fitness : 1533 
 code : >>+,<>--<,[>]<->+<-[++>],<.,+.+,,,+[[[++]+->[-++-<.-].<[+..+->]+],,>,]+[]>>->--+ 
 15 - 1 ->  3 
 10 - 9 ->  3 
 6 - 4 ->  3 
** Tour n. 760 at 2019-09-04T12:15:56.969 
** Tour n. 761 at 2019-09-04T12:15:59.12 
** Tour n. 762 at 2019-09-04T12:16:00.702 
** Tour n. 763 at 2019-09-04T12:16:02.426 
** Tour n. 764 at 2019-09-04T12:16:03.83 
    2019-09-04T12:16:05.494 , Tour : 765, BEST: 1533 , bonus = 0.0 
** Tour n. 765 at 2019-09-04T12:16:05.494 
** Tour n. 766 at 2019-09-04T12:16:07.24 
** Tour n. 767 at 2019-09-04T12:16:08.934 
** Tour n. 768 at 2019-09-04T12:16:11.013 
** Tour n. 769 at 2019-09-04T12:16:12.597 
    2019-09-04T12:16:14.242 , Tour : 770, BEST: 1533 , bonus = 0.0 
** Tour n. 770 at 2019-09-04T12:16:14.242 
** Tour n. 771 at 2019-09-04T12:16:15.94 
** Tour n. 772 at 2019-09-04T12:16:17.418 
** Tour n. 773 at 2019-09-04T12:16:19.052 
** Tour n. 774 at 2019-09-04T12:16:20.933 
    2019-09-04T12:16:22.573 , Tour : 775, BEST: 1533 , bonus = 0.0 
** Tour n. 775 at 2019-09-04T12:16:22.573 
** Tour n. 776 at 2019-09-04T12:16:24.306 
** Tour n. 777 at 2019-09-04T12:16:26.28 
** Tour n. 778 at 2019-09-04T12:16:27.954 
** Tour n. 779 at 2019-09-04T12:16:29.435 
    2019-09-04T12:16:31.327 , Tour : 780, BEST: 1533 , bonus = 0.0 
** Tour n. 780 at 2019-09-04T12:16:31.327 
** Tour n. 781 at 2019-09-04T12:16:32.847 
** Tour n. 782 at 2019-09-04T12:16:34.468 
** Tour n. 783 at 2019-09-04T12:16:36.171 
** Tour n. 784 at 2019-09-04T12:16:37.62 
    2019-09-04T12:16:39.274 , Tour : 785, BEST: 1533 , bonus = 0.0 
** Tour n. 785 at 2019-09-04T12:16:39.274 
** Tour n. 786 at 2019-09-04T12:16:40.967 
** Tour n. 787 at 2019-09-04T12:16:42.595 
** Tour n. 788 at 2019-09-04T12:16:44.384 
** Tour n. 789 at 2019-09-04T12:16:46.129 
    2019-09-04T12:16:47.79 , Tour : 790, BEST: 1533 , bonus = 0.0 
** Tour n. 790 at 2019-09-04T12:16:47.79 
** Tour n. 791 at 2019-09-04T12:16:49.426 
** Tour n. 792 at 2019-09-04T12:16:50.901 
** Tour n. 793 at 2019-09-04T12:16:52.512 
** Tour n. 794 at 2019-09-04T12:16:54.275 
    2019-09-04T12:16:55.94 , Tour : 795, BEST: 1533 , bonus = 0.0 
** Tour n. 795 at 2019-09-04T12:16:55.94 
** Tour n. 796 at 2019-09-04T12:16:57.823 
** Tour n. 797 at 2019-09-04T12:16:59.458 
** Tour n. 798 at 2019-09-04T12:17:01.48 
** Tour n. 799 at 2019-09-04T12:17:02.963 
    2019-09-04T12:17:04.511 , Tour : 800, BEST: 1533 , bonus = 0.0 
fitness : 1533 
 code : >>+,<>--<,[>]<->+<-[++>],<.,+.+,,,+[[[++]+->[-++-<.-].<[+..+->]+],,>,]+[]>>->--+ 
 3 - 3 ->  3 
 13 - 11 ->  3 
 9 - 5 ->  3 
** Tour n. 800 at 2019-09-04T12:17:04.511 
** Tour n. 801 at 2019-09-04T12:17:06.081 
** Tour n. 802 at 2019-09-04T12:17:07.93 
** Tour n. 803 at 2019-09-04T12:17:09.569 
** Tour n. 804 at 2019-09-04T12:17:11.324 
    2019-09-04T12:17:13.44 , Tour : 805, BEST: 1533 , bonus = 0.0 
** Tour n. 805 at 2019-09-04T12:17:13.44 
** Tour n. 806 at 2019-09-04T12:17:15.266 
** Tour n. 807 at 2019-09-04T12:17:16.987 
** Tour n. 808 at 2019-09-04T12:17:19.206 
** Tour n. 809 at 2019-09-04T12:17:21.038 
    2019-09-04T12:17:22.769 , Tour : 810, BEST: 1533 , bonus = 0.0 
** Tour n. 810 at 2019-09-04T12:17:22.769 
** Tour n. 811 at 2019-09-04T12:17:24.892 
** Tour n. 812 at 2019-09-04T12:17:27.253 
** Tour n. 813 at 2019-09-04T12:17:28.818 
** Tour n. 814 at 2019-09-04T12:17:30.534 
    2019-09-04T12:17:32.38 , Tour : 815, BEST: 1533 , bonus = 0.0 
** Tour n. 815 at 2019-09-04T12:17:32.38 
** Tour n. 816 at 2019-09-04T12:17:34.215 
** Tour n. 817 at 2019-09-04T12:17:35.854 
** Tour n. 818 at 2019-09-04T12:17:37.692 
** Tour n. 819 at 2019-09-04T12:17:39.935 
    2019-09-04T12:17:41.434 , Tour : 820, BEST: 1533 , bonus = 0.0 
** Tour n. 820 at 2019-09-04T12:17:41.434 
** Tour n. 821 at 2019-09-04T12:17:43.086 
** Tour n. 822 at 2019-09-04T12:17:45.282 
** Tour n. 823 at 2019-09-04T12:17:47.296 
** Tour n. 824 at 2019-09-04T12:17:49.039 
    2019-09-04T12:17:50.828 , Tour : 825, BEST: 1533 , bonus = 0.0 
** Tour n. 825 at 2019-09-04T12:17:50.828 
** Tour n. 826 at 2019-09-04T12:17:52.532 
** Tour n. 827 at 2019-09-04T12:17:54.08 
** Tour n. 828 at 2019-09-04T12:17:56.231 
** Tour n. 829 at 2019-09-04T12:17:57.971 
    2019-09-04T12:17:59.772 , Tour : 830, BEST: 1533 , bonus = 0.0 
** Tour n. 830 at 2019-09-04T12:17:59.772 
** Tour n. 831 at 2019-09-04T12:18:01.383 
** Tour n. 832 at 2019-09-04T12:18:03.554 
** Tour n. 833 at 2019-09-04T12:18:05.383 
** Tour n. 834 at 2019-09-04T12:18:07.21 
    2019-09-04T12:18:08.805 , Tour : 835, BEST: 1533 , bonus = 0.0 
** Tour n. 835 at 2019-09-04T12:18:08.805 
** Tour n. 836 at 2019-09-04T12:18:10.661 
** Tour n. 837 at 2019-09-04T12:18:12.517 
** Tour n. 838 at 2019-09-04T12:18:14.311 
** Tour n. 839 at 2019-09-04T12:18:16.048 
    2019-09-04T12:18:18.046 , Tour : 840, BEST: 1533 , bonus = 0.0 
fitness : 1533 
 code : >>+,<>--<,[>]<->+<-[++>],<.,+.+,,,+[[[++]+->[-++-<.-].<[+..+->]+],,>,]+[]>>->--++<<,.-].-[ 
 1 - 1 ->  3 
 5 - 2 ->  3 
 14 - 13 ->  3 
** Tour n. 840 at 2019-09-04T12:18:18.046 
** Tour n. 841 at 2019-09-04T12:18:20.088 
** Tour n. 842 at 2019-09-04T12:18:22.227 
** Tour n. 843 at 2019-09-04T12:18:23.914 
** Tour n. 844 at 2019-09-04T12:18:25.995 
    2019-09-04T12:18:27.925 , Tour : 845, BEST: 1533 , bonus = 0.0 
** Tour n. 845 at 2019-09-04T12:18:27.925 
** Tour n. 846 at 2019-09-04T12:18:30.092 
** Tour n. 847 at 2019-09-04T12:18:32.067 
** Tour n. 848 at 2019-09-04T12:18:33.882 
** Tour n. 849 at 2019-09-04T12:18:36.031 
    2019-09-04T12:18:37.697 , Tour : 850, BEST: 1533 , bonus = 0.0 
** Tour n. 850 at 2019-09-04T12:18:37.697 
** Tour n. 851 at 2019-09-04T12:18:39.633 
** Tour n. 852 at 2019-09-04T12:18:41.232 
** Tour n. 853 at 2019-09-04T12:18:43.085 
** Tour n. 854 at 2019-09-04T12:18:44.835 
    2019-09-04T12:18:46.67 , Tour : 855, BEST: 1533 , bonus = 0.0 
** Tour n. 855 at 2019-09-04T12:18:46.67 
** Tour n. 856 at 2019-09-04T12:18:48.37 
** Tour n. 857 at 2019-09-04T12:18:50.054 
** Tour n. 858 at 2019-09-04T12:18:51.806 
** Tour n. 859 at 2019-09-04T12:18:53.957 
    2019-09-04T12:18:55.521 , Tour : 860, BEST: 1533 , bonus = 0.0 
** Tour n. 860 at 2019-09-04T12:18:55.521 
** Tour n. 861 at 2019-09-04T12:18:57.264 
** Tour n. 862 at 2019-09-04T12:18:59.242 
** Tour n. 863 at 2019-09-04T12:19:00.95 
** Tour n. 864 at 2019-09-04T12:19:02.56 
    2019-09-04T12:19:04.176 , Tour : 865, BEST: 1533 , bonus = 0.0 
** Tour n. 865 at 2019-09-04T12:19:04.176 
** Tour n. 866 at 2019-09-04T12:19:05.759 
** Tour n. 867 at 2019-09-04T12:19:07.422 
** Tour n. 868 at 2019-09-04T12:19:09.026 
** Tour n. 869 at 2019-09-04T12:19:10.618 
    2019-09-04T12:19:12.565 , Tour : 870, BEST: 1533 , bonus = 0.0 
** Tour n. 870 at 2019-09-04T12:19:12.565 
** Tour n. 871 at 2019-09-04T12:19:14.34 
** Tour n. 872 at 2019-09-04T12:19:16.009 
** Tour n. 873 at 2019-09-04T12:19:18.141 
** Tour n. 874 at 2019-09-04T12:19:20.16 
    2019-09-04T12:19:21.749 , Tour : 875, BEST: 1533 , bonus = 0.0 
** Tour n. 875 at 2019-09-04T12:19:21.749 
** Tour n. 876 at 2019-09-04T12:19:23.796 
** Tour n. 877 at 2019-09-04T12:19:25.472 
** Tour n. 878 at 2019-09-04T12:19:27.403 
** Tour n. 879 at 2019-09-04T12:19:29.834 
    2019-09-04T12:19:31.534 , Tour : 880, BEST: 1533 , bonus = 0.0 
fitness : 1533 
 code : >>+,<>--<,[>]<->+<-[++>],<.,+.+,,,+[[[++]+->[-++-<.-].<[+..+->]+],,>,]+[]>>->--++<<,.-].-[ 
 1 - 1 ->  3 
 12 - 1 ->  3 
 2 - 0 ->  3 
** Tour n. 880 at 2019-09-04T12:19:31.534 
** Tour n. 881 at 2019-09-04T12:19:33.329 
** Tour n. 882 at 2019-09-04T12:19:35.297 
** Tour n. 883 at 2019-09-04T12:19:37.088 
** Tour n. 884 at 2019-09-04T12:19:38.842 
    2019-09-04T12:19:40.371 , Tour : 885, BEST: 1533 , bonus = 0.0 
** Tour n. 885 at 2019-09-04T12:19:40.371 
** Tour n. 886 at 2019-09-04T12:19:42.711 
** Tour n. 887 at 2019-09-04T12:19:44.35 
** Tour n. 888 at 2019-09-04T12:19:46.003 
** Tour n. 889 at 2019-09-04T12:19:48.246 
    2019-09-04T12:19:50.183 , Tour : 890, BEST: 1533 , bonus = 0.0 
** Tour n. 890 at 2019-09-04T12:19:50.183 
** Tour n. 891 at 2019-09-04T12:19:52.411 
** Tour n. 892 at 2019-09-04T12:19:54.227 
** Tour n. 893 at 2019-09-04T12:19:55.807 
** Tour n. 894 at 2019-09-04T12:19:57.573 
    2019-09-04T12:19:59.282 , Tour : 895, BEST: 1533 , bonus = 0.0 
** Tour n. 895 at 2019-09-04T12:19:59.282 
** Tour n. 896 at 2019-09-04T12:20:00.966 
** Tour n. 897 at 2019-09-04T12:20:02.655 
** Tour n. 898 at 2019-09-04T12:20:04.721 
** Tour n. 899 at 2019-09-04T12:20:06.617 
    2019-09-04T12:20:08.725 , Tour : 900, BEST: 1533 , bonus = 0.0 
** Tour n. 900 at 2019-09-04T12:20:08.725 
** Tour n. 901 at 2019-09-04T12:20:10.587 
** Tour n. 902 at 2019-09-04T12:20:12.35 
** Tour n. 903 at 2019-09-04T12:20:14.057 
** Tour n. 904 at 2019-09-04T12:20:15.584 
    2019-09-04T12:20:17.481 , Tour : 905, BEST: 1533 , bonus = 0.0 
** Tour n. 905 at 2019-09-04T12:20:17.481 
** Tour n. 906 at 2019-09-04T12:20:19.044 
** Tour n. 907 at 2019-09-04T12:20:20.679 
** Tour n. 908 at 2019-09-04T12:20:22.672 
** Tour n. 909 at 2019-09-04T12:20:24.556 
    2019-09-04T12:20:26.441 , Tour : 910, BEST: 1533 , bonus = 0.0 
** Tour n. 910 at 2019-09-04T12:20:26.441 
** Tour n. 911 at 2019-09-04T12:20:28.422 
** Tour n. 912 at 2019-09-04T12:20:30.199 
** Tour n. 913 at 2019-09-04T12:20:31.96 
** Tour n. 914 at 2019-09-04T12:20:33.534 
    2019-09-04T12:20:35.418 , Tour : 915, BEST: 1533 , bonus = 0.0 
** Tour n. 915 at 2019-09-04T12:20:35.418 
** Tour n. 916 at 2019-09-04T12:20:37.199 
** Tour n. 917 at 2019-09-04T12:20:38.78 
** Tour n. 918 at 2019-09-04T12:20:40.432 
** Tour n. 919 at 2019-09-04T12:20:41.971 
    2019-09-04T12:20:43.836 , Tour : 920, BEST: 1533 , bonus = 0.0 
fitness : 1533 
 code : >>+,<>--<,[>]<->+<-[++>],<.,+.+,,,+[[[++]+->[-++-<.-].<[+..+->]+],,>,]+[]>>->--++<<,.-].-[ 
 4 - 2 ->  2 
 6 - 3 ->  3 
 11 - 3 ->  3 
** Tour n. 920 at 2019-09-04T12:20:43.836 
** Tour n. 921 at 2019-09-04T12:20:46.307 
** Tour n. 922 at 2019-09-04T12:20:48.689 
** Tour n. 923 at 2019-09-04T12:20:50.296 
** Tour n. 924 at 2019-09-04T12:20:51.921 
    2019-09-04T12:20:53.946 , Tour : 925, BEST: 1533 , bonus = 0.0 
** Tour n. 925 at 2019-09-04T12:20:53.946 
** Tour n. 926 at 2019-09-04T12:20:55.743 
** Tour n. 927 at 2019-09-04T12:20:57.478 
** Tour n. 928 at 2019-09-04T12:20:59.284 
** Tour n. 929 at 2019-09-04T12:21:00.806 
    2019-09-04T12:21:02.493 , Tour : 930, BEST: 1533 , bonus = 0.0 
** Tour n. 930 at 2019-09-04T12:21:02.493 
** Tour n. 931 at 2019-09-04T12:21:04.345 
** Tour n. 932 at 2019-09-04T12:21:06.336 
** Tour n. 933 at 2019-09-04T12:21:08.047 
** Tour n. 934 at 2019-09-04T12:21:09.678 
    2019-09-04T12:21:11.871 , Tour : 935, BEST: 1533 , bonus = 0.0 
** Tour n. 935 at 2019-09-04T12:21:11.871 
** Tour n. 936 at 2019-09-04T12:21:13.631 
** Tour n. 937 at 2019-09-04T12:21:15.985 
** Tour n. 938 at 2019-09-04T12:21:17.794 
** Tour n. 939 at 2019-09-04T12:21:19.45 
    2019-09-04T12:21:21.136 , Tour : 940, BEST: 1533 , bonus = 0.0 
** Tour n. 940 at 2019-09-04T12:21:21.136 
** Tour n. 941 at 2019-09-04T12:21:23.519 
** Tour n. 942 at 2019-09-04T12:21:25.242 
** Tour n. 943 at 2019-09-04T12:21:27.25 
** Tour n. 944 at 2019-09-04T12:21:29.565 
    2019-09-04T12:21:31.447 , Tour : 945, BEST: 1533 , bonus = 0.0 
** Tour n. 945 at 2019-09-04T12:21:31.447 
** Tour n. 946 at 2019-09-04T12:21:32.997 
** Tour n. 947 at 2019-09-04T12:21:34.833 
** Tour n. 948 at 2019-09-04T12:21:36.423 
** Tour n. 949 at 2019-09-04T12:21:38.211 
    2019-09-04T12:21:40.177 , Tour : 950, BEST: 1533 , bonus = 0.0 
** Tour n. 950 at 2019-09-04T12:21:40.177 
** Tour n. 951 at 2019-09-04T12:21:41.832 
** Tour n. 952 at 2019-09-04T12:21:43.782 
** Tour n. 953 at 2019-09-04T12:21:45.362 
** Tour n. 954 at 2019-09-04T12:21:47.205 
    2019-09-04T12:21:48.86 , Tour : 955, BEST: 1533 , bonus = 0.0 
** Tour n. 955 at 2019-09-04T12:21:48.86 
** Tour n. 956 at 2019-09-04T12:21:50.472 
** Tour n. 957 at 2019-09-04T12:21:52.155 
** Tour n. 958 at 2019-09-04T12:21:53.919 
** Tour n. 959 at 2019-09-04T12:21:55.684 
    2019-09-04T12:21:57.234 , Tour : 960, BEST: 1533 , bonus = 0.0 
fitness : 1533 
 code : >>+,<>--<,[>]<->+<-[++>],<.,+.+,,,+[[[++]+->[-++-<.-].<[+..+->]+],,>,]+[]>>->--++<<,.-].-[ 
 6 - 0 ->  6 
 5 - 4 ->  3 
 8 - 0 ->  8 
** Tour n. 960 at 2019-09-04T12:21:57.234 
** Tour n. 961 at 2019-09-04T12:21:58.781 
** Tour n. 962 at 2019-09-04T12:22:00.653 
** Tour n. 963 at 2019-09-04T12:22:02.453 
** Tour n. 964 at 2019-09-04T12:22:04.159 
    2019-09-04T12:22:05.684 , Tour : 965, BEST: 1533 , bonus = 0.0 
** Tour n. 965 at 2019-09-04T12:22:05.684 
** Tour n. 966 at 2019-09-04T12:22:07.467 
** Tour n. 967 at 2019-09-04T12:22:09.408 
** Tour n. 968 at 2019-09-04T12:22:11.231 
** Tour n. 969 at 2019-09-04T12:22:13.095 
    2019-09-04T12:22:14.875 , Tour : 970, BEST: 1533 , bonus = 0.0 
** Tour n. 970 at 2019-09-04T12:22:14.875 
** Tour n. 971 at 2019-09-04T12:22:16.709 
** Tour n. 972 at 2019-09-04T12:22:18.603 
** Tour n. 973 at 2019-09-04T12:22:20.379 
** Tour n. 974 at 2019-09-04T12:22:22.105 
    2019-09-04T12:22:24.064 , Tour : 975, BEST: 1533 , bonus = 0.0 
** Tour n. 975 at 2019-09-04T12:22:24.064 
** Tour n. 976 at 2019-09-04T12:22:25.768 
** Tour n. 977 at 2019-09-04T12:22:27.629 
** Tour n. 978 at 2019-09-04T12:22:29.704 
** Tour n. 979 at 2019-09-04T12:22:31.43 
    2019-09-04T12:22:33.267 , Tour : 980, BEST: 1533 , bonus = 0.0 
** Tour n. 980 at 2019-09-04T12:22:33.267 
** Tour n. 981 at 2019-09-04T12:22:35.046 
** Tour n. 982 at 2019-09-04T12:22:36.94 
** Tour n. 983 at 2019-09-04T12:22:39.018 
** Tour n. 984 at 2019-09-04T12:22:40.624 
    2019-09-04T12:22:42.568 , Tour : 985, BEST: 1533 , bonus = 0.0 
** Tour n. 985 at 2019-09-04T12:22:42.568 
** Tour n. 986 at 2019-09-04T12:22:44.368 
** Tour n. 987 at 2019-09-04T12:22:46.471 
** Tour n. 988 at 2019-09-04T12:22:48.175 
** Tour n. 989 at 2019-09-04T12:22:50.2 
    2019-09-04T12:22:52.178 , Tour : 990, BEST: 1533 , bonus = 0.0 
** Tour n. 990 at 2019-09-04T12:22:52.178 
** Tour n. 991 at 2019-09-04T12:22:54.321 
** Tour n. 992 at 2019-09-04T12:22:56.043 
** Tour n. 993 at 2019-09-04T12:22:57.929 
** Tour n. 994 at 2019-09-04T12:23:00.06 
    2019-09-04T12:23:01.702 , Tour : 995, BEST: 1533 , bonus = 0.0 
** Tour n. 995 at 2019-09-04T12:23:01.702 
** Tour n. 996 at 2019-09-04T12:23:03.289 
** Tour n. 997 at 2019-09-04T12:23:04.887 
** Tour n. 998 at 2019-09-04T12:23:06.454 
** Tour n. 999 at 2019-09-04T12:23:08.133 
    2019-09-04T12:23:10.237 , Tour : 1000, BEST: 1533 , bonus = 0.0 
fitness : 1533 
 code : >>+,<>--<,[>]<->+<-[++>],<.,+.+,,,+[[[++]+->[-++-<.-].<[+..+->]+],,>,]+[]>>->--++<<,.-].-[ 
 0 - 0 ->  0 
 10 - 0 ->  10 
 4 - 0 ->  4 
** Tour n. 1000 at 2019-09-04T12:23:10.237 
** Tour n. 1001 at 2019-09-04T12:23:13.482 
** Tour n. 1002 at 2019-09-04T12:23:16.137 
** Tour n. 1003 at 2019-09-04T12:23:18.058 
** Tour n. 1004 at 2019-09-04T12:23:19.934 
    2019-09-04T12:23:22.118 , Tour : 1005, BEST: 1533 , bonus = 0.0 
** Tour n. 1005 at 2019-09-04T12:23:22.118 
** Tour n. 1006 at 2019-09-04T12:23:23.947 
** Tour n. 1007 at 2019-09-04T12:23:25.958 
** Tour n. 1008 at 2019-09-04T12:23:27.867 
** Tour n. 1009 at 2019-09-04T12:23:30.624 
    2019-09-04T12:23:33.298 , Tour : 1010, BEST: 1533 , bonus = 0.0 
** Tour n. 1010 at 2019-09-04T12:23:33.298 
** Tour n. 1011 at 2019-09-04T12:23:35.99 
** Tour n. 1012 at 2019-09-04T12:23:39.065 
** Tour n. 1013 at 2019-09-04T12:23:41.191 
** Tour n. 1014 at 2019-09-04T12:23:43.249 
    2019-09-04T12:23:45.718 , Tour : 1015, BEST: 1533 , bonus = 0.0 
** Tour n. 1015 at 2019-09-04T12:23:45.718 
** Tour n. 1016 at 2019-09-04T12:23:48.052 
** Tour n. 1017 at 2019-09-04T12:23:50.642 
** Tour n. 1018 at 2019-09-04T12:23:53.254 
** Tour n. 1019 at 2019-09-04T12:23:55.576 
    2019-09-04T12:23:57.585 , Tour : 1020, BEST: 1533 , bonus = 0.0 
** Tour n. 1020 at 2019-09-04T12:23:57.585 
** Tour n. 1021 at 2019-09-04T12:24:00.019 
** Tour n. 1022 at 2019-09-04T12:24:01.739 
** Tour n. 1023 at 2019-09-04T12:24:03.745 
** Tour n. 1024 at 2019-09-04T12:24:05.858 
    2019-09-04T12:24:07.711 , Tour : 1025, BEST: 1533 , bonus = 0.0 
** Tour n. 1025 at 2019-09-04T12:24:07.711 
** Tour n. 1026 at 2019-09-04T12:24:09.561 
** Tour n. 1027 at 2019-09-04T12:24:11.438 
** Tour n. 1028 at 2019-09-04T12:24:13.604 
** Tour n. 1029 at 2019-09-04T12:24:15.309 
    2019-09-04T12:24:18.046 , Tour : 1030, BEST: 1533 , bonus = 0.0 
** Tour n. 1030 at 2019-09-04T12:24:18.046 
** Tour n. 1031 at 2019-09-04T12:24:19.713 
** Tour n. 1032 at 2019-09-04T12:24:22.23 
** Tour n. 1033 at 2019-09-04T12:24:24.018 
** Tour n. 1034 at 2019-09-04T12:24:26.692 
    2019-09-04T12:24:29.035 , Tour : 1035, BEST: 1533 , bonus = 0.0 
** Tour n. 1035 at 2019-09-04T12:24:29.035 
** Tour n. 1036 at 2019-09-04T12:24:31.342 
** Tour n. 1037 at 2019-09-04T12:24:34.08 
** Tour n. 1038 at 2019-09-04T12:24:35.677 
** Tour n. 1039 at 2019-09-04T12:24:38.383 
    2019-09-04T12:24:40.359 , Tour : 1040, BEST: 1533 , bonus = 0.0 
fitness : 1533 
 code : >>+,<>--<,[>]<->+<-[++>],<.,+.+,,,+[[[++]+->[-++-<.-].<[+..+->]+],,>,]+[]>>->--++<<,.-].-[[-+><<.--] 
 5 - 0 ->  5 
 14 - 0 ->  14 
 15 - 10 ->  3 
** Tour n. 1040 at 2019-09-04T12:24:40.359 
** Tour n. 1041 at 2019-09-04T12:24:42.187 
** Tour n. 1042 at 2019-09-04T12:24:44.642 
** Tour n. 1043 at 2019-09-04T12:24:46.751 
** Tour n. 1044 at 2019-09-04T12:24:49.009 
    2019-09-04T12:24:50.972 , Tour : 1045, BEST: 1533 , bonus = 0.0 
** Tour n. 1045 at 2019-09-04T12:24:50.972 
** Tour n. 1046 at 2019-09-04T12:24:53.434 
** Tour n. 1047 at 2019-09-04T12:24:55.192 
** Tour n. 1048 at 2019-09-04T12:24:57.239 
** Tour n. 1049 at 2019-09-04T12:24:59.927 
    2019-09-04T12:25:02.794 , Tour : 1050, BEST: 1533 , bonus = 0.0 
** Tour n. 1050 at 2019-09-04T12:25:02.794 
** Tour n. 1051 at 2019-09-04T12:25:05.638 
** Tour n. 1052 at 2019-09-04T12:25:08.684 
** Tour n. 1053 at 2019-09-04T12:25:10.703 
** Tour n. 1054 at 2019-09-04T12:25:12.704 
    2019-09-04T12:25:15.095 , Tour : 1055, BEST: 1533 , bonus = 0.0 
** Tour n. 1055 at 2019-09-04T12:25:15.095 
** Tour n. 1056 at 2019-09-04T12:25:17.398 
** Tour n. 1057 at 2019-09-04T12:25:19.83 
** Tour n. 1058 at 2019-09-04T12:25:21.629 
** Tour n. 1059 at 2019-09-04T12:25:23.724 
    2019-09-04T12:25:25.848 , Tour : 1060, BEST: 1533 , bonus = 0.0 
** Tour n. 1060 at 2019-09-04T12:25:25.848 
** Tour n. 1061 at 2019-09-04T12:25:27.729 
** Tour n. 1062 at 2019-09-04T12:25:29.575 
** Tour n. 1063 at 2019-09-04T12:25:32.212 
** Tour n. 1064 at 2019-09-04T12:25:34.379 
    2019-09-04T12:25:36.426 , Tour : 1065, BEST: 1533 , bonus = 0.0 
** Tour n. 1065 at 2019-09-04T12:25:36.426 
** Tour n. 1066 at 2019-09-04T12:25:38.915 
** Tour n. 1067 at 2019-09-04T12:25:41.281 
** Tour n. 1068 at 2019-09-04T12:25:43.317 
** Tour n. 1069 at 2019-09-04T12:25:45.599 
    2019-09-04T12:25:47.861 , Tour : 1070, BEST: 1533 , bonus = 0.0 
** Tour n. 1070 at 2019-09-04T12:25:47.861 
** Tour n. 1071 at 2019-09-04T12:25:50.609 
** Tour n. 1072 at 2019-09-04T12:25:52.996 
** Tour n. 1073 at 2019-09-04T12:25:54.915 
** Tour n. 1074 at 2019-09-04T12:25:57.265 
    2019-09-04T12:25:59.003 , Tour : 1075, BEST: 1533 , bonus = 0.0 
** Tour n. 1075 at 2019-09-04T12:25:59.003 
** Tour n. 1076 at 2019-09-04T12:26:01.269 
** Tour n. 1077 at 2019-09-04T12:26:03.674 
** Tour n. 1078 at 2019-09-04T12:26:05.418 
** Tour n. 1079 at 2019-09-04T12:26:07.227 
    2019-09-04T12:26:09.373 , Tour : 1080, BEST: 1533 , bonus = 0.0 
fitness : 1533 
 code : >>+,<>--<,[>]<->+<-[++>],<.,+.+,,,+[[[++]+->[-++-<.-].<[+..+->]+],,>,]+[]>>->--++<<,.-].-[[-+><<.--] 
 15 - 14 ->  3 
 13 - 6 ->  3 
 14 - 10 ->  3 
** Tour n. 1080 at 2019-09-04T12:26:09.373 
** Tour n. 1081 at 2019-09-04T12:26:11.698 
** Tour n. 1082 at 2019-09-04T12:26:13.987 
** Tour n. 1083 at 2019-09-04T12:26:16.001 
** Tour n. 1084 at 2019-09-04T12:26:17.905 
    2019-09-04T12:26:20.087 , Tour : 1085, BEST: 1533 , bonus = 0.0 
** Tour n. 1085 at 2019-09-04T12:26:20.087 
** Tour n. 1086 at 2019-09-04T12:26:22.129 
** Tour n. 1087 at 2019-09-04T12:26:25.508 
** Tour n. 1088 at 2019-09-04T12:26:27.62 
** Tour n. 1089 at 2019-09-04T12:26:29.872 
    2019-09-04T12:26:32.263 , Tour : 1090, BEST: 1533 , bonus = 0.0 
** Tour n. 1090 at 2019-09-04T12:26:32.263 
** Tour n. 1091 at 2019-09-04T12:26:34.9 
** Tour n. 1092 at 2019-09-04T12:26:36.856 
** Tour n. 1093 at 2019-09-04T12:26:39.157 
** Tour n. 1094 at 2019-09-04T12:26:40.976 
    2019-09-04T12:26:43.408 , Tour : 1095, BEST: 1533 , bonus = 0.0 
** Tour n. 1095 at 2019-09-04T12:26:43.408 
** Tour n. 1096 at 2019-09-04T12:26:45.644 
** Tour n. 1097 at 2019-09-04T12:26:48.009 
** Tour n. 1098 at 2019-09-04T12:26:49.577 
** Tour n. 1099 at 2019-09-04T12:26:51.334 
    2019-09-04T12:26:53.441 , Tour : 1100, BEST: 1533 , bonus = 0.0 
** Tour n. 1100 at 2019-09-04T12:26:53.441 
** Tour n. 1101 at 2019-09-04T12:26:55.844 
** Tour n. 1102 at 2019-09-04T12:26:57.991 
** Tour n. 1103 at 2019-09-04T12:26:59.939 
** Tour n. 1104 at 2019-09-04T12:27:01.662 
    2019-09-04T12:27:03.81 , Tour : 1105, BEST: 1533 , bonus = 0.0 
** Tour n. 1105 at 2019-09-04T12:27:03.81 
** Tour n. 1106 at 2019-09-04T12:27:06.034 
** Tour n. 1107 at 2019-09-04T12:27:08.358 
** Tour n. 1108 at 2019-09-04T12:27:10.121 
** Tour n. 1109 at 2019-09-04T12:27:12.796 
    2019-09-04T12:27:14.709 , Tour : 1110, BEST: 1533 , bonus = 0.0 
** Tour n. 1110 at 2019-09-04T12:27:14.709 
** Tour n. 1111 at 2019-09-04T12:27:16.665 
** Tour n. 1112 at 2019-09-04T12:27:19.104 
** Tour n. 1113 at 2019-09-04T12:27:21.167 
** Tour n. 1114 at 2019-09-04T12:27:24.134 
    2019-09-04T12:27:26.587 , Tour : 1115, BEST: 1533 , bonus = 0.0 
** Tour n. 1115 at 2019-09-04T12:27:26.587 
** Tour n. 1116 at 2019-09-04T12:27:28.806 
** Tour n. 1117 at 2019-09-04T12:27:30.403 
** Tour n. 1118 at 2019-09-04T12:27:32.689 
** Tour n. 1119 at 2019-09-04T12:27:34.978 
    2019-09-04T12:27:36.738 , Tour : 1120, BEST: 1533 , bonus = 0.0 
fitness : 1533 
 code : >>+,<>--<,[>]<->+<-[++>],<.,+.+,,,+[[[++]+->[-++-<.-].<[+..+->]+],,>,]+[]>>->--++<<,.-].-[[-+><<.--] 
 10 - 8 ->  3 
 6 - 1 ->  3 
 6 - 0 ->  6 
** Tour n. 1120 at 2019-09-04T12:27:36.738 
** Tour n. 1121 at 2019-09-04T12:27:39.065 
** Tour n. 1122 at 2019-09-04T12:27:40.688 
** Tour n. 1123 at 2019-09-04T12:27:42.429 
** Tour n. 1124 at 2019-09-04T12:27:44.529 
    2019-09-04T12:27:46.758 , Tour : 1125, BEST: 1533 , bonus = 0.0 
** Tour n. 1125 at 2019-09-04T12:27:46.758 
** Tour n. 1126 at 2019-09-04T12:27:49.196 
** Tour n. 1127 at 2019-09-04T12:27:51.271 
** Tour n. 1128 at 2019-09-04T12:27:54.198 
** Tour n. 1129 at 2019-09-04T12:27:56.315 
    2019-09-04T12:27:58.713 , Tour : 1130, BEST: 1533 , bonus = 0.0 
** Tour n. 1130 at 2019-09-04T12:27:58.713 
** Tour n. 1131 at 2019-09-04T12:28:00.572 
** Tour n. 1132 at 2019-09-04T12:28:02.415 
** Tour n. 1133 at 2019-09-04T12:28:04.376 
** Tour n. 1134 at 2019-09-04T12:28:06.141 
    2019-09-04T12:28:08.366 , Tour : 1135, BEST: 1533 , bonus = 0.0 
** Tour n. 1135 at 2019-09-04T12:28:08.366 
** Tour n. 1136 at 2019-09-04T12:28:10.343 
** Tour n. 1137 at 2019-09-04T12:28:12.318 
** Tour n. 1138 at 2019-09-04T12:28:14.67 
** Tour n. 1139 at 2019-09-04T12:28:17.029 
    2019-09-04T12:28:18.707 , Tour : 1140, BEST: 1533 , bonus = 0.0 
** Tour n. 1140 at 2019-09-04T12:28:18.707 
** Tour n. 1141 at 2019-09-04T12:28:20.712 
** Tour n. 1142 at 2019-09-04T12:28:23.102 
** Tour n. 1143 at 2019-09-04T12:28:24.859 
** Tour n. 1144 at 2019-09-04T12:28:26.812 
    2019-09-04T12:28:29.231 , Tour : 1145, BEST: 1533 , bonus = 0.0 
** Tour n. 1145 at 2019-09-04T12:28:29.231 
** Tour n. 1146 at 2019-09-04T12:28:31.095 
** Tour n. 1147 at 2019-09-04T12:28:33.552 
** Tour n. 1148 at 2019-09-04T12:28:35.668 
** Tour n. 1149 at 2019-09-04T12:28:37.532 
    2019-09-04T12:28:39.675 , Tour : 1150, BEST: 1533 , bonus = 0.0 
** Tour n. 1150 at 2019-09-04T12:28:39.675 
** Tour n. 1151 at 2019-09-04T12:28:41.458 
** Tour n. 1152 at 2019-09-04T12:28:43.58 
** Tour n. 1153 at 2019-09-04T12:28:46.177 
** Tour n. 1154 at 2019-09-04T12:28:47.88 
    2019-09-04T12:28:50.145 , Tour : 1155, BEST: 1533 , bonus = 0.0 
** Tour n. 1155 at 2019-09-04T12:28:50.145 
** Tour n. 1156 at 2019-09-04T12:28:52.277 
** Tour n. 1157 at 2019-09-04T12:28:54.649 
** Tour n. 1158 at 2019-09-04T12:28:56.409 
** Tour n. 1159 at 2019-09-04T12:28:59.336 
    2019-09-04T12:29:01.076 , Tour : 1160, BEST: 1533 , bonus = 0.0 
fitness : 1533 
 code : >>+,<>--<,[>]<->+<-[++>],<.,+.+,,,+[[[++]+->[-++-<.-].<[+..+->]+],,>,]+[]>>->--++<<,.-].-[[-+><<.--] 
 6 - 3 ->  3 
 2 - 2 ->  0 
 12 - 3 ->  3 
** Tour n. 1160 at 2019-09-04T12:29:01.076 
** Tour n. 1161 at 2019-09-04T12:29:03.258 
** Tour n. 1162 at 2019-09-04T12:29:05.295 
** Tour n. 1163 at 2019-09-04T12:29:07.238 
** Tour n. 1164 at 2019-09-04T12:29:09.172 
    2019-09-04T12:29:11.374 , Tour : 1165, BEST: 1533 , bonus = 0.0 
** Tour n. 1165 at 2019-09-04T12:29:11.374 
** Tour n. 1166 at 2019-09-04T12:29:13.543 
** Tour n. 1167 at 2019-09-04T12:29:16.14 
** Tour n. 1168 at 2019-09-04T12:29:18.435 
** Tour n. 1169 at 2019-09-04T12:29:20.433 
    2019-09-04T12:29:23.012 , Tour : 1170, BEST: 1533 , bonus = 0.0 
** Tour n. 1170 at 2019-09-04T12:29:23.012 
** Tour n. 1171 at 2019-09-04T12:29:25.006 
** Tour n. 1172 at 2019-09-04T12:29:27.473 
** Tour n. 1173 at 2019-09-04T12:29:29.205 
** Tour n. 1174 at 2019-09-04T12:29:31.518 
    2019-09-04T12:29:33.491 , Tour : 1175, BEST: 1533 , bonus = 0.0 
** Tour n. 1175 at 2019-09-04T12:29:33.491 
** Tour n. 1176 at 2019-09-04T12:29:35.96 
** Tour n. 1177 at 2019-09-04T12:29:38.471 
** Tour n. 1178 at 2019-09-04T12:29:40.77 
** Tour n. 1179 at 2019-09-04T12:29:42.704 
    2019-09-04T12:29:44.686 , Tour : 1180, BEST: 1533 , bonus = 0.0 
** Tour n. 1180 at 2019-09-04T12:29:44.686 
** Tour n. 1181 at 2019-09-04T12:29:47.053 
** Tour n. 1182 at 2019-09-04T12:29:48.788 
** Tour n. 1183 at 2019-09-04T12:29:50.812 
** Tour n. 1184 at 2019-09-04T12:29:53.202 
    2019-09-04T12:29:55.003 , Tour : 1185, BEST: 1533 , bonus = 0.0 
** Tour n. 1185 at 2019-09-04T12:29:55.003 
** Tour n. 1186 at 2019-09-04T12:29:56.739 
** Tour n. 1187 at 2019-09-04T12:29:58.757 
** Tour n. 1188 at 2019-09-04T12:30:00.521 
** Tour n. 1189 at 2019-09-04T12:30:02.307 
    2019-09-04T12:30:04.813 , Tour : 1190, BEST: 1533 , bonus = 0.0 
** Tour n. 1190 at 2019-09-04T12:30:04.812 
** Tour n. 1191 at 2019-09-04T12:30:07.306 
** Tour n. 1192 at 2019-09-04T12:30:09.267 
** Tour n. 1193 at 2019-09-04T12:30:11.321 
** Tour n. 1194 at 2019-09-04T12:30:13.123 
    2019-09-04T12:30:15.034 , Tour : 1195, BEST: 1533 , bonus = 0.0 
** Tour n. 1195 at 2019-09-04T12:30:15.034 
** Tour n. 1196 at 2019-09-04T12:30:17.102 
** Tour n. 1197 at 2019-09-04T12:30:19.109 
** Tour n. 1198 at 2019-09-04T12:30:20.776 
** Tour n. 1199 at 2019-09-04T12:30:23.734 
    2019-09-04T12:30:26.059 , Tour : 1200, BEST: 1533 , bonus = 0.0 
fitness : 1533 
 code : >>+,<>--<,[>]<->+<-[++>],<.,+.+,,,+[[[++]+->[-++-<.-].<[+..+->]+],,>,]+[]>>->--++<<,.-].-[[-+><<.--] 
 13 - 6 ->  3 
 8 - 5 ->  3 
 14 - 1 ->  3 
** Tour n. 1200 at 2019-09-04T12:30:26.059 
** Tour n. 1201 at 2019-09-04T12:30:28.233 
** Tour n. 1202 at 2019-09-04T12:30:30.769 
** Tour n. 1203 at 2019-09-04T12:30:33.204 
** Tour n. 1204 at 2019-09-04T12:30:36.229 
    2019-09-04T12:30:38.891 , Tour : 1205, BEST: 1533 , bonus = 0.0 
** Tour n. 1205 at 2019-09-04T12:30:38.891 
** Tour n. 1206 at 2019-09-04T12:30:41.567 
** Tour n. 1207 at 2019-09-04T12:30:43.564 
** Tour n. 1208 at 2019-09-04T12:30:45.555 
** Tour n. 1209 at 2019-09-04T12:30:48.248 
    2019-09-04T12:30:50.801 , Tour : 1210, BEST: 1533 , bonus = 0.0 
** Tour n. 1210 at 2019-09-04T12:30:50.801 
** Tour n. 1211 at 2019-09-04T12:30:52.814 
** Tour n. 1212 at 2019-09-04T12:30:55.578 
** Tour n. 1213 at 2019-09-04T12:30:57.669 
** Tour n. 1214 at 2019-09-04T12:31:00.248 
    2019-09-04T12:31:02.302 , Tour : 1215, BEST: 1533 , bonus = 0.0 
** Tour n. 1215 at 2019-09-04T12:31:02.302 
** Tour n. 1216 at 2019-09-04T12:31:05.107 
** Tour n. 1217 at 2019-09-04T12:31:07.801 
** Tour n. 1218 at 2019-09-04T12:31:09.704 
** Tour n. 1219 at 2019-09-04T12:31:12.172 
    2019-09-04T12:31:14.014 , Tour : 1220, BEST: 1533 , bonus = 0.0 
** Tour n. 1220 at 2019-09-04T12:31:14.014 
** Tour n. 1221 at 2019-09-04T12:31:16.814 
** Tour n. 1222 at 2019-09-04T12:31:20.299 
** Tour n. 1223 at 2019-09-04T12:31:22.19 
** Tour n. 1224 at 2019-09-04T12:31:25.374 
    2019-09-04T12:31:27.511 , Tour : 1225, BEST: 1533 , bonus = 0.0 
** Tour n. 1225 at 2019-09-04T12:31:27.511 
** Tour n. 1226 at 2019-09-04T12:31:30.559 
** Tour n. 1227 at 2019-09-04T12:31:33.875 
** Tour n. 1228 at 2019-09-04T12:31:35.927 
** Tour n. 1229 at 2019-09-04T12:31:38.949 
    2019-09-04T12:31:41.826 , Tour : 1230, BEST: 1533 , bonus = 0.0 
** Tour n. 1230 at 2019-09-04T12:31:41.826 
** Tour n. 1231 at 2019-09-04T12:31:45.035 
** Tour n. 1232 at 2019-09-04T12:31:48.896 
** Tour n. 1233 at 2019-09-04T12:31:51.392 
** Tour n. 1234 at 2019-09-04T12:31:53.871 
    2019-09-04T12:31:56.851 , Tour : 1235, BEST: 1533 , bonus = 0.0 
** Tour n. 1235 at 2019-09-04T12:31:56.851 
** Tour n. 1236 at 2019-09-04T12:32:00.013 
** Tour n. 1237 at 2019-09-04T12:32:01.691 
** Tour n. 1238 at 2019-09-04T12:32:04.524 
** Tour n. 1239 at 2019-09-04T12:32:06.385 
    2019-09-04T12:32:09.163 , Tour : 1240, BEST: 1533 , bonus = 0.0 
fitness : 1533 
 code : >>+,<>--<,[>]<->+<-[++>],<.,+.+,,,+[[[++]+->[-++-<.-].<[+..+->]+],,>,]+[]>>->--++<<,.-].-[[-+><<.--]>>,<,[<]>[ 
 15 - 14 ->  3 
 9 - 4 ->  3 
 5 - 3 ->  3 
** Tour n. 1240 at 2019-09-04T12:32:09.163 
** Tour n. 1241 at 2019-09-04T12:32:11.137 
** Tour n. 1242 at 2019-09-04T12:32:13.673 
** Tour n. 1243 at 2019-09-04T12:32:16.312 
** Tour n. 1244 at 2019-09-04T12:32:19.623 
    2019-09-04T12:32:21.446 , Tour : 1245, BEST: 1533 , bonus = 0.0 
** Tour n. 1245 at 2019-09-04T12:32:21.446 
** Tour n. 1246 at 2019-09-04T12:32:24.406 
** Tour n. 1247 at 2019-09-04T12:32:27.288 
** Tour n. 1248 at 2019-09-04T12:32:29.807 
** Tour n. 1249 at 2019-09-04T12:32:32.231 
    2019-09-04T12:32:35.33 , Tour : 1250, BEST: 1533 , bonus = 0.0 
** Tour n. 1250 at 2019-09-04T12:32:35.33 
** Tour n. 1251 at 2019-09-04T12:32:37.615 
** Tour n. 1252 at 2019-09-04T12:32:40.811 
** Tour n. 1253 at 2019-09-04T12:32:43.303 
** Tour n. 1254 at 2019-09-04T12:32:45.801 
    2019-09-04T12:32:48.388 , Tour : 1255, BEST: 1533 , bonus = 0.0 
** Tour n. 1255 at 2019-09-04T12:32:48.388 
** Tour n. 1256 at 2019-09-04T12:32:50.441 
** Tour n. 1257 at 2019-09-04T12:32:53.645 
** Tour n. 1258 at 2019-09-04T12:32:55.549 
** Tour n. 1259 at 2019-09-04T12:32:57.575 
    2019-09-04T12:32:59.652 , Tour : 1260, BEST: 1533 , bonus = 0.0 
** Tour n. 1260 at 2019-09-04T12:32:59.652 
** Tour n. 1261 at 2019-09-04T12:33:02.192 
** Tour n. 1262 at 2019-09-04T12:33:04.524 
** Tour n. 1263 at 2019-09-04T12:33:07.734 
** Tour n. 1264 at 2019-09-04T12:33:09.587 
    2019-09-04T12:33:12.952 , Tour : 1265, BEST: 1533 , bonus = 0.0 
** Tour n. 1265 at 2019-09-04T12:33:12.952 
** Tour n. 1266 at 2019-09-04T12:33:14.876 
** Tour n. 1267 at 2019-09-04T12:33:17.71 
** Tour n. 1268 at 2019-09-04T12:33:20.464 
** Tour n. 1269 at 2019-09-04T12:33:23.603 
    2019-09-04T12:33:25.986 , Tour : 1270, BEST: 1533 , bonus = 0.0 
** Tour n. 1270 at 2019-09-04T12:33:25.986 
** Tour n. 1271 at 2019-09-04T12:33:27.952 
** Tour n. 1272 at 2019-09-04T12:33:30.469 
** Tour n. 1273 at 2019-09-04T12:33:32.669 
** Tour n. 1274 at 2019-09-04T12:33:34.897 
    2019-09-04T12:33:36.746 , Tour : 1275, BEST: 1533 , bonus = 0.0 
** Tour n. 1275 at 2019-09-04T12:33:36.746 
** Tour n. 1276 at 2019-09-04T12:33:39.868 
** Tour n. 1277 at 2019-09-04T12:33:41.81 
** Tour n. 1278 at 2019-09-04T12:33:43.987 
** Tour n. 1279 at 2019-09-04T12:33:46.847 
    2019-09-04T12:33:49.599 , Tour : 1280, BEST: 1533 , bonus = 0.0 
fitness : 1533 
 code : >>+,<>--<,[>]<->+<-[++>],<.,+.+,,,+[[[++]+->[-++-<.-].<[+..+->]+],,>,]+[]>>->--++<<,.-].-[[-+><<.--]>>,<,[<]>[ 
 5 - 2 ->  3 
 14 - 14 ->  3 
 14 - 8 ->  3 
** Tour n. 1280 at 2019-09-04T12:33:49.599 
** Tour n. 1281 at 2019-09-04T12:33:51.489 
** Tour n. 1282 at 2019-09-04T12:33:54.134 
** Tour n. 1283 at 2019-09-04T12:33:56.285 
** Tour n. 1284 at 2019-09-04T12:33:58.313 
    2019-09-04T12:34:00.821 , Tour : 1285, BEST: 1533 , bonus = 0.0 
** Tour n. 1285 at 2019-09-04T12:34:00.821 
** Tour n. 1286 at 2019-09-04T12:34:03.364 
** Tour n. 1287 at 2019-09-04T12:34:06.298 
** Tour n. 1288 at 2019-09-04T12:34:08.599 
** Tour n. 1289 at 2019-09-04T12:34:10.984 
    2019-09-04T12:34:14.444 , Tour : 1290, BEST: 1533 , bonus = 0.0 
** Tour n. 1290 at 2019-09-04T12:34:14.444 
** Tour n. 1291 at 2019-09-04T12:34:17.167 
** Tour n. 1292 at 2019-09-04T12:34:19.65 
** Tour n. 1293 at 2019-09-04T12:34:21.64 
** Tour n. 1294 at 2019-09-04T12:34:24.747 
    2019-09-04T12:34:27.794 , Tour : 1295, BEST: 1533 , bonus = 0.0 
** Tour n. 1295 at 2019-09-04T12:34:27.794 
** Tour n. 1296 at 2019-09-04T12:34:29.71 
** Tour n. 1297 at 2019-09-04T12:34:31.79 
** Tour n. 1298 at 2019-09-04T12:34:34.706 
** Tour n. 1299 at 2019-09-04T12:34:36.582 
    2019-09-04T12:34:39.081 , Tour : 1300, BEST: 1533 , bonus = 0.0 
** Tour n. 1300 at 2019-09-04T12:34:39.081 
** Tour n. 1301 at 2019-09-04T12:34:41.276 
** Tour n. 1302 at 2019-09-04T12:34:43.493 
** Tour n. 1303 at 2019-09-04T12:34:46.415 
** Tour n. 1304 at 2019-09-04T12:34:49.686 
    2019-09-04T12:34:52.69 , Tour : 1305, BEST: 1533 , bonus = 0.0 
** Tour n. 1305 at 2019-09-04T12:34:52.69 
** Tour n. 1306 at 2019-09-04T12:34:55.295 
** Tour n. 1307 at 2019-09-04T12:34:58.061 
** Tour n. 1308 at 2019-09-04T12:35:00.234 
** Tour n. 1309 at 2019-09-04T12:35:02.494 
    2019-09-04T12:35:04.62 , Tour : 1310, BEST: 1533 , bonus = 0.0 
** Tour n. 1310 at 2019-09-04T12:35:04.62 
** Tour n. 1311 at 2019-09-04T12:35:07.257 
** Tour n. 1312 at 2019-09-04T12:35:09.75 
** Tour n. 1313 at 2019-09-04T12:35:12.157 
** Tour n. 1314 at 2019-09-04T12:35:14.118 
    2019-09-04T12:35:16.888 , Tour : 1315, BEST: 1533 , bonus = 0.0 
** Tour n. 1315 at 2019-09-04T12:35:16.888 
** Tour n. 1316 at 2019-09-04T12:35:19.459 
** Tour n. 1317 at 2019-09-04T12:35:21.627 
** Tour n. 1318 at 2019-09-04T12:35:24.066 
** Tour n. 1319 at 2019-09-04T12:35:26.151 
    2019-09-04T12:35:28.536 , Tour : 1320, BEST: 1533 , bonus = 0.0 
fitness : 1533 
 code : >>+,<>--<,[>]<->+<-[++>],<.,+.+,,,+[[[++]+->[-++-<.-].<[+..+->]+],,>,]+[]>>->--++<<,.-].-[[-+><<.--]>>,<,[<]>[ 
 4 - 1 ->  1 
 9 - 8 ->  3 
 4 - 0 ->  4 
** Tour n. 1320 at 2019-09-04T12:35:28.536 
** Tour n. 1321 at 2019-09-04T12:35:30.674 
** Tour n. 1322 at 2019-09-04T12:35:33.322 
** Tour n. 1323 at 2019-09-04T12:35:36.581 
** Tour n. 1324 at 2019-09-04T12:35:38.5 
    2019-09-04T12:35:41.356 , Tour : 1325, BEST: 1533 , bonus = 0.0 
** Tour n. 1325 at 2019-09-04T12:35:41.356 
** Tour n. 1326 at 2019-09-04T12:35:43.182 
** Tour n. 1327 at 2019-09-04T12:35:45.959 
** Tour n. 1328 at 2019-09-04T12:35:47.886 
** Tour n. 1329 at 2019-09-04T12:35:50.281 
    2019-09-04T12:35:52.855 , Tour : 1330, BEST: 1533 , bonus = 0.0 
** Tour n. 1330 at 2019-09-04T12:35:52.855 
** Tour n. 1331 at 2019-09-04T12:35:55.603 
** Tour n. 1332 at 2019-09-04T12:35:57.786 
** Tour n. 1333 at 2019-09-04T12:36:01.549 
** Tour n. 1334 at 2019-09-04T12:36:04.202 
    2019-09-04T12:36:06.604 , Tour : 1335, BEST: 1533 , bonus = 0.0 
** Tour n. 1335 at 2019-09-04T12:36:06.604 
** Tour n. 1336 at 2019-09-04T12:36:09.109 
** Tour n. 1337 at 2019-09-04T12:36:11.615 
** Tour n. 1338 at 2019-09-04T12:36:14.125 
** Tour n. 1339 at 2019-09-04T12:36:16.347 
    2019-09-04T12:36:18.553 , Tour : 1340, BEST: 1533 , bonus = 0.0 
** Tour n. 1340 at 2019-09-04T12:36:18.553 
** Tour n. 1341 at 2019-09-04T12:36:20.748 
** Tour n. 1342 at 2019-09-04T12:36:23.172 
** Tour n. 1343 at 2019-09-04T12:36:26.964 
** Tour n. 1344 at 2019-09-04T12:36:29.978 
    2019-09-04T12:36:32.804 , Tour : 1345, BEST: 1534 , bonus = 0.0 
** Tour n. 1345 at 2019-09-04T12:36:32.804 
** Tour n. 1346 at 2019-09-04T12:36:35.098 
** Tour n. 1347 at 2019-09-04T12:36:38.317 
** Tour n. 1348 at 2019-09-04T12:36:41.822 
fitness : 1536 
 code : >>+,<>-+<,[>[-<]>]-[+>>],<.,+.+,,,+[[[,++]+->[[-++-+]+->[-++-<>]<>][[.]->]+],,,<><+[<]>+>[+,,>--,-<]+>[-+,,>-- 
 5 - 3 ->  2 
 2 - 1 ->  1 
 14 - 2 ->  12 
fitness 1536 
dna : [0.184944, 0.178477, 0.257598, 0.724189, 0.0576014, 0.247534, 0.47532, 0.354836, 0.00512114, 0.661912, 0.753077, 0.173949, 0.795116, 0.394793, 0.0823185, 0.896301, 0.206877, 0.996545, 0.483293, 0.826971, 0.258568, 0.191814, 0.231195, 0.961271, 0.726769, 0.0621543, 0.592299, 0.709023, 0.260136, 0.592299, 0.257936, 0.725691, 0.725691, 0.709023, 0.274768, 0.874514, 0.815491, 0.823624, 0.651489, 0.275005, 0.275005, 0.97107, 0.251246, 0.402539, 0.137416, 0.786112, 0.793214, 0.474084, 0.349558, 0.329301, 0.44148, 0.275005, 0.97107, 0.251246, 0.402539, 0.137416, 0.786112, 0.474084, 0.349558, 0.329301, 0.44148, 0.0959582, 0.191038, 0.93744, 0.0910068, 0.149827, 0.88352, 0.849571, 0.751448, 0.540495, 0.915244, 0.400612, 0.162214, 0.890417, 0.371223, 0.878493, 0.669347, 0.65831, 0.669853, 0.107534, 0.175785, 0.0831482, 0.328295, 0.869926, 0.0589846, 0.994174, 0.156578, 0.316429, 0.220654, 0.804706, 0.282426, 0.643999, 0.649698, 0.240836, 0.48141, 0.445055, 0.651639, 0.427361, 0.107105, 0.951718, 0.369665, 0.170481, 0.77546, 0.451685, 0.266394, 0.737509, 0.682184, 0.213717, 0.471231, 0.470899] 
