targetFitness = 778 
params : Main.GeneticAlgorithms.Types.GAParams(156, 10000000, 250, 250, 0.8, 0.01, true, IOStream(<file ../Results/logStringHi!.log>), 0.0, 778.0, 0, 0) 
** Tour n. 1 at 2019-09-05T04:12:41.056 
    2019-09-05T04:12:47.569 , Iteration : 5, BEST: 589 , bonus = 752.0 
    2019-09-05T04:12:52.445 , Iteration : 10, BEST: 610 , bonus = 1.0 
    2019-09-05T04:12:56.34 , Iteration : 15, BEST: 640 , bonus = 1.0 
    2019-09-05T04:13:00.239 , Iteration : 20, BEST: 646 , bonus = 1.0 
    2019-09-05T04:13:05.271 , Iteration : 25, BEST: 654 , bonus = 1.0 
    2019-09-05T04:13:09.623 , Iteration : 30, BEST: 662 , bonus = 1360.0 
    2019-09-05T04:13:14.051 , Iteration : 35, BEST: 674 , bonus = 1.0 
    2019-09-05T04:13:17.94 , Iteration : 40, BEST: 679 , bonus = 1.0 
fitness : 679 
  code : ++++++++++++++++++++++++++++++++++++++++++++<>+...>,>,>--,>,>>.>-[>].<[-[.,[>>]]><[>]>>]><+[.><[.[..,+,-[><]-.]]<---]-<-,-<---[.<-<-[-<-[.[[<-[.<<.,<,]-.<],<]<+->><-><-<-->[-<-<<--+[[[[[<[<<[<<[<[<[[[-[>>-[>>>+>-[>><>,[>[.,>>->>---,-,<<<<[,<<<[,-[>>,  
 goal : Hi! -> ---
    2019-09-05T04:13:21.022 , Iteration : 45, BEST: 685 , bonus = 1752.0 
    2019-09-05T04:13:24.586 , Iteration : 50, BEST: 691 , bonus = 1.0 
    2019-09-05T04:13:27.709 , Iteration : 55, BEST: 697 , bonus = 1.0 
    2019-09-05T04:13:30.574 , Iteration : 60, BEST: 708 , bonus = 1.0 
    2019-09-05T04:13:32.696 , Iteration : 65, BEST: 715 , bonus = 1.0 
** Tour n. 2 at 2019-09-05T04:13:33.418 
** Tour n. 3 at 2019-09-05T04:13:35.878 
    2019-09-05T04:13:39.621 , Iteration : 5, BEST: 724 , bonus = 1.0 
    2019-09-05T04:13:42.39 , Iteration : 10, BEST: 734 , bonus = 1.0 
** Tour n. 4 at 2019-09-05T04:13:44.359 
    2019-09-05T04:13:48.127 , Iteration : 5, BEST: 742 , bonus = 1.0 
    2019-09-05T04:13:50.095 , Iteration : 10, BEST: 745 , bonus = 1.0 
    2019-09-05T04:13:50.873 , Tour : 5, BEST: 745 , bonus = 1.0 
** Tour n. 5 at 2019-09-05T04:13:50.873 
** Tour n. 6 at 2019-09-05T04:13:53.207 
** Tour n. 7 at 2019-09-05T04:13:55.44 
** Tour n. 8 at 2019-09-05T04:13:57.666 
** Tour n. 9 at 2019-09-05T04:13:59.755 
    2019-09-05T04:14:01.627 , Tour : 10, BEST: 745 , bonus = 1.0 
** Tour n. 10 at 2019-09-05T04:14:01.627 
** Tour n. 11 at 2019-09-05T04:14:03.967 
** Tour n. 12 at 2019-09-05T04:14:06.407 
** Tour n. 13 at 2019-09-05T04:14:08.505 
** Tour n. 14 at 2019-09-05T04:14:10.587 
    2019-09-05T04:14:12.867 , Tour : 15, BEST: 746 , bonus = 1.0 
** Tour n. 15 at 2019-09-05T04:14:12.867 
** Tour n. 16 at 2019-09-05T04:14:15.335 
    2019-09-05T04:14:18.474 , Iteration : 5, BEST: 749 , bonus = 1.0 
** Tour n. 17 at 2019-09-05T04:14:18.606 
** Tour n. 18 at 2019-09-05T04:14:21.23 
** Tour n. 19 at 2019-09-05T04:14:24.546 
    2019-09-05T04:14:28.188 , Tour : 20, BEST: 755 , bonus = 1.0 
** Tour n. 20 at 2019-09-05T04:14:28.188 
** Tour n. 21 at 2019-09-05T04:14:30.093 
** Tour n. 22 at 2019-09-05T04:14:33.38 
** Tour n. 23 at 2019-09-05T04:14:35.214 
    2019-09-05T04:14:38.379 , Iteration : 5, BEST: 759 , bonus = 1.0 
** Tour n. 24 at 2019-09-05T04:14:39.391 
    2019-09-05T04:14:41.233 , Tour : 25, BEST: 759 , bonus = 1.0 
** Tour n. 25 at 2019-09-05T04:14:41.233 
    2019-09-05T04:14:43.858 , Iteration : 5, BEST: 761 , bonus = 1.0 
** Tour n. 26 at 2019-09-05T04:14:44.298 
    2019-09-05T04:14:46.961 , Iteration : 5, BEST: 764 , bonus = 1.0 
** Tour n. 27 at 2019-09-05T04:14:47.071 
** Tour n. 28 at 2019-09-05T04:14:49.724 
** Tour n. 29 at 2019-09-05T04:14:52.369 
    2019-09-05T04:14:54.179 , Tour : 30, BEST: 766 , bonus = 1.0 
** Tour n. 30 at 2019-09-05T04:14:54.179 
** Tour n. 31 at 2019-09-05T04:14:56.182 
** Tour n. 32 at 2019-09-05T04:14:58.326 
** Tour n. 33 at 2019-09-05T04:15:00.25 
** Tour n. 34 at 2019-09-05T04:15:02.686 
    2019-09-05T04:15:05.245 , Iteration : 5, BEST: 771 , bonus = 1.0 
    2019-09-05T04:15:06.006 , Tour : 35, BEST: 771 , bonus = 1.0 
** Tour n. 35 at 2019-09-05T04:15:06.006 
    2019-09-05T04:15:09.385 , Iteration : 5, BEST: 773 , bonus = 1.0 
** Tour n. 36 at 2019-09-05T04:15:10.699 
** Tour n. 37 at 2019-09-05T04:15:12.487 
** Tour n. 38 at 2019-09-05T04:15:14.334 
** Tour n. 39 at 2019-09-05T04:15:16.047 
    2019-09-05T04:15:18.136 , Tour : 40, BEST: 775 , bonus = 1.0 
fitness : 775 
  code : +++++++++++++++++++++++++++++++++++++++++[+++++++++++++++++++++++++++++++.++++++++++++++++++++++++++++++.,++]>[,[[--,[+.>.><[<[><,,--,].,+[,-+.].+>[+++-+[[+<<-+]<+[,,,---,-,<[--<>,>,[+<<,,,+.]+]+]>[[+[[+,]>]>.[,<<,[><,<.]..]][,<[.--+]->[>+<-,<.[<[.-[  
 goal : Hi! -> Hf!
** Tour n. 40 at 2019-09-05T04:15:18.136 
** Tour n. 41 at 2019-09-05T04:15:19.872 
** Tour n. 42 at 2019-09-05T04:15:22.194 
fitness : 778 
  code : +++++++++++++++++++++++++++++++++++++++++[+++++++++++++++++++++++++++++++.+++++++++++++++++++++++++++++++++.,++]>[,[[[+-,+[>.><-<,,----,].,++[,-+.].+>[++-+[[+[+<,,+[,,,-,-][<>,,[--<>>,[+<<<,,,+.]+]+]>[[[+[[+,]>]>.[,<<,[><,<.].]][,[.--+]]->[>+-,<.[<[.  
 goal : Hi! -> Hi!
fitness 778 
dna : [0.29778, 0.306999, 0.255148, 0.357431, 0.279899, 0.279899, 0.279899, 0.306903, 0.279899, 0.25105, 0.279899, 0.25105, 0.25105, 0.279899, 0.279899, 0.269226, 0.343093, 0.269226, 0.269226, 0.269226, 0.269226, 0.269226, 0.269226, 0.269226, 0.359108, 0.294711, 0.359108, 0.359108, 0.333104, 0.26807, 0.26807, 0.26807, 0.26807, 0.26807, 0.35351, 0.339311, 0.35351, 0.339311, 0.339311, 0.334001, 0.277667, 0.843968, 0.332596, 0.332596, 0.287375, 0.287375, 0.345065, 0.287375, 0.287375, 0.287375, 0.287375, 0.287375, 0.345065, 0.287375, 0.334001, 0.332596, 0.287375, 0.287375, 0.373242, 0.332596, 0.287375, 0.373242, 0.334001, 0.373242, 0.334001, 0.287375, 0.292739, 0.292739, 0.322218, 0.322218, 0.334001, 0.322218, 0.322218, 0.52362, 0.267955, 0.25351, 0.273884, 0.312477, 0.312477, 0.312477, 0.257917, 0.312477, 0.312477, 0.312477, 0.312477, 0.312477, 0.312477, 0.275339, 0.312477, 0.294301, 0.354041, 0.312477, 0.312477, 0.273769, 0.337999, 0.312477, 0.312477, 0.312477, 0.312477, 0.312477, 0.312477, 0.312477, 0.312477, 0.312477, 0.312477, 0.312477, 0.312477, 0.52362, 0.704891, 0.303558, 0.340486, 0.990407, 0.235648, 0.799663, 0.652528, 0.794758, 0.794758, 0.844062, 0.329771, 0.451621, 0.666497, 0.261235, 0.836508, 0.226056, 0.50571, 0.226056, 0.0449656, 0.380963, 0.0472707, 0.690123, 0.690123, 0.485248, 0.492252, 0.485248, 0.492252, 0.742853, 0.875236, 0.501646, 0.651373, 0.306686, 0.306686, 0.765456, 0.663317, 0.382859, 0.252331, 0.579999, 0.916525, 0.571399, 0.254476, 0.216817, 0.866517, 0.32908, 0.274624, 0.460977, 0.270657, 0.802965, 0.808858, 0.319791, 0.822667, 0.347928, 0.0637371, 0.67122, 0.708316, 0.257567, 0.830598, 0.721853, 0.704904, 0.749288, 0.4523, 0.749288, 0.4523, 0.929029, 0.81025, 0.0810018, 0.183858, 0.746906, 0.746906, 0.762616, 0.391402, 0.37973, 0.00236707, 0.12878, 0.161283, 0.678727, 0.806039, 0.285744, 0.0417426, 0.058743, 0.058743, 0.706599, 0.691038, 0.67155, 0.34413, 0.538098, 0.887342, 0.305322, 0.978294, 0.340622, 0.926411, 0.178215, 0.852283, 0.764736, 0.857337, 0.318296, 0.853678, 0.766535, 0.37227, 0.644078, 0.93984, 0.204176, 0.919719, 0.203312, 0.618106, 0.867399, 0.630012, 0.0112434, 0.0546621, 0.641128, 0.76229, 0.142347, 0.0647635, 0.662668, 0.0977232, 0.577604, 0.889453, 0.508721, 0.95176, 0.917563, 0.785739, 0.721293, 0.783184, 0.577475, 0.428288, 0.429795, 0.372771, 0.896188, 0.896188, 0.495977, 0.132354, 0.788757, 0.199573, 0.297051, 0.401273, 0.734767, 0.0245606, 0.60372, 0.786521, 0.0769218, 0.816935, 0.583764] 
