targetFitness = 778 
params : Main.GeneticAlgorithms.Types.GAParams(156, 10000000, 250, 250, 0.8, 0.01, true, IOStream(<file ../Results/logStringHi!.log>), 0.0, 778.0, 0, 0) 
** Tour n. 1 at 2019-09-04T17:19:11.948 
    2019-09-04T17:19:25.776 , Iteration : 5, BEST: 590 , bonus = 1.0 
    2019-09-04T17:19:30.93 , Iteration : 10, BEST: 604 , bonus = 1374.0 
    2019-09-04T17:19:34.387 , Iteration : 15, BEST: 616 , bonus = 1.0 
    2019-09-04T17:19:38.964 , Iteration : 20, BEST: 634 , bonus = 1290.0 
    2019-09-04T17:19:41.49 , Iteration : 25, BEST: 637 , bonus = 1.0 
    2019-09-04T17:19:43.433 , Iteration : 30, BEST: 643 , bonus = 1.0 
    2019-09-04T17:19:47.164 , Iteration : 35, BEST: 648 , bonus = 1.0 
    2019-09-04T17:19:51.419 , Iteration : 40, BEST: 652 , bonus = 1191.0 
fitness : 652 
  code : ++++++++++++++++++[+++++[++.>,+-]<].[..+>+[>-[[,[,-.[[,]>,[>+]>--.-.<..-]>->+[+.+]+..,.,,[--[+>[+[,+[>,++.+.+--->>,>+-.>++,<->->,<>>>++>+.-,->.+-,--+,<>><.,.<+,],-[,,.+>+].[.+[+.[[,++.--]>,>.-[-.,-<-.-]-].[.+<-[..+.+,.,.+,,<>[>[,+>,>[+,-+.>+->[[.]-,-  
 goal : Hi! ->  '
    2019-09-04T17:19:54.09 , Iteration : 45, BEST: 655 , bonus = 1.0 
    2019-09-04T17:19:56.605 , Iteration : 50, BEST: 664 , bonus = 520.0 
    2019-09-04T17:19:59.264 , Iteration : 55, BEST: 670 , bonus = 1752.0 
    2019-09-04T17:20:00.325 , Iteration : 60, BEST: 676 , bonus = 1752.0 
    2019-09-04T17:20:01.283 , Iteration : 65, BEST: 679 , bonus = 1752.0 
    2019-09-04T17:20:02.403 , Iteration : 70, BEST: 685 , bonus = 1.0 
    2019-09-04T17:20:04.044 , Iteration : 75, BEST: 690 , bonus = 1.0 
    2019-09-04T17:20:05.737 , Iteration : 80, BEST: 697 , bonus = 1.0 
fitness : 697 
  code : +++++++++++++++++++++++++++++++++++++++++++++++++++++++++++++[++.>,[-]<.[.]+,+[,,[,---.][>,[+[>--+..+.+]+>->[.+-..,.,[-,[[--[+>++[<+[>++.[+-<->++,->->,>+>+++>>>>+>+.,->-,--+[>><-.->+,[,.,,,.+-[.-]+[+[<++--[,-.->-.,-.,-<-+.-].<-][..+<.,.+>,+,,>+>,[..-  
 goal : Hi! -> ???
    2019-09-04T17:20:07.424 , Iteration : 85, BEST: 701 , bonus = 1.0 
    2019-09-04T17:20:09.079 , Iteration : 90, BEST: 706 , bonus = 1.0 
    2019-09-04T17:20:10.31 , Iteration : 95, BEST: 712 , bonus = 1.0 
    2019-09-04T17:20:11.608 , Iteration : 100, BEST: 716 , bonus = 1.0 
    2019-09-04T17:20:13.116 , Iteration : 105, BEST: 719 , bonus = 1.0 
    2019-09-04T17:20:14.559 , Iteration : 110, BEST: 739 , bonus = 1.0 
** Tour n. 2 at 2019-09-04T17:20:15.584 
** Tour n. 3 at 2019-09-04T17:20:22.464 
** Tour n. 4 at 2019-09-04T17:20:28.447 
    2019-09-04T17:20:34.275 , Tour : 5, BEST: 745 , bonus = 1.0 
** Tour n. 5 at 2019-09-04T17:20:34.275 
** Tour n. 6 at 2019-09-04T17:20:42.26 
** Tour n. 7 at 2019-09-04T17:20:49.163 
** Tour n. 8 at 2019-09-04T17:20:56.82 
** Tour n. 9 at 2019-09-04T17:21:03.163 
    2019-09-04T17:21:10.133 , Tour : 10, BEST: 745 , bonus = 1.0 
** Tour n. 10 at 2019-09-04T17:21:10.133 
** Tour n. 11 at 2019-09-04T17:21:17.62 
** Tour n. 12 at 2019-09-04T17:21:24.297 
** Tour n. 13 at 2019-09-04T17:21:30.902 
** Tour n. 14 at 2019-09-04T17:21:39.13 
    2019-09-04T17:21:46.689 , Tour : 15, BEST: 745 , bonus = 1.0 
** Tour n. 15 at 2019-09-04T17:21:46.689 
** Tour n. 16 at 2019-09-04T17:21:54.75 
