targetFitness = 522 
params : Main.GeneticAlgorithms.Types.GAParams(156, 10000000, 180, 350, 0.8, 0.01, true, IOStream(<file ../Results/logStringhi.log>), 0.0, 522.0, 0, 0) 
** Tour n. 1 at 2019-09-02T15:03:51.812 
    2019-09-02T15:03:56.39 , Iteration : 5, BEST: 329 , bonus = 892.0 
** Tour n. 2 at 2019-09-02T15:03:57.858 
** Tour n. 3 at 2019-09-02T15:03:59.661 
** Tour n. 4 at 2019-09-02T15:04:00.879 
    2019-09-02T15:04:02.079 , Tour : 5, BEST: 489 , bonus = 1.0 
** Tour n. 5 at 2019-09-02T15:04:02.079 
** Tour n. 6 at 2019-09-02T15:04:04.054 
** Tour n. 7 at 2019-09-02T15:04:05.129 
** Tour n. 8 at 2019-09-02T15:04:06.691 
** Tour n. 9 at 2019-09-02T15:04:07.909 
    2019-09-02T15:04:09.525 , Tour : 10, BEST: 494 , bonus = 1.0 
** Tour n. 10 at 2019-09-02T15:04:09.525 
    2019-09-02T15:04:11.315 , Iteration : 5, BEST: 499 , bonus = 1.0 
    2019-09-02T15:04:12.741 , Iteration : 10, BEST: 507 , bonus = 592.0 
** Tour n. 11 at 2019-09-02T15:04:13.082 
    2019-09-02T15:04:14.664 , Iteration : 5, BEST: 512 , bonus = 1.0 
** Tour n. 12 at 2019-09-02T15:04:14.99 
    2019-09-02T15:04:16.716 , Iteration : 5, BEST: 517 , bonus = 1.0 
** Tour n. 13 at 2019-09-02T15:04:18.096 
** Tour n. 14 at 2019-09-02T15:04:19.281 
    2019-09-02T15:04:20.662 , Tour : 15, BEST: 520 , bonus = 1.0 
** Tour n. 15 at 2019-09-02T15:04:20.662 
** Tour n. 16 at 2019-09-02T15:04:21.724 
** Tour n. 17 at 2019-09-02T15:04:23.102 
** Tour n. 18 at 2019-09-02T15:04:24.282 
** Tour n. 19 at 2019-09-02T15:04:25.836 
    2019-09-02T15:04:27.294 , Tour : 20, BEST: 520 , bonus = 1.0 
** Tour n. 20 at 2019-09-02T15:04:27.294 
** Tour n. 21 at 2019-09-02T15:04:28.494 
** Tour n. 22 at 2019-09-02T15:04:29.83 
** Tour n. 23 at 2019-09-02T15:04:30.962 
** Tour n. 24 at 2019-09-02T15:04:32.181 
    2019-09-02T15:04:33.25 , Tour : 25, BEST: 520 , bonus = 1.0 
** Tour n. 25 at 2019-09-02T15:04:33.25 
** Tour n. 26 at 2019-09-02T15:04:34.476 
** Tour n. 27 at 2019-09-02T15:04:35.643 
** Tour n. 28 at 2019-09-02T15:04:37.239 
** Tour n. 29 at 2019-09-02T15:04:38.566 
    2019-09-02T15:04:39.701 , Tour : 30, BEST: 520 , bonus = 1.0 
** Tour n. 30 at 2019-09-02T15:04:39.701 
** Tour n. 31 at 2019-09-02T15:04:41.215 
** Tour n. 32 at 2019-09-02T15:04:42.501 
** Tour n. 33 at 2019-09-02T15:04:43.961 
** Tour n. 34 at 2019-09-02T15:04:46.127 
    2019-09-02T15:04:47.864 , Tour : 35, BEST: 521 , bonus = 1.0 
** Tour n. 35 at 2019-09-02T15:04:47.864 
** Tour n. 36 at 2019-09-02T15:04:49.213 
** Tour n. 37 at 2019-09-02T15:04:50.918 
** Tour n. 38 at 2019-09-02T15:04:52.689 
** Tour n. 39 at 2019-09-02T15:04:54.407 
    2019-09-02T15:04:55.654 , Tour : 40, BEST: 521 , bonus = 1.0 
fitness : 521 
  code : >+>+++++++[++>+---<-++<>]><<><>,>+><++++++++++[++.]>,.<.[<<+.,,-,+>[,]>>-,>><+->,].[<[>,,<<<<[++.,>,<+]]]-+>---,>,<<[-<,,>.<>]+++[->]><<[<[<,-.>,[.>[[..-<<+<+<>[<[-<+<-[,[<+.-+.]>>  
 goal : hi -> gi
** Tour n. 40 at 2019-09-02T15:04:55.654 
** Tour n. 41 at 2019-09-02T15:04:57.286 
** Tour n. 42 at 2019-09-02T15:04:58.988 
fitness : 522 
  code : +>+++++++[++>+---<-++<>]><<><>,>+><++++++++++[++[+.].,.[<<+-,+>[,>[,]>>-,>>>,].[<.[[>,,<<[++.,>,<<]]]-]---,-,>,<<[-<>,,>.<>]+++[->>]><<[<[<,-.>,[.>[[[..-<<++<>[<[-<+<-[[,[<+.-+.]>>  
 goal : hi -> hi
fitness 522 
dna : [0.302465, 0.244355, 0.317125, 0.254749, 0.369824, 0.265739, 0.254749, 0.369824, 0.276893, 0.757381, 0.260417, 0.297923, 0.2021, 0.333956, 0.388082, 0.382018, 0.473537, 0.0325214, 0.446658, 0.370451, 0.371584, 0.0959637, 0.217123, 0.908416, 0.217123, 0.061647, 0.0596507, 0.152335, 0.0596507, 0.152335, 0.734475, 0.236312, 0.264744, 0.202897, 0.0927985, 0.360771, 0.360771, 0.360771, 0.360771, 0.360771, 0.360771, 0.360771, 0.360771, 0.360771, 0.297803, 0.799667, 0.265381, 0.265381, 0.812687, 0.324815, 0.579651, 0.954793, 0.525315, 0.718939, 0.567301, 0.864646, 0.000356623, 0.000356623, 0.267609, 0.493523, 0.686316, 0.334955, 0.173298, 0.815573, 0.744572, 0.173298, 0.815573, 0.744572, 0.944712, 0.166132, 0.20954, 0.416961, 0.746382, 0.211123, 0.182405, 0.230224, 0.697991, 0.880564, 0.531462, 0.853576, 0.0414205, 0.618692, 0.781033, 0.813971, 0.191358, 0.716656, 0.716656, 0.0746897, 0.0528338, 0.752951, 0.311017, 0.303785, 0.620476, 0.717052, 0.221447, 0.663764, 0.0870005, 0.0339584, 0.959942, 0.881015, 0.952235, 0.414507, 0.952235, 0.414507, 0.420147, 0.414507, 0.712378, 0.465261, 0.742169, 0.210836, 0.674358, 0.116667, 0.116667, 0.780688, 0.406513, 0.115209, 0.19901, 0.695302, 0.665908, 0.208392, 0.501814, 0.0749211, 0.135971, 0.940076, 0.270639, 0.270639, 0.289607, 0.764858, 0.456383, 0.236838, 0.236838, 0.949355, 0.206396, 0.0186245, 0.0787722, 0.773611, 0.108297, 0.779614, 0.100225, 0.672118, 0.406537, 0.584483, 0.228429, 0.64353, 0.822747, 0.596111, 0.158843, 0.804164, 0.866017, 0.874021, 0.571949, 0.505132, 0.412914, 0.00982878, 0.0244393, 0.297656, 0.297656, 0.0977023, 0.165099, 0.817508, 0.0630772, 0.802785, 0.394663, 0.0516428, 0.35468, 0.0622843, 0.379641, 0.836925, 0.806678, 0.669537, 0.852921, 0.101639, 0.310996, 0.525729, 0.397658, 0.280919, 0.514136, 0.932776, 0.17994, 0.143356] 
