targetFitness = 2314 
params : Main.SSA.Types.GAParams(156, 10000000, 250, 250, 0.8, 0.01, true, IOStream(<file ../Results/logStringtoimidine.log>), 0.0, 2314.0, 0, 0) 
** Tour n. 1 at 2019-11-11T16:24:08.699 
    2019-11-11T16:24:26.136 , Iteration : 5, BEST: 1577 , bonus = 1135.0 
    2019-11-11T16:24:35.591 , Iteration : 10, BEST: 1811 , bonus = 1324.0 
    2019-11-11T16:24:50.422 , Iteration : 15, BEST: 1963 , bonus = 1.0 
    2019-11-11T16:25:06.287 , Iteration : 20, BEST: 1996 , bonus = 1.0 
    2019-11-11T16:25:17.229 , Iteration : 25, BEST: 2017 , bonus = 1.0 
    2019-11-11T16:25:28.253 , Iteration : 30, BEST: 2035 , bonus = 1.0 
    2019-11-11T16:25:38.416 , Iteration : 35, BEST: 2054 , bonus = 1.0 
    2019-11-11T16:25:45.232 , Iteration : 40, BEST: 2074 , bonus = 1.0 
fitness : 2074 
  code : ++++++++++++++++++++++++++++++++++++++++[++++++++++.],-[,,+,+]...>+.[[+][...]-[.><.<--[.>-.>[.-.-,<<,<,<-[[++]<[.>]]>]<<---+[+-[[+++[<<[..[<]]]]<+]+]]]++]++++[-.+,..[<-]-------<-<<-]--+[+[<.<,>+,...,[,[,,,,[,,,..[+>.>->[[<<<---<]]][,><+,>,,,->],]<<]]  
 goal : toimidine -> 2<FPZdnx
    2019-11-11T16:25:52.434 , Iteration : 45, BEST: 2092 , bonus = 1.0 
    2019-11-11T16:25:58.62 , Iteration : 50, BEST: 2116 , bonus = 1.0 
    2019-11-11T16:26:11.976 , Iteration : 55, BEST: 2140 , bonus = 1.0 
    2019-11-11T16:26:18.43 , Iteration : 60, BEST: 2160 , bonus = 1.0 
    2019-11-11T16:26:24.107 , Iteration : 65, BEST: 2180 , bonus = 1.0 
    2019-11-11T16:26:29.082 , Iteration : 70, BEST: 2184 , bonus = 1.0 
    2019-11-11T16:26:36.29 , Iteration : 75, BEST: 2203 , bonus = 1.0 
    2019-11-11T16:26:39.639 , Iteration : 80, BEST: 2214 , bonus = 1.0 
fitness : 2214 
  code : +++++++++++++++++++++++++++++++++++++++++++++++++++++++++++++++++++++++++++++++++++[+++.],+.[..[++...].--[><[[[.>..>>>]]....>[-,+-->>]++[[[><[<[-[+-[+[-+--[++,++],]<<]]+]>]]+]+][-...+<,.<,...---<----<--]--+[<<+...<.<,,,,,<,,[[[,............[[[[[<-]><  
 goal : toimidine -> VY\_behkn
    2019-11-11T16:26:45.182 , Iteration : 85, BEST: 2226 , bonus = 1.0 
    2019-11-11T16:26:49.94 , Iteration : 90, BEST: 2234 , bonus = 1.0 
    2019-11-11T16:26:53.195 , Iteration : 95, BEST: 2249 , bonus = 1.0 
** Tour n. 2 at 2019-11-11T16:26:54.797 
** Tour n. 3 at 2019-11-11T16:26:59.943 
** Tour n. 4 at 2019-11-11T16:27:04.942 
    2019-11-11T16:27:09.399 , Tour : 5, BEST: 2249 , bonus = 1.0 
** Tour n. 5 at 2019-11-11T16:27:09.399 
** Tour n. 6 at 2019-11-11T16:27:14.075 
** Tour n. 7 at 2019-11-11T16:27:17.913 
** Tour n. 8 at 2019-11-11T16:27:22.446 
** Tour n. 9 at 2019-11-11T16:27:26.985 
    2019-11-11T16:27:31.65 , Tour : 10, BEST: 2249 , bonus = 1.0 
** Tour n. 10 at 2019-11-11T16:27:31.65 
** Tour n. 11 at 2019-11-11T16:27:36.191 
** Tour n. 12 at 2019-11-11T16:27:40.713 
** Tour n. 13 at 2019-11-11T16:27:45.112 
** Tour n. 14 at 2019-11-11T16:27:49.188 
    2019-11-11T16:27:53.917 , Tour : 15, BEST: 2249 , bonus = 1.0 
** Tour n. 15 at 2019-11-11T16:27:53.917 
** Tour n. 16 at 2019-11-11T16:27:58.448 
** Tour n. 17 at 2019-11-11T16:28:04.073 
** Tour n. 18 at 2019-11-11T16:28:08.407 
** Tour n. 19 at 2019-11-11T16:28:12.464 
    2019-11-11T16:28:16.933 , Tour : 20, BEST: 2249 , bonus = 1.0 
** Tour n. 20 at 2019-11-11T16:28:16.933 
** Tour n. 21 at 2019-11-11T16:28:22.119 
** Tour n. 22 at 2019-11-11T16:28:27.024 
** Tour n. 23 at 2019-11-11T16:28:32.285 
** Tour n. 24 at 2019-11-11T16:28:36.974 
    2019-11-11T16:28:42.223 , Tour : 25, BEST: 2249 , bonus = 1.0 
** Tour n. 25 at 2019-11-11T16:28:42.223 
** Tour n. 26 at 2019-11-11T16:28:46.453 
** Tour n. 27 at 2019-11-11T16:28:51.176 
** Tour n. 28 at 2019-11-11T16:28:56.046 
** Tour n. 29 at 2019-11-11T16:29:01.027 
    2019-11-11T16:29:06.438 , Tour : 30, BEST: 2249 , bonus = 1.0 
** Tour n. 30 at 2019-11-11T16:29:06.438 
** Tour n. 31 at 2019-11-11T16:29:11.172 
** Tour n. 32 at 2019-11-11T16:29:16.29 
** Tour n. 33 at 2019-11-11T16:29:20.622 
** Tour n. 34 at 2019-11-11T16:29:24.982 
    2019-11-11T16:29:30.507 , Tour : 35, BEST: 2249 , bonus = 1.0 
** Tour n. 35 at 2019-11-11T16:29:30.507 
    2019-11-11T16:29:37.53 , Iteration : 5, BEST: 2267 , bonus = 1.0 
** Tour n. 36 at 2019-11-11T16:29:37.844 
    2019-11-11T16:29:44.777 , Iteration : 5, BEST: 2272 , bonus = 982.0 
    2019-11-11T16:29:48.625 , Iteration : 10, BEST: 2276 , bonus = 1.0 
** Tour n. 37 at 2019-11-11T16:29:49.416 
** Tour n. 38 at 2019-11-11T16:29:54.636 
** Tour n. 39 at 2019-11-11T16:30:00.226 
    2019-11-11T16:30:04.865 , Tour : 40, BEST: 2279 , bonus = 1.0 
fitness : 2279 
  code : +++++++++++++++++++++++++++++++++++++++++++++++++++++++++++++++++++++++++++++++++++++++++++++++++++++[[++++[...].>.>.<<--[>><,..>]]>>>]---,+--.>>-<+[-+][[<><,-+-.>>[[.,,-+-]]+.],],-<.+[[-<.]>--,[.,>,],].,><.,[-+-<,[<<<+......<<>+<>++]-.[[<...[-,,++.[  
 goal : toimidine -> iiiiiiiii
** Tour n. 40 at 2019-11-11T16:30:04.865 
** Tour n. 41 at 2019-11-11T16:30:09.99 
** Tour n. 42 at 2019-11-11T16:30:16.015 
** Tour n. 43 at 2019-11-11T16:30:20.615 
** Tour n. 44 at 2019-11-11T16:30:25.907 
    2019-11-11T16:30:33.22 , Tour : 45, BEST: 2279 , bonus = 1.0 
** Tour n. 45 at 2019-11-11T16:30:33.22 
** Tour n. 46 at 2019-11-11T16:30:39.464 
** Tour n. 47 at 2019-11-11T16:30:44.762 
** Tour n. 48 at 2019-11-11T16:30:49.57 
** Tour n. 49 at 2019-11-11T16:30:55.095 
    2019-11-11T16:31:01.498 , Tour : 50, BEST: 2279 , bonus = 1.0 
** Tour n. 50 at 2019-11-11T16:31:01.498 
** Tour n. 51 at 2019-11-11T16:31:06.736 
** Tour n. 52 at 2019-11-11T16:31:11.852 
** Tour n. 53 at 2019-11-11T16:31:16.534 
** Tour n. 54 at 2019-11-11T16:31:21 
    2019-11-11T16:31:25.827 , Tour : 55, BEST: 2279 , bonus = 1.0 
** Tour n. 55 at 2019-11-11T16:31:25.827 
** Tour n. 56 at 2019-11-11T16:31:30.787 
** Tour n. 57 at 2019-11-11T16:31:36.67 
** Tour n. 58 at 2019-11-11T16:31:41.397 
** Tour n. 59 at 2019-11-11T16:31:47.773 
    2019-11-11T16:31:52.664 , Tour : 60, BEST: 2279 , bonus = 1.0 
** Tour n. 60 at 2019-11-11T16:31:52.664 
** Tour n. 61 at 2019-11-11T16:31:57.816 
** Tour n. 62 at 2019-11-11T16:32:02.405 
** Tour n. 63 at 2019-11-11T16:32:07.545 
** Tour n. 64 at 2019-11-11T16:32:12.537 
    2019-11-11T16:32:19.563 , Tour : 65, BEST: 2279 , bonus = 1.0 
** Tour n. 65 at 2019-11-11T16:32:19.563 
** Tour n. 66 at 2019-11-11T16:32:25.35 
** Tour n. 67 at 2019-11-11T16:32:30.394 
** Tour n. 68 at 2019-11-11T16:32:35.089 
** Tour n. 69 at 2019-11-11T16:32:40.139 
    2019-11-11T16:32:45.121 , Tour : 70, BEST: 2279 , bonus = 1.0 
** Tour n. 70 at 2019-11-11T16:32:45.121 
** Tour n. 71 at 2019-11-11T16:32:50.836 
** Tour n. 72 at 2019-11-11T16:32:55.777 
** Tour n. 73 at 2019-11-11T16:33:01.2 
** Tour n. 74 at 2019-11-11T16:33:08.629 
    2019-11-11T16:33:15.737 , Tour : 75, BEST: 2279 , bonus = 1.0 
** Tour n. 75 at 2019-11-11T16:33:15.737 
** Tour n. 76 at 2019-11-11T16:33:22.974 
** Tour n. 77 at 2019-11-11T16:33:28.063 
** Tour n. 78 at 2019-11-11T16:33:33.655 
** Tour n. 79 at 2019-11-11T16:33:40.46 
    2019-11-11T16:33:46.41 , Tour : 80, BEST: 2279 , bonus = 1.0 
fitness : 2279 
  code : <>-++++++[+++++++++++++++++++++++++++++++++++++++++++++++++++++++++++++++++++++++++++++++++++++++++++++++++[[+++[...].>.<.<>-[>>>,,,..]><.,-[<,+--.>-<+[---+][<<,+---..[[.,-]]]]].,],,[+,.+]>.[..[,[,,.>,,[[+.[.[>+<,+[>,--<]]>>.<<>+,[>,,.<>]-+>],>.>,<]+  
 goal : toimidine -> iiiiiiiii
** Tour n. 80 at 2019-11-11T16:33:46.41 
** Tour n. 81 at 2019-11-11T16:33:52.327 
** Tour n. 82 at 2019-11-11T16:33:58.959 
** Tour n. 83 at 2019-11-11T16:34:03.418 
** Tour n. 84 at 2019-11-11T16:34:07.767 
    2019-11-11T16:34:12.824 , Tour : 85, BEST: 2283 , bonus = 1.0 
** Tour n. 85 at 2019-11-11T16:34:12.824 
    2019-11-11T16:34:21.114 , Iteration : 5, BEST: 2287 , bonus = 1.0 
** Tour n. 86 at 2019-11-11T16:34:24.739 
** Tour n. 87 at 2019-11-11T16:34:30.54 
** Tour n. 88 at 2019-11-11T16:34:36.08 
** Tour n. 89 at 2019-11-11T16:34:41.656 
    2019-11-11T16:34:48.058 , Tour : 90, BEST: 2287 , bonus = 1.0 
** Tour n. 90 at 2019-11-11T16:34:48.058 
** Tour n. 91 at 2019-11-11T16:34:53.201 
** Tour n. 92 at 2019-11-11T16:34:59.073 
** Tour n. 93 at 2019-11-11T16:35:04.28 
** Tour n. 94 at 2019-11-11T16:35:09.456 
    2019-11-11T16:35:13.679 , Tour : 95, BEST: 2287 , bonus = 1.0 
** Tour n. 95 at 2019-11-11T16:35:13.679 
** Tour n. 96 at 2019-11-11T16:35:19.123 
    2019-11-11T16:35:26.798 , Iteration : 5, BEST: 2291 , bonus = 1561.0 
** Tour n. 97 at 2019-11-11T16:35:30.373 
** Tour n. 98 at 2019-11-11T16:35:35.844 
** Tour n. 99 at 2019-11-11T16:35:41.845 
    2019-11-11T16:35:46.509 , Tour : 100, BEST: 2291 , bonus = 1.0 
** Tour n. 100 at 2019-11-11T16:35:46.509 
** Tour n. 101 at 2019-11-11T16:35:52.358 
** Tour n. 102 at 2019-11-11T16:35:57.73 
** Tour n. 103 at 2019-11-11T16:36:03.028 
** Tour n. 104 at 2019-11-11T16:36:08.718 
    2019-11-11T16:36:14.194 , Tour : 105, BEST: 2291 , bonus = 1.0 
** Tour n. 105 at 2019-11-11T16:36:14.194 
** Tour n. 106 at 2019-11-11T16:36:20.931 
** Tour n. 107 at 2019-11-11T16:36:25.703 
** Tour n. 108 at 2019-11-11T16:36:30.296 
** Tour n. 109 at 2019-11-11T16:36:35.485 
    2019-11-11T16:36:41.142 , Tour : 110, BEST: 2291 , bonus = 1.0 
** Tour n. 110 at 2019-11-11T16:36:41.142 
** Tour n. 111 at 2019-11-11T16:36:46.328 
** Tour n. 112 at 2019-11-11T16:36:51.405 
** Tour n. 113 at 2019-11-11T16:36:56.854 
** Tour n. 114 at 2019-11-11T16:37:01.884 
    2019-11-11T16:37:07.495 , Tour : 115, BEST: 2291 , bonus = 1.0 
** Tour n. 115 at 2019-11-11T16:37:07.495 
** Tour n. 116 at 2019-11-11T16:37:13.153 
** Tour n. 117 at 2019-11-11T16:37:17.558 
** Tour n. 118 at 2019-11-11T16:37:22.329 
** Tour n. 119 at 2019-11-11T16:37:26.73 
    2019-11-11T16:37:31.615 , Tour : 120, BEST: 2291 , bonus = 1.0 
fitness : 2291 
  code : ++++++++++[++++++++++++++++++++++++++++++++++++++++++++++++++++++++++++++++++++++++++++++++++++++++++++++++++++[+[..---.].>>.>.<.<],+.>]>-><.-[<,,+-.-<[--,+]]<,----.....[[[.,-.,],,,+,.+.->.[.+,]-->,>,,[[-[+<,,+[>,-<,,<,[<[>.>.<[>,,.<..+>]->>.>,,+><,+  
 goal : toimidine -> oollliiif
** Tour n. 120 at 2019-11-11T16:37:31.615 
** Tour n. 121 at 2019-11-11T16:37:36.4 
** Tour n. 122 at 2019-11-11T16:37:41.074 
** Tour n. 123 at 2019-11-11T16:37:45.677 
** Tour n. 124 at 2019-11-11T16:37:51.167 
    2019-11-11T16:37:57.081 , Tour : 125, BEST: 2291 , bonus = 1.0 
** Tour n. 125 at 2019-11-11T16:37:57.081 
** Tour n. 126 at 2019-11-11T16:38:02.281 
** Tour n. 127 at 2019-11-11T16:38:07.04 
** Tour n. 128 at 2019-11-11T16:38:11.851 
** Tour n. 129 at 2019-11-11T16:38:16.46 
    2019-11-11T16:38:22.182 , Tour : 130, BEST: 2291 , bonus = 1.0 
** Tour n. 130 at 2019-11-11T16:38:22.182 
** Tour n. 131 at 2019-11-11T16:38:27.8 
** Tour n. 132 at 2019-11-11T16:38:33.799 
** Tour n. 133 at 2019-11-11T16:38:38.745 
** Tour n. 134 at 2019-11-11T16:38:43.284 
    2019-11-11T16:38:49.127 , Tour : 135, BEST: 2291 , bonus = 1.0 
** Tour n. 135 at 2019-11-11T16:38:49.127 
** Tour n. 136 at 2019-11-11T16:38:54.716 
** Tour n. 137 at 2019-11-11T16:38:59.841 
** Tour n. 138 at 2019-11-11T16:39:05.159 
** Tour n. 139 at 2019-11-11T16:39:11.118 
    2019-11-11T16:39:16.875 , Tour : 140, BEST: 2291 , bonus = 1.0 
** Tour n. 140 at 2019-11-11T16:39:16.875 
** Tour n. 141 at 2019-11-11T16:39:21.68 
** Tour n. 142 at 2019-11-11T16:39:26.525 
** Tour n. 143 at 2019-11-11T16:39:31.551 
** Tour n. 144 at 2019-11-11T16:39:37.005 
    2019-11-11T16:39:42.505 , Tour : 145, BEST: 2291 , bonus = 1.0 
** Tour n. 145 at 2019-11-11T16:39:42.505 
** Tour n. 146 at 2019-11-11T16:39:47.386 
** Tour n. 147 at 2019-11-11T16:39:53.126 
** Tour n. 148 at 2019-11-11T16:39:58.968 
** Tour n. 149 at 2019-11-11T16:40:05.042 
    2019-11-11T16:40:09.857 , Tour : 150, BEST: 2291 , bonus = 1.0 
** Tour n. 150 at 2019-11-11T16:40:09.857 
** Tour n. 151 at 2019-11-11T16:40:16.139 
** Tour n. 152 at 2019-11-11T16:40:20.964 
** Tour n. 153 at 2019-11-11T16:40:27.934 
** Tour n. 154 at 2019-11-11T16:40:34.044 
    2019-11-11T16:40:40.173 , Tour : 155, BEST: 2291 , bonus = 1.0 
** Tour n. 155 at 2019-11-11T16:40:40.173 
** Tour n. 156 at 2019-11-11T16:40:45.393 
** Tour n. 157 at 2019-11-11T16:40:50.121 
** Tour n. 158 at 2019-11-11T16:40:56.23 
** Tour n. 159 at 2019-11-11T16:41:01.113 
    2019-11-11T16:41:07.436 , Tour : 160, BEST: 2291 , bonus = 1.0 
fitness : 2291 
  code : -,,+,->+++++++++[+++++++++++++++++++++++++++++++++++++++++++++++++++++++++++++++++++++++++++++++++++++++++++++++++++++[+[..---.]].>>.>.<.-],,.><>.-[<,,+.-<[---,+]]<.---.+..[[[[.,--.,],,++[.-->.---><]-->,,-,[[-+++<,[>,<,,<<,[<[>..>.<<,.<.++.+++->>.>,>  
 goal : toimidine -> oollliiif
** Tour n. 160 at 2019-11-11T16:41:07.436 
** Tour n. 161 at 2019-11-11T16:41:13.058 
** Tour n. 162 at 2019-11-11T16:41:17.929 
** Tour n. 163 at 2019-11-11T16:41:24.108 
** Tour n. 164 at 2019-11-11T16:41:30.051 
    2019-11-11T16:41:35.787 , Tour : 165, BEST: 2291 , bonus = 1.0 
** Tour n. 165 at 2019-11-11T16:41:35.787 
** Tour n. 166 at 2019-11-11T16:41:41.103 
** Tour n. 167 at 2019-11-11T16:41:46.842 
** Tour n. 168 at 2019-11-11T16:41:51.8 
** Tour n. 169 at 2019-11-11T16:41:57.501 
    2019-11-11T16:42:03.063 , Tour : 170, BEST: 2291 , bonus = 1.0 
** Tour n. 170 at 2019-11-11T16:42:03.062 
** Tour n. 171 at 2019-11-11T16:42:08.589 
** Tour n. 172 at 2019-11-11T16:42:15.331 
** Tour n. 173 at 2019-11-11T16:42:19.872 
** Tour n. 174 at 2019-11-11T16:42:26.247 
    2019-11-11T16:42:33.409 , Tour : 175, BEST: 2291 , bonus = 1.0 
** Tour n. 175 at 2019-11-11T16:42:33.409 
** Tour n. 176 at 2019-11-11T16:42:38.02 
** Tour n. 177 at 2019-11-11T16:42:43.95 
** Tour n. 178 at 2019-11-11T16:42:49.734 
** Tour n. 179 at 2019-11-11T16:42:54.84 
    2019-11-11T16:43:00.276 , Tour : 180, BEST: 2291 , bonus = 1.0 
** Tour n. 180 at 2019-11-11T16:43:00.276 
** Tour n. 181 at 2019-11-11T16:43:06.141 
** Tour n. 182 at 2019-11-11T16:43:11.621 
** Tour n. 183 at 2019-11-11T16:43:16.75 
** Tour n. 184 at 2019-11-11T16:43:22.071 
    2019-11-11T16:43:27.794 , Tour : 185, BEST: 2291 , bonus = 1.0 
** Tour n. 185 at 2019-11-11T16:43:27.794 
** Tour n. 186 at 2019-11-11T16:43:32.861 
** Tour n. 187 at 2019-11-11T16:43:39.508 
** Tour n. 188 at 2019-11-11T16:43:44.981 
** Tour n. 189 at 2019-11-11T16:43:50.47 
    2019-11-11T16:43:56.12 , Tour : 190, BEST: 2291 , bonus = 1.0 
** Tour n. 190 at 2019-11-11T16:43:56.12 
** Tour n. 191 at 2019-11-11T16:44:01.97 
** Tour n. 192 at 2019-11-11T16:44:06.745 
** Tour n. 193 at 2019-11-11T16:44:12.101 
** Tour n. 194 at 2019-11-11T16:44:16.84 
    2019-11-11T16:44:21.634 , Tour : 195, BEST: 2291 , bonus = 1.0 
** Tour n. 195 at 2019-11-11T16:44:21.634 
** Tour n. 196 at 2019-11-11T16:44:28.054 
** Tour n. 197 at 2019-11-11T16:44:34.388 
** Tour n. 198 at 2019-11-11T16:44:39.26 
** Tour n. 199 at 2019-11-11T16:44:44.153 
    2019-11-11T16:44:49.148 , Tour : 200, BEST: 2291 , bonus = 1.0 
fitness : 2291 
  code : ->+++++++++[++++++++++++++++++++-++++++++++++++++++++++++++++++++++++++++++++++++++++++++++++++++++++++++++++++++++[+[..---.]].>>.>.<..-.]....,>>.[-,,.-<[<[-<[..--,--]]<.<.---..[[[,---.+++[.---->-><]-<]-<,,-,[[+<,[>,]>,<<<<<[>..<<,,<..+++++.+->>.>,<+  
 goal : toimidine -> oollliiif
** Tour n. 200 at 2019-11-11T16:44:49.148 
** Tour n. 201 at 2019-11-11T16:44:54.587 
** Tour n. 202 at 2019-11-11T16:44:59.914 
** Tour n. 203 at 2019-11-11T16:45:04.914 
** Tour n. 204 at 2019-11-11T16:45:10.121 
    2019-11-11T16:45:16.685 , Tour : 205, BEST: 2291 , bonus = 1.0 
** Tour n. 205 at 2019-11-11T16:45:16.684 
** Tour n. 206 at 2019-11-11T16:45:21.712 
** Tour n. 207 at 2019-11-11T16:45:27.626 
** Tour n. 208 at 2019-11-11T16:45:33.64 
** Tour n. 209 at 2019-11-11T16:45:38.695 
    2019-11-11T16:45:44.737 , Tour : 210, BEST: 2291 , bonus = 1.0 
** Tour n. 210 at 2019-11-11T16:45:44.737 
** Tour n. 211 at 2019-11-11T16:45:50.235 
** Tour n. 212 at 2019-11-11T16:45:56.288 
** Tour n. 213 at 2019-11-11T16:46:01.981 
** Tour n. 214 at 2019-11-11T16:46:08.434 
    2019-11-11T16:46:13.326 , Tour : 215, BEST: 2291 , bonus = 1.0 
** Tour n. 215 at 2019-11-11T16:46:13.326 
** Tour n. 216 at 2019-11-11T16:46:19.92 
** Tour n. 217 at 2019-11-11T16:46:25.328 
** Tour n. 218 at 2019-11-11T16:46:30.642 
** Tour n. 219 at 2019-11-11T16:46:35.697 
    2019-11-11T16:46:41.7 , Tour : 220, BEST: 2291 , bonus = 1.0 
** Tour n. 220 at 2019-11-11T16:46:41.7 
** Tour n. 221 at 2019-11-11T16:46:47.012 
** Tour n. 222 at 2019-11-11T16:46:53.548 
** Tour n. 223 at 2019-11-11T16:47:00.002 
** Tour n. 224 at 2019-11-11T16:47:07.052 
    2019-11-11T16:47:13.009 , Tour : 225, BEST: 2291 , bonus = 1.0 
** Tour n. 225 at 2019-11-11T16:47:13.009 
** Tour n. 226 at 2019-11-11T16:47:18.554 
** Tour n. 227 at 2019-11-11T16:47:23.527 
** Tour n. 228 at 2019-11-11T16:47:28.678 
** Tour n. 229 at 2019-11-11T16:47:33.636 
    2019-11-11T16:47:39.194 , Tour : 230, BEST: 2291 , bonus = 1.0 
** Tour n. 230 at 2019-11-11T16:47:39.194 
** Tour n. 231 at 2019-11-11T16:47:44.475 
** Tour n. 232 at 2019-11-11T16:47:49.362 
** Tour n. 233 at 2019-11-11T16:47:54.832 
** Tour n. 234 at 2019-11-11T16:48:00.524 
    2019-11-11T16:48:05.226 , Tour : 235, BEST: 2291 , bonus = 1.0 
** Tour n. 235 at 2019-11-11T16:48:05.226 
** Tour n. 236 at 2019-11-11T16:48:09.93 
** Tour n. 237 at 2019-11-11T16:48:15.687 
** Tour n. 238 at 2019-11-11T16:48:20.927 
** Tour n. 239 at 2019-11-11T16:48:27.08 
    2019-11-11T16:48:33.086 , Tour : 240, BEST: 2291 , bonus = 1.0 
fitness : 2291 
  code : +,+++++++++++++[++++++++++++++++-++++++++++++++++++++++++++[+++++++++++++++++++++++++++++++++++++++++++++++++++++++++[..---.]].>>..>..-].<[..,>->.>.[-,,,.-<[[-<-[..---]..].<.-.[[,[,--.-.++.+++[.-><]]--<,,-,-,[[<[>,[.>.<<<[>..<.<<,,,<.++++.+-->>.]>,<]  
 goal : toimidine -> oollliiif
** Tour n. 240 at 2019-11-11T16:48:33.086 
** Tour n. 241 at 2019-11-11T16:48:38.501 
** Tour n. 242 at 2019-11-11T16:48:43.901 
** Tour n. 243 at 2019-11-11T16:48:50.538 
** Tour n. 244 at 2019-11-11T16:48:56.674 
    2019-11-11T16:49:02.55 , Tour : 245, BEST: 2291 , bonus = 1.0 
** Tour n. 245 at 2019-11-11T16:49:02.55 
** Tour n. 246 at 2019-11-11T16:49:08.027 
** Tour n. 247 at 2019-11-11T16:49:14.884 
** Tour n. 248 at 2019-11-11T16:49:20.437 
** Tour n. 249 at 2019-11-11T16:49:25.384 
    2019-11-11T16:49:30.433 , Tour : 250, BEST: 2291 , bonus = 1.0 
** Tour n. 250 at 2019-11-11T16:49:30.433 
** Tour n. 251 at 2019-11-11T16:49:35.356 
** Tour n. 252 at 2019-11-11T16:49:40.824 
** Tour n. 253 at 2019-11-11T16:49:45.88 
** Tour n. 254 at 2019-11-11T16:49:51.934 
    2019-11-11T16:49:57.095 , Tour : 255, BEST: 2291 , bonus = 1.0 
** Tour n. 255 at 2019-11-11T16:49:57.095 
** Tour n. 256 at 2019-11-11T16:50:02.235 
** Tour n. 257 at 2019-11-11T16:50:06.862 
** Tour n. 258 at 2019-11-11T16:50:11.966 
** Tour n. 259 at 2019-11-11T16:50:17.237 
    2019-11-11T16:50:22.236 , Tour : 260, BEST: 2291 , bonus = 1.0 
** Tour n. 260 at 2019-11-11T16:50:22.236 
** Tour n. 261 at 2019-11-11T16:50:27.481 
** Tour n. 262 at 2019-11-11T16:50:32.359 
** Tour n. 263 at 2019-11-11T16:50:37.28 
** Tour n. 264 at 2019-11-11T16:50:42.02 
    2019-11-11T16:50:47.397 , Tour : 265, BEST: 2291 , bonus = 1.0 
** Tour n. 265 at 2019-11-11T16:50:47.397 
** Tour n. 266 at 2019-11-11T16:50:52.676 
** Tour n. 267 at 2019-11-11T16:50:57.558 
** Tour n. 268 at 2019-11-11T16:51:03.049 
** Tour n. 269 at 2019-11-11T16:51:08.422 
    2019-11-11T16:51:14.312 , Tour : 270, BEST: 2291 , bonus = 1.0 
** Tour n. 270 at 2019-11-11T16:51:14.312 
** Tour n. 271 at 2019-11-11T16:51:19.705 
** Tour n. 272 at 2019-11-11T16:51:24.775 
** Tour n. 273 at 2019-11-11T16:51:29.39 
** Tour n. 274 at 2019-11-11T16:51:34.982 
    2019-11-11T16:51:40.438 , Tour : 275, BEST: 2291 , bonus = 1.0 
** Tour n. 275 at 2019-11-11T16:51:40.438 
** Tour n. 276 at 2019-11-11T16:51:45.388 
** Tour n. 277 at 2019-11-11T16:51:51.422 
** Tour n. 278 at 2019-11-11T16:51:56.784 
** Tour n. 279 at 2019-11-11T16:52:02.17 
    2019-11-11T16:52:07.607 , Tour : 280, BEST: 2291 , bonus = 1.0 
fitness : 2291 
  code : >+++++++++++[++[++++++++++++++++-++++++++++++++++++++++++++[[+++++++++++++++++++++++++++++++++++++++++++++++++++++++++[..---.]].>>.>..-]...,,>>>->.[-[,,.-<[[[-<-[.---]..]<.-.,<,[,-,-.<-+.+++++++.[+[><>.-<,,-,-,<<[>,[,[...<>..<..,,[.+++++>++.+-->[.]>>  
 goal : toimidine -> oollliiif
** Tour n. 280 at 2019-11-11T16:52:07.607 
** Tour n. 281 at 2019-11-11T16:52:13.113 
** Tour n. 282 at 2019-11-11T16:52:18.531 
** Tour n. 283 at 2019-11-11T16:52:24.12 
** Tour n. 284 at 2019-11-11T16:52:29.935 
    2019-11-11T16:52:35.552 , Tour : 285, BEST: 2291 , bonus = 1.0 
** Tour n. 285 at 2019-11-11T16:52:35.552 
** Tour n. 286 at 2019-11-11T16:52:41.537 
** Tour n. 287 at 2019-11-11T16:52:47.332 
** Tour n. 288 at 2019-11-11T16:52:52.659 
** Tour n. 289 at 2019-11-11T16:52:57.395 
    2019-11-11T16:53:03.407 , Tour : 290, BEST: 2291 , bonus = 1.0 
** Tour n. 290 at 2019-11-11T16:53:03.407 
** Tour n. 291 at 2019-11-11T16:53:08.678 
** Tour n. 292 at 2019-11-11T16:53:14.623 
** Tour n. 293 at 2019-11-11T16:53:20.037 
** Tour n. 294 at 2019-11-11T16:53:24.714 
    2019-11-11T16:53:30.082 , Tour : 295, BEST: 2291 , bonus = 1.0 
** Tour n. 295 at 2019-11-11T16:53:30.082 
** Tour n. 296 at 2019-11-11T16:53:34.877 
** Tour n. 297 at 2019-11-11T16:53:40.375 
** Tour n. 298 at 2019-11-11T16:53:45.546 
** Tour n. 299 at 2019-11-11T16:53:50.214 
    2019-11-11T16:53:54.875 , Tour : 300, BEST: 2291 , bonus = 1.0 
** Tour n. 300 at 2019-11-11T16:53:54.875 
** Tour n. 301 at 2019-11-11T16:53:59.363 
** Tour n. 302 at 2019-11-11T16:54:04.166 
** Tour n. 303 at 2019-11-11T16:54:09.04 
** Tour n. 304 at 2019-11-11T16:54:13.767 
    2019-11-11T16:54:19.673 , Tour : 305, BEST: 2291 , bonus = 1.0 
** Tour n. 305 at 2019-11-11T16:54:19.673 
** Tour n. 306 at 2019-11-11T16:54:25.494 
** Tour n. 307 at 2019-11-11T16:54:30.94 
** Tour n. 308 at 2019-11-11T16:54:36.725 
** Tour n. 309 at 2019-11-11T16:54:41.547 
    2019-11-11T16:54:45.964 , Tour : 310, BEST: 2291 , bonus = 1.0 
** Tour n. 310 at 2019-11-11T16:54:45.964 
** Tour n. 311 at 2019-11-11T16:54:50.941 
** Tour n. 312 at 2019-11-11T16:54:55.714 
** Tour n. 313 at 2019-11-11T16:55:00.528 
** Tour n. 314 at 2019-11-11T16:55:05.511 
    2019-11-11T16:55:10.408 , Tour : 315, BEST: 2291 , bonus = 1.0 
** Tour n. 315 at 2019-11-11T16:55:10.408 
** Tour n. 316 at 2019-11-11T16:55:15.12 
** Tour n. 317 at 2019-11-11T16:55:19.896 
** Tour n. 318 at 2019-11-11T16:55:25.112 
** Tour n. 319 at 2019-11-11T16:55:30.402 
    2019-11-11T16:55:35.106 , Tour : 320, BEST: 2291 , bonus = 1.0 
fitness : 2291 
  code : +++++++++++[[++[+++++++++++++++-++++++++++++++++++++++++++[++++++++++++++++++++++++++++++++++++++++++++++++++++++++++[..---.]].>>..>..-].,>>>->.>.[-[.-[[[-<-[.---.]<...,<,[,,-,-.<[.-]]>++.[+[><><>-<<,,<-<>>,,,[[.....,.<,,...,<-,[+.++<++.+--->[.]>.><.  
 goal : toimidine -> oollliiif
** Tour n. 320 at 2019-11-11T16:55:35.106 
** Tour n. 321 at 2019-11-11T16:55:39.92 
** Tour n. 322 at 2019-11-11T16:55:45.145 
** Tour n. 323 at 2019-11-11T16:55:51.039 
** Tour n. 324 at 2019-11-11T16:55:56.454 
    2019-11-11T16:56:01.719 , Tour : 325, BEST: 2291 , bonus = 1.0 
** Tour n. 325 at 2019-11-11T16:56:01.719 
** Tour n. 326 at 2019-11-11T16:56:07.782 
** Tour n. 327 at 2019-11-11T16:56:12.913 
** Tour n. 328 at 2019-11-11T16:56:18.33 
** Tour n. 329 at 2019-11-11T16:56:23.589 
    2019-11-11T16:56:28.334 , Tour : 330, BEST: 2291 , bonus = 1.0 
** Tour n. 330 at 2019-11-11T16:56:28.334 
** Tour n. 331 at 2019-11-11T16:56:34.134 
** Tour n. 332 at 2019-11-11T16:56:38.97 
** Tour n. 333 at 2019-11-11T16:56:45.216 
** Tour n. 334 at 2019-11-11T16:56:50.643 
    2019-11-11T16:56:56 , Tour : 335, BEST: 2291 , bonus = 1.0 
** Tour n. 335 at 2019-11-11T16:56:56 
** Tour n. 336 at 2019-11-11T16:57:01.193 
** Tour n. 337 at 2019-11-11T16:57:07.084 
** Tour n. 338 at 2019-11-11T16:57:12.904 
** Tour n. 339 at 2019-11-11T16:57:18.869 
    2019-11-11T16:57:24.048 , Tour : 340, BEST: 2291 , bonus = 1.0 
** Tour n. 340 at 2019-11-11T16:57:24.048 
** Tour n. 341 at 2019-11-11T16:57:29.15 
** Tour n. 342 at 2019-11-11T16:57:34.281 
** Tour n. 343 at 2019-11-11T16:57:39.402 
** Tour n. 344 at 2019-11-11T16:57:44.578 
    2019-11-11T16:57:50.014 , Tour : 345, BEST: 2291 , bonus = 1.0 
** Tour n. 345 at 2019-11-11T16:57:50.014 
** Tour n. 346 at 2019-11-11T16:57:55.562 
** Tour n. 347 at 2019-11-11T16:58:00.248 
** Tour n. 348 at 2019-11-11T16:58:05.949 
** Tour n. 349 at 2019-11-11T16:58:11.193 
    2019-11-11T16:58:15.944 , Tour : 350, BEST: 2291 , bonus = 1.0 
** Tour n. 350 at 2019-11-11T16:58:15.944 
** Tour n. 351 at 2019-11-11T16:58:21.567 
** Tour n. 352 at 2019-11-11T16:58:27.158 
** Tour n. 353 at 2019-11-11T16:58:32.83 
** Tour n. 354 at 2019-11-11T16:58:37.999 
    2019-11-11T16:58:44.616 , Tour : 355, BEST: 2291 , bonus = 1.0 
** Tour n. 355 at 2019-11-11T16:58:44.616 
** Tour n. 356 at 2019-11-11T16:58:50.859 
** Tour n. 357 at 2019-11-11T16:58:56.768 
** Tour n. 358 at 2019-11-11T16:59:02.403 
** Tour n. 359 at 2019-11-11T16:59:08.352 
    2019-11-11T16:59:14.508 , Tour : 360, BEST: 2291 , bonus = 1.0 
fitness : 2291 
  code : ++++++++++[++[+++++++++++++++++-+++++++++++++++++++++++++[++++++++++++++++++++++++++++++++++++++++++++++++++++++++++[..---.]]].>+.>..-]..>-..>>>>.[-[-<-[.-->---....<,[,,-.<<[.-]]>.[+[><>[<>><>-[,.<>>>>>,,>,,[[........[-]--][,++-[+.+<-->[>[.]-.><..>>,  
 goal : toimidine -> oollliiif
** Tour n. 360 at 2019-11-11T16:59:14.508 
** Tour n. 361 at 2019-11-11T16:59:19.403 
** Tour n. 362 at 2019-11-11T16:59:24.86 
** Tour n. 363 at 2019-11-11T16:59:30.501 
** Tour n. 364 at 2019-11-11T16:59:35.573 
    2019-11-11T16:59:41.165 , Tour : 365, BEST: 2291 , bonus = 1.0 
** Tour n. 365 at 2019-11-11T16:59:41.165 
** Tour n. 366 at 2019-11-11T16:59:47.206 
** Tour n. 367 at 2019-11-11T16:59:52.471 
** Tour n. 368 at 2019-11-11T16:59:57.931 
** Tour n. 369 at 2019-11-11T17:00:03.177 
    2019-11-11T17:00:08.314 , Tour : 370, BEST: 2291 , bonus = 1.0 
** Tour n. 370 at 2019-11-11T17:00:08.314 
** Tour n. 371 at 2019-11-11T17:00:14.427 
** Tour n. 372 at 2019-11-11T17:00:19.631 
** Tour n. 373 at 2019-11-11T17:00:25.845 
** Tour n. 374 at 2019-11-11T17:00:30.965 
    2019-11-11T17:00:37.085 , Tour : 375, BEST: 2291 , bonus = 1.0 
** Tour n. 375 at 2019-11-11T17:00:37.085 
** Tour n. 376 at 2019-11-11T17:00:42.722 
** Tour n. 377 at 2019-11-11T17:00:48.441 
** Tour n. 378 at 2019-11-11T17:00:53.834 
** Tour n. 379 at 2019-11-11T17:00:58.759 
    2019-11-11T17:01:05.64 , Tour : 380, BEST: 2291 , bonus = 1.0 
** Tour n. 380 at 2019-11-11T17:01:05.64 
** Tour n. 381 at 2019-11-11T17:01:10.687 
** Tour n. 382 at 2019-11-11T17:01:16.882 
** Tour n. 383 at 2019-11-11T17:01:22.213 
** Tour n. 384 at 2019-11-11T17:01:28.029 
    2019-11-11T17:01:35.126 , Tour : 385, BEST: 2291 , bonus = 1.0 
** Tour n. 385 at 2019-11-11T17:01:35.126 
** Tour n. 386 at 2019-11-11T17:01:40.655 
** Tour n. 387 at 2019-11-11T17:01:45.571 
** Tour n. 388 at 2019-11-11T17:01:51.238 
** Tour n. 389 at 2019-11-11T17:01:57.354 
    2019-11-11T17:02:03.008 , Tour : 390, BEST: 2291 , bonus = 1.0 
** Tour n. 390 at 2019-11-11T17:02:03.008 
** Tour n. 391 at 2019-11-11T17:02:07.653 
** Tour n. 392 at 2019-11-11T17:02:13.188 
** Tour n. 393 at 2019-11-11T17:02:18.749 
** Tour n. 394 at 2019-11-11T17:02:23.8 
    2019-11-11T17:02:29.208 , Tour : 395, BEST: 2291 , bonus = 1.0 
** Tour n. 395 at 2019-11-11T17:02:29.208 
** Tour n. 396 at 2019-11-11T17:02:34.615 
** Tour n. 397 at 2019-11-11T17:02:39.507 
** Tour n. 398 at 2019-11-11T17:02:44.877 
** Tour n. 399 at 2019-11-11T17:02:50.378 
    2019-11-11T17:02:55.569 , Tour : 400, BEST: 2291 , bonus = 1.0 
fitness : 2291 
  code : +++++++[++[++++++++++++++++-++++++++++++++++++++++++++[+++++++++++++++++++++++++++++++++++++++++++++++++++++++++++++[..---.]]].>>+]..>.....>>.-[-<-[.-->>----,.,.<,+,,,-.<<[-]]>...[+[[[,<><>>>-[,.<>>>>,,>>,,[...,....+.[-]-,+,+--[+-[+.+<-->[>[..]-[.><,  
 goal : toimidine -> oollliiif
** Tour n. 400 at 2019-11-11T17:02:55.569 
** Tour n. 401 at 2019-11-11T17:03:00.226 
** Tour n. 402 at 2019-11-11T17:03:05.289 
** Tour n. 403 at 2019-11-11T17:03:11.007 
** Tour n. 404 at 2019-11-11T17:03:15.72 
    2019-11-11T17:03:20.92 , Tour : 405, BEST: 2291 , bonus = 1.0 
** Tour n. 405 at 2019-11-11T17:03:20.92 
** Tour n. 406 at 2019-11-11T17:03:26.581 
** Tour n. 407 at 2019-11-11T17:03:31.728 
** Tour n. 408 at 2019-11-11T17:03:36.439 
** Tour n. 409 at 2019-11-11T17:03:41.594 
    2019-11-11T17:03:46.811 , Tour : 410, BEST: 2291 , bonus = 1.0 
** Tour n. 410 at 2019-11-11T17:03:46.811 
** Tour n. 411 at 2019-11-11T17:03:52.051 
** Tour n. 412 at 2019-11-11T17:03:57.416 
** Tour n. 413 at 2019-11-11T17:04:02.509 
** Tour n. 414 at 2019-11-11T17:04:07.884 
    2019-11-11T17:04:13.36 , Tour : 415, BEST: 2291 , bonus = 1.0 
** Tour n. 415 at 2019-11-11T17:04:13.36 
** Tour n. 416 at 2019-11-11T17:04:18.09 
** Tour n. 417 at 2019-11-11T17:04:22.731 
** Tour n. 418 at 2019-11-11T17:04:27.878 
** Tour n. 419 at 2019-11-11T17:04:32.659 
    2019-11-11T17:04:37.388 , Tour : 420, BEST: 2291 , bonus = 1.0 
** Tour n. 420 at 2019-11-11T17:04:37.388 
** Tour n. 421 at 2019-11-11T17:04:42.204 
** Tour n. 422 at 2019-11-11T17:04:47.862 
** Tour n. 423 at 2019-11-11T17:04:52.779 
** Tour n. 424 at 2019-11-11T17:04:58.819 
    2019-11-11T17:05:03.94 , Tour : 425, BEST: 2291 , bonus = 1.0 
** Tour n. 425 at 2019-11-11T17:05:03.94 
** Tour n. 426 at 2019-11-11T17:05:09.228 
** Tour n. 427 at 2019-11-11T17:05:14.138 
** Tour n. 428 at 2019-11-11T17:05:20.011 
** Tour n. 429 at 2019-11-11T17:05:25.161 
    2019-11-11T17:05:31.182 , Tour : 430, BEST: 2291 , bonus = 1.0 
** Tour n. 430 at 2019-11-11T17:05:31.182 
** Tour n. 431 at 2019-11-11T17:05:36.245 
** Tour n. 432 at 2019-11-11T17:05:41.476 
** Tour n. 433 at 2019-11-11T17:05:46.858 
** Tour n. 434 at 2019-11-11T17:05:52.747 
    2019-11-11T17:05:58.312 , Tour : 435, BEST: 2291 , bonus = 1.0 
** Tour n. 435 at 2019-11-11T17:05:58.312 
** Tour n. 436 at 2019-11-11T17:06:03.829 
** Tour n. 437 at 2019-11-11T17:06:09.368 
** Tour n. 438 at 2019-11-11T17:06:15.31 
** Tour n. 439 at 2019-11-11T17:06:20.548 
    2019-11-11T17:06:25.772 , Tour : 440, BEST: 2291 , bonus = 1.0 
fitness : 2291 
  code : ->+++++++++[[+[[++++++++++++++++-++++++++++++++++++++++++[++++++++++++++++++++++++++++++++++++++++++++++++++++++++++++++[..---.].>>+]].++..,++,..>>>->-<-[-[.-->--,,.,.,,-.<<<+[-]>...[+[>[[,<>>>>[,.<>>>>>+>>>.,>[........[<-,>,+-+-[+.+.+<-->[>[<]-[.><<  
 goal : toimidine -> oollliiif
** Tour n. 440 at 2019-11-11T17:06:25.772 
** Tour n. 441 at 2019-11-11T17:06:31.06 
** Tour n. 442 at 2019-11-11T17:06:36.309 
** Tour n. 443 at 2019-11-11T17:06:41.661 
** Tour n. 444 at 2019-11-11T17:06:46.501 
    2019-11-11T17:06:51.305 , Tour : 445, BEST: 2291 , bonus = 1.0 
** Tour n. 445 at 2019-11-11T17:06:51.305 
** Tour n. 446 at 2019-11-11T17:06:56.68 
** Tour n. 447 at 2019-11-11T17:07:02.081 
** Tour n. 448 at 2019-11-11T17:07:06.915 
** Tour n. 449 at 2019-11-11T17:07:12.282 
    2019-11-11T17:07:17.754 , Tour : 450, BEST: 2291 , bonus = 1.0 
** Tour n. 450 at 2019-11-11T17:07:17.754 
** Tour n. 451 at 2019-11-11T17:07:23.836 
** Tour n. 452 at 2019-11-11T17:07:28.922 
** Tour n. 453 at 2019-11-11T17:07:34.497 
** Tour n. 454 at 2019-11-11T17:07:40.107 
    2019-11-11T17:07:45.946 , Tour : 455, BEST: 2291 , bonus = 1.0 
** Tour n. 455 at 2019-11-11T17:07:45.946 
** Tour n. 456 at 2019-11-11T17:07:51.175 
** Tour n. 457 at 2019-11-11T17:07:57.281 
** Tour n. 458 at 2019-11-11T17:08:02.944 
** Tour n. 459 at 2019-11-11T17:08:07.435 
    2019-11-11T17:08:13.698 , Tour : 460, BEST: 2291 , bonus = 1.0 
** Tour n. 460 at 2019-11-11T17:08:13.698 
** Tour n. 461 at 2019-11-11T17:08:19.313 
** Tour n. 462 at 2019-11-11T17:08:24.978 
** Tour n. 463 at 2019-11-11T17:08:31.339 
** Tour n. 464 at 2019-11-11T17:08:37.643 
    2019-11-11T17:08:43.322 , Tour : 465, BEST: 2291 , bonus = 1.0 
** Tour n. 465 at 2019-11-11T17:08:43.322 
** Tour n. 466 at 2019-11-11T17:08:48.686 
** Tour n. 467 at 2019-11-11T17:08:54.18 
** Tour n. 468 at 2019-11-11T17:08:59.707 
** Tour n. 469 at 2019-11-11T17:09:05.901 
    2019-11-11T17:09:11.904 , Tour : 470, BEST: 2291 , bonus = 1.0 
** Tour n. 470 at 2019-11-11T17:09:11.904 
** Tour n. 471 at 2019-11-11T17:09:17.559 
** Tour n. 472 at 2019-11-11T17:09:22.596 
** Tour n. 473 at 2019-11-11T17:09:27.502 
** Tour n. 474 at 2019-11-11T17:09:33.929 
    2019-11-11T17:09:39.366 , Tour : 475, BEST: 2291 , bonus = 1.0 
** Tour n. 475 at 2019-11-11T17:09:39.366 
** Tour n. 476 at 2019-11-11T17:09:45.375 
** Tour n. 477 at 2019-11-11T17:09:52.17 
** Tour n. 478 at 2019-11-11T17:09:57.023 
** Tour n. 479 at 2019-11-11T17:10:02.174 
    2019-11-11T17:10:07.628 , Tour : 480, BEST: 2294 , bonus = 1.0 
fitness : 2294 
  code : +++++++[+[++++++++++++++-++++[+++-+++++++++++++++++++++++++++++++++++++++++++++++++++++++++++++++++++++++++++++++++++[+..----.].]>>>+]+>.+.,-..]>>[--[-[-[-->.+,..,,,,,,-+<<<[-]>--..[[[[[.[,<>>]>>[,,.<>>]>>>>>.[.....+-,+-+---[+.+++<-][[>[<]-[.,><<>-<.  
 goal : toimidine -> ookllhiie
** Tour n. 480 at 2019-11-11T17:10:07.628 
** Tour n. 481 at 2019-11-11T17:10:12.195 
** Tour n. 482 at 2019-11-11T17:10:16.634 
** Tour n. 483 at 2019-11-11T17:10:21.388 
** Tour n. 484 at 2019-11-11T17:10:26.367 
    2019-11-11T17:10:32.124 , Tour : 485, BEST: 2294 , bonus = 1.0 
** Tour n. 485 at 2019-11-11T17:10:32.124 
** Tour n. 486 at 2019-11-11T17:10:36.932 
** Tour n. 487 at 2019-11-11T17:10:42.372 
** Tour n. 488 at 2019-11-11T17:10:47.635 
** Tour n. 489 at 2019-11-11T17:10:54.475 
    2019-11-11T17:11:00.465 , Tour : 490, BEST: 2294 , bonus = 1.0 
** Tour n. 490 at 2019-11-11T17:11:00.465 
** Tour n. 491 at 2019-11-11T17:11:06.389 
** Tour n. 492 at 2019-11-11T17:11:11.99 
** Tour n. 493 at 2019-11-11T17:11:18.599 
** Tour n. 494 at 2019-11-11T17:11:24.873 
    2019-11-11T17:11:30.095 , Tour : 495, BEST: 2294 , bonus = 1.0 
** Tour n. 495 at 2019-11-11T17:11:30.095 
** Tour n. 496 at 2019-11-11T17:11:34.966 
** Tour n. 497 at 2019-11-11T17:11:40.967 
** Tour n. 498 at 2019-11-11T17:11:46.41 
** Tour n. 499 at 2019-11-11T17:11:51.281 
    2019-11-11T17:11:57.054 , Tour : 500, BEST: 2294 , bonus = 1.0 
** Tour n. 500 at 2019-11-11T17:11:57.054 
** Tour n. 501 at 2019-11-11T17:12:02.514 
** Tour n. 502 at 2019-11-11T17:12:08.41 
** Tour n. 503 at 2019-11-11T17:12:13.991 
** Tour n. 504 at 2019-11-11T17:12:19.565 
    2019-11-11T17:12:24.709 , Tour : 505, BEST: 2294 , bonus = 1.0 
** Tour n. 505 at 2019-11-11T17:12:24.709 
** Tour n. 506 at 2019-11-11T17:12:30.881 
** Tour n. 507 at 2019-11-11T17:12:36.805 
** Tour n. 508 at 2019-11-11T17:12:43.156 
** Tour n. 509 at 2019-11-11T17:12:49.649 
    2019-11-11T17:12:55.603 , Tour : 510, BEST: 2294 , bonus = 1.0 
** Tour n. 510 at 2019-11-11T17:12:55.603 
** Tour n. 511 at 2019-11-11T17:13:01.76 
** Tour n. 512 at 2019-11-11T17:13:06.534 
** Tour n. 513 at 2019-11-11T17:13:11.964 
** Tour n. 514 at 2019-11-11T17:13:17.153 
    2019-11-11T17:13:22.398 , Tour : 515, BEST: 2294 , bonus = 1.0 
** Tour n. 515 at 2019-11-11T17:13:22.398 
** Tour n. 516 at 2019-11-11T17:13:27.901 
** Tour n. 517 at 2019-11-11T17:13:32.505 
** Tour n. 518 at 2019-11-11T17:13:37.668 
** Tour n. 519 at 2019-11-11T17:13:43.845 
    2019-11-11T17:13:49.966 , Tour : 520, BEST: 2294 , bonus = 1.0 
fitness : 2294 
  code : ,-,++++[+[++++++++++++++++-++++[+++-+++[++++++++[+++++++++++++++++++++++++++++++++++++++++++++++++++++++++++++++++++++++++[+..----.].]->>>+]...+<.,>>[--[--[-[-[-->.],[.,,,,,,+-+<[<[-]>--..[+[[[.[>,><>]>>[..<,>>>>+>,>....<.+-+------[+++<-[[[[>[<]-[.><  
 goal : toimidine -> ookllhiie
** Tour n. 520 at 2019-11-11T17:13:49.966 
** Tour n. 521 at 2019-11-11T17:13:56.491 
** Tour n. 522 at 2019-11-11T17:14:02.587 
** Tour n. 523 at 2019-11-11T17:14:07.578 
** Tour n. 524 at 2019-11-11T17:14:13.615 
    2019-11-11T17:14:19.704 , Tour : 525, BEST: 2294 , bonus = 1.0 
** Tour n. 525 at 2019-11-11T17:14:19.704 
** Tour n. 526 at 2019-11-11T17:14:25.435 
** Tour n. 527 at 2019-11-11T17:14:31.655 
** Tour n. 528 at 2019-11-11T17:14:36.765 
** Tour n. 529 at 2019-11-11T17:14:42.066 
    2019-11-11T17:14:47.355 , Tour : 530, BEST: 2294 , bonus = 1.0 
** Tour n. 530 at 2019-11-11T17:14:47.355 
** Tour n. 531 at 2019-11-11T17:14:53.03 
** Tour n. 532 at 2019-11-11T17:14:58.838 
** Tour n. 533 at 2019-11-11T17:15:04.125 
** Tour n. 534 at 2019-11-11T17:15:09.513 
    2019-11-11T17:15:14.877 , Tour : 535, BEST: 2294 , bonus = 1.0 
** Tour n. 535 at 2019-11-11T17:15:14.877 
** Tour n. 536 at 2019-11-11T17:15:19.91 
** Tour n. 537 at 2019-11-11T17:15:24.681 
** Tour n. 538 at 2019-11-11T17:15:29.844 
** Tour n. 539 at 2019-11-11T17:15:34.695 
    2019-11-11T17:15:39.593 , Tour : 540, BEST: 2294 , bonus = 1.0 
** Tour n. 540 at 2019-11-11T17:15:39.593 
** Tour n. 541 at 2019-11-11T17:15:44.719 
** Tour n. 542 at 2019-11-11T17:15:50.159 
** Tour n. 543 at 2019-11-11T17:15:56.337 
** Tour n. 544 at 2019-11-11T17:16:02.776 
    2019-11-11T17:16:08.474 , Tour : 545, BEST: 2294 , bonus = 1.0 
** Tour n. 545 at 2019-11-11T17:16:08.474 
** Tour n. 546 at 2019-11-11T17:16:14.181 
** Tour n. 547 at 2019-11-11T17:16:19.877 
** Tour n. 548 at 2019-11-11T17:16:25.142 
** Tour n. 549 at 2019-11-11T17:16:30.403 
    2019-11-11T17:16:35.557 , Tour : 550, BEST: 2294 , bonus = 1.0 
** Tour n. 550 at 2019-11-11T17:16:35.557 
** Tour n. 551 at 2019-11-11T17:16:40.801 
** Tour n. 552 at 2019-11-11T17:16:47.846 
** Tour n. 553 at 2019-11-11T17:16:53.378 
** Tour n. 554 at 2019-11-11T17:16:59.412 
    2019-11-11T17:17:07.134 , Tour : 555, BEST: 2294 , bonus = 1.0 
** Tour n. 555 at 2019-11-11T17:17:07.134 
** Tour n. 556 at 2019-11-11T17:17:13.233 
** Tour n. 557 at 2019-11-11T17:17:19.129 
** Tour n. 558 at 2019-11-11T17:17:24.472 
** Tour n. 559 at 2019-11-11T17:17:31.727 
    2019-11-11T17:17:37.78 , Tour : 560, BEST: 2294 , bonus = 1.0 
fitness : 2294 
  code : -->++[+[+++++++++++++++-+++++[++-+++[+++++++++[+++++++++++++++++++++++++++++++++++++++++++++++++++++++++++++++++++++++++++[+..----.].]].]->>...+].,>]-----[--[-[-->.>>.>.],,,,+.+<--[--[--->--[[.[>>>]>[<>]]>[..<,>>>>>>+]->....+<++--<-----[++-[[[>[.[<]>  
 goal : toimidine -> ookllhiie
** Tour n. 560 at 2019-11-11T17:17:37.78 
** Tour n. 561 at 2019-11-11T17:17:44.691 
** Tour n. 562 at 2019-11-11T17:17:51.508 
** Tour n. 563 at 2019-11-11T17:17:57.104 
** Tour n. 564 at 2019-11-11T17:18:02.877 
    2019-11-11T17:18:09.319 , Tour : 565, BEST: 2294 , bonus = 1.0 
** Tour n. 565 at 2019-11-11T17:18:09.319 
** Tour n. 566 at 2019-11-11T17:18:14.631 
** Tour n. 567 at 2019-11-11T17:18:20.562 
** Tour n. 568 at 2019-11-11T17:18:26.879 
** Tour n. 569 at 2019-11-11T17:18:34.263 
    2019-11-11T17:18:41.114 , Tour : 570, BEST: 2294 , bonus = 1.0 
** Tour n. 570 at 2019-11-11T17:18:41.114 
** Tour n. 571 at 2019-11-11T17:18:48.131 
** Tour n. 572 at 2019-11-11T17:18:54.763 
** Tour n. 573 at 2019-11-11T17:19:00.379 
** Tour n. 574 at 2019-11-11T17:19:06.668 
    2019-11-11T17:19:12.605 , Tour : 575, BEST: 2294 , bonus = 1.0 
** Tour n. 575 at 2019-11-11T17:19:12.605 
** Tour n. 576 at 2019-11-11T17:19:18.483 
** Tour n. 577 at 2019-11-11T17:19:24.76 
** Tour n. 578 at 2019-11-11T17:19:31.064 
** Tour n. 579 at 2019-11-11T17:19:36.492 
    2019-11-11T17:19:42.536 , Tour : 580, BEST: 2294 , bonus = 1.0 
** Tour n. 580 at 2019-11-11T17:19:42.536 
** Tour n. 581 at 2019-11-11T17:19:48.003 
** Tour n. 582 at 2019-11-11T17:19:53.437 
** Tour n. 583 at 2019-11-11T17:19:58.241 
** Tour n. 584 at 2019-11-11T17:20:03.644 
    2019-11-11T17:20:09.234 , Tour : 585, BEST: 2294 , bonus = 1.0 
** Tour n. 585 at 2019-11-11T17:20:09.234 
** Tour n. 586 at 2019-11-11T17:20:15.282 
** Tour n. 587 at 2019-11-11T17:20:22.208 
** Tour n. 588 at 2019-11-11T17:20:28.186 
** Tour n. 589 at 2019-11-11T17:20:34.71 
    2019-11-11T17:20:40.494 , Tour : 590, BEST: 2294 , bonus = 1.0 
** Tour n. 590 at 2019-11-11T17:20:40.494 
** Tour n. 591 at 2019-11-11T17:20:45.905 
** Tour n. 592 at 2019-11-11T17:20:51.351 
** Tour n. 593 at 2019-11-11T17:20:56.326 
** Tour n. 594 at 2019-11-11T17:21:02.358 
    2019-11-11T17:21:08.284 , Tour : 595, BEST: 2294 , bonus = 1.0 
** Tour n. 595 at 2019-11-11T17:21:08.284 
** Tour n. 596 at 2019-11-11T17:21:13.754 
** Tour n. 597 at 2019-11-11T17:21:19.033 
** Tour n. 598 at 2019-11-11T17:21:25.095 
** Tour n. 599 at 2019-11-11T17:21:31.189 
    2019-11-11T17:21:38.942 , Tour : 600, BEST: 2294 , bonus = 1.0 
fitness : 2294 
  code : >>++[+[+++++++[++++++++-+++++[++-+++[+++++++++++[+++++++++++++++++++++++++++++++++++++++++++++++++++++++++++++++++++++++++[+..----.]]]]].]>.,+]-.,>+,------[[-[-[-->>.>..,,,,.+<[-<-[->+->-[[-[,[<[>]<>[[..<>>+>....+<++>--<--+---[+--[[[>,[.[.[<]->...-,-  
 goal : toimidine -> ookllhiie
** Tour n. 600 at 2019-11-11T17:21:38.942 
** Tour n. 601 at 2019-11-11T17:21:44.762 
** Tour n. 602 at 2019-11-11T17:21:51.483 
** Tour n. 603 at 2019-11-11T17:21:58.635 
** Tour n. 604 at 2019-11-11T17:22:05.506 
    2019-11-11T17:22:12.167 , Tour : 605, BEST: 2294 , bonus = 1.0 
** Tour n. 605 at 2019-11-11T17:22:12.167 
** Tour n. 606 at 2019-11-11T17:22:17.439 
** Tour n. 607 at 2019-11-11T17:22:23.906 
** Tour n. 608 at 2019-11-11T17:22:30.449 
** Tour n. 609 at 2019-11-11T17:22:36.379 
    2019-11-11T17:22:43.311 , Tour : 610, BEST: 2294 , bonus = 1.0 
** Tour n. 610 at 2019-11-11T17:22:43.311 
** Tour n. 611 at 2019-11-11T17:22:49.257 
** Tour n. 612 at 2019-11-11T17:22:54.959 
** Tour n. 613 at 2019-11-11T17:23:02.225 
** Tour n. 614 at 2019-11-11T17:23:08.375 
    2019-11-11T17:23:13.97 , Tour : 615, BEST: 2294 , bonus = 1.0 
** Tour n. 615 at 2019-11-11T17:23:13.97 
** Tour n. 616 at 2019-11-11T17:23:20.062 
** Tour n. 617 at 2019-11-11T17:23:25.727 
** Tour n. 618 at 2019-11-11T17:23:30.778 
** Tour n. 619 at 2019-11-11T17:23:37.579 
    2019-11-11T17:23:43.523 , Tour : 620, BEST: 2294 , bonus = 1.0 
** Tour n. 620 at 2019-11-11T17:23:43.523 
** Tour n. 621 at 2019-11-11T17:23:49.201 
** Tour n. 622 at 2019-11-11T17:23:55.228 
** Tour n. 623 at 2019-11-11T17:24:01.161 
** Tour n. 624 at 2019-11-11T17:24:06.532 
    2019-11-11T17:24:12.072 , Tour : 625, BEST: 2294 , bonus = 1.0 
** Tour n. 625 at 2019-11-11T17:24:12.072 
** Tour n. 626 at 2019-11-11T17:24:17.168 
** Tour n. 627 at 2019-11-11T17:24:22.521 
** Tour n. 628 at 2019-11-11T17:24:27.799 
** Tour n. 629 at 2019-11-11T17:24:33.351 
    2019-11-11T17:24:39.038 , Tour : 630, BEST: 2294 , bonus = 1.0 
** Tour n. 630 at 2019-11-11T17:24:39.038 
** Tour n. 631 at 2019-11-11T17:24:44.84 
** Tour n. 632 at 2019-11-11T17:24:50.29 
** Tour n. 633 at 2019-11-11T17:24:55.693 
** Tour n. 634 at 2019-11-11T17:25:02.016 
    2019-11-11T17:25:07.445 , Tour : 635, BEST: 2294 , bonus = 1.0 
** Tour n. 635 at 2019-11-11T17:25:07.445 
** Tour n. 636 at 2019-11-11T17:25:13.592 
** Tour n. 637 at 2019-11-11T17:25:19.318 
** Tour n. 638 at 2019-11-11T17:25:25.1 
** Tour n. 639 at 2019-11-11T17:25:30.282 
    2019-11-11T17:25:36.101 , Tour : 640, BEST: 2294 , bonus = 1.0 
fitness : 2294 
  code : ,+-+[+[+++++++[+++++++++-++++[+[++-++++++++++++++[+++++++++++++++[++++++++++++++++++[++++++++++++++++++++++++++++++++++++++++[+..----.]-]]]],[+]-,,>+,-,-----[-[-[-->>>.+..+...,,.-<-[[->>+->[[,<<+><[>[>-<>[...<<>>>...+<++<--+--+.+-,-[[[[>,[.->...-><-]  
 goal : toimidine -> ookllhiie
** Tour n. 640 at 2019-11-11T17:25:36.101 
** Tour n. 641 at 2019-11-11T17:25:41.743 
** Tour n. 642 at 2019-11-11T17:25:47.15 
** Tour n. 643 at 2019-11-11T17:25:52.664 
** Tour n. 644 at 2019-11-11T17:25:59.232 
    2019-11-11T17:26:05.31 , Tour : 645, BEST: 2294 , bonus = 1.0 
** Tour n. 645 at 2019-11-11T17:26:05.31 
** Tour n. 646 at 2019-11-11T17:26:10.316 
** Tour n. 647 at 2019-11-11T17:26:16.375 
** Tour n. 648 at 2019-11-11T17:26:22.137 
** Tour n. 649 at 2019-11-11T17:26:27.772 
    2019-11-11T17:26:33.426 , Tour : 650, BEST: 2294 , bonus = 1.0 
** Tour n. 650 at 2019-11-11T17:26:33.426 
** Tour n. 651 at 2019-11-11T17:26:39.45 
** Tour n. 652 at 2019-11-11T17:26:45.565 
** Tour n. 653 at 2019-11-11T17:26:50.979 
** Tour n. 654 at 2019-11-11T17:26:56.323 
    2019-11-11T17:27:01.11 , Tour : 655, BEST: 2294 , bonus = 1.0 
** Tour n. 655 at 2019-11-11T17:27:01.11 
** Tour n. 656 at 2019-11-11T17:27:06.526 
** Tour n. 657 at 2019-11-11T17:27:12.603 
** Tour n. 658 at 2019-11-11T17:27:18.314 
** Tour n. 659 at 2019-11-11T17:27:24.357 
    2019-11-11T17:27:30.373 , Tour : 660, BEST: 2294 , bonus = 1.0 
** Tour n. 660 at 2019-11-11T17:27:30.373 
** Tour n. 661 at 2019-11-11T17:27:36.494 
** Tour n. 662 at 2019-11-11T17:27:42.069 
** Tour n. 663 at 2019-11-11T17:27:47.097 
** Tour n. 664 at 2019-11-11T17:27:52.238 
    2019-11-11T17:27:57.574 , Tour : 665, BEST: 2294 , bonus = 1.0 
** Tour n. 665 at 2019-11-11T17:27:57.574 
** Tour n. 666 at 2019-11-11T17:28:02.845 
** Tour n. 667 at 2019-11-11T17:28:08.245 
** Tour n. 668 at 2019-11-11T17:28:13.954 
** Tour n. 669 at 2019-11-11T17:28:19.249 
    2019-11-11T17:28:25.532 , Tour : 670, BEST: 2294 , bonus = 1.0 
** Tour n. 670 at 2019-11-11T17:28:25.532 
** Tour n. 671 at 2019-11-11T17:28:31.244 
** Tour n. 672 at 2019-11-11T17:28:36.142 
** Tour n. 673 at 2019-11-11T17:28:40.893 
** Tour n. 674 at 2019-11-11T17:28:45.826 
    2019-11-11T17:28:50.804 , Tour : 675, BEST: 2294 , bonus = 1.0 
** Tour n. 675 at 2019-11-11T17:28:50.804 
** Tour n. 676 at 2019-11-11T17:28:55.898 
** Tour n. 677 at 2019-11-11T17:29:01.645 
** Tour n. 678 at 2019-11-11T17:29:06.84 
** Tour n. 679 at 2019-11-11T17:29:11.96 
    2019-11-11T17:29:17.915 , Tour : 680, BEST: 2294 , bonus = 1.0 
fitness : 2294 
  code : >+>+<+[+[++++++++++[++++++++-+++++[+-+++++++++++++++-++++++++++++++++[+++++++++++++++[++++++++++++++++++++++++++++++++++++++++[+..----.]-]]]],[+]-,,>++,------[--[.-[.---,+.......,,.-[,[+-+>[[<<.<+><[.>-[>[>[..[.<<>>>...+<+---<--+----,-.[.->>......->>  
 goal : toimidine -> ookllhiie
** Tour n. 680 at 2019-11-11T17:29:17.915 
** Tour n. 681 at 2019-11-11T17:29:23.093 
** Tour n. 682 at 2019-11-11T17:29:28.438 
** Tour n. 683 at 2019-11-11T17:29:33.383 
** Tour n. 684 at 2019-11-11T17:29:38.117 
    2019-11-11T17:29:43.522 , Tour : 685, BEST: 2294 , bonus = 1.0 
** Tour n. 685 at 2019-11-11T17:29:43.522 
** Tour n. 686 at 2019-11-11T17:29:48.119 
** Tour n. 687 at 2019-11-11T17:29:53.108 
** Tour n. 688 at 2019-11-11T17:29:57.896 
** Tour n. 689 at 2019-11-11T17:30:02.912 
    2019-11-11T17:30:08.661 , Tour : 690, BEST: 2294 , bonus = 1.0 
** Tour n. 690 at 2019-11-11T17:30:08.661 
** Tour n. 691 at 2019-11-11T17:30:13.462 
** Tour n. 692 at 2019-11-11T17:30:18.462 
** Tour n. 693 at 2019-11-11T17:30:23.247 
** Tour n. 694 at 2019-11-11T17:30:28.232 
    2019-11-11T17:30:34.043 , Tour : 695, BEST: 2294 , bonus = 1.0 
** Tour n. 695 at 2019-11-11T17:30:34.043 
** Tour n. 696 at 2019-11-11T17:30:39.765 
** Tour n. 697 at 2019-11-11T17:30:44.45 
** Tour n. 698 at 2019-11-11T17:30:49.429 
** Tour n. 699 at 2019-11-11T17:30:54.08 
    2019-11-11T17:30:59.528 , Tour : 700, BEST: 2294 , bonus = 1.0 
** Tour n. 700 at 2019-11-11T17:30:59.528 
** Tour n. 701 at 2019-11-11T17:31:05.379 
** Tour n. 702 at 2019-11-11T17:31:11.953 
** Tour n. 703 at 2019-11-11T17:31:17.141 
** Tour n. 704 at 2019-11-11T17:31:22.252 
    2019-11-11T17:31:27.604 , Tour : 705, BEST: 2294 , bonus = 1.0 
** Tour n. 705 at 2019-11-11T17:31:27.604 
** Tour n. 706 at 2019-11-11T17:31:31.894 
** Tour n. 707 at 2019-11-11T17:31:36.741 
** Tour n. 708 at 2019-11-11T17:31:42.052 
** Tour n. 709 at 2019-11-11T17:31:46.613 
    2019-11-11T17:31:50.85 , Tour : 710, BEST: 2294 , bonus = 1.0 
** Tour n. 710 at 2019-11-11T17:31:50.85 
** Tour n. 711 at 2019-11-11T17:31:55.204 
** Tour n. 712 at 2019-11-11T17:32:00.263 
** Tour n. 713 at 2019-11-11T17:32:04.466 
** Tour n. 714 at 2019-11-11T17:32:09.576 
    2019-11-11T17:32:13.919 , Tour : 715, BEST: 2294 , bonus = 1.0 
** Tour n. 715 at 2019-11-11T17:32:13.919 
** Tour n. 716 at 2019-11-11T17:32:18.53 
** Tour n. 717 at 2019-11-11T17:32:23.416 
** Tour n. 718 at 2019-11-11T17:32:28.621 
** Tour n. 719 at 2019-11-11T17:32:33.905 
    2019-11-11T17:32:39.258 , Tour : 720, BEST: 2294 , bonus = 1.0 
fitness : 2294 
  code : ,>-<>+<+[+[++++++++++[++++++-+++++++[++++++++++++++++++++-++++++++++++++[+++++++++++++++[++++++++++++++++++++++++++++++++++++++[+..----.]-]]]]<[+,++,--[[----[..-[..--,+..+...+..,>.-[[,,,[>+.[+>[[>[[<<,><>[[.][.<.[.<<>>...<+,--<---,-[-,--[-.-...-.<-].  
 goal : toimidine -> ookllhiie
** Tour n. 720 at 2019-11-11T17:32:39.258 
** Tour n. 721 at 2019-11-11T17:32:44.177 
** Tour n. 722 at 2019-11-11T17:32:49.354 
** Tour n. 723 at 2019-11-11T17:32:54.56 
** Tour n. 724 at 2019-11-11T17:32:59.588 
    2019-11-11T17:33:04.742 , Tour : 725, BEST: 2294 , bonus = 1.0 
** Tour n. 725 at 2019-11-11T17:33:04.742 
** Tour n. 726 at 2019-11-11T17:33:09.638 
** Tour n. 727 at 2019-11-11T17:33:14.598 
** Tour n. 728 at 2019-11-11T17:33:19.454 
** Tour n. 729 at 2019-11-11T17:33:24.063 
    2019-11-11T17:33:28.63 , Tour : 730, BEST: 2294 , bonus = 1.0 
** Tour n. 730 at 2019-11-11T17:33:28.63 
** Tour n. 731 at 2019-11-11T17:33:33.74 
** Tour n. 732 at 2019-11-11T17:33:39.2 
** Tour n. 733 at 2019-11-11T17:33:44.736 
** Tour n. 734 at 2019-11-11T17:33:49.858 
    2019-11-11T17:33:55.022 , Tour : 735, BEST: 2294 , bonus = 1.0 
** Tour n. 735 at 2019-11-11T17:33:55.022 
** Tour n. 736 at 2019-11-11T17:33:59.791 
** Tour n. 737 at 2019-11-11T17:34:05.777 
** Tour n. 738 at 2019-11-11T17:34:11.17 
** Tour n. 739 at 2019-11-11T17:34:17.223 
    2019-11-11T17:34:22.71 , Tour : 740, BEST: 2294 , bonus = 1.0 
** Tour n. 740 at 2019-11-11T17:34:22.71 
** Tour n. 741 at 2019-11-11T17:34:27.954 
** Tour n. 742 at 2019-11-11T17:34:33.123 
** Tour n. 743 at 2019-11-11T17:34:39.852 
** Tour n. 744 at 2019-11-11T17:34:45.917 
    2019-11-11T17:34:51.899 , Tour : 745, BEST: 2294 , bonus = 1.0 
** Tour n. 745 at 2019-11-11T17:34:51.899 
** Tour n. 746 at 2019-11-11T17:34:57.108 
** Tour n. 747 at 2019-11-11T17:35:02.464 
** Tour n. 748 at 2019-11-11T17:35:07.975 
** Tour n. 749 at 2019-11-11T17:35:12.825 
    2019-11-11T17:35:18.055 , Tour : 750, BEST: 2294 , bonus = 1.0 
** Tour n. 750 at 2019-11-11T17:35:18.055 
** Tour n. 751 at 2019-11-11T17:35:22.801 
** Tour n. 752 at 2019-11-11T17:35:28.536 
** Tour n. 753 at 2019-11-11T17:35:34.077 
** Tour n. 754 at 2019-11-11T17:35:39.259 
    2019-11-11T17:35:44.145 , Tour : 755, BEST: 2294 , bonus = 1.0 
** Tour n. 755 at 2019-11-11T17:35:44.145 
** Tour n. 756 at 2019-11-11T17:35:49.905 
** Tour n. 757 at 2019-11-11T17:35:55.594 
** Tour n. 758 at 2019-11-11T17:36:01 
** Tour n. 759 at 2019-11-11T17:36:05.876 
    2019-11-11T17:36:11.018 , Tour : 760, BEST: 2294 , bonus = 1.0 
fitness : 2294 
  code : >++[++++++++++++++++-+-+++++[++++++++++++++++++++++-++++++++++++++[++++++++++++++++[+++++++++++++++++++++++++++++++++++++[+..----.]-]]]]<..+,++,---[[---[..-[..+--,+....+...].,.[[,,,>+[+>[[,>[,<>[,<,>,.<<.<-<..[.<<>>.><---,-,-,-[[-,,-][-.-...-.<-]<.<<  
 goal : toimidine -> ookllhiie
** Tour n. 760 at 2019-11-11T17:36:11.018 
** Tour n. 761 at 2019-11-11T17:36:16.539 
** Tour n. 762 at 2019-11-11T17:36:21.686 
** Tour n. 763 at 2019-11-11T17:36:27.071 
** Tour n. 764 at 2019-11-11T17:36:32.67 
    2019-11-11T17:36:38.145 , Tour : 765, BEST: 2294 , bonus = 1.0 
** Tour n. 765 at 2019-11-11T17:36:38.145 
** Tour n. 766 at 2019-11-11T17:36:43.722 
** Tour n. 767 at 2019-11-11T17:36:48.252 
** Tour n. 768 at 2019-11-11T17:36:53.193 
** Tour n. 769 at 2019-11-11T17:36:58.518 
    2019-11-11T17:37:03.716 , Tour : 770, BEST: 2294 , bonus = 1.0 
** Tour n. 770 at 2019-11-11T17:37:03.716 
** Tour n. 771 at 2019-11-11T17:37:08.492 
** Tour n. 772 at 2019-11-11T17:37:12.883 
** Tour n. 773 at 2019-11-11T17:37:17.716 
** Tour n. 774 at 2019-11-11T17:37:22.893 
    2019-11-11T17:37:27.743 , Tour : 775, BEST: 2294 , bonus = 1.0 
** Tour n. 775 at 2019-11-11T17:37:27.743 
** Tour n. 776 at 2019-11-11T17:37:32.883 
** Tour n. 777 at 2019-11-11T17:37:38 
** Tour n. 778 at 2019-11-11T17:37:43.526 
** Tour n. 779 at 2019-11-11T17:37:48.947 
    2019-11-11T17:37:54.292 , Tour : 780, BEST: 2294 , bonus = 1.0 
** Tour n. 780 at 2019-11-11T17:37:54.292 
** Tour n. 781 at 2019-11-11T17:37:59.433 
** Tour n. 782 at 2019-11-11T17:38:05.522 
** Tour n. 783 at 2019-11-11T17:38:10.851 
** Tour n. 784 at 2019-11-11T17:38:16.249 
    2019-11-11T17:38:21.072 , Tour : 785, BEST: 2294 , bonus = 1.0 
** Tour n. 785 at 2019-11-11T17:38:21.072 
** Tour n. 786 at 2019-11-11T17:38:25.815 
** Tour n. 787 at 2019-11-11T17:38:31.192 
** Tour n. 788 at 2019-11-11T17:38:36.912 
** Tour n. 789 at 2019-11-11T17:38:42.439 
    2019-11-11T17:38:47.714 , Tour : 790, BEST: 2294 , bonus = 1.0 
** Tour n. 790 at 2019-11-11T17:38:47.713 
** Tour n. 791 at 2019-11-11T17:38:53.114 
** Tour n. 792 at 2019-11-11T17:38:58.455 
** Tour n. 793 at 2019-11-11T17:39:03.007 
** Tour n. 794 at 2019-11-11T17:39:07.655 
    2019-11-11T17:39:12.457 , Tour : 795, BEST: 2294 , bonus = 1.0 
** Tour n. 795 at 2019-11-11T17:39:12.457 
** Tour n. 796 at 2019-11-11T17:39:18.234 
** Tour n. 797 at 2019-11-11T17:39:22.83 
** Tour n. 798 at 2019-11-11T17:39:27.893 
** Tour n. 799 at 2019-11-11T17:39:32.723 
    2019-11-11T17:39:37.637 , Tour : 800, BEST: 2294 , bonus = 1.0 
fitness : 2294 
  code : ++[++++++++++++++++-+-++++[++++++++++++++++++++[++++-+++++++++++++++++++++++++++++[+++++++++++++++++++++++++++++++++++++[+..----.]-]]]-]...+,++,---[-[-[..-[-[.+---.......]..].[[,,,>,>++>+[+>[[<><>+<,<,>,.<.<<.<<[.-<>>.<--,-,----[[-.,,-][-.....-.-->.]  
 goal : toimidine -> ookllhiie
** Tour n. 800 at 2019-11-11T17:39:37.637 
** Tour n. 801 at 2019-11-11T17:39:42.238 
** Tour n. 802 at 2019-11-11T17:39:47.369 
** Tour n. 803 at 2019-11-11T17:39:51.931 
** Tour n. 804 at 2019-11-11T17:39:57.03 
    2019-11-11T17:40:02 , Tour : 805, BEST: 2294 , bonus = 1.0 
** Tour n. 805 at 2019-11-11T17:40:02 
** Tour n. 806 at 2019-11-11T17:40:06.556 
** Tour n. 807 at 2019-11-11T17:40:11.614 
** Tour n. 808 at 2019-11-11T17:40:16.304 
** Tour n. 809 at 2019-11-11T17:40:21.195 
    2019-11-11T17:40:25.993 , Tour : 810, BEST: 2294 , bonus = 1.0 
** Tour n. 810 at 2019-11-11T17:40:25.993 
** Tour n. 811 at 2019-11-11T17:40:30.488 
** Tour n. 812 at 2019-11-11T17:40:35.528 
** Tour n. 813 at 2019-11-11T17:40:40.772 
** Tour n. 814 at 2019-11-11T17:40:45.829 
    2019-11-11T17:40:51.397 , Tour : 815, BEST: 2294 , bonus = 1.0 
** Tour n. 815 at 2019-11-11T17:40:51.397 
** Tour n. 816 at 2019-11-11T17:40:56.345 
** Tour n. 817 at 2019-11-11T17:41:01.37 
** Tour n. 818 at 2019-11-11T17:41:06.197 
** Tour n. 819 at 2019-11-11T17:41:10.564 
    2019-11-11T17:41:15.561 , Tour : 820, BEST: 2294 , bonus = 1.0 
** Tour n. 820 at 2019-11-11T17:41:15.561 
** Tour n. 821 at 2019-11-11T17:41:20.627 
** Tour n. 822 at 2019-11-11T17:41:25.159 
** Tour n. 823 at 2019-11-11T17:41:30.749 
** Tour n. 824 at 2019-11-11T17:41:36.093 
    2019-11-11T17:41:41.153 , Tour : 825, BEST: 2294 , bonus = 1.0 
** Tour n. 825 at 2019-11-11T17:41:41.153 
** Tour n. 826 at 2019-11-11T17:41:45.914 
** Tour n. 827 at 2019-11-11T17:41:51.627 
** Tour n. 828 at 2019-11-11T17:41:56.956 
** Tour n. 829 at 2019-11-11T17:42:02.219 
    2019-11-11T17:42:07.088 , Tour : 830, BEST: 2294 , bonus = 1.0 
** Tour n. 830 at 2019-11-11T17:42:07.088 
** Tour n. 831 at 2019-11-11T17:42:12.463 
** Tour n. 832 at 2019-11-11T17:42:17.889 
** Tour n. 833 at 2019-11-11T17:42:23.018 
** Tour n. 834 at 2019-11-11T17:42:28.18 
    2019-11-11T17:42:33.944 , Tour : 835, BEST: 2294 , bonus = 1.0 
** Tour n. 835 at 2019-11-11T17:42:33.944 
** Tour n. 836 at 2019-11-11T17:42:39.151 
** Tour n. 837 at 2019-11-11T17:42:44.178 
** Tour n. 838 at 2019-11-11T17:42:50.201 
** Tour n. 839 at 2019-11-11T17:42:55.104 
    2019-11-11T17:43:00.099 , Tour : 840, BEST: 2294 , bonus = 1.0 
fitness : 2294 
  code : ,>+++[+++++++++++++++-+-++++[++++++++++++++++++++[++++-+++++++++++++++++++++++++++++[+++++++++++++++++++++++++++++++++++++[+..----.]-]]]->.>.+,++,,---[--[[-[.+---........]...[[-,,,>,>+>+>+[[<<>+<<,>,.<.<<<[.---<>..<+-+-[.-.--[[-.[-.,,-][-.]][->+.<],[  
 goal : toimidine -> ookllhiie
** Tour n. 840 at 2019-11-11T17:43:00.098 
** Tour n. 841 at 2019-11-11T17:43:05.346 
** Tour n. 842 at 2019-11-11T17:43:10.473 
** Tour n. 843 at 2019-11-11T17:43:16.085 
** Tour n. 844 at 2019-11-11T17:43:21.152 
    2019-11-11T17:43:26.113 , Tour : 845, BEST: 2294 , bonus = 1.0 
** Tour n. 845 at 2019-11-11T17:43:26.113 
** Tour n. 846 at 2019-11-11T17:43:31.385 
** Tour n. 847 at 2019-11-11T17:43:36.288 
** Tour n. 848 at 2019-11-11T17:43:41.236 
** Tour n. 849 at 2019-11-11T17:43:46.724 
    2019-11-11T17:43:52.384 , Tour : 850, BEST: 2294 , bonus = 1.0 
** Tour n. 850 at 2019-11-11T17:43:52.384 
** Tour n. 851 at 2019-11-11T17:43:57.915 
** Tour n. 852 at 2019-11-11T17:44:03.094 
** Tour n. 853 at 2019-11-11T17:44:07.905 
** Tour n. 854 at 2019-11-11T17:44:13.37 
    2019-11-11T17:44:18.723 , Tour : 855, BEST: 2294 , bonus = 1.0 
** Tour n. 855 at 2019-11-11T17:44:18.723 
** Tour n. 856 at 2019-11-11T17:44:23.9 
** Tour n. 857 at 2019-11-11T17:44:29.276 
** Tour n. 858 at 2019-11-11T17:44:34.623 
** Tour n. 859 at 2019-11-11T17:44:39.509 
    2019-11-11T17:44:44.159 , Tour : 860, BEST: 2294 , bonus = 1.0 
** Tour n. 860 at 2019-11-11T17:44:44.159 
** Tour n. 861 at 2019-11-11T17:44:49.013 
** Tour n. 862 at 2019-11-11T17:44:53.557 
** Tour n. 863 at 2019-11-11T17:44:58.301 
** Tour n. 864 at 2019-11-11T17:45:03.559 
    2019-11-11T17:45:08.728 , Tour : 865, BEST: 2294 , bonus = 1.0 
** Tour n. 865 at 2019-11-11T17:45:08.728 
** Tour n. 866 at 2019-11-11T17:45:13.706 
** Tour n. 867 at 2019-11-11T17:45:18.104 
** Tour n. 868 at 2019-11-11T17:45:24.467 
** Tour n. 869 at 2019-11-11T17:45:29.424 
    2019-11-11T17:45:35.197 , Tour : 870, BEST: 2297 , bonus = 1.0 
** Tour n. 870 at 2019-11-11T17:45:35.197 
** Tour n. 871 at 2019-11-11T17:45:39.939 
** Tour n. 872 at 2019-11-11T17:45:44.897 
** Tour n. 873 at 2019-11-11T17:45:49.633 
** Tour n. 874 at 2019-11-11T17:45:54.078 
    2019-11-11T17:45:59.267 , Tour : 875, BEST: 2297 , bonus = 1.0 
** Tour n. 875 at 2019-11-11T17:45:59.267 
** Tour n. 876 at 2019-11-11T17:46:04.29 
** Tour n. 877 at 2019-11-11T17:46:09.364 
** Tour n. 878 at 2019-11-11T17:46:14.354 
** Tour n. 879 at 2019-11-11T17:46:18.933 
    2019-11-11T17:46:23.967 , Tour : 880, BEST: 2297 , bonus = 1.0 
fitness : 2297 
  code : ++[++++++++++++++++-++++++++[++++++++++++++++++++[++++-[+++++++++++++++++++++++++++++++++++++++++++++++++++++++++++[++++..------.]>-]]->>.+,+++,,,---[-[[-[..>---.-..[<...+[.+->,,+>+>+>]+>+[[<<>+<<><,>,.<,--<>.<<>..]+[..[.--.-.--[-.,-]<]<<..-.]->+.++<  
 goal : toimidine -> ooimmgkke
** Tour n. 880 at 2019-11-11T17:46:23.967 
** Tour n. 881 at 2019-11-11T17:46:28.34 
** Tour n. 882 at 2019-11-11T17:46:32.906 
** Tour n. 883 at 2019-11-11T17:46:37.753 
** Tour n. 884 at 2019-11-11T17:46:43.046 
    2019-11-11T17:46:48.271 , Tour : 885, BEST: 2297 , bonus = 1.0 
** Tour n. 885 at 2019-11-11T17:46:48.271 
** Tour n. 886 at 2019-11-11T17:46:55.618 
** Tour n. 887 at 2019-11-11T17:47:00.029 
** Tour n. 888 at 2019-11-11T17:47:05.131 
** Tour n. 889 at 2019-11-11T17:47:09.571 
    2019-11-11T17:47:14.271 , Tour : 890, BEST: 2297 , bonus = 1.0 
** Tour n. 890 at 2019-11-11T17:47:14.271 
** Tour n. 891 at 2019-11-11T17:47:19.303 
** Tour n. 892 at 2019-11-11T17:47:24.767 
** Tour n. 893 at 2019-11-11T17:47:29.842 
