targetFitness = 1536 
params : Main.GeneticAlgorithms.Types.GAParams(136, 1000000, 50, 150, 0.7, 0.01, true, IOStream(<file ../Results/logSubtract.log>), 0.0, 1536.0, 0, 0) 
** Tour n. 1 at 2019-09-04T13:18:48.512 
** Tour n. 2 at 2019-09-04T13:18:51.884 
** Tour n. 3 at 2019-09-04T13:18:53.089 
** Tour n. 4 at 2019-09-04T13:18:54.544 
    2019-09-04T13:18:55.831 , Tour : 5, BEST: 1526 , bonus = 0.0 
** Tour n. 5 at 2019-09-04T13:18:55.831 
** Tour n. 6 at 2019-09-04T13:18:57.195 
** Tour n. 7 at 2019-09-04T13:18:58.662 
** Tour n. 8 at 2019-09-04T13:19:00.28 
** Tour n. 9 at 2019-09-04T13:19:01.829 
    2019-09-04T13:19:02.932 , Tour : 10, BEST: 1526 , bonus = 0.0 
** Tour n. 10 at 2019-09-04T13:19:02.932 
** Tour n. 11 at 2019-09-04T13:19:04.19 
** Tour n. 12 at 2019-09-04T13:19:05.582 
** Tour n. 13 at 2019-09-04T13:19:06.796 
** Tour n. 14 at 2019-09-04T13:19:08.284 
    2019-09-04T13:19:09.559 , Tour : 15, BEST: 1526 , bonus = 0.0 
** Tour n. 15 at 2019-09-04T13:19:09.559 
** Tour n. 16 at 2019-09-04T13:19:10.718 
** Tour n. 17 at 2019-09-04T13:19:11.9 
** Tour n. 18 at 2019-09-04T13:19:13.767 
** Tour n. 19 at 2019-09-04T13:19:15.308 
    2019-09-04T13:19:16.309 , Tour : 20, BEST: 1529 , bonus = 0.0 
** Tour n. 20 at 2019-09-04T13:19:16.309 
** Tour n. 21 at 2019-09-04T13:19:17.245 
** Tour n. 22 at 2019-09-04T13:19:18.164 
** Tour n. 23 at 2019-09-04T13:19:19.078 
** Tour n. 24 at 2019-09-04T13:19:19.982 
    2019-09-04T13:19:20.958 , Tour : 25, BEST: 1529 , bonus = 0.0 
** Tour n. 25 at 2019-09-04T13:19:20.958 
** Tour n. 26 at 2019-09-04T13:19:22.107 
** Tour n. 27 at 2019-09-04T13:19:23.405 
** Tour n. 28 at 2019-09-04T13:19:24.517 
** Tour n. 29 at 2019-09-04T13:19:25.578 
    2019-09-04T13:19:26.616 , Tour : 30, BEST: 1529 , bonus = 0.0 
** Tour n. 30 at 2019-09-04T13:19:26.616 
    2019-09-04T13:19:27.736 , Iteration : 5, BEST: 1530 , bonus = 9740.0 
    2019-09-04T13:19:28.578 , Iteration : 10, BEST: 1530 , bonus = 0.0 
** Tour n. 31 at 2019-09-04T13:19:29.036 
** Tour n. 32 at 2019-09-04T13:19:30.396 
** Tour n. 33 at 2019-09-04T13:19:31.667 
** Tour n. 34 at 2019-09-04T13:19:33.183 
    2019-09-04T13:19:34.649 , Tour : 35, BEST: 1530 , bonus = 0.0 
** Tour n. 35 at 2019-09-04T13:19:34.649 
** Tour n. 36 at 2019-09-04T13:19:35.874 
** Tour n. 37 at 2019-09-04T13:19:37.298 
** Tour n. 38 at 2019-09-04T13:19:38.684 
** Tour n. 39 at 2019-09-04T13:19:40.008 
    2019-09-04T13:19:41.779 , Tour : 40, BEST: 1530 , bonus = 0.0 
fitness : 1530 
 code : >,->++<<,[>-->.>>]>+-[+.[+>-[,]+<]+>]+>+[<>]-,+>++ 
 5 - 0 ->  5 
 3 - 1 ->  2 
 11 - 7 ->  2 
** Tour n. 40 at 2019-09-04T13:19:41.779 
** Tour n. 41 at 2019-09-04T13:19:43.171 
** Tour n. 42 at 2019-09-04T13:19:44.513 
** Tour n. 43 at 2019-09-04T13:19:45.961 
** Tour n. 44 at 2019-09-04T13:19:47.409 
    2019-09-04T13:19:48.992 , Tour : 45, BEST: 1530 , bonus = 0.0 
** Tour n. 45 at 2019-09-04T13:19:48.992 
** Tour n. 46 at 2019-09-04T13:19:50.621 
** Tour n. 47 at 2019-09-04T13:19:52.055 
** Tour n. 48 at 2019-09-04T13:19:53.487 
** Tour n. 49 at 2019-09-04T13:19:54.837 
    2019-09-04T13:19:56.052 , Tour : 50, BEST: 1530 , bonus = 0.0 
** Tour n. 50 at 2019-09-04T13:19:56.052 
** Tour n. 51 at 2019-09-04T13:19:57.319 
** Tour n. 52 at 2019-09-04T13:19:58.696 
** Tour n. 53 at 2019-09-04T13:19:59.898 
** Tour n. 54 at 2019-09-04T13:20:01.829 
    2019-09-04T13:20:03.086 , Tour : 55, BEST: 1530 , bonus = 0.0 
** Tour n. 55 at 2019-09-04T13:20:03.086 
** Tour n. 56 at 2019-09-04T13:20:04.382 
** Tour n. 57 at 2019-09-04T13:20:05.667 
** Tour n. 58 at 2019-09-04T13:20:06.914 
** Tour n. 59 at 2019-09-04T13:20:08.319 
    2019-09-04T13:20:09.959 , Tour : 60, BEST: 1530 , bonus = 0.0 
** Tour n. 60 at 2019-09-04T13:20:09.959 
** Tour n. 61 at 2019-09-04T13:20:11.389 
** Tour n. 62 at 2019-09-04T13:20:12.847 
** Tour n. 63 at 2019-09-04T13:20:14.361 
** Tour n. 64 at 2019-09-04T13:20:15.671 
    2019-09-04T13:20:17.231 , Tour : 65, BEST: 1530 , bonus = 0.0 
** Tour n. 65 at 2019-09-04T13:20:17.231 
** Tour n. 66 at 2019-09-04T13:20:18.697 
** Tour n. 67 at 2019-09-04T13:20:20.13 
** Tour n. 68 at 2019-09-04T13:20:21.803 
** Tour n. 69 at 2019-09-04T13:20:22.993 
    2019-09-04T13:20:24.358 , Tour : 70, BEST: 1530 , bonus = 0.0 
** Tour n. 70 at 2019-09-04T13:20:24.358 
** Tour n. 71 at 2019-09-04T13:20:25.606 
** Tour n. 72 at 2019-09-04T13:20:26.898 
** Tour n. 73 at 2019-09-04T13:20:28.502 
** Tour n. 74 at 2019-09-04T13:20:29.83 
    2019-09-04T13:20:31.371 , Tour : 75, BEST: 1530 , bonus = 0.0 
** Tour n. 75 at 2019-09-04T13:20:31.371 
** Tour n. 76 at 2019-09-04T13:20:32.706 
** Tour n. 77 at 2019-09-04T13:20:34.044 
** Tour n. 78 at 2019-09-04T13:20:35.488 
** Tour n. 79 at 2019-09-04T13:20:37.108 
    2019-09-04T13:20:38.495 , Tour : 80, BEST: 1530 , bonus = 0.0 
fitness : 1530 
 code : >,->++<<,[>-->.>>]>+-[+.[+>-[,]+<]+>]+>+[<>]-,+>++ 
 6 - 2 ->  2 
 0 - 0 ->  0 
 10 - 2 ->  2 
** Tour n. 80 at 2019-09-04T13:20:38.495 
** Tour n. 81 at 2019-09-04T13:20:40.04 
** Tour n. 82 at 2019-09-04T13:20:41.573 
** Tour n. 83 at 2019-09-04T13:20:43.018 
** Tour n. 84 at 2019-09-04T13:20:44.259 
    2019-09-04T13:20:45.784 , Tour : 85, BEST: 1530 , bonus = 0.0 
** Tour n. 85 at 2019-09-04T13:20:45.784 
** Tour n. 86 at 2019-09-04T13:20:47.213 
** Tour n. 87 at 2019-09-04T13:20:48.65 
** Tour n. 88 at 2019-09-04T13:20:50.071 
** Tour n. 89 at 2019-09-04T13:20:51.682 
    2019-09-04T13:20:52.957 , Tour : 90, BEST: 1530 , bonus = 0.0 
** Tour n. 90 at 2019-09-04T13:20:52.957 
** Tour n. 91 at 2019-09-04T13:20:54.49 
** Tour n. 92 at 2019-09-04T13:20:55.784 
** Tour n. 93 at 2019-09-04T13:20:57.283 
** Tour n. 94 at 2019-09-04T13:20:58.77 
    2019-09-04T13:21:00.101 , Tour : 95, BEST: 1530 , bonus = 0.0 
** Tour n. 95 at 2019-09-04T13:21:00.101 
** Tour n. 96 at 2019-09-04T13:21:01.478 
** Tour n. 97 at 2019-09-04T13:21:02.815 
** Tour n. 98 at 2019-09-04T13:21:04.075 
** Tour n. 99 at 2019-09-04T13:21:05.536 
    2019-09-04T13:21:06.945 , Tour : 100, BEST: 1530 , bonus = 0.0 
** Tour n. 100 at 2019-09-04T13:21:06.945 
** Tour n. 101 at 2019-09-04T13:21:08.353 
** Tour n. 102 at 2019-09-04T13:21:09.762 
** Tour n. 103 at 2019-09-04T13:21:11.257 
** Tour n. 104 at 2019-09-04T13:21:12.416 
    2019-09-04T13:21:13.937 , Tour : 105, BEST: 1530 , bonus = 0.0 
** Tour n. 105 at 2019-09-04T13:21:13.937 
** Tour n. 106 at 2019-09-04T13:21:15.346 
** Tour n. 107 at 2019-09-04T13:21:16.67 
** Tour n. 108 at 2019-09-04T13:21:18.193 
** Tour n. 109 at 2019-09-04T13:21:19.516 
    2019-09-04T13:21:21.312 , Tour : 110, BEST: 1530 , bonus = 0.0 
** Tour n. 110 at 2019-09-04T13:21:21.312 
** Tour n. 111 at 2019-09-04T13:21:22.769 
** Tour n. 112 at 2019-09-04T13:21:23.985 
** Tour n. 113 at 2019-09-04T13:21:25.326 
** Tour n. 114 at 2019-09-04T13:21:26.619 
    2019-09-04T13:21:28.145 , Tour : 115, BEST: 1530 , bonus = 0.0 
** Tour n. 115 at 2019-09-04T13:21:28.145 
** Tour n. 116 at 2019-09-04T13:21:29.793 
** Tour n. 117 at 2019-09-04T13:21:31.216 
** Tour n. 118 at 2019-09-04T13:21:32.618 
** Tour n. 119 at 2019-09-04T13:21:34.028 
    2019-09-04T13:21:35.515 , Tour : 120, BEST: 1530 , bonus = 0.0 
fitness : 1530 
 code : >,->++<<,[>-->.>>]>+-[+.[+>-[,]+<]+>]+>+[<>]-,+>++ 
 8 - 6 ->  2 
 12 - 11 ->  2 
 6 - 6 ->  2 
** Tour n. 120 at 2019-09-04T13:21:35.515 
** Tour n. 121 at 2019-09-04T13:21:37.104 
** Tour n. 122 at 2019-09-04T13:21:38.721 
** Tour n. 123 at 2019-09-04T13:21:39.875 
** Tour n. 124 at 2019-09-04T13:21:41.177 
    2019-09-04T13:21:42.619 , Tour : 125, BEST: 1530 , bonus = 0.0 
** Tour n. 125 at 2019-09-04T13:21:42.619 
** Tour n. 126 at 2019-09-04T13:21:43.972 
** Tour n. 127 at 2019-09-04T13:21:45.473 
** Tour n. 128 at 2019-09-04T13:21:46.985 
** Tour n. 129 at 2019-09-04T13:21:48.502 
    2019-09-04T13:21:49.801 , Tour : 130, BEST: 1530 , bonus = 0.0 
** Tour n. 130 at 2019-09-04T13:21:49.801 
** Tour n. 131 at 2019-09-04T13:21:51.098 
** Tour n. 132 at 2019-09-04T13:21:52.47 
** Tour n. 133 at 2019-09-04T13:21:53.712 
** Tour n. 134 at 2019-09-04T13:21:55.197 
    2019-09-04T13:21:56.696 , Tour : 135, BEST: 1530 , bonus = 0.0 
** Tour n. 135 at 2019-09-04T13:21:56.696 
** Tour n. 136 at 2019-09-04T13:21:58.002 
** Tour n. 137 at 2019-09-04T13:21:59.466 
** Tour n. 138 at 2019-09-04T13:22:00.928 
** Tour n. 139 at 2019-09-04T13:22:02.386 
    2019-09-04T13:22:03.662 , Tour : 140, BEST: 1530 , bonus = 0.0 
** Tour n. 140 at 2019-09-04T13:22:03.662 
** Tour n. 141 at 2019-09-04T13:22:05.167 
** Tour n. 142 at 2019-09-04T13:22:06.348 
** Tour n. 143 at 2019-09-04T13:22:07.801 
** Tour n. 144 at 2019-09-04T13:22:09.24 
    2019-09-04T13:22:10.492 , Tour : 145, BEST: 1530 , bonus = 0.0 
** Tour n. 145 at 2019-09-04T13:22:10.492 
** Tour n. 146 at 2019-09-04T13:22:12.39 
** Tour n. 147 at 2019-09-04T13:22:13.882 
** Tour n. 148 at 2019-09-04T13:22:15.339 
** Tour n. 149 at 2019-09-04T13:22:16.629 
    2019-09-04T13:22:18.247 , Tour : 150, BEST: 1530 , bonus = 0.0 
** Tour n. 150 at 2019-09-04T13:22:18.247 
** Tour n. 151 at 2019-09-04T13:22:19.694 
** Tour n. 152 at 2019-09-04T13:22:21.367 
** Tour n. 153 at 2019-09-04T13:22:22.665 
** Tour n. 154 at 2019-09-04T13:22:24.005 
    2019-09-04T13:22:25.242 , Tour : 155, BEST: 1530 , bonus = 0.0 
** Tour n. 155 at 2019-09-04T13:22:25.242 
** Tour n. 156 at 2019-09-04T13:22:26.57 
** Tour n. 157 at 2019-09-04T13:22:28.029 
** Tour n. 158 at 2019-09-04T13:22:29.484 
** Tour n. 159 at 2019-09-04T13:22:30.59 
    2019-09-04T13:22:31.848 , Tour : 160, BEST: 1530 , bonus = 0.0 
fitness : 1530 
 code : >,->++<<,[>-->.>>]>+-[+.[+>-[,]+<]+>]+>+[<>]-,+>++ 
 12 - 7 ->  2 
 7 - 2 ->  2 
 6 - 3 ->  2 
** Tour n. 160 at 2019-09-04T13:22:31.848 
** Tour n. 161 at 2019-09-04T13:22:33.33 
** Tour n. 162 at 2019-09-04T13:22:34.698 
** Tour n. 163 at 2019-09-04T13:22:35.98 
** Tour n. 164 at 2019-09-04T13:22:37.414 
    2019-09-04T13:22:38.708 , Tour : 165, BEST: 1530 , bonus = 0.0 
** Tour n. 165 at 2019-09-04T13:22:38.708 
** Tour n. 166 at 2019-09-04T13:22:40.236 
** Tour n. 167 at 2019-09-04T13:22:41.735 
** Tour n. 168 at 2019-09-04T13:22:43.258 
** Tour n. 169 at 2019-09-04T13:22:44.734 
    2019-09-04T13:22:46.034 , Tour : 170, BEST: 1530 , bonus = 0.0 
** Tour n. 170 at 2019-09-04T13:22:46.034 
** Tour n. 171 at 2019-09-04T13:22:47.433 
** Tour n. 172 at 2019-09-04T13:22:48.852 
** Tour n. 173 at 2019-09-04T13:22:50.183 
** Tour n. 174 at 2019-09-04T13:22:51.479 
    2019-09-04T13:22:52.93 , Tour : 175, BEST: 1530 , bonus = 0.0 
** Tour n. 175 at 2019-09-04T13:22:52.93 
** Tour n. 176 at 2019-09-04T13:22:54.408 
** Tour n. 177 at 2019-09-04T13:22:55.932 
** Tour n. 178 at 2019-09-04T13:22:57.62 
** Tour n. 179 at 2019-09-04T13:22:59.223 
    2019-09-04T13:23:00.79 , Tour : 180, BEST: 1530 , bonus = 0.0 
** Tour n. 180 at 2019-09-04T13:23:00.79 
** Tour n. 181 at 2019-09-04T13:23:02.468 
** Tour n. 182 at 2019-09-04T13:23:03.782 
** Tour n. 183 at 2019-09-04T13:23:05.121 
** Tour n. 184 at 2019-09-04T13:23:06.665 
    2019-09-04T13:23:08.214 , Tour : 185, BEST: 1530 , bonus = 0.0 
** Tour n. 185 at 2019-09-04T13:23:08.214 
** Tour n. 186 at 2019-09-04T13:23:09.803 
** Tour n. 187 at 2019-09-04T13:23:11.127 
** Tour n. 188 at 2019-09-04T13:23:12.519 
** Tour n. 189 at 2019-09-04T13:23:13.916 
    2019-09-04T13:23:15.185 , Tour : 190, BEST: 1530 , bonus = 0.0 
** Tour n. 190 at 2019-09-04T13:23:15.185 
** Tour n. 191 at 2019-09-04T13:23:16.663 
** Tour n. 192 at 2019-09-04T13:23:18.164 
** Tour n. 193 at 2019-09-04T13:23:19.833 
** Tour n. 194 at 2019-09-04T13:23:21.48 
    2019-09-04T13:23:22.861 , Tour : 195, BEST: 1530 , bonus = 0.0 
** Tour n. 195 at 2019-09-04T13:23:22.861 
** Tour n. 196 at 2019-09-04T13:23:24.254 
** Tour n. 197 at 2019-09-04T13:23:25.782 
** Tour n. 198 at 2019-09-04T13:23:27.182 
** Tour n. 199 at 2019-09-04T13:23:28.727 
    2019-09-04T13:23:30.296 , Tour : 200, BEST: 1530 , bonus = 0.0 
fitness : 1530 
 code : >,->++<<,[>-->.>>]>+-[+.[+>-[,]+<]+>]+>+[<>]-,+>++ 
 6 - 0 ->  6 
 9 - 4 ->  2 
 4 - 2 ->  2 
** Tour n. 200 at 2019-09-04T13:23:30.296 
** Tour n. 201 at 2019-09-04T13:23:32.367 
** Tour n. 202 at 2019-09-04T13:23:34.2 
** Tour n. 203 at 2019-09-04T13:23:36.033 
** Tour n. 204 at 2019-09-04T13:23:37.89 
    2019-09-04T13:23:39.492 , Tour : 205, BEST: 1530 , bonus = 0.0 
** Tour n. 205 at 2019-09-04T13:23:39.492 
** Tour n. 206 at 2019-09-04T13:23:41.356 
** Tour n. 207 at 2019-09-04T13:23:42.943 
** Tour n. 208 at 2019-09-04T13:23:44.626 
** Tour n. 209 at 2019-09-04T13:23:46.376 
    2019-09-04T13:23:47.992 , Tour : 210, BEST: 1530 , bonus = 0.0 
** Tour n. 210 at 2019-09-04T13:23:47.992 
** Tour n. 211 at 2019-09-04T13:23:49.786 
** Tour n. 212 at 2019-09-04T13:23:51.303 
** Tour n. 213 at 2019-09-04T13:23:53.218 
** Tour n. 214 at 2019-09-04T13:23:54.564 
    2019-09-04T13:23:56.301 , Tour : 215, BEST: 1530 , bonus = 0.0 
** Tour n. 215 at 2019-09-04T13:23:56.301 
** Tour n. 216 at 2019-09-04T13:23:58.065 
** Tour n. 217 at 2019-09-04T13:23:59.406 
** Tour n. 218 at 2019-09-04T13:24:00.881 
** Tour n. 219 at 2019-09-04T13:24:02.378 
    2019-09-04T13:24:04.044 , Tour : 220, BEST: 1530 , bonus = 0.0 
** Tour n. 220 at 2019-09-04T13:24:04.044 
** Tour n. 221 at 2019-09-04T13:24:05.798 
** Tour n. 222 at 2019-09-04T13:24:07.539 
** Tour n. 223 at 2019-09-04T13:24:09.095 
** Tour n. 224 at 2019-09-04T13:24:10.808 
    2019-09-04T13:24:12.604 , Tour : 225, BEST: 1530 , bonus = 0.0 
** Tour n. 225 at 2019-09-04T13:24:12.604 
** Tour n. 226 at 2019-09-04T13:24:14.519 
** Tour n. 227 at 2019-09-04T13:24:16.343 
** Tour n. 228 at 2019-09-04T13:24:18.468 
** Tour n. 229 at 2019-09-04T13:24:20.199 
    2019-09-04T13:24:22.078 , Tour : 230, BEST: 1530 , bonus = 0.0 
** Tour n. 230 at 2019-09-04T13:24:22.078 
** Tour n. 231 at 2019-09-04T13:24:24.01 
** Tour n. 232 at 2019-09-04T13:24:25.661 
** Tour n. 233 at 2019-09-04T13:24:27.358 
** Tour n. 234 at 2019-09-04T13:24:28.912 
    2019-09-04T13:24:30.577 , Tour : 235, BEST: 1530 , bonus = 0.0 
** Tour n. 235 at 2019-09-04T13:24:30.577 
** Tour n. 236 at 2019-09-04T13:24:32.345 
** Tour n. 237 at 2019-09-04T13:24:33.993 
** Tour n. 238 at 2019-09-04T13:24:35.618 
** Tour n. 239 at 2019-09-04T13:24:37.163 
    2019-09-04T13:24:38.972 , Tour : 240, BEST: 1530 , bonus = 0.0 
fitness : 1530 
 code : >>,->++<<,[>-->.>>]+>+-+.[+>-[,]+<]+>.>+[<>]-,-+>+-]<+.,.++- 
 9 - 1 ->  2 
 3 - 2 ->  2 
 0 - 0 ->  0 
** Tour n. 240 at 2019-09-04T13:24:38.972 
** Tour n. 241 at 2019-09-04T13:24:40.601 
** Tour n. 242 at 2019-09-04T13:24:42.383 
** Tour n. 243 at 2019-09-04T13:24:43.727 
** Tour n. 244 at 2019-09-04T13:24:45.306 
    2019-09-04T13:24:47.296 , Tour : 245, BEST: 1530 , bonus = 0.0 
** Tour n. 245 at 2019-09-04T13:24:47.296 
** Tour n. 246 at 2019-09-04T13:24:49.35 
** Tour n. 247 at 2019-09-04T13:24:51.137 
** Tour n. 248 at 2019-09-04T13:24:53.14 
** Tour n. 249 at 2019-09-04T13:24:54.968 
    2019-09-04T13:24:56.522 , Tour : 250, BEST: 1530 , bonus = 0.0 
** Tour n. 250 at 2019-09-04T13:24:56.522 
** Tour n. 251 at 2019-09-04T13:24:57.958 
** Tour n. 252 at 2019-09-04T13:24:59.837 
** Tour n. 253 at 2019-09-04T13:25:01.591 
** Tour n. 254 at 2019-09-04T13:25:03.382 
    2019-09-04T13:25:04.904 , Tour : 255, BEST: 1530 , bonus = 0.0 
** Tour n. 255 at 2019-09-04T13:25:04.904 
** Tour n. 256 at 2019-09-04T13:25:06.661 
** Tour n. 257 at 2019-09-04T13:25:08.248 
** Tour n. 258 at 2019-09-04T13:25:10.135 
** Tour n. 259 at 2019-09-04T13:25:11.941 
    2019-09-04T13:25:13.981 , Tour : 260, BEST: 1530 , bonus = 0.0 
** Tour n. 260 at 2019-09-04T13:25:13.981 
** Tour n. 261 at 2019-09-04T13:25:15.426 
** Tour n. 262 at 2019-09-04T13:25:17.383 
** Tour n. 263 at 2019-09-04T13:25:19.359 
** Tour n. 264 at 2019-09-04T13:25:20.826 
    2019-09-04T13:25:22.425 , Tour : 265, BEST: 1530 , bonus = 0.0 
** Tour n. 265 at 2019-09-04T13:25:22.425 
** Tour n. 266 at 2019-09-04T13:25:24.037 
** Tour n. 267 at 2019-09-04T13:25:25.95 
** Tour n. 268 at 2019-09-04T13:25:27.978 
** Tour n. 269 at 2019-09-04T13:25:29.923 
    2019-09-04T13:25:31.555 , Tour : 270, BEST: 1530 , bonus = 0.0 
** Tour n. 270 at 2019-09-04T13:25:31.555 
** Tour n. 271 at 2019-09-04T13:25:33.366 
** Tour n. 272 at 2019-09-04T13:25:35.003 
** Tour n. 273 at 2019-09-04T13:25:36.717 
** Tour n. 274 at 2019-09-04T13:25:38.245 
    2019-09-04T13:25:40.248 , Tour : 275, BEST: 1530 , bonus = 0.0 
** Tour n. 275 at 2019-09-04T13:25:40.248 
** Tour n. 276 at 2019-09-04T13:25:41.821 
** Tour n. 277 at 2019-09-04T13:25:43.451 
** Tour n. 278 at 2019-09-04T13:25:45.153 
** Tour n. 279 at 2019-09-04T13:25:46.614 
    2019-09-04T13:25:48.129 , Tour : 280, BEST: 1530 , bonus = 0.0 
fitness : 1530 
 code : >>,->++<<,[>-->.>>]+>+-+.[+>-[,]+<]+>.>+[<>]-,-+>+-]<+.,.++- 
 15 - 3 ->  2 
 10 - 6 ->  2 
 10 - 10 ->  2 
** Tour n. 280 at 2019-09-04T13:25:48.129 
** Tour n. 281 at 2019-09-04T13:25:50.058 
** Tour n. 282 at 2019-09-04T13:25:51.93 
** Tour n. 283 at 2019-09-04T13:25:53.862 
** Tour n. 284 at 2019-09-04T13:25:55.535 
    2019-09-04T13:25:57.206 , Tour : 285, BEST: 1530 , bonus = 0.0 
** Tour n. 285 at 2019-09-04T13:25:57.206 
** Tour n. 286 at 2019-09-04T13:25:58.831 
** Tour n. 287 at 2019-09-04T13:26:00.605 
** Tour n. 288 at 2019-09-04T13:26:02.715 
** Tour n. 289 at 2019-09-04T13:26:04.254 
    2019-09-04T13:26:05.789 , Tour : 290, BEST: 1530 , bonus = 0.0 
** Tour n. 290 at 2019-09-04T13:26:05.789 
** Tour n. 291 at 2019-09-04T13:26:07.523 
** Tour n. 292 at 2019-09-04T13:26:09.029 
** Tour n. 293 at 2019-09-04T13:26:10.815 
** Tour n. 294 at 2019-09-04T13:26:12.32 
    2019-09-04T13:26:14.044 , Tour : 295, BEST: 1530 , bonus = 0.0 
** Tour n. 295 at 2019-09-04T13:26:14.044 
** Tour n. 296 at 2019-09-04T13:26:15.761 
** Tour n. 297 at 2019-09-04T13:26:17.481 
** Tour n. 298 at 2019-09-04T13:26:19.412 
** Tour n. 299 at 2019-09-04T13:26:21.101 
    2019-09-04T13:26:22.708 , Tour : 300, BEST: 1530 , bonus = 0.0 
** Tour n. 300 at 2019-09-04T13:26:22.708 
** Tour n. 301 at 2019-09-04T13:26:24.094 
** Tour n. 302 at 2019-09-04T13:26:25.516 
** Tour n. 303 at 2019-09-04T13:26:26.954 
** Tour n. 304 at 2019-09-04T13:26:28.899 
    2019-09-04T13:26:30.666 , Tour : 305, BEST: 1530 , bonus = 0.0 
** Tour n. 305 at 2019-09-04T13:26:30.666 
** Tour n. 306 at 2019-09-04T13:26:32.216 
** Tour n. 307 at 2019-09-04T13:26:33.78 
** Tour n. 308 at 2019-09-04T13:26:35.692 
** Tour n. 309 at 2019-09-04T13:26:37.34 
    2019-09-04T13:26:39.095 , Tour : 310, BEST: 1530 , bonus = 0.0 
** Tour n. 310 at 2019-09-04T13:26:39.095 
** Tour n. 311 at 2019-09-04T13:26:40.849 
** Tour n. 312 at 2019-09-04T13:26:42.27 
** Tour n. 313 at 2019-09-04T13:26:43.935 
** Tour n. 314 at 2019-09-04T13:26:45.659 
    2019-09-04T13:26:47.736 , Tour : 315, BEST: 1530 , bonus = 0.0 
** Tour n. 315 at 2019-09-04T13:26:47.736 
** Tour n. 316 at 2019-09-04T13:26:49.618 
** Tour n. 317 at 2019-09-04T13:26:51.782 
** Tour n. 318 at 2019-09-04T13:26:53.273 
** Tour n. 319 at 2019-09-04T13:26:54.901 
    2019-09-04T13:26:56.734 , Tour : 320, BEST: 1530 , bonus = 0.0 
fitness : 1530 
 code : >>,->++<<,[>-->.>>]+>+-+.[+>-[,]+<]+>.>+[<>]-,-+>+-]<+.,.++- 
 4 - 0 ->  4 
 12 - 2 ->  2 
 2 - 2 ->  2 
** Tour n. 320 at 2019-09-04T13:26:56.734 
** Tour n. 321 at 2019-09-04T13:26:58.521 
** Tour n. 322 at 2019-09-04T13:27:00.284 
** Tour n. 323 at 2019-09-04T13:27:01.852 
** Tour n. 324 at 2019-09-04T13:27:03.57 
    2019-09-04T13:27:05.21 , Tour : 325, BEST: 1530 , bonus = 0.0 
** Tour n. 325 at 2019-09-04T13:27:05.21 
** Tour n. 326 at 2019-09-04T13:27:06.588 
** Tour n. 327 at 2019-09-04T13:27:08.274 
** Tour n. 328 at 2019-09-04T13:27:10.015 
** Tour n. 329 at 2019-09-04T13:27:11.879 
    2019-09-04T13:27:13.413 , Tour : 330, BEST: 1530 , bonus = 0.0 
** Tour n. 330 at 2019-09-04T13:27:13.413 
** Tour n. 331 at 2019-09-04T13:27:15.387 
** Tour n. 332 at 2019-09-04T13:27:17.077 
** Tour n. 333 at 2019-09-04T13:27:18.668 
** Tour n. 334 at 2019-09-04T13:27:20.316 
    2019-09-04T13:27:22.021 , Tour : 335, BEST: 1530 , bonus = 0.0 
** Tour n. 335 at 2019-09-04T13:27:22.021 
** Tour n. 336 at 2019-09-04T13:27:24.065 
** Tour n. 337 at 2019-09-04T13:27:25.733 
** Tour n. 338 at 2019-09-04T13:27:27.801 
** Tour n. 339 at 2019-09-04T13:27:29.194 
    2019-09-04T13:27:30.946 , Tour : 340, BEST: 1530 , bonus = 0.0 
** Tour n. 340 at 2019-09-04T13:27:30.946 
** Tour n. 341 at 2019-09-04T13:27:32.66 
** Tour n. 342 at 2019-09-04T13:27:34.521 
** Tour n. 343 at 2019-09-04T13:27:36.222 
** Tour n. 344 at 2019-09-04T13:27:37.883 
    2019-09-04T13:27:39.509 , Tour : 345, BEST: 1530 , bonus = 0.0 
** Tour n. 345 at 2019-09-04T13:27:39.509 
** Tour n. 346 at 2019-09-04T13:27:41.078 
** Tour n. 347 at 2019-09-04T13:27:42.706 
** Tour n. 348 at 2019-09-04T13:27:44.237 
** Tour n. 349 at 2019-09-04T13:27:45.955 
    2019-09-04T13:27:47.59 , Tour : 350, BEST: 1530 , bonus = 0.0 
** Tour n. 350 at 2019-09-04T13:27:47.59 
** Tour n. 351 at 2019-09-04T13:27:49.071 
** Tour n. 352 at 2019-09-04T13:27:50.663 
** Tour n. 353 at 2019-09-04T13:27:52.52 
** Tour n. 354 at 2019-09-04T13:27:54.475 
    2019-09-04T13:27:56.428 , Tour : 355, BEST: 1530 , bonus = 0.0 
** Tour n. 355 at 2019-09-04T13:27:56.428 
** Tour n. 356 at 2019-09-04T13:27:58.034 
** Tour n. 357 at 2019-09-04T13:27:59.701 
** Tour n. 358 at 2019-09-04T13:28:01.414 
** Tour n. 359 at 2019-09-04T13:28:03.025 
    2019-09-04T13:28:04.668 , Tour : 360, BEST: 1530 , bonus = 0.0 
fitness : 1530 
 code : >>,->++<<,[>-->.>>]+>+-+.[+>-[,]+<]+>.>+[<>]-,-+>+-]<+.,.++- 
 3 - 2 ->  2 
 10 - 0 ->  10 
 5 - 4 ->  2 
** Tour n. 360 at 2019-09-04T13:28:04.668 
** Tour n. 361 at 2019-09-04T13:28:06.425 
** Tour n. 362 at 2019-09-04T13:28:08.332 
** Tour n. 363 at 2019-09-04T13:28:10.23 
** Tour n. 364 at 2019-09-04T13:28:11.632 
    2019-09-04T13:28:13.397 , Tour : 365, BEST: 1530 , bonus = 0.0 
** Tour n. 365 at 2019-09-04T13:28:13.397 
** Tour n. 366 at 2019-09-04T13:28:15.241 
** Tour n. 367 at 2019-09-04T13:28:17.02 
** Tour n. 368 at 2019-09-04T13:28:18.739 
** Tour n. 369 at 2019-09-04T13:28:20.442 
    2019-09-04T13:28:22.235 , Tour : 370, BEST: 1530 , bonus = 0.0 
** Tour n. 370 at 2019-09-04T13:28:22.235 
** Tour n. 371 at 2019-09-04T13:28:24.434 
** Tour n. 372 at 2019-09-04T13:28:26.245 
** Tour n. 373 at 2019-09-04T13:28:27.943 
** Tour n. 374 at 2019-09-04T13:28:29.647 
    2019-09-04T13:28:31.301 , Tour : 375, BEST: 1530 , bonus = 0.0 
** Tour n. 375 at 2019-09-04T13:28:31.301 
** Tour n. 376 at 2019-09-04T13:28:32.914 
** Tour n. 377 at 2019-09-04T13:28:34.806 
** Tour n. 378 at 2019-09-04T13:28:36.243 
** Tour n. 379 at 2019-09-04T13:28:38.156 
    2019-09-04T13:28:39.812 , Tour : 380, BEST: 1530 , bonus = 0.0 
** Tour n. 380 at 2019-09-04T13:28:39.812 
** Tour n. 381 at 2019-09-04T13:28:41.768 
** Tour n. 382 at 2019-09-04T13:28:43.746 
** Tour n. 383 at 2019-09-04T13:28:45.664 
** Tour n. 384 at 2019-09-04T13:28:47.469 
    2019-09-04T13:28:49.11 , Tour : 385, BEST: 1530 , bonus = 0.0 
** Tour n. 385 at 2019-09-04T13:28:49.11 
** Tour n. 386 at 2019-09-04T13:28:50.91 
** Tour n. 387 at 2019-09-04T13:28:52.522 
** Tour n. 388 at 2019-09-04T13:28:54.357 
** Tour n. 389 at 2019-09-04T13:28:55.899 
    2019-09-04T13:28:57.565 , Tour : 390, BEST: 1530 , bonus = 0.0 
** Tour n. 390 at 2019-09-04T13:28:57.565 
** Tour n. 391 at 2019-09-04T13:28:59.208 
** Tour n. 392 at 2019-09-04T13:29:00.901 
** Tour n. 393 at 2019-09-04T13:29:02.683 
** Tour n. 394 at 2019-09-04T13:29:04.364 
    2019-09-04T13:29:06.048 , Tour : 395, BEST: 1530 , bonus = 0.0 
** Tour n. 395 at 2019-09-04T13:29:06.048 
** Tour n. 396 at 2019-09-04T13:29:07.873 
** Tour n. 397 at 2019-09-04T13:29:09.383 
** Tour n. 398 at 2019-09-04T13:29:11.109 
** Tour n. 399 at 2019-09-04T13:29:12.783 
    2019-09-04T13:29:14.399 , Tour : 400, BEST: 1530 , bonus = 0.0 
fitness : 1530 
 code : >>,->++<<,[>-->.>>]+>+-+.[+>-[,]+<]+>.>+[<>]-,-+>+-]<+.,.++- 
 7 - 2 ->  2 
 11 - 5 ->  2 
 6 - 3 ->  2 
** Tour n. 400 at 2019-09-04T13:29:14.399 
** Tour n. 401 at 2019-09-04T13:29:16.427 
** Tour n. 402 at 2019-09-04T13:29:18.52 
** Tour n. 403 at 2019-09-04T13:29:20.586 
** Tour n. 404 at 2019-09-04T13:29:22.251 
    2019-09-04T13:29:24.021 , Tour : 405, BEST: 1530 , bonus = 0.0 
** Tour n. 405 at 2019-09-04T13:29:24.021 
** Tour n. 406 at 2019-09-04T13:29:25.876 
** Tour n. 407 at 2019-09-04T13:29:27.568 
** Tour n. 408 at 2019-09-04T13:29:29.244 
** Tour n. 409 at 2019-09-04T13:29:30.903 
    2019-09-04T13:29:32.603 , Tour : 410, BEST: 1530 , bonus = 0.0 
** Tour n. 410 at 2019-09-04T13:29:32.603 
** Tour n. 411 at 2019-09-04T13:29:34.225 
** Tour n. 412 at 2019-09-04T13:29:35.964 
** Tour n. 413 at 2019-09-04T13:29:37.86 
** Tour n. 414 at 2019-09-04T13:29:39.566 
    2019-09-04T13:29:42.851 , Iteration : 5, BEST: 1531 , bonus = 0.0 
    2019-09-04T13:29:43.497 , Tour : 415, BEST: 1531 , bonus = 0.0 
** Tour n. 415 at 2019-09-04T13:29:43.497 
** Tour n. 416 at 2019-09-04T13:29:46.256 
** Tour n. 417 at 2019-09-04T13:29:47.854 
** Tour n. 418 at 2019-09-04T13:29:49.343 
** Tour n. 419 at 2019-09-04T13:29:50.729 
    2019-09-04T13:29:52.038 , Tour : 420, BEST: 1532 , bonus = 0.0 
** Tour n. 420 at 2019-09-04T13:29:52.038 
** Tour n. 421 at 2019-09-04T13:29:53.598 
** Tour n. 422 at 2019-09-04T13:29:54.871 
** Tour n. 423 at 2019-09-04T13:29:56.472 
** Tour n. 424 at 2019-09-04T13:29:57.808 
    2019-09-04T13:29:59.124 , Tour : 425, BEST: 1532 , bonus = 0.0 
** Tour n. 425 at 2019-09-04T13:29:59.124 
** Tour n. 426 at 2019-09-04T13:30:00.629 
** Tour n. 427 at 2019-09-04T13:30:01.9 
** Tour n. 428 at 2019-09-04T13:30:03.515 
** Tour n. 429 at 2019-09-04T13:30:04.785 
    2019-09-04T13:30:06.098 , Tour : 430, BEST: 1532 , bonus = 0.0 
** Tour n. 430 at 2019-09-04T13:30:06.098 
** Tour n. 431 at 2019-09-04T13:30:07.388 
** Tour n. 432 at 2019-09-04T13:30:08.813 
** Tour n. 433 at 2019-09-04T13:30:10.309 
** Tour n. 434 at 2019-09-04T13:30:11.826 
    2019-09-04T13:30:13.123 , Tour : 435, BEST: 1532 , bonus = 0.0 
** Tour n. 435 at 2019-09-04T13:30:13.123 
** Tour n. 436 at 2019-09-04T13:30:14.805 
** Tour n. 437 at 2019-09-04T13:30:16.21 
** Tour n. 438 at 2019-09-04T13:30:17.797 
** Tour n. 439 at 2019-09-04T13:30:19.307 
    2019-09-04T13:30:20.871 , Tour : 440, BEST: 1532 , bonus = 0.0 
fitness : 1532 
 code : >,->++<<,[>-[>.>>-]+>+-+][+--[,,]+<]+>+.>+[<>]-,-+,,+->,.,.++-.-+>.>,> 
 0 - 0 ->  0 
 3 - 0 ->  3 
 3 - 0 ->  3 
** Tour n. 440 at 2019-09-04T13:30:20.871 
** Tour n. 441 at 2019-09-04T13:30:22.19 
** Tour n. 442 at 2019-09-04T13:30:23.792 
** Tour n. 443 at 2019-09-04T13:30:25.106 
** Tour n. 444 at 2019-09-04T13:30:26.511 
    2019-09-04T13:30:28.014 , Tour : 445, BEST: 1532 , bonus = 0.0 
** Tour n. 445 at 2019-09-04T13:30:28.014 
** Tour n. 446 at 2019-09-04T13:30:29.779 
** Tour n. 447 at 2019-09-04T13:30:31.125 
** Tour n. 448 at 2019-09-04T13:30:32.594 
** Tour n. 449 at 2019-09-04T13:30:33.912 
    2019-09-04T13:30:35.362 , Tour : 450, BEST: 1532 , bonus = 0.0 
** Tour n. 450 at 2019-09-04T13:30:35.362 
** Tour n. 451 at 2019-09-04T13:30:36.694 
** Tour n. 452 at 2019-09-04T13:30:38.378 
fitness : 1536 
 code : >,->++<<,[>-<-][.>+>+--+][+--[,,]+<]+>+.>+[<>]-,-+,,+->,.,.++-.-+>.>,> 
 12 - 5 ->  7 
 4 - 2 ->  2 
 8 - 3 ->  5 
fitness 1536 
dna : [0.218804, 0.63465, 0.413327, 0.148469, 0.250091, 0.326546, 0.0246592, 0.0780086, 0.686514, 0.803127, 0.247838, 0.467675, 0.0611488, 0.388227, 0.972054, 0.806566, 0.614272, 0.202821, 0.310311, 0.230183, 0.299099, 0.488166, 0.488166, 0.309783, 0.942874, 0.828498, 0.363272, 0.410886, 0.437928, 0.864411, 0.689151, 0.689151, 0.947102, 0.269249, 0.0439971, 0.876348, 0.366007, 0.199344, 0.316795, 0.568554, 0.150957, 0.273665, 0.758576, 0.101076, 0.168879, 0.956779, 0.403536, 0.700978, 0.407938, 0.37487, 0.696154, 0.657426, 0.252423, 0.459429, 0.211236, 0.722947, 0.605235, 0.659397, 0.618483, 0.296877, 0.251045, 0.459241, 0.569985, 0.425705, 0.34273, 0.241603, 0.51915, 0.14713, 0.630001, 0.213671] 
