targetFitness = 1536 
params : Main.GeneticAlgorithms.Types.GAParams(136, 1000000, 50, 150, 0.7, 0.01, true, IOStream(<file ../Results/logSubtract.log>), 0.0, 1536.0, 0, 0) 
** Tour n. 1 at 2019-09-04T11:43:10.333 
    2019-09-04T11:43:13.182 , Iteration : 5, BEST: 1526 , bonus = 0.0 
** Tour n. 2 at 2019-09-04T11:43:13.756 
** Tour n. 3 at 2019-09-04T11:43:15.072 
** Tour n. 4 at 2019-09-04T11:43:16.446 
    2019-09-04T11:43:18.15 , Tour : 5, BEST: 1526 , bonus = 0.0 
** Tour n. 5 at 2019-09-04T11:43:18.15 
** Tour n. 6 at 2019-09-04T11:43:20.921 
** Tour n. 7 at 2019-09-04T11:43:22.527 
** Tour n. 8 at 2019-09-04T11:43:23.936 
** Tour n. 9 at 2019-09-04T11:43:25.654 
    2019-09-04T11:43:27.063 , Tour : 10, BEST: 1528 , bonus = 0.0 
** Tour n. 10 at 2019-09-04T11:43:27.063 
** Tour n. 11 at 2019-09-04T11:43:28.669 
** Tour n. 12 at 2019-09-04T11:43:30.163 
** Tour n. 13 at 2019-09-04T11:43:31.901 
** Tour n. 14 at 2019-09-04T11:43:33.731 
    2019-09-04T11:43:35.286 , Tour : 15, BEST: 1528 , bonus = 0.0 
** Tour n. 15 at 2019-09-04T11:43:35.286 
** Tour n. 16 at 2019-09-04T11:43:36.816 
** Tour n. 17 at 2019-09-04T11:43:38.5 
** Tour n. 18 at 2019-09-04T11:43:40.113 
** Tour n. 19 at 2019-09-04T11:43:41.765 
    2019-09-04T11:43:43.44 , Tour : 20, BEST: 1528 , bonus = 0.0 
** Tour n. 20 at 2019-09-04T11:43:43.44 
** Tour n. 21 at 2019-09-04T11:43:45.161 
** Tour n. 22 at 2019-09-04T11:43:46.67 
** Tour n. 23 at 2019-09-04T11:43:48.379 
** Tour n. 24 at 2019-09-04T11:43:50.106 
    2019-09-04T11:43:51.843 , Tour : 25, BEST: 1528 , bonus = 0.0 
** Tour n. 25 at 2019-09-04T11:43:51.843 
** Tour n. 26 at 2019-09-04T11:43:53.553 
** Tour n. 27 at 2019-09-04T11:43:55.034 
** Tour n. 28 at 2019-09-04T11:43:56.807 
** Tour n. 29 at 2019-09-04T11:43:58.727 
    2019-09-04T11:44:00.202 , Tour : 30, BEST: 1528 , bonus = 0.0 
** Tour n. 30 at 2019-09-04T11:44:00.202 
** Tour n. 31 at 2019-09-04T11:44:01.706 
** Tour n. 32 at 2019-09-04T11:44:03.19 
** Tour n. 33 at 2019-09-04T11:44:05.002 
** Tour n. 34 at 2019-09-04T11:44:06.29 
    2019-09-04T11:44:07.897 , Tour : 35, BEST: 1528 , bonus = 0.0 
** Tour n. 35 at 2019-09-04T11:44:07.897 
** Tour n. 36 at 2019-09-04T11:44:09.554 
** Tour n. 37 at 2019-09-04T11:44:11.313 
** Tour n. 38 at 2019-09-04T11:44:13.13 
** Tour n. 39 at 2019-09-04T11:44:14.833 
    2019-09-04T11:44:16.415 , Tour : 40, BEST: 1528 , bonus = 0.0 
fitness : 1528 
 code : +><+>,--[<,>->+++[><.]<>].+.-..,>>+>..-[.>-].-->,< 
 10 - 2 ->  3 
 12 - 1 ->  3 
 8 - 0 ->  3 
** Tour n. 40 at 2019-09-04T11:44:16.415 
    2019-09-04T11:44:19.889 , Iteration : 5, BEST: 1530 , bonus = 0.0 
** Tour n. 41 at 2019-09-04T11:44:20.874 
** Tour n. 42 at 2019-09-04T11:44:22.812 
** Tour n. 43 at 2019-09-04T11:44:25.258 
** Tour n. 44 at 2019-09-04T11:44:27.17 
    2019-09-04T11:44:29.184 , Tour : 45, BEST: 1530 , bonus = 0.0 
** Tour n. 45 at 2019-09-04T11:44:29.184 
** Tour n. 46 at 2019-09-04T11:44:30.941 
** Tour n. 47 at 2019-09-04T11:44:32.589 
** Tour n. 48 at 2019-09-04T11:44:34.719 
** Tour n. 49 at 2019-09-04T11:44:36.824 
    2019-09-04T11:44:38.745 , Tour : 50, BEST: 1530 , bonus = 0.0 
** Tour n. 50 at 2019-09-04T11:44:38.745 
** Tour n. 51 at 2019-09-04T11:44:40.491 
** Tour n. 52 at 2019-09-04T11:44:42.299 
** Tour n. 53 at 2019-09-04T11:44:44.038 
** Tour n. 54 at 2019-09-04T11:44:46.171 
    2019-09-04T11:44:48.4 , Tour : 55, BEST: 1530 , bonus = 0.0 
** Tour n. 55 at 2019-09-04T11:44:48.4 
** Tour n. 56 at 2019-09-04T11:44:50.443 
** Tour n. 57 at 2019-09-04T11:44:52.204 
** Tour n. 58 at 2019-09-04T11:44:54.1 
** Tour n. 59 at 2019-09-04T11:44:56.148 
    2019-09-04T11:44:57.842 , Tour : 60, BEST: 1530 , bonus = 0.0 
** Tour n. 60 at 2019-09-04T11:44:57.842 
** Tour n. 61 at 2019-09-04T11:44:59.786 
** Tour n. 62 at 2019-09-04T11:45:02.061 
** Tour n. 63 at 2019-09-04T11:45:04.131 
** Tour n. 64 at 2019-09-04T11:45:05.995 
    2019-09-04T11:45:07.79 , Tour : 65, BEST: 1530 , bonus = 0.0 
** Tour n. 65 at 2019-09-04T11:45:07.79 
** Tour n. 66 at 2019-09-04T11:45:09.87 
** Tour n. 67 at 2019-09-04T11:45:11.592 
** Tour n. 68 at 2019-09-04T11:45:13.86 
** Tour n. 69 at 2019-09-04T11:45:16.089 
    2019-09-04T11:45:18.187 , Tour : 70, BEST: 1530 , bonus = 0.0 
** Tour n. 70 at 2019-09-04T11:45:18.187 
** Tour n. 71 at 2019-09-04T11:45:20.287 
** Tour n. 72 at 2019-09-04T11:45:22.217 
** Tour n. 73 at 2019-09-04T11:45:23.916 
** Tour n. 74 at 2019-09-04T11:45:25.865 
    2019-09-04T11:45:27.607 , Tour : 75, BEST: 1530 , bonus = 0.0 
** Tour n. 75 at 2019-09-04T11:45:27.607 
** Tour n. 76 at 2019-09-04T11:45:29.194 
** Tour n. 77 at 2019-09-04T11:45:31.342 
** Tour n. 78 at 2019-09-04T11:45:33.273 
** Tour n. 79 at 2019-09-04T11:45:35.328 
    2019-09-04T11:45:37.655 , Tour : 80, BEST: 1530 , bonus = 0.0 
fitness : 1530 
 code : +><+>,>-+,[+->++[><.]<><>]<...<>+-,.,-[.>-].--,,<+ 
 10 - 9 ->  2 
 0 - 0 ->  0 
 7 - 4 ->  2 
** Tour n. 80 at 2019-09-04T11:45:37.655 
** Tour n. 81 at 2019-09-04T11:45:39.585 
** Tour n. 82 at 2019-09-04T11:45:41.273 
** Tour n. 83 at 2019-09-04T11:45:43.045 
** Tour n. 84 at 2019-09-04T11:45:45.191 
    2019-09-04T11:45:47.038 , Tour : 85, BEST: 1530 , bonus = 0.0 
** Tour n. 85 at 2019-09-04T11:45:47.038 
** Tour n. 86 at 2019-09-04T11:45:48.769 
** Tour n. 87 at 2019-09-04T11:45:50.633 
** Tour n. 88 at 2019-09-04T11:45:52.344 
** Tour n. 89 at 2019-09-04T11:45:54.605 
    2019-09-04T11:45:56.63 , Tour : 90, BEST: 1530 , bonus = 0.0 
** Tour n. 90 at 2019-09-04T11:45:56.63 
** Tour n. 91 at 2019-09-04T11:45:58.463 
** Tour n. 92 at 2019-09-04T11:46:00.433 
** Tour n. 93 at 2019-09-04T11:46:02.306 
** Tour n. 94 at 2019-09-04T11:46:04.089 
    2019-09-04T11:46:06.06 , Tour : 95, BEST: 1530 , bonus = 0.0 
** Tour n. 95 at 2019-09-04T11:46:06.06 
** Tour n. 96 at 2019-09-04T11:46:07.879 
** Tour n. 97 at 2019-09-04T11:46:09.996 
** Tour n. 98 at 2019-09-04T11:46:11.653 
** Tour n. 99 at 2019-09-04T11:46:13.496 
    2019-09-04T11:46:15.144 , Tour : 100, BEST: 1530 , bonus = 0.0 
** Tour n. 100 at 2019-09-04T11:46:15.144 
** Tour n. 101 at 2019-09-04T11:46:17.163 
** Tour n. 102 at 2019-09-04T11:46:19.222 
** Tour n. 103 at 2019-09-04T11:46:21.043 
** Tour n. 104 at 2019-09-04T11:46:22.891 
    2019-09-04T11:46:24.622 , Tour : 105, BEST: 1530 , bonus = 0.0 
** Tour n. 105 at 2019-09-04T11:46:24.622 
** Tour n. 106 at 2019-09-04T11:46:26.441 
** Tour n. 107 at 2019-09-04T11:46:28.549 
** Tour n. 108 at 2019-09-04T11:46:30.49 
** Tour n. 109 at 2019-09-04T11:46:32.429 
    2019-09-04T11:46:34.098 , Tour : 110, BEST: 1530 , bonus = 0.0 
** Tour n. 110 at 2019-09-04T11:46:34.098 
** Tour n. 111 at 2019-09-04T11:46:36 
** Tour n. 112 at 2019-09-04T11:46:37.943 
** Tour n. 113 at 2019-09-04T11:46:39.81 
** Tour n. 114 at 2019-09-04T11:46:41.559 
    2019-09-04T11:46:43.266 , Tour : 115, BEST: 1530 , bonus = 0.0 
** Tour n. 115 at 2019-09-04T11:46:43.266 
** Tour n. 116 at 2019-09-04T11:46:45.282 
** Tour n. 117 at 2019-09-04T11:46:47.619 
** Tour n. 118 at 2019-09-04T11:46:49.653 
** Tour n. 119 at 2019-09-04T11:46:51.756 
    2019-09-04T11:46:53.879 , Tour : 120, BEST: 1530 , bonus = 0.0 
fitness : 1530 
 code : +><+>,>-+,[+->++[><.]<><>]<...<>+-,.,-[.>-].--,,<+ 
 2 - 0 ->  2 
 1 - 1 ->  2 
 6 - 5 ->  2 
** Tour n. 120 at 2019-09-04T11:46:53.879 
** Tour n. 121 at 2019-09-04T11:46:55.914 
** Tour n. 122 at 2019-09-04T11:46:57.703 
** Tour n. 123 at 2019-09-04T11:46:59.548 
** Tour n. 124 at 2019-09-04T11:47:01.694 
    2019-09-04T11:47:03.816 , Tour : 125, BEST: 1530 , bonus = 0.0 
** Tour n. 125 at 2019-09-04T11:47:03.816 
** Tour n. 126 at 2019-09-04T11:47:05.523 
** Tour n. 127 at 2019-09-04T11:47:07.278 
** Tour n. 128 at 2019-09-04T11:47:09.391 
** Tour n. 129 at 2019-09-04T11:47:11.364 
    2019-09-04T11:47:13.031 , Tour : 130, BEST: 1530 , bonus = 0.0 
** Tour n. 130 at 2019-09-04T11:47:13.031 
** Tour n. 131 at 2019-09-04T11:47:14.745 
** Tour n. 132 at 2019-09-04T11:47:16.691 
** Tour n. 133 at 2019-09-04T11:47:18.406 
** Tour n. 134 at 2019-09-04T11:47:20.558 
    2019-09-04T11:47:22.372 , Tour : 135, BEST: 1530 , bonus = 0.0 
** Tour n. 135 at 2019-09-04T11:47:22.372 
** Tour n. 136 at 2019-09-04T11:47:24.066 
** Tour n. 137 at 2019-09-04T11:47:26.071 
** Tour n. 138 at 2019-09-04T11:47:28.069 
** Tour n. 139 at 2019-09-04T11:47:29.902 
    2019-09-04T11:47:31.718 , Tour : 140, BEST: 1530 , bonus = 0.0 
** Tour n. 140 at 2019-09-04T11:47:31.718 
** Tour n. 141 at 2019-09-04T11:47:33.74 
** Tour n. 142 at 2019-09-04T11:47:35.599 
** Tour n. 143 at 2019-09-04T11:47:37.783 
** Tour n. 144 at 2019-09-04T11:47:39.909 
    2019-09-04T11:47:41.677 , Tour : 145, BEST: 1530 , bonus = 0.0 
** Tour n. 145 at 2019-09-04T11:47:41.677 
** Tour n. 146 at 2019-09-04T11:47:43.243 
** Tour n. 147 at 2019-09-04T11:47:45.017 
** Tour n. 148 at 2019-09-04T11:47:46.742 
** Tour n. 149 at 2019-09-04T11:47:48.503 
    2019-09-04T11:47:50.558 , Tour : 150, BEST: 1530 , bonus = 0.0 
** Tour n. 150 at 2019-09-04T11:47:50.558 
** Tour n. 151 at 2019-09-04T11:47:52.386 
** Tour n. 152 at 2019-09-04T11:47:54.348 
** Tour n. 153 at 2019-09-04T11:47:56.398 
** Tour n. 154 at 2019-09-04T11:47:58.164 
    2019-09-04T11:48:00.154 , Tour : 155, BEST: 1530 , bonus = 0.0 
** Tour n. 155 at 2019-09-04T11:48:00.154 
** Tour n. 156 at 2019-09-04T11:48:01.941 
** Tour n. 157 at 2019-09-04T11:48:03.722 
** Tour n. 158 at 2019-09-04T11:48:05.626 
** Tour n. 159 at 2019-09-04T11:48:07.709 
    2019-09-04T11:48:09.33 , Tour : 160, BEST: 1530 , bonus = 0.0 
fitness : 1530 
 code : +><+>,>-+,[+->++[><.]<><>]<...<>+-,.,-[.>-].--,,<+ 
 1 - 1 ->  2 
 4 - 1 ->  2 
 10 - 6 ->  2 
** Tour n. 160 at 2019-09-04T11:48:09.33 
** Tour n. 161 at 2019-09-04T11:48:11.212 
** Tour n. 162 at 2019-09-04T11:48:12.85 
** Tour n. 163 at 2019-09-04T11:48:14.983 
** Tour n. 164 at 2019-09-04T11:48:16.624 
    2019-09-04T11:48:18.9 , Tour : 165, BEST: 1530 , bonus = 0.0 
** Tour n. 165 at 2019-09-04T11:48:18.9 
** Tour n. 166 at 2019-09-04T11:48:20.71 
** Tour n. 167 at 2019-09-04T11:48:22.803 
** Tour n. 168 at 2019-09-04T11:48:24.648 
** Tour n. 169 at 2019-09-04T11:48:26.673 
    2019-09-04T11:48:28.762 , Tour : 170, BEST: 1530 , bonus = 0.0 
** Tour n. 170 at 2019-09-04T11:48:28.762 
** Tour n. 171 at 2019-09-04T11:48:30.653 
** Tour n. 172 at 2019-09-04T11:48:32.496 
** Tour n. 173 at 2019-09-04T11:48:34.344 
** Tour n. 174 at 2019-09-04T11:48:36.385 
    2019-09-04T11:48:38.159 , Tour : 175, BEST: 1530 , bonus = 0.0 
** Tour n. 175 at 2019-09-04T11:48:38.159 
** Tour n. 176 at 2019-09-04T11:48:40.066 
** Tour n. 177 at 2019-09-04T11:48:42.255 
** Tour n. 178 at 2019-09-04T11:48:44.068 
** Tour n. 179 at 2019-09-04T11:48:46.322 
    2019-09-04T11:48:48.228 , Tour : 180, BEST: 1530 , bonus = 0.0 
** Tour n. 180 at 2019-09-04T11:48:48.228 
** Tour n. 181 at 2019-09-04T11:48:50.457 
** Tour n. 182 at 2019-09-04T11:48:52.592 
** Tour n. 183 at 2019-09-04T11:48:54.351 
** Tour n. 184 at 2019-09-04T11:48:56.333 
    2019-09-04T11:48:58.265 , Tour : 185, BEST: 1530 , bonus = 0.0 
** Tour n. 185 at 2019-09-04T11:48:58.265 
** Tour n. 186 at 2019-09-04T11:49:00.347 
** Tour n. 187 at 2019-09-04T11:49:02.196 
** Tour n. 188 at 2019-09-04T11:49:04.363 
** Tour n. 189 at 2019-09-04T11:49:06.131 
    2019-09-04T11:49:08.187 , Tour : 190, BEST: 1530 , bonus = 0.0 
** Tour n. 190 at 2019-09-04T11:49:08.187 
** Tour n. 191 at 2019-09-04T11:49:10.11 
** Tour n. 192 at 2019-09-04T11:49:12.181 
** Tour n. 193 at 2019-09-04T11:49:14.021 
** Tour n. 194 at 2019-09-04T11:49:15.943 
    2019-09-04T11:49:17.825 , Tour : 195, BEST: 1530 , bonus = 0.0 
** Tour n. 195 at 2019-09-04T11:49:17.825 
** Tour n. 196 at 2019-09-04T11:49:19.748 
** Tour n. 197 at 2019-09-04T11:49:21.735 
** Tour n. 198 at 2019-09-04T11:49:23.861 
** Tour n. 199 at 2019-09-04T11:49:25.88 
    2019-09-04T11:49:27.807 , Tour : 200, BEST: 1530 , bonus = 0.0 
fitness : 1530 
 code : +><+>,>-+,[+->++[><.]<><>]<...<>+-,.,-[.>-].--,,<+ 
 14 - 14 ->  2 
 12 - 9 ->  2 
 4 - 1 ->  2 
** Tour n. 200 at 2019-09-04T11:49:27.807 
** Tour n. 201 at 2019-09-04T11:49:30.394 
** Tour n. 202 at 2019-09-04T11:49:32.641 
** Tour n. 203 at 2019-09-04T11:49:34.787 
** Tour n. 204 at 2019-09-04T11:49:37.304 
    2019-09-04T11:49:39.335 , Tour : 205, BEST: 1530 , bonus = 0.0 
** Tour n. 205 at 2019-09-04T11:49:39.335 
** Tour n. 206 at 2019-09-04T11:49:41.263 
** Tour n. 207 at 2019-09-04T11:49:43.637 
** Tour n. 208 at 2019-09-04T11:49:45.645 
** Tour n. 209 at 2019-09-04T11:49:47.765 
    2019-09-04T11:49:49.71 , Tour : 210, BEST: 1530 , bonus = 0.0 
** Tour n. 210 at 2019-09-04T11:49:49.71 
** Tour n. 211 at 2019-09-04T11:49:51.928 
** Tour n. 212 at 2019-09-04T11:49:54.025 
** Tour n. 213 at 2019-09-04T11:49:56.232 
** Tour n. 214 at 2019-09-04T11:49:58.459 
    2019-09-04T11:50:00.921 , Tour : 215, BEST: 1530 , bonus = 0.0 
** Tour n. 215 at 2019-09-04T11:50:00.921 
** Tour n. 216 at 2019-09-04T11:50:03.203 
** Tour n. 217 at 2019-09-04T11:50:05.741 
** Tour n. 218 at 2019-09-04T11:50:08.284 
** Tour n. 219 at 2019-09-04T11:50:10.582 
    2019-09-04T11:50:12.909 , Tour : 220, BEST: 1530 , bonus = 0.0 
** Tour n. 220 at 2019-09-04T11:50:12.909 
** Tour n. 221 at 2019-09-04T11:50:15.009 
** Tour n. 222 at 2019-09-04T11:50:17.5 
** Tour n. 223 at 2019-09-04T11:50:19.522 
fitness : 1536 
 code : +><+>,>-+,[+<->--][><.]<><>,<...<>+-,.,-[.>-].-->,-[-[>.+<,. 
 1 - 1 ->  0 
 3 - 2 ->  1 
 9 - 7 ->  2 
fitness 1536 
dna : [0.313238, 0.203759, 0.113391, 0.296751, 0.140012, 0.729565, 0.238377, 0.49171, 0.258373, 0.688585, 0.773516, 0.370171, 0.0540846, 0.424076, 0.182398, 0.493266, 0.445535, 0.992579, 0.853404, 0.134623, 0.0464634, 0.592285, 0.963068, 0.0519916, 0.187831, 0.0762537, 0.129854, 0.691985, 0.102978, 0.500061, 0.623263, 0.583039, 0.0893774, 0.163384, 0.354421, 0.382397, 0.668041, 0.580938, 0.662115, 0.455285, 0.842055, 0.531118, 0.1385, 0.387676, 0.991006, 0.559629, 0.46314, 0.466572, 0.127039, 0.700866, 0.478417, 0.830157, 0.385462, 0.82383, 0.23873, 0.584038, 0.255228, 0.0216063, 0.696216, 0.606391] 
