targetFitness = 522 
params : Main.GeneticAlgorithms.Types.GAParams(156, 10000000, 200, 350, 0.8, 0.01, true, IOStream(<file ../Results/logStringhi.log>), 0.0, 522.0, 0, 0) 
** Tour n. 1 at 2019-09-02T14:31:58.47 
    2019-09-02T14:32:01.99 , Iteration : 5, BEST: 327 , bonus = 1794.0 
    2019-09-02T14:32:03.168 , Iteration : 10, BEST: 351 , bonus = 537.0 
    2019-09-02T14:32:05.364 , Iteration : 15, BEST: 375 , bonus = 1.0 
    2019-09-02T14:32:06.663 , Iteration : 20, BEST: 395 , bonus = 1.0 
    2019-09-02T14:32:08 , Iteration : 25, BEST: 417 , bonus = 1.0 
    2019-09-02T14:32:09.682 , Iteration : 30, BEST: 431 , bonus = 1.0 
    2019-09-02T14:32:10.828 , Iteration : 35, BEST: 438 , bonus = 1.0 
    2019-09-02T14:32:12.244 , Iteration : 40, BEST: 452 , bonus = 1.0 
fitness : 452 
  code : ++++++[++++++++++++++++++++++++++++++++++++++++++.+],<-,+<-<-->>[->-,--<>-]<+..+[+[<..-<.<.[[,,],,][.<>><+]<>><+-]--[[<<[.<-><[++-[-->[>[---.-.>-]-]-],.>+,]>[+-.]>]-++.-]][<<[[,<[<].[-+[+[-]<[[<->]><,  
 goal : hi -> 0[
    2019-09-02T14:32:14.117 , Iteration : 45, BEST: 472 , bonus = 1.0 
    2019-09-02T14:32:15.419 , Iteration : 50, BEST: 477 , bonus = 1.0 
** Tour n. 2 at 2019-09-02T14:32:15.698 
** Tour n. 3 at 2019-09-02T14:32:16.924 
** Tour n. 4 at 2019-09-02T14:32:18.169 
    2019-09-02T14:32:19.402 , Tour : 5, BEST: 477 , bonus = 1.0 
** Tour n. 5 at 2019-09-02T14:32:19.402 
** Tour n. 6 at 2019-09-02T14:32:20.862 
** Tour n. 7 at 2019-09-02T14:32:22.015 
** Tour n. 8 at 2019-09-02T14:32:23.147 
** Tour n. 9 at 2019-09-02T14:32:24.33 
    2019-09-02T14:32:25.53 , Tour : 10, BEST: 478 , bonus = 1.0 
** Tour n. 10 at 2019-09-02T14:32:25.53 
    2019-09-02T14:32:27.066 , Iteration : 5, BEST: 480 , bonus = 1.0 
** Tour n. 11 at 2019-09-02T14:32:28.124 
    2019-09-02T14:32:29.568 , Iteration : 5, BEST: 483 , bonus = 1.0 
** Tour n. 12 at 2019-09-02T14:32:30.09 
** Tour n. 13 at 2019-09-02T14:32:31.232 
    2019-09-02T14:32:32.803 , Iteration : 5, BEST: 485 , bonus = 1.0 
** Tour n. 14 at 2019-09-02T14:32:33.107 
    2019-09-02T14:32:34.363 , Tour : 15, BEST: 485 , bonus = 1.0 
** Tour n. 15 at 2019-09-02T14:32:34.363 
** Tour n. 16 at 2019-09-02T14:32:35.703 
** Tour n. 17 at 2019-09-02T14:32:36.828 
** Tour n. 18 at 2019-09-02T14:32:37.945 
** Tour n. 19 at 2019-09-02T14:32:39.106 
    2019-09-02T14:32:40.331 , Tour : 20, BEST: 485 , bonus = 1.0 
** Tour n. 20 at 2019-09-02T14:32:40.331 
** Tour n. 21 at 2019-09-02T14:32:41.533 
    2019-09-02T14:32:43.036 , Iteration : 5, BEST: 487 , bonus = 1.0 
** Tour n. 22 at 2019-09-02T14:32:43.279 
** Tour n. 23 at 2019-09-02T14:32:44.426 
** Tour n. 24 at 2019-09-02T14:32:45.582 
    2019-09-02T14:32:46.602 , Tour : 25, BEST: 487 , bonus = 1.0 
** Tour n. 25 at 2019-09-02T14:32:46.602 
** Tour n. 26 at 2019-09-02T14:32:47.691 
    2019-09-02T14:32:49.053 , Iteration : 5, BEST: 489 , bonus = 1.0 
    2019-09-02T14:32:49.586 , Iteration : 10, BEST: 491 , bonus = 1.0 
** Tour n. 27 at 2019-09-02T14:32:49.812 
** Tour n. 28 at 2019-09-02T14:32:50.819 
** Tour n. 29 at 2019-09-02T14:32:51.892 
    2019-09-02T14:32:52.949 , Tour : 30, BEST: 491 , bonus = 1.0 
** Tour n. 30 at 2019-09-02T14:32:52.949 
    2019-09-02T14:32:54.161 , Iteration : 5, BEST: 492 , bonus = 1.0 
** Tour n. 31 at 2019-09-02T14:32:54.287 
** Tour n. 32 at 2019-09-02T14:32:55.333 
    2019-09-02T14:32:56.472 , Iteration : 5, BEST: 493 , bonus = 1.0 
** Tour n. 33 at 2019-09-02T14:32:56.574 
** Tour n. 34 at 2019-09-02T14:32:57.639 
    2019-09-02T14:32:58.76 , Tour : 35, BEST: 493 , bonus = 1.0 
** Tour n. 35 at 2019-09-02T14:32:58.76 
** Tour n. 36 at 2019-09-02T14:32:59.836 
** Tour n. 37 at 2019-09-02T14:33:00.901 
** Tour n. 38 at 2019-09-02T14:33:02.072 
** Tour n. 39 at 2019-09-02T14:33:03.21 
    2019-09-02T14:33:04.238 , Tour : 40, BEST: 493 , bonus = 1.0 
fitness : 493 
  code : +++++++++++++++++++++++++++++++++++++++++++++[++++++++++++++++++++++++++++++.]+,+<-<-->>>.[->-+>.>,+.[[[+<+--,-[-+>.]<+,,><<,.[+[]>[<.+.,,-.>[++[>.<<.,.]--+>.>>+-,.-]-]<.,],,[>.[+[[[-.[[,>]]<]<,,<[[+.  
 goal : hi -> Ki
** Tour n. 40 at 2019-09-02T14:33:04.238 
** Tour n. 41 at 2019-09-02T14:33:05.303 
** Tour n. 42 at 2019-09-02T14:33:06.475 
** Tour n. 43 at 2019-09-02T14:33:07.466 
** Tour n. 44 at 2019-09-02T14:33:08.545 
    2019-09-02T14:33:09.594 , Tour : 45, BEST: 493 , bonus = 1.0 
** Tour n. 45 at 2019-09-02T14:33:09.594 
** Tour n. 46 at 2019-09-02T14:33:10.596 
    2019-09-02T14:33:11.759 , Iteration : 5, BEST: 495 , bonus = 1.0 
    2019-09-02T14:33:12.424 , Iteration : 10, BEST: 496 , bonus = 292.0 
    2019-09-02T14:33:12.984 , Iteration : 15, BEST: 499 , bonus = 1.0 
    2019-09-02T14:33:13.465 , Iteration : 20, BEST: 501 , bonus = 1.0 
** Tour n. 47 at 2019-09-02T14:33:13.652 
** Tour n. 48 at 2019-09-02T14:33:14.757 
** Tour n. 49 at 2019-09-02T14:33:15.791 
    2019-09-02T14:33:16.835 , Tour : 50, BEST: 501 , bonus = 1.0 
** Tour n. 50 at 2019-09-02T14:33:16.835 
** Tour n. 51 at 2019-09-02T14:33:17.903 
** Tour n. 52 at 2019-09-02T14:33:18.917 
    2019-09-02T14:33:20.217 , Iteration : 5, BEST: 502 , bonus = 1.0 
** Tour n. 53 at 2019-09-02T14:33:20.346 
** Tour n. 54 at 2019-09-02T14:33:21.374 
    2019-09-02T14:33:22.406 , Tour : 55, BEST: 502 , bonus = 1.0 
** Tour n. 55 at 2019-09-02T14:33:22.406 
** Tour n. 56 at 2019-09-02T14:33:23.524 
** Tour n. 57 at 2019-09-02T14:33:24.567 
** Tour n. 58 at 2019-09-02T14:33:25.617 
** Tour n. 59 at 2019-09-02T14:33:26.689 
    2019-09-02T14:33:27.748 , Tour : 60, BEST: 502 , bonus = 1.0 
** Tour n. 60 at 2019-09-02T14:33:27.748 
** Tour n. 61 at 2019-09-02T14:33:28.821 
** Tour n. 62 at 2019-09-02T14:33:29.899 
** Tour n. 63 at 2019-09-02T14:33:30.947 
** Tour n. 64 at 2019-09-02T14:33:32.017 
    2019-09-02T14:33:33.079 , Tour : 65, BEST: 502 , bonus = 1.0 
** Tour n. 65 at 2019-09-02T14:33:33.079 
** Tour n. 66 at 2019-09-02T14:33:34.176 
** Tour n. 67 at 2019-09-02T14:33:35.269 
** Tour n. 68 at 2019-09-02T14:33:36.422 
** Tour n. 69 at 2019-09-02T14:33:37.576 
    2019-09-02T14:33:38.718 , Tour : 70, BEST: 502 , bonus = 1.0 
** Tour n. 70 at 2019-09-02T14:33:38.718 
** Tour n. 71 at 2019-09-02T14:33:39.773 
** Tour n. 72 at 2019-09-02T14:33:40.887 
    2019-09-02T14:33:42.237 , Iteration : 5, BEST: 503 , bonus = 1.0 
** Tour n. 73 at 2019-09-02T14:33:42.395 
** Tour n. 74 at 2019-09-02T14:33:43.544 
    2019-09-02T14:33:44.597 , Tour : 75, BEST: 503 , bonus = 1.0 
** Tour n. 75 at 2019-09-02T14:33:44.597 
** Tour n. 76 at 2019-09-02T14:33:45.769 
    2019-09-02T14:33:47.298 , Iteration : 5, BEST: 504 , bonus = 1.0 
** Tour n. 77 at 2019-09-02T14:33:47.612 
** Tour n. 78 at 2019-09-02T14:33:48.675 
** Tour n. 79 at 2019-09-02T14:33:49.803 
    2019-09-02T14:33:50.892 , Tour : 80, BEST: 506 , bonus = 1.0 
fitness : 506 
  code : +++++++++++++++++++++++++++++++++++++++++++++++++++++++++++++++++++[+++++++++++++++++++++.----]++<-+-<+>.[[-+.><,+.+[<<+<+-+--[-[<>.]+<,<<,,<<,]+[>..+.,],>>.+][><<<.,<,,]+,[+.<-.[[,>[,>]]<<<<]<,,<[+..  
 goal : hi -> Xi
** Tour n. 80 at 2019-09-02T14:33:50.892 
** Tour n. 81 at 2019-09-02T14:33:52.033 
** Tour n. 82 at 2019-09-02T14:33:53.174 
** Tour n. 83 at 2019-09-02T14:33:54.209 
** Tour n. 84 at 2019-09-02T14:33:55.238 
    2019-09-02T14:33:56.326 , Tour : 85, BEST: 507 , bonus = 1.0 
** Tour n. 85 at 2019-09-02T14:33:56.326 
    2019-09-02T14:33:57.659 , Iteration : 5, BEST: 508 , bonus = 1.0 
** Tour n. 86 at 2019-09-02T14:33:57.762 
** Tour n. 87 at 2019-09-02T14:33:58.846 
    2019-09-02T14:34:00.089 , Iteration : 5, BEST: 509 , bonus = 1.0 
** Tour n. 88 at 2019-09-02T14:34:00.226 
    2019-09-02T14:34:01.491 , Iteration : 5, BEST: 510 , bonus = 1.0 
** Tour n. 89 at 2019-09-02T14:34:01.617 
    2019-09-02T14:34:02.667 , Tour : 90, BEST: 510 , bonus = 1.0 
** Tour n. 90 at 2019-09-02T14:34:02.667 
** Tour n. 91 at 2019-09-02T14:34:03.772 
** Tour n. 92 at 2019-09-02T14:34:04.878 
** Tour n. 93 at 2019-09-02T14:34:06.015 
    2019-09-02T14:34:07.231 , Iteration : 5, BEST: 511 , bonus = 1.0 
** Tour n. 94 at 2019-09-02T14:34:07.336 
    2019-09-02T14:34:08.416 , Tour : 95, BEST: 511 , bonus = 1.0 
** Tour n. 95 at 2019-09-02T14:34:08.416 
** Tour n. 96 at 2019-09-02T14:34:09.508 
    2019-09-02T14:34:10.776 , Iteration : 5, BEST: 512 , bonus = 1.0 
** Tour n. 97 at 2019-09-02T14:34:11.25 
** Tour n. 98 at 2019-09-02T14:34:12.361 
** Tour n. 99 at 2019-09-02T14:34:13.398 
    2019-09-02T14:34:14.457 , Tour : 100, BEST: 513 , bonus = 1.0 
** Tour n. 100 at 2019-09-02T14:34:14.457 
    2019-09-02T14:34:15.804 , Iteration : 5, BEST: 515 , bonus = 1.0 
** Tour n. 101 at 2019-09-02T14:34:16.257 
** Tour n. 102 at 2019-09-02T14:34:17.522 
** Tour n. 103 at 2019-09-02T14:34:18.58 
** Tour n. 104 at 2019-09-02T14:34:19.631 
    2019-09-02T14:34:20.844 , Tour : 105, BEST: 517 , bonus = 1.0 
** Tour n. 105 at 2019-09-02T14:34:20.844 
** Tour n. 106 at 2019-09-02T14:34:21.89 
    2019-09-02T14:34:23.251 , Iteration : 5, BEST: 519 , bonus = 1.0 
** Tour n. 107 at 2019-09-02T14:34:23.702 
** Tour n. 108 at 2019-09-02T14:34:24.761 
** Tour n. 109 at 2019-09-02T14:34:25.838 
    2019-09-02T14:34:27.018 , Iteration : 5, BEST: 521 , bonus = 1.0 
    2019-09-02T14:34:27.124 , Tour : 110, BEST: 521 , bonus = 1.0 
** Tour n. 110 at 2019-09-02T14:34:27.124 
** Tour n. 111 at 2019-09-02T14:34:28.243 
** Tour n. 112 at 2019-09-02T14:34:29.259 
** Tour n. 113 at 2019-09-02T14:34:30.303 
fitness : 522 
  code : +++++++++++++++++++++++++++++++++++++++++++++++++++++++++++++++++++++++++++++++++++++++++[+++++++++++++++.--------------]<->+-<+.[[.-<<[<>,[,>..--[[<.>],<<,,><].[<.+,][[,,[<..,-,+]<<[,,[,<[[,,<.,<.><<  
 goal : hi -> hi
fitness 522 
dna : [0.34219, 0.354825, 0.271671, 0.273109, 0.308525, 0.273109, 0.308525, 0.271359, 0.344138, 0.298614, 0.336989, 0.336989, 0.288659, 0.263293, 0.263293, 0.263293, 0.263293, 0.366868, 0.301662, 0.268382, 0.27017, 0.27017, 0.272076, 0.27017, 0.272076, 0.283619, 0.345846, 0.311508, 0.334816, 0.374598, 0.27017, 0.343103, 0.283619, 0.345846, 0.311508, 0.353536, 0.297221, 0.323123, 0.297221, 0.323123, 0.353536, 0.297221, 0.297221, 0.267242, 0.323123, 0.297221, 0.297221, 0.323123, 0.297221, 0.323123, 0.373905, 0.323123, 0.323123, 0.343314, 0.312554, 0.323123, 0.323123, 0.323123, 0.343314, 0.312554, 0.316731, 0.353536, 0.316731, 0.353536, 0.316731, 0.353536, 0.353536, 0.316731, 0.316731, 0.353536, 0.353536, 0.316731, 0.353536, 0.353536, 0.353536, 0.353536, 0.353536, 0.323123, 0.323123, 0.299337, 0.299337, 0.299337, 0.299337, 0.351444, 0.323123, 0.351444, 0.323123, 0.343314, 0.343314, 0.844877, 0.343314, 0.297221, 0.322908, 0.297221, 0.265831, 0.265831, 0.265831, 0.343314, 0.265831, 0.253054, 0.265831, 0.265831, 0.265831, 0.265831, 0.265831, 0.55152, 0.380732, 0.380732, 0.380732, 0.380732, 0.380732, 0.380732, 0.472602, 0.380732, 0.380732, 0.472602, 0.380732, 0.424048, 0.472602, 0.380017, 0.975129, 0.0419201, 0.422451, 0.239557, 0.259502, 0.422451, 0.117955, 0.264796, 0.582298, 0.807163, 0.843214, 0.579741, 0.451653, 0.0783269, 0.0356147, 0.799438, 0.122947, 0.241264, 0.680987, 0.808286, 0.722473, 0.237568, 0.55326, 0.587422, 0.484422, 0.399729, 0.861438, 0.834249, 0.0565788, 0.59937, 0.132449, 0.988543, 0.700935, 0.0525354, 0.0743847, 0.730256, 0.714624, 0.165858, 0.0743847, 0.916658, 0.585666, 0.774115, 0.00449171, 0.500581, 0.341516, 0.689057, 0.942556, 0.752378, 0.865122, 0.646617, 0.646617, 0.83333, 0.0732285, 0.520221, 0.560645, 0.689769, 0.393059, 0.67647, 0.262926, 0.97524, 4.21115e-6, 0.0388276, 0.818962, 0.707637, 0.741184, 0.866598, 0.652722, 0.00682442, 0.780364, 0.868071, 0.649226, 0.683804, 0.116002, 0.59653, 0.716005, 0.0342122, 0.601978, 0.209271, 0.0444108, 0.00121339] 
