targetFitness = 2826 
params : Main.GeneticAlgorithms.Types.GAParams(156, 10000000, 250, 250, 0.8, 0.01, true, IOStream(<file ../Results/logStringHello World.log>), 0.0, 2826.0, 0, 0) 
** Tour n. 1 at 2019-08-31T17:08:57.736 
    2019-08-31T17:09:03.231 , Iteration : 5, BEST: 1994 , bonus = 735.0 
    2019-08-31T17:09:04.745 , Iteration : 10, BEST: 2171 , bonus = 952.0 
fitness : 2171 
  code : >+++++<[.,<.]>+[+[+++++.].--<>.>>--....-->+-<,->,<,[<-,<,<-<>..,--+-++--[[-,>.<<,+,-,><,.,.+[,.>..]-[<+,,-,+.+<-->>,[>[<.-->+<[-.[>-[>->[-.>[-]+-[.--,,<,.[[.+.-++.-+.[<>[>>..+<+-.[.++,,<<[-],-]],-]<,-++.+>>][,[[,>,+-<+><.><..[.-].,---[+++>[,.-[[>]+>+  
 goal : Hello World ->  %*/49>
** Tour n. 2 at 2019-08-31T17:09:04.898 
    2019-08-31T17:09:08.308 , Iteration : 5, BEST: 2279 , bonus = 1.0 
    2019-08-31T17:09:09.187 , Iteration : 10, BEST: 2426 , bonus = 1.0 
fitness : 2426 
  code : +>,>+++++++<,>+[+++++++++++.].-<>.>>--.<>><<>+>[-,<,[<[<-,+]-<++,>+.+-+,-[[<.]>.++,<<,><,.,.+[,.>.+.>+]<>>,-++<-->>>[,,+<<-<]-><,[<,>+,>>.<<.-.<<>++>+,.-]++-.<<,,<<,,>..+<<.][[><-,<.-,]<].-,+>.-..-.-><>][,[[>++...>+,<.[-]]-<>+>],>><.,+][<>>[<[>.--,<<  
 goal : Hello World -> )4?JU`kv
    2019-08-31T17:09:11.663 , Iteration : 15, BEST: 2448 , bonus = 1.0 
    2019-08-31T17:09:13.968 , Iteration : 20, BEST: 2462 , bonus = 1.0 
fitness : 2462 
  code : ++++++++++++++++<>++[++++++++++.]<>.>>->--.>><>+>[,,]-,<,<-,[+]<++,>..+-+--[[<.]-+>.++,,><,..,.+[,[+.>+]<,<>>,-,,+-,>>[,,.,+<-<]->>]<,[<,+,>.<<.-.<<>+++>+,.-]++-.<<,,.<<,,>.+[.[><-,<-,<.-,]<].-,+>.-..-...-..-,<[>++...>+,<.[-]]<.[-]<,>>.,+][<<>>][<>>[  
 goal : Hello World -> &0:DNXblv
    2019-08-31T17:09:15.494 , Iteration : 25, BEST: 2477 , bonus = 1.0 
    2019-08-31T17:09:16.768 , Iteration : 30, BEST: 2491 , bonus = 1.0 
fitness : 2491 
  code : ++++++++++++++++++++++++<>+++[+++++++++.]<>.>>->-.><>+<<>,>-,<,<--,[+<]<,>...+++--[[<.]+>.++,,><,..,.+[,[+.>]<>>>,->,-,+->>,[,,+<-]<]->><,[<,+,>.<<,.-.><<>++>+,.-]+-.<<<,,.<<,>.++[.[,><<-,<-]<].-,+>.-..-.-<>+[,[[>++..+<.[-]].[-]-]<,>><,+][<>>][<>>[<<  
 goal : Hello World -> $-6?HQZclu~
    2019-08-31T17:09:18.002 , Iteration : 35, BEST: 2506 , bonus = 1.0 
    2019-08-31T17:09:19.119 , Iteration : 40, BEST: 2520 , bonus = 1.0 
fitness : 2520 
  code : +++++++++++++++++++++++++++++++++<>+++[++++++++.]<>.>>->--.>>+<>,>--,<,<-,[+<]<<,>.<.++--[[[[<.]+++,,<,<,...+[,[+.><>>>,->,-,+->>,[,,+<-]<]->><,[<,+,><,.-.<<<>++>,>-[++-.<<<,,.<<>.++[.[,><<--,<-]<].-,+>.-...-<>+[,[[>++..+<.[-][-]-],><..>,+][<>>]<>><<  
 goal : Hello World -> ,4<DLT\dlt|
    2019-08-31T17:09:20.705 , Iteration : 45, BEST: 2545 , bonus = 2.0 
    2019-08-31T17:09:22.382 , Iteration : 50, BEST: 2572 , bonus = 1455.0 
fitness : 2572 
  code : ++++++++++++++++++++++++++++++++++++++++++++++++++[++[++++++.]<>.>>][--.<+<>,[<>--,<,<,<--,[+<,>.<.++--[[[[.+>.+++,,<,...+[[[+.>]<>>>>,->,-,+->>>,>,]<]->><,[><<,.-<,-.<,.++-.<<,,.-<<,<<],<>.++[,[,>+<<<-]<>].,..-<.>+[+[,+[,]+>++].+<[-]]-]]-],><..>,+][  
 goal : Hello World -> :@FLRX^djpv
    2019-08-31T17:09:23.439 , Iteration : 55, BEST: 2587 , bonus = 1.0 
    2019-08-31T17:09:24.781 , Iteration : 60, BEST: 2604 , bonus = 1040.0 
fitness : 2604 
  code : ++++++++++++++++++++++++++++++++++++++++++++++++++++++++++++[++[+++++.]<>.>>][--.<+<>,[,<<-<,<--,..<++--<.++--[[[[.+>.++.,,<,...>]<.>>>,->,->,,-,+->>>,>,[,,,]<]->><><,.-<,-.<,.<<,,<,.-<<,<<]<.++[,[,++<<<-]<>],..-<.>]++[,+[,[+>++..+<[-]]-]]-[,><..,+..  
 goal : Hello World -> CHMRW\afkpu
    2019-08-31T17:09:26 , Iteration : 65, BEST: 2619 , bonus = 1.0 
    2019-08-31T17:09:27.009 , Iteration : 70, BEST: 2630 , bonus = 1.0 
fitness : 2630 
  code : +[++++++++++++++++++++++++++++++++++++++++++++++++++++++++++++++++++++++[+++[++++.]<>.>>.<+,<+<>,[,<--,.-,.<++-<.]..+--[[[[..+><++.,,<...>]<.>>>,-,->,,+->>>,>,>,+[,,]<]->><><,.,-.<,.,.<<,,<,.-<<,<<]<.[,[++<+<<<-]<>],..-<.>]++[,+[,[+-++..+<[+-]]-[,><.  
 goal : Hello World -> NRVZ^bfjnrv
    2019-08-31T17:09:27.685 , Iteration : 75, BEST: 2641 , bonus = 536.0 
    2019-08-31T17:09:28.276 , Iteration : 80, BEST: 2652 , bonus = 1565.0 
fitness : 2652 
  code : +[++++++++++++++++++++++++++++++++++++++++++++++++++++++++++++++++++++++++++.+++++++[+++[+++.]<>.><<+<<<>,[,<<<--,.<++-<.]..--[[[..+><++.,,.,,<..<.>>>,-,->,+->>>,>,>,[,,]<]-><><,.[-,-.<,.,.]<,,<,,<,.<<]<.[,[++<+<<<-]<<-]<>],..-[>]++[,+[,,+-++..+<[+->  
 goal : Hello World -> KX[^adgjmps
    2019-08-31T17:09:28.819 , Iteration : 85, BEST: 2658 , bonus = 543.0 
    2019-08-31T17:09:29.456 , Iteration : 90, BEST: 2672 , bonus = 2974.0 
fitness : 2672 
  code : ++++++++++++++++++++++++++++++++++++++++++++++++++++++++++++++++++++++++++.+++++++++++++++[+++[++.]<>.><+,<<>,[,<<<.<++-<++-<.]..+-+[><+.,,.,,<..<.>>>,-,->,+->>>,>,>,[,,]<]-><><,.[-,-.<,.,.],,<,,<,.<]<.[,[--<+<<<-]<<-]<>[,-]<><,+[,,++[,,+-+,+-++..+<[  
 goal : Hello World -> J^`bdfhjlnp
    2019-08-31T17:09:29.974 , Iteration : 95, BEST: 2680 , bonus = 1357.0 
    2019-08-31T17:09:30.488 , Iteration : 100, BEST: 2691 , bonus = 1191.0 
fitness : 2691 
  code : ++++++++++++++++++++++++++++++++++++++++++++++++++++++++++++++++++++++++++++.++++++++++++++++++++++++[+.]<>.><+,<>,[,<<<.<++<+...+-+[[[+..+><++.,.,,<..<.>>],-,->,+->>,>,>-,,]<]-<><><,-.--<]<,,<,.,,<,,<<<<<[>[++<+<<<]]<<-]<>>,..-[++++[,++[,,+-[,,+-++<  
 goal : Hello World -> Lefghijklmn
** Tour n. 3 at 2019-08-31T17:09:30.964 
** Tour n. 4 at 2019-08-31T17:09:32.576 
    2019-08-31T17:09:34.089 , Tour : 5, BEST: 2695 , bonus = 1.0 
** Tour n. 5 at 2019-08-31T17:09:34.089 
** Tour n. 6 at 2019-08-31T17:09:35.515 
** Tour n. 7 at 2019-08-31T17:09:37.042 
** Tour n. 8 at 2019-08-31T17:09:38.52 
** Tour n. 9 at 2019-08-31T17:09:40.062 
    2019-08-31T17:09:41.614 , Tour : 10, BEST: 2695 , bonus = 1.0 
fitness : 2695 
  code : >+[+++++++++++++++++++++++++++++++++++++++++++++++++++++++++++++++++++++++.+++++++++++++++++++++[+++++++[+.]<>.>.+<]>[--]<.,.>.<[[>---+[[[.>>,,+,<.>]<-]+..<+<,>,].]-[+]]<,]-,>-[>.-+<><-.]-[-<+]++<<>+.-,+[+-.,<+[[<<>--<],.<[..,<-<,[+,.<>-,[<,,+<+>[<++  
 goal : Hello World -> Hefghijklmn
** Tour n. 10 at 2019-08-31T17:09:41.614 
** Tour n. 11 at 2019-08-31T17:09:43.195 
** Tour n. 12 at 2019-08-31T17:09:44.653 
    2019-08-31T17:09:46.425 , Iteration : 5, BEST: 2699 , bonus = 1.0 
** Tour n. 13 at 2019-08-31T17:09:46.68 
** Tour n. 14 at 2019-08-31T17:09:48.065 
    2019-08-31T17:09:50.038 , Iteration : 5, BEST: 2703 , bonus = 1.0 
    2019-08-31T17:09:51.148 , Tour : 15, BEST: 2706 , bonus = 1.0 
** Tour n. 15 at 2019-08-31T17:09:51.148 
    2019-08-31T17:09:53.108 , Iteration : 5, BEST: 2708 , bonus = 2.0 
** Tour n. 16 at 2019-08-31T17:09:53.58 
** Tour n. 17 at 2019-08-31T17:09:55.534 
** Tour n. 18 at 2019-08-31T17:09:57.256 
** Tour n. 19 at 2019-08-31T17:09:58.965 
    2019-08-31T17:10:00.509 , Tour : 20, BEST: 2709 , bonus = 1.0 
fitness : 2709 
  code : ,++++++++++++++++++++++++++++++++++++++++++++++++++++++++++++++++++++++++.++++++++++++++++++++++++++++[+.+++++++[.]<>>.+<][--]>.<[[>-[--->]-->[.>>,[<.>[<]>]<-]+..<-<]-[<.]-,[+]<,--,>-[>[-+<>]-.>-[-<+<+,[+.-,+-.,<+[,<<>-<],.<<[..,<-<,,,[+,.-[<,,+.<+>]  
 goal : Hello World -> Helllllllll
** Tour n. 20 at 2019-08-31T17:10:00.509 
** Tour n. 21 at 2019-08-31T17:10:02.08 
** Tour n. 22 at 2019-08-31T17:10:03.939 
** Tour n. 23 at 2019-08-31T17:10:05.636 
** Tour n. 24 at 2019-08-31T17:10:07.211 
    2019-08-31T17:10:08.693 , Tour : 25, BEST: 2709 , bonus = 1.0 
** Tour n. 25 at 2019-08-31T17:10:08.693 
** Tour n. 26 at 2019-08-31T17:10:10.348 
** Tour n. 27 at 2019-08-31T17:10:11.964 
** Tour n. 28 at 2019-08-31T17:10:13.489 
** Tour n. 29 at 2019-08-31T17:10:15.221 
    2019-08-31T17:10:16.775 , Tour : 30, BEST: 2709 , bonus = 1.0 
fitness : 2709 
  code : +++++++++++++++++++++++++++[+++++[++++++++++++++++++++++++++++++++++++++++.++++++++++++++++++++++++++++[+.+++++++[.]<>.+<][--]>.<[,[[>-[-->]-->[,.>>,[<.>[>]<-]+..<-<-[<.]-,[+]<,--,>-[>[-<>]-.>-[-<+<+[+.-,++..,<+[<>->-],.<[..,<-<,,,<[+,,.-,[<,,+>.<]>-  
 goal : Hello World -> Helllllllll
** Tour n. 30 at 2019-08-31T17:10:16.775 
** Tour n. 31 at 2019-08-31T17:10:18.187 
** Tour n. 32 at 2019-08-31T17:10:19.585 
** Tour n. 33 at 2019-08-31T17:10:21.273 
** Tour n. 34 at 2019-08-31T17:10:22.83 
    2019-08-31T17:10:24.364 , Tour : 35, BEST: 2709 , bonus = 1.0 
** Tour n. 35 at 2019-08-31T17:10:24.364 
** Tour n. 36 at 2019-08-31T17:10:25.858 
** Tour n. 37 at 2019-08-31T17:10:27.388 
** Tour n. 38 at 2019-08-31T17:10:28.943 
** Tour n. 39 at 2019-08-31T17:10:30.502 
    2019-08-31T17:10:31.976 , Tour : 40, BEST: 2709 , bonus = 1.0 
fitness : 2709 
  code : +,+++++++++++++++++++++++++++[++++[+++++++++++++++++++++++++++++++++++++++++.++++++++++++++++++++++++++++[+.+++++++[.]<>..+<][--]>.<[[<[>-[.-]-->[..>>.<.>[>]<-]]+..<-<]-[<.]-,[+]<,--,>-[>[-<>]-.>-[-<+<+[+.-,++..,<+[,<>->-],.<[..,,,,<[[[+,,.-[<,,+.>.<  
 goal : Hello World -> Helllllllll
** Tour n. 40 at 2019-08-31T17:10:31.976 
** Tour n. 41 at 2019-08-31T17:10:33.434 
** Tour n. 42 at 2019-08-31T17:10:35.019 
** Tour n. 43 at 2019-08-31T17:10:36.589 
** Tour n. 44 at 2019-08-31T17:10:38.124 
    2019-08-31T17:10:39.566 , Tour : 45, BEST: 2709 , bonus = 1.0 
** Tour n. 45 at 2019-08-31T17:10:39.566 
** Tour n. 46 at 2019-08-31T17:10:40.984 
** Tour n. 47 at 2019-08-31T17:10:42.456 
** Tour n. 48 at 2019-08-31T17:10:43.961 
** Tour n. 49 at 2019-08-31T17:10:45.377 
    2019-08-31T17:10:46.912 , Tour : 50, BEST: 2709 , bonus = 1.0 
fitness : 2709 
  code : ><+,+++++++++++++++++++++++++++[+++[++++++++++++++++++++++++++++++++++++++++++.++++++++++++++++++++++++++++[+.+++++++[.]<>..+<][--]>.<<[[<[>-[.-]->>[..>>.<.>[>]<++.<-<]-<]-[<.]-,[+]<,--,>-[>[-<>]-.>-[-<+<+[+->]++...,<+[,<>->-],.<[..,,,,<[[+,,.[<,,+.>  
 goal : Hello World -> Helllllllll
** Tour n. 50 at 2019-08-31T17:10:46.912 
** Tour n. 51 at 2019-08-31T17:10:48.626 
** Tour n. 52 at 2019-08-31T17:10:50.055 
** Tour n. 53 at 2019-08-31T17:10:51.57 
** Tour n. 54 at 2019-08-31T17:10:53.004 
    2019-08-31T17:10:54.579 , Tour : 55, BEST: 2709 , bonus = 1.0 
** Tour n. 55 at 2019-08-31T17:10:54.579 
** Tour n. 56 at 2019-08-31T17:10:56.062 
** Tour n. 57 at 2019-08-31T17:10:57.643 
** Tour n. 58 at 2019-08-31T17:10:59.365 
** Tour n. 59 at 2019-08-31T17:11:01.022 
    2019-08-31T17:11:02.486 , Tour : 60, BEST: 2709 , bonus = 1.0 
fitness : 2709 
  code : ,+++++++++++++++++++++++++++[+++[++++++++++++++++++++++++++++++++++++++++++.++++++++++++++++++++++++++++[+.+++++++[.]]<>..+[--]>.<[[<[-[.-]-->>[..>>.<.>[>]<++.<-<]<<]-[<.]-,[+]<<,--,>[-<>]->[-[-<+<+[+->,++...,<<,,[[<>-],.<[..,[,,,<[[+,,.[<,,[+.].+><+  
 goal : Hello World -> Helllllllll
** Tour n. 60 at 2019-08-31T17:11:02.486 
** Tour n. 61 at 2019-08-31T17:11:04.168 
** Tour n. 62 at 2019-08-31T17:11:05.612 
** Tour n. 63 at 2019-08-31T17:11:07.128 
** Tour n. 64 at 2019-08-31T17:11:08.81 
    2019-08-31T17:11:10.493 , Tour : 65, BEST: 2709 , bonus = 1.0 
** Tour n. 65 at 2019-08-31T17:11:10.493 
** Tour n. 66 at 2019-08-31T17:11:11.975 
** Tour n. 67 at 2019-08-31T17:11:13.69 
** Tour n. 68 at 2019-08-31T17:11:15.286 
** Tour n. 69 at 2019-08-31T17:11:16.883 
    2019-08-31T17:11:18.494 , Tour : 70, BEST: 2709 , bonus = 1.0 
fitness : 2709 
  code : ++++++++++++++++++++++++++++[++++[++++++++++++++++++++++++++-+++++++++++++++.++++++++++++++++++++++++++++[+.+++++++[.]][<>..+[--]>.<[[<[-[.]-->>[[..><.>[>]<++.<++.<-<]<<]-[<.]-,[-,[+]<-,>[-<>]->[-[-<+<+[->,++...<<,,[[<>-.<-[..,[,,,<[[+,<,.[<,,[.].+>+  
 goal : Hello World -> Helllllllll
** Tour n. 70 at 2019-08-31T17:11:18.494 
** Tour n. 71 at 2019-08-31T17:11:20.013 
** Tour n. 72 at 2019-08-31T17:11:21.615 
** Tour n. 73 at 2019-08-31T17:11:23.239 
** Tour n. 74 at 2019-08-31T17:11:24.719 
    2019-08-31T17:11:26.21 , Tour : 75, BEST: 2709 , bonus = 1.0 
** Tour n. 75 at 2019-08-31T17:11:26.21 
** Tour n. 76 at 2019-08-31T17:11:27.758 
** Tour n. 77 at 2019-08-31T17:11:29.275 
** Tour n. 78 at 2019-08-31T17:11:30.894 
** Tour n. 79 at 2019-08-31T17:11:32.335 
    2019-08-31T17:11:33.774 , Tour : 80, BEST: 2709 , bonus = 1.0 
fitness : 2709 
  code : -,+,++++++++++++++++++++++++++++[++++[++++++++++++++++++++++++++-+++++++++++++++.++++++++++++++++++++++++++++[+.+++++++[.]][<>..+[-]>.<[[[<[-[.]-->>[[..><.>[>]<++.<++.<-<-]<<]-[<.]--[+]<-,>[-[-<>]--+-<+<][->,++...,,[[.>-.<-[..,[,,,<[[+,<,.[<,,[.].+>+  
 goal : Hello World -> Helllllllll
** Tour n. 80 at 2019-08-31T17:11:33.774 
** Tour n. 81 at 2019-08-31T17:11:35.414 
** Tour n. 82 at 2019-08-31T17:11:36.901 
** Tour n. 83 at 2019-08-31T17:11:38.366 
** Tour n. 84 at 2019-08-31T17:11:40.001 
    2019-08-31T17:11:41.516 , Tour : 85, BEST: 2709 , bonus = 1.0 
** Tour n. 85 at 2019-08-31T17:11:41.516 
** Tour n. 86 at 2019-08-31T17:11:43.041 
** Tour n. 87 at 2019-08-31T17:11:44.625 
** Tour n. 88 at 2019-08-31T17:11:46.172 
** Tour n. 89 at 2019-08-31T17:11:47.79 
    2019-08-31T17:11:49.316 , Tour : 90, BEST: 2709 , bonus = 1.0 
fitness : 2709 
  code : ++++++++++++++++++++++++[+++[++++[+++++++++++++++++++++++++++-+++++++++++++++.++++++++++++++++++++++++++++[+.+++++++[[.][<>..+[-]>.<[[[<[-[.]-->>[[..><.>[>]<++.<++..<-<-<<<]-[<.]--[+]<-,,>[-[->-<+<[->,++.][->,<<].]-->+,+[<.,<,<>,,[,]],<<[..+<-><.--],  
 goal : Hello World -> Helllllllll
** Tour n. 90 at 2019-08-31T17:11:49.316 
** Tour n. 91 at 2019-08-31T17:11:51.019 
** Tour n. 92 at 2019-08-31T17:11:52.635 
** Tour n. 93 at 2019-08-31T17:11:54.115 
** Tour n. 94 at 2019-08-31T17:11:55.736 
    2019-08-31T17:11:57.339 , Tour : 95, BEST: 2709 , bonus = 1.0 
** Tour n. 95 at 2019-08-31T17:11:57.339 
** Tour n. 96 at 2019-08-31T17:11:58.839 
** Tour n. 97 at 2019-08-31T17:12:00.251 
** Tour n. 98 at 2019-08-31T17:12:01.604 
** Tour n. 99 at 2019-08-31T17:12:03.08 
    2019-08-31T17:12:04.545 , Tour : 100, BEST: 2709 , bonus = 1.0 
fitness : 2709 
  code : ++++++++++++++++++++++++[+++[++++[+++++++++++++++++++++++++++-+++++++++++++++.++++++++++++++++++++++++++++[+.+++++++[[.][<>..+[-]>.<[[[<[[-[.]-->>[[..<.>[>]]<++.<++..<-<-<<<]-[<.]--[+]-],,>[-[->-<+<[->,++.][->,,<<],.]->+,.[<.,<,<>,,[,]],<<[..+<-><.--  
 goal : Hello World -> Helllllllll
** Tour n. 100 at 2019-08-31T17:12:04.545 
** Tour n. 101 at 2019-08-31T17:12:06.059 
** Tour n. 102 at 2019-08-31T17:12:07.453 
** Tour n. 103 at 2019-08-31T17:12:08.847 
** Tour n. 104 at 2019-08-31T17:12:10.264 
    2019-08-31T17:12:11.738 , Tour : 105, BEST: 2709 , bonus = 1.0 
** Tour n. 105 at 2019-08-31T17:12:11.738 
** Tour n. 106 at 2019-08-31T17:12:13.142 
** Tour n. 107 at 2019-08-31T17:12:14.611 
** Tour n. 108 at 2019-08-31T17:12:16.019 
** Tour n. 109 at 2019-08-31T17:12:17.531 
    2019-08-31T17:12:19.019 , Tour : 110, BEST: 2709 , bonus = 1.0 
fitness : 2709 
  code : >+++++++++++++++++++++++++++[++++[+++++++++++++++++++++++++++-+++++++++++++++.++++++++++++++++++++++++++++[+.+++++++[[.]][<>..[-]>.>><[[[<[[-[.]-->>][[..<.>[>]]<++.<++..<-<-<,+.+]+>-[++]<-,>[-[->-<+<->,++.][-]]+><].[->+,.[<.,,<>,,[,,]],<<[..+<[,>.--]  
 goal : Hello World -> Helllllllll
** Tour n. 110 at 2019-08-31T17:12:19.019 
** Tour n. 111 at 2019-08-31T17:12:20.553 
** Tour n. 112 at 2019-08-31T17:12:22.09 
** Tour n. 113 at 2019-08-31T17:12:23.67 
** Tour n. 114 at 2019-08-31T17:12:25.09 
    2019-08-31T17:12:26.571 , Tour : 115, BEST: 2709 , bonus = 1.0 
** Tour n. 115 at 2019-08-31T17:12:26.571 
** Tour n. 116 at 2019-08-31T17:12:28.024 
** Tour n. 117 at 2019-08-31T17:12:29.468 
** Tour n. 118 at 2019-08-31T17:12:30.977 
** Tour n. 119 at 2019-08-31T17:12:32.56 
    2019-08-31T17:12:33.989 , Tour : 120, BEST: 2709 , bonus = 1.0 
fitness : 2709 
  code : +++++++++++++++++++++++++++[++++[+++++++++++++++++++++++++++-+++++++++++++++.++++++++++++++++++++++++++++[+.+++++++[[.]][<>..[[-]>.><[[[<<[[-[.]-->>][[..<.>[>]]<++<++..<-<-<,+.+]+>-[++]<-,>-[->-<+<->,++.][-]]+><].[->+,.[<.,,<>,,[,,]]],<<[..+<[,>.-->>  
 goal : Hello World -> Helllllllll
** Tour n. 120 at 2019-08-31T17:12:33.989 
** Tour n. 121 at 2019-08-31T17:12:35.383 
** Tour n. 122 at 2019-08-31T17:12:36.888 
** Tour n. 123 at 2019-08-31T17:12:38.456 
** Tour n. 124 at 2019-08-31T17:12:40.037 
    2019-08-31T17:12:41.599 , Tour : 125, BEST: 2709 , bonus = 1.0 
** Tour n. 125 at 2019-08-31T17:12:41.599 
** Tour n. 126 at 2019-08-31T17:12:43.156 
** Tour n. 127 at 2019-08-31T17:12:44.671 
** Tour n. 128 at 2019-08-31T17:12:46.116 
** Tour n. 129 at 2019-08-31T17:12:47.514 
    2019-08-31T17:12:48.96 , Tour : 130, BEST: 2709 , bonus = 1.0 
fitness : 2709 
  code : +++++++++++++++++++++++++++[++++[+++++++++++++++++++++++++++-+++++++++++++++.++++++++++++++++++++++++++++[+.+++++++[[.]]-<>..[[.>.>><[[[<<>[-[.]-->>][[..<.>[>>]<++.<++.<-<-<,+.+]+>-[+-[+++]<-,>[.>-<+<>,++.][<]+><].[->+,.<.,,<>,,[,,]]],<<[..+<[,>.--[[  
 goal : Hello World -> Helllllllll
** Tour n. 130 at 2019-08-31T17:12:48.96 
** Tour n. 131 at 2019-08-31T17:12:50.429 
** Tour n. 132 at 2019-08-31T17:12:51.803 
** Tour n. 133 at 2019-08-31T17:12:53.217 
** Tour n. 134 at 2019-08-31T17:12:54.7 
    2019-08-31T17:12:56.129 , Tour : 135, BEST: 2709 , bonus = 1.0 
** Tour n. 135 at 2019-08-31T17:12:56.129 
** Tour n. 136 at 2019-08-31T17:12:57.599 
** Tour n. 137 at 2019-08-31T17:12:59.07 
** Tour n. 138 at 2019-08-31T17:13:00.529 
** Tour n. 139 at 2019-08-31T17:13:01.96 
    2019-08-31T17:13:03.478 , Tour : 140, BEST: 2709 , bonus = 1.0 
fitness : 2709 
  code : ++++++++++++++++++++++++++[+[++++[+++++++++++++++++++++++++++-+++++++++++++++.++++++++++++++++++++++++++++[+.+++++++[[.]][<>..[[.>.>><[[[<[,-[.]-->>][[..<.>[>>]++.<++..<-<-<---<[<>]-[[+-[+++]<-,>[.>-<+>,>+.][<]+><].[[->+,.<.,,<>,,[,,]],<<[..+<[,>.+-[  
 goal : Hello World -> Helllllllll
** Tour n. 140 at 2019-08-31T17:13:03.478 
** Tour n. 141 at 2019-08-31T17:13:04.901 
** Tour n. 142 at 2019-08-31T17:13:06.393 
** Tour n. 143 at 2019-08-31T17:13:07.846 
** Tour n. 144 at 2019-08-31T17:13:09.323 
    2019-08-31T17:13:10.758 , Tour : 145, BEST: 2709 , bonus = 1.0 
** Tour n. 145 at 2019-08-31T17:13:10.758 
** Tour n. 146 at 2019-08-31T17:13:12.217 
** Tour n. 147 at 2019-08-31T17:13:13.631 
** Tour n. 148 at 2019-08-31T17:13:15.001 
** Tour n. 149 at 2019-08-31T17:13:16.57 
    2019-08-31T17:13:18.05 , Tour : 150, BEST: 2709 , bonus = 1.0 
fitness : 2709 
  code : >+++++++++++++++++++++++++[+[++++[++++++++++++++++++++++++++++-+++++++++++++++.++++++++++++++++++++++++++++[+.+++++++[[.]][<>..[[.>.>><[[[<[,-[.]-->>][[..<>-.<][<.<+++..<-<-<--<[<>>]-[[+[+-[+++]<-,>[.>-<>-<++.][]+><].[[->+,.<.,,<>,,,,]],<<[..+<[,>.+]  
 goal : Hello World -> Helllllllll
** Tour n. 150 at 2019-08-31T17:13:18.05 
** Tour n. 151 at 2019-08-31T17:13:19.48 
** Tour n. 152 at 2019-08-31T17:13:20.974 
** Tour n. 153 at 2019-08-31T17:13:22.419 
** Tour n. 154 at 2019-08-31T17:13:23.82 
    2019-08-31T17:13:25.246 , Tour : 155, BEST: 2709 , bonus = 1.0 
** Tour n. 155 at 2019-08-31T17:13:25.246 
** Tour n. 156 at 2019-08-31T17:13:26.866 
** Tour n. 157 at 2019-08-31T17:13:28.506 
** Tour n. 158 at 2019-08-31T17:13:30.046 
** Tour n. 159 at 2019-08-31T17:13:31.537 
    2019-08-31T17:13:32.953 , Tour : 160, BEST: 2709 , bonus = 1.0 
fitness : 2709 
  code : >-,+++++++++++++++++++++++++[+[++++[++++++++++++++++++++++++++++-+++++++++++++++.++++++++++++++++++++++++++++[+.+++++++[[.]][<>..[,.>.>><[<[,>[.-->>][[..<<>-.<][+++..<-<-<---<[<>]-[[+-[+++]<,>>[.>-<>-<++.][[>-<>[<>[<.[[>+,.+<.,,<>,,[,,]],<<[..+<[,>.+  
 goal : Hello World -> Helllllllll
** Tour n. 160 at 2019-08-31T17:13:32.953 
** Tour n. 161 at 2019-08-31T17:13:34.351 
** Tour n. 162 at 2019-08-31T17:13:35.771 
** Tour n. 163 at 2019-08-31T17:13:37.241 
** Tour n. 164 at 2019-08-31T17:13:38.686 
    2019-08-31T17:13:40.22 , Tour : 165, BEST: 2709 , bonus = 1.0 
** Tour n. 165 at 2019-08-31T17:13:40.22 
** Tour n. 166 at 2019-08-31T17:13:41.781 
** Tour n. 167 at 2019-08-31T17:13:43.17 
** Tour n. 168 at 2019-08-31T17:13:44.878 
** Tour n. 169 at 2019-08-31T17:13:46.391 
    2019-08-31T17:13:47.952 , Tour : 170, BEST: 2709 , bonus = 1.0 
fitness : 2709 
  code : ,+++++++++++++++++++++++++[+[++++[+++++++++++++++++++++++++++++-++++++++++++++.++++++++++++++++++++++++++++[+.+++++++[[.]][<>.<>..[,>>[<[,>[.-->>][+.<<>-.<][+++..<-<-<---<[<><>]-[+[+-[+++]<>[.[-<>-<<+.][[+],],-[->+,.<<<+,.<.<.,,<>,,[,,],<<[..,>.+>>-,  
 goal : Hello World -> Helllllllll
** Tour n. 170 at 2019-08-31T17:13:47.952 
** Tour n. 171 at 2019-08-31T17:13:49.492 
** Tour n. 172 at 2019-08-31T17:13:50.933 
** Tour n. 173 at 2019-08-31T17:13:52.37 
** Tour n. 174 at 2019-08-31T17:13:53.914 
    2019-08-31T17:13:55.601 , Tour : 175, BEST: 2709 , bonus = 1.0 
** Tour n. 175 at 2019-08-31T17:13:55.601 
** Tour n. 176 at 2019-08-31T17:13:57.063 
** Tour n. 177 at 2019-08-31T17:13:58.685 
** Tour n. 178 at 2019-08-31T17:14:00.224 
** Tour n. 179 at 2019-08-31T17:14:01.704 
    2019-08-31T17:14:03.341 , Tour : 180, BEST: 2709 , bonus = 1.0 
fitness : 2709 
  code : +,+++++++++++++++++++++++++[+[++++[+++++++++++++++++++++++++++++-++++++++++++++.++++++++++++++++++++++++++++[+.+++++++[[.]+,[<>.<>..[,>><[,<[,>[.>][+.<<>-.<][++.+<-<<-<<---<[<><<>]<[+-[+++]<>[.+[-<>-<<+.[[[+],],-[+->+,[.]<<+,.<.<.,,<>,,[,],<<[..,>.+>  
 goal : Hello World -> Helllllllll
** Tour n. 180 at 2019-08-31T17:14:03.341 
** Tour n. 181 at 2019-08-31T17:14:04.832 
** Tour n. 182 at 2019-08-31T17:14:06.363 
** Tour n. 183 at 2019-08-31T17:14:07.824 
** Tour n. 184 at 2019-08-31T17:14:09.512 
    2019-08-31T17:14:11.135 , Tour : 185, BEST: 2709 , bonus = 1.0 
** Tour n. 185 at 2019-08-31T17:14:11.135 
** Tour n. 186 at 2019-08-31T17:14:12.66 
** Tour n. 187 at 2019-08-31T17:14:14.135 
** Tour n. 188 at 2019-08-31T17:14:15.58 
** Tour n. 189 at 2019-08-31T17:14:17.011 
    2019-08-31T17:14:18.65 , Tour : 190, BEST: 2709 , bonus = 1.0 
fitness : 2709 
  code : >,+++++++++++++++++++++++++[+[++++[+++++++++++++++++++++++++++++-++++++++++++++.++++++++++++++++++++++++++++[+.+++++++[[.]+,[<>.<>..[,>>[,<<[,>[.>][+..<>-.<][++.+<-<<--<-]--<[<><<><<[+-[+++]<>[.+[-<>+<<+.[[+[,],-[+->+,[.]<<+,.<.<.,,><>,,[,],<<[..,>.+  
 goal : Hello World -> Helllllllll
** Tour n. 190 at 2019-08-31T17:14:18.65 
** Tour n. 191 at 2019-08-31T17:14:20.148 
** Tour n. 192 at 2019-08-31T17:14:21.567 
** Tour n. 193 at 2019-08-31T17:14:23.036 
** Tour n. 194 at 2019-08-31T17:14:24.555 
    2019-08-31T17:14:25.995 , Tour : 195, BEST: 2709 , bonus = 1.0 
** Tour n. 195 at 2019-08-31T17:14:25.995 
** Tour n. 196 at 2019-08-31T17:14:27.491 
** Tour n. 197 at 2019-08-31T17:14:29.023 
** Tour n. 198 at 2019-08-31T17:14:30.597 
** Tour n. 199 at 2019-08-31T17:14:32.056 
    2019-08-31T17:14:33.633 , Tour : 200, BEST: 2709 , bonus = 1.0 
fitness : 2709 
  code : ++++++++++++++++++++++++++[+[++++[++++++++++++++++++++++++++++-++++++++++++++.++++++++++++++++++++++++++++[+.+++++++[[.]+,>.<>.>..[,<<[,>[.>[+..<>-.<][++.+<-<<--]<-]--<[<+<<><<[+-[[+[+++]<>[>[.+[-<]>+<<+.[[+[,],+->+,[..]<<+,.<.<.,,><<>,,[,],<<[..,>.+  
 goal : Hello World -> Helllllllll
** Tour n. 200 at 2019-08-31T17:14:33.632 
** Tour n. 201 at 2019-08-31T17:14:35.144 
** Tour n. 202 at 2019-08-31T17:14:36.684 
** Tour n. 203 at 2019-08-31T17:14:38.211 
** Tour n. 204 at 2019-08-31T17:14:39.768 
    2019-08-31T17:14:41.489 , Tour : 205, BEST: 2709 , bonus = 1.0 
** Tour n. 205 at 2019-08-31T17:14:41.489 
** Tour n. 206 at 2019-08-31T17:14:42.956 
** Tour n. 207 at 2019-08-31T17:14:44.6 
** Tour n. 208 at 2019-08-31T17:14:46.262 
** Tour n. 209 at 2019-08-31T17:14:47.789 
    2019-08-31T17:14:49.337 , Tour : 210, BEST: 2709 , bonus = 1.0 
fitness : 2709 
  code : ,++++++++++++++++++++++++++[+[++++[++++++++++++++++++++++++++++-++++++++++++++.++++++++++++++++++++++++++++[+.+++++++[[.]+,>.<]>.>..[,.<[,>[.>[+..<>-.<][++.<[-<---<<[<+<-]--<[<><]><<[+.-]<>[>[.+[--<]>+<+.[[<+[,],+->+,[..<<+,.<.<.,,><<>,,[,,<<-[..,>.+  
 goal : Hello World -> Helllllllll
** Tour n. 210 at 2019-08-31T17:14:49.337 
** Tour n. 211 at 2019-08-31T17:14:50.873 
** Tour n. 212 at 2019-08-31T17:14:52.376 
** Tour n. 213 at 2019-08-31T17:14:53.986 
** Tour n. 214 at 2019-08-31T17:14:55.641 
    2019-08-31T17:14:57.207 , Tour : 215, BEST: 2709 , bonus = 1.0 
** Tour n. 215 at 2019-08-31T17:14:57.207 
** Tour n. 216 at 2019-08-31T17:14:58.884 
** Tour n. 217 at 2019-08-31T17:15:00.635 
** Tour n. 218 at 2019-08-31T17:15:02.26 
** Tour n. 219 at 2019-08-31T17:15:03.694 
    2019-08-31T17:15:05.173 , Tour : 220, BEST: 2709 , bonus = 1.0 
fitness : 2709 
  code : ,++++++++++++++++++++++++++[+[++++[++++++++++++++++++++++++++-++++++++++++++++.++++++++++++++++++++++++++++[+.+++++++[[.]+,>.<]>>.>..[,<<>[.>[+++.<>-.<][++.<[[-<---[<<+<-]---<[<><]><<[+.-]<>>[.+[-<<]<<]>,+[[<+[,],+->+,[..]<<+,.<.<>..,,><<>,,[+,<<-[..  
 goal : Hello World -> Helllllllll
** Tour n. 220 at 2019-08-31T17:15:05.173 
** Tour n. 221 at 2019-08-31T17:15:06.72 
** Tour n. 222 at 2019-08-31T17:15:08.395 
** Tour n. 223 at 2019-08-31T17:15:09.958 
** Tour n. 224 at 2019-08-31T17:15:11.558 
    2019-08-31T17:15:12.976 , Tour : 225, BEST: 2709 , bonus = 1.0 
** Tour n. 225 at 2019-08-31T17:15:12.976 
** Tour n. 226 at 2019-08-31T17:15:14.463 
** Tour n. 227 at 2019-08-31T17:15:15.944 
** Tour n. 228 at 2019-08-31T17:15:17.615 
** Tour n. 229 at 2019-08-31T17:15:19.195 
    2019-08-31T17:15:20.896 , Tour : 230, BEST: 2709 , bonus = 1.0 
fitness : 2709 
  code : ++++++++++++++++++++++++++[+[++++[++++++++++++++++++++++++++-++++++++++++++++.++++++++++++++++++++++++++++[+.+++++++[[.]+,>.-<]>>.>.,<<>[.[.->[++.<>-.<][++.<[[-<--[<+<-<-]---<[<><]><<[+.-]<>>[.+[-<-<<]<<.>,+[[<+[,],+-+,[..]]<<+,.<-<>..,,><<>,,[+>,<<,  
 goal : Hello World -> Helllllllll
** Tour n. 230 at 2019-08-31T17:15:20.896 
** Tour n. 231 at 2019-08-31T17:15:22.304 
** Tour n. 232 at 2019-08-31T17:15:23.74 
** Tour n. 233 at 2019-08-31T17:15:25.361 
** Tour n. 234 at 2019-08-31T17:15:26.834 
    2019-08-31T17:15:28.409 , Tour : 235, BEST: 2709 , bonus = 1.0 
** Tour n. 235 at 2019-08-31T17:15:28.409 
** Tour n. 236 at 2019-08-31T17:15:30.154 
** Tour n. 237 at 2019-08-31T17:15:31.751 
** Tour n. 238 at 2019-08-31T17:15:33.429 
** Tour n. 239 at 2019-08-31T17:15:34.928 
    2019-08-31T17:15:36.634 , Tour : 240, BEST: 2709 , bonus = 1.0 
fitness : 2709 
  code : ,,++++++++++++++++++++++++++[+[[+++[++++++++++++++++++++++++++-+++++++++++++++++.++++++++++++++++++++++++++++[+.+++++++[[.]+,>.-<]>>.>.,<<>[.[.->[++.<>-.<][++.<[[-<--[<+<-<-]---<[<><]><<[+.-]<>>[.+[-<-<<]<<>,+[[<+[,],-+,[..]]<<+,..<-<>..,,><<>,,[+>,<  
 goal : Hello World -> Helllllllll
** Tour n. 240 at 2019-08-31T17:15:36.634 
** Tour n. 241 at 2019-08-31T17:15:38.162 
** Tour n. 242 at 2019-08-31T17:15:39.93 
** Tour n. 243 at 2019-08-31T17:15:41.529 
** Tour n. 244 at 2019-08-31T17:15:43.074 
    2019-08-31T17:15:44.786 , Tour : 245, BEST: 2709 , bonus = 1.0 
** Tour n. 245 at 2019-08-31T17:15:44.786 
** Tour n. 246 at 2019-08-31T17:15:46.298 
** Tour n. 247 at 2019-08-31T17:15:47.771 
** Tour n. 248 at 2019-08-31T17:15:49.325 
** Tour n. 249 at 2019-08-31T17:15:50.809 
    2019-08-31T17:15:52.356 , Tour : 250, BEST: 2709 , bonus = 1.0 
fitness : 2709 
  code : ++++++++++++++++++++++++++[+[[+++[++++++++++++++++[++++++++++-+++++++++++++++++.++++++++++++++++++++++++++++[+.+++++++[[.]+,.-<]>>.>.,<<.[.->[,++]<.<][++++.<[[-<--[<+<-+-]---<[<><]><<[.-]<>>[.+[-<-<<]<<>-+[[<+[,,],-+,..-]<<+,..<-<>..,,><<>,,[+>,<,],+  
 goal : Hello World -> Helllllllll
** Tour n. 250 at 2019-08-31T17:15:52.356 
** Tour n. 251 at 2019-08-31T17:15:54.097 
** Tour n. 252 at 2019-08-31T17:15:55.684 
** Tour n. 253 at 2019-08-31T17:15:57.277 
** Tour n. 254 at 2019-08-31T17:15:58.825 
    2019-08-31T17:16:00.359 , Tour : 255, BEST: 2709 , bonus = 1.0 
** Tour n. 255 at 2019-08-31T17:16:00.359 
** Tour n. 256 at 2019-08-31T17:16:01.905 
** Tour n. 257 at 2019-08-31T17:16:03.464 
** Tour n. 258 at 2019-08-31T17:16:05.075 
** Tour n. 259 at 2019-08-31T17:16:06.584 
    2019-08-31T17:16:08.181 , Tour : 260, BEST: 2709 , bonus = 1.0 
fitness : 2709 
  code : +,,++++++++++++++++++++++++++[+[+++[+++++++++[++++++[++++++++++-++++++++++++++++++.++++++++++++++++++++++++++++[+.+++++++[[.],.-<]>>.>.,<<.[.->[[++]<..>++++.<[[-<--[<+<-+-]---<[<><]><<[.-]<>>[.+[>-<[[-<<]<>-+[[<+[,,],+,..-]<<+,..<-<>..,,><<>,,[+>,<,>  
 goal : Hello World -> Helllllllll
** Tour n. 260 at 2019-08-31T17:16:08.181 
** Tour n. 261 at 2019-08-31T17:16:09.835 
** Tour n. 262 at 2019-08-31T17:16:11.508 
** Tour n. 263 at 2019-08-31T17:16:13.101 
** Tour n. 264 at 2019-08-31T17:16:14.723 
    2019-08-31T17:16:16.625 , Tour : 265, BEST: 2709 , bonus = 1.0 
** Tour n. 265 at 2019-08-31T17:16:16.625 
** Tour n. 266 at 2019-08-31T17:16:18.344 
** Tour n. 267 at 2019-08-31T17:16:20.028 
** Tour n. 268 at 2019-08-31T17:16:21.586 
** Tour n. 269 at 2019-08-31T17:16:23.492 
    2019-08-31T17:16:25.291 , Tour : 270, BEST: 2709 , bonus = 1.0 
fitness : 2709 
  code : ,,++++++++++++++++++++++++++[[+++[++++++++++[++++++[++++++++++-++++++++++++++++++.++++++++++++++++++++++++++++[+.+++++++[[.],.-<]>.>.,<<<.[[.->[[++]<<.>++++.<[-<-[<+<--+---<[<><]><<[.]<>>[.+[[.+[>>-<[[-<<]<>+[[<[+[,,],+],..-]<<+,..<-<>..,,>,,[+>,<,,+  
 goal : Hello World -> Helllllllll
** Tour n. 270 at 2019-08-31T17:16:25.291 
** Tour n. 271 at 2019-08-31T17:16:26.994 
** Tour n. 272 at 2019-08-31T17:16:28.562 
** Tour n. 273 at 2019-08-31T17:16:30.231 
** Tour n. 274 at 2019-08-31T17:16:31.992 
    2019-08-31T17:16:33.493 , Tour : 275, BEST: 2709 , bonus = 1.0 
** Tour n. 275 at 2019-08-31T17:16:33.493 
** Tour n. 276 at 2019-08-31T17:16:35.027 
** Tour n. 277 at 2019-08-31T17:16:36.721 
** Tour n. 278 at 2019-08-31T17:16:38.31 
** Tour n. 279 at 2019-08-31T17:16:39.812 
    2019-08-31T17:16:41.206 , Tour : 280, BEST: 2709 , bonus = 1.0 
fitness : 2709 
  code : ++++++++++++++++++++++++++[[+++[++++++++++[++++++[++++++++++-++++++++++++++++++.++++++++++++++++++++++++++++[+.+++++++[[.][,.-<]>.>.,<<<.[[.->[[[++]<.>[++++.<[<-[<+,<-,-+---<[<><]><<[.]<>>[.+[[.+[>>-<[[-<<+[[<[+[,,],,],+],..-,..<-<>...,,>,[+>,<,,+>,+  
 goal : Hello World -> Helllllllll
** Tour n. 280 at 2019-08-31T17:16:41.206 
** Tour n. 281 at 2019-08-31T17:16:42.689 
** Tour n. 282 at 2019-08-31T17:16:44.164 
** Tour n. 283 at 2019-08-31T17:16:45.604 
** Tour n. 284 at 2019-08-31T17:16:47.107 
    2019-08-31T17:16:48.672 , Tour : 285, BEST: 2709 , bonus = 1.0 
** Tour n. 285 at 2019-08-31T17:16:48.672 
** Tour n. 286 at 2019-08-31T17:16:50.262 
** Tour n. 287 at 2019-08-31T17:16:51.775 
** Tour n. 288 at 2019-08-31T17:16:53.124 
** Tour n. 289 at 2019-08-31T17:16:54.617 
    2019-08-31T17:16:56.063 , Tour : 290, BEST: 2709 , bonus = 1.0 
fitness : 2709 
  code : ,++++++++++++++++++++++++++[[+++[++++++++++[++++++[++++++++++-++++++++++++++++++.++++++++++++++++++++++++++++[+.+++++++[[.][,.-<>.>.,<,<<.[[.->[[[+.+]<.,>[++++.<[-<-[<+,<--+---<[<><]><<>.]<-]>+[[.+[>>-<[+[-<<<+[[<+[[+[,,],,,+],...-,..<-<>..,,>,,[+>,<  
 goal : Hello World -> Helllllllll
** Tour n. 290 at 2019-08-31T17:16:56.063 
** Tour n. 291 at 2019-08-31T17:16:57.46 
** Tour n. 292 at 2019-08-31T17:16:58.872 
** Tour n. 293 at 2019-08-31T17:17:00.354 
** Tour n. 294 at 2019-08-31T17:17:01.781 
    2019-08-31T17:17:03.216 , Tour : 295, BEST: 2709 , bonus = 1.0 
** Tour n. 295 at 2019-08-31T17:17:03.216 
** Tour n. 296 at 2019-08-31T17:17:04.708 
** Tour n. 297 at 2019-08-31T17:17:06.236 
** Tour n. 298 at 2019-08-31T17:17:07.755 
** Tour n. 299 at 2019-08-31T17:17:09.14 
    2019-08-31T17:17:10.635 , Tour : 300, BEST: 2709 , bonus = 1.0 
fitness : 2709 
  code : +,++++++++++++++++++++++++++[[+++[++++++++++[++++++[++++++++++-++++++++++++++++++.++++++++++++++++++++++++++++[+.+++++++[[.][,-<>.>.,<,<<.[[.->[[[+.<.+]<.,>[+++.[--[<+,<--+---<[<><]><<<<<-]>+[->+[[.+[>>-<[+[-<]<<+[[<+[[+[,,+],...,.]..-,..<-<>..,],>,,  
 goal : Hello World -> Helllllllll
** Tour n. 300 at 2019-08-31T17:17:10.635 
** Tour n. 301 at 2019-08-31T17:17:12.084 
** Tour n. 302 at 2019-08-31T17:17:13.6 
** Tour n. 303 at 2019-08-31T17:17:15.114 
** Tour n. 304 at 2019-08-31T17:17:16.572 
    2019-08-31T17:17:17.932 , Tour : 305, BEST: 2709 , bonus = 1.0 
** Tour n. 305 at 2019-08-31T17:17:17.932 
** Tour n. 306 at 2019-08-31T17:17:19.31 
** Tour n. 307 at 2019-08-31T17:17:20.746 
** Tour n. 308 at 2019-08-31T17:17:22.278 
** Tour n. 309 at 2019-08-31T17:17:23.885 
    2019-08-31T17:17:25.393 , Tour : 310, BEST: 2709 , bonus = 1.0 
fitness : 2709 
  code : ,+++++++++++++++++++++++[[++++++[++++++++++[++++++[++++++++++-++++++++++++++++++.++++++++++++++++++++++++++++[+.+++++++[[.]+,[,-<>.>>,<,<<.[[.->[[[+.<+]<.,>[+,+.[[<+,<--+---<[<><]><,<<<<]>+[[,[-+-+[>>-<[+<.->>--<[++>.-[-+,+],...]...,..<-<][[.[<+-<+]-  
 goal : Hello World -> Helllllllll
** Tour n. 310 at 2019-08-31T17:17:25.393 
** Tour n. 311 at 2019-08-31T17:17:26.858 
** Tour n. 312 at 2019-08-31T17:17:28.427 
** Tour n. 313 at 2019-08-31T17:17:29.948 
** Tour n. 314 at 2019-08-31T17:17:31.497 
    2019-08-31T17:17:33.039 , Tour : 315, BEST: 2709 , bonus = 1.0 
** Tour n. 315 at 2019-08-31T17:17:33.039 
** Tour n. 316 at 2019-08-31T17:17:34.783 
** Tour n. 317 at 2019-08-31T17:17:36.475 
** Tour n. 318 at 2019-08-31T17:17:37.955 
** Tour n. 319 at 2019-08-31T17:17:39.586 
    2019-08-31T17:17:41.232 , Tour : 320, BEST: 2709 , bonus = 1.0 
fitness : 2709 
  code : -->,+++++++++++++++++++++++[[++++++[+++++++++[++++++[++++++++++-+++++++++++++++++++.++++++++++++++++++++++++++++[+.+++++++[[.]+,[,-<>.>.,<<<.[[.->[[[+.<.+]<<.,>[++,+[<+,<--+---<[<><]><,<<<<]>++[[,[->-<[+<+[-<>>--<[++>.-[,+.]-,-+>,]+],]<,[[[[.[<+.,,,.  
 goal : Hello World -> Helllllllll
** Tour n. 320 at 2019-08-31T17:17:41.232 
** Tour n. 321 at 2019-08-31T17:17:42.721 
** Tour n. 322 at 2019-08-31T17:17:44.221 
** Tour n. 323 at 2019-08-31T17:17:45.826 
** Tour n. 324 at 2019-08-31T17:17:47.366 
    2019-08-31T17:17:49.14 , Tour : 325, BEST: 2709 , bonus = 1.0 
** Tour n. 325 at 2019-08-31T17:17:49.14 
** Tour n. 326 at 2019-08-31T17:17:50.751 
** Tour n. 327 at 2019-08-31T17:17:52.376 
** Tour n. 328 at 2019-08-31T17:17:53.812 
** Tour n. 329 at 2019-08-31T17:17:55.431 
    2019-08-31T17:17:57.087 , Tour : 330, BEST: 2709 , bonus = 1.0 
fitness : 2709 
  code : -,,->,++++++++++++++++++++++[++[[++++++[+++++++++[++++[+[++++++++-+++++++++++++++++++++.++++++++++++++++++++++++++++[+.+++++++[.]+,[,-<>.>.,<<<.[->[[[+.<.+]<<.,>[[+>,+[<+,<---+---<[><]><,<<<<[>++[[,[->-<[+<<+[-<]--<[++>.-[,+.]-,+,-+>,,]<,[[[[.[<+.,,,  
 goal : Hello World -> Helllllllll
** Tour n. 330 at 2019-08-31T17:17:57.087 
** Tour n. 331 at 2019-08-31T17:17:58.596 
** Tour n. 332 at 2019-08-31T17:18:00.054 
** Tour n. 333 at 2019-08-31T17:18:01.611 
** Tour n. 334 at 2019-08-31T17:18:03.093 
    2019-08-31T17:18:04.527 , Tour : 335, BEST: 2709 , bonus = 1.0 
** Tour n. 335 at 2019-08-31T17:18:04.527 
** Tour n. 336 at 2019-08-31T17:18:06.025 
** Tour n. 337 at 2019-08-31T17:18:07.679 
** Tour n. 338 at 2019-08-31T17:18:09.193 
** Tour n. 339 at 2019-08-31T17:18:10.66 
    2019-08-31T17:18:12.082 , Tour : 340, BEST: 2709 , bonus = 1.0 
fitness : 2709 
  code : ,,-,--,,-,++++++++++++++++++++++[++[[++++++[+++++++++[++++[+[++++++++-+++++++++++++++++++++.++++++++++++++++++++++++++++[+.+++++++[.]+,[,-<>.>.,<<<.[->[[+.<+]<<.,[[+>,+[<+,<---+---<[><]><,<<<[<[>++[[,[->-<[+<<--.[++-[++>.-[,+.+,-+>,>,,]<,[[[[.[<+>,--  
 goal : Hello World -> Helllllllll
** Tour n. 340 at 2019-08-31T17:18:12.082 
** Tour n. 341 at 2019-08-31T17:18:13.529 
** Tour n. 342 at 2019-08-31T17:18:14.97 
** Tour n. 343 at 2019-08-31T17:18:16.44 
** Tour n. 344 at 2019-08-31T17:18:17.857 
    2019-08-31T17:18:19.287 , Tour : 345, BEST: 2709 , bonus = 1.0 
** Tour n. 345 at 2019-08-31T17:18:19.287 
** Tour n. 346 at 2019-08-31T17:18:20.764 
** Tour n. 347 at 2019-08-31T17:18:22.27 
** Tour n. 348 at 2019-08-31T17:18:23.717 
** Tour n. 349 at 2019-08-31T17:18:25.099 
    2019-08-31T17:18:26.532 , Tour : 350, BEST: 2709 , bonus = 1.0 
fitness : 2709 
  code : --,,-,++++++++++++++++++++++[++[[++++++[++++++++[+[++++[+[+++++++++-++++++++++++++++++++.++++++++++++++++++++++++++++[+.+++++++[.]+,[,-<>.>.,<<<.[->+.<+]<]<<.,>[[+>,+[<+,<>---+----[><]><,<<[[>++[[,[->-<<<+<<+[-<]-].[++>.-[,+.]-,+,->>,,]<,[[[[.[++..-,  
 goal : Hello World -> Helllllllll
** Tour n. 350 at 2019-08-31T17:18:26.532 
** Tour n. 351 at 2019-08-31T17:18:28.04 
** Tour n. 352 at 2019-08-31T17:18:29.624 
** Tour n. 353 at 2019-08-31T17:18:31.255 
** Tour n. 354 at 2019-08-31T17:18:32.762 
    2019-08-31T17:18:34.534 , Tour : 355, BEST: 2709 , bonus = 1.0 
** Tour n. 355 at 2019-08-31T17:18:34.534 
** Tour n. 356 at 2019-08-31T17:18:36.257 
** Tour n. 357 at 2019-08-31T17:18:37.92 
** Tour n. 358 at 2019-08-31T17:18:39.631 
** Tour n. 359 at 2019-08-31T17:18:41.32 
    2019-08-31T17:18:43.042 , Tour : 360, BEST: 2709 , bonus = 1.0 
fitness : 2709 
  code : ,,-,++++++++++++++++++++++[++[[++++++[++++++++[+[++++[[+[+++++++++-++++++++++++++++++++.++++++++++++++++++++++++++++[+.+++++++[.]+,[,-<>.>.>.,<].[->+.<+]<]<<.,>[[+>,+[<+,<>---,---[><]><<><><,<<[[[.,,>,]]]><],<<[.<--[++>.-,,+<.>+]]-].<],>><+[[.[++..<,  
 goal : Hello World -> Helllllllll
** Tour n. 360 at 2019-08-31T17:18:43.042 
** Tour n. 361 at 2019-08-31T17:18:44.573 
** Tour n. 362 at 2019-08-31T17:18:46.373 
** Tour n. 363 at 2019-08-31T17:18:48.327 
** Tour n. 364 at 2019-08-31T17:18:50.216 
    2019-08-31T17:18:51.883 , Tour : 365, BEST: 2709 , bonus = 1.0 
** Tour n. 365 at 2019-08-31T17:18:51.883 
** Tour n. 366 at 2019-08-31T17:18:53.679 
** Tour n. 367 at 2019-08-31T17:18:55.305 
** Tour n. 368 at 2019-08-31T17:18:57.25 
** Tour n. 369 at 2019-08-31T17:18:58.72 
    2019-08-31T17:19:00.746 , Tour : 370, BEST: 2709 , bonus = 1.0 
fitness : 2709 
  code : ,,,-,+++++++++++++++++++[++[++[[[++++++[+++++++[+[[++++[[+[++++++++++++++++++++++++++++++.+++++++++++++++++++++++[++++++.+++++++[.]+.]+,<>]>.>.,+<+<].[->+]<]<<.,>[+>,+[[<+,<>---,--[><]><<,<,-<<.<[[[.,,>,]]]><],<<..+--++>.-,,,+<.>+]-].<]<],>><[[.[++.>  
 goal : Hello World -> Helllllllll
** Tour n. 370 at 2019-08-31T17:19:00.746 
** Tour n. 371 at 2019-08-31T17:19:02.353 
** Tour n. 372 at 2019-08-31T17:19:04.122 
** Tour n. 373 at 2019-08-31T17:19:05.989 
** Tour n. 374 at 2019-08-31T17:19:07.743 
    2019-08-31T17:19:09.514 , Tour : 375, BEST: 2709 , bonus = 1.0 
** Tour n. 375 at 2019-08-31T17:19:09.514 
** Tour n. 376 at 2019-08-31T17:19:11.387 
** Tour n. 377 at 2019-08-31T17:19:13.068 
** Tour n. 378 at 2019-08-31T17:19:14.939 
** Tour n. 379 at 2019-08-31T17:19:17.056 
    2019-08-31T17:19:19.194 , Tour : 380, BEST: 2709 , bonus = 1.0 
fitness : 2709 
  code : ,,-,+++++++++++++++++++[++[++[[[++++++[++++++++[+[[+++[[+[++++++++++++++++++++++++++++++.+++++++++++++++++++++++[++++++.+++++++[.]+.]+,<>]>.>.,+<+<].[->+]<]<<.,,>[+>,[[<+,.<>---,---[><]<<,<,-<<.<[[,,>,]<]]]><],<<..+++>.-,-,,,+<.>+]-].<]<]><[.[++.>],>  
 goal : Hello World -> Helllllllll
** Tour n. 380 at 2019-08-31T17:19:19.194 
** Tour n. 381 at 2019-08-31T17:19:20.941 
** Tour n. 382 at 2019-08-31T17:19:22.821 
** Tour n. 383 at 2019-08-31T17:19:24.612 
** Tour n. 384 at 2019-08-31T17:19:26.421 
    2019-08-31T17:19:28.333 , Tour : 385, BEST: 2709 , bonus = 1.0 
** Tour n. 385 at 2019-08-31T17:19:28.333 
** Tour n. 386 at 2019-08-31T17:19:29.817 
** Tour n. 387 at 2019-08-31T17:19:31.679 
** Tour n. 388 at 2019-08-31T17:19:33.42 
** Tour n. 389 at 2019-08-31T17:19:35.143 
    2019-08-31T17:19:37.019 , Tour : 390, BEST: 2709 , bonus = 1.0 
fitness : 2709 
  code : +,,-,+++++++++++++++++++[++[++[[[++++++[++++++++[+[[++[[+[+++++++++++++++++++++++++++++++.+++++++++++++++++++++++[++++++.+++++++[.]+.]+,<>]>.>.,+<+<].[-,+]<]<<.,,>[+>,[[.<+,.>---,----[><]<<,<,-<<.<[[,,>,]<]]]><],<<..>.-,,-,-,,,+<.>+]-].],>><[.[++.>]>  
 goal : Hello World -> Helllllllll
** Tour n. 390 at 2019-08-31T17:19:37.019 
** Tour n. 391 at 2019-08-31T17:19:38.454 
** Tour n. 392 at 2019-08-31T17:19:40.018 
** Tour n. 393 at 2019-08-31T17:19:41.874 
** Tour n. 394 at 2019-08-31T17:19:43.809 
    2019-08-31T17:19:45.808 , Tour : 395, BEST: 2709 , bonus = 1.0 
** Tour n. 395 at 2019-08-31T17:19:45.808 
** Tour n. 396 at 2019-08-31T17:19:47.489 
** Tour n. 397 at 2019-08-31T17:19:49.374 
** Tour n. 398 at 2019-08-31T17:19:51.493 
** Tour n. 399 at 2019-08-31T17:19:53.007 
    2019-08-31T17:19:54.632 , Tour : 400, BEST: 2709 , bonus = 1.0 
fitness : 2709 
  code : -,+++++++++++++++++++[++[++[[[++++[++++++++++[+[[++[[+[+++++++++++++++++++++++++++++++.+++++++++++++++++++++++[++++++.+++++++[.]+..]+,<>>.>.,+<+<].[-,+]+]<]<]<<.,,>[+>,[[-<+,.>---,---[<]<<,<,-<<.<[[,,>,]<]]]><],<<..>.-,<-,,,,,+<..>+]-]<<],>><[.[+.><]  
 goal : Hello World -> Helllllllll
** Tour n. 400 at 2019-08-31T17:19:54.632 
** Tour n. 401 at 2019-08-31T17:19:56.277 
** Tour n. 402 at 2019-08-31T17:19:57.82 
** Tour n. 403 at 2019-08-31T17:19:59.223 
** Tour n. 404 at 2019-08-31T17:20:00.747 
    2019-08-31T17:20:02.421 , Tour : 405, BEST: 2709 , bonus = 1.0 
** Tour n. 405 at 2019-08-31T17:20:02.421 
** Tour n. 406 at 2019-08-31T17:20:04.235 
** Tour n. 407 at 2019-08-31T17:20:05.629 
** Tour n. 408 at 2019-08-31T17:20:07.272 
** Tour n. 409 at 2019-08-31T17:20:09.123 
    2019-08-31T17:20:10.551 , Tour : 410, BEST: 2709 , bonus = 1.0 
fitness : 2709 
  code : +++++++++++++++[+++[++[++[[[++++[+++++++++++[+[[++[[+[+++++++++++++++++++++++++++++++.++++++++++++++++++++++++[+++++.+++++++[.]+..]+,<>>.>.,+<+<].[-,+]+]<]<]<<.,,>+>,[[[-<+,,>---,--[<]<<,<,-<].<[[,,>,]<]]]]>+]<<..>.-,<-,,,,,+<.]>+]-]<<],,><[.[+.><]+,  
 goal : Hello World -> Helllllllll
** Tour n. 410 at 2019-08-31T17:20:10.551 
** Tour n. 411 at 2019-08-31T17:20:12.038 
** Tour n. 412 at 2019-08-31T17:20:13.775 
** Tour n. 413 at 2019-08-31T17:20:15.22 
** Tour n. 414 at 2019-08-31T17:20:16.932 
    2019-08-31T17:20:18.703 , Tour : 415, BEST: 2709 , bonus = 1.0 
** Tour n. 415 at 2019-08-31T17:20:18.703 
** Tour n. 416 at 2019-08-31T17:20:20.404 
** Tour n. 417 at 2019-08-31T17:20:22.267 
** Tour n. 418 at 2019-08-31T17:20:24.172 
** Tour n. 419 at 2019-08-31T17:20:26.2 
    2019-08-31T17:20:28.056 , Tour : 420, BEST: 2709 , bonus = 1.0 
fitness : 2709 
  code : ,+++++++++++++[+++++[++[[[[++++++[+++++++++++[+[[++[[+[+++++++++++++++++++++++++++++++.++++++++++++++++++++++++[+++++.+++++++[.]..]+,<>>.,+<+<..[-,+]+]<]]<]<<.,>>+>,[[[-<+,,>---,--<]<<,<,-<].<[[,,>,]<]]]]>+]<<..>.-,<-,,,,+,,,+<.-+]<<],,><.[+.><]+,++,  
 goal : Hello World -> Helllllllll
** Tour n. 420 at 2019-08-31T17:20:28.056 
** Tour n. 421 at 2019-08-31T17:20:30.065 
** Tour n. 422 at 2019-08-31T17:20:31.81 
** Tour n. 423 at 2019-08-31T17:20:33.554 
** Tour n. 424 at 2019-08-31T17:20:35.296 
    2019-08-31T17:20:36.789 , Tour : 425, BEST: 2709 , bonus = 1.0 
** Tour n. 425 at 2019-08-31T17:20:36.789 
** Tour n. 426 at 2019-08-31T17:20:38.304 
** Tour n. 427 at 2019-08-31T17:20:39.815 
** Tour n. 428 at 2019-08-31T17:20:41.281 
** Tour n. 429 at 2019-08-31T17:20:42.65 
    2019-08-31T17:20:44.222 , Tour : 430, BEST: 2709 , bonus = 1.0 
fitness : 2709 
  code : +++++++++++++++[+++++[++[[[[+++++++[++++++++++[+[[++[[[++++++++++++++++++++++++++++++.++++++++++++++++++++++++[+++++.+++++++[..]..]+<+>>.,+<+<..[-,+]]]<]]<]<<.,>>>+>,[[<+,,>----,--<]<<,<,-<]].<[[,,>,]<]]]]>]+]<<..>.-,<-,,,,+,,,+<..-+]<,,><.[+.><]+,.,  
 goal : Hello World -> Helllllllll
** Tour n. 430 at 2019-08-31T17:20:44.222 
** Tour n. 431 at 2019-08-31T17:20:45.776 
** Tour n. 432 at 2019-08-31T17:20:47.356 
** Tour n. 433 at 2019-08-31T17:20:49.237 
** Tour n. 434 at 2019-08-31T17:20:50.956 
    2019-08-31T17:20:52.672 , Tour : 435, BEST: 2709 , bonus = 1.0 
** Tour n. 435 at 2019-08-31T17:20:52.672 
** Tour n. 436 at 2019-08-31T17:20:54.455 
** Tour n. 437 at 2019-08-31T17:20:56.179 
** Tour n. 438 at 2019-08-31T17:20:57.955 
** Tour n. 439 at 2019-08-31T17:20:59.496 
    2019-08-31T17:21:01.112 , Tour : 440, BEST: 2709 , bonus = 1.0 
fitness : 2709 
  code : ++++++++++++++[+++++[++[[[[+++++++[++++++++++[+[[++[[+[++++++++++++++++++++++++++++++.++++++++++++++++++++++++[+++++.+++++++[..]..]++<+>>.,+>+<..[-,+]]]<]]<]<<.>>>+>,[.-[<+,,>----,--<]<<,<,-<]].<[[,,>,]<]]]->]+]<<.>.-,<-,,,,,+<..-+],><.[+[+.><]+,..+,  
 goal : Hello World -> Helllllllll
** Tour n. 440 at 2019-08-31T17:21:01.112 
** Tour n. 441 at 2019-08-31T17:21:02.734 
** Tour n. 442 at 2019-08-31T17:21:04.193 
** Tour n. 443 at 2019-08-31T17:21:05.732 
** Tour n. 444 at 2019-08-31T17:21:07.373 
    2019-08-31T17:21:09.064 , Tour : 445, BEST: 2709 , bonus = 1.0 
** Tour n. 445 at 2019-08-31T17:21:09.064 
** Tour n. 446 at 2019-08-31T17:21:10.883 
** Tour n. 447 at 2019-08-31T17:21:12.41 
** Tour n. 448 at 2019-08-31T17:21:13.83 
** Tour n. 449 at 2019-08-31T17:21:15.558 
    2019-08-31T17:21:17.132 , Tour : 450, BEST: 2709 , bonus = 1.0 
fitness : 2709 
  code : ,++++++++++++++[+++++[++[[[[+++++++[++++++++++[+[[++[[++[+++++++++++++++++++++++++++++.++++++++++++++++++++++++[+++++.+++++++[.]..]++<->>.,+>+<.[-,+]]]<]]<]<<.>>>+>,[..[<+,,>,>-----<]]<<,<,-<]]].].<[[>,]<]]]-+]><<<.>.-,<-,,,,,+<..-+>,>,><.[[.><]+,..+  
 goal : Hello World -> Helllllllll
** Tour n. 450 at 2019-08-31T17:21:17.132 
** Tour n. 451 at 2019-08-31T17:21:18.741 
** Tour n. 452 at 2019-08-31T17:21:20.264 
** Tour n. 453 at 2019-08-31T17:21:21.794 
** Tour n. 454 at 2019-08-31T17:21:23.414 
    2019-08-31T17:21:25.027 , Tour : 455, BEST: 2709 , bonus = 1.0 
** Tour n. 455 at 2019-08-31T17:21:25.027 
** Tour n. 456 at 2019-08-31T17:21:26.507 
** Tour n. 457 at 2019-08-31T17:21:27.985 
** Tour n. 458 at 2019-08-31T17:21:29.607 
** Tour n. 459 at 2019-08-31T17:21:31.229 
    2019-08-31T17:21:32.842 , Tour : 460, BEST: 2709 , bonus = 1.0 
fitness : 2709 
  code : +,+++++++++++++++++++[++[[[[+++++++[++++++++++[+[[++[++[+++++++++++++++++++++++++++++.++++++++++++++++++++++++[+++++.+++++++[.]..]++<->>>.,[>+<.[-,-,+]]]<]]<]+<<.>>>+>,[..[<+,,>,>-----<]]<<,<,-.]]].].<[[>]<]]]--+]><<.>.-,<-,,,,,..-.>,>>[+[+..[.>]+,..  
 goal : Hello World -> Helllllllll
** Tour n. 460 at 2019-08-31T17:21:32.842 
** Tour n. 461 at 2019-08-31T17:21:34.557 
** Tour n. 462 at 2019-08-31T17:21:36.251 
** Tour n. 463 at 2019-08-31T17:21:37.895 
** Tour n. 464 at 2019-08-31T17:21:39.636 
    2019-08-31T17:21:41.309 , Tour : 465, BEST: 2709 , bonus = 1.0 
** Tour n. 465 at 2019-08-31T17:21:41.309 
** Tour n. 466 at 2019-08-31T17:21:42.989 
** Tour n. 467 at 2019-08-31T17:21:44.753 
** Tour n. 468 at 2019-08-31T17:21:46.557 
** Tour n. 469 at 2019-08-31T17:21:48.322 
    2019-08-31T17:21:49.987 , Tour : 470, BEST: 2709 , bonus = 1.0 
fitness : 2709 
  code : ,+++++++++++++++++++++[++[[[++++++[+++++++++[+[[++[++[+++++++++++++++++++++++++++++.++++++++++++++++++++++++++[+++.+++++++[.][.]..]<-->>>.,[>+<.[-,-,+]]]<]]<]<<.>>>+>,[..[<+,,>,>-----<]]<<,<,-<]]].].<[[>]>]<]]++,><<.>.-,<-,,,,,+..-.>,>>[+[+..>]+,..,+  
 goal : Hello World -> Helllllllll
** Tour n. 470 at 2019-08-31T17:21:49.987 
** Tour n. 471 at 2019-08-31T17:21:51.492 
** Tour n. 472 at 2019-08-31T17:21:53.107 
** Tour n. 473 at 2019-08-31T17:21:54.713 
** Tour n. 474 at 2019-08-31T17:21:56.236 
    2019-08-31T17:21:57.929 , Tour : 475, BEST: 2709 , bonus = 1.0 
** Tour n. 475 at 2019-08-31T17:21:57.929 
** Tour n. 476 at 2019-08-31T17:21:59.508 
** Tour n. 477 at 2019-08-31T17:22:01.124 
** Tour n. 478 at 2019-08-31T17:22:02.661 
** Tour n. 479 at 2019-08-31T17:22:04.067 
    2019-08-31T17:22:05.603 , Tour : 480, BEST: 2709 , bonus = 1.0 
fitness : 2709 
  code : ,-+,+++++++++++++++++++++[++[++++++[+++++++++[+[[++[++[+++++++++++++++++++++++++++++.++++[++++++++++++++++++++++[+++.+++++++[.][.]..]<->>>.,[>+<.[-.,-]]]]]<]]]<<.>>>>->+>,,[..[<+,,>,-----<]]<<,<,-<]]].].<[[>]>]<<,+,><<.>.-,<-.,-,,,.-.>,,>>[+[+[.+>]+-  
 goal : Hello World -> Helllllllll
** Tour n. 480 at 2019-08-31T17:22:05.603 
** Tour n. 481 at 2019-08-31T17:22:07.282 
** Tour n. 482 at 2019-08-31T17:22:09.068 
** Tour n. 483 at 2019-08-31T17:22:10.927 
** Tour n. 484 at 2019-08-31T17:22:12.47 
    2019-08-31T17:22:14.108 , Tour : 485, BEST: 2709 , bonus = 1.0 
** Tour n. 485 at 2019-08-31T17:22:14.108 
** Tour n. 486 at 2019-08-31T17:22:15.625 
** Tour n. 487 at 2019-08-31T17:22:17.192 
** Tour n. 488 at 2019-08-31T17:22:18.813 
** Tour n. 489 at 2019-08-31T17:22:20.376 
    2019-08-31T17:22:22.014 , Tour : 490, BEST: 2709 , bonus = 1.0 
fitness : 2709 
  code : ,-+,+++++++++++++++++++++++[++++++[+++++++++[+[[++[++[+++++++++++++++++++++++++++++.++++[++++++++++++++++++++++[+++.+++++++[.][.]..]<->>>.,[>+<.[-.,-]]]]]<]]]<<.>>>>-+>,,[..[<+,,>,-<---<]]<<,<,-<]]-.[.<[[>]>]<<,+,><<<.>.-,<-.,-,,,.-.>,,>>[++[.+>]+,[>  
 goal : Hello World -> Helllllllll
** Tour n. 490 at 2019-08-31T17:22:22.014 
** Tour n. 491 at 2019-08-31T17:22:23.466 
** Tour n. 492 at 2019-08-31T17:22:25.025 
** Tour n. 493 at 2019-08-31T17:22:26.565 
** Tour n. 494 at 2019-08-31T17:22:28.028 
    2019-08-31T17:22:29.578 , Tour : 495, BEST: 2709 , bonus = 1.0 
** Tour n. 495 at 2019-08-31T17:22:29.578 
** Tour n. 496 at 2019-08-31T17:22:31.246 
** Tour n. 497 at 2019-08-31T17:22:32.783 
** Tour n. 498 at 2019-08-31T17:22:34.537 
** Tour n. 499 at 2019-08-31T17:22:36.082 
    2019-08-31T17:22:37.657 , Tour : 500, BEST: 2709 , bonus = 1.0 
fitness : 2709 
  code : +,+++++++++++++++++++++++[++++++[+++++++++[+[[[++[++[+++++++++++++++++++++++++++++.++++[+++++++++++++++++++++++++.+++++++[.][.],.]<->>>.,[>+<.[-.,-]]]]]<]]]<<.>>>>-+>>,,,[.<+,,>>[,<-<---<]]<<,<<,-<]-..<[[>]>]<+,><<<<.>.-,>-.,-,,,.-.>,,>>[++++[.+>]+,[  
 goal : Hello World -> Helllllllll
** Tour n. 500 at 2019-08-31T17:22:37.657 
** Tour n. 501 at 2019-08-31T17:22:39.175 
** Tour n. 502 at 2019-08-31T17:22:40.73 
** Tour n. 503 at 2019-08-31T17:22:42.268 
** Tour n. 504 at 2019-08-31T17:22:43.714 
    2019-08-31T17:22:45.245 , Tour : 505, BEST: 2709 , bonus = 1.0 
** Tour n. 505 at 2019-08-31T17:22:45.245 
** Tour n. 506 at 2019-08-31T17:22:46.775 
** Tour n. 507 at 2019-08-31T17:22:48.3 
** Tour n. 508 at 2019-08-31T17:22:49.893 
** Tour n. 509 at 2019-08-31T17:22:51.326 
    2019-08-31T17:22:53.087 , Tour : 510, BEST: 2709 , bonus = 1.0 
fitness : 2709 
  code : +-+-,+++++++++++++++++++++++[++++++[+++++++++[+[[[++[++[+++++++++++++++++++++++++++++.++++[+++++++++++++++++++++++[++.+++++++[.][.],.]<->>>.,[.>+<.,[.,-]]]]]<]]]<<>>>>-+>>,,,..<+,,>>,-<+--,--<,+].[[[-+.[[[>]>]<,><<<<.>.,[>-.,-,,,.-.>,,>>[+++[.+>]+,+[  
 goal : Hello World -> Helllllllll
** Tour n. 510 at 2019-08-31T17:22:53.087 
** Tour n. 511 at 2019-08-31T17:22:54.673 
** Tour n. 512 at 2019-08-31T17:22:56.299 
** Tour n. 513 at 2019-08-31T17:22:57.802 
** Tour n. 514 at 2019-08-31T17:22:59.166 
    2019-08-31T17:23:00.553 , Tour : 515, BEST: 2709 , bonus = 1.0 
** Tour n. 515 at 2019-08-31T17:23:00.553 
** Tour n. 516 at 2019-08-31T17:23:01.947 
** Tour n. 517 at 2019-08-31T17:23:03.405 
** Tour n. 518 at 2019-08-31T17:23:04.785 
** Tour n. 519 at 2019-08-31T17:23:06.137 
    2019-08-31T17:23:07.576 , Tour : 520, BEST: 2709 , bonus = 1.0 
fitness : 2709 
  code : --,+++++++++++++++++++++++[++++++[+++++++++[+[[[++[++[+++++++++++++++++++++++++++++.++++[[+++++++++++++++++++++++[++.+++++++[.][.],.]<->>>.,[.>+<.[.,-]]]]]<]-]<<>>>>-+>>,,,..<+,,>>,-<+--,[--<,+].[[[[-+.[[[>]>[<,><<<.>.,[>-.-,,,.-.>,,>>[+++[.+>]+,+[--  
 goal : Hello World -> Helllllllll
** Tour n. 520 at 2019-08-31T17:23:07.576 
** Tour n. 521 at 2019-08-31T17:23:09.137 
** Tour n. 522 at 2019-08-31T17:23:10.589 
** Tour n. 523 at 2019-08-31T17:23:12.055 
** Tour n. 524 at 2019-08-31T17:23:13.396 
