targetFitness = 522 
params : Main.GeneticAlgorithms.Types.GAParams(156, 10000000, 200, 350, 0.8, 0.01, true, IOStream(<file ../Results/logStringhi.log>), 0.0, 522.0, 0, 0) 
** Tour n. 1 at 2019-09-02T14:39:13.478 
    2019-09-02T14:39:17.831 , Iteration : 5, BEST: 331 , bonus = 1.0 
    2019-09-02T14:39:20.374 , Iteration : 10, BEST: 352 , bonus = 1.0 
    2019-09-02T14:39:22.068 , Iteration : 15, BEST: 371 , bonus = 2.0 
    2019-09-02T14:39:24.23 , Iteration : 20, BEST: 386 , bonus = 1.0 
    2019-09-02T14:39:25.525 , Iteration : 25, BEST: 404 , bonus = 1.0 
    2019-09-02T14:39:27.005 , Iteration : 30, BEST: 418 , bonus = 1.0 
    2019-09-02T14:39:27.867 , Iteration : 35, BEST: 429 , bonus = 1.0 
    2019-09-02T14:39:28.954 , Iteration : 40, BEST: 443 , bonus = 1.0 
fitness : 443 
  code : ++[++++++++++++++++++++++++++++++++++++++++++.]>.+[[+[.-+.]<,]<,<<<.>,<-+,-,-+>-----,--<.>],,..+.+..[-.-.<>.<<[>+>>[,,,]+-<<.>...>.]>>-]<>+>>+,.<>>[>[>++-,[.<--.-[-+<[,>.>,,,,-..>->>->-..>-<]-]]--]<<>  
 goal : hi -> ,V
    2019-09-02T14:39:30.184 , Iteration : 45, BEST: 453 , bonus = 1.0 
    2019-09-02T14:39:31.278 , Iteration : 50, BEST: 469 , bonus = 1.0 
    2019-09-02T14:39:31.869 , Iteration : 55, BEST: 473 , bonus = 1.0 
** Tour n. 2 at 2019-09-02T14:39:32.231 
** Tour n. 3 at 2019-09-02T14:39:33.581 
** Tour n. 4 at 2019-09-02T14:39:34.705 
    2019-09-02T14:39:35.884 , Tour : 5, BEST: 473 , bonus = 1.0 
** Tour n. 5 at 2019-09-02T14:39:35.884 
** Tour n. 6 at 2019-09-02T14:39:37.012 
** Tour n. 7 at 2019-09-02T14:39:38.296 
** Tour n. 8 at 2019-09-02T14:39:39.397 
** Tour n. 9 at 2019-09-02T14:39:40.591 
    2019-09-02T14:39:41.703 , Tour : 10, BEST: 473 , bonus = 1.0 
** Tour n. 10 at 2019-09-02T14:39:41.703 
** Tour n. 11 at 2019-09-02T14:39:42.787 
** Tour n. 12 at 2019-09-02T14:39:43.938 
** Tour n. 13 at 2019-09-02T14:39:45.114 
** Tour n. 14 at 2019-09-02T14:39:46.166 
    2019-09-02T14:39:47.246 , Tour : 15, BEST: 473 , bonus = 1.0 
** Tour n. 15 at 2019-09-02T14:39:47.246 
** Tour n. 16 at 2019-09-02T14:39:48.435 
** Tour n. 17 at 2019-09-02T14:39:49.603 
** Tour n. 18 at 2019-09-02T14:39:50.665 
** Tour n. 19 at 2019-09-02T14:39:51.826 
    2019-09-02T14:39:52.889 , Tour : 20, BEST: 473 , bonus = 1.0 
** Tour n. 20 at 2019-09-02T14:39:52.889 
** Tour n. 21 at 2019-09-02T14:39:54.017 
** Tour n. 22 at 2019-09-02T14:39:55.186 
** Tour n. 23 at 2019-09-02T14:39:56.278 
** Tour n. 24 at 2019-09-02T14:39:57.361 
    2019-09-02T14:39:58.538 , Tour : 25, BEST: 473 , bonus = 1.0 
** Tour n. 25 at 2019-09-02T14:39:58.538 
** Tour n. 26 at 2019-09-02T14:39:59.601 
** Tour n. 27 at 2019-09-02T14:40:00.705 
** Tour n. 28 at 2019-09-02T14:40:02.046 
** Tour n. 29 at 2019-09-02T14:40:03.218 
    2019-09-02T14:40:04.407 , Tour : 30, BEST: 474 , bonus = 1.0 
** Tour n. 30 at 2019-09-02T14:40:04.407 
** Tour n. 31 at 2019-09-02T14:40:05.66 
** Tour n. 32 at 2019-09-02T14:40:06.783 
** Tour n. 33 at 2019-09-02T14:40:07.915 
** Tour n. 34 at 2019-09-02T14:40:09.062 
    2019-09-02T14:40:10.309 , Tour : 35, BEST: 474 , bonus = 1.0 
** Tour n. 35 at 2019-09-02T14:40:10.309 
** Tour n. 36 at 2019-09-02T14:40:11.471 
** Tour n. 37 at 2019-09-02T14:40:13.137 
    2019-09-02T14:40:14.539 , Iteration : 5, BEST: 476 , bonus = 1.0 
** Tour n. 38 at 2019-09-02T14:40:14.992 
** Tour n. 39 at 2019-09-02T14:40:16.041 
    2019-09-02T14:40:17.221 , Tour : 40, BEST: 477 , bonus = 1.0 
fitness : 477 
  code : ++++++++++[++[+[++++++++++-+++++++++++++++++++++++++++++++++++++.][+[-.+.<,,<<<<<.-+,,<+,-<----,>-,,>-<<>,]>],,,,[+..-<<>.<<+<[>.>>[,,+,-.<<>.].+,-,,,,]>><-][>,]<[<]+[-+<]].,,-.->,<>[-.,-,>[-]]...[-.>  
 goal : hi -> ;i
** Tour n. 40 at 2019-09-02T14:40:17.221 
** Tour n. 41 at 2019-09-02T14:40:18.341 
** Tour n. 42 at 2019-09-02T14:40:19.616 
** Tour n. 43 at 2019-09-02T14:40:20.74 
** Tour n. 44 at 2019-09-02T14:40:22.225 
    2019-09-02T14:40:23.363 , Tour : 45, BEST: 478 , bonus = 1.0 
** Tour n. 45 at 2019-09-02T14:40:23.363 
** Tour n. 46 at 2019-09-02T14:40:24.434 
** Tour n. 47 at 2019-09-02T14:40:25.523 
** Tour n. 48 at 2019-09-02T14:40:26.641 
** Tour n. 49 at 2019-09-02T14:40:27.702 
    2019-09-02T14:40:28.833 , Tour : 50, BEST: 478 , bonus = 1.0 
** Tour n. 50 at 2019-09-02T14:40:28.833 
** Tour n. 51 at 2019-09-02T14:40:29.885 
** Tour n. 52 at 2019-09-02T14:40:30.935 
** Tour n. 53 at 2019-09-02T14:40:32.012 
** Tour n. 54 at 2019-09-02T14:40:33.149 
    2019-09-02T14:40:34.215 , Tour : 55, BEST: 478 , bonus = 1.0 
** Tour n. 55 at 2019-09-02T14:40:34.215 
    2019-09-02T14:40:35.515 , Iteration : 5, BEST: 479 , bonus = 1.0 
** Tour n. 56 at 2019-09-02T14:40:35.62 
** Tour n. 57 at 2019-09-02T14:40:36.733 
** Tour n. 58 at 2019-09-02T14:40:38.01 
** Tour n. 59 at 2019-09-02T14:40:39.241 
    2019-09-02T14:40:40.449 , Tour : 60, BEST: 480 , bonus = 1.0 
** Tour n. 60 at 2019-09-02T14:40:40.449 
** Tour n. 61 at 2019-09-02T14:40:41.611 
** Tour n. 62 at 2019-09-02T14:40:42.738 
** Tour n. 63 at 2019-09-02T14:40:44.008 
** Tour n. 64 at 2019-09-02T14:40:45.177 
    2019-09-02T14:40:46.346 , Tour : 65, BEST: 481 , bonus = 1.0 
** Tour n. 65 at 2019-09-02T14:40:46.346 
** Tour n. 66 at 2019-09-02T14:40:47.551 
** Tour n. 67 at 2019-09-02T14:40:49.183 
** Tour n. 68 at 2019-09-02T14:40:50.366 
** Tour n. 69 at 2019-09-02T14:40:51.531 
    2019-09-02T14:40:52.657 , Tour : 70, BEST: 482 , bonus = 1.0 
** Tour n. 70 at 2019-09-02T14:40:52.657 
** Tour n. 71 at 2019-09-02T14:40:53.798 
** Tour n. 72 at 2019-09-02T14:40:54.962 
    2019-09-02T14:40:56.39 , Iteration : 5, BEST: 484 , bonus = 1116.0 
    2019-09-02T14:40:56.888 , Iteration : 10, BEST: 486 , bonus = 1402.0 
    2019-09-02T14:40:57.335 , Iteration : 15, BEST: 487 , bonus = 1.0 
** Tour n. 73 at 2019-09-02T14:40:57.436 
** Tour n. 74 at 2019-09-02T14:40:58.542 
    2019-09-02T14:40:59.558 , Tour : 75, BEST: 487 , bonus = 1.0 
** Tour n. 75 at 2019-09-02T14:40:59.558 
** Tour n. 76 at 2019-09-02T14:41:00.593 
** Tour n. 77 at 2019-09-02T14:41:01.666 
    2019-09-02T14:41:02.9 , Iteration : 5, BEST: 488 , bonus = 1.0 
** Tour n. 78 at 2019-09-02T14:41:03.077 
** Tour n. 79 at 2019-09-02T14:41:04.363 
    2019-09-02T14:41:05.641 , Iteration : 5, BEST: 491 , bonus = 1.0 
    2019-09-02T14:41:06.081 , Tour : 80, BEST: 492 , bonus = 1.0 
fitness : 492 
  code : ++++++++++++++++++[+++++++++++++++++++++++++[++++++-++++++++++++++++++++++++++.][+---.-.+..<<--++,,<++<,-[<+>,+.]+[-><+<+.,<--[++,+<]<.>[,-,-.]>+]+>,.>+[.<<<>>-]<,.[-..-].>>.,>,.<><--[.]+.+-+>+<<>,.[<  
 goal : hi -> Ji
** Tour n. 80 at 2019-09-02T14:41:06.081 
** Tour n. 81 at 2019-09-02T14:41:07.104 
** Tour n. 82 at 2019-09-02T14:41:08.116 
** Tour n. 83 at 2019-09-02T14:41:09.151 
** Tour n. 84 at 2019-09-02T14:41:10.181 
    2019-09-02T14:41:11.23 , Tour : 85, BEST: 492 , bonus = 1.0 
** Tour n. 85 at 2019-09-02T14:41:11.23 
** Tour n. 86 at 2019-09-02T14:41:12.274 
    2019-09-02T14:41:13.51 , Iteration : 5, BEST: 493 , bonus = 1.0 
** Tour n. 87 at 2019-09-02T14:41:13.613 
** Tour n. 88 at 2019-09-02T14:41:14.638 
** Tour n. 89 at 2019-09-02T14:41:15.699 
    2019-09-02T14:41:16.705 , Tour : 90, BEST: 493 , bonus = 1.0 
** Tour n. 90 at 2019-09-02T14:41:16.705 
** Tour n. 91 at 2019-09-02T14:41:17.757 
** Tour n. 92 at 2019-09-02T14:41:18.846 
** Tour n. 93 at 2019-09-02T14:41:19.959 
** Tour n. 94 at 2019-09-02T14:41:20.984 
    2019-09-02T14:41:21.979 , Tour : 95, BEST: 493 , bonus = 1.0 
** Tour n. 95 at 2019-09-02T14:41:21.979 
** Tour n. 96 at 2019-09-02T14:41:22.995 
** Tour n. 97 at 2019-09-02T14:41:23.983 
** Tour n. 98 at 2019-09-02T14:41:25.016 
** Tour n. 99 at 2019-09-02T14:41:26.057 
    2019-09-02T14:41:27.131 , Tour : 100, BEST: 493 , bonus = 1.0 
** Tour n. 100 at 2019-09-02T14:41:27.131 
    2019-09-02T14:41:28.35 , Iteration : 5, BEST: 494 , bonus = 1.0 
** Tour n. 101 at 2019-09-02T14:41:28.451 
** Tour n. 102 at 2019-09-02T14:41:29.46 
** Tour n. 103 at 2019-09-02T14:41:30.42 
    2019-09-02T14:41:31.72 , Iteration : 5, BEST: 496 , bonus = 74.0 
** Tour n. 104 at 2019-09-02T14:41:31.91 
    2019-09-02T14:41:32.96 , Tour : 105, BEST: 496 , bonus = 1.0 
** Tour n. 105 at 2019-09-02T14:41:32.96 
** Tour n. 106 at 2019-09-02T14:41:34.036 
    2019-09-02T14:41:35.476 , Iteration : 5, BEST: 498 , bonus = 2.0 
** Tour n. 107 at 2019-09-02T14:41:35.807 
** Tour n. 108 at 2019-09-02T14:41:36.928 
** Tour n. 109 at 2019-09-02T14:41:38.004 
    2019-09-02T14:41:39.343 , Tour : 110, BEST: 499 , bonus = 1.0 
** Tour n. 110 at 2019-09-02T14:41:39.343 
** Tour n. 111 at 2019-09-02T14:41:40.476 
    2019-09-02T14:41:41.864 , Iteration : 5, BEST: 500 , bonus = 1.0 
** Tour n. 112 at 2019-09-02T14:41:41.992 
** Tour n. 113 at 2019-09-02T14:41:43.061 
    2019-09-02T14:41:44.28 , Iteration : 5, BEST: 501 , bonus = 1.0 
** Tour n. 114 at 2019-09-02T14:41:44.385 
    2019-09-02T14:41:45.674 , Iteration : 5, BEST: 502 , bonus = 1.0 
    2019-09-02T14:41:46.127 , Iteration : 10, BEST: 504 , bonus = 1.0 
    2019-09-02T14:41:46.567 , Tour : 115, BEST: 505 , bonus = 1.0 
** Tour n. 115 at 2019-09-02T14:41:46.567 
** Tour n. 116 at 2019-09-02T14:41:47.604 
** Tour n. 117 at 2019-09-02T14:41:48.627 
    2019-09-02T14:41:49.766 , Iteration : 5, BEST: 507 , bonus = 1.0 
    2019-09-02T14:41:50.196 , Iteration : 10, BEST: 509 , bonus = 1.0 
** Tour n. 118 at 2019-09-02T14:41:50.462 
** Tour n. 119 at 2019-09-02T14:41:51.457 
    2019-09-02T14:41:52.418 , Tour : 120, BEST: 509 , bonus = 1.0 
fitness : 509 
  code : ,+++++++++++++++++++++++++[+++++++++++++++++++++++++++++++++++++++++[+++++++++[-+++++++++++++++++.--][[+---.]>..--]<.+<.-<.>]+[,-,-.,<--<[.,]<.[,-..+,.]<[[.<-++,][,<,<-[-.].+-[.[[.]<-][--,.+<+-><>[-<[  
 goal : hi -> [i
** Tour n. 120 at 2019-09-02T14:41:52.418 
    2019-09-02T14:41:53.625 , Iteration : 5, BEST: 510 , bonus = 1.0 
** Tour n. 121 at 2019-09-02T14:41:53.735 
** Tour n. 122 at 2019-09-02T14:41:54.844 
** Tour n. 123 at 2019-09-02T14:41:55.91 
** Tour n. 124 at 2019-09-02T14:41:57.288 
    2019-09-02T14:41:58.611 , Tour : 125, BEST: 512 , bonus = 1.0 
** Tour n. 125 at 2019-09-02T14:41:58.611 
    2019-09-02T14:41:59.831 , Iteration : 5, BEST: 513 , bonus = 1.0 
    2019-09-02T14:42:00.29 , Iteration : 10, BEST: 515 , bonus = 1.0 
** Tour n. 126 at 2019-09-02T14:42:00.504 
** Tour n. 127 at 2019-09-02T14:42:01.603 
    2019-09-02T14:42:02.834 , Iteration : 5, BEST: 516 , bonus = 1.0 
    2019-09-02T14:42:03.372 , Iteration : 10, BEST: 517 , bonus = 1.0 
** Tour n. 128 at 2019-09-02T14:42:03.561 
    2019-09-02T14:42:04.768 , Iteration : 5, BEST: 518 , bonus = 1.0 
** Tour n. 129 at 2019-09-02T14:42:04.884 
    2019-09-02T14:42:05.836 , Tour : 130, BEST: 518 , bonus = 1.0 
** Tour n. 130 at 2019-09-02T14:42:05.836 
** Tour n. 131 at 2019-09-02T14:42:06.791 
** Tour n. 132 at 2019-09-02T14:42:07.759 
** Tour n. 133 at 2019-09-02T14:42:08.73 
** Tour n. 134 at 2019-09-02T14:42:09.766 
    2019-09-02T14:42:10.831 , Tour : 135, BEST: 518 , bonus = 1.0 
** Tour n. 135 at 2019-09-02T14:42:10.831 
** Tour n. 136 at 2019-09-02T14:42:11.842 
** Tour n. 137 at 2019-09-02T14:42:12.828 
    2019-09-02T14:42:13.987 , Iteration : 5, BEST: 519 , bonus = 1.0 
** Tour n. 138 at 2019-09-02T14:42:14.099 
** Tour n. 139 at 2019-09-02T14:42:15.199 
    2019-09-02T14:42:16.286 , Tour : 140, BEST: 519 , bonus = 1.0 
** Tour n. 140 at 2019-09-02T14:42:16.286 
** Tour n. 141 at 2019-09-02T14:42:17.266 
** Tour n. 142 at 2019-09-02T14:42:18.33 
    2019-09-02T14:42:19.591 , Iteration : 5, BEST: 520 , bonus = 1.0 
** Tour n. 143 at 2019-09-02T14:42:19.7 
** Tour n. 144 at 2019-09-02T14:42:20.681 
    2019-09-02T14:42:21.704 , Tour : 145, BEST: 520 , bonus = 1.0 
** Tour n. 145 at 2019-09-02T14:42:21.704 
** Tour n. 146 at 2019-09-02T14:42:22.859 
** Tour n. 147 at 2019-09-02T14:42:23.854 
** Tour n. 148 at 2019-09-02T14:42:24.852 
** Tour n. 149 at 2019-09-02T14:42:25.851 
    2019-09-02T14:42:26.888 , Tour : 150, BEST: 521 , bonus = 1.0 
** Tour n. 150 at 2019-09-02T14:42:26.888 
** Tour n. 151 at 2019-09-02T14:42:27.922 
** Tour n. 152 at 2019-09-02T14:42:28.902 
** Tour n. 153 at 2019-09-02T14:42:29.977 
** Tour n. 154 at 2019-09-02T14:42:31.004 
    2019-09-02T14:42:31.953 , Tour : 155, BEST: 521 , bonus = 1.0 
** Tour n. 155 at 2019-09-02T14:42:31.953 
** Tour n. 156 at 2019-09-02T14:42:32.941 
fitness : 522 
  code : ++++++++++++++++++++++++++++++++++++++++++++++++++++++++++++++++++++++++++++++++++++++++++++++++[-+++[++++++.---+---]-.-.-[-[[.]+[,,,<+-,-.<+<<>>[<<>-+-,>>]<].+<>>++]]->,+.<.,-,>,<-[>,<>[+[+>]>++-+,>.  
 goal : hi -> hi
fitness 522 
dna : [0.285324, 0.273833, 0.3023, 0.287163, 0.332308, 0.332362, 0.326603, 0.259348, 0.251824, 0.346101, 0.251824, 0.346101, 0.251541, 0.251541, 0.250042, 0.257079, 0.317173, 0.277917, 0.322885, 0.272509, 0.358569, 0.317173, 0.358569, 0.315515, 0.317173, 0.359407, 0.359407, 0.277917, 0.322885, 0.272509, 0.358569, 0.322885, 0.323127, 0.315404, 0.356677, 0.322885, 0.323127, 0.315404, 0.356677, 0.323127, 0.315404, 0.356677, 0.355368, 0.371147, 0.33603, 0.371147, 0.33603, 0.33603, 0.350335, 0.33603, 0.33603, 0.350335, 0.33603, 0.350335, 0.285717, 0.361164, 0.307736, 0.374256, 0.307736, 0.307736, 0.307736, 0.307736, 0.307736, 0.307736, 0.307736, 0.348122, 0.320926, 0.320926, 0.348122, 0.320926, 0.320926, 0.307736, 0.285911, 0.348122, 0.298901, 0.320926, 0.320926, 0.320926, 0.320926, 0.320926, 0.320926, 0.320926, 0.330977, 0.331463, 0.322978, 0.299232, 0.282015, 0.282015, 0.282015, 0.299232, 0.366374, 0.366374, 0.366374, 0.366374, 0.366374, 0.319257, 0.771109, 0.449877, 0.284859, 0.330578, 0.344429, 0.873057, 0.31361, 0.357842, 0.34245, 0.366997, 0.312652, 0.330578, 0.531264, 0.456554, 0.456554, 0.456554, 0.310458, 0.44831, 0.44831, 0.386053, 0.969647, 0.497153, 0.510167, 0.407276, 0.510167, 0.407276, 0.832254, 0.377882, 0.751474, 0.828004, 0.512847, 0.900853, 0.369991, 0.824684, 0.741883, 0.708492, 0.657253, 0.102812, 0.305972, 0.392272, 0.735572, 0.396793, 0.602147, 0.0303418, 0.280556, 0.0303418, 0.1038, 0.219962, 0.219962, 0.870604, 0.0500682, 0.00706301, 0.175623, 0.435912, 0.362171, 0.481434, 0.653534, 0.133727, 0.137454, 0.959307, 0.0712925, 0.975494, 0.618098, 0.349568, 0.113574, 0.242559, 0.242559, 0.336275, 0.2848, 0.98012, 0.930832, 0.38462, 0.139909, 0.67433, 0.314546, 0.523899, 0.0327497, 0.608546, 0.632739, 0.462575, 0.717429, 0.173208, 0.640869, 0.034303, 0.416719, 0.776883, 0.170508, 0.727585, 0.0498605, 0.144707, 0.866055, 0.308095, 0.784368, 0.361987, 0.134851, 0.947834, 0.195582, 0.281338, 0.350227, 0.459418, 0.268985, 0.742829, 0.214543, 0.506202] 
