targetFitness = 1024 
params : Main.GeneticAlgorithms.Types.GAParams(136, 1000000, 60, 150, 0.7, 0.01, true, IOStream(<file ../Results/logTimesThree.log>), 0.0, 1024.0, 0, 0) 
** Tour n. 1 at 2019-09-02T12:01:52.405 
** Tour n. 2 at 2019-09-02T12:01:54.259 
** Tour n. 3 at 2019-09-02T12:01:55.275 
    2019-09-02T12:01:56.643 , Iteration : 5, BEST: 992 , bonus = 7972.0 
    2019-09-02T12:01:57.267 , Iteration : 10, BEST: 1000 , bonus = 0.0 
** Tour n. 4 at 2019-09-02T12:01:57.541 
    2019-09-02T12:01:58.309 , Tour : 5, BEST: 1000 , bonus = 0.0 
** Tour n. 5 at 2019-09-02T12:01:58.309 
** Tour n. 6 at 2019-09-02T12:01:59.103 
** Tour n. 7 at 2019-09-02T12:02:00.011 
** Tour n. 8 at 2019-09-02T12:02:00.779 
** Tour n. 9 at 2019-09-02T12:02:01.66 
    2019-09-02T12:02:02.467 , Tour : 10, BEST: 1000 , bonus = 0.0 
** Tour n. 10 at 2019-09-02T12:02:02.467 
** Tour n. 11 at 2019-09-02T12:02:03.444 
** Tour n. 12 at 2019-09-02T12:02:04.249 
** Tour n. 13 at 2019-09-02T12:02:05.064 
** Tour n. 14 at 2019-09-02T12:02:05.86 
    2019-09-02T12:02:06.65 , Tour : 15, BEST: 1000 , bonus = 0.0 
** Tour n. 15 at 2019-09-02T12:02:06.65 
** Tour n. 16 at 2019-09-02T12:02:07.421 
** Tour n. 17 at 2019-09-02T12:02:08.245 
** Tour n. 18 at 2019-09-02T12:02:09.122 
** Tour n. 19 at 2019-09-02T12:02:09.93 
    2019-09-02T12:02:10.743 , Tour : 20, BEST: 1000 , bonus = 0.0 
** Tour n. 20 at 2019-09-02T12:02:10.743 
** Tour n. 21 at 2019-09-02T12:02:11.537 
** Tour n. 22 at 2019-09-02T12:02:12.231 
** Tour n. 23 at 2019-09-02T12:02:13.053 
** Tour n. 24 at 2019-09-02T12:02:13.824 
    2019-09-02T12:02:14.631 , Tour : 25, BEST: 1000 , bonus = 0.0 
** Tour n. 25 at 2019-09-02T12:02:14.631 
** Tour n. 26 at 2019-09-02T12:02:15.417 
** Tour n. 27 at 2019-09-02T12:02:16.331 
** Tour n. 28 at 2019-09-02T12:02:17.18 
** Tour n. 29 at 2019-09-02T12:02:18.019 
    2019-09-02T12:02:18.769 , Tour : 30, BEST: 1000 , bonus = 0.0 
** Tour n. 30 at 2019-09-02T12:02:18.769 
** Tour n. 31 at 2019-09-02T12:02:19.538 
** Tour n. 32 at 2019-09-02T12:02:20.282 
** Tour n. 33 at 2019-09-02T12:02:21.066 
** Tour n. 34 at 2019-09-02T12:02:21.92 
    2019-09-02T12:02:22.794 , Tour : 35, BEST: 1000 , bonus = 0.0 
** Tour n. 35 at 2019-09-02T12:02:22.794 
** Tour n. 36 at 2019-09-02T12:02:23.721 
** Tour n. 37 at 2019-09-02T12:02:24.66 
** Tour n. 38 at 2019-09-02T12:02:25.505 
** Tour n. 39 at 2019-09-02T12:02:26.375 
    2019-09-02T12:02:27.306 , Tour : 40, BEST: 1000 , bonus = 0.0 
fitness : 1000 
 code : >,++++++++.<,,-<>,<>,.-[>++,.+<-],+-+-++-.>,-.>>>,<>[<><+.[. 
 6 * 3 ->  14 
 8 * 3 ->  16 
 8 * 3 ->  16 
** Tour n. 40 at 2019-09-02T12:02:27.306 
** Tour n. 41 at 2019-09-02T12:02:28.266 
** Tour n. 42 at 2019-09-02T12:02:29.203 
** Tour n. 43 at 2019-09-02T12:02:29.97 
** Tour n. 44 at 2019-09-02T12:02:30.798 
    2019-09-02T12:02:31.547 , Tour : 45, BEST: 1000 , bonus = 0.0 
** Tour n. 45 at 2019-09-02T12:02:31.547 
** Tour n. 46 at 2019-09-02T12:02:32.379 
** Tour n. 47 at 2019-09-02T12:02:33.205 
** Tour n. 48 at 2019-09-02T12:02:34.104 
** Tour n. 49 at 2019-09-02T12:02:34.902 
    2019-09-02T12:02:35.715 , Tour : 50, BEST: 1000 , bonus = 0.0 
** Tour n. 50 at 2019-09-02T12:02:35.715 
** Tour n. 51 at 2019-09-02T12:02:36.463 
** Tour n. 52 at 2019-09-02T12:02:37.298 
** Tour n. 53 at 2019-09-02T12:02:38.097 
** Tour n. 54 at 2019-09-02T12:02:38.827 
    2019-09-02T12:02:39.737 , Tour : 55, BEST: 1000 , bonus = 0.0 
** Tour n. 55 at 2019-09-02T12:02:39.737 
** Tour n. 56 at 2019-09-02T12:02:40.611 
** Tour n. 57 at 2019-09-02T12:02:41.405 
** Tour n. 58 at 2019-09-02T12:02:42.313 
** Tour n. 59 at 2019-09-02T12:02:43.055 
    2019-09-02T12:02:43.955 , Tour : 60, BEST: 1000 , bonus = 0.0 
** Tour n. 60 at 2019-09-02T12:02:43.955 
** Tour n. 61 at 2019-09-02T12:02:44.701 
** Tour n. 62 at 2019-09-02T12:02:45.482 
** Tour n. 63 at 2019-09-02T12:02:46.276 
** Tour n. 64 at 2019-09-02T12:02:47.036 
    2019-09-02T12:02:47.815 , Tour : 65, BEST: 1000 , bonus = 0.0 
** Tour n. 65 at 2019-09-02T12:02:47.815 
** Tour n. 66 at 2019-09-02T12:02:48.585 
** Tour n. 67 at 2019-09-02T12:02:49.437 
** Tour n. 68 at 2019-09-02T12:02:50.123 
** Tour n. 69 at 2019-09-02T12:02:50.844 
    2019-09-02T12:02:51.568 , Tour : 70, BEST: 1000 , bonus = 0.0 
** Tour n. 70 at 2019-09-02T12:02:51.568 
** Tour n. 71 at 2019-09-02T12:02:52.35 
** Tour n. 72 at 2019-09-02T12:02:53.215 
** Tour n. 73 at 2019-09-02T12:02:53.961 
** Tour n. 74 at 2019-09-02T12:02:54.778 
    2019-09-02T12:02:55.531 , Tour : 75, BEST: 1000 , bonus = 0.0 
** Tour n. 75 at 2019-09-02T12:02:55.531 
** Tour n. 76 at 2019-09-02T12:02:56.287 
** Tour n. 77 at 2019-09-02T12:02:57.115 
** Tour n. 78 at 2019-09-02T12:02:57.998 
** Tour n. 79 at 2019-09-02T12:02:58.972 
    2019-09-02T12:02:59.767 , Tour : 80, BEST: 1000 , bonus = 0.0 
fitness : 1000 
 code : >,++++++++.<,,-<>,<>,.-[>++,.+<-],+-+-++-.>,-.>>>,<>[<><+.[. 
 1 * 3 ->  9 
 9 * 3 ->  17 
 4 * 3 ->  12 
** Tour n. 80 at 2019-09-02T12:02:59.767 
** Tour n. 81 at 2019-09-02T12:03:00.503 
** Tour n. 82 at 2019-09-02T12:03:01.316 
** Tour n. 83 at 2019-09-02T12:03:02.1 
** Tour n. 84 at 2019-09-02T12:03:02.918 
    2019-09-02T12:03:03.73 , Tour : 85, BEST: 1000 , bonus = 0.0 
** Tour n. 85 at 2019-09-02T12:03:03.73 
** Tour n. 86 at 2019-09-02T12:03:04.452 
** Tour n. 87 at 2019-09-02T12:03:05.284 
** Tour n. 88 at 2019-09-02T12:03:06.103 
** Tour n. 89 at 2019-09-02T12:03:06.845 
    2019-09-02T12:03:07.681 , Tour : 90, BEST: 1000 , bonus = 0.0 
** Tour n. 90 at 2019-09-02T12:03:07.681 
** Tour n. 91 at 2019-09-02T12:03:08.431 
** Tour n. 92 at 2019-09-02T12:03:09.332 
** Tour n. 93 at 2019-09-02T12:03:10.094 
** Tour n. 94 at 2019-09-02T12:03:11.04 
    2019-09-02T12:03:11.832 , Tour : 95, BEST: 1000 , bonus = 0.0 
** Tour n. 95 at 2019-09-02T12:03:11.832 
** Tour n. 96 at 2019-09-02T12:03:12.613 
** Tour n. 97 at 2019-09-02T12:03:13.476 
** Tour n. 98 at 2019-09-02T12:03:14.183 
** Tour n. 99 at 2019-09-02T12:03:15.038 
    2019-09-02T12:03:15.883 , Tour : 100, BEST: 1000 , bonus = 0.0 
** Tour n. 100 at 2019-09-02T12:03:15.883 
** Tour n. 101 at 2019-09-02T12:03:16.634 
** Tour n. 102 at 2019-09-02T12:03:17.541 
** Tour n. 103 at 2019-09-02T12:03:18.277 
** Tour n. 104 at 2019-09-02T12:03:19.062 
    2019-09-02T12:03:19.836 , Tour : 105, BEST: 1000 , bonus = 0.0 
** Tour n. 105 at 2019-09-02T12:03:19.836 
** Tour n. 106 at 2019-09-02T12:03:20.609 
** Tour n. 107 at 2019-09-02T12:03:21.297 
** Tour n. 108 at 2019-09-02T12:03:22.095 
** Tour n. 109 at 2019-09-02T12:03:22.972 
    2019-09-02T12:03:23.744 , Tour : 110, BEST: 1000 , bonus = 0.0 
** Tour n. 110 at 2019-09-02T12:03:23.744 
** Tour n. 111 at 2019-09-02T12:03:24.621 
** Tour n. 112 at 2019-09-02T12:03:25.358 
** Tour n. 113 at 2019-09-02T12:03:26.079 
** Tour n. 114 at 2019-09-02T12:03:26.864 
    2019-09-02T12:03:27.555 , Tour : 115, BEST: 1000 , bonus = 0.0 
** Tour n. 115 at 2019-09-02T12:03:27.555 
** Tour n. 116 at 2019-09-02T12:03:28.331 
** Tour n. 117 at 2019-09-02T12:03:29.186 
** Tour n. 118 at 2019-09-02T12:03:30.034 
** Tour n. 119 at 2019-09-02T12:03:30.89 
    2019-09-02T12:03:31.7 , Tour : 120, BEST: 1000 , bonus = 0.0 
fitness : 1000 
 code : >,++++++++.<,,-<>,<>,.-[>++,.+<-],+-+-++-.>,-.>>>,<>[<><+.[. 
 14 * 3 ->  22 
 13 * 3 ->  21 
 14 * 3 ->  22 
** Tour n. 120 at 2019-09-02T12:03:31.7 
** Tour n. 121 at 2019-09-02T12:03:32.45 
** Tour n. 122 at 2019-09-02T12:03:33.195 
** Tour n. 123 at 2019-09-02T12:03:34.049 
** Tour n. 124 at 2019-09-02T12:03:34.821 
    2019-09-02T12:03:35.597 , Tour : 125, BEST: 1000 , bonus = 0.0 
** Tour n. 125 at 2019-09-02T12:03:35.597 
** Tour n. 126 at 2019-09-02T12:03:36.472 
** Tour n. 127 at 2019-09-02T12:03:37.383 
** Tour n. 128 at 2019-09-02T12:03:38.181 
** Tour n. 129 at 2019-09-02T12:03:38.928 
    2019-09-02T12:03:39.655 , Tour : 130, BEST: 1000 , bonus = 0.0 
** Tour n. 130 at 2019-09-02T12:03:39.655 
** Tour n. 131 at 2019-09-02T12:03:40.484 
** Tour n. 132 at 2019-09-02T12:03:41.318 
** Tour n. 133 at 2019-09-02T12:03:42.247 
** Tour n. 134 at 2019-09-02T12:03:43.044 
    2019-09-02T12:03:43.809 , Tour : 135, BEST: 1000 , bonus = 0.0 
** Tour n. 135 at 2019-09-02T12:03:43.809 
** Tour n. 136 at 2019-09-02T12:03:44.534 
** Tour n. 137 at 2019-09-02T12:03:45.484 
** Tour n. 138 at 2019-09-02T12:03:46.37 
** Tour n. 139 at 2019-09-02T12:03:47.139 
    2019-09-02T12:03:47.854 , Tour : 140, BEST: 1000 , bonus = 0.0 
** Tour n. 140 at 2019-09-02T12:03:47.854 
** Tour n. 141 at 2019-09-02T12:03:48.774 
** Tour n. 142 at 2019-09-02T12:03:49.524 
** Tour n. 143 at 2019-09-02T12:03:50.302 
** Tour n. 144 at 2019-09-02T12:03:51.112 
    2019-09-02T12:03:51.969 , Tour : 145, BEST: 1000 , bonus = 0.0 
** Tour n. 145 at 2019-09-02T12:03:51.969 
** Tour n. 146 at 2019-09-02T12:03:52.872 
** Tour n. 147 at 2019-09-02T12:03:53.686 
** Tour n. 148 at 2019-09-02T12:03:54.515 
** Tour n. 149 at 2019-09-02T12:03:55.27 
    2019-09-02T12:03:55.979 , Tour : 150, BEST: 1000 , bonus = 0.0 
** Tour n. 150 at 2019-09-02T12:03:55.979 
** Tour n. 151 at 2019-09-02T12:03:56.775 
** Tour n. 152 at 2019-09-02T12:03:57.521 
** Tour n. 153 at 2019-09-02T12:03:58.297 
** Tour n. 154 at 2019-09-02T12:03:59.106 
    2019-09-02T12:03:59.925 , Tour : 155, BEST: 1000 , bonus = 0.0 
** Tour n. 155 at 2019-09-02T12:03:59.925 
** Tour n. 156 at 2019-09-02T12:04:00.705 
** Tour n. 157 at 2019-09-02T12:04:01.502 
** Tour n. 158 at 2019-09-02T12:04:02.229 
** Tour n. 159 at 2019-09-02T12:04:03.126 
    2019-09-02T12:04:03.895 , Tour : 160, BEST: 1000 , bonus = 0.0 
fitness : 1000 
 code : >,++++++++.<,,-<>,<>,.-[>++,.+<-],+-+-++-.>,-.>>>,<>[<><+.[. 
 2 * 3 ->  10 
 0 * 3 ->  8 
 12 * 3 ->  20 
** Tour n. 160 at 2019-09-02T12:04:03.895 
** Tour n. 161 at 2019-09-02T12:04:04.652 
** Tour n. 162 at 2019-09-02T12:04:05.428 
** Tour n. 163 at 2019-09-02T12:04:06.219 
** Tour n. 164 at 2019-09-02T12:04:06.947 
    2019-09-02T12:04:07.759 , Tour : 165, BEST: 1000 , bonus = 0.0 
** Tour n. 165 at 2019-09-02T12:04:07.759 
** Tour n. 166 at 2019-09-02T12:04:08.603 
** Tour n. 167 at 2019-09-02T12:04:09.431 
** Tour n. 168 at 2019-09-02T12:04:10.306 
** Tour n. 169 at 2019-09-02T12:04:11.125 
    2019-09-02T12:04:11.872 , Tour : 170, BEST: 1000 , bonus = 0.0 
** Tour n. 170 at 2019-09-02T12:04:11.872 
** Tour n. 171 at 2019-09-02T12:04:12.803 
** Tour n. 172 at 2019-09-02T12:04:13.596 
** Tour n. 173 at 2019-09-02T12:04:14.351 
** Tour n. 174 at 2019-09-02T12:04:15.13 
    2019-09-02T12:04:15.964 , Tour : 175, BEST: 1000 , bonus = 0.0 
** Tour n. 175 at 2019-09-02T12:04:15.964 
** Tour n. 176 at 2019-09-02T12:04:16.712 
** Tour n. 177 at 2019-09-02T12:04:17.519 
** Tour n. 178 at 2019-09-02T12:04:18.363 
** Tour n. 179 at 2019-09-02T12:04:19.136 
    2019-09-02T12:04:19.875 , Tour : 180, BEST: 1000 , bonus = 0.0 
** Tour n. 180 at 2019-09-02T12:04:19.875 
** Tour n. 181 at 2019-09-02T12:04:20.639 
** Tour n. 182 at 2019-09-02T12:04:21.431 
** Tour n. 183 at 2019-09-02T12:04:22.234 
** Tour n. 184 at 2019-09-02T12:04:23.159 
    2019-09-02T12:04:24.039 , Tour : 185, BEST: 1000 , bonus = 0.0 
** Tour n. 185 at 2019-09-02T12:04:24.039 
** Tour n. 186 at 2019-09-02T12:04:24.787 
** Tour n. 187 at 2019-09-02T12:04:25.642 
** Tour n. 188 at 2019-09-02T12:04:26.401 
** Tour n. 189 at 2019-09-02T12:04:27.176 
    2019-09-02T12:04:27.972 , Tour : 190, BEST: 1000 , bonus = 0.0 
** Tour n. 190 at 2019-09-02T12:04:27.972 
** Tour n. 191 at 2019-09-02T12:04:28.913 
** Tour n. 192 at 2019-09-02T12:04:29.679 
** Tour n. 193 at 2019-09-02T12:04:30.608 
** Tour n. 194 at 2019-09-02T12:04:31.488 
    2019-09-02T12:04:32.299 , Tour : 195, BEST: 1000 , bonus = 0.0 
** Tour n. 195 at 2019-09-02T12:04:32.299 
** Tour n. 196 at 2019-09-02T12:04:33.109 
** Tour n. 197 at 2019-09-02T12:04:33.833 
** Tour n. 198 at 2019-09-02T12:04:34.63 
** Tour n. 199 at 2019-09-02T12:04:35.462 
    2019-09-02T12:04:36.422 , Tour : 200, BEST: 1000 , bonus = 0.0 
fitness : 1000 
 code : >,++++++++.<,,-<>,<>,.-[>++,.+<-],+-+-++-.>,-.>>>,<>[<><+.[. 
 6 * 3 ->  14 
 2 * 3 ->  10 
 3 * 3 ->  11 
** Tour n. 200 at 2019-09-02T12:04:36.422 
** Tour n. 201 at 2019-09-02T12:04:37.251 
** Tour n. 202 at 2019-09-02T12:04:38.078 
** Tour n. 203 at 2019-09-02T12:04:38.865 
** Tour n. 204 at 2019-09-02T12:04:39.64 
    2019-09-02T12:04:40.437 , Tour : 205, BEST: 1000 , bonus = 0.0 
** Tour n. 205 at 2019-09-02T12:04:40.437 
** Tour n. 206 at 2019-09-02T12:04:41.276 
** Tour n. 207 at 2019-09-02T12:04:42.13 
** Tour n. 208 at 2019-09-02T12:04:42.985 
** Tour n. 209 at 2019-09-02T12:04:43.831 
    2019-09-02T12:04:44.645 , Tour : 210, BEST: 1000 , bonus = 0.0 
** Tour n. 210 at 2019-09-02T12:04:44.645 
** Tour n. 211 at 2019-09-02T12:04:45.391 
** Tour n. 212 at 2019-09-02T12:04:46.169 
** Tour n. 213 at 2019-09-02T12:04:46.988 
** Tour n. 214 at 2019-09-02T12:04:47.847 
    2019-09-02T12:04:48.593 , Tour : 215, BEST: 1000 , bonus = 0.0 
** Tour n. 215 at 2019-09-02T12:04:48.593 
** Tour n. 216 at 2019-09-02T12:04:49.333 
** Tour n. 217 at 2019-09-02T12:04:50.146 
** Tour n. 218 at 2019-09-02T12:04:50.876 
** Tour n. 219 at 2019-09-02T12:04:51.639 
    2019-09-02T12:04:52.518 , Tour : 220, BEST: 1000 , bonus = 0.0 
** Tour n. 220 at 2019-09-02T12:04:52.518 
** Tour n. 221 at 2019-09-02T12:04:53.408 
** Tour n. 222 at 2019-09-02T12:04:54.2 
** Tour n. 223 at 2019-09-02T12:04:55.031 
** Tour n. 224 at 2019-09-02T12:04:55.889 
    2019-09-02T12:04:56.676 , Tour : 225, BEST: 1000 , bonus = 0.0 
** Tour n. 225 at 2019-09-02T12:04:56.676 
** Tour n. 226 at 2019-09-02T12:04:57.473 
** Tour n. 227 at 2019-09-02T12:04:58.249 
** Tour n. 228 at 2019-09-02T12:04:59.064 
** Tour n. 229 at 2019-09-02T12:04:59.905 
    2019-09-02T12:05:00.657 , Tour : 230, BEST: 1000 , bonus = 0.0 
** Tour n. 230 at 2019-09-02T12:05:00.657 
** Tour n. 231 at 2019-09-02T12:05:01.449 
** Tour n. 232 at 2019-09-02T12:05:02.276 
** Tour n. 233 at 2019-09-02T12:05:03.049 
** Tour n. 234 at 2019-09-02T12:05:03.804 
    2019-09-02T12:05:04.554 , Tour : 235, BEST: 1000 , bonus = 0.0 
** Tour n. 235 at 2019-09-02T12:05:04.554 
** Tour n. 236 at 2019-09-02T12:05:05.48 
** Tour n. 237 at 2019-09-02T12:05:06.258 
** Tour n. 238 at 2019-09-02T12:05:07.067 
** Tour n. 239 at 2019-09-02T12:05:07.845 
    2019-09-02T12:05:08.56 , Tour : 240, BEST: 1000 , bonus = 0.0 
fitness : 1000 
 code : >,++++++++.<,,-<>,<>,.-[>++,.+<-],+-+-++-.>,-.>>>,<>[<><+.[. 
 5 * 3 ->  13 
 12 * 3 ->  20 
 0 * 3 ->  8 
** Tour n. 240 at 2019-09-02T12:05:08.56 
** Tour n. 241 at 2019-09-02T12:05:09.489 
** Tour n. 242 at 2019-09-02T12:05:10.377 
** Tour n. 243 at 2019-09-02T12:05:11.156 
** Tour n. 244 at 2019-09-02T12:05:11.901 
    2019-09-02T12:05:12.661 , Tour : 245, BEST: 1000 , bonus = 0.0 
** Tour n. 245 at 2019-09-02T12:05:12.661 
** Tour n. 246 at 2019-09-02T12:05:13.644 
** Tour n. 247 at 2019-09-02T12:05:14.427 
** Tour n. 248 at 2019-09-02T12:05:15.162 
** Tour n. 249 at 2019-09-02T12:05:15.939 
    2019-09-02T12:05:16.68 , Tour : 250, BEST: 1000 , bonus = 0.0 
** Tour n. 250 at 2019-09-02T12:05:16.68 
** Tour n. 251 at 2019-09-02T12:05:17.432 
** Tour n. 252 at 2019-09-02T12:05:18.286 
** Tour n. 253 at 2019-09-02T12:05:19.159 
** Tour n. 254 at 2019-09-02T12:05:19.987 
    2019-09-02T12:05:20.821 , Tour : 255, BEST: 1000 , bonus = 0.0 
** Tour n. 255 at 2019-09-02T12:05:20.821 
** Tour n. 256 at 2019-09-02T12:05:21.667 
** Tour n. 257 at 2019-09-02T12:05:22.425 
** Tour n. 258 at 2019-09-02T12:05:23.334 
** Tour n. 259 at 2019-09-02T12:05:24.174 
    2019-09-02T12:05:24.928 , Tour : 260, BEST: 1000 , bonus = 0.0 
** Tour n. 260 at 2019-09-02T12:05:24.928 
** Tour n. 261 at 2019-09-02T12:05:25.778 
** Tour n. 262 at 2019-09-02T12:05:26.569 
** Tour n. 263 at 2019-09-02T12:05:27.318 
** Tour n. 264 at 2019-09-02T12:05:28.147 
    2019-09-02T12:05:28.953 , Tour : 265, BEST: 1000 , bonus = 0.0 
** Tour n. 265 at 2019-09-02T12:05:28.953 
** Tour n. 266 at 2019-09-02T12:05:29.724 
** Tour n. 267 at 2019-09-02T12:05:30.57 
** Tour n. 268 at 2019-09-02T12:05:31.384 
** Tour n. 269 at 2019-09-02T12:05:32.235 
    2019-09-02T12:05:32.991 , Tour : 270, BEST: 1000 , bonus = 0.0 
** Tour n. 270 at 2019-09-02T12:05:32.991 
** Tour n. 271 at 2019-09-02T12:05:33.81 
** Tour n. 272 at 2019-09-02T12:05:34.621 
** Tour n. 273 at 2019-09-02T12:05:35.319 
** Tour n. 274 at 2019-09-02T12:05:36.089 
    2019-09-02T12:05:36.827 , Tour : 275, BEST: 1000 , bonus = 0.0 
** Tour n. 275 at 2019-09-02T12:05:36.827 
** Tour n. 276 at 2019-09-02T12:05:37.625 
** Tour n. 277 at 2019-09-02T12:05:38.483 
** Tour n. 278 at 2019-09-02T12:05:39.245 
** Tour n. 279 at 2019-09-02T12:05:39.965 
    2019-09-02T12:05:40.745 , Tour : 280, BEST: 1000 , bonus = 0.0 
fitness : 1000 
 code : >,++++++++.<,,-<>,<>,.-[>++,.+<-],+-+-++-.>,-.>>>,<>[<><+.[. 
 13 * 3 ->  21 
 14 * 3 ->  22 
 2 * 3 ->  10 
** Tour n. 280 at 2019-09-02T12:05:40.745 
** Tour n. 281 at 2019-09-02T12:05:41.541 
** Tour n. 282 at 2019-09-02T12:05:42.435 
** Tour n. 283 at 2019-09-02T12:05:43.423 
** Tour n. 284 at 2019-09-02T12:05:44.371 
    2019-09-02T12:05:45.187 , Tour : 285, BEST: 1000 , bonus = 0.0 
** Tour n. 285 at 2019-09-02T12:05:45.187 
** Tour n. 286 at 2019-09-02T12:05:45.938 
** Tour n. 287 at 2019-09-02T12:05:46.741 
** Tour n. 288 at 2019-09-02T12:05:47.645 
** Tour n. 289 at 2019-09-02T12:05:48.49 
    2019-09-02T12:05:49.279 , Tour : 290, BEST: 1000 , bonus = 0.0 
** Tour n. 290 at 2019-09-02T12:05:49.279 
** Tour n. 291 at 2019-09-02T12:05:50.298 
** Tour n. 292 at 2019-09-02T12:05:51.26 
** Tour n. 293 at 2019-09-02T12:05:52.132 
** Tour n. 294 at 2019-09-02T12:05:53.091 
    2019-09-02T12:05:53.804 , Tour : 295, BEST: 1000 , bonus = 0.0 
** Tour n. 295 at 2019-09-02T12:05:53.804 
** Tour n. 296 at 2019-09-02T12:05:54.71 
** Tour n. 297 at 2019-09-02T12:05:55.503 
** Tour n. 298 at 2019-09-02T12:05:56.302 
** Tour n. 299 at 2019-09-02T12:05:57.035 
    2019-09-02T12:05:57.846 , Tour : 300, BEST: 1000 , bonus = 0.0 
** Tour n. 300 at 2019-09-02T12:05:57.846 
** Tour n. 301 at 2019-09-02T12:05:58.621 
** Tour n. 302 at 2019-09-02T12:05:59.489 
** Tour n. 303 at 2019-09-02T12:06:00.382 
** Tour n. 304 at 2019-09-02T12:06:01.298 
    2019-09-02T12:06:02.131 , Tour : 305, BEST: 1000 , bonus = 0.0 
** Tour n. 305 at 2019-09-02T12:06:02.131 
** Tour n. 306 at 2019-09-02T12:06:02.904 
** Tour n. 307 at 2019-09-02T12:06:03.632 
** Tour n. 308 at 2019-09-02T12:06:04.464 
** Tour n. 309 at 2019-09-02T12:06:05.232 
    2019-09-02T12:06:05.971 , Tour : 310, BEST: 1000 , bonus = 0.0 
** Tour n. 310 at 2019-09-02T12:06:05.971 
** Tour n. 311 at 2019-09-02T12:06:06.783 
** Tour n. 312 at 2019-09-02T12:06:07.549 
** Tour n. 313 at 2019-09-02T12:06:08.469 
** Tour n. 314 at 2019-09-02T12:06:09.276 
    2019-09-02T12:06:10.091 , Tour : 315, BEST: 1000 , bonus = 0.0 
** Tour n. 315 at 2019-09-02T12:06:10.091 
** Tour n. 316 at 2019-09-02T12:06:10.916 
** Tour n. 317 at 2019-09-02T12:06:11.728 
** Tour n. 318 at 2019-09-02T12:06:12.492 
** Tour n. 319 at 2019-09-02T12:06:13.286 
    2019-09-02T12:06:14.226 , Tour : 320, BEST: 1000 , bonus = 0.0 
fitness : 1000 
 code : >,++++++++.<,,-<>,<>,.-[>++,.+<-],+-+-++-.>,-.>>>,<>[<><+.[. 
 8 * 3 ->  16 
 13 * 3 ->  21 
 14 * 3 ->  22 
** Tour n. 320 at 2019-09-02T12:06:14.226 
** Tour n. 321 at 2019-09-02T12:06:15.055 
** Tour n. 322 at 2019-09-02T12:06:15.903 
** Tour n. 323 at 2019-09-02T12:06:16.819 
** Tour n. 324 at 2019-09-02T12:06:17.591 
    2019-09-02T12:06:18.477 , Tour : 325, BEST: 1000 , bonus = 0.0 
** Tour n. 325 at 2019-09-02T12:06:18.477 
** Tour n. 326 at 2019-09-02T12:06:19.28 
** Tour n. 327 at 2019-09-02T12:06:20.126 
** Tour n. 328 at 2019-09-02T12:06:20.92 
** Tour n. 329 at 2019-09-02T12:06:21.666 
    2019-09-02T12:06:22.395 , Tour : 330, BEST: 1000 , bonus = 0.0 
** Tour n. 330 at 2019-09-02T12:06:22.395 
** Tour n. 331 at 2019-09-02T12:06:23.162 
** Tour n. 332 at 2019-09-02T12:06:23.921 
** Tour n. 333 at 2019-09-02T12:06:24.641 
** Tour n. 334 at 2019-09-02T12:06:25.356 
    2019-09-02T12:06:26.109 , Tour : 335, BEST: 1000 , bonus = 0.0 
** Tour n. 335 at 2019-09-02T12:06:26.109 
** Tour n. 336 at 2019-09-02T12:06:26.941 
** Tour n. 337 at 2019-09-02T12:06:27.684 
** Tour n. 338 at 2019-09-02T12:06:28.533 
** Tour n. 339 at 2019-09-02T12:06:29.372 
    2019-09-02T12:06:30.121 , Tour : 340, BEST: 1000 , bonus = 0.0 
** Tour n. 340 at 2019-09-02T12:06:30.121 
** Tour n. 341 at 2019-09-02T12:06:30.894 
** Tour n. 342 at 2019-09-02T12:06:31.729 
** Tour n. 343 at 2019-09-02T12:06:32.534 
** Tour n. 344 at 2019-09-02T12:06:33.281 
    2019-09-02T12:06:34.135 , Tour : 345, BEST: 1000 , bonus = 0.0 
** Tour n. 345 at 2019-09-02T12:06:34.135 
** Tour n. 346 at 2019-09-02T12:06:34.867 
** Tour n. 347 at 2019-09-02T12:06:35.693 
** Tour n. 348 at 2019-09-02T12:06:36.546 
** Tour n. 349 at 2019-09-02T12:06:37.305 
    2019-09-02T12:06:38.154 , Tour : 350, BEST: 1000 , bonus = 0.0 
** Tour n. 350 at 2019-09-02T12:06:38.154 
** Tour n. 351 at 2019-09-02T12:06:38.987 
** Tour n. 352 at 2019-09-02T12:06:39.832 
** Tour n. 353 at 2019-09-02T12:06:40.647 
** Tour n. 354 at 2019-09-02T12:06:41.472 
    2019-09-02T12:06:42.311 , Tour : 355, BEST: 1000 , bonus = 0.0 
** Tour n. 355 at 2019-09-02T12:06:42.311 
** Tour n. 356 at 2019-09-02T12:06:43.12 
** Tour n. 357 at 2019-09-02T12:06:43.988 
** Tour n. 358 at 2019-09-02T12:06:44.834 
** Tour n. 359 at 2019-09-02T12:06:45.608 
    2019-09-02T12:06:46.487 , Tour : 360, BEST: 1000 , bonus = 0.0 
fitness : 1000 
 code : >,++++++++.<,,-<>,<>,.-[>++,.+<-],+-+-++-.>,-.>>>,<>[<><+.[. 
 0 * 3 ->  8 
 1 * 3 ->  9 
 7 * 3 ->  15 
** Tour n. 360 at 2019-09-02T12:06:46.487 
** Tour n. 361 at 2019-09-02T12:06:47.37 
** Tour n. 362 at 2019-09-02T12:06:48.221 
** Tour n. 363 at 2019-09-02T12:06:49.009 
** Tour n. 364 at 2019-09-02T12:06:49.794 
    2019-09-02T12:06:50.547 , Tour : 365, BEST: 1000 , bonus = 0.0 
** Tour n. 365 at 2019-09-02T12:06:50.547 
** Tour n. 366 at 2019-09-02T12:06:51.312 
** Tour n. 367 at 2019-09-02T12:06:52.206 
** Tour n. 368 at 2019-09-02T12:06:52.981 
** Tour n. 369 at 2019-09-02T12:06:53.777 
    2019-09-02T12:06:54.544 , Tour : 370, BEST: 1000 , bonus = 0.0 
** Tour n. 370 at 2019-09-02T12:06:54.544 
** Tour n. 371 at 2019-09-02T12:06:55.248 
** Tour n. 372 at 2019-09-02T12:06:55.981 
** Tour n. 373 at 2019-09-02T12:06:56.793 
** Tour n. 374 at 2019-09-02T12:06:57.615 
    2019-09-02T12:06:58.454 , Tour : 375, BEST: 1000 , bonus = 0.0 
** Tour n. 375 at 2019-09-02T12:06:58.454 
** Tour n. 376 at 2019-09-02T12:06:59.236 
** Tour n. 377 at 2019-09-02T12:06:59.993 
** Tour n. 378 at 2019-09-02T12:07:00.749 
** Tour n. 379 at 2019-09-02T12:07:01.621 
    2019-09-02T12:07:02.395 , Tour : 380, BEST: 1000 , bonus = 0.0 
** Tour n. 380 at 2019-09-02T12:07:02.395 
** Tour n. 381 at 2019-09-02T12:07:03.129 
** Tour n. 382 at 2019-09-02T12:07:03.888 
** Tour n. 383 at 2019-09-02T12:07:04.72 
** Tour n. 384 at 2019-09-02T12:07:05.542 
    2019-09-02T12:07:06.285 , Tour : 385, BEST: 1000 , bonus = 0.0 
** Tour n. 385 at 2019-09-02T12:07:06.285 
** Tour n. 386 at 2019-09-02T12:07:07.038 
** Tour n. 387 at 2019-09-02T12:07:07.941 
** Tour n. 388 at 2019-09-02T12:07:08.708 
** Tour n. 389 at 2019-09-02T12:07:09.582 
    2019-09-02T12:07:10.414 , Tour : 390, BEST: 1000 , bonus = 0.0 
** Tour n. 390 at 2019-09-02T12:07:10.414 
** Tour n. 391 at 2019-09-02T12:07:11.114 
** Tour n. 392 at 2019-09-02T12:07:11.914 
** Tour n. 393 at 2019-09-02T12:07:12.666 
** Tour n. 394 at 2019-09-02T12:07:13.56 
    2019-09-02T12:07:14.317 , Tour : 395, BEST: 1000 , bonus = 0.0 
** Tour n. 395 at 2019-09-02T12:07:14.317 
** Tour n. 396 at 2019-09-02T12:07:15.166 
** Tour n. 397 at 2019-09-02T12:07:15.88 
** Tour n. 398 at 2019-09-02T12:07:16.641 
** Tour n. 399 at 2019-09-02T12:07:17.457 
    2019-09-02T12:07:18.255 , Tour : 400, BEST: 1000 , bonus = 0.0 
fitness : 1000 
 code : >,++++++++.<,,-<>,<>,.-[>++,.+<-],+-+-++-.>,-.>>>,<>[<><+.[. 
 15 * 3 ->  23 
 6 * 3 ->  14 
 8 * 3 ->  16 
** Tour n. 400 at 2019-09-02T12:07:18.255 
** Tour n. 401 at 2019-09-02T12:07:19.238 
** Tour n. 402 at 2019-09-02T12:07:20.171 
** Tour n. 403 at 2019-09-02T12:07:21.045 
** Tour n. 404 at 2019-09-02T12:07:21.909 
    2019-09-02T12:07:22.932 , Tour : 405, BEST: 1000 , bonus = 0.0 
** Tour n. 405 at 2019-09-02T12:07:22.932 
** Tour n. 406 at 2019-09-02T12:07:23.871 
** Tour n. 407 at 2019-09-02T12:07:24.746 
** Tour n. 408 at 2019-09-02T12:07:25.636 
** Tour n. 409 at 2019-09-02T12:07:26.592 
    2019-09-02T12:07:27.446 , Tour : 410, BEST: 1000 , bonus = 0.0 
** Tour n. 410 at 2019-09-02T12:07:27.446 
** Tour n. 411 at 2019-09-02T12:07:28.344 
** Tour n. 412 at 2019-09-02T12:07:29.233 
** Tour n. 413 at 2019-09-02T12:07:30.178 
** Tour n. 414 at 2019-09-02T12:07:31.085 
    2019-09-02T12:07:31.998 , Tour : 415, BEST: 1000 , bonus = 0.0 
** Tour n. 415 at 2019-09-02T12:07:31.998 
** Tour n. 416 at 2019-09-02T12:07:32.91 
** Tour n. 417 at 2019-09-02T12:07:33.798 
** Tour n. 418 at 2019-09-02T12:07:34.799 
** Tour n. 419 at 2019-09-02T12:07:35.687 
    2019-09-02T12:07:36.715 , Tour : 420, BEST: 1000 , bonus = 0.0 
** Tour n. 420 at 2019-09-02T12:07:36.715 
** Tour n. 421 at 2019-09-02T12:07:37.589 
** Tour n. 422 at 2019-09-02T12:07:38.544 
** Tour n. 423 at 2019-09-02T12:07:39.69 
** Tour n. 424 at 2019-09-02T12:07:40.545 
    2019-09-02T12:07:41.54 , Tour : 425, BEST: 1000 , bonus = 0.0 
** Tour n. 425 at 2019-09-02T12:07:41.54 
** Tour n. 426 at 2019-09-02T12:07:42.502 
** Tour n. 427 at 2019-09-02T12:07:43.357 
** Tour n. 428 at 2019-09-02T12:07:44.207 
** Tour n. 429 at 2019-09-02T12:07:45.164 
    2019-09-02T12:07:46.019 , Tour : 430, BEST: 1000 , bonus = 0.0 
** Tour n. 430 at 2019-09-02T12:07:46.019 
** Tour n. 431 at 2019-09-02T12:07:47.014 
** Tour n. 432 at 2019-09-02T12:07:48.051 
** Tour n. 433 at 2019-09-02T12:07:48.963 
** Tour n. 434 at 2019-09-02T12:07:49.886 
    2019-09-02T12:07:50.875 , Tour : 435, BEST: 1000 , bonus = 0.0 
** Tour n. 435 at 2019-09-02T12:07:50.875 
** Tour n. 436 at 2019-09-02T12:07:51.876 
** Tour n. 437 at 2019-09-02T12:07:52.773 
** Tour n. 438 at 2019-09-02T12:07:53.733 
** Tour n. 439 at 2019-09-02T12:07:54.659 
    2019-09-02T12:07:55.549 , Tour : 440, BEST: 1000 , bonus = 0.0 
fitness : 1000 
 code : >,++++++++.<,,-<>,<>,.-[>++,.+<-],+-+-++-.>,-.>>>,<>[<><+.[.-[+],, 
 4 * 3 ->  12 
 12 * 3 ->  20 
 4 * 3 ->  12 
** Tour n. 440 at 2019-09-02T12:07:55.549 
** Tour n. 441 at 2019-09-02T12:07:56.527 
** Tour n. 442 at 2019-09-02T12:07:57.467 
** Tour n. 443 at 2019-09-02T12:07:58.325 
** Tour n. 444 at 2019-09-02T12:07:59.285 
    2019-09-02T12:08:00.275 , Tour : 445, BEST: 1000 , bonus = 0.0 
** Tour n. 445 at 2019-09-02T12:08:00.275 
** Tour n. 446 at 2019-09-02T12:08:01.29 
** Tour n. 447 at 2019-09-02T12:08:02.234 
** Tour n. 448 at 2019-09-02T12:08:03.31 
** Tour n. 449 at 2019-09-02T12:08:04.298 
    2019-09-02T12:08:05.306 , Tour : 450, BEST: 1000 , bonus = 0.0 
** Tour n. 450 at 2019-09-02T12:08:05.306 
** Tour n. 451 at 2019-09-02T12:08:06.313 
** Tour n. 452 at 2019-09-02T12:08:07.329 
** Tour n. 453 at 2019-09-02T12:08:08.359 
** Tour n. 454 at 2019-09-02T12:08:09.32 
    2019-09-02T12:08:10.236 , Tour : 455, BEST: 1000 , bonus = 0.0 
** Tour n. 455 at 2019-09-02T12:08:10.236 
** Tour n. 456 at 2019-09-02T12:08:11.025 
** Tour n. 457 at 2019-09-02T12:08:12.117 
** Tour n. 458 at 2019-09-02T12:08:13.066 
** Tour n. 459 at 2019-09-02T12:08:13.969 
    2019-09-02T12:08:14.925 , Tour : 460, BEST: 1000 , bonus = 0.0 
** Tour n. 460 at 2019-09-02T12:08:14.925 
** Tour n. 461 at 2019-09-02T12:08:15.829 
** Tour n. 462 at 2019-09-02T12:08:16.865 
** Tour n. 463 at 2019-09-02T12:08:17.811 
** Tour n. 464 at 2019-09-02T12:08:18.784 
    2019-09-02T12:08:19.723 , Tour : 465, BEST: 1000 , bonus = 0.0 
** Tour n. 465 at 2019-09-02T12:08:19.723 
** Tour n. 466 at 2019-09-02T12:08:20.719 
** Tour n. 467 at 2019-09-02T12:08:21.666 
** Tour n. 468 at 2019-09-02T12:08:22.548 
** Tour n. 469 at 2019-09-02T12:08:23.424 
    2019-09-02T12:08:24.252 , Tour : 470, BEST: 1000 , bonus = 0.0 
** Tour n. 470 at 2019-09-02T12:08:24.252 
** Tour n. 471 at 2019-09-02T12:08:25.192 
** Tour n. 472 at 2019-09-02T12:08:26.089 
** Tour n. 473 at 2019-09-02T12:08:26.992 
** Tour n. 474 at 2019-09-02T12:08:28.056 
    2019-09-02T12:08:28.939 , Tour : 475, BEST: 1000 , bonus = 0.0 
** Tour n. 475 at 2019-09-02T12:08:28.939 
** Tour n. 476 at 2019-09-02T12:08:29.929 
** Tour n. 477 at 2019-09-02T12:08:30.924 
** Tour n. 478 at 2019-09-02T12:08:31.884 
** Tour n. 479 at 2019-09-02T12:08:32.81 
    2019-09-02T12:08:33.758 , Tour : 480, BEST: 1000 , bonus = 0.0 
fitness : 1000 
 code : >,++++++++.<,,-<>,<>,.-[>++,.+<-],+-+-++-.>,-.>>>,<>[<><+.[.-[+],, 
 11 * 3 ->  19 
 6 * 3 ->  14 
 11 * 3 ->  19 
** Tour n. 480 at 2019-09-02T12:08:33.758 
** Tour n. 481 at 2019-09-02T12:08:34.577 
** Tour n. 482 at 2019-09-02T12:08:35.42 
** Tour n. 483 at 2019-09-02T12:08:36.208 
** Tour n. 484 at 2019-09-02T12:08:37.109 
    2019-09-02T12:08:38.142 , Tour : 485, BEST: 1000 , bonus = 0.0 
** Tour n. 485 at 2019-09-02T12:08:38.142 
** Tour n. 486 at 2019-09-02T12:08:38.994 
** Tour n. 487 at 2019-09-02T12:08:39.931 
** Tour n. 488 at 2019-09-02T12:08:40.926 
** Tour n. 489 at 2019-09-02T12:08:41.842 
    2019-09-02T12:08:42.887 , Tour : 490, BEST: 1000 , bonus = 0.0 
** Tour n. 490 at 2019-09-02T12:08:42.887 
** Tour n. 491 at 2019-09-02T12:08:43.801 
** Tour n. 492 at 2019-09-02T12:08:44.671 
** Tour n. 493 at 2019-09-02T12:08:45.622 
** Tour n. 494 at 2019-09-02T12:08:46.554 
    2019-09-02T12:08:47.489 , Tour : 495, BEST: 1000 , bonus = 0.0 
** Tour n. 495 at 2019-09-02T12:08:47.489 
** Tour n. 496 at 2019-09-02T12:08:48.364 
** Tour n. 497 at 2019-09-02T12:08:49.258 
** Tour n. 498 at 2019-09-02T12:08:50.181 
** Tour n. 499 at 2019-09-02T12:08:51.022 
    2019-09-02T12:08:51.98 , Tour : 500, BEST: 1000 , bonus = 0.0 
** Tour n. 500 at 2019-09-02T12:08:51.98 
** Tour n. 501 at 2019-09-02T12:08:53.044 
** Tour n. 502 at 2019-09-02T12:08:53.978 
** Tour n. 503 at 2019-09-02T12:08:54.864 
** Tour n. 504 at 2019-09-02T12:08:55.78 
    2019-09-02T12:08:56.96 , Tour : 505, BEST: 1000 , bonus = 0.0 
** Tour n. 505 at 2019-09-02T12:08:56.96 
** Tour n. 506 at 2019-09-02T12:08:57.825 
** Tour n. 507 at 2019-09-02T12:08:58.658 
** Tour n. 508 at 2019-09-02T12:08:59.585 
** Tour n. 509 at 2019-09-02T12:09:00.56 
    2019-09-02T12:09:01.445 , Tour : 510, BEST: 1000 , bonus = 0.0 
** Tour n. 510 at 2019-09-02T12:09:01.445 
** Tour n. 511 at 2019-09-02T12:09:02.393 
** Tour n. 512 at 2019-09-02T12:09:03.301 
** Tour n. 513 at 2019-09-02T12:09:04.152 
** Tour n. 514 at 2019-09-02T12:09:05.021 
    2019-09-02T12:09:05.892 , Tour : 515, BEST: 1000 , bonus = 0.0 
** Tour n. 515 at 2019-09-02T12:09:05.892 
** Tour n. 516 at 2019-09-02T12:09:06.741 
** Tour n. 517 at 2019-09-02T12:09:07.577 
** Tour n. 518 at 2019-09-02T12:09:08.474 
** Tour n. 519 at 2019-09-02T12:09:09.527 
    2019-09-02T12:09:10.427 , Tour : 520, BEST: 1000 , bonus = 0.0 
fitness : 1000 
 code : >,++++++++.<,,-<>,<>,.-[>++,.+<-],+-+-++-.>,-.>>>,<>[<><+.[.-[+],, 
 3 * 3 ->  11 
 0 * 3 ->  8 
 2 * 3 ->  10 
** Tour n. 520 at 2019-09-02T12:09:10.427 
** Tour n. 521 at 2019-09-02T12:09:11.44 
** Tour n. 522 at 2019-09-02T12:09:12.41 
** Tour n. 523 at 2019-09-02T12:09:13.427 
** Tour n. 524 at 2019-09-02T12:09:14.277 
    2019-09-02T12:09:15.05 , Tour : 525, BEST: 1000 , bonus = 0.0 
** Tour n. 525 at 2019-09-02T12:09:15.05 
** Tour n. 526 at 2019-09-02T12:09:16.06 
** Tour n. 527 at 2019-09-02T12:09:16.964 
** Tour n. 528 at 2019-09-02T12:09:17.868 
** Tour n. 529 at 2019-09-02T12:09:18.795 
    2019-09-02T12:09:19.948 , Tour : 530, BEST: 1000 , bonus = 0.0 
** Tour n. 530 at 2019-09-02T12:09:19.948 
** Tour n. 531 at 2019-09-02T12:09:20.847 
** Tour n. 532 at 2019-09-02T12:09:21.797 
** Tour n. 533 at 2019-09-02T12:09:22.642 
** Tour n. 534 at 2019-09-02T12:09:23.565 
    2019-09-02T12:09:24.506 , Tour : 535, BEST: 1000 , bonus = 0.0 
** Tour n. 535 at 2019-09-02T12:09:24.506 
** Tour n. 536 at 2019-09-02T12:09:25.303 
** Tour n. 537 at 2019-09-02T12:09:26.191 
** Tour n. 538 at 2019-09-02T12:09:27.099 
** Tour n. 539 at 2019-09-02T12:09:27.906 
    2019-09-02T12:09:28.867 , Tour : 540, BEST: 1000 , bonus = 0.0 
** Tour n. 540 at 2019-09-02T12:09:28.867 
** Tour n. 541 at 2019-09-02T12:09:29.777 
** Tour n. 542 at 2019-09-02T12:09:30.817 
** Tour n. 543 at 2019-09-02T12:09:31.725 
** Tour n. 544 at 2019-09-02T12:09:32.564 
    2019-09-02T12:09:33.442 , Tour : 545, BEST: 1000 , bonus = 0.0 
** Tour n. 545 at 2019-09-02T12:09:33.442 
** Tour n. 546 at 2019-09-02T12:09:34.245 
** Tour n. 547 at 2019-09-02T12:09:35.126 
** Tour n. 548 at 2019-09-02T12:09:36.148 
** Tour n. 549 at 2019-09-02T12:09:37.042 
    2019-09-02T12:09:37.908 , Tour : 550, BEST: 1000 , bonus = 0.0 
** Tour n. 550 at 2019-09-02T12:09:37.908 
** Tour n. 551 at 2019-09-02T12:09:38.871 
** Tour n. 552 at 2019-09-02T12:09:39.819 
** Tour n. 553 at 2019-09-02T12:09:40.71 
** Tour n. 554 at 2019-09-02T12:09:41.649 
    2019-09-02T12:09:42.602 , Tour : 555, BEST: 1000 , bonus = 0.0 
** Tour n. 555 at 2019-09-02T12:09:42.602 
** Tour n. 556 at 2019-09-02T12:09:43.424 
** Tour n. 557 at 2019-09-02T12:09:44.378 
** Tour n. 558 at 2019-09-02T12:09:45.356 
** Tour n. 559 at 2019-09-02T12:09:46.295 
    2019-09-02T12:09:47.335 , Tour : 560, BEST: 1000 , bonus = 0.0 
fitness : 1000 
 code : >,++++++++.<,,-<>,<>,.-[>++,.+<-],+-+-++-.>,-.>>>,<>[<><+.[.-[+],, 
 2 * 3 ->  10 
 14 * 3 ->  22 
 15 * 3 ->  23 
** Tour n. 560 at 2019-09-02T12:09:47.335 
** Tour n. 561 at 2019-09-02T12:09:48.156 
** Tour n. 562 at 2019-09-02T12:09:49.068 
** Tour n. 563 at 2019-09-02T12:09:49.958 
** Tour n. 564 at 2019-09-02T12:09:50.854 
    2019-09-02T12:09:51.732 , Tour : 565, BEST: 1000 , bonus = 0.0 
** Tour n. 565 at 2019-09-02T12:09:51.732 
** Tour n. 566 at 2019-09-02T12:09:52.707 
** Tour n. 567 at 2019-09-02T12:09:53.656 
** Tour n. 568 at 2019-09-02T12:09:54.488 
** Tour n. 569 at 2019-09-02T12:09:55.317 
    2019-09-02T12:09:56.288 , Tour : 570, BEST: 1000 , bonus = 0.0 
** Tour n. 570 at 2019-09-02T12:09:56.288 
** Tour n. 571 at 2019-09-02T12:09:57.347 
** Tour n. 572 at 2019-09-02T12:09:58.248 
** Tour n. 573 at 2019-09-02T12:09:59.16 
** Tour n. 574 at 2019-09-02T12:10:00.178 
    2019-09-02T12:10:01.031 , Tour : 575, BEST: 1000 , bonus = 0.0 
** Tour n. 575 at 2019-09-02T12:10:01.031 
** Tour n. 576 at 2019-09-02T12:10:02.013 
** Tour n. 577 at 2019-09-02T12:10:02.972 
** Tour n. 578 at 2019-09-02T12:10:03.864 
** Tour n. 579 at 2019-09-02T12:10:04.95 
    2019-09-02T12:10:05.907 , Tour : 580, BEST: 1000 , bonus = 0.0 
** Tour n. 580 at 2019-09-02T12:10:05.907 
** Tour n. 581 at 2019-09-02T12:10:06.973 
** Tour n. 582 at 2019-09-02T12:10:07.873 
** Tour n. 583 at 2019-09-02T12:10:08.816 
** Tour n. 584 at 2019-09-02T12:10:09.826 
    2019-09-02T12:10:10.809 , Tour : 585, BEST: 1000 , bonus = 0.0 
** Tour n. 585 at 2019-09-02T12:10:10.809 
** Tour n. 586 at 2019-09-02T12:10:11.91 
** Tour n. 587 at 2019-09-02T12:10:12.916 
** Tour n. 588 at 2019-09-02T12:10:13.793 
** Tour n. 589 at 2019-09-02T12:10:14.868 
    2019-09-02T12:10:16.017 , Tour : 590, BEST: 1000 , bonus = 0.0 
** Tour n. 590 at 2019-09-02T12:10:16.017 
** Tour n. 591 at 2019-09-02T12:10:16.898 
** Tour n. 592 at 2019-09-02T12:10:17.889 
** Tour n. 593 at 2019-09-02T12:10:19.01 
** Tour n. 594 at 2019-09-02T12:10:19.934 
    2019-09-02T12:10:20.925 , Tour : 595, BEST: 1000 , bonus = 0.0 
** Tour n. 595 at 2019-09-02T12:10:20.925 
** Tour n. 596 at 2019-09-02T12:10:21.876 
** Tour n. 597 at 2019-09-02T12:10:22.804 
** Tour n. 598 at 2019-09-02T12:10:23.771 
** Tour n. 599 at 2019-09-02T12:10:24.686 
    2019-09-02T12:10:25.771 , Tour : 600, BEST: 1000 , bonus = 0.0 
fitness : 1000 
 code : >,++++++++.<,,-<>,<>,.-[>++,.+<-],+-+-++-.>,-.>>>,<>[<><+.[.-[+],, 
 5 * 3 ->  13 
 11 * 3 ->  19 
 1 * 3 ->  9 
** Tour n. 600 at 2019-09-02T12:10:25.771 
** Tour n. 601 at 2019-09-02T12:10:26.706 
** Tour n. 602 at 2019-09-02T12:10:27.627 
** Tour n. 603 at 2019-09-02T12:10:28.766 
** Tour n. 604 at 2019-09-02T12:10:29.75 
    2019-09-02T12:10:30.825 , Tour : 605, BEST: 1000 , bonus = 0.0 
** Tour n. 605 at 2019-09-02T12:10:30.825 
** Tour n. 606 at 2019-09-02T12:10:31.743 
** Tour n. 607 at 2019-09-02T12:10:32.63 
** Tour n. 608 at 2019-09-02T12:10:33.598 
** Tour n. 609 at 2019-09-02T12:10:34.421 
    2019-09-02T12:10:35.327 , Tour : 610, BEST: 1000 , bonus = 0.0 
** Tour n. 610 at 2019-09-02T12:10:35.327 
** Tour n. 611 at 2019-09-02T12:10:36.187 
** Tour n. 612 at 2019-09-02T12:10:37.1 
** Tour n. 613 at 2019-09-02T12:10:38.085 
** Tour n. 614 at 2019-09-02T12:10:39.189 
    2019-09-02T12:10:40.071 , Tour : 615, BEST: 1000 , bonus = 0.0 
** Tour n. 615 at 2019-09-02T12:10:40.071 
** Tour n. 616 at 2019-09-02T12:10:40.939 
** Tour n. 617 at 2019-09-02T12:10:41.819 
** Tour n. 618 at 2019-09-02T12:10:42.796 
** Tour n. 619 at 2019-09-02T12:10:43.656 
    2019-09-02T12:10:44.466 , Tour : 620, BEST: 1000 , bonus = 0.0 
** Tour n. 620 at 2019-09-02T12:10:44.466 
** Tour n. 621 at 2019-09-02T12:10:45.434 
** Tour n. 622 at 2019-09-02T12:10:46.342 
** Tour n. 623 at 2019-09-02T12:10:47.201 
** Tour n. 624 at 2019-09-02T12:10:48.014 
    2019-09-02T12:10:48.902 , Tour : 625, BEST: 1000 , bonus = 0.0 
** Tour n. 625 at 2019-09-02T12:10:48.902 
** Tour n. 626 at 2019-09-02T12:10:49.81 
** Tour n. 627 at 2019-09-02T12:10:50.68 
** Tour n. 628 at 2019-09-02T12:10:51.678 
** Tour n. 629 at 2019-09-02T12:10:52.635 
    2019-09-02T12:10:53.709 , Tour : 630, BEST: 1000 , bonus = 0.0 
** Tour n. 630 at 2019-09-02T12:10:53.709 
** Tour n. 631 at 2019-09-02T12:10:54.848 
** Tour n. 632 at 2019-09-02T12:10:55.845 
** Tour n. 633 at 2019-09-02T12:10:56.815 
** Tour n. 634 at 2019-09-02T12:10:57.837 
    2019-09-02T12:10:58.712 , Tour : 635, BEST: 1000 , bonus = 0.0 
** Tour n. 635 at 2019-09-02T12:10:58.712 
** Tour n. 636 at 2019-09-02T12:10:59.485 
** Tour n. 637 at 2019-09-02T12:11:00.358 
** Tour n. 638 at 2019-09-02T12:11:01.297 
** Tour n. 639 at 2019-09-02T12:11:02.221 
    2019-09-02T12:11:03.315 , Tour : 640, BEST: 1000 , bonus = 0.0 
fitness : 1000 
 code : >,++++++++.<,,-<>,<>,.-[>++,.+<-],+-+-++-.>,-.>>>,<>[<><+.[.-[+],, 
 15 * 3 ->  23 
 7 * 3 ->  15 
 0 * 3 ->  8 
** Tour n. 640 at 2019-09-02T12:11:03.315 
** Tour n. 641 at 2019-09-02T12:11:04.323 
** Tour n. 642 at 2019-09-02T12:11:05.309 
** Tour n. 643 at 2019-09-02T12:11:06.267 
** Tour n. 644 at 2019-09-02T12:11:07.317 
    2019-09-02T12:11:08.463 , Tour : 645, BEST: 1000 , bonus = 0.0 
** Tour n. 645 at 2019-09-02T12:11:08.463 
** Tour n. 646 at 2019-09-02T12:11:09.412 
** Tour n. 647 at 2019-09-02T12:11:10.313 
** Tour n. 648 at 2019-09-02T12:11:11.183 
** Tour n. 649 at 2019-09-02T12:11:12.123 
    2019-09-02T12:11:12.95 , Tour : 650, BEST: 1000 , bonus = 0.0 
** Tour n. 650 at 2019-09-02T12:11:12.95 
** Tour n. 651 at 2019-09-02T12:11:13.814 
** Tour n. 652 at 2019-09-02T12:11:14.675 
** Tour n. 653 at 2019-09-02T12:11:15.564 
** Tour n. 654 at 2019-09-02T12:11:16.419 
    2019-09-02T12:11:17.233 , Tour : 655, BEST: 1000 , bonus = 0.0 
** Tour n. 655 at 2019-09-02T12:11:17.233 
** Tour n. 656 at 2019-09-02T12:11:18.118 
** Tour n. 657 at 2019-09-02T12:11:18.98 
** Tour n. 658 at 2019-09-02T12:11:19.965 
** Tour n. 659 at 2019-09-02T12:11:20.856 
    2019-09-02T12:11:21.832 , Tour : 660, BEST: 1000 , bonus = 0.0 
** Tour n. 660 at 2019-09-02T12:11:21.832 
** Tour n. 661 at 2019-09-02T12:11:22.704 
** Tour n. 662 at 2019-09-02T12:11:23.607 
** Tour n. 663 at 2019-09-02T12:11:24.493 
** Tour n. 664 at 2019-09-02T12:11:25.307 
    2019-09-02T12:11:26.28 , Tour : 665, BEST: 1000 , bonus = 0.0 
** Tour n. 665 at 2019-09-02T12:11:26.28 
** Tour n. 666 at 2019-09-02T12:11:27.21 
** Tour n. 667 at 2019-09-02T12:11:28.176 
** Tour n. 668 at 2019-09-02T12:11:29.079 
** Tour n. 669 at 2019-09-02T12:11:29.96 
    2019-09-02T12:11:30.899 , Tour : 670, BEST: 1000 , bonus = 0.0 
** Tour n. 670 at 2019-09-02T12:11:30.899 
** Tour n. 671 at 2019-09-02T12:11:31.775 
** Tour n. 672 at 2019-09-02T12:11:32.621 
** Tour n. 673 at 2019-09-02T12:11:33.534 
** Tour n. 674 at 2019-09-02T12:11:34.464 
    2019-09-02T12:11:35.308 , Tour : 675, BEST: 1000 , bonus = 0.0 
** Tour n. 675 at 2019-09-02T12:11:35.308 
** Tour n. 676 at 2019-09-02T12:11:36.346 
** Tour n. 677 at 2019-09-02T12:11:37.39 
** Tour n. 678 at 2019-09-02T12:11:38.45 
** Tour n. 679 at 2019-09-02T12:11:39.343 
    2019-09-02T12:11:40.299 , Tour : 680, BEST: 1000 , bonus = 0.0 
fitness : 1000 
 code : >,++++++++.<,,-<>,<>,.-[>++,.+<-],+-+-++-.>,-.>>>,<>[<><+.[.-[+],, 
 1 * 3 ->  9 
 13 * 3 ->  21 
 1 * 3 ->  9 
** Tour n. 680 at 2019-09-02T12:11:40.299 
** Tour n. 681 at 2019-09-02T12:11:41.305 
** Tour n. 682 at 2019-09-02T12:11:42.25 
** Tour n. 683 at 2019-09-02T12:11:43.254 
** Tour n. 684 at 2019-09-02T12:11:44.16 
    2019-09-02T12:11:45.013 , Tour : 685, BEST: 1000 , bonus = 0.0 
** Tour n. 685 at 2019-09-02T12:11:45.013 
** Tour n. 686 at 2019-09-02T12:11:45.955 
** Tour n. 687 at 2019-09-02T12:11:46.866 
** Tour n. 688 at 2019-09-02T12:11:47.848 
** Tour n. 689 at 2019-09-02T12:11:48.745 
    2019-09-02T12:11:49.703 , Tour : 690, BEST: 1000 , bonus = 0.0 
** Tour n. 690 at 2019-09-02T12:11:49.703 
** Tour n. 691 at 2019-09-02T12:11:50.615 
** Tour n. 692 at 2019-09-02T12:11:51.562 
** Tour n. 693 at 2019-09-02T12:11:52.605 
** Tour n. 694 at 2019-09-02T12:11:53.569 
    2019-09-02T12:11:54.603 , Tour : 695, BEST: 1000 , bonus = 0.0 
** Tour n. 695 at 2019-09-02T12:11:54.603 
** Tour n. 696 at 2019-09-02T12:11:55.562 
** Tour n. 697 at 2019-09-02T12:11:56.52 
** Tour n. 698 at 2019-09-02T12:11:57.402 
** Tour n. 699 at 2019-09-02T12:11:58.325 
    2019-09-02T12:11:59.426 , Tour : 700, BEST: 1000 , bonus = 0.0 
** Tour n. 700 at 2019-09-02T12:11:59.426 
** Tour n. 701 at 2019-09-02T12:12:00.271 
** Tour n. 702 at 2019-09-02T12:12:01.161 
** Tour n. 703 at 2019-09-02T12:12:02.053 
** Tour n. 704 at 2019-09-02T12:12:03.033 
    2019-09-02T12:12:04.081 , Tour : 705, BEST: 1000 , bonus = 0.0 
** Tour n. 705 at 2019-09-02T12:12:04.081 
** Tour n. 706 at 2019-09-02T12:12:04.925 
** Tour n. 707 at 2019-09-02T12:12:05.824 
** Tour n. 708 at 2019-09-02T12:12:06.822 
** Tour n. 709 at 2019-09-02T12:12:07.754 
    2019-09-02T12:12:08.589 , Tour : 710, BEST: 1000 , bonus = 0.0 
** Tour n. 710 at 2019-09-02T12:12:08.589 
** Tour n. 711 at 2019-09-02T12:12:09.429 
** Tour n. 712 at 2019-09-02T12:12:10.395 
** Tour n. 713 at 2019-09-02T12:12:11.343 
** Tour n. 714 at 2019-09-02T12:12:12.422 
    2019-09-02T12:12:13.56 , Tour : 715, BEST: 1000 , bonus = 0.0 
** Tour n. 715 at 2019-09-02T12:12:13.56 
** Tour n. 716 at 2019-09-02T12:12:14.42 
** Tour n. 717 at 2019-09-02T12:12:15.351 
** Tour n. 718 at 2019-09-02T12:12:16.229 
** Tour n. 719 at 2019-09-02T12:12:17.171 
    2019-09-02T12:12:18.184 , Tour : 720, BEST: 1000 , bonus = 0.0 
fitness : 1000 
 code : >,++++++++.<,,-<>,<>,.-[>++,.+<-],+-+-++-.>,-.>>>,<>[<><+.[.-[+],, 
 13 * 3 ->  21 
 6 * 3 ->  14 
 8 * 3 ->  16 
** Tour n. 720 at 2019-09-02T12:12:18.184 
** Tour n. 721 at 2019-09-02T12:12:19.05 
** Tour n. 722 at 2019-09-02T12:12:20.183 
** Tour n. 723 at 2019-09-02T12:12:21.066 
** Tour n. 724 at 2019-09-02T12:12:22.027 
    2019-09-02T12:12:22.973 , Tour : 725, BEST: 1000 , bonus = 0.0 
** Tour n. 725 at 2019-09-02T12:12:22.973 
** Tour n. 726 at 2019-09-02T12:12:23.857 
** Tour n. 727 at 2019-09-02T12:12:24.812 
** Tour n. 728 at 2019-09-02T12:12:25.74 
** Tour n. 729 at 2019-09-02T12:12:26.633 
    2019-09-02T12:12:27.542 , Tour : 730, BEST: 1000 , bonus = 0.0 
** Tour n. 730 at 2019-09-02T12:12:27.542 
** Tour n. 731 at 2019-09-02T12:12:28.42 
** Tour n. 732 at 2019-09-02T12:12:29.446 
** Tour n. 733 at 2019-09-02T12:12:30.337 
** Tour n. 734 at 2019-09-02T12:12:31.221 
    2019-09-02T12:12:32.054 , Tour : 735, BEST: 1000 , bonus = 0.0 
** Tour n. 735 at 2019-09-02T12:12:32.054 
** Tour n. 736 at 2019-09-02T12:12:32.923 
** Tour n. 737 at 2019-09-02T12:12:33.844 
** Tour n. 738 at 2019-09-02T12:12:34.647 
** Tour n. 739 at 2019-09-02T12:12:35.459 
    2019-09-02T12:12:36.334 , Tour : 740, BEST: 1000 , bonus = 0.0 
** Tour n. 740 at 2019-09-02T12:12:36.334 
** Tour n. 741 at 2019-09-02T12:12:37.255 
** Tour n. 742 at 2019-09-02T12:12:38.228 
** Tour n. 743 at 2019-09-02T12:12:39.159 
** Tour n. 744 at 2019-09-02T12:12:40.016 
    2019-09-02T12:12:41.049 , Tour : 745, BEST: 1000 , bonus = 0.0 
** Tour n. 745 at 2019-09-02T12:12:41.048 
** Tour n. 746 at 2019-09-02T12:12:42.026 
** Tour n. 747 at 2019-09-02T12:12:43.025 
** Tour n. 748 at 2019-09-02T12:12:43.95 
** Tour n. 749 at 2019-09-02T12:12:44.94 
    2019-09-02T12:12:45.852 , Tour : 750, BEST: 1000 , bonus = 0.0 
** Tour n. 750 at 2019-09-02T12:12:45.852 
** Tour n. 751 at 2019-09-02T12:12:46.737 
** Tour n. 752 at 2019-09-02T12:12:47.787 
** Tour n. 753 at 2019-09-02T12:12:48.69 
** Tour n. 754 at 2019-09-02T12:12:49.574 
    2019-09-02T12:12:50.471 , Tour : 755, BEST: 1000 , bonus = 0.0 
** Tour n. 755 at 2019-09-02T12:12:50.471 
** Tour n. 756 at 2019-09-02T12:12:51.3 
** Tour n. 757 at 2019-09-02T12:12:52.448 
** Tour n. 758 at 2019-09-02T12:12:53.337 
** Tour n. 759 at 2019-09-02T12:12:54.285 
    2019-09-02T12:12:55.255 , Tour : 760, BEST: 1000 , bonus = 0.0 
fitness : 1000 
 code : >,++++++++.<,,-<>,<>,.-[>++,.+<-],+-+-++-.>,-.>>>,<>[<><+.[.-[+],, 
 12 * 3 ->  20 
 0 * 3 ->  8 
 2 * 3 ->  10 
** Tour n. 760 at 2019-09-02T12:12:55.255 
** Tour n. 761 at 2019-09-02T12:12:56.115 
** Tour n. 762 at 2019-09-02T12:12:57.204 
** Tour n. 763 at 2019-09-02T12:12:58.234 
** Tour n. 764 at 2019-09-02T12:12:59.088 
    2019-09-02T12:12:59.972 , Tour : 765, BEST: 1000 , bonus = 0.0 
** Tour n. 765 at 2019-09-02T12:12:59.972 
** Tour n. 766 at 2019-09-02T12:13:00.891 
** Tour n. 767 at 2019-09-02T12:13:01.798 
** Tour n. 768 at 2019-09-02T12:13:02.705 
** Tour n. 769 at 2019-09-02T12:13:03.729 
    2019-09-02T12:13:04.703 , Tour : 770, BEST: 1000 , bonus = 0.0 
** Tour n. 770 at 2019-09-02T12:13:04.703 
** Tour n. 771 at 2019-09-02T12:13:05.665 
** Tour n. 772 at 2019-09-02T12:13:06.639 
** Tour n. 773 at 2019-09-02T12:13:07.706 
** Tour n. 774 at 2019-09-02T12:13:08.495 
    2019-09-02T12:13:09.578 , Tour : 775, BEST: 1000 , bonus = 0.0 
** Tour n. 775 at 2019-09-02T12:13:09.578 
