targetFitness = 1024 
params : Main.GeneticAlgorithms.Types.GAParams(136, 1000000, 60, 150, 0.7, 0.01, true, IOStream(<file ../Results/logTimesTwo.log>), 0.0, 1024.0, 0, 0)
** Tour n. 1 at 2019-08-26T03:07:27.592
    2019-08-26T03:07:34.038 , Gen : 1 , BEST: 1002 ,
    2019-08-26T03:07:36.599 , Gen : 1 , BEST: 1002 ,
    2019-08-26T03:07:39.699 , Gen : 1 , BEST: 1002 ,
    2019-08-26T03:07:46.413 , Gen : 1 , BEST: 1002 ,
    2019-08-26T03:07:54.216 , Gen : 1 , BEST: 1002 ,
fitness : 1002
 code : +[,.+],$,[$*.[*+!<++]->.+<+.*+.[-]*$<+.**$++[[[$+>+$[+,],.]>
 1 * 2 ->  1
 0 * 2 ->  0
 14 * 2 ->  14
    2019-08-26T03:08:01.816 , Gen : 1 , BEST: 1002 ,
    2019-08-26T03:08:09.016 , Gen : 1 , BEST: 1006 ,
    2019-08-26T03:08:16.148 , Gen : 1 , BEST: 1006 ,
    2019-08-26T03:08:22.278 , Gen : 1 , BEST: 1006 ,
    2019-08-26T03:08:28.041 , Gen : 1 , BEST: 1006 ,
fitness : 1006
 code : $-,$$$[+.!+]**+,-]-![$><*>*>!$<,!$$++]<,<-*<]+[-.!$>]*,$[.!<
 0 * 2 ->  Void
 0 * 2 ->  Void
 7 * 2 ->  8
    2019-08-26T03:08:33.357 , Gen : 1 , BEST: 1006 ,
    2019-08-26T03:08:38.183 , Gen : 1 , BEST: 1006 ,
    2019-08-26T03:08:42.198 , Gen : 1 , BEST: 1006 ,
    2019-08-26T03:08:46.318 , Gen : 1 , BEST: 1006 ,
    2019-08-26T03:08:52.285 , Gen : 1 , BEST: 1008 ,
fitness : 1008
 code : $>,$++.!]],<*<*.<[!.$++]->$.+!+.*+[-+-[*$<+*!$++[+[[$+>+[-,*
 4 * 2 ->  6
 10 * 2 ->  12
 2 * 2 ->  4
    2019-08-26T03:08:58.415 , Gen : 1 , BEST: 1008 ,
    2019-08-26T03:09:04.385 , Gen : 1 , BEST: 1008 ,
    2019-08-26T03:09:09.822 , Gen : 1 , BEST: 1008 ,
    2019-08-26T03:09:15.452 , Gen : 1 , BEST: 1008 ,
    2019-08-26T03:09:20.446 , Gen : 1 , BEST: 1008 ,
fitness : 1008
 code : -$-,+$[+$[.!]**!,$-]][><-.>!![<*!$.$+]<,*-><]+$->!$>+],$[[<-
 6 * 2 ->  8
 5 * 2 ->  7
 11 * 2 ->  13
    2019-08-26T03:09:24.177 , Gen : 1 , BEST: 1008 ,
    2019-08-26T03:09:28.377 , Gen : 1 , BEST: 1010 ,
    2019-08-26T03:09:33.494 , Gen : 1 , BEST: 1010 ,
    2019-08-26T03:09:40.553 , Gen : 1 , BEST: 1010 ,
    2019-08-26T03:09:47.273 , Gen : 1 , BEST: 1010 ,
fitness : 1010
 code : *!-$-,+$[++[.,!]*>,$-]]><-.>!<![<*!$.$+],,*><]+$->!$>+],$[[<
 8 * 2 ->  11
 7 * 2 ->  10
 13 * 2 ->  16
    2019-08-26T03:09:53.617 , Gen : 1 , BEST: 1010 ,
    2019-08-26T03:10:00.22 , Gen : 1 , BEST: 1010 ,
    2019-08-26T03:10:05.649 , Gen : 1 , BEST: 1010 ,
    2019-08-26T03:10:10.999 , Gen : 1 , BEST: 1010 ,
    2019-08-26T03:10:16.219 , Gen : 1 , BEST: 1010 ,
fitness : 1010
 code : +,+$$+$+[.!+]**!$-]][$>..]*![<*!$<$.+]]<.,]><+$-!!$>+]],$[><
 0 * 2 ->  3
 4 * 2 ->  7
 7 * 2 ->  10
    2019-08-26T03:10:22.731 , Gen : 1 , BEST: 1010 ,
    2019-08-26T03:10:29.62 , Gen : 1 , BEST: 1012 ,
    2019-08-26T03:10:36.655 , Gen : 1 , BEST: 1012 ,
    2019-08-26T03:10:43.397 , Gen : 1 , BEST: 1012 ,
    2019-08-26T03:10:50.47 , Gen : 1 , BEST: 1012 ,
fitness : 1012
 code : ,+$+++$[.!+]**!,-$-]<][$<*![<*!$.++]<,*,*<>+$->.$>]+],$[$[<*
 5 * 2 ->  9
 14 * 2 ->  18
 11 * 2 ->  15
    2019-08-26T03:10:57.582 , Gen : 1 , BEST: 1012 ,
    2019-08-26T03:11:04.105 , Gen : 1 , BEST: 1012 ,
    2019-08-26T03:11:10.564 , Gen : 1 , BEST: 1012 ,
    2019-08-26T03:11:16.768 , Gen : 1 , BEST: 1012 ,
    2019-08-26T03:11:24.027 , Gen : 1 , BEST: 1012 ,
fitness : 1012
 code : ++,+[++[+.,.!**-]+[$>[<<.]*-![*[,]<*$.+<+.,*]><]$-!>>+]],$!$
 4 * 2 ->  8
 11 * 2 ->  15
 0 * 2 ->  4
    2019-08-26T03:11:31.337 , Gen : 1 , BEST: 1012 ,
    2019-08-26T03:11:38.468 , Gen : 1 , BEST: 1012 ,
    2019-08-26T03:11:45.71 , Gen : 1 , BEST: 1012 ,
    2019-08-26T03:11:52.985 , Gen : 1 , BEST: 1012 ,
    2019-08-26T03:12:00.407 , Gen : 1 , BEST: 1012 ,
fitness : 1012
 code : ++,+[++[+.,.!**-]+[$>[<<.]*-![*[,]<*$.+<+.,*]><]$-!>>+]],$!$
 1 * 2 ->  5
 14 * 2 ->  18
 1 * 2 ->  5
** Tour n. 2 at 2019-08-26T03:12:02.636
    2019-08-26T03:12:07.317 , Gen : 1 , BEST: 1012 ,
    2019-08-26T03:12:12.83 , Gen : 1 , BEST: 1012 ,
    2019-08-26T03:12:17.638 , Gen : 1 , BEST: 1012 ,
    2019-08-26T03:12:21.907 , Gen : 1 , BEST: 1012 ,
    2019-08-26T03:12:26.662 , Gen : 1 , BEST: 1012 ,
fitness : 1012
 code : !++,+++$+$+$[+.[]*>,*!,$-<$<*][<+>,<![<.,!$$.++]<,-,*<]+$][-
 7 * 2 ->  13
 0 * 2 ->  6
 3 * 2 ->  9
    2019-08-26T03:12:33.697 , Gen : 1 , BEST: 1012 ,
    2019-08-26T03:12:41.624 , Gen : 1 , BEST: 1012 ,
    2019-08-26T03:12:50.34 , Gen : 1 , BEST: 1012 ,
    2019-08-26T03:12:58.821 , Gen : 1 , BEST: 1012 ,
    2019-08-26T03:13:07.389 , Gen : 1 , BEST: 1012 ,
fitness : 1012
 code : $,[+++$$[++.].!***-]-+[$.[<<][-[*,]<*$.+<+.*]><]$-!!>[]]]],<
 13 * 2 ->  18
 0 * 2 ->  Void
 15 * 2 ->  20
    2019-08-26T03:13:16.029 , Gen : 1 , BEST: 1012 ,
** Tour n. 3 at 2019-08-26T03:13:18.903
    2019-08-26T03:13:22.088 , Gen : 1 , BEST: 1012 ,
    2019-08-26T03:13:27.915 , Gen : 1 , BEST: 1012 ,
    2019-08-26T03:13:34.847 , Gen : 1 , BEST: 1012 ,
    2019-08-26T03:13:42.485 , Gen : 1 , BEST: 1012 ,
    2019-08-26T03:13:50.794 , Gen : 1 , BEST: 1012 ,
fitness : 1012
 code : >>$<+!+,+++$$$[+$..[]*$>]!,--]][<>[<*+!-$$+<,*-,*!$]-].>!.>!
 3 * 2 ->  7
 14 * 2 ->  18
 5 * 2 ->  9
    2019-08-26T03:13:58.683 , Gen : 1 , BEST: 1012 ,
    2019-08-26T03:14:06.544 , Gen : 1 , BEST: 1012 ,
    2019-08-26T03:14:14.642 , Gen : 1 , BEST: 1012 ,
    2019-08-26T03:14:23.734 , Gen : 1 , BEST: 1012 ,
    2019-08-26T03:14:32.372 , Gen : 1 , BEST: 1012 ,
fitness : 1012
 code : >!-+!+,++++$$$[+-.[*!]!,-[$][<>[<.,!-$$<,*-,*-!$]-]>!.>!!+.-
 15 * 2 ->  19
 14 * 2 ->  18
 5 * 2 ->  9
    2019-08-26T03:14:40.503 , Gen : 1 , BEST: 1012 ,
** Tour n. 4 at 2019-08-26T03:14:43.302
    2019-08-26T03:14:46.637 , Gen : 1 , BEST: 1012 ,
    2019-08-26T03:14:49.678 , Gen : 1 , BEST: 1012 ,
    2019-08-26T03:14:53.29 , Gen : 1 , BEST: 1012 ,
    2019-08-26T03:14:56.974 , Gen : 1 , BEST: 1012 ,
    2019-08-26T03:15:01.735 , Gen : 1 , BEST: 1012 ,
fitness : 1012
 code : >!-+!+,++++$$$[+-.[*!]!,-[$][<>[<.,!-$$<,*-,*-!$]-]>!.>!!+.-
 12 * 2 ->  16
 8 * 2 ->  12
 14 * 2 ->  18
    2019-08-26T03:15:09.278 , Gen : 1 , BEST: 1012 ,
    2019-08-26T03:15:16.785 , Gen : 1 , BEST: 1012 ,
    2019-08-26T03:15:24.178 , Gen : 1 , BEST: 1012 ,
    2019-08-26T03:15:32.627 , Gen : 1 , BEST: 1012 ,
    2019-08-26T03:15:41.28 , Gen : 1 , BEST: 1012 ,
fitness : 1012
 code : +!+,++++$$$[+-.[*!]!,->$][<>[<!-$$<,*-,*-!,!$]-]>>>>!!+.--+.
 10 * 2 ->  14
 15 * 2 ->  19
 15 * 2 ->  19
    2019-08-26T03:15:49.361 , Gen : 1 , BEST: 1012 ,
    2019-08-26T03:15:57.863 , Gen : 1 , BEST: 1012 ,
    2019-08-26T03:16:06.503 , Gen : 1 , BEST: 1012 ,
    2019-08-26T03:16:14.605 , Gen : 1 , BEST: 1012 ,
    2019-08-26T03:16:22.683 , Gen : 1 , BEST: 1012 ,
fitness : 1012
 code : --,[+++$[+.],**-[]-+[$.-[<<-$+>,$]$<-+$.-+.]]><]$-!!+[]],<+-
 5 * 2 ->  9
 7 * 2 ->  11
 7 * 2 ->  11
    2019-08-26T03:16:31.671 , Gen : 1 , BEST: 1012 ,
** Tour n. 5 at 2019-08-26T03:16:40.124
    2019-08-26T03:16:44.885 , Gen : 1 , BEST: 1012 ,
    2019-08-26T03:16:51.28 , Gen : 1 , BEST: 1012 ,
    2019-08-26T03:16:58.89 , Gen : 1 , BEST: 1012 ,
    2019-08-26T03:17:06.19 , Gen : 1 , BEST: 1012 ,
    2019-08-26T03:17:13.373 , Gen : 1 , BEST: 1012 ,
fitness : 1012
 code : --*-,[+++$[+.].**-[]-+[$.-[<<,$+>,$]$<-+$.-+.]]<]$-!!+[]],<+
 11 * 2 ->  15
 2 * 2 ->  6
 12 * 2 ->  16
    2019-08-26T03:17:20.444 , Gen : 1 , BEST: 1012 ,
    2019-08-26T03:17:27.336 , Gen : 1 , BEST: 1012 ,
    2019-08-26T03:17:34.457 , Gen : 1 , BEST: 1012 ,
    2019-08-26T03:17:41.509 , Gen : 1 , BEST: 1012 ,
    2019-08-26T03:17:48.706 , Gen : 1 , BEST: 1012 ,
fitness : 1012
 code : ,[+++$$[++.].**!+-]-+[$.][<-[+>,<]-.+<+.*]]+><][,<-!!+[]*]],
 15 * 2 ->  20
 15 * 2 ->  20
 6 * 2 ->  11
    2019-08-26T03:17:55.831 , Gen : 1 , BEST: 1012 ,
** Tour n. 6 at 2019-08-26T03:17:58.185
    2019-08-26T03:18:02.674 , Gen : 1 , BEST: 1012 ,
    2019-08-26T03:18:07.635 , Gen : 1 , BEST: 1012 ,
    2019-08-26T03:18:15.261 , Gen : 1 , BEST: 1012 ,
    2019-08-26T03:18:22.066 , Gen : 1 , BEST: 1012 ,
    2019-08-26T03:18:29.037 , Gen : 1 , BEST: 1012 ,
fitness : 1012
 code : ,+++$$[++..[>*!+-]-+[$.][<-[+!,<]-.+<+.*]]+><][,<-!!+[]*]]+!
 11 * 2 ->  16
 8 * 2 ->  13
 14 * 2 ->  19
    2019-08-26T03:18:36.508 , Gen : 1 , BEST: 1012 ,
    2019-08-26T03:18:44.733 , Gen : 1 , BEST: 1012 ,
    2019-08-26T03:18:53.028 , Gen : 1 , BEST: 1012 ,
    2019-08-26T03:19:01.307 , Gen : 1 , BEST: 1012 ,
    2019-08-26T03:19:09.716 , Gen : 1 , BEST: 1012 ,
fitness : 1012
 code : -,+++[+.!*.*-[]-]*[.-[<<,$+>,.]<+$.+]]<]$-!!+[]],$<+*$+-*->*
 5 * 2 ->  9
 11 * 2 ->  15
 11 * 2 ->  15
    2019-08-26T03:19:18.073 , Gen : 1 , BEST: 1012 ,
** Tour n. 7 at 2019-08-26T03:19:20.831
    2019-08-26T03:19:23.942 , Gen : 1 , BEST: 1012 ,
    2019-08-26T03:19:27.738 , Gen : 1 , BEST: 1012 ,
    2019-08-26T03:19:33.847 , Gen : 1 , BEST: 1012 ,
    2019-08-26T03:19:40.253 , Gen : 1 , BEST: 1012 ,
    2019-08-26T03:19:47.707 , Gen : 1 , BEST: 1012 ,
fitness : 1012
 code : *,[++++[+$.-[]-,]*[.][<<,$+>,$<]<+$.-]<.]$-!!+.],<$+*$+-+<[.
 5 * 2 ->  10
 1 * 2 ->  6
 13 * 2 ->  18
    2019-08-26T03:19:56.229 , Gen : 1 , BEST: 1012 ,
    2019-08-26T03:20:05.505 , Gen : 1 , BEST: 1012 ,
    2019-08-26T03:20:14.936 , Gen : 1 , BEST: 1012 ,
    2019-08-26T03:20:24.406 , Gen : 1 , BEST: 1012 ,
    2019-08-26T03:20:33.88 , Gen : 1 , BEST: 1012 ,
fitness : 1012
 code : +$,[+++++++$.-.[>-,!*.][]<<,$+,[,]]<+$*.-+].<.[]$-!!+[,],<$+
 3 * 2 ->  10
 3 * 2 ->  10
 10 * 2 ->  17
    2019-08-26T03:20:43.59 , Gen : 1 , BEST: 1012 ,
** Tour n. 8 at 2019-08-26T03:20:46.736
    2019-08-26T03:20:50.387 , Gen : 1 , BEST: 1012 ,
    2019-08-26T03:20:53.858 , Gen : 1 , BEST: 1012 ,
    2019-08-26T03:20:57.172 , Gen : 1 , BEST: 1012 ,
    2019-08-26T03:21:00.474 , Gen : 1 , BEST: 1012 ,
    2019-08-26T03:21:05.854 , Gen : 1 , BEST: 1012 ,
fitness : 1012
 code : $,[++++[$.->[]-,]*[.][<,$+>.,,<]<+$.-].+]->!!+.],<>$+*$+-+<[
 1 * 2 ->  5
 0 * 2 ->  0
 1 * 2 ->  5
    2019-08-26T03:21:12.055 , Gen : 1 , BEST: 1012 ,
    2019-08-26T03:21:19.999 , Gen : 1 , BEST: 1012 ,
    2019-08-26T03:21:28.148 , Gen : 1 , BEST: 1012 ,
    2019-08-26T03:21:36.332 , Gen : 1 , BEST: 1012 ,
    2019-08-26T03:21:44.621 , Gen : 1 , BEST: 1012 ,
fitness : 1012
 code : *+$,[+++++++*.-.[>-,!.][]<<<,$+[,[,]+$$*.-+].<.[]$-!!+[,],<$
 11 * 2 ->  18
 10 * 2 ->  17
 9 * 2 ->  16
    2019-08-26T03:21:52.824 , Gen : 1 , BEST: 1012 ,
** Tour n. 9 at 2019-08-26T03:21:55.485
    2019-08-26T03:22:00.246 , Gen : 1 , BEST: 1012 ,
    2019-08-26T03:22:04.793 , Gen : 1 , BEST: 1012 ,
    2019-08-26T03:22:09.661 , Gen : 1 , BEST: 1012 ,
    2019-08-26T03:22:13.453 , Gen : 1 , BEST: 1012 ,
    2019-08-26T03:22:17.344 , Gen : 1 , BEST: 1012 ,
fitness : 1012
 code : !*+$,[++++++*.-.[!-,!.][]<<<,$+[,[,]+$<>*.-+].<.[$-!![+,],<$
 4 * 2 ->  10
 3 * 2 ->  9
 11 * 2 ->  17
    2019-08-26T03:22:21.921 , Gen : 1 , BEST: 1012 ,
    2019-08-26T03:22:26.709 , Gen : 1 , BEST: 1012 ,
    2019-08-26T03:22:31.094 , Gen : 1 , BEST: 1012 ,
    2019-08-26T03:22:36.129 , Gen : 1 , BEST: 1012 ,
    2019-08-26T03:22:41.68 , Gen : 1 , BEST: 1012 ,
fitness : 1012
 code : -<>*,+[+[+$$+$.-.-[$]*[+,]<+>,$<]<+$.-]*]$-!]!+.],..,$++[-.-
 2 * 2 ->  6
 5 * 2 ->  9
 3 * 2 ->  7
    2019-08-26T03:22:49.601 , Gen : 1 , BEST: 1012 ,
    2019-08-26T03:22:59.432 , Gen : 1 , BEST: 1012 ,
    2019-08-26T03:23:08.302 , Gen : 1 , BEST: 1012 ,
    2019-08-26T03:23:16.263 , Gen : 1 , BEST: 1012 ,
** Tour n. 10 at 2019-08-26T03:23:17.55
    2019-08-26T03:23:19.916 , Gen : 1 , BEST: 1012 ,
    2019-08-26T03:23:22.287 , Gen : 1 , BEST: 1012 ,
    2019-08-26T03:23:26.4 , Gen : 1 , BEST: 1012 ,
    2019-08-26T03:23:31.5 , Gen : 1 , BEST: 1012 ,
    2019-08-26T03:23:36.862 , Gen : 1 , BEST: 1012 ,
fitness : 1012
 code : >*,+[++$$+$.>-$.-[$]*[+,]<!>$<]<+$.-]*]$-+!]!+*],..,$++[-.-*
 2 * 2 ->  6
 14 * 2 ->  18
 1 * 2 ->  5
    2019-08-26T03:23:43.84 , Gen : 1 , BEST: 1012 ,
    2019-08-26T03:23:51.018 , Gen : 1 , BEST: 1012 ,
    2019-08-26T03:23:58.154 , Gen : 1 , BEST: 1012 ,
** Tour n. 11 at 2019-08-26T03:24:01.805
    2019-08-26T03:24:05.416 , Gen : 1 , BEST: 1012 ,
    2019-08-26T03:24:09.283 , Gen : 1 , BEST: 1012 ,
    2019-08-26T03:24:15.661 , Gen : 1 , BEST: 1012 ,
    2019-08-26T03:24:24.368 , Gen : 1 , BEST: 1012 ,
    2019-08-26T03:24:32.86 , Gen : 1 , BEST: 1012 ,
fitness : 1012
 code : !*,+[++$$+$.>-$.-[$>>*[+,<!>$<<+-]>]$-+]!+[],..-,$+[-.-*>,<$
 2 * 2 ->  6
 8 * 2 ->  12
 9 * 2 ->  13
    2019-08-26T03:24:41.896 , Gen : 1 , BEST: 1012 ,
    2019-08-26T03:24:51.217 , Gen : 1 , BEST: 1012 ,
    2019-08-26T03:25:01.22 , Gen : 1 , BEST: 1012 ,
** Tour n. 12 at 2019-08-26T03:25:05.972
    2019-08-26T03:25:10.983 , Gen : 1 , BEST: 1012 ,
    2019-08-26T03:25:15.462 , Gen : 1 , BEST: 1012 ,
    2019-08-26T03:25:20.12 , Gen : 1 , BEST: 1012 ,
    2019-08-26T03:25:28.452 , Gen : 1 , BEST: 1012 ,
    2019-08-26T03:25:37.61 , Gen : 1 , BEST: 1012 ,
fitness : 1012
 code : !*,+[++$$+$.>-$.-[$>>*[+,<!>$<<+-]>]$-+]!+[],..-,$+[-.-*>,<$
 8 * 2 ->  12
 11 * 2 ->  15
 10 * 2 ->  14
    2019-08-26T03:25:47.015 , Gen : 1 , BEST: 1012 ,
    2019-08-26T03:25:56.547 , Gen : 1 , BEST: 1012 ,
    2019-08-26T03:26:06.9 , Gen : 1 , BEST: 1012 ,
    2019-08-26T03:26:17.127 , Gen : 1 , BEST: 1012 ,
    2019-08-26T03:26:26.995 , Gen : 1 , BEST: 1012 ,
fitness : 1012
 code : !*,+[++$$+$.>-$.-[$>>*[+,<!>$<<+-]>]$-+]!+[],..-,$+[-.-*>,<$
 10 * 2 ->  14
 12 * 2 ->  16
 11 * 2 ->  15
    2019-08-26T03:26:36.144 , Gen : 1 , BEST: 1012 ,
** Tour n. 13 at 2019-08-26T03:26:39.247
    2019-08-26T03:26:44.249 , Gen : 1 , BEST: 1012 ,
    2019-08-26T03:26:50.555 , Gen : 1 , BEST: 1012 ,
    2019-08-26T03:26:59.011 , Gen : 1 , BEST: 1012 ,
    2019-08-26T03:27:07.814 , Gen : 1 , BEST: 1012 ,
    2019-08-26T03:27:17.066 , Gen : 1 , BEST: 1012 ,
fitness : 1012
 code : *[],+[++$$+$.!*[]*>]+<[]<+>$[,$<],+$-]]$-$*++.],$..,$++[-!,-
 15 * 2 ->  19
 8 * 2 ->  12
 7 * 2 ->  11
    2019-08-26T03:27:24.841 , Gen : 1 , BEST: 1012 ,
    2019-08-26T03:27:31.861 , Gen : 1 , BEST: 1012 ,
    2019-08-26T03:27:38.884 , Gen : 1 , BEST: 1012 ,
    2019-08-26T03:27:47.605 , Gen : 1 , BEST: 1012 ,
    2019-08-26T03:27:56.69 , Gen : 1 , BEST: 1012 ,
fitness : 1012
 code : ,+[++$+$.>$.$[<>*[+,><!>$<+<<]-]>+]$+-+]!+],.*.-*$+[-.-*>,[.
 0 * 2 ->  4
 13 * 2 ->  17
 2 * 2 ->  6
    2019-08-26T03:28:06.297 , Gen : 1 , BEST: 1012 ,
** Tour n. 14 at 2019-08-26T03:28:09.547
    2019-08-26T03:28:12.211 , Gen : 1 , BEST: 1012 ,
    2019-08-26T03:28:16.707 , Gen : 1 , BEST: 1012 ,
    2019-08-26T03:28:21.271 , Gen : 1 , BEST: 1012 ,
    2019-08-26T03:28:26.782 , Gen : 1 , BEST: 1012 ,
    2019-08-26T03:28:31.578 , Gen : 1 , BEST: 1012 ,
fitness : 1012
 code : $$+,+[++$$+$.>$-!$>[.*[+-<!>$<+->]>]$+-+[]][],..-,+$[--><<.+
 9 * 2 ->  13
 3 * 2 ->  7
 15 * 2 ->  19
    2019-08-26T03:28:37.255 , Gen : 1 , BEST: 1020 ,
    2019-08-26T03:28:43.153 , Gen : 1 , BEST: 1020 ,
    2019-08-26T03:28:49.021 , Gen : 1 , BEST: 1020 ,
    2019-08-26T03:28:55.473 , Gen : 1 , BEST: 1020 ,
    2019-08-26T03:29:00.073 , Gen : 1 , BEST: 1020 ,
fitness : 1020
 code : ,$*+,+*,+[+*+$.+.>$.-!$>[.*[+-<>,+<<+-]>]$[+!+[],..,$[.-*,<*
 6 * 2 ->  13
 8 * 2 ->  17
 4 * 2 ->  9
    2019-08-26T03:29:04.951 , Gen : 1 , BEST: 1020 ,
** Tour n. 15 at 2019-08-26T03:29:06.476
    2019-08-26T03:29:08.987 , Gen : 1 , BEST: 1020 ,
    2019-08-26T03:29:11.123 , Gen : 1 , BEST: 1020 ,
    2019-08-26T03:29:14.192 , Gen : 1 , BEST: 1020 ,
    2019-08-26T03:29:17.832 , Gen : 1 , BEST: 1020 ,
    2019-08-26T03:29:22.217 , Gen : 1 , BEST: 1020 ,
fitness : 1020
 code : ,$*+,+*,+[+*+$.+.>$.-!$>[.*[+-<>,+<<+-]>]$[+!+[],..,$[.-*,<*
 13 * 2 ->  27
 0 * 2 ->  1
 2 * 2 ->  5
    2019-08-26T03:29:24.05 , Gen : 1 , BEST: 1020 ,
    2019-08-26T03:29:25.55 , Gen : 1 , BEST: 1020 ,
    2019-08-26T03:29:28.015 , Gen : 1 , BEST: 1020 ,
    2019-08-26T03:29:32.155 , Gen : 1 , BEST: 1020 ,
    2019-08-26T03:29:38.226 , Gen : 1 , BEST: 1020 ,
fitness : 1020
 code : ,$*+,+*,+[+*+$.+.>$.-!$>[.*[+-<>,+<<+-]>]$[+!+[],..,$[.-*,<*
 4 * 2 ->  9
 7 * 2 ->  15
 8 * 2 ->  17
    2019-08-26T03:29:44.446 , Gen : 1 , BEST: 1020 ,
    2019-08-26T03:29:50.615 , Gen : 1 , BEST: 1020 ,
    2019-08-26T03:29:56.466 , Gen : 1 , BEST: 1020 ,
    2019-08-26T03:30:02.994 , Gen : 1 , BEST: 1020 ,
** Tour n. 16 at 2019-08-26T03:30:04.106
    2019-08-26T03:30:07.341 , Gen : 1 , BEST: 1020 ,
    2019-08-26T03:30:09.663 , Gen : 1 , BEST: 1020 ,
    2019-08-26T03:30:13.409 , Gen : 1 , BEST: 1020 ,
    2019-08-26T03:30:17.832 , Gen : 1 , BEST: 1020 ,
    2019-08-26T03:30:22.922 , Gen : 1 , BEST: 1020 ,
fitness : 1020
 code : ,$*+,+*,+[+*+$.+.>$.-!$>[.*[+-<>,+<<+-]>]$[+!+[],..,$[.-*,<*
 6 * 2 ->  13
 14 * 2 ->  29
 11 * 2 ->  23
    2019-08-26T03:30:28.957 , Gen : 1 , BEST: 1020 ,
    2019-08-26T03:30:34.845 , Gen : 1 , BEST: 1020 ,
    2019-08-26T03:30:40.859 , Gen : 1 , BEST: 1020 ,
    2019-08-26T03:30:47.2 , Gen : 1 , BEST: 1020 ,
    2019-08-26T03:30:53.819 , Gen : 1 , BEST: 1020 ,
fitness : 1020
 code : ,$*+,+*,+[+*+$.+.>$.-!$>[.*[+-<>,+<<+-]>]$[+!+[],..,$[.-*,<*
 9 * 2 ->  19
 8 * 2 ->  17
 0 * 2 ->  1
    2019-08-26T03:31:00.229 , Gen : 1 , BEST: 1020 ,
** Tour n. 17 at 2019-08-26T03:31:02.302
    2019-08-26T03:31:03.709 , Gen : 1 , BEST: 1020 ,
    2019-08-26T03:31:04.984 , Gen : 1 , BEST: 1020 ,
    2019-08-26T03:31:06.476 , Gen : 1 , BEST: 1020 ,
    2019-08-26T03:31:07.766 , Gen : 1 , BEST: 1020 ,
    2019-08-26T03:31:09.698 , Gen : 1 , BEST: 1020 ,
fitness : 1020
 code : *,$*+*+*,+[+*+$.+.>$.-!$>[.*[+->,+<<+-]>]$+.+[],.,$[.-*,<*[,
 8 * 2 ->  17
 7 * 2 ->  15
 4 * 2 ->  9
    2019-08-26T03:31:13.172 , Gen : 1 , BEST: 1020 ,
    2019-08-26T03:31:16.769 , Gen : 1 , BEST: 1020 ,
    2019-08-26T03:31:21.281 , Gen : 1 , BEST: 1020 ,
    2019-08-26T03:31:26.762 , Gen : 1 , BEST: 1020 ,
    2019-08-26T03:31:32.223 , Gen : 1 , BEST: 1020 ,
fitness : 1020
 code : *,$*+*+*,+[+*+$.+.>$.-!$>[.*[+->,+<<+-]>]$+.+[],.,$[.-*,<*[,
 5 * 2 ->  11
 15 * 2 ->  31
 0 * 2 ->  1
    2019-08-26T03:31:37.31 , Gen : 1 , BEST: 1020 ,
    2019-08-26T03:31:42.041 , Gen : 1 , BEST: 1020 ,
    2019-08-26T03:31:47.23 , Gen : 1 , BEST: 1020 ,
    2019-08-26T03:31:51.94 , Gen : 1 , BEST: 1020 ,
    2019-08-26T03:31:56.226 , Gen : 1 , BEST: 1024 ,
fitness : 1024
 code : -,$*+-*,+[+*$.+.,$.-][>[.>*[+<>,]<<+-]>]$[!+][]..,$.<[].->>]
 11 * 2 ->  22
 13 * 2 ->  26
 0 * 2 ->  0
    2019-08-26T03:32:00.713 , Gen : 1 , BEST: 1024 ,
    2019-08-26T03:32:04.95 , Gen : 1 , BEST: 1024 ,
    2019-08-26T03:32:09.18 , Gen : 1 , BEST: 1024 ,
    2019-08-26T03:32:13.526 , Gen : 1 , BEST: 1024 ,
fitness : 1024
 code : -,$*+-*,+[+*$.+.,$.-][>[.>*[+<>,]<<+-]>]$[!+][]..,$.<[].->>]
 5 * 2 ->  10
 10 * 2 ->  20
 11 * 2 ->  22
fitness 1024
dna : [0.279753, 0.51869, 0.78557, 0.918695, 0.205312, 0.347067, 0.913312, 0.456896, 0.189017, 0.573975, 0.198136, 0.956992, 0.782718, 0.423724, 0.212808, 0.393729, 0.487487, 0.780029, 0.387004, 0.349726, 0.65953, 0.586688, 0.156372, 0.557924, 0.384297, 0.159238, 0.915811, 0.546026, 0.266491, 0.0381955, 0.134535, 0.51447, 0.684063, 0.0235075, 0.0576053, 0.185962, 0.302574, 0.682454, 0.12406, 0.717853, 0.778261, 0.605755, 0.846834, 0.190469, 0.678712, 0.624939, 0.696973, 0.443223, 0.449983, 0.46088, 0.780985, 0.412543, 0.0677849, 0.579326, 0.722377, 0.440934, 0.315836, 0.133489, 0.179136, 0.717069]
