targetFitness = 1024 
params : Main.GeneticAlgorithms.Types.GAParams(136, 1000000, 60, 150, 0.7, 0.01, true, IOStream(<file ../Results/logTimesThree.log>), 0.0, 1024.0, 0, 0) 
** Tour n. 1 at 2019-09-03T14:24:14.25 
** Tour n. 2 at 2019-09-03T14:24:16.539 
** Tour n. 3 at 2019-09-03T14:24:17.851 
** Tour n. 4 at 2019-09-03T14:24:20.256 
    2019-09-03T14:24:21.641 , Tour : 5, BEST: 988 , bonus = 0.0 
** Tour n. 5 at 2019-09-03T14:24:21.641 
** Tour n. 6 at 2019-09-03T14:24:24.096 
** Tour n. 7 at 2019-09-03T14:24:25.609 
    2019-09-03T14:24:27.356 , Iteration : 5, BEST: 998 , bonus = 0.0 
** Tour n. 8 at 2019-09-03T14:24:29.255 
** Tour n. 9 at 2019-09-03T14:24:30.428 
    2019-09-03T14:24:31.66 , Tour : 10, BEST: 1000 , bonus = 0.0 
** Tour n. 10 at 2019-09-03T14:24:31.66 
** Tour n. 11 at 2019-09-03T14:24:33.138 
** Tour n. 12 at 2019-09-03T14:24:34.306 
** Tour n. 13 at 2019-09-03T14:24:35.632 
** Tour n. 14 at 2019-09-03T14:24:36.988 
    2019-09-03T14:24:38.226 , Tour : 15, BEST: 1000 , bonus = 0.0 
** Tour n. 15 at 2019-09-03T14:24:38.226 
** Tour n. 16 at 2019-09-03T14:24:39.554 
** Tour n. 17 at 2019-09-03T14:24:40.86 
** Tour n. 18 at 2019-09-03T14:24:42.081 
** Tour n. 19 at 2019-09-03T14:24:43.327 
    2019-09-03T14:24:44.581 , Tour : 20, BEST: 1000 , bonus = 0.0 
** Tour n. 20 at 2019-09-03T14:24:44.58 
** Tour n. 21 at 2019-09-03T14:24:45.882 
** Tour n. 22 at 2019-09-03T14:24:47.128 
** Tour n. 23 at 2019-09-03T14:24:48.568 
** Tour n. 24 at 2019-09-03T14:24:49.866 
    2019-09-03T14:24:51.16 , Tour : 25, BEST: 1000 , bonus = 0.0 
** Tour n. 25 at 2019-09-03T14:24:51.16 
** Tour n. 26 at 2019-09-03T14:24:52.461 
** Tour n. 27 at 2019-09-03T14:24:53.966 
** Tour n. 28 at 2019-09-03T14:24:55.296 
** Tour n. 29 at 2019-09-03T14:24:56.516 
    2019-09-03T14:24:57.904 , Tour : 30, BEST: 1000 , bonus = 0.0 
** Tour n. 30 at 2019-09-03T14:24:57.904 
** Tour n. 31 at 2019-09-03T14:24:59.24 
** Tour n. 32 at 2019-09-03T14:25:00.45 
** Tour n. 33 at 2019-09-03T14:25:01.532 
** Tour n. 34 at 2019-09-03T14:25:02.713 
    2019-09-03T14:25:03.861 , Tour : 35, BEST: 1000 , bonus = 0.0 
** Tour n. 35 at 2019-09-03T14:25:03.861 
** Tour n. 36 at 2019-09-03T14:25:04.967 
** Tour n. 37 at 2019-09-03T14:25:06.251 
** Tour n. 38 at 2019-09-03T14:25:07.561 
** Tour n. 39 at 2019-09-03T14:25:08.801 
    2019-09-03T14:25:10.044 , Tour : 40, BEST: 1000 , bonus = 0.0 
fitness : 1000 
 code : ,+++++++[+[.[++,.]]>+],->.++<<<-+,-<.<[.>++,-<[[[>].-.<,-<+, 
 0 * 3 ->  8 
 11 * 3 ->  19 
 11 * 3 ->  19 
** Tour n. 40 at 2019-09-03T14:25:10.043 
** Tour n. 41 at 2019-09-03T14:25:11.163 
** Tour n. 42 at 2019-09-03T14:25:12.323 
** Tour n. 43 at 2019-09-03T14:25:13.542 
** Tour n. 44 at 2019-09-03T14:25:14.657 
    2019-09-03T14:25:15.801 , Tour : 45, BEST: 1000 , bonus = 0.0 
** Tour n. 45 at 2019-09-03T14:25:15.801 
** Tour n. 46 at 2019-09-03T14:25:17.211 
** Tour n. 47 at 2019-09-03T14:25:18.393 
** Tour n. 48 at 2019-09-03T14:25:19.531 
** Tour n. 49 at 2019-09-03T14:25:20.892 
    2019-09-03T14:25:22.063 , Tour : 50, BEST: 1000 , bonus = 0.0 
** Tour n. 50 at 2019-09-03T14:25:22.063 
** Tour n. 51 at 2019-09-03T14:25:23.484 
** Tour n. 52 at 2019-09-03T14:25:24.829 
** Tour n. 53 at 2019-09-03T14:25:26.073 
** Tour n. 54 at 2019-09-03T14:25:27.541 
    2019-09-03T14:25:28.702 , Tour : 55, BEST: 1000 , bonus = 0.0 
** Tour n. 55 at 2019-09-03T14:25:28.702 
** Tour n. 56 at 2019-09-03T14:25:30.031 
** Tour n. 57 at 2019-09-03T14:25:31.276 
** Tour n. 58 at 2019-09-03T14:25:32.392 
** Tour n. 59 at 2019-09-03T14:25:33.915 
    2019-09-03T14:25:35.074 , Tour : 60, BEST: 1000 , bonus = 0.0 
** Tour n. 60 at 2019-09-03T14:25:35.074 
** Tour n. 61 at 2019-09-03T14:25:36.245 
** Tour n. 62 at 2019-09-03T14:25:37.531 
** Tour n. 63 at 2019-09-03T14:25:38.886 
** Tour n. 64 at 2019-09-03T14:25:40.159 
    2019-09-03T14:25:41.431 , Tour : 65, BEST: 1000 , bonus = 0.0 
** Tour n. 65 at 2019-09-03T14:25:41.431 
** Tour n. 66 at 2019-09-03T14:25:42.617 
** Tour n. 67 at 2019-09-03T14:25:43.897 
** Tour n. 68 at 2019-09-03T14:25:45.029 
** Tour n. 69 at 2019-09-03T14:25:46.387 
    2019-09-03T14:25:48.034 , Tour : 70, BEST: 1000 , bonus = 0.0 
** Tour n. 70 at 2019-09-03T14:25:48.034 
** Tour n. 71 at 2019-09-03T14:25:49.48 
** Tour n. 72 at 2019-09-03T14:25:50.896 
** Tour n. 73 at 2019-09-03T14:25:52.232 
** Tour n. 74 at 2019-09-03T14:25:53.67 
    2019-09-03T14:25:55.19 , Tour : 75, BEST: 1000 , bonus = 0.0 
** Tour n. 75 at 2019-09-03T14:25:55.19 
** Tour n. 76 at 2019-09-03T14:25:56.342 
** Tour n. 77 at 2019-09-03T14:25:57.668 
** Tour n. 78 at 2019-09-03T14:25:58.943 
** Tour n. 79 at 2019-09-03T14:26:00.298 
    2019-09-03T14:26:01.622 , Tour : 80, BEST: 1000 , bonus = 0.0 
fitness : 1000 
 code : ,+++++++[+[.[++,.]]>+],->.++<<<-+,-<.<[.>++,-<[[[>].-.<,-<+, 
 3 * 3 ->  11 
 7 * 3 ->  15 
 14 * 3 ->  22 
** Tour n. 80 at 2019-09-03T14:26:01.622 
** Tour n. 81 at 2019-09-03T14:26:03.001 
** Tour n. 82 at 2019-09-03T14:26:04.253 
** Tour n. 83 at 2019-09-03T14:26:05.33 
** Tour n. 84 at 2019-09-03T14:26:06.747 
    2019-09-03T14:26:08.052 , Tour : 85, BEST: 1000 , bonus = 0.0 
** Tour n. 85 at 2019-09-03T14:26:08.052 
** Tour n. 86 at 2019-09-03T14:26:09.214 
** Tour n. 87 at 2019-09-03T14:26:10.398 
** Tour n. 88 at 2019-09-03T14:26:11.631 
** Tour n. 89 at 2019-09-03T14:26:13.017 
    2019-09-03T14:26:14.143 , Tour : 90, BEST: 1000 , bonus = 0.0 
** Tour n. 90 at 2019-09-03T14:26:14.143 
** Tour n. 91 at 2019-09-03T14:26:15.315 
** Tour n. 92 at 2019-09-03T14:26:16.421 
** Tour n. 93 at 2019-09-03T14:26:17.669 
** Tour n. 94 at 2019-09-03T14:26:18.95 
    2019-09-03T14:26:20.017 , Tour : 95, BEST: 1000 , bonus = 0.0 
** Tour n. 95 at 2019-09-03T14:26:20.017 
** Tour n. 96 at 2019-09-03T14:26:21.225 
** Tour n. 97 at 2019-09-03T14:26:22.463 
** Tour n. 98 at 2019-09-03T14:26:23.747 
** Tour n. 99 at 2019-09-03T14:26:24.962 
    2019-09-03T14:26:26.193 , Tour : 100, BEST: 1000 , bonus = 0.0 
** Tour n. 100 at 2019-09-03T14:26:26.193 
** Tour n. 101 at 2019-09-03T14:26:27.291 
** Tour n. 102 at 2019-09-03T14:26:28.478 
** Tour n. 103 at 2019-09-03T14:26:29.998 
** Tour n. 104 at 2019-09-03T14:26:31.271 
    2019-09-03T14:26:32.412 , Tour : 105, BEST: 1000 , bonus = 0.0 
** Tour n. 105 at 2019-09-03T14:26:32.412 
** Tour n. 106 at 2019-09-03T14:26:33.768 
** Tour n. 107 at 2019-09-03T14:26:35.161 
** Tour n. 108 at 2019-09-03T14:26:36.712 
** Tour n. 109 at 2019-09-03T14:26:37.804 
    2019-09-03T14:26:38.927 , Tour : 110, BEST: 1000 , bonus = 0.0 
** Tour n. 110 at 2019-09-03T14:26:38.927 
** Tour n. 111 at 2019-09-03T14:26:40.03 
** Tour n. 112 at 2019-09-03T14:26:41.174 
** Tour n. 113 at 2019-09-03T14:26:42.554 
** Tour n. 114 at 2019-09-03T14:26:43.917 
    2019-09-03T14:26:45.301 , Tour : 115, BEST: 1000 , bonus = 0.0 
** Tour n. 115 at 2019-09-03T14:26:45.301 
** Tour n. 116 at 2019-09-03T14:26:46.486 
** Tour n. 117 at 2019-09-03T14:26:47.834 
** Tour n. 118 at 2019-09-03T14:26:48.946 
** Tour n. 119 at 2019-09-03T14:26:50.153 
    2019-09-03T14:26:51.276 , Tour : 120, BEST: 1000 , bonus = 0.0 
fitness : 1000 
 code : ,+++++++[+[.[++,.]]>+],->.++<<<-+,-<.<[.>++,-<[[[>].-.<,-<+, 
 3 * 3 ->  11 
 13 * 3 ->  21 
 4 * 3 ->  12 
** Tour n. 120 at 2019-09-03T14:26:51.276 
** Tour n. 121 at 2019-09-03T14:26:52.641 
** Tour n. 122 at 2019-09-03T14:26:54.102 
** Tour n. 123 at 2019-09-03T14:26:55.381 
** Tour n. 124 at 2019-09-03T14:26:56.837 
    2019-09-03T14:26:58.286 , Tour : 125, BEST: 1000 , bonus = 0.0 
** Tour n. 125 at 2019-09-03T14:26:58.286 
** Tour n. 126 at 2019-09-03T14:26:59.771 
** Tour n. 127 at 2019-09-03T14:27:01.077 
** Tour n. 128 at 2019-09-03T14:27:02.386 
** Tour n. 129 at 2019-09-03T14:27:03.536 
    2019-09-03T14:27:04.838 , Tour : 130, BEST: 1000 , bonus = 0.0 
** Tour n. 130 at 2019-09-03T14:27:04.838 
** Tour n. 131 at 2019-09-03T14:27:06.03 
** Tour n. 132 at 2019-09-03T14:27:07.263 
** Tour n. 133 at 2019-09-03T14:27:08.384 
** Tour n. 134 at 2019-09-03T14:27:09.711 
    2019-09-03T14:27:10.997 , Tour : 135, BEST: 1000 , bonus = 0.0 
** Tour n. 135 at 2019-09-03T14:27:10.997 
** Tour n. 136 at 2019-09-03T14:27:12.3 
** Tour n. 137 at 2019-09-03T14:27:13.599 
** Tour n. 138 at 2019-09-03T14:27:15.101 
** Tour n. 139 at 2019-09-03T14:27:16.391 
    2019-09-03T14:27:17.563 , Tour : 140, BEST: 1000 , bonus = 0.0 
** Tour n. 140 at 2019-09-03T14:27:17.563 
** Tour n. 141 at 2019-09-03T14:27:19.001 
** Tour n. 142 at 2019-09-03T14:27:20.325 
** Tour n. 143 at 2019-09-03T14:27:21.696 
** Tour n. 144 at 2019-09-03T14:27:23.184 
    2019-09-03T14:27:24.366 , Tour : 145, BEST: 1000 , bonus = 0.0 
** Tour n. 145 at 2019-09-03T14:27:24.366 
** Tour n. 146 at 2019-09-03T14:27:25.612 
** Tour n. 147 at 2019-09-03T14:27:26.923 
** Tour n. 148 at 2019-09-03T14:27:28.146 
** Tour n. 149 at 2019-09-03T14:27:29.345 
    2019-09-03T14:27:30.734 , Tour : 150, BEST: 1000 , bonus = 0.0 
** Tour n. 150 at 2019-09-03T14:27:30.734 
** Tour n. 151 at 2019-09-03T14:27:32.055 
** Tour n. 152 at 2019-09-03T14:27:33.201 
** Tour n. 153 at 2019-09-03T14:27:34.362 
** Tour n. 154 at 2019-09-03T14:27:35.714 
    2019-09-03T14:27:36.946 , Tour : 155, BEST: 1000 , bonus = 0.0 
** Tour n. 155 at 2019-09-03T14:27:36.946 
** Tour n. 156 at 2019-09-03T14:27:38.097 
** Tour n. 157 at 2019-09-03T14:27:39.37 
** Tour n. 158 at 2019-09-03T14:27:40.627 
** Tour n. 159 at 2019-09-03T14:27:42.01 
    2019-09-03T14:27:43.243 , Tour : 160, BEST: 1000 , bonus = 0.0 
fitness : 1000 
 code : ,+++++++[+[.[++,.]]>+],->.++<<<-+,-<.<[.>++,-<[[[>].-.<,-<+, 
 2 * 3 ->  10 
 14 * 3 ->  22 
 4 * 3 ->  12 
** Tour n. 160 at 2019-09-03T14:27:43.243 
** Tour n. 161 at 2019-09-03T14:27:44.553 
** Tour n. 162 at 2019-09-03T14:27:45.726 
** Tour n. 163 at 2019-09-03T14:27:47.016 
** Tour n. 164 at 2019-09-03T14:27:48.171 
    2019-09-03T14:27:49.527 , Tour : 165, BEST: 1000 , bonus = 0.0 
** Tour n. 165 at 2019-09-03T14:27:49.527 
** Tour n. 166 at 2019-09-03T14:27:50.935 
** Tour n. 167 at 2019-09-03T14:27:52.405 
** Tour n. 168 at 2019-09-03T14:27:53.574 
** Tour n. 169 at 2019-09-03T14:27:54.864 
    2019-09-03T14:27:56.058 , Tour : 170, BEST: 1000 , bonus = 0.0 
** Tour n. 170 at 2019-09-03T14:27:56.058 
** Tour n. 171 at 2019-09-03T14:27:57.537 
** Tour n. 172 at 2019-09-03T14:27:58.823 
** Tour n. 173 at 2019-09-03T14:27:59.899 
** Tour n. 174 at 2019-09-03T14:28:01.031 
    2019-09-03T14:28:02.24 , Tour : 175, BEST: 1000 , bonus = 0.0 
** Tour n. 175 at 2019-09-03T14:28:02.24 
** Tour n. 176 at 2019-09-03T14:28:03.383 
** Tour n. 177 at 2019-09-03T14:28:04.686 
** Tour n. 178 at 2019-09-03T14:28:05.815 
** Tour n. 179 at 2019-09-03T14:28:07.176 
    2019-09-03T14:28:08.379 , Tour : 180, BEST: 1000 , bonus = 0.0 
** Tour n. 180 at 2019-09-03T14:28:08.379 
** Tour n. 181 at 2019-09-03T14:28:09.696 
** Tour n. 182 at 2019-09-03T14:28:10.982 
** Tour n. 183 at 2019-09-03T14:28:12.319 
** Tour n. 184 at 2019-09-03T14:28:13.508 
    2019-09-03T14:28:15.111 , Tour : 185, BEST: 1000 , bonus = 0.0 
** Tour n. 185 at 2019-09-03T14:28:15.111 
** Tour n. 186 at 2019-09-03T14:28:16.289 
** Tour n. 187 at 2019-09-03T14:28:17.633 
** Tour n. 188 at 2019-09-03T14:28:19.066 
** Tour n. 189 at 2019-09-03T14:28:20.523 
    2019-09-03T14:28:22.049 , Tour : 190, BEST: 1000 , bonus = 0.0 
** Tour n. 190 at 2019-09-03T14:28:22.049 
** Tour n. 191 at 2019-09-03T14:28:23.431 
** Tour n. 192 at 2019-09-03T14:28:24.756 
** Tour n. 193 at 2019-09-03T14:28:26.073 
** Tour n. 194 at 2019-09-03T14:28:27.269 
    2019-09-03T14:28:28.45 , Tour : 195, BEST: 1000 , bonus = 0.0 
** Tour n. 195 at 2019-09-03T14:28:28.45 
** Tour n. 196 at 2019-09-03T14:28:29.611 
** Tour n. 197 at 2019-09-03T14:28:30.944 
** Tour n. 198 at 2019-09-03T14:28:32.171 
** Tour n. 199 at 2019-09-03T14:28:33.339 
    2019-09-03T14:28:34.689 , Tour : 200, BEST: 1000 , bonus = 0.0 
fitness : 1000 
 code : ,+++++++[+[.[++,.]]>+],->.++<<<-+,-<.<[.>++,-<[[[>].-.<,-<+, 
 2 * 3 ->  10 
 10 * 3 ->  18 
 2 * 3 ->  10 
** Tour n. 200 at 2019-09-03T14:28:34.689 
** Tour n. 201 at 2019-09-03T14:28:36.078 
** Tour n. 202 at 2019-09-03T14:28:37.367 
** Tour n. 203 at 2019-09-03T14:28:38.705 
** Tour n. 204 at 2019-09-03T14:28:40.136 
    2019-09-03T14:28:41.537 , Tour : 205, BEST: 1000 , bonus = 0.0 
** Tour n. 205 at 2019-09-03T14:28:41.537 
** Tour n. 206 at 2019-09-03T14:28:43.073 
** Tour n. 207 at 2019-09-03T14:28:44.47 
** Tour n. 208 at 2019-09-03T14:28:45.66 
** Tour n. 209 at 2019-09-03T14:28:46.827 
    2019-09-03T14:28:48.164 , Tour : 210, BEST: 1000 , bonus = 0.0 
** Tour n. 210 at 2019-09-03T14:28:48.164 
** Tour n. 211 at 2019-09-03T14:28:49.257 
** Tour n. 212 at 2019-09-03T14:28:50.426 
** Tour n. 213 at 2019-09-03T14:28:51.749 
** Tour n. 214 at 2019-09-03T14:28:52.864 
    2019-09-03T14:28:54.034 , Tour : 215, BEST: 1000 , bonus = 0.0 
** Tour n. 215 at 2019-09-03T14:28:54.034 
** Tour n. 216 at 2019-09-03T14:28:55.335 
** Tour n. 217 at 2019-09-03T14:28:56.613 
** Tour n. 218 at 2019-09-03T14:28:57.851 
** Tour n. 219 at 2019-09-03T14:28:59.148 
    2019-09-03T14:29:00.276 , Tour : 220, BEST: 1000 , bonus = 0.0 
** Tour n. 220 at 2019-09-03T14:29:00.276 
** Tour n. 221 at 2019-09-03T14:29:01.437 
** Tour n. 222 at 2019-09-03T14:29:02.574 
** Tour n. 223 at 2019-09-03T14:29:03.733 
** Tour n. 224 at 2019-09-03T14:29:04.821 
    2019-09-03T14:29:06.073 , Tour : 225, BEST: 1000 , bonus = 0.0 
** Tour n. 225 at 2019-09-03T14:29:06.073 
** Tour n. 226 at 2019-09-03T14:29:07.218 
** Tour n. 227 at 2019-09-03T14:29:08.479 
** Tour n. 228 at 2019-09-03T14:29:09.927 
** Tour n. 229 at 2019-09-03T14:29:11.152 
    2019-09-03T14:29:12.441 , Tour : 230, BEST: 1000 , bonus = 0.0 
** Tour n. 230 at 2019-09-03T14:29:12.441 
** Tour n. 231 at 2019-09-03T14:29:13.914 
** Tour n. 232 at 2019-09-03T14:29:15.157 
** Tour n. 233 at 2019-09-03T14:29:16.488 
** Tour n. 234 at 2019-09-03T14:29:17.869 
    2019-09-03T14:29:19.188 , Tour : 235, BEST: 1000 , bonus = 0.0 
** Tour n. 235 at 2019-09-03T14:29:19.188 
** Tour n. 236 at 2019-09-03T14:29:20.369 
** Tour n. 237 at 2019-09-03T14:29:21.884 
** Tour n. 238 at 2019-09-03T14:29:23.04 
** Tour n. 239 at 2019-09-03T14:29:24.51 
    2019-09-03T14:29:25.819 , Tour : 240, BEST: 1000 , bonus = 0.0 
fitness : 1000 
 code : ,+++++++[+[.[++,.]]>+],->.++<<<-+,-<.<[.>++,-<[[[>].-.<,-<+, 
 0 * 3 ->  8 
 9 * 3 ->  17 
 10 * 3 ->  18 
** Tour n. 240 at 2019-09-03T14:29:25.819 
** Tour n. 241 at 2019-09-03T14:29:27.067 
** Tour n. 242 at 2019-09-03T14:29:28.41 
** Tour n. 243 at 2019-09-03T14:29:29.588 
** Tour n. 244 at 2019-09-03T14:29:30.949 
    2019-09-03T14:29:32.241 , Tour : 245, BEST: 1000 , bonus = 0.0 
** Tour n. 245 at 2019-09-03T14:29:32.241 
** Tour n. 246 at 2019-09-03T14:29:33.501 
** Tour n. 247 at 2019-09-03T14:29:35.074 
** Tour n. 248 at 2019-09-03T14:29:36.394 
** Tour n. 249 at 2019-09-03T14:29:37.62 
    2019-09-03T14:29:38.888 , Tour : 250, BEST: 1000 , bonus = 0.0 
** Tour n. 250 at 2019-09-03T14:29:38.888 
** Tour n. 251 at 2019-09-03T14:29:40.179 
** Tour n. 252 at 2019-09-03T14:29:41.455 
** Tour n. 253 at 2019-09-03T14:29:42.935 
** Tour n. 254 at 2019-09-03T14:29:44.008 
    2019-09-03T14:29:45.184 , Tour : 255, BEST: 1000 , bonus = 0.0 
** Tour n. 255 at 2019-09-03T14:29:45.184 
** Tour n. 256 at 2019-09-03T14:29:46.369 
** Tour n. 257 at 2019-09-03T14:29:47.734 
** Tour n. 258 at 2019-09-03T14:29:49.114 
** Tour n. 259 at 2019-09-03T14:29:50.456 
    2019-09-03T14:29:52.001 , Tour : 260, BEST: 1000 , bonus = 0.0 
** Tour n. 260 at 2019-09-03T14:29:52.001 
** Tour n. 261 at 2019-09-03T14:29:53.233 
** Tour n. 262 at 2019-09-03T14:29:54.479 
** Tour n. 263 at 2019-09-03T14:29:55.74 
** Tour n. 264 at 2019-09-03T14:29:57.048 
    2019-09-03T14:29:58.423 , Tour : 265, BEST: 1000 , bonus = 0.0 
** Tour n. 265 at 2019-09-03T14:29:58.423 
** Tour n. 266 at 2019-09-03T14:29:59.642 
** Tour n. 267 at 2019-09-03T14:30:00.83 
** Tour n. 268 at 2019-09-03T14:30:01.936 
** Tour n. 269 at 2019-09-03T14:30:03.254 
    2019-09-03T14:30:04.622 , Tour : 270, BEST: 1000 , bonus = 0.0 
** Tour n. 270 at 2019-09-03T14:30:04.622 
** Tour n. 271 at 2019-09-03T14:30:05.743 
** Tour n. 272 at 2019-09-03T14:30:06.893 
** Tour n. 273 at 2019-09-03T14:30:08.173 
** Tour n. 274 at 2019-09-03T14:30:09.557 
    2019-09-03T14:30:10.863 , Tour : 275, BEST: 1000 , bonus = 0.0 
** Tour n. 275 at 2019-09-03T14:30:10.863 
** Tour n. 276 at 2019-09-03T14:30:11.961 
** Tour n. 277 at 2019-09-03T14:30:13.15 
** Tour n. 278 at 2019-09-03T14:30:14.613 
** Tour n. 279 at 2019-09-03T14:30:16.001 
    2019-09-03T14:30:17.256 , Tour : 280, BEST: 1000 , bonus = 0.0 
fitness : 1000 
 code : ,+++++++[+[.[++,.]]>+],->.++<<<-+,-<.<[.>++,-<[[[>].-.<,-<+, 
 12 * 3 ->  20 
 2 * 3 ->  10 
 7 * 3 ->  15 
** Tour n. 280 at 2019-09-03T14:30:17.256 
** Tour n. 281 at 2019-09-03T14:30:18.498 
** Tour n. 282 at 2019-09-03T14:30:19.726 
** Tour n. 283 at 2019-09-03T14:30:21.016 
** Tour n. 284 at 2019-09-03T14:30:22.126 
    2019-09-03T14:30:23.488 , Tour : 285, BEST: 1000 , bonus = 0.0 
** Tour n. 285 at 2019-09-03T14:30:23.488 
** Tour n. 286 at 2019-09-03T14:30:24.58 
** Tour n. 287 at 2019-09-03T14:30:25.741 
** Tour n. 288 at 2019-09-03T14:30:26.87 
** Tour n. 289 at 2019-09-03T14:30:28.063 
    2019-09-03T14:30:29.295 , Tour : 290, BEST: 1000 , bonus = 0.0 
** Tour n. 290 at 2019-09-03T14:30:29.295 
** Tour n. 291 at 2019-09-03T14:30:30.627 
** Tour n. 292 at 2019-09-03T14:30:31.884 
** Tour n. 293 at 2019-09-03T14:30:33.204 
** Tour n. 294 at 2019-09-03T14:30:34.308 
    2019-09-03T14:30:35.557 , Tour : 295, BEST: 1000 , bonus = 0.0 
** Tour n. 295 at 2019-09-03T14:30:35.557 
** Tour n. 296 at 2019-09-03T14:30:36.719 
** Tour n. 297 at 2019-09-03T14:30:38.075 
** Tour n. 298 at 2019-09-03T14:30:39.453 
** Tour n. 299 at 2019-09-03T14:30:40.735 
    2019-09-03T14:30:41.922 , Tour : 300, BEST: 1000 , bonus = 0.0 
** Tour n. 300 at 2019-09-03T14:30:41.922 
** Tour n. 301 at 2019-09-03T14:30:43.225 
** Tour n. 302 at 2019-09-03T14:30:44.398 
** Tour n. 303 at 2019-09-03T14:30:45.737 
** Tour n. 304 at 2019-09-03T14:30:47.165 
    2019-09-03T14:30:48.449 , Tour : 305, BEST: 1000 , bonus = 0.0 
** Tour n. 305 at 2019-09-03T14:30:48.449 
** Tour n. 306 at 2019-09-03T14:30:49.699 
** Tour n. 307 at 2019-09-03T14:30:50.809 
** Tour n. 308 at 2019-09-03T14:30:51.91 
** Tour n. 309 at 2019-09-03T14:30:53.381 
    2019-09-03T14:30:54.678 , Tour : 310, BEST: 1000 , bonus = 0.0 
** Tour n. 310 at 2019-09-03T14:30:54.678 
** Tour n. 311 at 2019-09-03T14:30:55.767 
** Tour n. 312 at 2019-09-03T14:30:57.024 
** Tour n. 313 at 2019-09-03T14:30:58.258 
** Tour n. 314 at 2019-09-03T14:30:59.491 
    2019-09-03T14:31:00.814 , Tour : 315, BEST: 1000 , bonus = 0.0 
** Tour n. 315 at 2019-09-03T14:31:00.814 
** Tour n. 316 at 2019-09-03T14:31:01.926 
** Tour n. 317 at 2019-09-03T14:31:03.007 
** Tour n. 318 at 2019-09-03T14:31:04.24 
** Tour n. 319 at 2019-09-03T14:31:05.324 
    2019-09-03T14:31:06.533 , Tour : 320, BEST: 1000 , bonus = 0.0 
fitness : 1000 
 code : ,+++++++[+[.[++,.]]>+],->.++<<<-+,-<.<[.>++,-<[[[>].-.<,-<+, 
 1 * 3 ->  9 
 12 * 3 ->  20 
 3 * 3 ->  11 
** Tour n. 320 at 2019-09-03T14:31:06.533 
** Tour n. 321 at 2019-09-03T14:31:07.71 
** Tour n. 322 at 2019-09-03T14:31:08.98 
** Tour n. 323 at 2019-09-03T14:31:10.17 
** Tour n. 324 at 2019-09-03T14:31:11.303 
    2019-09-03T14:31:12.442 , Tour : 325, BEST: 1000 , bonus = 0.0 
** Tour n. 325 at 2019-09-03T14:31:12.442 
** Tour n. 326 at 2019-09-03T14:31:13.567 
** Tour n. 327 at 2019-09-03T14:31:14.994 
** Tour n. 328 at 2019-09-03T14:31:16.356 
** Tour n. 329 at 2019-09-03T14:31:17.621 
    2019-09-03T14:31:18.863 , Tour : 330, BEST: 1000 , bonus = 0.0 
** Tour n. 330 at 2019-09-03T14:31:18.863 
** Tour n. 331 at 2019-09-03T14:31:20.047 
** Tour n. 332 at 2019-09-03T14:31:21.276 
** Tour n. 333 at 2019-09-03T14:31:22.569 
** Tour n. 334 at 2019-09-03T14:31:23.854 
    2019-09-03T14:31:25.052 , Tour : 335, BEST: 1000 , bonus = 0.0 
** Tour n. 335 at 2019-09-03T14:31:25.052 
** Tour n. 336 at 2019-09-03T14:31:26.215 
** Tour n. 337 at 2019-09-03T14:31:27.525 
** Tour n. 338 at 2019-09-03T14:31:28.7 
** Tour n. 339 at 2019-09-03T14:31:30.109 
    2019-09-03T14:31:31.297 , Tour : 340, BEST: 1000 , bonus = 0.0 
** Tour n. 340 at 2019-09-03T14:31:31.297 
** Tour n. 341 at 2019-09-03T14:31:32.587 
** Tour n. 342 at 2019-09-03T14:31:33.864 
** Tour n. 343 at 2019-09-03T14:31:35.024 
** Tour n. 344 at 2019-09-03T14:31:36.368 
    2019-09-03T14:31:37.542 , Tour : 345, BEST: 1000 , bonus = 0.0 
** Tour n. 345 at 2019-09-03T14:31:37.542 
** Tour n. 346 at 2019-09-03T14:31:39.049 
** Tour n. 347 at 2019-09-03T14:31:40.224 
** Tour n. 348 at 2019-09-03T14:31:41.624 
** Tour n. 349 at 2019-09-03T14:31:42.897 
    2019-09-03T14:31:44.004 , Tour : 350, BEST: 1000 , bonus = 0.0 
** Tour n. 350 at 2019-09-03T14:31:44.003 
** Tour n. 351 at 2019-09-03T14:31:45.156 
** Tour n. 352 at 2019-09-03T14:31:46.332 
** Tour n. 353 at 2019-09-03T14:31:47.541 
** Tour n. 354 at 2019-09-03T14:31:48.741 
    2019-09-03T14:31:50.082 , Tour : 355, BEST: 1000 , bonus = 0.0 
** Tour n. 355 at 2019-09-03T14:31:50.082 
** Tour n. 356 at 2019-09-03T14:31:51.445 
** Tour n. 357 at 2019-09-03T14:31:52.675 
** Tour n. 358 at 2019-09-03T14:31:53.912 
** Tour n. 359 at 2019-09-03T14:31:55.091 
    2019-09-03T14:31:56.287 , Tour : 360, BEST: 1000 , bonus = 0.0 
fitness : 1000 
 code : ,+++++++[+[.[++,.]]>+],->.++<<<-+,-<.<[.>++,-<[[[>].-.<,-<+, 
 11 * 3 ->  19 
 6 * 3 ->  14 
 1 * 3 ->  9 
** Tour n. 360 at 2019-09-03T14:31:56.287 
** Tour n. 361 at 2019-09-03T14:31:57.479 
** Tour n. 362 at 2019-09-03T14:31:58.739 
** Tour n. 363 at 2019-09-03T14:31:59.86 
** Tour n. 364 at 2019-09-03T14:32:01.352 
    2019-09-03T14:32:02.497 , Tour : 365, BEST: 1000 , bonus = 0.0 
** Tour n. 365 at 2019-09-03T14:32:02.497 
** Tour n. 366 at 2019-09-03T14:32:03.818 
** Tour n. 367 at 2019-09-03T14:32:05.14 
** Tour n. 368 at 2019-09-03T14:32:06.425 
** Tour n. 369 at 2019-09-03T14:32:07.703 
    2019-09-03T14:32:08.818 , Tour : 370, BEST: 1000 , bonus = 0.0 
** Tour n. 370 at 2019-09-03T14:32:08.818 
** Tour n. 371 at 2019-09-03T14:32:09.974 
** Tour n. 372 at 2019-09-03T14:32:11.49 
** Tour n. 373 at 2019-09-03T14:32:12.625 
** Tour n. 374 at 2019-09-03T14:32:13.738 
    2019-09-03T14:32:15.296 , Tour : 375, BEST: 1000 , bonus = 0.0 
** Tour n. 375 at 2019-09-03T14:32:15.296 
** Tour n. 376 at 2019-09-03T14:32:16.508 
** Tour n. 377 at 2019-09-03T14:32:17.634 
** Tour n. 378 at 2019-09-03T14:32:18.935 
** Tour n. 379 at 2019-09-03T14:32:20.069 
    2019-09-03T14:32:21.29 , Tour : 380, BEST: 1000 , bonus = 0.0 
** Tour n. 380 at 2019-09-03T14:32:21.29 
** Tour n. 381 at 2019-09-03T14:32:22.463 
** Tour n. 382 at 2019-09-03T14:32:23.6 
** Tour n. 383 at 2019-09-03T14:32:24.868 
** Tour n. 384 at 2019-09-03T14:32:26.154 
    2019-09-03T14:32:27.437 , Tour : 385, BEST: 1000 , bonus = 0.0 
** Tour n. 385 at 2019-09-03T14:32:27.437 
** Tour n. 386 at 2019-09-03T14:32:28.794 
** Tour n. 387 at 2019-09-03T14:32:30.007 
** Tour n. 388 at 2019-09-03T14:32:31.238 
** Tour n. 389 at 2019-09-03T14:32:32.41 
    2019-09-03T14:32:33.6 , Tour : 390, BEST: 1000 , bonus = 0.0 
** Tour n. 390 at 2019-09-03T14:32:33.6 
** Tour n. 391 at 2019-09-03T14:32:34.669 
** Tour n. 392 at 2019-09-03T14:32:35.972 
** Tour n. 393 at 2019-09-03T14:32:37.195 
** Tour n. 394 at 2019-09-03T14:32:38.599 
    2019-09-03T14:32:40.142 , Tour : 395, BEST: 1000 , bonus = 0.0 
** Tour n. 395 at 2019-09-03T14:32:40.142 
** Tour n. 396 at 2019-09-03T14:32:41.422 
** Tour n. 397 at 2019-09-03T14:32:42.535 
** Tour n. 398 at 2019-09-03T14:32:43.909 
** Tour n. 399 at 2019-09-03T14:32:44.996 
    2019-09-03T14:32:46.385 , Tour : 400, BEST: 1000 , bonus = 0.0 
fitness : 1000 
 code : ,+++++++[+[.[++,.]]>+],->.++<<<-+,-<.<[.>++,-<[[[>].-.<,-<+, 
 9 * 3 ->  17 
 5 * 3 ->  13 
 3 * 3 ->  11 
** Tour n. 400 at 2019-09-03T14:32:46.385 
** Tour n. 401 at 2019-09-03T14:32:47.488 
** Tour n. 402 at 2019-09-03T14:32:48.634 
** Tour n. 403 at 2019-09-03T14:32:49.751 
** Tour n. 404 at 2019-09-03T14:32:51.156 
    2019-09-03T14:32:52.474 , Tour : 405, BEST: 1000 , bonus = 0.0 
** Tour n. 405 at 2019-09-03T14:32:52.474 
** Tour n. 406 at 2019-09-03T14:32:53.681 
** Tour n. 407 at 2019-09-03T14:32:54.905 
** Tour n. 408 at 2019-09-03T14:32:56.323 
** Tour n. 409 at 2019-09-03T14:32:57.516 
    2019-09-03T14:32:58.831 , Tour : 410, BEST: 1000 , bonus = 0.0 
** Tour n. 410 at 2019-09-03T14:32:58.831 
** Tour n. 411 at 2019-09-03T14:33:00.029 
** Tour n. 412 at 2019-09-03T14:33:01.372 
** Tour n. 413 at 2019-09-03T14:33:02.612 
** Tour n. 414 at 2019-09-03T14:33:03.895 
    2019-09-03T14:33:05.13 , Tour : 415, BEST: 1000 , bonus = 0.0 
** Tour n. 415 at 2019-09-03T14:33:05.13 
** Tour n. 416 at 2019-09-03T14:33:06.484 
** Tour n. 417 at 2019-09-03T14:33:07.77 
** Tour n. 418 at 2019-09-03T14:33:09.056 
** Tour n. 419 at 2019-09-03T14:33:10.385 
    2019-09-03T14:33:11.847 , Tour : 420, BEST: 1000 , bonus = 0.0 
** Tour n. 420 at 2019-09-03T14:33:11.846 
** Tour n. 421 at 2019-09-03T14:33:13.215 
** Tour n. 422 at 2019-09-03T14:33:14.627 
** Tour n. 423 at 2019-09-03T14:33:15.877 
** Tour n. 424 at 2019-09-03T14:33:17.261 
    2019-09-03T14:33:18.431 , Tour : 425, BEST: 1000 , bonus = 0.0 
** Tour n. 425 at 2019-09-03T14:33:18.431 
** Tour n. 426 at 2019-09-03T14:33:19.586 
** Tour n. 427 at 2019-09-03T14:33:20.808 
** Tour n. 428 at 2019-09-03T14:33:21.94 
** Tour n. 429 at 2019-09-03T14:33:23.108 
    2019-09-03T14:33:24.303 , Tour : 430, BEST: 1000 , bonus = 0.0 
** Tour n. 430 at 2019-09-03T14:33:24.303 
** Tour n. 431 at 2019-09-03T14:33:25.514 
** Tour n. 432 at 2019-09-03T14:33:26.734 
** Tour n. 433 at 2019-09-03T14:33:27.954 
** Tour n. 434 at 2019-09-03T14:33:29.04 
    2019-09-03T14:33:30.644 , Tour : 435, BEST: 1000 , bonus = 0.0 
** Tour n. 435 at 2019-09-03T14:33:30.644 
** Tour n. 436 at 2019-09-03T14:33:31.872 
** Tour n. 437 at 2019-09-03T14:33:33.124 
** Tour n. 438 at 2019-09-03T14:33:34.304 
** Tour n. 439 at 2019-09-03T14:33:35.561 
    2019-09-03T14:33:36.787 , Tour : 440, BEST: 1000 , bonus = 0.0 
fitness : 1000 
 code : ,+++++++[+[.[++,.]]>+],->.++<<<-+,-<.<[.>++,-<[[[>].-.<,-<+, 
 9 * 3 ->  17 
 14 * 3 ->  22 
 6 * 3 ->  14 
** Tour n. 440 at 2019-09-03T14:33:36.787 
** Tour n. 441 at 2019-09-03T14:33:37.937 
** Tour n. 442 at 2019-09-03T14:33:39.09 
** Tour n. 443 at 2019-09-03T14:33:40.281 
** Tour n. 444 at 2019-09-03T14:33:41.754 
    2019-09-03T14:33:42.885 , Tour : 445, BEST: 1000 , bonus = 0.0 
** Tour n. 445 at 2019-09-03T14:33:42.885 
** Tour n. 446 at 2019-09-03T14:33:44.17 
** Tour n. 447 at 2019-09-03T14:33:45.306 
** Tour n. 448 at 2019-09-03T14:33:46.383 
** Tour n. 449 at 2019-09-03T14:33:47.596 
    2019-09-03T14:33:48.975 , Tour : 450, BEST: 1000 , bonus = 0.0 
** Tour n. 450 at 2019-09-03T14:33:48.975 
** Tour n. 451 at 2019-09-03T14:33:50.14 
** Tour n. 452 at 2019-09-03T14:33:51.275 
** Tour n. 453 at 2019-09-03T14:33:52.654 
** Tour n. 454 at 2019-09-03T14:33:53.859 
    2019-09-03T14:33:55.256 , Tour : 455, BEST: 1000 , bonus = 0.0 
** Tour n. 455 at 2019-09-03T14:33:55.256 
** Tour n. 456 at 2019-09-03T14:33:56.524 
** Tour n. 457 at 2019-09-03T14:33:57.696 
** Tour n. 458 at 2019-09-03T14:33:58.884 
** Tour n. 459 at 2019-09-03T14:34:00.055 
    2019-09-03T14:34:01.393 , Tour : 460, BEST: 1000 , bonus = 0.0 
** Tour n. 460 at 2019-09-03T14:34:01.393 
** Tour n. 461 at 2019-09-03T14:34:02.682 
** Tour n. 462 at 2019-09-03T14:34:03.79 
** Tour n. 463 at 2019-09-03T14:34:05.189 
** Tour n. 464 at 2019-09-03T14:34:06.384 
    2019-09-03T14:34:07.56 , Tour : 465, BEST: 1000 , bonus = 0.0 
** Tour n. 465 at 2019-09-03T14:34:07.56 
** Tour n. 466 at 2019-09-03T14:34:08.789 
** Tour n. 467 at 2019-09-03T14:34:10.058 
** Tour n. 468 at 2019-09-03T14:34:11.29 
** Tour n. 469 at 2019-09-03T14:34:12.451 
    2019-09-03T14:34:13.572 , Tour : 470, BEST: 1000 , bonus = 0.0 
** Tour n. 470 at 2019-09-03T14:34:13.572 
** Tour n. 471 at 2019-09-03T14:34:14.69 
** Tour n. 472 at 2019-09-03T14:34:16.101 
** Tour n. 473 at 2019-09-03T14:34:17.439 
** Tour n. 474 at 2019-09-03T14:34:18.602 
    2019-09-03T14:34:19.805 , Tour : 475, BEST: 1000 , bonus = 0.0 
** Tour n. 475 at 2019-09-03T14:34:19.805 
** Tour n. 476 at 2019-09-03T14:34:21.105 
** Tour n. 477 at 2019-09-03T14:34:22.443 
** Tour n. 478 at 2019-09-03T14:34:23.651 
** Tour n. 479 at 2019-09-03T14:34:24.791 
    2019-09-03T14:34:26.14 , Tour : 480, BEST: 1000 , bonus = 0.0 
fitness : 1000 
 code : ,+++++++[+[.[++,.]]>+],->.++<<<-+,-<.<[.>++,-<[[[>].-.<,-<+, 
 5 * 3 ->  13 
 15 * 3 ->  23 
 1 * 3 ->  9 
** Tour n. 480 at 2019-09-03T14:34:26.14 
** Tour n. 481 at 2019-09-03T14:34:27.523 
** Tour n. 482 at 2019-09-03T14:34:28.754 
** Tour n. 483 at 2019-09-03T14:34:29.848 
** Tour n. 484 at 2019-09-03T14:34:31.144 
    2019-09-03T14:34:32.515 , Tour : 485, BEST: 1000 , bonus = 0.0 
** Tour n. 485 at 2019-09-03T14:34:32.515 
** Tour n. 486 at 2019-09-03T14:34:33.807 
** Tour n. 487 at 2019-09-03T14:34:35.091 
** Tour n. 488 at 2019-09-03T14:34:36.318 
** Tour n. 489 at 2019-09-03T14:34:37.517 
    2019-09-03T14:34:38.817 , Tour : 490, BEST: 1000 , bonus = 0.0 
** Tour n. 490 at 2019-09-03T14:34:38.817 
** Tour n. 491 at 2019-09-03T14:34:40.115 
** Tour n. 492 at 2019-09-03T14:34:41.176 
** Tour n. 493 at 2019-09-03T14:34:42.31 
** Tour n. 494 at 2019-09-03T14:34:43.777 
    2019-09-03T14:34:45.302 , Tour : 495, BEST: 1000 , bonus = 0.0 
** Tour n. 495 at 2019-09-03T14:34:45.302 
** Tour n. 496 at 2019-09-03T14:34:46.585 
** Tour n. 497 at 2019-09-03T14:34:47.892 
** Tour n. 498 at 2019-09-03T14:34:49.09 
** Tour n. 499 at 2019-09-03T14:34:50.291 
    2019-09-03T14:34:51.473 , Tour : 500, BEST: 1000 , bonus = 0.0 
** Tour n. 500 at 2019-09-03T14:34:51.473 
** Tour n. 501 at 2019-09-03T14:34:52.94 
** Tour n. 502 at 2019-09-03T14:34:54.269 
** Tour n. 503 at 2019-09-03T14:34:55.541 
** Tour n. 504 at 2019-09-03T14:34:56.886 
    2019-09-03T14:34:57.98 , Tour : 505, BEST: 1000 , bonus = 0.0 
** Tour n. 505 at 2019-09-03T14:34:57.98 
** Tour n. 506 at 2019-09-03T14:34:59.326 
** Tour n. 507 at 2019-09-03T14:35:00.474 
** Tour n. 508 at 2019-09-03T14:35:01.664 
** Tour n. 509 at 2019-09-03T14:35:02.958 
    2019-09-03T14:35:04.35 , Tour : 510, BEST: 1000 , bonus = 0.0 
** Tour n. 510 at 2019-09-03T14:35:04.35 
** Tour n. 511 at 2019-09-03T14:35:05.736 
** Tour n. 512 at 2019-09-03T14:35:06.84 
** Tour n. 513 at 2019-09-03T14:35:08.067 
** Tour n. 514 at 2019-09-03T14:35:09.238 
    2019-09-03T14:35:10.464 , Tour : 515, BEST: 1000 , bonus = 0.0 
** Tour n. 515 at 2019-09-03T14:35:10.464 
** Tour n. 516 at 2019-09-03T14:35:11.527 
** Tour n. 517 at 2019-09-03T14:35:12.897 
** Tour n. 518 at 2019-09-03T14:35:14.128 
** Tour n. 519 at 2019-09-03T14:35:15.36 
    2019-09-03T14:35:16.583 , Tour : 520, BEST: 1000 , bonus = 0.0 
fitness : 1000 
 code : ,+++++++[+[.[++,.]]>+],->.++<<<-+,-<.<[.>++,-<[[[>].-.<,-<+, 
 14 * 3 ->  22 
 0 * 3 ->  8 
 14 * 3 ->  22 
** Tour n. 520 at 2019-09-03T14:35:16.583 
** Tour n. 521 at 2019-09-03T14:35:17.987 
** Tour n. 522 at 2019-09-03T14:35:19.209 
** Tour n. 523 at 2019-09-03T14:35:20.754 
** Tour n. 524 at 2019-09-03T14:35:22.058 
    2019-09-03T14:35:23.294 , Tour : 525, BEST: 1000 , bonus = 0.0 
** Tour n. 525 at 2019-09-03T14:35:23.294 
** Tour n. 526 at 2019-09-03T14:35:24.512 
** Tour n. 527 at 2019-09-03T14:35:25.911 
** Tour n. 528 at 2019-09-03T14:35:27.273 
** Tour n. 529 at 2019-09-03T14:35:28.479 
    2019-09-03T14:35:29.586 , Tour : 530, BEST: 1000 , bonus = 0.0 
** Tour n. 530 at 2019-09-03T14:35:29.586 
** Tour n. 531 at 2019-09-03T14:35:30.836 
** Tour n. 532 at 2019-09-03T14:35:32.045 
** Tour n. 533 at 2019-09-03T14:35:33.444 
** Tour n. 534 at 2019-09-03T14:35:34.571 
    2019-09-03T14:35:35.952 , Tour : 535, BEST: 1000 , bonus = 0.0 
** Tour n. 535 at 2019-09-03T14:35:35.952 
** Tour n. 536 at 2019-09-03T14:35:37.102 
** Tour n. 537 at 2019-09-03T14:35:38.468 
** Tour n. 538 at 2019-09-03T14:35:39.854 
** Tour n. 539 at 2019-09-03T14:35:41.177 
    2019-09-03T14:35:42.507 , Tour : 540, BEST: 1000 , bonus = 0.0 
** Tour n. 540 at 2019-09-03T14:35:42.507 
** Tour n. 541 at 2019-09-03T14:35:43.663 
** Tour n. 542 at 2019-09-03T14:35:44.864 
** Tour n. 543 at 2019-09-03T14:35:46.014 
** Tour n. 544 at 2019-09-03T14:35:47.303 
    2019-09-03T14:35:48.551 , Tour : 545, BEST: 1000 , bonus = 0.0 
** Tour n. 545 at 2019-09-03T14:35:48.551 
** Tour n. 546 at 2019-09-03T14:35:49.954 
** Tour n. 547 at 2019-09-03T14:35:51.174 
** Tour n. 548 at 2019-09-03T14:35:52.503 
** Tour n. 549 at 2019-09-03T14:35:53.755 
    2019-09-03T14:35:55.23 , Tour : 550, BEST: 1000 , bonus = 0.0 
** Tour n. 550 at 2019-09-03T14:35:55.23 
** Tour n. 551 at 2019-09-03T14:35:56.634 
** Tour n. 552 at 2019-09-03T14:35:57.843 
** Tour n. 553 at 2019-09-03T14:35:59.11 
** Tour n. 554 at 2019-09-03T14:36:00.467 
    2019-09-03T14:36:01.695 , Tour : 555, BEST: 1000 , bonus = 0.0 
** Tour n. 555 at 2019-09-03T14:36:01.695 
** Tour n. 556 at 2019-09-03T14:36:03.063 
** Tour n. 557 at 2019-09-03T14:36:04.427 
** Tour n. 558 at 2019-09-03T14:36:05.587 
** Tour n. 559 at 2019-09-03T14:36:07.152 
    2019-09-03T14:36:08.46 , Tour : 560, BEST: 1000 , bonus = 0.0 
fitness : 1000 
 code : ,+++++++[+[.[++,.]]>+],->.++<<<-+,-<.<[.>++,-<[[[>].-.<,-<+, 
 12 * 3 ->  20 
 13 * 3 ->  21 
 15 * 3 ->  23 
** Tour n. 560 at 2019-09-03T14:36:08.46 
** Tour n. 561 at 2019-09-03T14:36:09.633 
** Tour n. 562 at 2019-09-03T14:36:10.84 
** Tour n. 563 at 2019-09-03T14:36:12.029 
** Tour n. 564 at 2019-09-03T14:36:13.17 
    2019-09-03T14:36:14.452 , Tour : 565, BEST: 1000 , bonus = 0.0 
** Tour n. 565 at 2019-09-03T14:36:14.452 
** Tour n. 566 at 2019-09-03T14:36:15.869 
** Tour n. 567 at 2019-09-03T14:36:17.062 
** Tour n. 568 at 2019-09-03T14:36:18.231 
** Tour n. 569 at 2019-09-03T14:36:19.551 
    2019-09-03T14:36:20.747 , Tour : 570, BEST: 1000 , bonus = 0.0 
** Tour n. 570 at 2019-09-03T14:36:20.747 
** Tour n. 571 at 2019-09-03T14:36:21.869 
** Tour n. 572 at 2019-09-03T14:36:23.252 
** Tour n. 573 at 2019-09-03T14:36:24.532 
** Tour n. 574 at 2019-09-03T14:36:25.646 
    2019-09-03T14:36:26.757 , Tour : 575, BEST: 1000 , bonus = 0.0 
** Tour n. 575 at 2019-09-03T14:36:26.757 
** Tour n. 576 at 2019-09-03T14:36:27.896 
** Tour n. 577 at 2019-09-03T14:36:29.072 
** Tour n. 578 at 2019-09-03T14:36:30.552 
** Tour n. 579 at 2019-09-03T14:36:32.02 
    2019-09-03T14:36:33.356 , Tour : 580, BEST: 1000 , bonus = 0.0 
** Tour n. 580 at 2019-09-03T14:36:33.356 
** Tour n. 581 at 2019-09-03T14:36:34.597 
** Tour n. 582 at 2019-09-03T14:36:35.858 
** Tour n. 583 at 2019-09-03T14:36:37.154 
** Tour n. 584 at 2019-09-03T14:36:38.51 
    2019-09-03T14:36:39.904 , Tour : 585, BEST: 1000 , bonus = 0.0 
** Tour n. 585 at 2019-09-03T14:36:39.904 
** Tour n. 586 at 2019-09-03T14:36:41.392 
** Tour n. 587 at 2019-09-03T14:36:42.527 
** Tour n. 588 at 2019-09-03T14:36:43.722 
** Tour n. 589 at 2019-09-03T14:36:45.026 
    2019-09-03T14:36:46.173 , Tour : 590, BEST: 1000 , bonus = 0.0 
** Tour n. 590 at 2019-09-03T14:36:46.173 
** Tour n. 591 at 2019-09-03T14:36:47.604 
** Tour n. 592 at 2019-09-03T14:36:48.976 
** Tour n. 593 at 2019-09-03T14:36:50.322 
** Tour n. 594 at 2019-09-03T14:36:51.828 
    2019-09-03T14:36:53.301 , Tour : 595, BEST: 1000 , bonus = 0.0 
** Tour n. 595 at 2019-09-03T14:36:53.301 
** Tour n. 596 at 2019-09-03T14:36:54.704 
** Tour n. 597 at 2019-09-03T14:36:55.95 
** Tour n. 598 at 2019-09-03T14:36:57.182 
** Tour n. 599 at 2019-09-03T14:36:58.606 
    2019-09-03T14:36:59.94 , Tour : 600, BEST: 1000 , bonus = 0.0 
fitness : 1000 
 code : ,+++++++[+[.[++,.]]>+],->.++<<<-+,-<.<[.>++,-<[[[>].-.<,-<+, 
 7 * 3 ->  15 
 3 * 3 ->  11 
 1 * 3 ->  9 
** Tour n. 600 at 2019-09-03T14:36:59.94 
** Tour n. 601 at 2019-09-03T14:37:01.085 
** Tour n. 602 at 2019-09-03T14:37:02.277 
** Tour n. 603 at 2019-09-03T14:37:03.449 
** Tour n. 604 at 2019-09-03T14:37:04.68 
    2019-09-03T14:37:05.845 , Tour : 605, BEST: 1000 , bonus = 0.0 
** Tour n. 605 at 2019-09-03T14:37:05.845 
** Tour n. 606 at 2019-09-03T14:37:07.245 
** Tour n. 607 at 2019-09-03T14:37:08.403 
** Tour n. 608 at 2019-09-03T14:37:09.55 
** Tour n. 609 at 2019-09-03T14:37:10.925 
    2019-09-03T14:37:12.062 , Tour : 610, BEST: 1000 , bonus = 0.0 
** Tour n. 610 at 2019-09-03T14:37:12.062 
** Tour n. 611 at 2019-09-03T14:37:13.285 
** Tour n. 612 at 2019-09-03T14:37:14.528 
** Tour n. 613 at 2019-09-03T14:37:15.594 
** Tour n. 614 at 2019-09-03T14:37:16.9 
    2019-09-03T14:37:17.992 , Tour : 615, BEST: 1000 , bonus = 0.0 
** Tour n. 615 at 2019-09-03T14:37:17.992 
** Tour n. 616 at 2019-09-03T14:37:19.38 
** Tour n. 617 at 2019-09-03T14:37:20.796 
** Tour n. 618 at 2019-09-03T14:37:22.311 
** Tour n. 619 at 2019-09-03T14:37:23.56 
    2019-09-03T14:37:24.727 , Tour : 620, BEST: 1000 , bonus = 0.0 
** Tour n. 620 at 2019-09-03T14:37:24.727 
** Tour n. 621 at 2019-09-03T14:37:26.093 
** Tour n. 622 at 2019-09-03T14:37:27.437 
** Tour n. 623 at 2019-09-03T14:37:28.772 
** Tour n. 624 at 2019-09-03T14:37:29.861 
    2019-09-03T14:37:31.001 , Tour : 625, BEST: 1000 , bonus = 0.0 
** Tour n. 625 at 2019-09-03T14:37:31.001 
** Tour n. 626 at 2019-09-03T14:37:32.301 
** Tour n. 627 at 2019-09-03T14:37:33.424 
** Tour n. 628 at 2019-09-03T14:37:34.512 
** Tour n. 629 at 2019-09-03T14:37:35.816 
    2019-09-03T14:37:36.921 , Tour : 630, BEST: 1000 , bonus = 0.0 
** Tour n. 630 at 2019-09-03T14:37:36.921 
** Tour n. 631 at 2019-09-03T14:37:38.367 
** Tour n. 632 at 2019-09-03T14:37:39.679 
** Tour n. 633 at 2019-09-03T14:37:40.881 
** Tour n. 634 at 2019-09-03T14:37:42.09 
    2019-09-03T14:37:43.458 , Tour : 635, BEST: 1000 , bonus = 0.0 
** Tour n. 635 at 2019-09-03T14:37:43.458 
** Tour n. 636 at 2019-09-03T14:37:44.725 
** Tour n. 637 at 2019-09-03T14:37:45.878 
** Tour n. 638 at 2019-09-03T14:37:47.127 
** Tour n. 639 at 2019-09-03T14:37:48.283 
    2019-09-03T14:37:49.436 , Tour : 640, BEST: 1000 , bonus = 0.0 
fitness : 1000 
 code : ,+++++++[+[.[++,.]]>+],->.++<<<-+,-<.<[.>++,-<[[[>].-.<,-<+, 
 15 * 3 ->  23 
 3 * 3 ->  11 
 3 * 3 ->  11 
** Tour n. 640 at 2019-09-03T14:37:49.436 
** Tour n. 641 at 2019-09-03T14:37:50.851 
** Tour n. 642 at 2019-09-03T14:37:52.252 
** Tour n. 643 at 2019-09-03T14:37:53.564 
** Tour n. 644 at 2019-09-03T14:37:54.738 
    2019-09-03T14:37:55.865 , Tour : 645, BEST: 1000 , bonus = 0.0 
** Tour n. 645 at 2019-09-03T14:37:55.865 
** Tour n. 646 at 2019-09-03T14:37:57.008 
** Tour n. 647 at 2019-09-03T14:37:58.177 
** Tour n. 648 at 2019-09-03T14:37:59.453 
** Tour n. 649 at 2019-09-03T14:38:00.762 
    2019-09-03T14:38:02.206 , Tour : 650, BEST: 1000 , bonus = 0.0 
** Tour n. 650 at 2019-09-03T14:38:02.206 
** Tour n. 651 at 2019-09-03T14:38:03.469 
** Tour n. 652 at 2019-09-03T14:38:04.856 
** Tour n. 653 at 2019-09-03T14:38:05.948 
** Tour n. 654 at 2019-09-03T14:38:07.17 
    2019-09-03T14:38:08.278 , Tour : 655, BEST: 1000 , bonus = 0.0 
** Tour n. 655 at 2019-09-03T14:38:08.278 
** Tour n. 656 at 2019-09-03T14:38:09.542 
** Tour n. 657 at 2019-09-03T14:38:10.752 
** Tour n. 658 at 2019-09-03T14:38:12.103 
** Tour n. 659 at 2019-09-03T14:38:13.216 
    2019-09-03T14:38:14.418 , Tour : 660, BEST: 1000 , bonus = 0.0 
** Tour n. 660 at 2019-09-03T14:38:14.418 
** Tour n. 661 at 2019-09-03T14:38:15.593 
** Tour n. 662 at 2019-09-03T14:38:16.9 
** Tour n. 663 at 2019-09-03T14:38:18.134 
** Tour n. 664 at 2019-09-03T14:38:19.352 
    2019-09-03T14:38:20.707 , Tour : 665, BEST: 1000 , bonus = 0.0 
** Tour n. 665 at 2019-09-03T14:38:20.707 
** Tour n. 666 at 2019-09-03T14:38:21.903 
** Tour n. 667 at 2019-09-03T14:38:23.168 
** Tour n. 668 at 2019-09-03T14:38:24.316 
** Tour n. 669 at 2019-09-03T14:38:25.587 
    2019-09-03T14:38:26.863 , Tour : 670, BEST: 1000 , bonus = 0.0 
** Tour n. 670 at 2019-09-03T14:38:26.863 
** Tour n. 671 at 2019-09-03T14:38:28.057 
** Tour n. 672 at 2019-09-03T14:38:29.234 
** Tour n. 673 at 2019-09-03T14:38:30.631 
** Tour n. 674 at 2019-09-03T14:38:32.208 
    2019-09-03T14:38:33.35 , Tour : 675, BEST: 1000 , bonus = 0.0 
** Tour n. 675 at 2019-09-03T14:38:33.35 
** Tour n. 676 at 2019-09-03T14:38:34.66 
** Tour n. 677 at 2019-09-03T14:38:36.067 
** Tour n. 678 at 2019-09-03T14:38:37.261 
** Tour n. 679 at 2019-09-03T14:38:38.446 
    2019-09-03T14:38:39.979 , Tour : 680, BEST: 1000 , bonus = 0.0 
fitness : 1000 
 code : ,+++++++[+[.[++,.]]>+],->.++<<<-+,-<.<[.>++,-<[[[>].-.<,-<+, 
 14 * 3 ->  22 
 11 * 3 ->  19 
 9 * 3 ->  17 
** Tour n. 680 at 2019-09-03T14:38:39.979 
** Tour n. 681 at 2019-09-03T14:38:41.07 
** Tour n. 682 at 2019-09-03T14:38:42.383 
** Tour n. 683 at 2019-09-03T14:38:43.727 
** Tour n. 684 at 2019-09-03T14:38:44.86 
    2019-09-03T14:38:46.059 , Tour : 685, BEST: 1000 , bonus = 0.0 
** Tour n. 685 at 2019-09-03T14:38:46.059 
** Tour n. 686 at 2019-09-03T14:38:47.308 
** Tour n. 687 at 2019-09-03T14:38:48.763 
** Tour n. 688 at 2019-09-03T14:38:49.942 
** Tour n. 689 at 2019-09-03T14:38:51.364 
    2019-09-03T14:38:52.84 , Tour : 690, BEST: 1000 , bonus = 0.0 
** Tour n. 690 at 2019-09-03T14:38:52.84 
** Tour n. 691 at 2019-09-03T14:38:54.083 
** Tour n. 692 at 2019-09-03T14:38:55.247 
** Tour n. 693 at 2019-09-03T14:38:56.466 
** Tour n. 694 at 2019-09-03T14:38:57.668 
    2019-09-03T14:38:59.114 , Tour : 695, BEST: 1000 , bonus = 0.0 
** Tour n. 695 at 2019-09-03T14:38:59.114 
** Tour n. 696 at 2019-09-03T14:39:00.4 
** Tour n. 697 at 2019-09-03T14:39:01.676 
** Tour n. 698 at 2019-09-03T14:39:03.081 
** Tour n. 699 at 2019-09-03T14:39:04.231 
    2019-09-03T14:39:05.466 , Tour : 700, BEST: 1000 , bonus = 0.0 
** Tour n. 700 at 2019-09-03T14:39:05.466 
** Tour n. 701 at 2019-09-03T14:39:06.614 
** Tour n. 702 at 2019-09-03T14:39:07.798 
** Tour n. 703 at 2019-09-03T14:39:09.141 
** Tour n. 704 at 2019-09-03T14:39:10.426 
    2019-09-03T14:39:11.533 , Tour : 705, BEST: 1000 , bonus = 0.0 
** Tour n. 705 at 2019-09-03T14:39:11.533 
** Tour n. 706 at 2019-09-03T14:39:12.756 
** Tour n. 707 at 2019-09-03T14:39:14.298 
** Tour n. 708 at 2019-09-03T14:39:15.514 
** Tour n. 709 at 2019-09-03T14:39:17.148 
    2019-09-03T14:39:18.611 , Tour : 710, BEST: 1000 , bonus = 0.0 
** Tour n. 710 at 2019-09-03T14:39:18.611 
** Tour n. 711 at 2019-09-03T14:39:19.816 
** Tour n. 712 at 2019-09-03T14:39:21.284 
** Tour n. 713 at 2019-09-03T14:39:22.577 
** Tour n. 714 at 2019-09-03T14:39:23.918 
    2019-09-03T14:39:25.302 , Tour : 715, BEST: 1000 , bonus = 0.0 
** Tour n. 715 at 2019-09-03T14:39:25.302 
** Tour n. 716 at 2019-09-03T14:39:26.406 
** Tour n. 717 at 2019-09-03T14:39:27.787 
** Tour n. 718 at 2019-09-03T14:39:28.905 
** Tour n. 719 at 2019-09-03T14:39:30.138 
    2019-09-03T14:39:31.414 , Tour : 720, BEST: 1000 , bonus = 0.0 
fitness : 1000 
 code : ,+++++++[+[.[++,.]]>+],->.++<<<-+,-<.<[.>++,-<[[[>].-.<,-<+, 
 10 * 3 ->  18 
 12 * 3 ->  20 
 11 * 3 ->  19 
** Tour n. 720 at 2019-09-03T14:39:31.414 
** Tour n. 721 at 2019-09-03T14:39:32.654 
** Tour n. 722 at 2019-09-03T14:39:34.043 
** Tour n. 723 at 2019-09-03T14:39:35.36 
** Tour n. 724 at 2019-09-03T14:39:36.601 
    2019-09-03T14:39:37.878 , Tour : 725, BEST: 1000 , bonus = 0.0 
** Tour n. 725 at 2019-09-03T14:39:37.878 
** Tour n. 726 at 2019-09-03T14:39:39.158 
** Tour n. 727 at 2019-09-03T14:39:40.286 
** Tour n. 728 at 2019-09-03T14:39:41.562 
** Tour n. 729 at 2019-09-03T14:39:42.766 
    2019-09-03T14:39:44.274 , Tour : 730, BEST: 1000 , bonus = 0.0 
** Tour n. 730 at 2019-09-03T14:39:44.274 
** Tour n. 731 at 2019-09-03T14:39:45.704 
** Tour n. 732 at 2019-09-03T14:39:46.893 
** Tour n. 733 at 2019-09-03T14:39:48.158 
** Tour n. 734 at 2019-09-03T14:39:49.291 
    2019-09-03T14:39:50.67 , Tour : 735, BEST: 1000 , bonus = 0.0 
** Tour n. 735 at 2019-09-03T14:39:50.67 
** Tour n. 736 at 2019-09-03T14:39:51.943 
** Tour n. 737 at 2019-09-03T14:39:53.376 
** Tour n. 738 at 2019-09-03T14:39:54.792 
** Tour n. 739 at 2019-09-03T14:39:55.913 
    2019-09-03T14:39:57.372 , Tour : 740, BEST: 1000 , bonus = 0.0 
** Tour n. 740 at 2019-09-03T14:39:57.372 
** Tour n. 741 at 2019-09-03T14:39:58.493 
** Tour n. 742 at 2019-09-03T14:39:59.653 
** Tour n. 743 at 2019-09-03T14:40:00.955 
** Tour n. 744 at 2019-09-03T14:40:02.422 
    2019-09-03T14:40:03.649 , Tour : 745, BEST: 1000 , bonus = 0.0 
** Tour n. 745 at 2019-09-03T14:40:03.649 
** Tour n. 746 at 2019-09-03T14:40:04.717 
** Tour n. 747 at 2019-09-03T14:40:06.14 
** Tour n. 748 at 2019-09-03T14:40:07.318 
** Tour n. 749 at 2019-09-03T14:40:08.511 
    2019-09-03T14:40:09.832 , Tour : 750, BEST: 1000 , bonus = 0.0 
** Tour n. 750 at 2019-09-03T14:40:09.832 
** Tour n. 751 at 2019-09-03T14:40:11.315 
** Tour n. 752 at 2019-09-03T14:40:12.541 
** Tour n. 753 at 2019-09-03T14:40:14.101 
** Tour n. 754 at 2019-09-03T14:40:15.479 
    2019-09-03T14:40:16.619 , Tour : 755, BEST: 1000 , bonus = 0.0 
** Tour n. 755 at 2019-09-03T14:40:16.619 
** Tour n. 756 at 2019-09-03T14:40:18.147 
** Tour n. 757 at 2019-09-03T14:40:19.588 
** Tour n. 758 at 2019-09-03T14:40:20.74 
** Tour n. 759 at 2019-09-03T14:40:22.007 
    2019-09-03T14:40:23.301 , Tour : 760, BEST: 1000 , bonus = 0.0 
fitness : 1000 
 code : ,+++++++[+[.[++,.]]>+],->.++<<<-+,-<.<[.>++,-<[[[>].-.<,-<+, 
 14 * 3 ->  22 
 2 * 3 ->  10 
 10 * 3 ->  18 
** Tour n. 760 at 2019-09-03T14:40:23.301 
** Tour n. 761 at 2019-09-03T14:40:24.344 
** Tour n. 762 at 2019-09-03T14:40:25.597 
** Tour n. 763 at 2019-09-03T14:40:26.723 
** Tour n. 764 at 2019-09-03T14:40:27.984 
    2019-09-03T14:40:29.31 , Tour : 765, BEST: 1000 , bonus = 0.0 
** Tour n. 765 at 2019-09-03T14:40:29.31 
** Tour n. 766 at 2019-09-03T14:40:30.545 
** Tour n. 767 at 2019-09-03T14:40:31.903 
** Tour n. 768 at 2019-09-03T14:40:33.13 
** Tour n. 769 at 2019-09-03T14:40:34.202 
    2019-09-03T14:40:35.497 , Tour : 770, BEST: 1000 , bonus = 0.0 
** Tour n. 770 at 2019-09-03T14:40:35.497 
** Tour n. 771 at 2019-09-03T14:40:36.597 
** Tour n. 772 at 2019-09-03T14:40:37.755 
** Tour n. 773 at 2019-09-03T14:40:39.022 
** Tour n. 774 at 2019-09-03T14:40:40.356 
    2019-09-03T14:40:41.678 , Tour : 775, BEST: 1000 , bonus = 0.0 
** Tour n. 775 at 2019-09-03T14:40:41.678 
** Tour n. 776 at 2019-09-03T14:40:42.779 
** Tour n. 777 at 2019-09-03T14:40:44.131 
** Tour n. 778 at 2019-09-03T14:40:45.379 
** Tour n. 779 at 2019-09-03T14:40:46.686 
    2019-09-03T14:40:48.079 , Tour : 780, BEST: 1000 , bonus = 0.0 
** Tour n. 780 at 2019-09-03T14:40:48.079 
** Tour n. 781 at 2019-09-03T14:40:49.465 
** Tour n. 782 at 2019-09-03T14:40:50.847 
** Tour n. 783 at 2019-09-03T14:40:52.11 
** Tour n. 784 at 2019-09-03T14:40:53.302 
    2019-09-03T14:40:54.616 , Tour : 785, BEST: 1000 , bonus = 0.0 
** Tour n. 785 at 2019-09-03T14:40:54.616 
** Tour n. 786 at 2019-09-03T14:40:55.869 
** Tour n. 787 at 2019-09-03T14:40:57.362 
** Tour n. 788 at 2019-09-03T14:40:58.504 
** Tour n. 789 at 2019-09-03T14:40:59.821 
    2019-09-03T14:41:01.111 , Tour : 790, BEST: 1000 , bonus = 0.0 
** Tour n. 790 at 2019-09-03T14:41:01.111 
** Tour n. 791 at 2019-09-03T14:41:02.277 
** Tour n. 792 at 2019-09-03T14:41:03.43 
** Tour n. 793 at 2019-09-03T14:41:04.759 
** Tour n. 794 at 2019-09-03T14:41:05.946 
    2019-09-03T14:41:07.37 , Tour : 795, BEST: 1000 , bonus = 0.0 
** Tour n. 795 at 2019-09-03T14:41:07.37 
** Tour n. 796 at 2019-09-03T14:41:08.637 
** Tour n. 797 at 2019-09-03T14:41:09.976 
** Tour n. 798 at 2019-09-03T14:41:11.255 
** Tour n. 799 at 2019-09-03T14:41:12.653 
    2019-09-03T14:41:14.062 , Tour : 800, BEST: 1000 , bonus = 0.0 
fitness : 1000 
 code : ,+++++++[+[.[++,.]]>+],->.++<<<-+,-<.<[.>++,-<[[[>].-.<,-<+, 
 10 * 3 ->  18 
 9 * 3 ->  17 
 7 * 3 ->  15 
** Tour n. 800 at 2019-09-03T14:41:14.062 
** Tour n. 801 at 2019-09-03T14:41:15.304 
** Tour n. 802 at 2019-09-03T14:41:16.758 
** Tour n. 803 at 2019-09-03T14:41:17.975 
** Tour n. 804 at 2019-09-03T14:41:19.274 
    2019-09-03T14:41:20.567 , Tour : 805, BEST: 1000 , bonus = 0.0 
** Tour n. 805 at 2019-09-03T14:41:20.567 
** Tour n. 806 at 2019-09-03T14:41:21.79 
** Tour n. 807 at 2019-09-03T14:41:23.066 
** Tour n. 808 at 2019-09-03T14:41:24.382 
** Tour n. 809 at 2019-09-03T14:41:25.729 
    2019-09-03T14:41:27.329 , Tour : 810, BEST: 1000 , bonus = 0.0 
** Tour n. 810 at 2019-09-03T14:41:27.329 
** Tour n. 811 at 2019-09-03T14:41:28.775 
** Tour n. 812 at 2019-09-03T14:41:30.187 
** Tour n. 813 at 2019-09-03T14:41:31.568 
** Tour n. 814 at 2019-09-03T14:41:33.045 
    2019-09-03T14:41:34.448 , Tour : 815, BEST: 1000 , bonus = 0.0 
** Tour n. 815 at 2019-09-03T14:41:34.448 
** Tour n. 816 at 2019-09-03T14:41:35.81 
** Tour n. 817 at 2019-09-03T14:41:37.088 
** Tour n. 818 at 2019-09-03T14:41:38.223 
** Tour n. 819 at 2019-09-03T14:41:39.448 
    2019-09-03T14:41:40.598 , Tour : 820, BEST: 1000 , bonus = 0.0 
** Tour n. 820 at 2019-09-03T14:41:40.598 
** Tour n. 821 at 2019-09-03T14:41:41.918 
** Tour n. 822 at 2019-09-03T14:41:43.165 
** Tour n. 823 at 2019-09-03T14:41:44.245 
** Tour n. 824 at 2019-09-03T14:41:45.603 
    2019-09-03T14:41:46.73 , Tour : 825, BEST: 1000 , bonus = 0.0 
** Tour n. 825 at 2019-09-03T14:41:46.73 
** Tour n. 826 at 2019-09-03T14:41:48.06 
** Tour n. 827 at 2019-09-03T14:41:49.382 
** Tour n. 828 at 2019-09-03T14:41:50.646 
** Tour n. 829 at 2019-09-03T14:41:51.947 
    2019-09-03T14:41:53.277 , Tour : 830, BEST: 1000 , bonus = 0.0 
** Tour n. 830 at 2019-09-03T14:41:53.277 
** Tour n. 831 at 2019-09-03T14:41:54.36 
** Tour n. 832 at 2019-09-03T14:41:55.594 
** Tour n. 833 at 2019-09-03T14:41:56.722 
** Tour n. 834 at 2019-09-03T14:41:58.146 
    2019-09-03T14:41:59.347 , Tour : 835, BEST: 1000 , bonus = 0.0 
** Tour n. 835 at 2019-09-03T14:41:59.347 
** Tour n. 836 at 2019-09-03T14:42:00.793 
** Tour n. 837 at 2019-09-03T14:42:02.026 
** Tour n. 838 at 2019-09-03T14:42:03.156 
** Tour n. 839 at 2019-09-03T14:42:04.304 
    2019-09-03T14:42:05.74 , Tour : 840, BEST: 1000 , bonus = 0.0 
fitness : 1000 
 code : ,+++++++[+[.[++,.]]>+],->.++<<<-+,-<.<[.>++,-<[[[>].-.<,-<+, 
 15 * 3 ->  23 
 4 * 3 ->  12 
 10 * 3 ->  18 
** Tour n. 840 at 2019-09-03T14:42:05.74 
** Tour n. 841 at 2019-09-03T14:42:06.983 
** Tour n. 842 at 2019-09-03T14:42:08.211 
** Tour n. 843 at 2019-09-03T14:42:09.352 
** Tour n. 844 at 2019-09-03T14:42:10.528 
    2019-09-03T14:42:11.738 , Tour : 845, BEST: 1000 , bonus = 0.0 
** Tour n. 845 at 2019-09-03T14:42:11.738 
** Tour n. 846 at 2019-09-03T14:42:12.902 
** Tour n. 847 at 2019-09-03T14:42:13.983 
** Tour n. 848 at 2019-09-03T14:42:15.176 
** Tour n. 849 at 2019-09-03T14:42:16.555 
    2019-09-03T14:42:17.905 , Tour : 850, BEST: 1000 , bonus = 0.0 
** Tour n. 850 at 2019-09-03T14:42:17.905 
** Tour n. 851 at 2019-09-03T14:42:19.204 
** Tour n. 852 at 2019-09-03T14:42:20.73 
** Tour n. 853 at 2019-09-03T14:42:22.199 
** Tour n. 854 at 2019-09-03T14:42:23.378 
    2019-09-03T14:42:24.635 , Tour : 855, BEST: 1000 , bonus = 0.0 
** Tour n. 855 at 2019-09-03T14:42:24.635 
** Tour n. 856 at 2019-09-03T14:42:25.821 
** Tour n. 857 at 2019-09-03T14:42:27.071 
** Tour n. 858 at 2019-09-03T14:42:28.464 
** Tour n. 859 at 2019-09-03T14:42:29.622 
    2019-09-03T14:42:30.799 , Tour : 860, BEST: 1000 , bonus = 0.0 
** Tour n. 860 at 2019-09-03T14:42:30.799 
** Tour n. 861 at 2019-09-03T14:42:32.147 
** Tour n. 862 at 2019-09-03T14:42:33.698 
** Tour n. 863 at 2019-09-03T14:42:34.946 
** Tour n. 864 at 2019-09-03T14:42:36.491 
    2019-09-03T14:42:37.581 , Tour : 865, BEST: 1000 , bonus = 0.0 
** Tour n. 865 at 2019-09-03T14:42:37.581 
** Tour n. 866 at 2019-09-03T14:42:38.715 
** Tour n. 867 at 2019-09-03T14:42:40.01 
** Tour n. 868 at 2019-09-03T14:42:41.128 
** Tour n. 869 at 2019-09-03T14:42:42.439 
    2019-09-03T14:42:43.877 , Tour : 870, BEST: 1000 , bonus = 0.0 
** Tour n. 870 at 2019-09-03T14:42:43.877 
** Tour n. 871 at 2019-09-03T14:42:45.216 
** Tour n. 872 at 2019-09-03T14:42:46.319 
** Tour n. 873 at 2019-09-03T14:42:47.438 
** Tour n. 874 at 2019-09-03T14:42:48.68 
    2019-09-03T14:42:50.144 , Tour : 875, BEST: 1000 , bonus = 0.0 
** Tour n. 875 at 2019-09-03T14:42:50.144 
** Tour n. 876 at 2019-09-03T14:42:51.385 
** Tour n. 877 at 2019-09-03T14:42:52.559 
** Tour n. 878 at 2019-09-03T14:42:53.832 
** Tour n. 879 at 2019-09-03T14:42:55.078 
    2019-09-03T14:42:56.335 , Tour : 880, BEST: 1000 , bonus = 0.0 
fitness : 1000 
 code : ,+++++++[+[.[++,.]]>+],->.++<<<-+,-<.<[.>++,-<[[[>].-.<,-<+, 
 4 * 3 ->  12 
 7 * 3 ->  15 
 15 * 3 ->  23 
** Tour n. 880 at 2019-09-03T14:42:56.335 
** Tour n. 881 at 2019-09-03T14:42:57.574 
** Tour n. 882 at 2019-09-03T14:42:58.827 
** Tour n. 883 at 2019-09-03T14:43:00.37 
** Tour n. 884 at 2019-09-03T14:43:01.502 
    2019-09-03T14:43:02.891 , Tour : 885, BEST: 1000 , bonus = 0.0 
** Tour n. 885 at 2019-09-03T14:43:02.891 
** Tour n. 886 at 2019-09-03T14:43:04.144 
** Tour n. 887 at 2019-09-03T14:43:05.243 
** Tour n. 888 at 2019-09-03T14:43:06.635 
** Tour n. 889 at 2019-09-03T14:43:07.903 
    2019-09-03T14:43:09.477 , Tour : 890, BEST: 1000 , bonus = 0.0 
** Tour n. 890 at 2019-09-03T14:43:09.477 
** Tour n. 891 at 2019-09-03T14:43:10.631 
** Tour n. 892 at 2019-09-03T14:43:11.903 
** Tour n. 893 at 2019-09-03T14:43:13.061 
** Tour n. 894 at 2019-09-03T14:43:14.199 
    2019-09-03T14:43:15.317 , Tour : 895, BEST: 1000 , bonus = 0.0 
** Tour n. 895 at 2019-09-03T14:43:15.317 
** Tour n. 896 at 2019-09-03T14:43:16.443 
** Tour n. 897 at 2019-09-03T14:43:17.859 
** Tour n. 898 at 2019-09-03T14:43:19.259 
** Tour n. 899 at 2019-09-03T14:43:20.567 
    2019-09-03T14:43:21.823 , Tour : 900, BEST: 1000 , bonus = 0.0 
** Tour n. 900 at 2019-09-03T14:43:21.823 
** Tour n. 901 at 2019-09-03T14:43:23.127 
** Tour n. 902 at 2019-09-03T14:43:24.43 
** Tour n. 903 at 2019-09-03T14:43:25.626 
** Tour n. 904 at 2019-09-03T14:43:27.03 
    2019-09-03T14:43:28.366 , Tour : 905, BEST: 1000 , bonus = 0.0 
** Tour n. 905 at 2019-09-03T14:43:28.366 
** Tour n. 906 at 2019-09-03T14:43:29.699 
** Tour n. 907 at 2019-09-03T14:43:30.883 
** Tour n. 908 at 2019-09-03T14:43:32.224 
** Tour n. 909 at 2019-09-03T14:43:33.602 
    2019-09-03T14:43:34.887 , Tour : 910, BEST: 1000 , bonus = 0.0 
** Tour n. 910 at 2019-09-03T14:43:34.887 
** Tour n. 911 at 2019-09-03T14:43:36.143 
** Tour n. 912 at 2019-09-03T14:43:37.286 
** Tour n. 913 at 2019-09-03T14:43:38.812 
** Tour n. 914 at 2019-09-03T14:43:40.032 
    2019-09-03T14:43:41.226 , Tour : 915, BEST: 1000 , bonus = 0.0 
** Tour n. 915 at 2019-09-03T14:43:41.226 
** Tour n. 916 at 2019-09-03T14:43:42.577 
** Tour n. 917 at 2019-09-03T14:43:43.878 
** Tour n. 918 at 2019-09-03T14:43:45.241 
** Tour n. 919 at 2019-09-03T14:43:46.611 
    2019-09-03T14:43:47.738 , Tour : 920, BEST: 1000 , bonus = 0.0 
fitness : 1000 
 code : ,+++++++[+[.[++,.]]>+],->.++<<<-+,-<.<[.>++,-<[[[>].-.<,-<+, 
 6 * 3 ->  14 
 12 * 3 ->  20 
 6 * 3 ->  14 
** Tour n. 920 at 2019-09-03T14:43:47.738 
** Tour n. 921 at 2019-09-03T14:43:48.875 
** Tour n. 922 at 2019-09-03T14:43:50.479 
** Tour n. 923 at 2019-09-03T14:43:51.897 
** Tour n. 924 at 2019-09-03T14:43:53.19 
    2019-09-03T14:43:54.412 , Tour : 925, BEST: 1000 , bonus = 0.0 
** Tour n. 925 at 2019-09-03T14:43:54.412 
** Tour n. 926 at 2019-09-03T14:43:55.787 
** Tour n. 927 at 2019-09-03T14:43:57.045 
** Tour n. 928 at 2019-09-03T14:43:58.316 
** Tour n. 929 at 2019-09-03T14:43:59.458 
    2019-09-03T14:44:00.832 , Tour : 930, BEST: 1000 , bonus = 0.0 
** Tour n. 930 at 2019-09-03T14:44:00.832 
** Tour n. 931 at 2019-09-03T14:44:02.214 
** Tour n. 932 at 2019-09-03T14:44:03.587 
** Tour n. 933 at 2019-09-03T14:44:04.826 
** Tour n. 934 at 2019-09-03T14:44:05.991 
    2019-09-03T14:44:07.393 , Tour : 935, BEST: 1000 , bonus = 0.0 
** Tour n. 935 at 2019-09-03T14:44:07.393 
** Tour n. 936 at 2019-09-03T14:44:08.68 
** Tour n. 937 at 2019-09-03T14:44:09.936 
** Tour n. 938 at 2019-09-03T14:44:11.114 
** Tour n. 939 at 2019-09-03T14:44:12.389 
    2019-09-03T14:44:13.67 , Tour : 940, BEST: 1000 , bonus = 0.0 
** Tour n. 940 at 2019-09-03T14:44:13.67 
** Tour n. 941 at 2019-09-03T14:44:14.921 
** Tour n. 942 at 2019-09-03T14:44:16.38 
** Tour n. 943 at 2019-09-03T14:44:17.999 
** Tour n. 944 at 2019-09-03T14:44:19.281 
    2019-09-03T14:44:20.719 , Iteration : 5, BEST: 1012 , bonus = 7594.0 
fitness : 1024 
 code : ,+[>+++<-]->->>+[<+]>---.->.+,,>.+-.<[.>+,[>[<->[><<<<<<-<][ 
 9 * 3 ->  27 
 3 * 3 ->  9 
 7 * 3 ->  21 
fitness 1024 
dna : [0.749251, 0.373626, 0.864, 0.17264, 0.35427, 0.35427, 0.347221, 0.0961121, 0.470643, 0.995478, 0.490317, 0.130906, 0.386731, 0.145899, 0.152862, 0.291307, 0.771027, 0.0887784, 0.275596, 0.900399, 0.233257, 0.479575, 0.46989, 0.46989, 0.527603, 0.46989, 0.223223, 0.572072, 0.268778, 0.743052, 0.735796, 0.137365, 0.611003, 0.289919, 0.490175, 0.558741, 0.016949, 0.81832, 0.556492, 0.166922, 0.256412, 0.706654, 0.770826, 0.136986, 0.860665, 0.0587391, 0.468241, 0.200537, 0.755035, 0.216087, 0.0278328, 0.111864, 0.0146428, 0.0278328, 0.111864, 0.0146428, 0.389168, 0.11104, 0.922872, 0.849783] 
