targetFitness = 1024 
params : Main.GeneticAlgorithms.Types.GAParams(136, 1000000, 90, 150, 0.7, 0.01, true, IOStream(<file ../Results/logTimesTwo.log>), 0.0, 1024.0, 0, 0) 
** Tour n. 1 at 2019-08-26T08:00:33.192 
    2019-08-26T08:00:41.152 , Gen : 1 , BEST: 1006 , 
    2019-08-26T08:00:44.048 , Gen : 1 , BEST: 1006 , 
    2019-08-26T08:00:47.383 , Gen : 1 , BEST: 1006 , 
    2019-08-26T08:00:49.903 , Gen : 1 , BEST: 1006 , 
    2019-08-26T08:00:53.774 , Gen : 1 , BEST: 1008 , 
fitness : 1008 
 code : !,<>+<>+.->>>!+$--.,!.*,-*,-,[<!<-<,!*,]+[>*!>*!]$.<<>$!<[[$$+-<][$<!*,..,<<,*><]-!..[-$]> 
 3 * 2 ->  5 
 14 * 2 ->  16 
 0 * 2 ->  2 
    2019-08-26T08:00:57.842 , Gen : 1 , BEST: 1008 , 
    2019-08-26T08:01:01.237 , Gen : 1 , BEST: 1008 , 
    2019-08-26T08:01:03.919 , Gen : 1 , BEST: 1008 , 
    2019-08-26T08:01:06.945 , Gen : 1 , BEST: 1008 , 
    2019-08-26T08:01:09.425 , Gen : 1 , BEST: 1008 , 
fitness : 1008 
 code : !,<>+<>+.->>>!+$--.,!.*,-*,-,[<!<-<,!*,]+[>*!>*!]$.<<>$!<[[$$+-<][$<!*,..,<<,*><]-!..[-$]> 
 5 * 2 ->  7 
 3 * 2 ->  5 
 4 * 2 ->  6 
    2019-08-26T08:01:12.213 , Gen : 1 , BEST: 1008 , 
    2019-08-26T08:01:15.464 , Gen : 1 , BEST: 1008 , 
    2019-08-26T08:01:18.562 , Gen : 1 , BEST: 1010 , 
    2019-08-26T08:01:22.108 , Gen : 1 , BEST: 1010 , 
    2019-08-26T08:01:25.685 , Gen : 1 , BEST: 1010 , 
fitness : 1010 
 code : >$[]>*,<>+<>++.-!+$-*..$!.!!!!,[<><-<,!*,]+$+[>*!]$.<[+>$!+!<[<[$+-<],$<!*<<,..,*><+]-!..[ 
 12 * 2 ->  15 
 13 * 2 ->  16 
 7 * 2 ->  10 
    2019-08-26T08:01:28.849 , Gen : 1 , BEST: 1010 , 
    2019-08-26T08:01:31.801 , Gen : 1 , BEST: 1010 , 
    2019-08-26T08:01:34.727 , Gen : 1 , BEST: 1010 , 
    2019-08-26T08:01:37.14 , Gen : 1 , BEST: 1010 , 
    2019-08-26T08:01:39.582 , Gen : 1 , BEST: 1010 , 
fitness : 1010 
 code : >$[]>*,<>+<>++.-!+$-*..$!.!!!!,[<><-<,!*,]+$+[>*!]$.<[+>$!+!<[<[$+-<],$<!*<<,..,*><+]-!..[ 
 0 * 2 ->  3 
 15 * 2 ->  18 
 0 * 2 ->  3 
    2019-08-26T08:01:41.802 , Gen : 1 , BEST: 1010 , 
    2019-08-26T08:01:44.145 , Gen : 1 , BEST: 1010 , 
** Tour n. 2 at 2019-08-26T08:01:46.206 
    2019-08-26T08:01:47.836 , Gen : 1 , BEST: 1010 , 
    2019-08-26T08:01:52.998 , Gen : 1 , BEST: 1012 , 
    2019-08-26T08:01:55.567 , Gen : 1 , BEST: 1012 , 
    2019-08-26T08:01:58.224 , Gen : 1 , BEST: 1012 , 
    2019-08-26T08:02:01.196 , Gen : 1 , BEST: 1012 , 
fitness : 1012 
 code : ++>*,+<>+<>++.-!+$-*...$!.!!!!,[<><-<,!*,]+$+[>*!],$.<[>$!+!!<[<[-$+<],$><!*<<,..,*><+]!.$ 
 11 * 2 ->  15 
 5 * 2 ->  9 
 5 * 2 ->  9 
    2019-08-26T08:02:02.682 , Gen : 1 , BEST: 1012 , 
    2019-08-26T08:02:04.454 , Gen : 1 , BEST: 1012 , 
    2019-08-26T08:02:06.966 , Gen : 1 , BEST: 1012 , 
    2019-08-26T08:02:09.052 , Gen : 1 , BEST: 1012 , 
    2019-08-26T08:02:11.327 , Gen : 1 , BEST: 1012 , 
fitness : 1012 
 code : ++>*,+<>+<>++.-!+$-*...$!.!!!!,[<><-<,!*,]+$+[>*!],$.<[>$!+!!<[<[-$+<],$><!*<<,..,*><+]!.$ 
 9 * 2 ->  13 
 9 * 2 ->  13 
 1 * 2 ->  5 
    2019-08-26T08:02:13.627 , Gen : 1 , BEST: 1012 , 
    2019-08-26T08:02:16.144 , Gen : 1 , BEST: 1012 , 
    2019-08-26T08:02:18.823 , Gen : 1 , BEST: 1012 , 
    2019-08-26T08:02:21.335 , Gen : 1 , BEST: 1012 , 
    2019-08-26T08:02:23.641 , Gen : 1 , BEST: 1012 , 
fitness : 1012 
 code : ++>*,+<>+<>++.-!+$-*...$!.!!!!,[<><-<,!*,]+$+[>*!],$.<[>$!+!!<[<[-$+<],$><!*<<,..,*><+]!.$ 
 2 * 2 ->  6 
 15 * 2 ->  19 
 2 * 2 ->  6 
    2019-08-26T08:02:26.137 , Gen : 1 , BEST: 1012 , 
    2019-08-26T08:02:28.595 , Gen : 1 , BEST: 1012 , 
    2019-08-26T08:02:31.228 , Gen : 1 , BEST: 1012 , 
** Tour n. 3 at 2019-08-26T08:02:32.059 
    2019-08-26T08:02:33.957 , Gen : 1 , BEST: 1012 , 
    2019-08-26T08:02:38.989 , Gen : 1 , BEST: 1012 , 
    2019-08-26T08:02:41.801 , Gen : 1 , BEST: 1012 , 
    2019-08-26T08:02:44.431 , Gen : 1 , BEST: 1012 , 
    2019-08-26T08:02:46.959 , Gen : 1 , BEST: 1012 , 
fitness : 1012 
 code : ++>*,+<>+<>++.-!+$-*...$!.!!!!,[<><-<,!*,]+$+[>*!],$.<[>$!+!!<[<[-$+<],$><!*<<,..,*><+]!.$ 
 6 * 2 ->  10 
 14 * 2 ->  18 
 4 * 2 ->  8 
    2019-08-26T08:02:49.402 , Gen : 1 , BEST: 1012 , 
    2019-08-26T08:02:51.918 , Gen : 1 , BEST: 1012 , 
    2019-08-26T08:02:54.528 , Gen : 1 , BEST: 1012 , 
    2019-08-26T08:02:56.923 , Gen : 1 , BEST: 1012 , 
** Tour n. 4 at 2019-08-26T08:02:57.521 
    2019-08-26T08:02:59.609 , Gen : 1 , BEST: 1012 , 
    2019-08-26T08:03:04.533 , Gen : 1 , BEST: 1012 , 
    2019-08-26T08:03:07.276 , Gen : 1 , BEST: 1012 , 
    2019-08-26T08:03:10.077 , Gen : 1 , BEST: 1012 , 
    2019-08-26T08:03:12.664 , Gen : 1 , BEST: 1012 , 
fitness : 1012 
 code : ++>*,+<>+<>++.-!+$-*...$!.!!!!,[<><-<,!*,]+$+[>*!],$.<[>$!+!!<[<[-$+<],$><!*<<,..,*><+]!.$ 
 15 * 2 ->  19 
 2 * 2 ->  6 
 4 * 2 ->  8 
    2019-08-26T08:03:15.087 , Gen : 1 , BEST: 1012 , 
    2019-08-26T08:03:17.664 , Gen : 1 , BEST: 1012 , 
    2019-08-26T08:03:20.362 , Gen : 1 , BEST: 1012 , 
    2019-08-26T08:03:22.908 , Gen : 1 , BEST: 1012 , 
** Tour n. 5 at 2019-08-26T08:03:23.465 
    2019-08-26T08:03:25.572 , Gen : 1 , BEST: 1012 , 
    2019-08-26T08:03:29.919 , Gen : 1 , BEST: 1012 , 
    2019-08-26T08:03:32.542 , Gen : 1 , BEST: 1012 , 
    2019-08-26T08:03:34.883 , Gen : 1 , BEST: 1012 , 
    2019-08-26T08:03:37.518 , Gen : 1 , BEST: 1012 , 
fitness : 1012 
 code : ++>*,+<>+<>++.-!+$-*...$!.!!!!,[<><-<,!*,]+$+[>*!],$.<[>$!+!!<[<[-$+<],$><!*<<,..,*><+]!.$ 
 3 * 2 ->  7 
 10 * 2 ->  14 
 8 * 2 ->  12 
    2019-08-26T08:03:40.045 , Gen : 1 , BEST: 1012 , 
    2019-08-26T08:03:42.482 , Gen : 1 , BEST: 1012 , 
    2019-08-26T08:03:45.118 , Gen : 1 , BEST: 1012 , 
    2019-08-26T08:03:47.559 , Gen : 1 , BEST: 1012 , 
** Tour n. 6 at 2019-08-26T08:03:48.078 
    2019-08-26T08:03:50.141 , Gen : 1 , BEST: 1012 , 
    2019-08-26T08:03:57.649 , Gen : 1 , BEST: 1012 , 
    2019-08-26T08:04:00.145 , Gen : 1 , BEST: 1012 , 
    2019-08-26T08:04:02.657 , Gen : 1 , BEST: 1012 , 
    2019-08-26T08:04:05.616 , Gen : 1 , BEST: 1012 , 
fitness : 1012 
 code : ++>*,+<>+<>++.-!+$-*...$!.!!!!,[<><-<,!*,]+$+[>*!],$.<[>$!+!!<[<[-$+<],$><!*<<,..,*><+]!.$ 
 3 * 2 ->  7 
 15 * 2 ->  19 
 5 * 2 ->  9 
    2019-08-26T08:04:08.039 , Gen : 1 , BEST: 1012 , 
    2019-08-26T08:04:11.327 , Gen : 1 , BEST: 1012 , 
    2019-08-26T08:04:14.005 , Gen : 1 , BEST: 1012 , 
    2019-08-26T08:04:16.319 , Gen : 1 , BEST: 1012 , 
** Tour n. 7 at 2019-08-26T08:04:16.842 
    2019-08-26T08:04:18.94 , Gen : 1 , BEST: 1012 , 
    2019-08-26T08:04:22.509 , Gen : 1 , BEST: 1012 , 
    2019-08-26T08:04:25.201 , Gen : 1 , BEST: 1012 , 
    2019-08-26T08:04:28.122 , Gen : 1 , BEST: 1012 , 
    2019-08-26T08:04:30.861 , Gen : 1 , BEST: 1012 , 
fitness : 1012 
 code : ++>*,+<>+<>++.-!+$-*...$!.!!!!,[<><-<,!*,]+$+[>*!],$.<[>$!+!!<[<[-$+<],$><!*<<,..,*><+]!.$ 
 2 * 2 ->  6 
 15 * 2 ->  19 
 2 * 2 ->  6 
    2019-08-26T08:04:33.169 , Gen : 1 , BEST: 1012 , 
    2019-08-26T08:04:35.82 , Gen : 1 , BEST: 1012 , 
    2019-08-26T08:04:38.71 , Gen : 1 , BEST: 1012 , 
    2019-08-26T08:04:41.248 , Gen : 1 , BEST: 1012 , 
** Tour n. 8 at 2019-08-26T08:04:41.737 
    2019-08-26T08:04:43.719 , Gen : 1 , BEST: 1012 , 
    2019-08-26T08:04:46.602 , Gen : 1 , BEST: 1012 , 
    2019-08-26T08:04:49.605 , Gen : 1 , BEST: 1012 , 
    2019-08-26T08:04:52.145 , Gen : 1 , BEST: 1012 , 
    2019-08-26T08:04:54.481 , Gen : 1 , BEST: 1012 , 
fitness : 1012 
 code : ++>*,+<>+<>++.-!+$-*...$!.!!!!,[<><-<,!*,]+$+[>*!],$.<[>$!+!!<[<[-$+<],$><!*<<,..,*><+]!.$ 
 3 * 2 ->  7 
 2 * 2 ->  6 
 1 * 2 ->  5 
    2019-08-26T08:04:56.722 , Gen : 1 , BEST: 1012 , 
    2019-08-26T08:04:59.396 , Gen : 1 , BEST: 1012 , 
    2019-08-26T08:05:02.063 , Gen : 1 , BEST: 1012 , 
    2019-08-26T08:05:04.298 , Gen : 1 , BEST: 1012 , 
** Tour n. 9 at 2019-08-26T08:05:04.807 
    2019-08-26T08:05:06.803 , Gen : 1 , BEST: 1012 , 
    2019-08-26T08:05:11.262 , Gen : 1 , BEST: 1012 , 
    2019-08-26T08:05:13.793 , Gen : 1 , BEST: 1012 , 
    2019-08-26T08:05:16.394 , Gen : 1 , BEST: 1012 , 
    2019-08-26T08:05:19.084 , Gen : 1 , BEST: 1012 , 
fitness : 1012 
 code : ++>*,+<>+<>++.-!+$-*...$!.!!!!,[<><-<,!*,]+$+[>*!],$.<[>$!+!!<[<[-$+<],$><!*<<,..,*><+]!.$ 
 2 * 2 ->  6 
 5 * 2 ->  9 
 3 * 2 ->  7 
    2019-08-26T08:05:21.605 , Gen : 1 , BEST: 1012 , 
    2019-08-26T08:05:24.422 , Gen : 1 , BEST: 1012 , 
    2019-08-26T08:05:27.176 , Gen : 1 , BEST: 1012 , 
    2019-08-26T08:05:29.651 , Gen : 1 , BEST: 1012 , 
** Tour n. 10 at 2019-08-26T08:05:30.318 
    2019-08-26T08:05:32.43 , Gen : 1 , BEST: 1012 , 
    2019-08-26T08:05:36.141 , Gen : 1 , BEST: 1012 , 
    2019-08-26T08:05:39.15 , Gen : 1 , BEST: 1012 , 
    2019-08-26T08:05:42.581 , Gen : 1 , BEST: 1012 , 
    2019-08-26T08:05:45.211 , Gen : 1 , BEST: 1012 , 
fitness : 1012 
 code : ++>*,+<>+<>++.-!+$-*...$!.!!!!,[<><-<,!*,]+$+[>*!],$.<[>$!+!!<[<[-$+<],$><!*<<,..,*><+]!.$ 
 5 * 2 ->  9 
 7 * 2 ->  11 
 6 * 2 ->  10 
    2019-08-26T08:05:47.553 , Gen : 1 , BEST: 1012 , 
    2019-08-26T08:05:49.827 , Gen : 1 , BEST: 1012 , 
    2019-08-26T08:05:52.012 , Gen : 1 , BEST: 1012 , 
    2019-08-26T08:05:54.487 , Gen : 1 , BEST: 1012 , 
** Tour n. 11 at 2019-08-26T08:05:54.966 
    2019-08-26T08:05:57.261 , Gen : 1 , BEST: 1012 , 
    2019-08-26T08:06:01.099 , Gen : 1 , BEST: 1012 , 
    2019-08-26T08:06:03.083 , Gen : 1 , BEST: 1012 , 
    2019-08-26T08:06:04.918 , Gen : 1 , BEST: 1012 , 
    2019-08-26T08:06:06.737 , Gen : 1 , BEST: 1012 , 
fitness : 1012 
 code : ++>*,+<>+<>++.-!+$-*...$!.!!!!,[<><-<,!*,]+$+[>*!],$.<[>$!+!!<[<[-$+<],$><!*<<,..,*><+]!.$ 
 14 * 2 ->  18 
 4 * 2 ->  8 
 11 * 2 ->  15 
    2019-08-26T08:06:08.75 , Gen : 1 , BEST: 1012 , 
    2019-08-26T08:06:10.71 , Gen : 1 , BEST: 1012 , 
    2019-08-26T08:06:12.53 , Gen : 1 , BEST: 1012 , 
    2019-08-26T08:06:14.37 , Gen : 1 , BEST: 1012 , 
** Tour n. 12 at 2019-08-26T08:06:14.767 
    2019-08-26T08:06:16.192 , Gen : 1 , BEST: 1012 , 
    2019-08-26T08:06:18.843 , Gen : 1 , BEST: 1012 , 
    2019-08-26T08:06:20.754 , Gen : 1 , BEST: 1012 , 
    2019-08-26T08:06:22.62 , Gen : 1 , BEST: 1012 , 
    2019-08-26T08:06:24.446 , Gen : 1 , BEST: 1012 , 
fitness : 1012 
 code : ++>*,+<>+<>++.-!+$-*...$!.!!!!,[<><-<,!*,]+$+[>*!],$.<[>$!+!!<[<[-$+<],$><!*<<,..,*><+]!.$ 
 2 * 2 ->  6 
 6 * 2 ->  10 
 7 * 2 ->  11 
    2019-08-26T08:06:26.132 , Gen : 1 , BEST: 1012 , 
    2019-08-26T08:06:27.876 , Gen : 1 , BEST: 1012 , 
    2019-08-26T08:06:29.661 , Gen : 1 , BEST: 1012 , 
    2019-08-26T08:06:31.5 , Gen : 1 , BEST: 1012 , 
** Tour n. 13 at 2019-08-26T08:06:31.901 
    2019-08-26T08:06:33.218 , Gen : 1 , BEST: 1012 , 
    2019-08-26T08:06:37.387 , Gen : 1 , BEST: 1012 , 
    2019-08-26T08:06:39.153 , Gen : 1 , BEST: 1012 , 
    2019-08-26T08:06:40.936 , Gen : 1 , BEST: 1012 , 
    2019-08-26T08:06:42.699 , Gen : 1 , BEST: 1012 , 
fitness : 1012 
 code : ++>*,+<>+<>++.-!+$-*...$!.!!!!,[<><-<,!*,]+$+[>*!],$.<[>$!+!!<[<[-$+<],$><!*<<,..,*><+]!.$ 
 14 * 2 ->  18 
 3 * 2 ->  7 
 1 * 2 ->  5 
    2019-08-26T08:06:44.374 , Gen : 1 , BEST: 1012 , 
    2019-08-26T08:06:46.059 , Gen : 1 , BEST: 1012 , 
    2019-08-26T08:06:47.747 , Gen : 1 , BEST: 1012 , 
    2019-08-26T08:06:49.388 , Gen : 1 , BEST: 1012 , 
** Tour n. 14 at 2019-08-26T08:06:49.726 
    2019-08-26T08:06:51.275 , Gen : 1 , BEST: 1012 , 
    2019-08-26T08:06:54.222 , Gen : 1 , BEST: 1012 , 
    2019-08-26T08:06:56.297 , Gen : 1 , BEST: 1012 , 
    2019-08-26T08:06:58.047 , Gen : 1 , BEST: 1012 , 
    2019-08-26T08:06:59.876 , Gen : 1 , BEST: 1012 , 
fitness : 1012 
 code : ++>*,+<>+<>++.-!+$-*...$!.!!!!,[<><-<,!*,]+$+[>*!],$.<[>$!+!!<[<[-$+<],$><!*<<,..,*><+]!.$ 
 14 * 2 ->  18 
 9 * 2 ->  13 
 11 * 2 ->  15 
    2019-08-26T08:07:01.522 , Gen : 1 , BEST: 1012 , 
    2019-08-26T08:07:03.224 , Gen : 1 , BEST: 1012 , 
    2019-08-26T08:07:04.93 , Gen : 1 , BEST: 1012 , 
    2019-08-26T08:07:06.713 , Gen : 1 , BEST: 1012 , 
** Tour n. 15 at 2019-08-26T08:07:07.078 
    2019-08-26T08:07:08.593 , Gen : 1 , BEST: 1012 , 
    2019-08-26T08:07:12.479 , Gen : 1 , BEST: 1012 , 
    2019-08-26T08:07:14.25 , Gen : 1 , BEST: 1012 , 
    2019-08-26T08:07:16.035 , Gen : 1 , BEST: 1012 , 
    2019-08-26T08:07:17.756 , Gen : 1 , BEST: 1012 , 
fitness : 1012 
 code : ++>*,+<>+<>++.-!+$-*...$!.!!!!,[<><-<,!*,]+$+[>*!],$.<[>$!+!!<[<[-$+<],$><!*<<,..,*><+]!.$ 
 10 * 2 ->  14 
 12 * 2 ->  16 
 8 * 2 ->  12 
    2019-08-26T08:07:19.408 , Gen : 1 , BEST: 1012 , 
    2019-08-26T08:07:21.246 , Gen : 1 , BEST: 1012 , 
    2019-08-26T08:07:23.009 , Gen : 1 , BEST: 1012 , 
    2019-08-26T08:07:24.668 , Gen : 1 , BEST: 1012 , 
** Tour n. 16 at 2019-08-26T08:07:25.013 
    2019-08-26T08:07:26.672 , Gen : 1 , BEST: 1012 , 
    2019-08-26T08:07:29.467 , Gen : 1 , BEST: 1012 , 
    2019-08-26T08:07:31.327 , Gen : 1 , BEST: 1012 , 
    2019-08-26T08:07:33.222 , Gen : 1 , BEST: 1012 , 
    2019-08-26T08:07:35.046 , Gen : 1 , BEST: 1012 , 
fitness : 1012 
 code : ++>*,+<>+<>++.-!+$-*...$!.!!!!,[<><-<,!*,]+$+[>*!],$.<[>$!+!!<[<[-$+<],$><!*<<,..,*><+]!.$ 
 2 * 2 ->  6 
 6 * 2 ->  10 
 9 * 2 ->  13 
    2019-08-26T08:07:36.725 , Gen : 1 , BEST: 1012 , 
    2019-08-26T08:07:38.682 , Gen : 1 , BEST: 1012 , 
    2019-08-26T08:07:40.824 , Gen : 1 , BEST: 1012 , 
    2019-08-26T08:07:42.643 , Gen : 1 , BEST: 1012 , 
** Tour n. 17 at 2019-08-26T08:07:43.103 
    2019-08-26T08:07:44.565 , Gen : 1 , BEST: 1012 , 
    2019-08-26T08:07:46.661 , Gen : 1 , BEST: 1012 , 
    2019-08-26T08:07:48.876 , Gen : 1 , BEST: 1012 , 
    2019-08-26T08:07:51.451 , Gen : 1 , BEST: 1012 , 
    2019-08-26T08:07:53.301 , Gen : 1 , BEST: 1012 , 
fitness : 1012 
 code : ++>*,+<>+<>++.-!+$-*...$!.!!!!,[<><-<,!*,]+$+[>*!],$.<[>$!+!!<[<[-$+<],$><!*<<,..,*><+]!.$ 
 13 * 2 ->  17 
 11 * 2 ->  15 
 13 * 2 ->  17 
    2019-08-26T08:07:54.958 , Gen : 1 , BEST: 1012 , 
    2019-08-26T08:07:57.189 , Gen : 1 , BEST: 1012 , 
    2019-08-26T08:07:59.074 , Gen : 1 , BEST: 1012 , 
    2019-08-26T08:08:01.191 , Gen : 1 , BEST: 1012 , 
** Tour n. 18 at 2019-08-26T08:08:01.675 
    2019-08-26T08:08:03.403 , Gen : 1 , BEST: 1012 , 
    2019-08-26T08:08:07.417 , Gen : 1 , BEST: 1012 , 
    2019-08-26T08:08:09.521 , Gen : 1 , BEST: 1012 , 
    2019-08-26T08:08:11.397 , Gen : 1 , BEST: 1012 , 
    2019-08-26T08:08:13.372 , Gen : 1 , BEST: 1012 , 
fitness : 1012 
 code : ++>*,+<>+<>++.-!+$-*...$!.!!!!,[<><-<,!*,]+$+[>*!],$.<[>$!+!!<[<[-$+<],$><!*<<,..,*><+]!.$ 
 5 * 2 ->  9 
 4 * 2 ->  8 
 4 * 2 ->  8 
    2019-08-26T08:08:15.094 , Gen : 1 , BEST: 1012 , 
    2019-08-26T08:08:16.904 , Gen : 1 , BEST: 1012 , 
    2019-08-26T08:08:18.718 , Gen : 1 , BEST: 1012 , 
    2019-08-26T08:08:20.505 , Gen : 1 , BEST: 1012 , 
** Tour n. 19 at 2019-08-26T08:08:20.911 
    2019-08-26T08:08:22.505 , Gen : 1 , BEST: 1012 , 
    2019-08-26T08:08:25.638 , Gen : 1 , BEST: 1012 , 
    2019-08-26T08:08:27.63 , Gen : 1 , BEST: 1012 , 
    2019-08-26T08:08:29.683 , Gen : 1 , BEST: 1012 , 
    2019-08-26T08:08:31.539 , Gen : 1 , BEST: 1012 , 
fitness : 1012 
 code : ++>*,+<>+<>++.-!+$-*...$!.!!!!,[<><-<,!*,]+$+[>*!],$.<[>$!+!!<[<[-$+<],$><!*<<,..,*><+]!.$ 
 5 * 2 ->  9 
 14 * 2 ->  18 
 9 * 2 ->  13 
    2019-08-26T08:08:33.254 , Gen : 1 , BEST: 1012 , 
    2019-08-26T08:08:35.11 , Gen : 1 , BEST: 1012 , 
    2019-08-26T08:08:36.904 , Gen : 1 , BEST: 1012 , 
    2019-08-26T08:08:38.979 , Gen : 1 , BEST: 1012 , 
** Tour n. 20 at 2019-08-26T08:08:39.483 
    2019-08-26T08:08:40.967 , Gen : 1 , BEST: 1012 , 
    2019-08-26T08:08:43.227 , Gen : 1 , BEST: 1012 , 
    2019-08-26T08:08:45.114 , Gen : 1 , BEST: 1012 , 
    2019-08-26T08:08:47.243 , Gen : 1 , BEST: 1012 , 
    2019-08-26T08:08:49.268 , Gen : 1 , BEST: 1012 , 
fitness : 1012 
 code : ++>*,+<>+<>++.-!+$-*...$!.!!!!,[<><-<,!*,]+$+[>*!],$.<[>$!+!!<[<[-$+<],$><!*<<,..,*><+]!.$ 
 5 * 2 ->  9 
 7 * 2 ->  11 
 8 * 2 ->  12 
    2019-08-26T08:08:50.996 , Gen : 1 , BEST: 1012 , 
    2019-08-26T08:08:53.16 , Gen : 1 , BEST: 1012 , 
    2019-08-26T08:08:54.947 , Gen : 1 , BEST: 1012 , 
    2019-08-26T08:08:56.822 , Gen : 1 , BEST: 1012 , 
** Tour n. 21 at 2019-08-26T08:08:57.163 
    2019-08-26T08:08:58.644 , Gen : 1 , BEST: 1012 , 
    2019-08-26T08:09:01.599 , Gen : 1 , BEST: 1012 , 
    2019-08-26T08:09:03.59 , Gen : 1 , BEST: 1012 , 
    2019-08-26T08:09:05.542 , Gen : 1 , BEST: 1012 , 
    2019-08-26T08:09:07.398 , Gen : 1 , BEST: 1012 , 
fitness : 1012 
 code : ++>*,+<>+<>++.-!+$-*...$!.!!!!,[<><-<,!*,]+$+[>*!],$.<[>$!+!!<[<[-$+<],$><!*<<,..,*><+]!.$ 
 4 * 2 ->  8 
 3 * 2 ->  7 
 7 * 2 ->  11 
    2019-08-26T08:09:09.081 , Gen : 1 , BEST: 1012 , 
    2019-08-26T08:09:10.819 , Gen : 1 , BEST: 1012 , 
    2019-08-26T08:09:12.559 , Gen : 1 , BEST: 1012 , 
    2019-08-26T08:09:14.278 , Gen : 1 , BEST: 1012 , 
** Tour n. 22 at 2019-08-26T08:09:14.633 
    2019-08-26T08:09:16.114 , Gen : 1 , BEST: 1012 , 
    2019-08-26T08:09:18.843 , Gen : 1 , BEST: 1012 , 
    2019-08-26T08:09:20.719 , Gen : 1 , BEST: 1012 , 
    2019-08-26T08:09:22.618 , Gen : 1 , BEST: 1012 , 
    2019-08-26T08:09:24.506 , Gen : 1 , BEST: 1012 , 
fitness : 1012 
 code : ++>*,+<>+<>++.-!+$-*...$!.!!!!,[<><-<,!*,]+$+[>*!],$.<[>$!+!!<[<[-$+<],$><!*<<,..,*><+]!.$ 
 4 * 2 ->  8 
 8 * 2 ->  12 
 4 * 2 ->  8 
    2019-08-26T08:09:26.221 , Gen : 1 , BEST: 1012 , 
    2019-08-26T08:09:28.102 , Gen : 1 , BEST: 1012 , 
    2019-08-26T08:09:29.953 , Gen : 1 , BEST: 1012 , 
    2019-08-26T08:09:32.021 , Gen : 1 , BEST: 1012 , 
** Tour n. 23 at 2019-08-26T08:09:32.45 
    2019-08-26T08:09:33.985 , Gen : 1 , BEST: 1012 , 
    2019-08-26T08:09:37.901 , Gen : 1 , BEST: 1012 , 
    2019-08-26T08:09:39.818 , Gen : 1 , BEST: 1012 , 
    2019-08-26T08:09:41.722 , Gen : 1 , BEST: 1012 , 
    2019-08-26T08:09:43.49 , Gen : 1 , BEST: 1012 , 
fitness : 1012 
 code : ++>*,+<>+<>++.-!+$-*...$!.!!!!,[<><-<,!*,]+$+[>*!],$.<[>$!+!!<[<[-$+<],$><!*<<,..,*><+]!.$ 
 2 * 2 ->  6 
 13 * 2 ->  17 
 3 * 2 ->  7 
    2019-08-26T08:09:45.118 , Gen : 1 , BEST: 1012 , 
    2019-08-26T08:09:47.099 , Gen : 1 , BEST: 1012 , 
    2019-08-26T08:09:48.817 , Gen : 1 , BEST: 1012 , 
    2019-08-26T08:09:50.588 , Gen : 1 , BEST: 1012 , 
** Tour n. 24 at 2019-08-26T08:09:50.944 
    2019-08-26T08:09:52.193 , Gen : 1 , BEST: 1012 , 
    2019-08-26T08:09:55.035 , Gen : 1 , BEST: 1012 , 
    2019-08-26T08:09:57.091 , Gen : 1 , BEST: 1012 , 
    2019-08-26T08:09:59.026 , Gen : 1 , BEST: 1012 , 
    2019-08-26T08:10:00.85 , Gen : 1 , BEST: 1012 , 
fitness : 1012 
 code : ++>*,+<>+<>++.-!+$-*...$!.!!!!,[<><-<,!*,]+$+[>*!],$.<[>$!+!!<[<[-$+<],$><!*<<,..,*><+]!.$ 
 9 * 2 ->  13 
 4 * 2 ->  8 
 7 * 2 ->  11 
    2019-08-26T08:10:02.491 , Gen : 1 , BEST: 1012 , 
    2019-08-26T08:10:04.217 , Gen : 1 , BEST: 1012 , 
    2019-08-26T08:10:05.879 , Gen : 1 , BEST: 1012 , 
    2019-08-26T08:10:07.583 , Gen : 1 , BEST: 1012 , 
** Tour n. 25 at 2019-08-26T08:10:07.903 
    2019-08-26T08:10:09.44 , Gen : 1 , BEST: 1012 , 
    2019-08-26T08:10:11.574 , Gen : 1 , BEST: 1012 , 
    2019-08-26T08:10:13.353 , Gen : 1 , BEST: 1012 , 
    2019-08-26T08:10:15.09 , Gen : 1 , BEST: 1012 , 
    2019-08-26T08:10:16.861 , Gen : 1 , BEST: 1012 , 
fitness : 1012 
 code : ++>*,+<>+<>++.-!+$-*...$!.!!!!,[<><-<,!*,]+$+[>*!],$.<[>$!+!!<[<[-$+<],$><!*<<,..,*><+]!.$ 
 8 * 2 ->  12 
 14 * 2 ->  18 
 7 * 2 ->  11 
    2019-08-26T08:10:18.507 , Gen : 1 , BEST: 1012 , 
    2019-08-26T08:10:20.165 , Gen : 1 , BEST: 1012 , 
    2019-08-26T08:10:21.806 , Gen : 1 , BEST: 1012 , 
    2019-08-26T08:10:23.456 , Gen : 1 , BEST: 1012 , 
** Tour n. 26 at 2019-08-26T08:10:23.833 
    2019-08-26T08:10:25.39 , Gen : 1 , BEST: 1012 , 
    2019-08-26T08:10:28.575 , Gen : 1 , BEST: 1012 , 
    2019-08-26T08:10:30.546 , Gen : 1 , BEST: 1012 , 
    2019-08-26T08:10:32.466 , Gen : 1 , BEST: 1012 , 
    2019-08-26T08:10:34.181 , Gen : 1 , BEST: 1012 , 
fitness : 1012 
 code : ++>*,+<>+<>++.-!+$-*...$!.!!!!,[<><-<,!*,]+$+[>*!],$.<[>$!+!!<[<[-$+<],$><!*<<,..,*><+]!.$ 
 11 * 2 ->  15 
 15 * 2 ->  19 
 13 * 2 ->  17 
    2019-08-26T08:10:35.861 , Gen : 1 , BEST: 1012 , 
    2019-08-26T08:10:37.844 , Gen : 1 , BEST: 1012 , 
    2019-08-26T08:10:39.941 , Gen : 1 , BEST: 1012 , 
    2019-08-26T08:10:41.672 , Gen : 1 , BEST: 1012 , 
** Tour n. 27 at 2019-08-26T08:10:42.055 
    2019-08-26T08:10:43.602 , Gen : 1 , BEST: 1012 , 
    2019-08-26T08:10:46.735 , Gen : 1 , BEST: 1012 , 
    2019-08-26T08:10:48.7 , Gen : 1 , BEST: 1012 , 
    2019-08-26T08:10:50.505 , Gen : 1 , BEST: 1012 , 
    2019-08-26T08:10:52.287 , Gen : 1 , BEST: 1012 , 
fitness : 1012 
 code : ++>*,+<>+<>++.-!+$-*...$!.!!!!,[<><-<,!*,]+$+[>*!],$.<[>$!+!!<[<[-$+<],$><!*<<,..,*><+]!.$ 
 12 * 2 ->  16 
 1 * 2 ->  5 
 13 * 2 ->  17 
    2019-08-26T08:10:53.999 , Gen : 1 , BEST: 1012 , 
    2019-08-26T08:10:55.637 , Gen : 1 , BEST: 1012 , 
    2019-08-26T08:10:57.46 , Gen : 1 , BEST: 1012 , 
    2019-08-26T08:10:59.093 , Gen : 1 , BEST: 1012 , 
** Tour n. 28 at 2019-08-26T08:10:59.429 
    2019-08-26T08:11:00.825 , Gen : 1 , BEST: 1012 , 
    2019-08-26T08:11:04.382 , Gen : 1 , BEST: 1012 , 
    2019-08-26T08:11:06.375 , Gen : 1 , BEST: 1012 , 
    2019-08-26T08:11:08.326 , Gen : 1 , BEST: 1012 , 
    2019-08-26T08:11:10.146 , Gen : 1 , BEST: 1012 , 
fitness : 1012 
 code : ++>*,+<>+<>++.-!+$-*...$!.!!!!,[<><-<,!*,]+$+[>*!],$.<[>$!+!!<[<[-$+<],$><!*<<,..,*><+]!.$ 
 3 * 2 ->  7 
 3 * 2 ->  7 
 8 * 2 ->  12 
    2019-08-26T08:11:11.864 , Gen : 1 , BEST: 1012 , 
    2019-08-26T08:11:13.556 , Gen : 1 , BEST: 1012 , 
    2019-08-26T08:11:15.238 , Gen : 1 , BEST: 1012 , 
    2019-08-26T08:11:16.912 , Gen : 1 , BEST: 1012 , 
** Tour n. 29 at 2019-08-26T08:11:17.29 
    2019-08-26T08:11:19.013 , Gen : 1 , BEST: 1012 , 
    2019-08-26T08:11:21.749 , Gen : 1 , BEST: 1012 , 
    2019-08-26T08:11:24.007 , Gen : 1 , BEST: 1012 , 
    2019-08-26T08:11:25.891 , Gen : 1 , BEST: 1012 , 
    2019-08-26T08:11:27.796 , Gen : 1 , BEST: 1012 , 
fitness : 1012 
 code : ++>*,+<>+<>++.-!+$-*...$!.!!!!,[<><-<,!*,]+$+[>*!],$.<[>$!+!!<[<[-$+<],$><!*<<,..,*><+]!.$ 
 8 * 2 ->  12 
 4 * 2 ->  8 
 15 * 2 ->  19 
    2019-08-26T08:11:29.51 , Gen : 1 , BEST: 1012 , 
    2019-08-26T08:11:31.276 , Gen : 1 , BEST: 1012 , 
    2019-08-26T08:11:33.075 , Gen : 1 , BEST: 1012 , 
    2019-08-26T08:11:34.808 , Gen : 1 , BEST: 1012 , 
** Tour n. 30 at 2019-08-26T08:11:35.208 
    2019-08-26T08:11:36.769 , Gen : 1 , BEST: 1012 , 
    2019-08-26T08:11:39.282 , Gen : 1 , BEST: 1012 , 
    2019-08-26T08:11:41.172 , Gen : 1 , BEST: 1012 , 
    2019-08-26T08:11:43.057 , Gen : 1 , BEST: 1012 , 
    2019-08-26T08:11:44.861 , Gen : 1 , BEST: 1012 , 
fitness : 1012 
 code : ++>*,+<>+<>++.-!+$-*...$!.!!!!,[<><-<,!*,]+$+[>*!],$.<[>$!+!!<[<[-$+<],$><!*<<,..,*><+]!.$ 
 3 * 2 ->  7 
 15 * 2 ->  19 
 6 * 2 ->  10 
    2019-08-26T08:11:46.56 , Gen : 1 , BEST: 1012 , 
    2019-08-26T08:11:48.332 , Gen : 1 , BEST: 1012 , 
    2019-08-26T08:11:50.106 , Gen : 1 , BEST: 1012 , 
    2019-08-26T08:11:51.921 , Gen : 1 , BEST: 1012 , 
** Tour n. 31 at 2019-08-26T08:11:52.258 
    2019-08-26T08:11:53.742 , Gen : 1 , BEST: 1012 , 
    2019-08-26T08:11:57.001 , Gen : 1 , BEST: 1012 , 
    2019-08-26T08:11:59.181 , Gen : 1 , BEST: 1012 , 
    2019-08-26T08:12:01.089 , Gen : 1 , BEST: 1012 , 
    2019-08-26T08:12:02.951 , Gen : 1 , BEST: 1012 , 
fitness : 1012 
 code : ++>*,+<>+<>++.-!+$-*...$!.!!!!,[<><-<,!*,]+$+[>*!],$.<[>$!+!!<[<[-$+<],$><!*<<,..,*><+]!.$ 
 12 * 2 ->  16 
 7 * 2 ->  11 
 5 * 2 ->  9 
    2019-08-26T08:12:04.657 , Gen : 1 , BEST: 1012 , 
    2019-08-26T08:12:06.507 , Gen : 1 , BEST: 1012 , 
    2019-08-26T08:12:08.516 , Gen : 1 , BEST: 1012 , 
    2019-08-26T08:12:10.307 , Gen : 1 , BEST: 1012 , 
** Tour n. 32 at 2019-08-26T08:12:10.688 
    2019-08-26T08:12:12.411 , Gen : 1 , BEST: 1012 , 
    2019-08-26T08:12:14.98 , Gen : 1 , BEST: 1012 , 
    2019-08-26T08:12:16.922 , Gen : 1 , BEST: 1012 , 
    2019-08-26T08:12:18.921 , Gen : 1 , BEST: 1012 , 
    2019-08-26T08:12:20.786 , Gen : 1 , BEST: 1012 , 
fitness : 1012 
 code : ++>*,+<>+<>++.-!+$-*...$!.!!!!,[<><-<,!*,]+$+[>*!],$.<[>$!+!!<[<[-$+<],$><!*<<,..,*><+]!.$ 
 11 * 2 ->  15 
 0 * 2 ->  4 
 2 * 2 ->  6 
    2019-08-26T08:12:22.509 , Gen : 1 , BEST: 1012 , 
    2019-08-26T08:12:24.464 , Gen : 1 , BEST: 1012 , 
    2019-08-26T08:12:26.241 , Gen : 1 , BEST: 1012 , 
    2019-08-26T08:12:28.007 , Gen : 1 , BEST: 1012 , 
** Tour n. 33 at 2019-08-26T08:12:28.348 
    2019-08-26T08:12:29.873 , Gen : 1 , BEST: 1012 , 
    2019-08-26T08:12:33.073 , Gen : 1 , BEST: 1012 , 
    2019-08-26T08:12:35.09 , Gen : 1 , BEST: 1012 , 
    2019-08-26T08:12:37 , Gen : 1 , BEST: 1012 , 
    2019-08-26T08:12:38.82 , Gen : 1 , BEST: 1012 , 
fitness : 1012 
 code : ++>*,+<>+<>++.-!+$-*...$!.!!!!,[<><-<,!*,]+$+[>*!],$.<[>$!+!!<[<[-$+<],$><!*<<,..,*><+]!.$ 
 1 * 2 ->  5 
 12 * 2 ->  16 
 3 * 2 ->  7 
    2019-08-26T08:12:40.52 , Gen : 1 , BEST: 1012 , 
    2019-08-26T08:12:42.304 , Gen : 1 , BEST: 1012 , 
    2019-08-26T08:12:44.395 , Gen : 1 , BEST: 1012 , 
    2019-08-26T08:12:46.187 , Gen : 1 , BEST: 1012 , 
** Tour n. 34 at 2019-08-26T08:12:46.593 
    2019-08-26T08:12:48.183 , Gen : 1 , BEST: 1012 , 
    2019-08-26T08:12:50.86 , Gen : 1 , BEST: 1012 , 
    2019-08-26T08:12:52.664 , Gen : 1 , BEST: 1012 , 
    2019-08-26T08:12:54.634 , Gen : 1 , BEST: 1012 , 
    2019-08-26T08:12:56.435 , Gen : 1 , BEST: 1012 , 
fitness : 1012 
 code : ++>*,+<>+<>++.-!+$-*...$!.!!!!,[<><-<,!*,]+$+[>*!],$.<[>$!+!!<[<[-$+<],$><!*<<,..,*><+]!.$ 
 2 * 2 ->  6 
 13 * 2 ->  17 
 2 * 2 ->  6 
    2019-08-26T08:12:58.159 , Gen : 1 , BEST: 1012 , 
    2019-08-26T08:12:59.94 , Gen : 1 , BEST: 1012 , 
    2019-08-26T08:13:01.637 , Gen : 1 , BEST: 1012 , 
    2019-08-26T08:13:03.943 , Gen : 1 , BEST: 1012 , 
** Tour n. 35 at 2019-08-26T08:13:04.494 
    2019-08-26T08:13:06 , Gen : 1 , BEST: 1012 , 
    2019-08-26T08:13:08.439 , Gen : 1 , BEST: 1012 , 
    2019-08-26T08:13:10.353 , Gen : 1 , BEST: 1012 , 
    2019-08-26T08:13:12.201 , Gen : 1 , BEST: 1012 , 
    2019-08-26T08:13:14.019 , Gen : 1 , BEST: 1012 , 
fitness : 1012 
 code : ++>*,+<>+<>++.-!+$-*...$!.!!!!,[<><-<,!*,]+$+[>*!],$.<[>$!+!!<[<[-$+<],$><!*<<,..,*><+]!.$ 
 15 * 2 ->  19 
 2 * 2 ->  6 
 0 * 2 ->  4 
    2019-08-26T08:13:15.727 , Gen : 1 , BEST: 1012 , 
    2019-08-26T08:13:17.703 , Gen : 1 , BEST: 1012 , 
    2019-08-26T08:13:19.509 , Gen : 1 , BEST: 1012 , 
    2019-08-26T08:13:21.273 , Gen : 1 , BEST: 1012 , 
** Tour n. 36 at 2019-08-26T08:13:21.649 
    2019-08-26T08:13:23.273 , Gen : 1 , BEST: 1012 , 
    2019-08-26T08:13:26.312 , Gen : 1 , BEST: 1012 , 
    2019-08-26T08:13:28.299 , Gen : 1 , BEST: 1012 , 
    2019-08-26T08:13:30.205 , Gen : 1 , BEST: 1012 , 
    2019-08-26T08:13:31.97 , Gen : 1 , BEST: 1012 , 
fitness : 1012 
 code : ++>*,+<>+<>++.-!+$-*...$!.!!!!,[<><-<,!*,]+$+[>*!],$.<[>$!+!!<[<[-$+<],$><!*<<,..,*><+]!.$ 
 2 * 2 ->  6 
 5 * 2 ->  9 
 8 * 2 ->  12 
    2019-08-26T08:13:33.66 , Gen : 1 , BEST: 1012 , 
    2019-08-26T08:13:35.592 , Gen : 1 , BEST: 1012 , 
    2019-08-26T08:13:37.314 , Gen : 1 , BEST: 1012 , 
    2019-08-26T08:13:39.02 , Gen : 1 , BEST: 1012 , 
** Tour n. 37 at 2019-08-26T08:13:39.371 
    2019-08-26T08:13:40.921 , Gen : 1 , BEST: 1012 , 
    2019-08-26T08:13:45.982 , Gen : 1 , BEST: 1012 , 
    2019-08-26T08:13:47.784 , Gen : 1 , BEST: 1012 , 
    2019-08-26T08:13:49.822 , Gen : 1 , BEST: 1012 , 
    2019-08-26T08:13:51.519 , Gen : 1 , BEST: 1012 , 
fitness : 1012 
 code : ++>*,+<>+<>++.-!+$-*...$!.!!!!,[<><-<,!*,]+$+[>*!],$.<[>$!+!!<[<[-$+<],$><!*<<,..,*><+]!.$ 
 4 * 2 ->  8 
 2 * 2 ->  6 
 12 * 2 ->  16 
    2019-08-26T08:13:53.156 , Gen : 1 , BEST: 1012 , 
    2019-08-26T08:13:54.828 , Gen : 1 , BEST: 1012 , 
    2019-08-26T08:13:56.505 , Gen : 1 , BEST: 1012 , 
    2019-08-26T08:13:58.152 , Gen : 1 , BEST: 1012 , 
** Tour n. 38 at 2019-08-26T08:13:58.467 
    2019-08-26T08:13:59.776 , Gen : 1 , BEST: 1012 , 
    2019-08-26T08:14:02.847 , Gen : 1 , BEST: 1012 , 
    2019-08-26T08:14:04.714 , Gen : 1 , BEST: 1012 , 
    2019-08-26T08:14:06.618 , Gen : 1 , BEST: 1012 , 
    2019-08-26T08:14:08.39 , Gen : 1 , BEST: 1012 , 
fitness : 1012 
 code : ++>*,+<>+<>++.-!+$-*...$!.!!!!,[<><-<,!*,]+$+[>*!],$.<[>$!+!!<[<[-$+<],$><!*<<,..,*><+]!.$ 
 3 * 2 ->  7 
 14 * 2 ->  18 
 2 * 2 ->  6 
    2019-08-26T08:14:09.991 , Gen : 1 , BEST: 1012 , 
    2019-08-26T08:14:11.637 , Gen : 1 , BEST: 1012 , 
    2019-08-26T08:14:13.295 , Gen : 1 , BEST: 1012 , 
    2019-08-26T08:14:15.236 , Gen : 1 , BEST: 1012 , 
** Tour n. 39 at 2019-08-26T08:14:15.618 
    2019-08-26T08:14:17.377 , Gen : 1 , BEST: 1012 , 
    2019-08-26T08:14:20.029 , Gen : 1 , BEST: 1012 , 
    2019-08-26T08:14:22.614 , Gen : 1 , BEST: 1012 , 
    2019-08-26T08:14:24.694 , Gen : 1 , BEST: 1012 , 
    2019-08-26T08:14:26.576 , Gen : 1 , BEST: 1012 , 
fitness : 1012 
 code : ++>*,+<>+<>++.-!+$-*...$!.!!!!,[<><-<,!*,]+$+[>*!],$.<[>$!+!!<[<[-$+<],$><!*<<,..,*><+]!.$ 
 8 * 2 ->  12 
 5 * 2 ->  9 
 13 * 2 ->  17 
    2019-08-26T08:14:28.255 , Gen : 1 , BEST: 1012 , 
    2019-08-26T08:14:30.512 , Gen : 1 , BEST: 1012 , 
    2019-08-26T08:14:32.571 , Gen : 1 , BEST: 1012 , 
    2019-08-26T08:14:34.424 , Gen : 1 , BEST: 1012 , 
** Tour n. 40 at 2019-08-26T08:14:34.852 
    2019-08-26T08:14:36.378 , Gen : 1 , BEST: 1012 , 
    2019-08-26T08:14:40.078 , Gen : 1 , BEST: 1012 , 
    2019-08-26T08:14:41.937 , Gen : 1 , BEST: 1012 , 
    2019-08-26T08:14:43.839 , Gen : 1 , BEST: 1012 , 
    2019-08-26T08:14:45.571 , Gen : 1 , BEST: 1012 , 
fitness : 1012 
 code : ++>*,+<>+<>++.-!+$-*...$!.!!!!,[<><-<,!*,]+$+[>*!],$.<[>$!+!!<[<[-$+<],$><!*<<,..,*><+]!.$ 
 5 * 2 ->  9 
 11 * 2 ->  15 
 11 * 2 ->  15 
    2019-08-26T08:14:47.261 , Gen : 1 , BEST: 1012 , 
    2019-08-26T08:14:48.988 , Gen : 1 , BEST: 1012 , 
    2019-08-26T08:14:50.624 , Gen : 1 , BEST: 1012 , 
    2019-08-26T08:14:52.273 , Gen : 1 , BEST: 1012 , 
** Tour n. 41 at 2019-08-26T08:14:52.597 
    2019-08-26T08:14:53.885 , Gen : 1 , BEST: 1012 , 
    2019-08-26T08:14:57.863 , Gen : 1 , BEST: 1012 , 
    2019-08-26T08:14:59.613 , Gen : 1 , BEST: 1012 , 
    2019-08-26T08:15:01.324 , Gen : 1 , BEST: 1012 , 
    2019-08-26T08:15:03.135 , Gen : 1 , BEST: 1012 , 
fitness : 1012 
 code : ++>*,+<>+<>++.-!+$-*...$!.!!!!,[<><-<,!*,]+$+[>*!],$.<[>$!+!!<[<[-$+<],$><!*<<,..,*><+]!.$ 
 8 * 2 ->  12 
 14 * 2 ->  18 
 3 * 2 ->  7 
    2019-08-26T08:15:04.805 , Gen : 1 , BEST: 1012 , 
    2019-08-26T08:15:06.516 , Gen : 1 , BEST: 1012 , 
    2019-08-26T08:15:08.181 , Gen : 1 , BEST: 1012 , 
    2019-08-26T08:15:09.823 , Gen : 1 , BEST: 1012 , 
** Tour n. 42 at 2019-08-26T08:15:10.167 
    2019-08-26T08:15:11.322 , Gen : 1 , BEST: 1012 , 
    2019-08-26T08:15:13.814 , Gen : 1 , BEST: 1012 , 
    2019-08-26T08:15:15.663 , Gen : 1 , BEST: 1012 , 
    2019-08-26T08:15:17.627 , Gen : 1 , BEST: 1012 , 
    2019-08-26T08:15:19.638 , Gen : 1 , BEST: 1012 , 
fitness : 1012 
 code : ++>*,+<>+<>++.-!+$-*...$!.!!!!,[<><-<,!*,]+$+[>*!],$.<[>$!+!!<[<[-$+<],$><!*<<,..,*><+]!.$ 
 9 * 2 ->  13 
 15 * 2 ->  19 
 11 * 2 ->  15 
    2019-08-26T08:15:21.26 , Gen : 1 , BEST: 1012 , 
    2019-08-26T08:15:22.881 , Gen : 1 , BEST: 1012 , 
    2019-08-26T08:15:24.624 , Gen : 1 , BEST: 1012 , 
    2019-08-26T08:15:26.507 , Gen : 1 , BEST: 1012 , 
** Tour n. 43 at 2019-08-26T08:15:26.896 
    2019-08-26T08:15:28.401 , Gen : 1 , BEST: 1012 , 
    2019-08-26T08:15:30.361 , Gen : 1 , BEST: 1012 , 
    2019-08-26T08:15:32.287 , Gen : 1 , BEST: 1012 , 
    2019-08-26T08:15:33.994 , Gen : 1 , BEST: 1012 , 
    2019-08-26T08:15:35.778 , Gen : 1 , BEST: 1012 , 
fitness : 1012 
 code : ++>*,+<>+<>++.-!+$-*...$!.!!!!,[<><-<,!*,]+$+[>*!],$.<[>$!+!!<[<[-$+<],$><!*<<,..,*><+]!.$ 
 4 * 2 ->  8 
 5 * 2 ->  9 
 3 * 2 ->  7 
    2019-08-26T08:15:37.494 , Gen : 1 , BEST: 1012 , 
    2019-08-26T08:15:39.632 , Gen : 1 , BEST: 1012 , 
    2019-08-26T08:15:41.623 , Gen : 1 , BEST: 1012 , 
    2019-08-26T08:15:43.435 , Gen : 1 , BEST: 1012 , 
** Tour n. 44 at 2019-08-26T08:15:43.835 
    2019-08-26T08:15:45.293 , Gen : 1 , BEST: 1012 , 
    2019-08-26T08:15:48.049 , Gen : 1 , BEST: 1012 , 
    2019-08-26T08:15:50.012 , Gen : 1 , BEST: 1012 , 
    2019-08-26T08:15:52.026 , Gen : 1 , BEST: 1012 , 
    2019-08-26T08:15:53.909 , Gen : 1 , BEST: 1012 , 
fitness : 1012 
 code : ++>*,+<>+<>++.-!+$-*...$!.!!!!,[<><-<,!*,]+$+[>*!],$.<[>$!+!!<[<[-$+<],$><!*<<,..,*><+]!.$ 
 7 * 2 ->  11 
 9 * 2 ->  13 
 3 * 2 ->  7 
    2019-08-26T08:15:55.627 , Gen : 1 , BEST: 1012 , 
    2019-08-26T08:15:57.492 , Gen : 1 , BEST: 1012 , 
    2019-08-26T08:15:59.555 , Gen : 1 , BEST: 1012 , 
    2019-08-26T08:16:01.305 , Gen : 1 , BEST: 1012 , 
** Tour n. 45 at 2019-08-26T08:16:01.734 
    2019-08-26T08:16:03.418 , Gen : 1 , BEST: 1012 , 
    2019-08-26T08:16:06.05 , Gen : 1 , BEST: 1012 , 
    2019-08-26T08:16:08.1 , Gen : 1 , BEST: 1012 , 
    2019-08-26T08:16:10.062 , Gen : 1 , BEST: 1012 , 
    2019-08-26T08:16:12.2 , Gen : 1 , BEST: 1012 , 
fitness : 1012 
 code : ++>*,+<>+<>++.-!+$-*...$!.!!!!,[<><-<,!*,]+$+[>*!],$.<[>$!+!!<[<[-$+<],$><!*<<,..,*><+]!.$ 
 15 * 2 ->  19 
 8 * 2 ->  12 
 11 * 2 ->  15 
    2019-08-26T08:16:13.939 , Gen : 1 , BEST: 1012 , 
    2019-08-26T08:16:15.649 , Gen : 1 , BEST: 1012 , 
    2019-08-26T08:16:17.449 , Gen : 1 , BEST: 1012 , 
    2019-08-26T08:16:19.225 , Gen : 1 , BEST: 1012 , 
** Tour n. 46 at 2019-08-26T08:16:19.586 
    2019-08-26T08:16:21.148 , Gen : 1 , BEST: 1012 , 
    2019-08-26T08:16:24.351 , Gen : 1 , BEST: 1012 , 
    2019-08-26T08:16:26.214 , Gen : 1 , BEST: 1012 , 
    2019-08-26T08:16:28.032 , Gen : 1 , BEST: 1012 , 
    2019-08-26T08:16:29.993 , Gen : 1 , BEST: 1012 , 
fitness : 1012 
 code : ++>*,+<>+<>++.-!+$-*...$!.!!!!,[<><-<,!*,]+$+[>*!],$.<[>$!+!!<[<[-$+<],$><!*<<,..,*><+]!.$ 
 9 * 2 ->  13 
 6 * 2 ->  10 
 10 * 2 ->  14 
    2019-08-26T08:16:31.725 , Gen : 1 , BEST: 1012 , 
    2019-08-26T08:16:33.811 , Gen : 1 , BEST: 1012 , 
    2019-08-26T08:16:35.641 , Gen : 1 , BEST: 1012 , 
    2019-08-26T08:16:37.399 , Gen : 1 , BEST: 1012 , 
** Tour n. 47 at 2019-08-26T08:16:37.729 
    2019-08-26T08:16:39.054 , Gen : 1 , BEST: 1012 , 
    2019-08-26T08:16:41.832 , Gen : 1 , BEST: 1012 , 
    2019-08-26T08:16:43.721 , Gen : 1 , BEST: 1012 , 
    2019-08-26T08:16:45.567 , Gen : 1 , BEST: 1012 , 
    2019-08-26T08:16:47.282 , Gen : 1 , BEST: 1012 , 
fitness : 1012 
 code : ++>*,+<>+<>++.-!+$-*...$!.!!!!,[<><-<,!*,]+$+[>*!],$.<[>$!+!!<[<[-$+<],$><!*<<,..,*><+]!.$ 
 9 * 2 ->  13 
 3 * 2 ->  7 
 2 * 2 ->  6 
    2019-08-26T08:16:48.886 , Gen : 1 , BEST: 1012 , 
    2019-08-26T08:16:50.619 , Gen : 1 , BEST: 1012 , 
    2019-08-26T08:16:52.359 , Gen : 1 , BEST: 1012 , 
    2019-08-26T08:16:54.019 , Gen : 1 , BEST: 1012 , 
** Tour n. 48 at 2019-08-26T08:16:54.351 
    2019-08-26T08:16:55.727 , Gen : 1 , BEST: 1012 , 
    2019-08-26T08:16:58.044 , Gen : 1 , BEST: 1012 , 
    2019-08-26T08:16:59.968 , Gen : 1 , BEST: 1012 , 
    2019-08-26T08:17:01.787 , Gen : 1 , BEST: 1012 , 
    2019-08-26T08:17:03.513 , Gen : 1 , BEST: 1012 , 
fitness : 1012 
 code : ++>*,+<>+<>++.-!+$-*...$!.!!!!,[<><-<,!*,]+$+[>*!],$.<[>$!+!!<[<[-$+<],$><!*<<,..,*><+]!.$ 
 5 * 2 ->  9 
 7 * 2 ->  11 
 8 * 2 ->  12 
    2019-08-26T08:17:05.152 , Gen : 1 , BEST: 1012 , 
    2019-08-26T08:17:06.777 , Gen : 1 , BEST: 1012 , 
    2019-08-26T08:17:08.486 , Gen : 1 , BEST: 1012 , 
    2019-08-26T08:17:10.128 , Gen : 1 , BEST: 1012 , 
** Tour n. 49 at 2019-08-26T08:17:10.496 
    2019-08-26T08:17:11.741 , Gen : 1 , BEST: 1012 , 
    2019-08-26T08:17:15.57 , Gen : 1 , BEST: 1012 , 
    2019-08-26T08:17:17.495 , Gen : 1 , BEST: 1012 , 
    2019-08-26T08:17:19.266 , Gen : 1 , BEST: 1012 , 
    2019-08-26T08:17:20.964 , Gen : 1 , BEST: 1012 , 
fitness : 1012 
 code : ++>*,+<>+<>++.-!+$-*...$!.!!!!,[<><-<,!*,]+$+[>*!],$.<[>$!+!!<[<[-$+<],$><!*<<,..,*><+]!.$ 
 13 * 2 ->  17 
 1 * 2 ->  5 
 14 * 2 ->  18 
    2019-08-26T08:17:22.587 , Gen : 1 , BEST: 1012 , 
    2019-08-26T08:17:24.298 , Gen : 1 , BEST: 1012 , 
    2019-08-26T08:17:26.077 , Gen : 1 , BEST: 1012 , 
    2019-08-26T08:17:27.729 , Gen : 1 , BEST: 1012 , 
** Tour n. 50 at 2019-08-26T08:17:28.083 
    2019-08-26T08:17:29.477 , Gen : 1 , BEST: 1012 , 
    2019-08-26T08:17:32.01 , Gen : 1 , BEST: 1012 , 
    2019-08-26T08:17:33.96 , Gen : 1 , BEST: 1012 , 
    2019-08-26T08:17:35.926 , Gen : 1 , BEST: 1012 , 
    2019-08-26T08:17:37.828 , Gen : 1 , BEST: 1012 , 
fitness : 1012 
 code : ++>*,+<>+<>++.-!+$-*...$!.!!!!,[<><-<,!*,]+$+[>*!],$.<[>$!+!!<[<[-$+<],$><!*<<,..,*><+]!.$ 
 1 * 2 ->  5 
 14 * 2 ->  18 
 0 * 2 ->  4 
    2019-08-26T08:17:39.541 , Gen : 1 , BEST: 1012 , 
    2019-08-26T08:17:41.316 , Gen : 1 , BEST: 1012 , 
    2019-08-26T08:17:43.009 , Gen : 1 , BEST: 1012 , 
    2019-08-26T08:17:44.765 , Gen : 1 , BEST: 1012 , 
** Tour n. 51 at 2019-08-26T08:17:45.127 
    2019-08-26T08:17:46.647 , Gen : 1 , BEST: 1012 , 
    2019-08-26T08:17:48.983 , Gen : 1 , BEST: 1012 , 
    2019-08-26T08:17:50.874 , Gen : 1 , BEST: 1012 , 
    2019-08-26T08:17:52.743 , Gen : 1 , BEST: 1012 , 
    2019-08-26T08:17:54.55 , Gen : 1 , BEST: 1012 , 
fitness : 1012 
 code : ++>*,+<>+<>++.-!+$-*...$!.!!!!,[<><-<,!*,]+$+[>*!],$.<[>$!+!!<[<[-$+<],$><!*<<,..,*><+]!.$ 
 1 * 2 ->  5 
 15 * 2 ->  19 
 13 * 2 ->  17 
    2019-08-26T08:17:56.255 , Gen : 1 , BEST: 1012 , 
    2019-08-26T08:17:58.282 , Gen : 1 , BEST: 1012 , 
    2019-08-26T08:18:00.143 , Gen : 1 , BEST: 1012 , 
    2019-08-26T08:18:02.003 , Gen : 1 , BEST: 1012 , 
** Tour n. 52 at 2019-08-26T08:18:02.363 
    2019-08-26T08:18:03.948 , Gen : 1 , BEST: 1012 , 
    2019-08-26T08:18:06.406 , Gen : 1 , BEST: 1012 , 
    2019-08-26T08:18:08.37 , Gen : 1 , BEST: 1012 , 
    2019-08-26T08:18:10.401 , Gen : 1 , BEST: 1012 , 
    2019-08-26T08:18:12.247 , Gen : 1 , BEST: 1012 , 
fitness : 1012 
 code : ++>*,+<>+<>++.-!+$-*...$!.!!!!,[<><-<,!*,]+$+[>*!],$.<[>$!+!!<[<[-$+<],$><!*<<,..,*><+]!.$ 
 3 * 2 ->  7 
 3 * 2 ->  7 
 5 * 2 ->  9 
    2019-08-26T08:18:14.022 , Gen : 1 , BEST: 1012 , 
    2019-08-26T08:18:16.374 , Gen : 1 , BEST: 1012 , 
    2019-08-26T08:18:18.42 , Gen : 1 , BEST: 1012 , 
    2019-08-26T08:18:20.484 , Gen : 1 , BEST: 1012 , 
** Tour n. 53 at 2019-08-26T08:18:20.89 
    2019-08-26T08:18:22.467 , Gen : 1 , BEST: 1012 , 
    2019-08-26T08:18:26.025 , Gen : 1 , BEST: 1012 , 
    2019-08-26T08:18:28.006 , Gen : 1 , BEST: 1012 , 
    2019-08-26T08:18:29.88 , Gen : 1 , BEST: 1012 , 
    2019-08-26T08:18:31.688 , Gen : 1 , BEST: 1012 , 
fitness : 1012 
 code : ++>*,+<>+<>++.-!+$-*...$!.!!!!,[<><-<,!*,]+$+[>*!],$.<[>$!+!!<[<[-$+<],$><!*<<,..,*><+]!.$ 
 9 * 2 ->  13 
 3 * 2 ->  7 
 15 * 2 ->  19 
    2019-08-26T08:18:33.381 , Gen : 1 , BEST: 1012 , 
    2019-08-26T08:18:35.474 , Gen : 1 , BEST: 1012 , 
    2019-08-26T08:18:37.256 , Gen : 1 , BEST: 1012 , 
    2019-08-26T08:18:39.078 , Gen : 1 , BEST: 1012 , 
** Tour n. 54 at 2019-08-26T08:18:39.43 
    2019-08-26T08:18:40.962 , Gen : 1 , BEST: 1012 , 
    2019-08-26T08:18:45.224 , Gen : 1 , BEST: 1012 , 
    2019-08-26T08:18:47.739 , Gen : 1 , BEST: 1012 , 
    2019-08-26T08:18:50.043 , Gen : 1 , BEST: 1012 , 
    2019-08-26T08:18:51.915 , Gen : 1 , BEST: 1012 , 
fitness : 1012 
 code : ++>*,+<>+<>++.-!+$-*...$!.!!!!,[<><-<,!*,]+$+[>*!],$.<[>$!+!!<[<[-$+<],$><!*<<,..,*><+]!.$ 
 9 * 2 ->  13 
 8 * 2 ->  12 
 2 * 2 ->  6 
    2019-08-26T08:18:53.626 , Gen : 1 , BEST: 1012 , 
    2019-08-26T08:18:55.348 , Gen : 1 , BEST: 1012 , 
    2019-08-26T08:18:57.572 , Gen : 1 , BEST: 1012 , 
    2019-08-26T08:18:59.445 , Gen : 1 , BEST: 1012 , 
** Tour n. 55 at 2019-08-26T08:18:59.843 
    2019-08-26T08:19:01.293 , Gen : 1 , BEST: 1012 , 
    2019-08-26T08:19:04.58 , Gen : 1 , BEST: 1012 , 
    2019-08-26T08:19:06.457 , Gen : 1 , BEST: 1012 , 
    2019-08-26T08:19:08.317 , Gen : 1 , BEST: 1012 , 
    2019-08-26T08:19:10.098 , Gen : 1 , BEST: 1012 , 
fitness : 1012 
 code : ++>*,+<>+<>++.-!+$-*...$!.!!!!,[<><-<,!*,]+$+[>*!],$.<[>$!+!!<[<[-$+<],$><!*<<,..,*><+]!.$ 
 0 * 2 ->  4 
 10 * 2 ->  14 
 5 * 2 ->  9 
    2019-08-26T08:19:11.813 , Gen : 1 , BEST: 1012 , 
    2019-08-26T08:19:13.54 , Gen : 1 , BEST: 1012 , 
    2019-08-26T08:19:15.302 , Gen : 1 , BEST: 1012 , 
    2019-08-26T08:19:17.174 , Gen : 1 , BEST: 1012 , 
** Tour n. 56 at 2019-08-26T08:19:17.51 
    2019-08-26T08:19:19.103 , Gen : 1 , BEST: 1012 , 
    2019-08-26T08:19:21.932 , Gen : 1 , BEST: 1012 , 
    2019-08-26T08:19:23.839 , Gen : 1 , BEST: 1012 , 
    2019-08-26T08:19:25.709 , Gen : 1 , BEST: 1012 , 
    2019-08-26T08:19:27.526 , Gen : 1 , BEST: 1012 , 
fitness : 1012 
 code : ++>*,+<>+<>++.-!+$-*...$!.!!!!,[<><-<,!*,]+$+[>*!],$.<[>$!+!!<[<[-$+<],$><!*<<,..,*><+]!.$ 
 6 * 2 ->  10 
 10 * 2 ->  14 
 13 * 2 ->  17 
    2019-08-26T08:19:29.236 , Gen : 1 , BEST: 1012 , 
    2019-08-26T08:19:31.495 , Gen : 1 , BEST: 1012 , 
    2019-08-26T08:19:33.572 , Gen : 1 , BEST: 1012 , 
    2019-08-26T08:19:35.829 , Gen : 1 , BEST: 1012 , 
** Tour n. 57 at 2019-08-26T08:19:36.213 
    2019-08-26T08:19:37.692 , Gen : 1 , BEST: 1012 , 
    2019-08-26T08:19:40.392 , Gen : 1 , BEST: 1012 , 
    2019-08-26T08:19:42.378 , Gen : 1 , BEST: 1012 , 
    2019-08-26T08:19:44.361 , Gen : 1 , BEST: 1012 , 
    2019-08-26T08:19:46.28 , Gen : 1 , BEST: 1012 , 
fitness : 1012 
 code : ++>*,+<>+<>++.-!+$-*...$!.!!!!,[<><-<,!*,]+$+[>*!],$.<[>$!+!!<[<[-$+<],$><!*<<,..,*><+]!.$ 
 2 * 2 ->  6 
 11 * 2 ->  15 
 7 * 2 ->  11 
    2019-08-26T08:19:47.996 , Gen : 1 , BEST: 1012 , 
    2019-08-26T08:19:50.222 , Gen : 1 , BEST: 1012 , 
    2019-08-26T08:19:51.992 , Gen : 1 , BEST: 1012 , 
    2019-08-26T08:19:53.783 , Gen : 1 , BEST: 1012 , 
** Tour n. 58 at 2019-08-26T08:19:54.144 
    2019-08-26T08:19:55.634 , Gen : 1 , BEST: 1012 , 
    2019-08-26T08:19:58.468 , Gen : 1 , BEST: 1012 , 
    2019-08-26T08:20:00.395 , Gen : 1 , BEST: 1012 , 
    2019-08-26T08:20:02.236 , Gen : 1 , BEST: 1012 , 
    2019-08-26T08:20:04.003 , Gen : 1 , BEST: 1012 , 
fitness : 1012 
 code : ++>*,+<>+<>++.-!+$-*...$!.!!!!,[<><-<,!*,]+$+[>*!],$.<[>$!+!!<[<[-$+<],$><!*<<,..,*><+]!.$ 
 7 * 2 ->  11 
 3 * 2 ->  7 
 6 * 2 ->  10 
    2019-08-26T08:20:05.657 , Gen : 1 , BEST: 1012 , 
    2019-08-26T08:20:07.47 , Gen : 1 , BEST: 1012 , 
    2019-08-26T08:20:09.275 , Gen : 1 , BEST: 1012 , 
    2019-08-26T08:20:11.087 , Gen : 1 , BEST: 1012 , 
** Tour n. 59 at 2019-08-26T08:20:11.439 
    2019-08-26T08:20:13.152 , Gen : 1 , BEST: 1012 , 
    2019-08-26T08:20:15.803 , Gen : 1 , BEST: 1012 , 
    2019-08-26T08:20:17.767 , Gen : 1 , BEST: 1012 , 
    2019-08-26T08:20:19.707 , Gen : 1 , BEST: 1012 , 
    2019-08-26T08:20:21.464 , Gen : 1 , BEST: 1012 , 
fitness : 1012 
 code : ++>*,+<>+<>++.-!+$-*...$!.!!!!,[<><-<,!*,]+$+[>*!],$.<[>$!+!!<[<[-$+<],$><!*<<,..,*><+]!.$ 
 10 * 2 ->  14 
 15 * 2 ->  19 
 3 * 2 ->  7 
    2019-08-26T08:20:23.138 , Gen : 1 , BEST: 1012 , 
    2019-08-26T08:20:25.296 , Gen : 1 , BEST: 1012 , 
    2019-08-26T08:20:27.047 , Gen : 1 , BEST: 1012 , 
    2019-08-26T08:20:28.815 , Gen : 1 , BEST: 1012 , 
** Tour n. 60 at 2019-08-26T08:20:29.14 
    2019-08-26T08:20:30.585 , Gen : 1 , BEST: 1012 , 
    2019-08-26T08:20:33.73 , Gen : 1 , BEST: 1012 , 
    2019-08-26T08:20:35.659 , Gen : 1 , BEST: 1012 , 
    2019-08-26T08:20:37.461 , Gen : 1 , BEST: 1012 , 
    2019-08-26T08:20:39.391 , Gen : 1 , BEST: 1024 , 
fitness : 1024 
 code : $$!+>+<>+<$!-,$[[-+>*..$!.!!!!,[<><**[*],]+$+[>*!]><-$[$>.,*,!-]**<[>!$<!*<<,..,.,*><![+[[ 
 13 * 2 ->  26 
 13 * 2 ->  26 
 6 * 2 ->  12 
    2019-08-26T08:20:41.905 , Gen : 1 , BEST: 1024 , 
fitness : 1024 
 code : $$!+>+<>+<$!-,$[[-+>*..$!.!!!!,[<><**[*],]+$+[>*!]><-$[$>.,*,!-]**<[>!$<!*<<,..,.,*><![+[[ 
 15 * 2 ->  30 
 15 * 2 ->  30 
 7 * 2 ->  14 
fitness 1024 
dna : [0.749158, 0.729033, 0.896478, 0.242047, 0.112671, 0.241635, 0.0365629, 0.177587, 0.266368, 0.0365629, 0.744917, 0.882544, 0.351728, 0.474939, 0.742964, 0.576058, 0.585837, 0.304588, 0.199498, 0.129487, 0.93033, 0.40933, 0.391348, 0.794173, 0.859131, 0.391348, 0.89135, 0.859131, 0.89425, 0.908161, 0.513033, 0.614943, 0.0235497, 0.160743, 0.0480012, 0.998042, 0.934697, 0.572866, 0.918591, 0.725641, 0.516135, 0.677024, 0.231952, 0.81769, 0.271468, 0.598399, 0.178236, 0.95722, 0.838307, 0.64862, 0.144441, 0.0685785, 0.345282, 0.808351, 0.554012, 0.747036, 0.106008, 0.401861, 0.504041, 0.96811, 0.501351, 0.848411, 0.311701, 0.722784, 0.950873, 0.928136, 0.0258281, 0.635297, 0.119144, 0.8423, 0.727684, 0.0844983, 0.853499, 0.918242, 0.047602, 0.047602, 0.534475, 0.43947, 0.439422, 0.515802, 0.439422, 0.515802, 0.96469, 0.112235, 0.054071, 0.860079, 0.607313, 0.229588, 0.547594, 0.572645] 
