targetFitness = 1024 
params : Main.GeneticAlgorithms.Types.GAParams(136, 1000000, 50, 150, 0.7, 0.01, true, IOStream(<file ../Results/logTimesTwo.log>), 0.0, 1024.0, 0, 0) 
** Tour n. 1 at 2019-09-04T02:21:42.572 
** Tour n. 2 at 2019-09-04T02:21:44.416 
    2019-09-04T02:21:45.516 , Iteration : 5, BEST: 1008 , bonus = 94.0 
** Tour n. 3 at 2019-09-04T02:21:47.06 
    2019-09-04T02:21:48.255 , Iteration : 5, BEST: 1012 , bonus = 46.0 
** Tour n. 4 at 2019-09-04T02:21:48.519 
    2019-09-04T02:21:49.324 , Tour : 5, BEST: 1012 , bonus = 46.0 
** Tour n. 5 at 2019-09-04T02:21:49.324 
** Tour n. 6 at 2019-09-04T02:21:50.122 
** Tour n. 7 at 2019-09-04T02:21:50.823 
** Tour n. 8 at 2019-09-04T02:21:51.504 
** Tour n. 9 at 2019-09-04T02:21:52.272 
    2019-09-04T02:21:52.941 , Tour : 10, BEST: 1012 , bonus = 46.0 
** Tour n. 10 at 2019-09-04T02:21:52.941 
** Tour n. 11 at 2019-09-04T02:21:53.628 
** Tour n. 12 at 2019-09-04T02:21:54.352 
** Tour n. 13 at 2019-09-04T02:21:55.065 
** Tour n. 14 at 2019-09-04T02:21:55.814 
    2019-09-04T02:21:56.428 , Tour : 15, BEST: 1012 , bonus = 46.0 
** Tour n. 15 at 2019-09-04T02:21:56.428 
** Tour n. 16 at 2019-09-04T02:21:57.098 
** Tour n. 17 at 2019-09-04T02:21:57.784 
** Tour n. 18 at 2019-09-04T02:21:58.498 
** Tour n. 19 at 2019-09-04T02:21:59.16 
    2019-09-04T02:21:59.873 , Tour : 20, BEST: 1012 , bonus = 46.0 
** Tour n. 20 at 2019-09-04T02:21:59.873 
** Tour n. 21 at 2019-09-04T02:22:00.515 
** Tour n. 22 at 2019-09-04T02:22:01.332 
** Tour n. 23 at 2019-09-04T02:22:02.223 
** Tour n. 24 at 2019-09-04T02:22:02.963 
    2019-09-04T02:22:03.83 , Tour : 25, BEST: 1012 , bonus = 46.0 
** Tour n. 25 at 2019-09-04T02:22:03.83 
** Tour n. 26 at 2019-09-04T02:22:04.588 
** Tour n. 27 at 2019-09-04T02:22:05.344 
** Tour n. 28 at 2019-09-04T02:22:06.186 
** Tour n. 29 at 2019-09-04T02:22:06.946 
    2019-09-04T02:22:07.774 , Tour : 30, BEST: 1012 , bonus = 46.0 
** Tour n. 30 at 2019-09-04T02:22:07.774 
** Tour n. 31 at 2019-09-04T02:22:08.495 
** Tour n. 32 at 2019-09-04T02:22:09.155 
** Tour n. 33 at 2019-09-04T02:22:09.797 
** Tour n. 34 at 2019-09-04T02:22:10.524 
    2019-09-04T02:22:11.187 , Tour : 35, BEST: 1012 , bonus = 46.0 
** Tour n. 35 at 2019-09-04T02:22:11.187 
** Tour n. 36 at 2019-09-04T02:22:12.071 
** Tour n. 37 at 2019-09-04T02:22:13.082 
** Tour n. 38 at 2019-09-04T02:22:13.865 
** Tour n. 39 at 2019-09-04T02:22:14.648 
    2019-09-04T02:22:15.471 , Tour : 40, BEST: 1012 , bonus = 46.0 
fitness : 1012 
 code : >>[-,.--.>>]-<,+><++++.[->,++-.[[++[>>--],<<<>>[.. 
 3 * 2 ->  8 
 14 * 2 ->  19 
 2 * 2 ->  7 
** Tour n. 40 at 2019-09-04T02:22:15.471 
** Tour n. 41 at 2019-09-04T02:22:16.37 
** Tour n. 42 at 2019-09-04T02:22:17.08 
** Tour n. 43 at 2019-09-04T02:22:17.852 
** Tour n. 44 at 2019-09-04T02:22:18.803 
    2019-09-04T02:22:19.787 , Tour : 45, BEST: 1012 , bonus = 46.0 
** Tour n. 45 at 2019-09-04T02:22:19.787 
** Tour n. 46 at 2019-09-04T02:22:20.793 
** Tour n. 47 at 2019-09-04T02:22:21.749 
** Tour n. 48 at 2019-09-04T02:22:22.685 
** Tour n. 49 at 2019-09-04T02:22:23.714 
    2019-09-04T02:22:24.499 , Tour : 50, BEST: 1012 , bonus = 46.0 
** Tour n. 50 at 2019-09-04T02:22:24.499 
** Tour n. 51 at 2019-09-04T02:22:25.395 
** Tour n. 52 at 2019-09-04T02:22:26.227 
** Tour n. 53 at 2019-09-04T02:22:27.049 
** Tour n. 54 at 2019-09-04T02:22:27.861 
    2019-09-04T02:22:28.818 , Tour : 55, BEST: 1012 , bonus = 46.0 
** Tour n. 55 at 2019-09-04T02:22:28.818 
** Tour n. 56 at 2019-09-04T02:22:29.827 
** Tour n. 57 at 2019-09-04T02:22:30.71 
** Tour n. 58 at 2019-09-04T02:22:31.712 
** Tour n. 59 at 2019-09-04T02:22:32.628 
    2019-09-04T02:22:33.415 , Tour : 60, BEST: 1012 , bonus = 46.0 
** Tour n. 60 at 2019-09-04T02:22:33.415 
** Tour n. 61 at 2019-09-04T02:22:34.217 
** Tour n. 62 at 2019-09-04T02:22:34.962 
** Tour n. 63 at 2019-09-04T02:22:35.753 
** Tour n. 64 at 2019-09-04T02:22:36.459 
    2019-09-04T02:22:37.39 , Tour : 65, BEST: 1012 , bonus = 46.0 
** Tour n. 65 at 2019-09-04T02:22:37.39 
** Tour n. 66 at 2019-09-04T02:22:38.278 
** Tour n. 67 at 2019-09-04T02:22:39.158 
** Tour n. 68 at 2019-09-04T02:22:39.988 
** Tour n. 69 at 2019-09-04T02:22:40.905 
    2019-09-04T02:22:41.749 , Tour : 70, BEST: 1012 , bonus = 46.0 
** Tour n. 70 at 2019-09-04T02:22:41.749 
** Tour n. 71 at 2019-09-04T02:22:42.709 
** Tour n. 72 at 2019-09-04T02:22:43.587 
** Tour n. 73 at 2019-09-04T02:22:44.609 
** Tour n. 74 at 2019-09-04T02:22:45.723 
    2019-09-04T02:22:47.033 , Tour : 75, BEST: 1012 , bonus = 46.0 
** Tour n. 75 at 2019-09-04T02:22:47.033 
** Tour n. 76 at 2019-09-04T02:22:48.106 
** Tour n. 77 at 2019-09-04T02:22:49.071 
** Tour n. 78 at 2019-09-04T02:22:49.787 
** Tour n. 79 at 2019-09-04T02:22:50.652 
    2019-09-04T02:22:51.53 , Tour : 80, BEST: 1012 , bonus = 46.0 
fitness : 1012 
 code : >[-,.->..>>]-<,+><++++.[-[->,>>>+]<-[[++,<>[.[.>[> 
 5 * 2 ->  10 
 6 * 2 ->  11 
 11 * 2 ->  16 
** Tour n. 80 at 2019-09-04T02:22:51.53 
** Tour n. 81 at 2019-09-04T02:22:52.55 
** Tour n. 82 at 2019-09-04T02:22:53.542 
** Tour n. 83 at 2019-09-04T02:22:54.285 
** Tour n. 84 at 2019-09-04T02:22:55.151 
    2019-09-04T02:22:56.153 , Tour : 85, BEST: 1012 , bonus = 46.0 
** Tour n. 85 at 2019-09-04T02:22:56.153 
** Tour n. 86 at 2019-09-04T02:22:57.132 
** Tour n. 87 at 2019-09-04T02:22:57.981 
** Tour n. 88 at 2019-09-04T02:22:58.786 
** Tour n. 89 at 2019-09-04T02:22:59.691 
    2019-09-04T02:23:00.419 , Tour : 90, BEST: 1012 , bonus = 46.0 
** Tour n. 90 at 2019-09-04T02:23:00.419 
** Tour n. 91 at 2019-09-04T02:23:01.267 
** Tour n. 92 at 2019-09-04T02:23:02.021 
** Tour n. 93 at 2019-09-04T02:23:02.914 
** Tour n. 94 at 2019-09-04T02:23:03.921 
    2019-09-04T02:23:04.844 , Tour : 95, BEST: 1012 , bonus = 46.0 
** Tour n. 95 at 2019-09-04T02:23:04.844 
** Tour n. 96 at 2019-09-04T02:23:05.744 
** Tour n. 97 at 2019-09-04T02:23:06.58 
** Tour n. 98 at 2019-09-04T02:23:07.507 
** Tour n. 99 at 2019-09-04T02:23:08.369 
    2019-09-04T02:23:09.369 , Tour : 100, BEST: 1012 , bonus = 46.0 
** Tour n. 100 at 2019-09-04T02:23:09.369 
** Tour n. 101 at 2019-09-04T02:23:10.278 
** Tour n. 102 at 2019-09-04T02:23:11.17 
** Tour n. 103 at 2019-09-04T02:23:11.982 
** Tour n. 104 at 2019-09-04T02:23:12.92 
    2019-09-04T02:23:14.073 , Tour : 105, BEST: 1012 , bonus = 46.0 
** Tour n. 105 at 2019-09-04T02:23:14.073 
** Tour n. 106 at 2019-09-04T02:23:15.006 
** Tour n. 107 at 2019-09-04T02:23:15.95 
** Tour n. 108 at 2019-09-04T02:23:17.071 
** Tour n. 109 at 2019-09-04T02:23:18.058 
    2019-09-04T02:23:18.878 , Tour : 110, BEST: 1012 , bonus = 46.0 
** Tour n. 110 at 2019-09-04T02:23:18.878 
** Tour n. 111 at 2019-09-04T02:23:19.796 
** Tour n. 112 at 2019-09-04T02:23:20.634 
** Tour n. 113 at 2019-09-04T02:23:21.525 
** Tour n. 114 at 2019-09-04T02:23:22.485 
    2019-09-04T02:23:23.564 , Tour : 115, BEST: 1012 , bonus = 46.0 
** Tour n. 115 at 2019-09-04T02:23:23.564 
** Tour n. 116 at 2019-09-04T02:23:24.718 
** Tour n. 117 at 2019-09-04T02:23:25.852 
** Tour n. 118 at 2019-09-04T02:23:27.017 
** Tour n. 119 at 2019-09-04T02:23:28.243 
    2019-09-04T02:23:29.39 , Tour : 120, BEST: 1012 , bonus = 46.0 
fitness : 1012 
 code : +>[,+>..>>]+,+><++++.[[[-[>>+]<<--[[[++<,<>[,[>[>[ 
 1 * 2 ->  6 
 13 * 2 ->  18 
 6 * 2 ->  11 
** Tour n. 120 at 2019-09-04T02:23:29.39 
** Tour n. 121 at 2019-09-04T02:23:30.392 
** Tour n. 122 at 2019-09-04T02:23:31.471 
** Tour n. 123 at 2019-09-04T02:23:32.454 
** Tour n. 124 at 2019-09-04T02:23:33.325 
    2019-09-04T02:23:34.481 , Tour : 125, BEST: 1012 , bonus = 46.0 
** Tour n. 125 at 2019-09-04T02:23:34.481 
** Tour n. 126 at 2019-09-04T02:23:35.479 
** Tour n. 127 at 2019-09-04T02:23:36.458 
** Tour n. 128 at 2019-09-04T02:23:37.409 
** Tour n. 129 at 2019-09-04T02:23:38.283 
    2019-09-04T02:23:39.217 , Tour : 130, BEST: 1012 , bonus = 46.0 
** Tour n. 130 at 2019-09-04T02:23:39.217 
** Tour n. 131 at 2019-09-04T02:23:40.233 
** Tour n. 132 at 2019-09-04T02:23:41.108 
** Tour n. 133 at 2019-09-04T02:23:42.128 
** Tour n. 134 at 2019-09-04T02:23:43.1 
    2019-09-04T02:23:44.202 , Tour : 135, BEST: 1012 , bonus = 46.0 
** Tour n. 135 at 2019-09-04T02:23:44.202 
** Tour n. 136 at 2019-09-04T02:23:45.061 
** Tour n. 137 at 2019-09-04T02:23:46.119 
** Tour n. 138 at 2019-09-04T02:23:47.229 
** Tour n. 139 at 2019-09-04T02:23:48.152 
    2019-09-04T02:23:49.223 , Tour : 140, BEST: 1012 , bonus = 46.0 
** Tour n. 140 at 2019-09-04T02:23:49.223 
** Tour n. 141 at 2019-09-04T02:23:50.087 
** Tour n. 142 at 2019-09-04T02:23:51.078 
** Tour n. 143 at 2019-09-04T02:23:52.166 
** Tour n. 144 at 2019-09-04T02:23:53.015 
    2019-09-04T02:23:53.755 , Tour : 145, BEST: 1012 , bonus = 46.0 
** Tour n. 145 at 2019-09-04T02:23:53.755 
** Tour n. 146 at 2019-09-04T02:23:54.671 
** Tour n. 147 at 2019-09-04T02:23:55.532 
** Tour n. 148 at 2019-09-04T02:23:56.228 
** Tour n. 149 at 2019-09-04T02:23:56.901 
    2019-09-04T02:23:57.571 , Tour : 150, BEST: 1012 , bonus = 46.0 
** Tour n. 150 at 2019-09-04T02:23:57.571 
** Tour n. 151 at 2019-09-04T02:23:58.335 
** Tour n. 152 at 2019-09-04T02:23:59.096 
** Tour n. 153 at 2019-09-04T02:24:00.042 
** Tour n. 154 at 2019-09-04T02:24:00.965 
fitness : 1024 
 code : ,[>[>..-]<[>--<+]][<[<]]>.<>[--,--]-[>,[,[-.>]>[>> 
 9 * 2 ->  18 
 0 * 2 ->  0 
 12 * 2 ->  24 
fitness 1024 
dna : [0.653764, 0.767949, 0.161146, 0.814253, 0.245138, 0.605493, 0.603582, 0.495882, 0.951444, 0.0944634, 0.835798, 0.185235, 0.455763, 0.407498, 0.069247, 0.305512, 0.959416, 0.889937, 0.764096, 0.115721, 0.806424, 0.00848215, 0.966027, 0.970918, 0.186096, 0.531834, 0.120263, 0.146251, 0.772733, 0.436226, 0.409795, 0.715619, 0.409795, 0.464473, 0.97245, 0.384911, 0.779227, 0.147776, 0.732154, 0.859182, 0.647334, 0.846002, 0.37674, 0.607447, 0.193124, 0.998871, 0.227027, 0.847337, 0.151799, 0.1571] 
