targetFitness = 14592 
params : Main.GeneticAlgorithms.Types.GAParams(100, 1000000, 80, 110, 0.7, 0.01, true, IOStream(<file ../Results/logTrimLefToFQuote.log>), 0.0, 14592.0, 0, 0) 
** Tour n. 1 at 2019-08-31T21:52:24.382 
    2019-08-31T21:52:33.235 , Iteration : 5, BEST: 13537 , bonus = 0.0 
    2019-08-31T21:52:45.807 , Iteration : 10, BEST: 13559 , bonus = 0.0 
fitness : 13559 
  code : >+$,![++$!*[[$,$*.!<>[$>[,>!<+[!!.$]-+]!..-]*.>$!,>!>+.-,.!-<>>+,-,+*<[--$*>>,*-  
 "test" rights --> 1yyxxwwvvuutt
** Tour n. 2 at 2019-08-31T21:52:51.979 
** Tour n. 3 at 2019-08-31T21:52:56.285 
    2019-08-31T21:53:02.391 , Iteration : 5, BEST: 13888 , bonus = 0.0 
** Tour n. 4 at 2019-08-31T21:53:09.04 
    2019-08-31T21:53:13.133 , Tour : 5, BEST: 13888 , bonus = 0.0 
** Tour n. 5 at 2019-08-31T21:53:13.133 
** Tour n. 6 at 2019-08-31T21:53:17.102 
** Tour n. 7 at 2019-08-31T21:53:21.643 
** Tour n. 8 at 2019-08-31T21:53:25.9 
** Tour n. 9 at 2019-08-31T21:53:31.279 
    2019-08-31T21:53:37.68 , Tour : 10, BEST: 13888 , bonus = 0.0 
fitness : 13888 
  code : ***+$,*[+$><[$,$*.!-<>[$>[,>!<[!!.$]-+]!...!*>>$$!,>!>>,$$+]-<>>+,,+*<[-..[><-!-  
 "test" rights --> 1xxx###fffuuu
** Tour n. 10 at 2019-08-31T21:53:37.68 
** Tour n. 11 at 2019-08-31T21:53:42.489 
** Tour n. 12 at 2019-08-31T21:53:47.565 
** Tour n. 13 at 2019-08-31T21:53:52.721 
** Tour n. 14 at 2019-08-31T21:53:59.443 
    2019-08-31T21:54:06.286 , Iteration : 5, BEST: 13898 , bonus = 0.0 
    2019-08-31T21:54:07.997 , Tour : 15, BEST: 13898 , bonus = 0.0 
** Tour n. 15 at 2019-08-31T21:54:07.997 
    2019-08-31T21:54:14.76 , Iteration : 5, BEST: 13899 , bonus = 0.0 
** Tour n. 16 at 2019-08-31T21:54:15.836 
** Tour n. 17 at 2019-08-31T21:54:19.53 
** Tour n. 18 at 2019-08-31T21:54:23.252 
** Tour n. 19 at 2019-08-31T21:54:27.381 
    2019-08-31T21:54:30.765 , Tour : 20, BEST: 13899 , bonus = 0.0 
fitness : 13899 
  code : ***+$,*[+$><[$,$*.**!<>[>[,>!<[!!>$]-+]!..<+++.$*>$!,>!>>,$$+]-<>>+,,+*<[-..[><-  
 "steady" working --> !ooreei""&ttxaae
** Tour n. 20 at 2019-08-31T21:54:30.765 
** Tour n. 21 at 2019-08-31T21:54:34.225 
** Tour n. 22 at 2019-08-31T21:54:37.683 
** Tour n. 23 at 2019-08-31T21:54:40.758 
** Tour n. 24 at 2019-08-31T21:54:44.384 
    2019-08-31T21:54:48.022 , Tour : 25, BEST: 13899 , bonus = 0.0 
** Tour n. 25 at 2019-08-31T21:54:48.022 
** Tour n. 26 at 2019-08-31T21:54:51.331 
** Tour n. 27 at 2019-08-31T21:54:55.62 
** Tour n. 28 at 2019-08-31T21:54:58.927 
** Tour n. 29 at 2019-08-31T21:55:02.068 
    2019-08-31T21:55:05.921 , Tour : 30, BEST: 13899 , bonus = 0.0 
fitness : 13899 
  code : ***+$,*[+$><[$,$*.**!<>[>[,>!<[!!>$]-+]!..<+++.$*>$!,>!>>,$$+]-<>>+,,+*<[-..[><-  
 "steady" working --> !ooreei""&ttxaae
** Tour n. 30 at 2019-08-31T21:55:05.921 
** Tour n. 31 at 2019-08-31T21:55:10.028 
** Tour n. 32 at 2019-08-31T21:55:13.412 
** Tour n. 33 at 2019-08-31T21:55:16.579 
** Tour n. 34 at 2019-08-31T21:55:21.617 
    2019-08-31T21:55:25.623 , Tour : 35, BEST: 13899 , bonus = 0.0 
** Tour n. 35 at 2019-08-31T21:55:25.623 
** Tour n. 36 at 2019-08-31T21:55:29.171 
** Tour n. 37 at 2019-08-31T21:55:32.65 
** Tour n. 38 at 2019-08-31T21:55:35.907 
** Tour n. 39 at 2019-08-31T21:55:38.937 
    2019-08-31T21:55:42.854 , Tour : 40, BEST: 13899 , bonus = 0.0 
fitness : 13899 
  code : ***+$,*[+$><[$,$*.**!<>[>[,>!<[!!>$]-+]!..<+++.$*>$!,>!>>,$$+]-<>>+,,+*<[-..[><-  
 "test" rights --> 1yy|""&eeittx
** Tour n. 40 at 2019-08-31T21:55:42.854 
** Tour n. 41 at 2019-08-31T21:55:45.811 
** Tour n. 42 at 2019-08-31T21:55:48.745 
** Tour n. 43 at 2019-08-31T21:55:52.313 
** Tour n. 44 at 2019-08-31T21:55:56.143 
    2019-08-31T21:55:59.384 , Tour : 45, BEST: 13899 , bonus = 0.0 
** Tour n. 45 at 2019-08-31T21:55:59.384 
** Tour n. 46 at 2019-08-31T21:56:02.17 
** Tour n. 47 at 2019-08-31T21:56:05.834 
** Tour n. 48 at 2019-08-31T21:56:09.349 
** Tour n. 49 at 2019-08-31T21:56:13.664 
    2019-08-31T21:56:16.347 , Tour : 50, BEST: 13899 , bonus = 0.0 
fitness : 13899 
  code : ***+$,*[+$><[$,$*.**!<>[>[,>!<[!!>$]-+]!..<+++.$*>$!,>!>>,$$+]-<>>+,,+*<[-..[><-  
 "steady" working --> !ooreei""&ttxaae
** Tour n. 50 at 2019-08-31T21:56:16.347 
** Tour n. 51 at 2019-08-31T21:56:19.6 
** Tour n. 52 at 2019-08-31T21:56:23.686 
** Tour n. 53 at 2019-08-31T21:56:26.849 
** Tour n. 54 at 2019-08-31T21:56:30.697 
    2019-08-31T21:56:35.055 , Tour : 55, BEST: 13899 , bonus = 0.0 
** Tour n. 55 at 2019-08-31T21:56:35.055 
** Tour n. 56 at 2019-08-31T21:56:38.445 
** Tour n. 57 at 2019-08-31T21:56:42.35 
** Tour n. 58 at 2019-08-31T21:56:46.801 
** Tour n. 59 at 2019-08-31T21:56:50.556 
    2019-08-31T21:56:55.037 , Tour : 60, BEST: 13899 , bonus = 0.0 
fitness : 13899 
  code : ***+$,*[+$><[$,$*.**!<>[>[,>!<[!!>$]-+]!..<+++.$*>$!,>!>>,$$+]-<>>+,,+*<[-..[><-  
 "foresting" bat --> !oorpptnnr  $ff
** Tour n. 60 at 2019-08-31T21:56:55.037 
** Tour n. 61 at 2019-08-31T21:56:59.035 
** Tour n. 62 at 2019-08-31T21:57:02.375 
** Tour n. 63 at 2019-08-31T21:57:06.489 
** Tour n. 64 at 2019-08-31T21:57:09.335 
    2019-08-31T21:57:13.354 , Tour : 65, BEST: 13899 , bonus = 0.0 
** Tour n. 65 at 2019-08-31T21:57:13.354 
** Tour n. 66 at 2019-08-31T21:57:17.354 
** Tour n. 67 at 2019-08-31T21:57:21.484 
** Tour n. 68 at 2019-08-31T21:57:26.235 
** Tour n. 69 at 2019-08-31T21:57:29.104 
    2019-08-31T21:57:33.939 , Tour : 70, BEST: 13899 , bonus = 0.0 
fitness : 13899 
  code : ***+$,*[+$><[$,$*.**!<>[>[,>!<[!!>$]-+]!..<+++.$*>$!,>!>>,$$+]-<>>+,,+*<[-..[><-  
 "foresting" bat --> !oorpptnnr  $ff
** Tour n. 70 at 2019-08-31T21:57:33.939 
** Tour n. 71 at 2019-08-31T21:57:40.031 
** Tour n. 72 at 2019-08-31T21:57:43.921 
** Tour n. 73 at 2019-08-31T21:57:49.338 
** Tour n. 74 at 2019-08-31T21:57:54.61 
    2019-08-31T21:57:59.594 , Tour : 75, BEST: 13899 , bonus = 0.0 
** Tour n. 75 at 2019-08-31T21:57:59.594 
** Tour n. 76 at 2019-08-31T21:58:04.556 
** Tour n. 77 at 2019-08-31T21:58:10.309 
** Tour n. 78 at 2019-08-31T21:58:14.635 
** Tour n. 79 at 2019-08-31T21:58:19.373 
    2019-08-31T21:58:23.764 , Tour : 80, BEST: 13899 , bonus = 0.0 
fitness : 13899 
  code : ***+$,*[+$><[$,$*.**!<>[>[,>!<[!!>$]-+]!..<+++.$*>$!,>!>>,$$+]-<>>+,,+*<[-..[><-  
 "steady" working --> !ooreei""&ttxaae
** Tour n. 80 at 2019-08-31T21:58:23.764 
** Tour n. 81 at 2019-08-31T21:58:29.018 
** Tour n. 82 at 2019-08-31T21:58:33.7 
** Tour n. 83 at 2019-08-31T21:58:38.501 
** Tour n. 84 at 2019-08-31T21:58:43.249 
    2019-08-31T21:58:47.657 , Tour : 85, BEST: 13899 , bonus = 0.0 
** Tour n. 85 at 2019-08-31T21:58:47.657 
** Tour n. 86 at 2019-08-31T21:58:52.157 
** Tour n. 87 at 2019-08-31T21:58:57.45 
** Tour n. 88 at 2019-08-31T21:59:01.438 
** Tour n. 89 at 2019-08-31T21:59:06.185 
    2019-08-31T21:59:11.007 , Tour : 90, BEST: 13899 , bonus = 0.0 
fitness : 13899 
  code : ***+$,*[+$><[$,$*.**!<>[>[,>!<[!!>$]-+]!..<+++.$*>$!,>!>>,$$+]-<>>+,,+*<[-..[><-  
 "test" rights --> 1yy|""&eeittx
** Tour n. 90 at 2019-08-31T21:59:11.007 
** Tour n. 91 at 2019-08-31T21:59:15.74 
** Tour n. 92 at 2019-08-31T21:59:19.595 
** Tour n. 93 at 2019-08-31T21:59:24.569 
** Tour n. 94 at 2019-08-31T21:59:30.52 
    2019-08-31T21:59:35.306 , Tour : 95, BEST: 13899 , bonus = 0.0 
** Tour n. 95 at 2019-08-31T21:59:35.306 
** Tour n. 96 at 2019-08-31T21:59:40.935 
** Tour n. 97 at 2019-08-31T21:59:45.449 
** Tour n. 98 at 2019-08-31T21:59:50.915 
** Tour n. 99 at 2019-08-31T21:59:55.993 
    2019-08-31T22:00:02.431 , Tour : 100, BEST: 13899 , bonus = 0.0 
fitness : 13899 
  code : ***+$,*[+$><[$,$*.**!<>[>[,>!<[!!>$]-+]!..<+++.$*>$!,>!>>,$$+]-<>>+,,+*<[-..[><-  
 "inside" over --> lloccg  $iim
** Tour n. 100 at 2019-08-31T22:00:02.431 
** Tour n. 101 at 2019-08-31T22:00:07.793 
** Tour n. 102 at 2019-08-31T22:00:13.702 
** Tour n. 103 at 2019-08-31T22:00:18.009 
** Tour n. 104 at 2019-08-31T22:00:22.59 
