targetFitness = 1024 
params : Main.GeneticAlgorithms.Types.GAParams(136, 1000000, 150, 150, 0.7, 0.01, true, IOStream(<file ../Results/logTimesThree.log>), 0.0, 1024.0, 0, 0) 
** Tour n. 1 at 2019-09-02T10:47:44.357 
    2019-09-02T10:47:50.354 , Iteration : 5, BEST: 990 , bonus = 243.0 
    2019-09-02T10:47:54.92 , Iteration : 10, BEST: 1000 , bonus = 0.0 
fitness : 1000 
 code : -,+++[++$+>*,$*<+++.$.-]*[,-*.[----+$+$,,$[+.,,,>+.].[,!>.+><]-$*.[,*<$<>$+[-[->$-<]>*[+.+<->[<$..<<-..>.!!!,!*,,>.!*[,$<.,*!!-$.+<.$!!+],$[-,*-!++$*, 
 13 * 3 ->  22 
 6 * 3 ->  15 
 13 * 3 ->  22 
** Tour n. 2 at 2019-09-02T10:47:57.775 
** Tour n. 3 at 2019-09-02T10:48:00.116 
** Tour n. 4 at 2019-09-02T10:48:02.745 
    2019-09-02T10:48:05.34 , Tour : 5, BEST: 1000 , bonus = 0.0 
** Tour n. 5 at 2019-09-02T10:48:05.34 
** Tour n. 6 at 2019-09-02T10:48:07.331 
** Tour n. 7 at 2019-09-02T10:48:09.011 
fitness : 1024 
 code : +$++$,*.!+$-!,-!*,*<.+.$.-.+[.+[-[----+*$*..!,!,-]!>+.].[,!>+>,*[>+***,!.<>$+[-[<]>*[+*<-$.<<>[<+,][*><*!!]+<,!*,,*-.--.><.,*!!,<<*$,$$*+<,$[-,*-!++$* 
 15 * 3 ->  45 
 14 * 3 ->  42 
 9 * 3 ->  27 
fitness 1024 
dna : [0.19935, 0.729606, 0.214945, 0.18628, 0.742495, 0.494519, 0.913859, 0.398713, 0.903677, 0.197763, 0.761441, 0.283243, 0.893672, 0.499664, 0.332133, 0.879393, 0.938949, 0.471435, 0.946388, 0.0815088, 0.377211, 0.24868, 0.426395, 0.76416, 0.415173, 0.33818, 0.447712, 0.194607, 0.603782, 0.4223, 0.193097, 0.568012, 0.287414, 0.606368, 0.328925, 0.328925, 0.328925, 0.328925, 0.240482, 0.939804, 0.735839, 0.961249, 0.421745, 0.381587, 0.899867, 0.473439, 0.888335, 0.461937, 0.337707, 0.675566, 0.896819, 0.135398, 0.191908, 0.411108, 0.63862, 0.43476, 0.606853, 0.534277, 0.834861, 0.111781, 0.260773, 0.152143, 0.523515, 0.922613, 0.577678, 0.151003, 0.260789, 0.975707, 0.92358, 0.936885, 0.498119, 0.899226, 0.374823, 0.0795896, 0.164502, 0.727506, 0.230304, 0.559285, 0.338626, 0.559285, 0.0636448, 0.665676, 0.141337, 0.966109, 0.636202, 0.209642, 0.924777, 0.00512313, 0.313196, 0.808859, 0.428478, 0.0504998, 0.0454811, 0.103383, 0.588226, 0.0726988, 0.191727, 0.473051, 0.720507, 0.574975, 0.999342, 0.10892, 0.0516482, 0.943079, 0.854748, 0.885929, 0.64168, 0.243428, 0.00375311, 0.503426, 0.859113, 0.960938, 0.471127, 0.471127, 0.944455, 0.287026, 0.400505, 0.355035, 0.337896, 0.400926, 0.155199, 0.088932, 0.419314, 0.544472, 0.926899, 0.898023, 0.850667, 0.512353, 0.0138588, 0.038551, 0.916052, 0.804594, 0.525728, 0.738283, 0.7383, 0.967581, 0.255314, 0.0305486, 0.535947, 0.790237, 0.622956, 0.342747, 0.52922, 0.911298, 0.336878, 0.907283, 0.266443, 0.266443, 0.802339, 0.943974] 
